[2023-11-08T14:32:39.136+0000] {taskinstance.py:1159} INFO - Dependencies all met for dep_context=non-requeueable deps ti=<TaskInstance: sql_hook_to_s3.load_data_from_pg_to_s3 scheduled__2023-11-08T07:00:00+00:00 [queued]>
[2023-11-08T14:32:39.151+0000] {taskinstance.py:1159} INFO - Dependencies all met for dep_context=requeueable deps ti=<TaskInstance: sql_hook_to_s3.load_data_from_pg_to_s3 scheduled__2023-11-08T07:00:00+00:00 [queued]>
[2023-11-08T14:32:39.152+0000] {taskinstance.py:1361} INFO - Starting attempt 1 of 6
[2023-11-08T14:32:39.289+0000] {taskinstance.py:1382} INFO - Executing <Task(PythonOperator): load_data_from_pg_to_s3> on 2023-11-08 07:00:00+00:00
[2023-11-08T14:32:39.296+0000] {standard_task_runner.py:57} INFO - Started process 295 to run task
[2023-11-08T14:32:39.302+0000] {standard_task_runner.py:84} INFO - Running: ['***', 'tasks', 'run', 'sql_hook_to_s3', 'load_data_from_pg_to_s3', 'scheduled__2023-11-08T07:00:00+00:00', '--job-id', '93', '--raw', '--subdir', 'DAGS_FOLDER/sql_hook_to_s3_dag.py', '--cfg-path', '/tmp/tmp2yqg0dag']
[2023-11-08T14:32:39.307+0000] {standard_task_runner.py:85} INFO - Job 93: Subtask load_data_from_pg_to_s3
[2023-11-08T14:32:39.386+0000] {task_command.py:416} INFO - Running <TaskInstance: sql_hook_to_s3.load_data_from_pg_to_s3 scheduled__2023-11-08T07:00:00+00:00 [running]> on host 5cb9101badf1
[2023-11-08T14:32:39.544+0000] {taskinstance.py:1662} INFO - Exporting env vars: AIRFLOW_CTX_DAG_EMAIL='safarnejad.ho@gmail.com' AIRFLOW_CTX_DAG_OWNER='safarnejad' AIRFLOW_CTX_DAG_ID='sql_hook_to_s3' AIRFLOW_CTX_TASK_ID='load_data_from_pg_to_s3' AIRFLOW_CTX_EXECUTION_DATE='2023-11-08T07:00:00+00:00' AIRFLOW_CTX_TRY_NUMBER='1' AIRFLOW_CTX_DAG_RUN_ID='scheduled__2023-11-08T07:00:00+00:00'
[2023-11-08T14:32:39.562+0000] {base.py:73} INFO - Using connection ID 'orders-pg-conn' for task execution.
[2023-11-08T14:32:39.573+0000] {taskinstance.py:1937} ERROR - Task failed with exception
Traceback (most recent call last):
  File "/home/airflow/.local/lib/python3.8/site-packages/airflow/operators/python.py", line 192, in execute
    return_value = self.execute_callable()
  File "/home/airflow/.local/lib/python3.8/site-packages/airflow/operators/python.py", line 209, in execute_callable
    return self.python_callable(*self.op_args, **self.op_kwargs)
  File "/opt/airflow/dags/sql_hook_to_s3_dag.py", line 24, in load_data_to_file
    cursor = hook.get_conn().cursor()
  File "/home/airflow/.local/lib/python3.8/site-packages/airflow/providers/postgres/hooks/postgres.py", line 155, in get_conn
    self.conn = psycopg2.connect(**conn_args)
  File "/home/airflow/.local/lib/python3.8/site-packages/psycopg2/__init__.py", line 122, in connect
    conn = _connect(dsn, connection_factory=connection_factory, **kwasync)
psycopg2.OperationalError: could not translate host name "host.docker.internals" to address: Name or service not known

[2023-11-08T14:32:39.588+0000] {taskinstance.py:1400} INFO - Marking task as UP_FOR_RETRY. dag_id=sql_hook_to_s3, task_id=load_data_from_pg_to_s3, execution_date=20231108T070000, start_date=20231108T143239, end_date=20231108T143239
[2023-11-08T14:32:39.605+0000] {standard_task_runner.py:104} ERROR - Failed to execute job 93 for task load_data_from_pg_to_s3 (could not translate host name "host.docker.internals" to address: Name or service not known
; 295)
[2023-11-08T14:32:39.636+0000] {local_task_job_runner.py:228} INFO - Task exited with return code 1
[2023-11-08T14:32:39.662+0000] {taskinstance.py:2778} INFO - 0 downstream tasks scheduled from follow-on schedule check
