[2023-11-06T12:08:09.437+0000] {taskinstance.py:1159} INFO - Dependencies all met for dep_context=non-requeueable deps ti=<TaskInstance: catchup_and_backfill_dag.task_a scheduled__2023-11-03T00:00:00+00:00 [queued]>
[2023-11-06T12:08:09.458+0000] {taskinstance.py:1159} INFO - Dependencies all met for dep_context=requeueable deps ti=<TaskInstance: catchup_and_backfill_dag.task_a scheduled__2023-11-03T00:00:00+00:00 [queued]>
[2023-11-06T12:08:09.460+0000] {taskinstance.py:1361} INFO - Starting attempt 1 of 2
[2023-11-06T12:08:09.499+0000] {taskinstance.py:1382} INFO - Executing <Task(BashOperator): task_a> on 2023-11-03 00:00:00+00:00
[2023-11-06T12:08:09.506+0000] {standard_task_runner.py:57} INFO - Started process 1053 to run task
[2023-11-06T12:08:09.512+0000] {standard_task_runner.py:84} INFO - Running: ['***', 'tasks', 'run', 'catchup_and_backfill_dag', 'task_a', 'scheduled__2023-11-03T00:00:00+00:00', '--job-id', '124', '--raw', '--subdir', 'DAGS_FOLDER/catchup_and_backfill_dag.py', '--cfg-path', '/tmp/tmp6y0n5oii']
[2023-11-06T12:08:09.519+0000] {standard_task_runner.py:85} INFO - Job 124: Subtask task_a
[2023-11-06T12:08:09.620+0000] {task_command.py:416} INFO - Running <TaskInstance: catchup_and_backfill_dag.task_a scheduled__2023-11-03T00:00:00+00:00 [running]> on host cf1baac588aa
[2023-11-06T12:08:09.763+0000] {taskinstance.py:1662} INFO - Exporting env vars: AIRFLOW_CTX_DAG_OWNER='safarnejad' AIRFLOW_CTX_DAG_ID='catchup_and_backfill_dag' AIRFLOW_CTX_TASK_ID='task_a' AIRFLOW_CTX_EXECUTION_DATE='2023-11-03T00:00:00+00:00' AIRFLOW_CTX_TRY_NUMBER='1' AIRFLOW_CTX_DAG_RUN_ID='scheduled__2023-11-03T00:00:00+00:00'
[2023-11-06T12:08:09.766+0000] {subprocess.py:63} INFO - Tmp dir root location: /tmp
[2023-11-06T12:08:09.767+0000] {subprocess.py:75} INFO - Running command: ['/bin/bash', '-c', 'echo Hello World :)']
[2023-11-06T12:08:09.781+0000] {subprocess.py:86} INFO - Output:
[2023-11-06T12:08:09.784+0000] {subprocess.py:93} INFO - /bin/bash: -c: line 1: syntax error near unexpected token `)'
[2023-11-06T12:08:09.786+0000] {subprocess.py:93} INFO - /bin/bash: -c: line 1: `echo Hello World :)'
[2023-11-06T12:08:09.788+0000] {subprocess.py:97} INFO - Command exited with return code 2
[2023-11-06T12:08:09.815+0000] {taskinstance.py:1937} ERROR - Task failed with exception
Traceback (most recent call last):
  File "/home/airflow/.local/lib/python3.8/site-packages/airflow/operators/bash.py", line 210, in execute
    raise AirflowException(
airflow.exceptions.AirflowException: Bash command failed. The command returned a non-zero exit code 2.
[2023-11-06T12:08:09.823+0000] {taskinstance.py:1400} INFO - Marking task as UP_FOR_RETRY. dag_id=catchup_and_backfill_dag, task_id=task_a, execution_date=20231103T000000, start_date=20231106T120809, end_date=20231106T120809
[2023-11-06T12:08:09.854+0000] {standard_task_runner.py:104} ERROR - Failed to execute job 124 for task task_a (Bash command failed. The command returned a non-zero exit code 2.; 1053)
[2023-11-06T12:08:09.888+0000] {local_task_job_runner.py:228} INFO - Task exited with return code 1
[2023-11-06T12:08:09.924+0000] {taskinstance.py:2778} INFO - 0 downstream tasks scheduled from follow-on schedule check
[2023-11-06T12:19:13.115+0000] {taskinstance.py:1159} INFO - Dependencies all met for dep_context=non-requeueable deps ti=<TaskInstance: catchup_and_backfill_dag.task_a scheduled__2023-11-03T00:00:00+00:00 [queued]>
[2023-11-06T12:19:13.139+0000] {taskinstance.py:1159} INFO - Dependencies all met for dep_context=requeueable deps ti=<TaskInstance: catchup_and_backfill_dag.task_a scheduled__2023-11-03T00:00:00+00:00 [queued]>
[2023-11-06T12:19:13.141+0000] {taskinstance.py:1361} INFO - Starting attempt 1 of 2
[2023-11-06T12:19:13.191+0000] {taskinstance.py:1382} INFO - Executing <Task(BashOperator): task_a> on 2023-11-03 00:00:00+00:00
[2023-11-06T12:19:13.200+0000] {standard_task_runner.py:57} INFO - Started process 2106 to run task
[2023-11-06T12:19:13.210+0000] {standard_task_runner.py:84} INFO - Running: ['***', 'tasks', 'run', 'catchup_and_backfill_dag', 'task_a', 'scheduled__2023-11-03T00:00:00+00:00', '--job-id', '180', '--raw', '--subdir', 'DAGS_FOLDER/catchup_and_backfill_dag.py', '--cfg-path', '/tmp/tmpgsi4c3nm']
[2023-11-06T12:19:13.216+0000] {standard_task_runner.py:85} INFO - Job 180: Subtask task_a
[2023-11-06T12:19:13.330+0000] {task_command.py:416} INFO - Running <TaskInstance: catchup_and_backfill_dag.task_a scheduled__2023-11-03T00:00:00+00:00 [running]> on host cf1baac588aa
[2023-11-06T12:19:13.510+0000] {taskinstance.py:1662} INFO - Exporting env vars: AIRFLOW_CTX_DAG_OWNER='safarnejad' AIRFLOW_CTX_DAG_ID='catchup_and_backfill_dag' AIRFLOW_CTX_TASK_ID='task_a' AIRFLOW_CTX_EXECUTION_DATE='2023-11-03T00:00:00+00:00' AIRFLOW_CTX_TRY_NUMBER='1' AIRFLOW_CTX_DAG_RUN_ID='scheduled__2023-11-03T00:00:00+00:00'
[2023-11-06T12:19:13.512+0000] {subprocess.py:63} INFO - Tmp dir root location: /tmp
[2023-11-06T12:19:13.514+0000] {subprocess.py:75} INFO - Running command: ['/bin/bash', '-c', 'echo Hello World.']
[2023-11-06T12:19:13.529+0000] {subprocess.py:86} INFO - Output:
[2023-11-06T12:19:13.531+0000] {subprocess.py:93} INFO - Hello World.
[2023-11-06T12:19:13.532+0000] {subprocess.py:97} INFO - Command exited with return code 0
[2023-11-06T12:19:13.583+0000] {taskinstance.py:1400} INFO - Marking task as SUCCESS. dag_id=catchup_and_backfill_dag, task_id=task_a, execution_date=20231103T000000, start_date=20231106T121913, end_date=20231106T121913
[2023-11-06T12:19:13.630+0000] {local_task_job_runner.py:228} INFO - Task exited with return code 0
[2023-11-06T12:19:13.658+0000] {taskinstance.py:2778} INFO - 0 downstream tasks scheduled from follow-on schedule check
