[2023-11-06T12:50:46.094+0000] {taskinstance.py:1159} INFO - Dependencies all met for dep_context=non-requeueable deps ti=<TaskInstance: cron_expression_dag.task_a scheduled__2023-11-06T12:47:00+00:00 [queued]>
[2023-11-06T12:50:46.127+0000] {taskinstance.py:1159} INFO - Dependencies all met for dep_context=requeueable deps ti=<TaskInstance: cron_expression_dag.task_a scheduled__2023-11-06T12:47:00+00:00 [queued]>
[2023-11-06T12:50:46.128+0000] {taskinstance.py:1361} INFO - Starting attempt 1 of 2
[2023-11-06T12:50:46.158+0000] {taskinstance.py:1382} INFO - Executing <Task(BashOperator): task_a> on 2023-11-06 12:47:00+00:00
[2023-11-06T12:50:46.168+0000] {standard_task_runner.py:57} INFO - Started process 4358 to run task
[2023-11-06T12:50:46.175+0000] {standard_task_runner.py:84} INFO - Running: ['***', 'tasks', 'run', 'cron_expression_dag', 'task_a', 'scheduled__2023-11-06T12:47:00+00:00', '--job-id', '225', '--raw', '--subdir', 'DAGS_FOLDER/cron_expression_dag.py', '--cfg-path', '/tmp/tmp_15emuin']
[2023-11-06T12:50:46.187+0000] {standard_task_runner.py:85} INFO - Job 225: Subtask task_a
[2023-11-06T12:50:46.289+0000] {task_command.py:416} INFO - Running <TaskInstance: cron_expression_dag.task_a scheduled__2023-11-06T12:47:00+00:00 [running]> on host cf1baac588aa
[2023-11-06T12:50:46.482+0000] {taskinstance.py:1662} INFO - Exporting env vars: AIRFLOW_CTX_DAG_OWNER='safarnejad' AIRFLOW_CTX_DAG_ID='cron_expression_dag' AIRFLOW_CTX_TASK_ID='task_a' AIRFLOW_CTX_EXECUTION_DATE='2023-11-06T12:47:00+00:00' AIRFLOW_CTX_TRY_NUMBER='1' AIRFLOW_CTX_DAG_RUN_ID='scheduled__2023-11-06T12:47:00+00:00'
[2023-11-06T12:50:46.487+0000] {subprocess.py:63} INFO - Tmp dir root location: /tmp
[2023-11-06T12:50:46.490+0000] {subprocess.py:75} INFO - Running command: ['/bin/bash', '-c', 'echo Hello!']
[2023-11-06T12:50:46.524+0000] {subprocess.py:86} INFO - Output:
[2023-11-06T12:50:46.529+0000] {subprocess.py:93} INFO - Hello!
[2023-11-06T12:50:46.531+0000] {subprocess.py:97} INFO - Command exited with return code 0
[2023-11-06T12:50:46.598+0000] {taskinstance.py:1400} INFO - Marking task as SUCCESS. dag_id=cron_expression_dag, task_id=task_a, execution_date=20231106T124700, start_date=20231106T125046, end_date=20231106T125046
[2023-11-06T12:50:46.637+0000] {local_task_job_runner.py:228} INFO - Task exited with return code 0
[2023-11-06T12:50:46.670+0000] {taskinstance.py:2778} INFO - 0 downstream tasks scheduled from follow-on schedule check
[2023-11-06T12:52:40.663+0000] {taskinstance.py:1159} INFO - Dependencies all met for dep_context=non-requeueable deps ti=<TaskInstance: cron_expression_dag.task_a scheduled__2023-11-06T12:47:00+00:00 [queued]>
[2023-11-06T12:52:40.687+0000] {taskinstance.py:1159} INFO - Dependencies all met for dep_context=requeueable deps ti=<TaskInstance: cron_expression_dag.task_a scheduled__2023-11-06T12:47:00+00:00 [queued]>
[2023-11-06T12:52:40.688+0000] {taskinstance.py:1361} INFO - Starting attempt 1 of 2
[2023-11-06T12:52:40.725+0000] {taskinstance.py:1382} INFO - Executing <Task(BashOperator): task_a> on 2023-11-06 12:47:00+00:00
[2023-11-06T12:52:40.738+0000] {standard_task_runner.py:57} INFO - Started process 4798 to run task
[2023-11-06T12:52:40.785+0000] {standard_task_runner.py:84} INFO - Running: ['***', 'tasks', 'run', 'cron_expression_dag', 'task_a', 'scheduled__2023-11-06T12:47:00+00:00', '--job-id', '336', '--raw', '--subdir', 'DAGS_FOLDER/cron_expression_dag.py', '--cfg-path', '/tmp/tmpaeomndqi']
[2023-11-06T12:52:40.791+0000] {standard_task_runner.py:85} INFO - Job 336: Subtask task_a
[2023-11-06T12:52:40.917+0000] {task_command.py:416} INFO - Running <TaskInstance: cron_expression_dag.task_a scheduled__2023-11-06T12:47:00+00:00 [running]> on host cf1baac588aa
[2023-11-06T12:52:41.115+0000] {taskinstance.py:1662} INFO - Exporting env vars: AIRFLOW_CTX_DAG_OWNER='safarnejad' AIRFLOW_CTX_DAG_ID='cron_expression_dag' AIRFLOW_CTX_TASK_ID='task_a' AIRFLOW_CTX_EXECUTION_DATE='2023-11-06T12:47:00+00:00' AIRFLOW_CTX_TRY_NUMBER='1' AIRFLOW_CTX_DAG_RUN_ID='scheduled__2023-11-06T12:47:00+00:00'
[2023-11-06T12:52:41.124+0000] {subprocess.py:63} INFO - Tmp dir root location: /tmp
[2023-11-06T12:52:41.127+0000] {subprocess.py:75} INFO - Running command: ['/bin/bash', '-c', 'echo Hello!']
[2023-11-06T12:52:41.145+0000] {subprocess.py:86} INFO - Output:
[2023-11-06T12:52:41.147+0000] {subprocess.py:93} INFO - Hello!
[2023-11-06T12:52:41.149+0000] {subprocess.py:97} INFO - Command exited with return code 0
[2023-11-06T12:52:41.211+0000] {taskinstance.py:1400} INFO - Marking task as SUCCESS. dag_id=cron_expression_dag, task_id=task_a, execution_date=20231106T124700, start_date=20231106T125240, end_date=20231106T125241
[2023-11-06T12:52:41.267+0000] {local_task_job_runner.py:228} INFO - Task exited with return code 0
[2023-11-06T12:52:41.298+0000] {taskinstance.py:2778} INFO - 0 downstream tasks scheduled from follow-on schedule check
