[2023-11-06T12:50:46.323+0000] {taskinstance.py:1159} INFO - Dependencies all met for dep_context=non-requeueable deps ti=<TaskInstance: cron_expression_dag.task_a scheduled__2023-11-06T12:49:00+00:00 [queued]>
[2023-11-06T12:50:46.341+0000] {taskinstance.py:1159} INFO - Dependencies all met for dep_context=requeueable deps ti=<TaskInstance: cron_expression_dag.task_a scheduled__2023-11-06T12:49:00+00:00 [queued]>
[2023-11-06T12:50:46.342+0000] {taskinstance.py:1361} INFO - Starting attempt 1 of 2
[2023-11-06T12:50:46.369+0000] {taskinstance.py:1382} INFO - Executing <Task(BashOperator): task_a> on 2023-11-06 12:49:00+00:00
[2023-11-06T12:50:46.377+0000] {standard_task_runner.py:57} INFO - Started process 4361 to run task
[2023-11-06T12:50:46.383+0000] {standard_task_runner.py:84} INFO - Running: ['***', 'tasks', 'run', 'cron_expression_dag', 'task_a', 'scheduled__2023-11-06T12:49:00+00:00', '--job-id', '227', '--raw', '--subdir', 'DAGS_FOLDER/cron_expression_dag.py', '--cfg-path', '/tmp/tmpolk6vg9i']
[2023-11-06T12:50:46.394+0000] {standard_task_runner.py:85} INFO - Job 227: Subtask task_a
[2023-11-06T12:50:46.523+0000] {task_command.py:416} INFO - Running <TaskInstance: cron_expression_dag.task_a scheduled__2023-11-06T12:49:00+00:00 [running]> on host cf1baac588aa
[2023-11-06T12:50:46.710+0000] {taskinstance.py:1662} INFO - Exporting env vars: AIRFLOW_CTX_DAG_OWNER='safarnejad' AIRFLOW_CTX_DAG_ID='cron_expression_dag' AIRFLOW_CTX_TASK_ID='task_a' AIRFLOW_CTX_EXECUTION_DATE='2023-11-06T12:49:00+00:00' AIRFLOW_CTX_TRY_NUMBER='1' AIRFLOW_CTX_DAG_RUN_ID='scheduled__2023-11-06T12:49:00+00:00'
[2023-11-06T12:50:46.713+0000] {subprocess.py:63} INFO - Tmp dir root location: /tmp
[2023-11-06T12:50:46.714+0000] {subprocess.py:75} INFO - Running command: ['/bin/bash', '-c', 'echo Hello!']
[2023-11-06T12:50:46.725+0000] {subprocess.py:86} INFO - Output:
[2023-11-06T12:50:46.727+0000] {subprocess.py:93} INFO - Hello!
[2023-11-06T12:50:46.728+0000] {subprocess.py:97} INFO - Command exited with return code 0
[2023-11-06T12:50:46.767+0000] {taskinstance.py:1400} INFO - Marking task as SUCCESS. dag_id=cron_expression_dag, task_id=task_a, execution_date=20231106T124900, start_date=20231106T125046, end_date=20231106T125046
[2023-11-06T12:50:46.809+0000] {local_task_job_runner.py:228} INFO - Task exited with return code 0
[2023-11-06T12:50:46.850+0000] {taskinstance.py:2778} INFO - 0 downstream tasks scheduled from follow-on schedule check
[2023-11-06T12:52:41.047+0000] {taskinstance.py:1159} INFO - Dependencies all met for dep_context=non-requeueable deps ti=<TaskInstance: cron_expression_dag.task_a scheduled__2023-11-06T12:49:00+00:00 [queued]>
[2023-11-06T12:52:41.066+0000] {taskinstance.py:1159} INFO - Dependencies all met for dep_context=requeueable deps ti=<TaskInstance: cron_expression_dag.task_a scheduled__2023-11-06T12:49:00+00:00 [queued]>
[2023-11-06T12:52:41.067+0000] {taskinstance.py:1361} INFO - Starting attempt 1 of 2
[2023-11-06T12:52:41.109+0000] {taskinstance.py:1382} INFO - Executing <Task(BashOperator): task_a> on 2023-11-06 12:49:00+00:00
[2023-11-06T12:52:41.122+0000] {standard_task_runner.py:57} INFO - Started process 4805 to run task
[2023-11-06T12:52:41.132+0000] {standard_task_runner.py:84} INFO - Running: ['***', 'tasks', 'run', 'cron_expression_dag', 'task_a', 'scheduled__2023-11-06T12:49:00+00:00', '--job-id', '338', '--raw', '--subdir', 'DAGS_FOLDER/cron_expression_dag.py', '--cfg-path', '/tmp/tmpanwh4v8h']
[2023-11-06T12:52:41.138+0000] {standard_task_runner.py:85} INFO - Job 338: Subtask task_a
[2023-11-06T12:52:41.254+0000] {task_command.py:416} INFO - Running <TaskInstance: cron_expression_dag.task_a scheduled__2023-11-06T12:49:00+00:00 [running]> on host cf1baac588aa
[2023-11-06T12:52:41.411+0000] {taskinstance.py:1662} INFO - Exporting env vars: AIRFLOW_CTX_DAG_OWNER='safarnejad' AIRFLOW_CTX_DAG_ID='cron_expression_dag' AIRFLOW_CTX_TASK_ID='task_a' AIRFLOW_CTX_EXECUTION_DATE='2023-11-06T12:49:00+00:00' AIRFLOW_CTX_TRY_NUMBER='1' AIRFLOW_CTX_DAG_RUN_ID='scheduled__2023-11-06T12:49:00+00:00'
[2023-11-06T12:52:41.413+0000] {subprocess.py:63} INFO - Tmp dir root location: /tmp
[2023-11-06T12:52:41.415+0000] {subprocess.py:75} INFO - Running command: ['/bin/bash', '-c', 'echo Hello!']
[2023-11-06T12:52:41.429+0000] {subprocess.py:86} INFO - Output:
[2023-11-06T12:52:41.431+0000] {subprocess.py:93} INFO - Hello!
[2023-11-06T12:52:41.433+0000] {subprocess.py:97} INFO - Command exited with return code 0
[2023-11-06T12:52:41.468+0000] {taskinstance.py:1400} INFO - Marking task as SUCCESS. dag_id=cron_expression_dag, task_id=task_a, execution_date=20231106T124900, start_date=20231106T125241, end_date=20231106T125241
[2023-11-06T12:52:41.507+0000] {local_task_job_runner.py:228} INFO - Task exited with return code 0
[2023-11-06T12:52:41.639+0000] {taskinstance.py:2778} INFO - 0 downstream tasks scheduled from follow-on schedule check
