[2023-11-06T12:03:51.208+0000] {taskinstance.py:1159} INFO - Dependencies all met for dep_context=non-requeueable deps ti=<TaskInstance: catchup_and_backfill_dag.task_a scheduled__2023-10-11T00:00:00+00:00 [queued]>
[2023-11-06T12:03:51.229+0000] {taskinstance.py:1159} INFO - Dependencies all met for dep_context=requeueable deps ti=<TaskInstance: catchup_and_backfill_dag.task_a scheduled__2023-10-11T00:00:00+00:00 [queued]>
[2023-11-06T12:03:51.230+0000] {taskinstance.py:1361} INFO - Starting attempt 1 of 2
[2023-11-06T12:03:51.342+0000] {taskinstance.py:1382} INFO - Executing <Task(BashOperator): task_a> on 2023-10-11 00:00:00+00:00
[2023-11-06T12:03:51.349+0000] {standard_task_runner.py:57} INFO - Started process 658 to run task
[2023-11-06T12:03:51.357+0000] {standard_task_runner.py:84} INFO - Running: ['***', 'tasks', 'run', 'catchup_and_backfill_dag', 'task_a', 'scheduled__2023-10-11T00:00:00+00:00', '--job-id', '69', '--raw', '--subdir', 'DAGS_FOLDER/catchup_and_backfill_dag.py', '--cfg-path', '/tmp/tmp8y30g5px']
[2023-11-06T12:03:51.365+0000] {standard_task_runner.py:85} INFO - Job 69: Subtask task_a
[2023-11-06T12:03:51.485+0000] {task_command.py:416} INFO - Running <TaskInstance: catchup_and_backfill_dag.task_a scheduled__2023-10-11T00:00:00+00:00 [running]> on host cf1baac588aa
[2023-11-06T12:03:51.619+0000] {taskinstance.py:1662} INFO - Exporting env vars: AIRFLOW_CTX_DAG_OWNER='safarnejad' AIRFLOW_CTX_DAG_ID='catchup_and_backfill_dag' AIRFLOW_CTX_TASK_ID='task_a' AIRFLOW_CTX_EXECUTION_DATE='2023-10-11T00:00:00+00:00' AIRFLOW_CTX_TRY_NUMBER='1' AIRFLOW_CTX_DAG_RUN_ID='scheduled__2023-10-11T00:00:00+00:00'
[2023-11-06T12:03:51.621+0000] {subprocess.py:63} INFO - Tmp dir root location: /tmp
[2023-11-06T12:03:51.622+0000] {subprocess.py:75} INFO - Running command: ['/bin/bash', '-c', 'echo Hello World :)']
[2023-11-06T12:03:51.641+0000] {subprocess.py:86} INFO - Output:
[2023-11-06T12:03:51.645+0000] {subprocess.py:93} INFO - /bin/bash: -c: line 1: syntax error near unexpected token `)'
[2023-11-06T12:03:51.646+0000] {subprocess.py:93} INFO - /bin/bash: -c: line 1: `echo Hello World :)'
[2023-11-06T12:03:51.647+0000] {subprocess.py:97} INFO - Command exited with return code 2
[2023-11-06T12:03:51.669+0000] {taskinstance.py:1937} ERROR - Task failed with exception
Traceback (most recent call last):
  File "/home/airflow/.local/lib/python3.8/site-packages/airflow/operators/bash.py", line 210, in execute
    raise AirflowException(
airflow.exceptions.AirflowException: Bash command failed. The command returned a non-zero exit code 2.
[2023-11-06T12:03:51.676+0000] {taskinstance.py:1400} INFO - Marking task as UP_FOR_RETRY. dag_id=catchup_and_backfill_dag, task_id=task_a, execution_date=20231011T000000, start_date=20231106T120351, end_date=20231106T120351
[2023-11-06T12:03:51.702+0000] {standard_task_runner.py:104} ERROR - Failed to execute job 69 for task task_a (Bash command failed. The command returned a non-zero exit code 2.; 658)
[2023-11-06T12:03:51.733+0000] {local_task_job_runner.py:228} INFO - Task exited with return code 1
[2023-11-06T12:03:51.897+0000] {taskinstance.py:2778} INFO - 0 downstream tasks scheduled from follow-on schedule check
[2023-11-06T12:17:58.273+0000] {taskinstance.py:1159} INFO - Dependencies all met for dep_context=non-requeueable deps ti=<TaskInstance: catchup_and_backfill_dag.task_a scheduled__2023-10-11T00:00:00+00:00 [queued]>
[2023-11-06T12:17:58.292+0000] {taskinstance.py:1159} INFO - Dependencies all met for dep_context=requeueable deps ti=<TaskInstance: catchup_and_backfill_dag.task_a scheduled__2023-10-11T00:00:00+00:00 [queued]>
[2023-11-06T12:17:58.293+0000] {taskinstance.py:1361} INFO - Starting attempt 1 of 2
[2023-11-06T12:17:58.371+0000] {taskinstance.py:1382} INFO - Executing <Task(BashOperator): task_a> on 2023-10-11 00:00:00+00:00
[2023-11-06T12:17:58.379+0000] {standard_task_runner.py:57} INFO - Started process 1908 to run task
[2023-11-06T12:17:58.391+0000] {standard_task_runner.py:84} INFO - Running: ['***', 'tasks', 'run', 'catchup_and_backfill_dag', 'task_a', 'scheduled__2023-10-11T00:00:00+00:00', '--job-id', '141', '--raw', '--subdir', 'DAGS_FOLDER/catchup_and_backfill_dag.py', '--cfg-path', '/tmp/tmp0e8rdr1p']
[2023-11-06T12:17:58.401+0000] {standard_task_runner.py:85} INFO - Job 141: Subtask task_a
[2023-11-06T12:17:58.511+0000] {task_command.py:416} INFO - Running <TaskInstance: catchup_and_backfill_dag.task_a scheduled__2023-10-11T00:00:00+00:00 [running]> on host cf1baac588aa
[2023-11-06T12:17:58.663+0000] {taskinstance.py:1662} INFO - Exporting env vars: AIRFLOW_CTX_DAG_OWNER='safarnejad' AIRFLOW_CTX_DAG_ID='catchup_and_backfill_dag' AIRFLOW_CTX_TASK_ID='task_a' AIRFLOW_CTX_EXECUTION_DATE='2023-10-11T00:00:00+00:00' AIRFLOW_CTX_TRY_NUMBER='1' AIRFLOW_CTX_DAG_RUN_ID='scheduled__2023-10-11T00:00:00+00:00'
[2023-11-06T12:17:58.669+0000] {subprocess.py:63} INFO - Tmp dir root location: /tmp
[2023-11-06T12:17:58.671+0000] {subprocess.py:75} INFO - Running command: ['/bin/bash', '-c', 'echo Hello World :)']
[2023-11-06T12:17:58.691+0000] {subprocess.py:86} INFO - Output:
[2023-11-06T12:17:58.701+0000] {subprocess.py:93} INFO - /bin/bash: -c: line 1: syntax error near unexpected token `)'
[2023-11-06T12:17:58.702+0000] {subprocess.py:93} INFO - /bin/bash: -c: line 1: `echo Hello World :)'
[2023-11-06T12:17:58.707+0000] {subprocess.py:97} INFO - Command exited with return code 2
[2023-11-06T12:17:58.739+0000] {taskinstance.py:1937} ERROR - Task failed with exception
Traceback (most recent call last):
  File "/home/airflow/.local/lib/python3.8/site-packages/airflow/operators/bash.py", line 210, in execute
    raise AirflowException(
airflow.exceptions.AirflowException: Bash command failed. The command returned a non-zero exit code 2.
[2023-11-06T12:17:58.785+0000] {taskinstance.py:1400} INFO - Marking task as UP_FOR_RETRY. dag_id=catchup_and_backfill_dag, task_id=task_a, execution_date=20231011T000000, start_date=20231106T121758, end_date=20231106T121758
[2023-11-06T12:17:58.830+0000] {standard_task_runner.py:104} ERROR - Failed to execute job 141 for task task_a (Bash command failed. The command returned a non-zero exit code 2.; 1908)
[2023-11-06T12:17:58.856+0000] {local_task_job_runner.py:228} INFO - Task exited with return code 1
[2023-11-06T12:17:58.918+0000] {taskinstance.py:2778} INFO - 0 downstream tasks scheduled from follow-on schedule check
[2023-11-06T12:19:02.988+0000] {taskinstance.py:1159} INFO - Dependencies all met for dep_context=non-requeueable deps ti=<TaskInstance: catchup_and_backfill_dag.task_a scheduled__2023-10-11T00:00:00+00:00 [queued]>
[2023-11-06T12:19:03.006+0000] {taskinstance.py:1159} INFO - Dependencies all met for dep_context=requeueable deps ti=<TaskInstance: catchup_and_backfill_dag.task_a scheduled__2023-10-11T00:00:00+00:00 [queued]>
[2023-11-06T12:19:03.007+0000] {taskinstance.py:1361} INFO - Starting attempt 1 of 2
[2023-11-06T12:19:03.027+0000] {taskinstance.py:1382} INFO - Executing <Task(BashOperator): task_a> on 2023-10-11 00:00:00+00:00
[2023-11-06T12:19:03.032+0000] {standard_task_runner.py:57} INFO - Started process 2022 to run task
[2023-11-06T12:19:03.037+0000] {standard_task_runner.py:84} INFO - Running: ['***', 'tasks', 'run', 'catchup_and_backfill_dag', 'task_a', 'scheduled__2023-10-11T00:00:00+00:00', '--job-id', '157', '--raw', '--subdir', 'DAGS_FOLDER/catchup_and_backfill_dag.py', '--cfg-path', '/tmp/tmpg6lv7kon']
[2023-11-06T12:19:03.045+0000] {standard_task_runner.py:85} INFO - Job 157: Subtask task_a
[2023-11-06T12:19:03.116+0000] {task_command.py:416} INFO - Running <TaskInstance: catchup_and_backfill_dag.task_a scheduled__2023-10-11T00:00:00+00:00 [running]> on host cf1baac588aa
[2023-11-06T12:19:03.254+0000] {taskinstance.py:1662} INFO - Exporting env vars: AIRFLOW_CTX_DAG_OWNER='safarnejad' AIRFLOW_CTX_DAG_ID='catchup_and_backfill_dag' AIRFLOW_CTX_TASK_ID='task_a' AIRFLOW_CTX_EXECUTION_DATE='2023-10-11T00:00:00+00:00' AIRFLOW_CTX_TRY_NUMBER='1' AIRFLOW_CTX_DAG_RUN_ID='scheduled__2023-10-11T00:00:00+00:00'
[2023-11-06T12:19:03.257+0000] {subprocess.py:63} INFO - Tmp dir root location: /tmp
[2023-11-06T12:19:03.258+0000] {subprocess.py:75} INFO - Running command: ['/bin/bash', '-c', 'echo Hello World.']
[2023-11-06T12:19:03.270+0000] {subprocess.py:86} INFO - Output:
[2023-11-06T12:19:03.273+0000] {subprocess.py:93} INFO - Hello World.
[2023-11-06T12:19:03.275+0000] {subprocess.py:97} INFO - Command exited with return code 0
[2023-11-06T12:19:03.319+0000] {taskinstance.py:1400} INFO - Marking task as SUCCESS. dag_id=catchup_and_backfill_dag, task_id=task_a, execution_date=20231011T000000, start_date=20231106T121902, end_date=20231106T121903
[2023-11-06T12:19:03.372+0000] {local_task_job_runner.py:228} INFO - Task exited with return code 0
[2023-11-06T12:19:03.414+0000] {taskinstance.py:2778} INFO - 0 downstream tasks scheduled from follow-on schedule check
