[2023-11-06T12:50:45.919+0000] {taskinstance.py:1159} INFO - Dependencies all met for dep_context=non-requeueable deps ti=<TaskInstance: cron_expression_dag.task_a scheduled__2023-11-06T12:45:00+00:00 [queued]>
[2023-11-06T12:50:45.944+0000] {taskinstance.py:1159} INFO - Dependencies all met for dep_context=requeueable deps ti=<TaskInstance: cron_expression_dag.task_a scheduled__2023-11-06T12:45:00+00:00 [queued]>
[2023-11-06T12:50:45.945+0000] {taskinstance.py:1361} INFO - Starting attempt 1 of 2
[2023-11-06T12:50:45.995+0000] {taskinstance.py:1382} INFO - Executing <Task(BashOperator): task_a> on 2023-11-06 12:45:00+00:00
[2023-11-06T12:50:46.005+0000] {standard_task_runner.py:57} INFO - Started process 4356 to run task
[2023-11-06T12:50:46.013+0000] {standard_task_runner.py:84} INFO - Running: ['***', 'tasks', 'run', 'cron_expression_dag', 'task_a', 'scheduled__2023-11-06T12:45:00+00:00', '--job-id', '223', '--raw', '--subdir', 'DAGS_FOLDER/cron_expression_dag.py', '--cfg-path', '/tmp/tmp0jree_1w']
[2023-11-06T12:50:46.019+0000] {standard_task_runner.py:85} INFO - Job 223: Subtask task_a
[2023-11-06T12:50:46.140+0000] {task_command.py:416} INFO - Running <TaskInstance: cron_expression_dag.task_a scheduled__2023-11-06T12:45:00+00:00 [running]> on host cf1baac588aa
[2023-11-06T12:50:46.322+0000] {taskinstance.py:1662} INFO - Exporting env vars: AIRFLOW_CTX_DAG_OWNER='safarnejad' AIRFLOW_CTX_DAG_ID='cron_expression_dag' AIRFLOW_CTX_TASK_ID='task_a' AIRFLOW_CTX_EXECUTION_DATE='2023-11-06T12:45:00+00:00' AIRFLOW_CTX_TRY_NUMBER='1' AIRFLOW_CTX_DAG_RUN_ID='scheduled__2023-11-06T12:45:00+00:00'
[2023-11-06T12:50:46.326+0000] {subprocess.py:63} INFO - Tmp dir root location: /tmp
[2023-11-06T12:50:46.327+0000] {subprocess.py:75} INFO - Running command: ['/bin/bash', '-c', 'echo Hello!']
[2023-11-06T12:50:46.341+0000] {subprocess.py:86} INFO - Output:
[2023-11-06T12:50:46.346+0000] {subprocess.py:93} INFO - Hello!
[2023-11-06T12:50:46.347+0000] {subprocess.py:97} INFO - Command exited with return code 0
[2023-11-06T12:50:46.399+0000] {taskinstance.py:1400} INFO - Marking task as SUCCESS. dag_id=cron_expression_dag, task_id=task_a, execution_date=20231106T124500, start_date=20231106T125045, end_date=20231106T125046
[2023-11-06T12:50:46.469+0000] {local_task_job_runner.py:228} INFO - Task exited with return code 0
[2023-11-06T12:50:46.526+0000] {taskinstance.py:2778} INFO - 0 downstream tasks scheduled from follow-on schedule check
[2023-11-06T12:52:40.360+0000] {taskinstance.py:1159} INFO - Dependencies all met for dep_context=non-requeueable deps ti=<TaskInstance: cron_expression_dag.task_a scheduled__2023-11-06T12:45:00+00:00 [queued]>
[2023-11-06T12:52:40.379+0000] {taskinstance.py:1159} INFO - Dependencies all met for dep_context=requeueable deps ti=<TaskInstance: cron_expression_dag.task_a scheduled__2023-11-06T12:45:00+00:00 [queued]>
[2023-11-06T12:52:40.380+0000] {taskinstance.py:1361} INFO - Starting attempt 1 of 2
[2023-11-06T12:52:40.412+0000] {taskinstance.py:1382} INFO - Executing <Task(BashOperator): task_a> on 2023-11-06 12:45:00+00:00
[2023-11-06T12:52:40.419+0000] {standard_task_runner.py:57} INFO - Started process 4791 to run task
[2023-11-06T12:52:40.426+0000] {standard_task_runner.py:84} INFO - Running: ['***', 'tasks', 'run', 'cron_expression_dag', 'task_a', 'scheduled__2023-11-06T12:45:00+00:00', '--job-id', '334', '--raw', '--subdir', 'DAGS_FOLDER/cron_expression_dag.py', '--cfg-path', '/tmp/tmpe0ir0b6p']
[2023-11-06T12:52:40.431+0000] {standard_task_runner.py:85} INFO - Job 334: Subtask task_a
[2023-11-06T12:52:40.537+0000] {task_command.py:416} INFO - Running <TaskInstance: cron_expression_dag.task_a scheduled__2023-11-06T12:45:00+00:00 [running]> on host cf1baac588aa
[2023-11-06T12:52:40.778+0000] {taskinstance.py:1662} INFO - Exporting env vars: AIRFLOW_CTX_DAG_OWNER='safarnejad' AIRFLOW_CTX_DAG_ID='cron_expression_dag' AIRFLOW_CTX_TASK_ID='task_a' AIRFLOW_CTX_EXECUTION_DATE='2023-11-06T12:45:00+00:00' AIRFLOW_CTX_TRY_NUMBER='1' AIRFLOW_CTX_DAG_RUN_ID='scheduled__2023-11-06T12:45:00+00:00'
[2023-11-06T12:52:40.787+0000] {subprocess.py:63} INFO - Tmp dir root location: /tmp
[2023-11-06T12:52:40.793+0000] {subprocess.py:75} INFO - Running command: ['/bin/bash', '-c', 'echo Hello!']
[2023-11-06T12:52:40.825+0000] {subprocess.py:86} INFO - Output:
[2023-11-06T12:52:40.835+0000] {subprocess.py:93} INFO - Hello!
[2023-11-06T12:52:40.839+0000] {subprocess.py:97} INFO - Command exited with return code 0
[2023-11-06T12:52:40.897+0000] {taskinstance.py:1400} INFO - Marking task as SUCCESS. dag_id=cron_expression_dag, task_id=task_a, execution_date=20231106T124500, start_date=20231106T125240, end_date=20231106T125240
[2023-11-06T12:52:40.977+0000] {local_task_job_runner.py:228} INFO - Task exited with return code 0
[2023-11-06T12:52:41.117+0000] {taskinstance.py:2778} INFO - 0 downstream tasks scheduled from follow-on schedule check
