[2023-11-06T12:06:05.433+0000] {taskinstance.py:1159} INFO - Dependencies all met for dep_context=non-requeueable deps ti=<TaskInstance: catchup_and_backfill_dag.task_a scheduled__2023-10-28T00:00:00+00:00 [queued]>
[2023-11-06T12:06:05.451+0000] {taskinstance.py:1159} INFO - Dependencies all met for dep_context=requeueable deps ti=<TaskInstance: catchup_and_backfill_dag.task_a scheduled__2023-10-28T00:00:00+00:00 [queued]>
[2023-11-06T12:06:05.452+0000] {taskinstance.py:1361} INFO - Starting attempt 1 of 2
[2023-11-06T12:06:05.613+0000] {taskinstance.py:1382} INFO - Executing <Task(BashOperator): task_a> on 2023-10-28 00:00:00+00:00
[2023-11-06T12:06:05.620+0000] {standard_task_runner.py:57} INFO - Started process 879 to run task
[2023-11-06T12:06:05.626+0000] {standard_task_runner.py:84} INFO - Running: ['***', 'tasks', 'run', 'catchup_and_backfill_dag', 'task_a', 'scheduled__2023-10-28T00:00:00+00:00', '--job-id', '102', '--raw', '--subdir', 'DAGS_FOLDER/catchup_and_backfill_dag.py', '--cfg-path', '/tmp/tmptppby318']
[2023-11-06T12:06:05.632+0000] {standard_task_runner.py:85} INFO - Job 102: Subtask task_a
[2023-11-06T12:06:05.736+0000] {task_command.py:416} INFO - Running <TaskInstance: catchup_and_backfill_dag.task_a scheduled__2023-10-28T00:00:00+00:00 [running]> on host cf1baac588aa
[2023-11-06T12:06:05.881+0000] {taskinstance.py:1662} INFO - Exporting env vars: AIRFLOW_CTX_DAG_OWNER='safarnejad' AIRFLOW_CTX_DAG_ID='catchup_and_backfill_dag' AIRFLOW_CTX_TASK_ID='task_a' AIRFLOW_CTX_EXECUTION_DATE='2023-10-28T00:00:00+00:00' AIRFLOW_CTX_TRY_NUMBER='1' AIRFLOW_CTX_DAG_RUN_ID='scheduled__2023-10-28T00:00:00+00:00'
[2023-11-06T12:06:05.885+0000] {subprocess.py:63} INFO - Tmp dir root location: /tmp
[2023-11-06T12:06:05.887+0000] {subprocess.py:75} INFO - Running command: ['/bin/bash', '-c', 'echo Hello World :)']
[2023-11-06T12:06:05.902+0000] {subprocess.py:86} INFO - Output:
[2023-11-06T12:06:05.905+0000] {subprocess.py:93} INFO - /bin/bash: -c: line 1: syntax error near unexpected token `)'
[2023-11-06T12:06:05.906+0000] {subprocess.py:93} INFO - /bin/bash: -c: line 1: `echo Hello World :)'
[2023-11-06T12:06:05.907+0000] {subprocess.py:97} INFO - Command exited with return code 2
[2023-11-06T12:06:05.936+0000] {taskinstance.py:1937} ERROR - Task failed with exception
Traceback (most recent call last):
  File "/home/airflow/.local/lib/python3.8/site-packages/airflow/operators/bash.py", line 210, in execute
    raise AirflowException(
airflow.exceptions.AirflowException: Bash command failed. The command returned a non-zero exit code 2.
[2023-11-06T12:06:05.947+0000] {taskinstance.py:1400} INFO - Marking task as UP_FOR_RETRY. dag_id=catchup_and_backfill_dag, task_id=task_a, execution_date=20231028T000000, start_date=20231106T120605, end_date=20231106T120605
[2023-11-06T12:06:05.974+0000] {standard_task_runner.py:104} ERROR - Failed to execute job 102 for task task_a (Bash command failed. The command returned a non-zero exit code 2.; 879)
[2023-11-06T12:06:06.005+0000] {local_task_job_runner.py:228} INFO - Task exited with return code 1
[2023-11-06T12:06:06.039+0000] {taskinstance.py:2778} INFO - 0 downstream tasks scheduled from follow-on schedule check
[2023-11-06T12:19:10.402+0000] {taskinstance.py:1159} INFO - Dependencies all met for dep_context=non-requeueable deps ti=<TaskInstance: catchup_and_backfill_dag.task_a scheduled__2023-10-28T00:00:00+00:00 [queued]>
[2023-11-06T12:19:10.429+0000] {taskinstance.py:1159} INFO - Dependencies all met for dep_context=requeueable deps ti=<TaskInstance: catchup_and_backfill_dag.task_a scheduled__2023-10-28T00:00:00+00:00 [queued]>
[2023-11-06T12:19:10.432+0000] {taskinstance.py:1361} INFO - Starting attempt 1 of 2
[2023-11-06T12:19:10.471+0000] {taskinstance.py:1382} INFO - Executing <Task(BashOperator): task_a> on 2023-10-28 00:00:00+00:00
[2023-11-06T12:19:10.480+0000] {standard_task_runner.py:57} INFO - Started process 2088 to run task
[2023-11-06T12:19:10.486+0000] {standard_task_runner.py:84} INFO - Running: ['***', 'tasks', 'run', 'catchup_and_backfill_dag', 'task_a', 'scheduled__2023-10-28T00:00:00+00:00', '--job-id', '174', '--raw', '--subdir', 'DAGS_FOLDER/catchup_and_backfill_dag.py', '--cfg-path', '/tmp/tmpxco4hfz4']
[2023-11-06T12:19:10.494+0000] {standard_task_runner.py:85} INFO - Job 174: Subtask task_a
[2023-11-06T12:19:10.602+0000] {task_command.py:416} INFO - Running <TaskInstance: catchup_and_backfill_dag.task_a scheduled__2023-10-28T00:00:00+00:00 [running]> on host cf1baac588aa
[2023-11-06T12:19:10.792+0000] {taskinstance.py:1662} INFO - Exporting env vars: AIRFLOW_CTX_DAG_OWNER='safarnejad' AIRFLOW_CTX_DAG_ID='catchup_and_backfill_dag' AIRFLOW_CTX_TASK_ID='task_a' AIRFLOW_CTX_EXECUTION_DATE='2023-10-28T00:00:00+00:00' AIRFLOW_CTX_TRY_NUMBER='1' AIRFLOW_CTX_DAG_RUN_ID='scheduled__2023-10-28T00:00:00+00:00'
[2023-11-06T12:19:10.795+0000] {subprocess.py:63} INFO - Tmp dir root location: /tmp
[2023-11-06T12:19:10.796+0000] {subprocess.py:75} INFO - Running command: ['/bin/bash', '-c', 'echo Hello World.']
[2023-11-06T12:19:10.815+0000] {subprocess.py:86} INFO - Output:
[2023-11-06T12:19:10.816+0000] {subprocess.py:93} INFO - Hello World.
[2023-11-06T12:19:10.818+0000] {subprocess.py:97} INFO - Command exited with return code 0
[2023-11-06T12:19:10.862+0000] {taskinstance.py:1400} INFO - Marking task as SUCCESS. dag_id=catchup_and_backfill_dag, task_id=task_a, execution_date=20231028T000000, start_date=20231106T121910, end_date=20231106T121910
[2023-11-06T12:19:10.906+0000] {local_task_job_runner.py:228} INFO - Task exited with return code 0
[2023-11-06T12:19:10.936+0000] {taskinstance.py:2778} INFO - 0 downstream tasks scheduled from follow-on schedule check
