[2023-11-04T16:23:45.064+0000] {processor.py:157} INFO - Started process (PID=203) to work on /home/airflow/.local/lib/python3.8/site-packages/airflow/example_dags/example_skip_dag.py
[2023-11-04T16:23:45.065+0000] {processor.py:829} INFO - Processing file /home/airflow/.local/lib/python3.8/site-packages/airflow/example_dags/example_skip_dag.py for tasks to queue
[2023-11-04T16:23:45.067+0000] {logging_mixin.py:151} INFO - [2023-11-04T16:23:45.067+0000] {dagbag.py:536} INFO - Filling up the DagBag from /home/airflow/.local/lib/python3.8/site-packages/airflow/example_dags/example_skip_dag.py
[2023-11-04T16:23:45.084+0000] {processor.py:839} INFO - DAG(s) dict_keys(['example_skip_dag']) retrieved from /home/airflow/.local/lib/python3.8/site-packages/airflow/example_dags/example_skip_dag.py
[2023-11-04T16:23:45.104+0000] {logging_mixin.py:151} INFO - [2023-11-04T16:23:45.104+0000] {dag.py:2941} INFO - Sync 1 DAGs
[2023-11-04T16:23:45.142+0000] {logging_mixin.py:151} INFO - [2023-11-04T16:23:45.142+0000] {dag.py:3722} INFO - Setting next_dagrun for example_skip_dag to 2023-11-03T16:23:45.142131+00:00, run_after=2023-11-04T16:23:45.142131+00:00
[2023-11-04T16:23:45.173+0000] {processor.py:179} INFO - Processing /home/airflow/.local/lib/python3.8/site-packages/airflow/example_dags/example_skip_dag.py took 0.116 seconds
[2023-11-04T16:24:15.609+0000] {processor.py:157} INFO - Started process (PID=441) to work on /home/airflow/.local/lib/python3.8/site-packages/airflow/example_dags/example_skip_dag.py
[2023-11-04T16:24:15.611+0000] {processor.py:829} INFO - Processing file /home/airflow/.local/lib/python3.8/site-packages/airflow/example_dags/example_skip_dag.py for tasks to queue
[2023-11-04T16:24:15.613+0000] {logging_mixin.py:151} INFO - [2023-11-04T16:24:15.612+0000] {dagbag.py:536} INFO - Filling up the DagBag from /home/airflow/.local/lib/python3.8/site-packages/airflow/example_dags/example_skip_dag.py
[2023-11-04T16:24:15.625+0000] {processor.py:839} INFO - DAG(s) dict_keys(['example_skip_dag']) retrieved from /home/airflow/.local/lib/python3.8/site-packages/airflow/example_dags/example_skip_dag.py
[2023-11-04T16:24:15.659+0000] {logging_mixin.py:151} INFO - [2023-11-04T16:24:15.659+0000] {dag.py:2941} INFO - Sync 1 DAGs
[2023-11-04T16:24:15.698+0000] {logging_mixin.py:151} INFO - [2023-11-04T16:24:15.698+0000] {dag.py:3722} INFO - Setting next_dagrun for example_skip_dag to 2023-11-03T16:24:15.697838+00:00, run_after=2023-11-04T16:24:15.697838+00:00
[2023-11-04T16:24:15.726+0000] {processor.py:179} INFO - Processing /home/airflow/.local/lib/python3.8/site-packages/airflow/example_dags/example_skip_dag.py took 0.122 seconds
[2023-11-04T16:24:46.059+0000] {processor.py:157} INFO - Started process (PID=679) to work on /home/airflow/.local/lib/python3.8/site-packages/airflow/example_dags/example_skip_dag.py
[2023-11-04T16:24:46.061+0000] {processor.py:829} INFO - Processing file /home/airflow/.local/lib/python3.8/site-packages/airflow/example_dags/example_skip_dag.py for tasks to queue
[2023-11-04T16:24:46.063+0000] {logging_mixin.py:151} INFO - [2023-11-04T16:24:46.062+0000] {dagbag.py:536} INFO - Filling up the DagBag from /home/airflow/.local/lib/python3.8/site-packages/airflow/example_dags/example_skip_dag.py
[2023-11-04T16:24:46.075+0000] {processor.py:839} INFO - DAG(s) dict_keys(['example_skip_dag']) retrieved from /home/airflow/.local/lib/python3.8/site-packages/airflow/example_dags/example_skip_dag.py
[2023-11-04T16:24:46.111+0000] {logging_mixin.py:151} INFO - [2023-11-04T16:24:46.111+0000] {dag.py:2941} INFO - Sync 1 DAGs
[2023-11-04T16:24:46.152+0000] {logging_mixin.py:151} INFO - [2023-11-04T16:24:46.152+0000] {dag.py:3722} INFO - Setting next_dagrun for example_skip_dag to 2023-11-03T16:24:46.152083+00:00, run_after=2023-11-04T16:24:46.152083+00:00
[2023-11-04T16:24:46.190+0000] {processor.py:179} INFO - Processing /home/airflow/.local/lib/python3.8/site-packages/airflow/example_dags/example_skip_dag.py took 0.138 seconds
[2023-11-04T16:25:16.444+0000] {processor.py:157} INFO - Started process (PID=919) to work on /home/airflow/.local/lib/python3.8/site-packages/airflow/example_dags/example_skip_dag.py
[2023-11-04T16:25:16.446+0000] {processor.py:829} INFO - Processing file /home/airflow/.local/lib/python3.8/site-packages/airflow/example_dags/example_skip_dag.py for tasks to queue
[2023-11-04T16:25:16.447+0000] {logging_mixin.py:151} INFO - [2023-11-04T16:25:16.447+0000] {dagbag.py:536} INFO - Filling up the DagBag from /home/airflow/.local/lib/python3.8/site-packages/airflow/example_dags/example_skip_dag.py
[2023-11-04T16:25:16.459+0000] {processor.py:839} INFO - DAG(s) dict_keys(['example_skip_dag']) retrieved from /home/airflow/.local/lib/python3.8/site-packages/airflow/example_dags/example_skip_dag.py
[2023-11-04T16:25:16.492+0000] {logging_mixin.py:151} INFO - [2023-11-04T16:25:16.492+0000] {dag.py:2941} INFO - Sync 1 DAGs
[2023-11-04T16:25:16.524+0000] {logging_mixin.py:151} INFO - [2023-11-04T16:25:16.524+0000] {dag.py:3722} INFO - Setting next_dagrun for example_skip_dag to 2023-11-03T16:25:16.523651+00:00, run_after=2023-11-04T16:25:16.523651+00:00
[2023-11-04T16:25:16.557+0000] {processor.py:179} INFO - Processing /home/airflow/.local/lib/python3.8/site-packages/airflow/example_dags/example_skip_dag.py took 0.119 seconds
[2023-11-04T16:25:46.742+0000] {processor.py:157} INFO - Started process (PID=1155) to work on /home/airflow/.local/lib/python3.8/site-packages/airflow/example_dags/example_skip_dag.py
[2023-11-04T16:25:46.744+0000] {processor.py:829} INFO - Processing file /home/airflow/.local/lib/python3.8/site-packages/airflow/example_dags/example_skip_dag.py for tasks to queue
[2023-11-04T16:25:46.745+0000] {logging_mixin.py:151} INFO - [2023-11-04T16:25:46.745+0000] {dagbag.py:536} INFO - Filling up the DagBag from /home/airflow/.local/lib/python3.8/site-packages/airflow/example_dags/example_skip_dag.py
[2023-11-04T16:25:46.757+0000] {processor.py:839} INFO - DAG(s) dict_keys(['example_skip_dag']) retrieved from /home/airflow/.local/lib/python3.8/site-packages/airflow/example_dags/example_skip_dag.py
[2023-11-04T16:25:46.790+0000] {logging_mixin.py:151} INFO - [2023-11-04T16:25:46.789+0000] {dag.py:2941} INFO - Sync 1 DAGs
[2023-11-04T16:25:46.825+0000] {logging_mixin.py:151} INFO - [2023-11-04T16:25:46.824+0000] {dag.py:3722} INFO - Setting next_dagrun for example_skip_dag to 2023-11-03T16:25:46.824275+00:00, run_after=2023-11-04T16:25:46.824275+00:00
[2023-11-04T16:25:46.856+0000] {processor.py:179} INFO - Processing /home/airflow/.local/lib/python3.8/site-packages/airflow/example_dags/example_skip_dag.py took 0.120 seconds
[2023-11-04T16:26:17.285+0000] {processor.py:157} INFO - Started process (PID=1393) to work on /home/airflow/.local/lib/python3.8/site-packages/airflow/example_dags/example_skip_dag.py
[2023-11-04T16:26:17.287+0000] {processor.py:829} INFO - Processing file /home/airflow/.local/lib/python3.8/site-packages/airflow/example_dags/example_skip_dag.py for tasks to queue
[2023-11-04T16:26:17.289+0000] {logging_mixin.py:151} INFO - [2023-11-04T16:26:17.288+0000] {dagbag.py:536} INFO - Filling up the DagBag from /home/airflow/.local/lib/python3.8/site-packages/airflow/example_dags/example_skip_dag.py
[2023-11-04T16:26:17.305+0000] {processor.py:839} INFO - DAG(s) dict_keys(['example_skip_dag']) retrieved from /home/airflow/.local/lib/python3.8/site-packages/airflow/example_dags/example_skip_dag.py
[2023-11-04T16:26:17.326+0000] {logging_mixin.py:151} INFO - [2023-11-04T16:26:17.326+0000] {dag.py:2941} INFO - Sync 1 DAGs
[2023-11-04T16:26:17.368+0000] {logging_mixin.py:151} INFO - [2023-11-04T16:26:17.368+0000] {dag.py:3722} INFO - Setting next_dagrun for example_skip_dag to 2023-11-03T16:26:17.367943+00:00, run_after=2023-11-04T16:26:17.367943+00:00
[2023-11-04T16:26:17.427+0000] {processor.py:179} INFO - Processing /home/airflow/.local/lib/python3.8/site-packages/airflow/example_dags/example_skip_dag.py took 0.149 seconds
[2023-11-04T16:26:47.839+0000] {processor.py:157} INFO - Started process (PID=1633) to work on /home/airflow/.local/lib/python3.8/site-packages/airflow/example_dags/example_skip_dag.py
[2023-11-04T16:26:47.841+0000] {processor.py:829} INFO - Processing file /home/airflow/.local/lib/python3.8/site-packages/airflow/example_dags/example_skip_dag.py for tasks to queue
[2023-11-04T16:26:47.842+0000] {logging_mixin.py:151} INFO - [2023-11-04T16:26:47.842+0000] {dagbag.py:536} INFO - Filling up the DagBag from /home/airflow/.local/lib/python3.8/site-packages/airflow/example_dags/example_skip_dag.py
[2023-11-04T16:26:47.854+0000] {processor.py:839} INFO - DAG(s) dict_keys(['example_skip_dag']) retrieved from /home/airflow/.local/lib/python3.8/site-packages/airflow/example_dags/example_skip_dag.py
[2023-11-04T16:26:47.886+0000] {logging_mixin.py:151} INFO - [2023-11-04T16:26:47.886+0000] {dag.py:2941} INFO - Sync 1 DAGs
[2023-11-04T16:26:47.918+0000] {logging_mixin.py:151} INFO - [2023-11-04T16:26:47.918+0000] {dag.py:3722} INFO - Setting next_dagrun for example_skip_dag to 2023-11-03T16:26:47.918263+00:00, run_after=2023-11-04T16:26:47.918263+00:00
[2023-11-04T16:26:47.952+0000] {processor.py:179} INFO - Processing /home/airflow/.local/lib/python3.8/site-packages/airflow/example_dags/example_skip_dag.py took 0.118 seconds
[2023-11-04T16:27:18.380+0000] {processor.py:157} INFO - Started process (PID=1871) to work on /home/airflow/.local/lib/python3.8/site-packages/airflow/example_dags/example_skip_dag.py
[2023-11-04T16:27:18.381+0000] {processor.py:829} INFO - Processing file /home/airflow/.local/lib/python3.8/site-packages/airflow/example_dags/example_skip_dag.py for tasks to queue
[2023-11-04T16:27:18.383+0000] {logging_mixin.py:151} INFO - [2023-11-04T16:27:18.382+0000] {dagbag.py:536} INFO - Filling up the DagBag from /home/airflow/.local/lib/python3.8/site-packages/airflow/example_dags/example_skip_dag.py
[2023-11-04T16:27:18.395+0000] {processor.py:839} INFO - DAG(s) dict_keys(['example_skip_dag']) retrieved from /home/airflow/.local/lib/python3.8/site-packages/airflow/example_dags/example_skip_dag.py
[2023-11-04T16:27:18.431+0000] {logging_mixin.py:151} INFO - [2023-11-04T16:27:18.431+0000] {dag.py:2941} INFO - Sync 1 DAGs
[2023-11-04T16:27:18.467+0000] {logging_mixin.py:151} INFO - [2023-11-04T16:27:18.466+0000] {dag.py:3722} INFO - Setting next_dagrun for example_skip_dag to 2023-11-03T16:27:18.466032+00:00, run_after=2023-11-04T16:27:18.466032+00:00
[2023-11-04T16:27:18.506+0000] {processor.py:179} INFO - Processing /home/airflow/.local/lib/python3.8/site-packages/airflow/example_dags/example_skip_dag.py took 0.132 seconds
[2023-11-04T16:27:48.711+0000] {processor.py:157} INFO - Started process (PID=2110) to work on /home/airflow/.local/lib/python3.8/site-packages/airflow/example_dags/example_skip_dag.py
[2023-11-04T16:27:48.713+0000] {processor.py:829} INFO - Processing file /home/airflow/.local/lib/python3.8/site-packages/airflow/example_dags/example_skip_dag.py for tasks to queue
[2023-11-04T16:27:48.714+0000] {logging_mixin.py:151} INFO - [2023-11-04T16:27:48.714+0000] {dagbag.py:536} INFO - Filling up the DagBag from /home/airflow/.local/lib/python3.8/site-packages/airflow/example_dags/example_skip_dag.py
[2023-11-04T16:27:48.726+0000] {processor.py:839} INFO - DAG(s) dict_keys(['example_skip_dag']) retrieved from /home/airflow/.local/lib/python3.8/site-packages/airflow/example_dags/example_skip_dag.py
[2023-11-04T16:27:48.746+0000] {logging_mixin.py:151} INFO - [2023-11-04T16:27:48.745+0000] {dag.py:2941} INFO - Sync 1 DAGs
[2023-11-04T16:27:48.782+0000] {logging_mixin.py:151} INFO - [2023-11-04T16:27:48.781+0000] {dag.py:3722} INFO - Setting next_dagrun for example_skip_dag to 2023-11-03T16:27:48.781372+00:00, run_after=2023-11-04T16:27:48.781372+00:00
[2023-11-04T16:27:48.816+0000] {processor.py:179} INFO - Processing /home/airflow/.local/lib/python3.8/site-packages/airflow/example_dags/example_skip_dag.py took 0.109 seconds
[2023-11-04T16:28:19.692+0000] {processor.py:157} INFO - Started process (PID=2346) to work on /home/airflow/.local/lib/python3.8/site-packages/airflow/example_dags/example_skip_dag.py
[2023-11-04T16:28:19.693+0000] {processor.py:829} INFO - Processing file /home/airflow/.local/lib/python3.8/site-packages/airflow/example_dags/example_skip_dag.py for tasks to queue
[2023-11-04T16:28:19.696+0000] {logging_mixin.py:151} INFO - [2023-11-04T16:28:19.695+0000] {dagbag.py:536} INFO - Filling up the DagBag from /home/airflow/.local/lib/python3.8/site-packages/airflow/example_dags/example_skip_dag.py
[2023-11-04T16:28:19.714+0000] {processor.py:839} INFO - DAG(s) dict_keys(['example_skip_dag']) retrieved from /home/airflow/.local/lib/python3.8/site-packages/airflow/example_dags/example_skip_dag.py
[2023-11-04T16:28:19.758+0000] {logging_mixin.py:151} INFO - [2023-11-04T16:28:19.758+0000] {dag.py:2941} INFO - Sync 1 DAGs
[2023-11-04T16:28:19.799+0000] {logging_mixin.py:151} INFO - [2023-11-04T16:28:19.798+0000] {dag.py:3722} INFO - Setting next_dagrun for example_skip_dag to 2023-11-03T16:28:19.798412+00:00, run_after=2023-11-04T16:28:19.798412+00:00
[2023-11-04T16:28:19.837+0000] {processor.py:179} INFO - Processing /home/airflow/.local/lib/python3.8/site-packages/airflow/example_dags/example_skip_dag.py took 0.152 seconds
[2023-11-04T16:28:50.320+0000] {processor.py:157} INFO - Started process (PID=2584) to work on /home/airflow/.local/lib/python3.8/site-packages/airflow/example_dags/example_skip_dag.py
[2023-11-04T16:28:50.322+0000] {processor.py:829} INFO - Processing file /home/airflow/.local/lib/python3.8/site-packages/airflow/example_dags/example_skip_dag.py for tasks to queue
[2023-11-04T16:28:50.323+0000] {logging_mixin.py:151} INFO - [2023-11-04T16:28:50.323+0000] {dagbag.py:536} INFO - Filling up the DagBag from /home/airflow/.local/lib/python3.8/site-packages/airflow/example_dags/example_skip_dag.py
[2023-11-04T16:28:50.335+0000] {processor.py:839} INFO - DAG(s) dict_keys(['example_skip_dag']) retrieved from /home/airflow/.local/lib/python3.8/site-packages/airflow/example_dags/example_skip_dag.py
[2023-11-04T16:28:50.368+0000] {logging_mixin.py:151} INFO - [2023-11-04T16:28:50.368+0000] {dag.py:2941} INFO - Sync 1 DAGs
[2023-11-04T16:28:50.403+0000] {logging_mixin.py:151} INFO - [2023-11-04T16:28:50.402+0000] {dag.py:3722} INFO - Setting next_dagrun for example_skip_dag to 2023-11-03T16:28:50.402382+00:00, run_after=2023-11-04T16:28:50.402382+00:00
[2023-11-04T16:28:50.432+0000] {processor.py:179} INFO - Processing /home/airflow/.local/lib/python3.8/site-packages/airflow/example_dags/example_skip_dag.py took 0.117 seconds
[2023-11-04T16:29:20.972+0000] {processor.py:157} INFO - Started process (PID=2822) to work on /home/airflow/.local/lib/python3.8/site-packages/airflow/example_dags/example_skip_dag.py
[2023-11-04T16:29:20.974+0000] {processor.py:829} INFO - Processing file /home/airflow/.local/lib/python3.8/site-packages/airflow/example_dags/example_skip_dag.py for tasks to queue
[2023-11-04T16:29:20.976+0000] {logging_mixin.py:151} INFO - [2023-11-04T16:29:20.975+0000] {dagbag.py:536} INFO - Filling up the DagBag from /home/airflow/.local/lib/python3.8/site-packages/airflow/example_dags/example_skip_dag.py
[2023-11-04T16:29:20.987+0000] {processor.py:839} INFO - DAG(s) dict_keys(['example_skip_dag']) retrieved from /home/airflow/.local/lib/python3.8/site-packages/airflow/example_dags/example_skip_dag.py
[2023-11-04T16:29:21.022+0000] {logging_mixin.py:151} INFO - [2023-11-04T16:29:21.021+0000] {dag.py:2941} INFO - Sync 1 DAGs
[2023-11-04T16:29:21.057+0000] {logging_mixin.py:151} INFO - [2023-11-04T16:29:21.057+0000] {dag.py:3722} INFO - Setting next_dagrun for example_skip_dag to 2023-11-03T16:29:21.056605+00:00, run_after=2023-11-04T16:29:21.056605+00:00
[2023-11-04T16:29:21.090+0000] {processor.py:179} INFO - Processing /home/airflow/.local/lib/python3.8/site-packages/airflow/example_dags/example_skip_dag.py took 0.124 seconds
[2023-11-04T16:29:51.316+0000] {processor.py:157} INFO - Started process (PID=3060) to work on /home/airflow/.local/lib/python3.8/site-packages/airflow/example_dags/example_skip_dag.py
[2023-11-04T16:29:51.318+0000] {processor.py:829} INFO - Processing file /home/airflow/.local/lib/python3.8/site-packages/airflow/example_dags/example_skip_dag.py for tasks to queue
[2023-11-04T16:29:51.320+0000] {logging_mixin.py:151} INFO - [2023-11-04T16:29:51.319+0000] {dagbag.py:536} INFO - Filling up the DagBag from /home/airflow/.local/lib/python3.8/site-packages/airflow/example_dags/example_skip_dag.py
[2023-11-04T16:29:51.332+0000] {processor.py:839} INFO - DAG(s) dict_keys(['example_skip_dag']) retrieved from /home/airflow/.local/lib/python3.8/site-packages/airflow/example_dags/example_skip_dag.py
[2023-11-04T16:29:51.351+0000] {logging_mixin.py:151} INFO - [2023-11-04T16:29:51.351+0000] {dag.py:2941} INFO - Sync 1 DAGs
[2023-11-04T16:29:51.393+0000] {logging_mixin.py:151} INFO - [2023-11-04T16:29:51.392+0000] {dag.py:3722} INFO - Setting next_dagrun for example_skip_dag to 2023-11-03T16:29:51.391719+00:00, run_after=2023-11-04T16:29:51.391719+00:00
[2023-11-04T16:29:51.434+0000] {processor.py:179} INFO - Processing /home/airflow/.local/lib/python3.8/site-packages/airflow/example_dags/example_skip_dag.py took 0.123 seconds
[2023-11-04T16:30:21.963+0000] {processor.py:157} INFO - Started process (PID=3300) to work on /home/airflow/.local/lib/python3.8/site-packages/airflow/example_dags/example_skip_dag.py
[2023-11-04T16:30:21.965+0000] {processor.py:829} INFO - Processing file /home/airflow/.local/lib/python3.8/site-packages/airflow/example_dags/example_skip_dag.py for tasks to queue
[2023-11-04T16:30:21.967+0000] {logging_mixin.py:151} INFO - [2023-11-04T16:30:21.966+0000] {dagbag.py:536} INFO - Filling up the DagBag from /home/airflow/.local/lib/python3.8/site-packages/airflow/example_dags/example_skip_dag.py
[2023-11-04T16:30:21.979+0000] {processor.py:839} INFO - DAG(s) dict_keys(['example_skip_dag']) retrieved from /home/airflow/.local/lib/python3.8/site-packages/airflow/example_dags/example_skip_dag.py
[2023-11-04T16:30:22.012+0000] {logging_mixin.py:151} INFO - [2023-11-04T16:30:22.012+0000] {dag.py:2941} INFO - Sync 1 DAGs
[2023-11-04T16:30:22.046+0000] {logging_mixin.py:151} INFO - [2023-11-04T16:30:22.045+0000] {dag.py:3722} INFO - Setting next_dagrun for example_skip_dag to 2023-11-03T16:30:22.045460+00:00, run_after=2023-11-04T16:30:22.045460+00:00
[2023-11-04T16:30:22.079+0000] {processor.py:179} INFO - Processing /home/airflow/.local/lib/python3.8/site-packages/airflow/example_dags/example_skip_dag.py took 0.120 seconds
[2023-11-04T16:30:53.018+0000] {processor.py:157} INFO - Started process (PID=3538) to work on /home/airflow/.local/lib/python3.8/site-packages/airflow/example_dags/example_skip_dag.py
[2023-11-04T16:30:53.020+0000] {processor.py:829} INFO - Processing file /home/airflow/.local/lib/python3.8/site-packages/airflow/example_dags/example_skip_dag.py for tasks to queue
[2023-11-04T16:30:53.022+0000] {logging_mixin.py:151} INFO - [2023-11-04T16:30:53.022+0000] {dagbag.py:536} INFO - Filling up the DagBag from /home/airflow/.local/lib/python3.8/site-packages/airflow/example_dags/example_skip_dag.py
[2023-11-04T16:30:53.036+0000] {processor.py:839} INFO - DAG(s) dict_keys(['example_skip_dag']) retrieved from /home/airflow/.local/lib/python3.8/site-packages/airflow/example_dags/example_skip_dag.py
[2023-11-04T16:30:53.089+0000] {logging_mixin.py:151} INFO - [2023-11-04T16:30:53.088+0000] {dag.py:2941} INFO - Sync 1 DAGs
[2023-11-04T16:30:53.130+0000] {logging_mixin.py:151} INFO - [2023-11-04T16:30:53.130+0000] {dag.py:3722} INFO - Setting next_dagrun for example_skip_dag to 2023-11-03T16:30:53.130032+00:00, run_after=2023-11-04T16:30:53.130032+00:00
[2023-11-04T16:30:53.169+0000] {processor.py:179} INFO - Processing /home/airflow/.local/lib/python3.8/site-packages/airflow/example_dags/example_skip_dag.py took 0.158 seconds
[2023-11-04T16:31:23.587+0000] {processor.py:157} INFO - Started process (PID=3776) to work on /home/airflow/.local/lib/python3.8/site-packages/airflow/example_dags/example_skip_dag.py
[2023-11-04T16:31:23.589+0000] {processor.py:829} INFO - Processing file /home/airflow/.local/lib/python3.8/site-packages/airflow/example_dags/example_skip_dag.py for tasks to queue
[2023-11-04T16:31:23.591+0000] {logging_mixin.py:151} INFO - [2023-11-04T16:31:23.590+0000] {dagbag.py:536} INFO - Filling up the DagBag from /home/airflow/.local/lib/python3.8/site-packages/airflow/example_dags/example_skip_dag.py
[2023-11-04T16:31:23.609+0000] {processor.py:839} INFO - DAG(s) dict_keys(['example_skip_dag']) retrieved from /home/airflow/.local/lib/python3.8/site-packages/airflow/example_dags/example_skip_dag.py
[2023-11-04T16:31:23.646+0000] {logging_mixin.py:151} INFO - [2023-11-04T16:31:23.645+0000] {dag.py:2941} INFO - Sync 1 DAGs
[2023-11-04T16:31:23.708+0000] {logging_mixin.py:151} INFO - [2023-11-04T16:31:23.707+0000] {dag.py:3722} INFO - Setting next_dagrun for example_skip_dag to 2023-11-03T16:31:23.706976+00:00, run_after=2023-11-04T16:31:23.706976+00:00
[2023-11-04T16:31:23.748+0000] {processor.py:179} INFO - Processing /home/airflow/.local/lib/python3.8/site-packages/airflow/example_dags/example_skip_dag.py took 0.165 seconds
[2023-11-04T16:31:54.104+0000] {processor.py:157} INFO - Started process (PID=4014) to work on /home/airflow/.local/lib/python3.8/site-packages/airflow/example_dags/example_skip_dag.py
[2023-11-04T16:31:54.105+0000] {processor.py:829} INFO - Processing file /home/airflow/.local/lib/python3.8/site-packages/airflow/example_dags/example_skip_dag.py for tasks to queue
[2023-11-04T16:31:54.107+0000] {logging_mixin.py:151} INFO - [2023-11-04T16:31:54.107+0000] {dagbag.py:536} INFO - Filling up the DagBag from /home/airflow/.local/lib/python3.8/site-packages/airflow/example_dags/example_skip_dag.py
[2023-11-04T16:31:54.120+0000] {processor.py:839} INFO - DAG(s) dict_keys(['example_skip_dag']) retrieved from /home/airflow/.local/lib/python3.8/site-packages/airflow/example_dags/example_skip_dag.py
[2023-11-04T16:31:54.156+0000] {logging_mixin.py:151} INFO - [2023-11-04T16:31:54.156+0000] {dag.py:2941} INFO - Sync 1 DAGs
[2023-11-04T16:31:54.195+0000] {logging_mixin.py:151} INFO - [2023-11-04T16:31:54.195+0000] {dag.py:3722} INFO - Setting next_dagrun for example_skip_dag to 2023-11-03T16:31:54.194667+00:00, run_after=2023-11-04T16:31:54.194667+00:00
[2023-11-04T16:31:54.227+0000] {processor.py:179} INFO - Processing /home/airflow/.local/lib/python3.8/site-packages/airflow/example_dags/example_skip_dag.py took 0.128 seconds
[2023-11-04T16:32:24.782+0000] {processor.py:157} INFO - Started process (PID=4252) to work on /home/airflow/.local/lib/python3.8/site-packages/airflow/example_dags/example_skip_dag.py
[2023-11-04T16:32:24.783+0000] {processor.py:829} INFO - Processing file /home/airflow/.local/lib/python3.8/site-packages/airflow/example_dags/example_skip_dag.py for tasks to queue
[2023-11-04T16:32:24.785+0000] {logging_mixin.py:151} INFO - [2023-11-04T16:32:24.784+0000] {dagbag.py:536} INFO - Filling up the DagBag from /home/airflow/.local/lib/python3.8/site-packages/airflow/example_dags/example_skip_dag.py
[2023-11-04T16:32:24.797+0000] {processor.py:839} INFO - DAG(s) dict_keys(['example_skip_dag']) retrieved from /home/airflow/.local/lib/python3.8/site-packages/airflow/example_dags/example_skip_dag.py
[2023-11-04T16:32:24.835+0000] {logging_mixin.py:151} INFO - [2023-11-04T16:32:24.835+0000] {dag.py:2941} INFO - Sync 1 DAGs
[2023-11-04T16:32:24.869+0000] {logging_mixin.py:151} INFO - [2023-11-04T16:32:24.868+0000] {dag.py:3722} INFO - Setting next_dagrun for example_skip_dag to 2023-11-03T16:32:24.868505+00:00, run_after=2023-11-04T16:32:24.868505+00:00
[2023-11-04T16:32:24.902+0000] {processor.py:179} INFO - Processing /home/airflow/.local/lib/python3.8/site-packages/airflow/example_dags/example_skip_dag.py took 0.126 seconds
[2023-11-04T16:32:54.989+0000] {processor.py:157} INFO - Started process (PID=4490) to work on /home/airflow/.local/lib/python3.8/site-packages/airflow/example_dags/example_skip_dag.py
[2023-11-04T16:32:54.991+0000] {processor.py:829} INFO - Processing file /home/airflow/.local/lib/python3.8/site-packages/airflow/example_dags/example_skip_dag.py for tasks to queue
[2023-11-04T16:32:54.993+0000] {logging_mixin.py:151} INFO - [2023-11-04T16:32:54.992+0000] {dagbag.py:536} INFO - Filling up the DagBag from /home/airflow/.local/lib/python3.8/site-packages/airflow/example_dags/example_skip_dag.py
[2023-11-04T16:32:55.007+0000] {processor.py:839} INFO - DAG(s) dict_keys(['example_skip_dag']) retrieved from /home/airflow/.local/lib/python3.8/site-packages/airflow/example_dags/example_skip_dag.py
[2023-11-04T16:32:55.042+0000] {logging_mixin.py:151} INFO - [2023-11-04T16:32:55.042+0000] {dag.py:2941} INFO - Sync 1 DAGs
[2023-11-04T16:32:55.079+0000] {logging_mixin.py:151} INFO - [2023-11-04T16:32:55.079+0000] {dag.py:3722} INFO - Setting next_dagrun for example_skip_dag to 2023-11-03T16:32:55.078693+00:00, run_after=2023-11-04T16:32:55.078693+00:00
[2023-11-04T16:32:55.110+0000] {processor.py:179} INFO - Processing /home/airflow/.local/lib/python3.8/site-packages/airflow/example_dags/example_skip_dag.py took 0.126 seconds
[2023-11-04T16:33:25.224+0000] {processor.py:157} INFO - Started process (PID=4728) to work on /home/airflow/.local/lib/python3.8/site-packages/airflow/example_dags/example_skip_dag.py
[2023-11-04T16:33:25.226+0000] {processor.py:829} INFO - Processing file /home/airflow/.local/lib/python3.8/site-packages/airflow/example_dags/example_skip_dag.py for tasks to queue
[2023-11-04T16:33:25.228+0000] {logging_mixin.py:151} INFO - [2023-11-04T16:33:25.227+0000] {dagbag.py:536} INFO - Filling up the DagBag from /home/airflow/.local/lib/python3.8/site-packages/airflow/example_dags/example_skip_dag.py
[2023-11-04T16:33:25.239+0000] {processor.py:839} INFO - DAG(s) dict_keys(['example_skip_dag']) retrieved from /home/airflow/.local/lib/python3.8/site-packages/airflow/example_dags/example_skip_dag.py
[2023-11-04T16:33:25.276+0000] {logging_mixin.py:151} INFO - [2023-11-04T16:33:25.276+0000] {dag.py:2941} INFO - Sync 1 DAGs
[2023-11-04T16:33:25.315+0000] {logging_mixin.py:151} INFO - [2023-11-04T16:33:25.315+0000] {dag.py:3722} INFO - Setting next_dagrun for example_skip_dag to 2023-11-03T16:33:25.314898+00:00, run_after=2023-11-04T16:33:25.314898+00:00
[2023-11-04T16:33:25.354+0000] {processor.py:179} INFO - Processing /home/airflow/.local/lib/python3.8/site-packages/airflow/example_dags/example_skip_dag.py took 0.135 seconds
[2023-11-04T16:33:55.401+0000] {processor.py:157} INFO - Started process (PID=4966) to work on /home/airflow/.local/lib/python3.8/site-packages/airflow/example_dags/example_skip_dag.py
[2023-11-04T16:33:55.403+0000] {processor.py:829} INFO - Processing file /home/airflow/.local/lib/python3.8/site-packages/airflow/example_dags/example_skip_dag.py for tasks to queue
[2023-11-04T16:33:55.405+0000] {logging_mixin.py:151} INFO - [2023-11-04T16:33:55.404+0000] {dagbag.py:536} INFO - Filling up the DagBag from /home/airflow/.local/lib/python3.8/site-packages/airflow/example_dags/example_skip_dag.py
[2023-11-04T16:33:55.417+0000] {processor.py:839} INFO - DAG(s) dict_keys(['example_skip_dag']) retrieved from /home/airflow/.local/lib/python3.8/site-packages/airflow/example_dags/example_skip_dag.py
[2023-11-04T16:33:55.450+0000] {logging_mixin.py:151} INFO - [2023-11-04T16:33:55.450+0000] {dag.py:2941} INFO - Sync 1 DAGs
[2023-11-04T16:33:55.482+0000] {logging_mixin.py:151} INFO - [2023-11-04T16:33:55.482+0000] {dag.py:3722} INFO - Setting next_dagrun for example_skip_dag to 2023-11-03T16:33:55.481659+00:00, run_after=2023-11-04T16:33:55.481659+00:00
[2023-11-04T16:33:55.512+0000] {processor.py:179} INFO - Processing /home/airflow/.local/lib/python3.8/site-packages/airflow/example_dags/example_skip_dag.py took 0.117 seconds
[2023-11-04T16:34:25.901+0000] {processor.py:157} INFO - Started process (PID=5204) to work on /home/airflow/.local/lib/python3.8/site-packages/airflow/example_dags/example_skip_dag.py
[2023-11-04T16:34:25.902+0000] {processor.py:829} INFO - Processing file /home/airflow/.local/lib/python3.8/site-packages/airflow/example_dags/example_skip_dag.py for tasks to queue
[2023-11-04T16:34:25.904+0000] {logging_mixin.py:151} INFO - [2023-11-04T16:34:25.903+0000] {dagbag.py:536} INFO - Filling up the DagBag from /home/airflow/.local/lib/python3.8/site-packages/airflow/example_dags/example_skip_dag.py
[2023-11-04T16:34:25.917+0000] {processor.py:839} INFO - DAG(s) dict_keys(['example_skip_dag']) retrieved from /home/airflow/.local/lib/python3.8/site-packages/airflow/example_dags/example_skip_dag.py
[2023-11-04T16:34:25.954+0000] {logging_mixin.py:151} INFO - [2023-11-04T16:34:25.953+0000] {dag.py:2941} INFO - Sync 1 DAGs
[2023-11-04T16:34:25.989+0000] {logging_mixin.py:151} INFO - [2023-11-04T16:34:25.989+0000] {dag.py:3722} INFO - Setting next_dagrun for example_skip_dag to 2023-11-03T16:34:25.988966+00:00, run_after=2023-11-04T16:34:25.988966+00:00
[2023-11-04T16:34:26.022+0000] {processor.py:179} INFO - Processing /home/airflow/.local/lib/python3.8/site-packages/airflow/example_dags/example_skip_dag.py took 0.127 seconds
[2023-11-04T16:34:56.821+0000] {processor.py:157} INFO - Started process (PID=5442) to work on /home/airflow/.local/lib/python3.8/site-packages/airflow/example_dags/example_skip_dag.py
[2023-11-04T16:34:56.822+0000] {processor.py:829} INFO - Processing file /home/airflow/.local/lib/python3.8/site-packages/airflow/example_dags/example_skip_dag.py for tasks to queue
[2023-11-04T16:34:56.824+0000] {logging_mixin.py:151} INFO - [2023-11-04T16:34:56.823+0000] {dagbag.py:536} INFO - Filling up the DagBag from /home/airflow/.local/lib/python3.8/site-packages/airflow/example_dags/example_skip_dag.py
[2023-11-04T16:34:56.836+0000] {processor.py:839} INFO - DAG(s) dict_keys(['example_skip_dag']) retrieved from /home/airflow/.local/lib/python3.8/site-packages/airflow/example_dags/example_skip_dag.py
[2023-11-04T16:34:56.871+0000] {logging_mixin.py:151} INFO - [2023-11-04T16:34:56.870+0000] {dag.py:2941} INFO - Sync 1 DAGs
[2023-11-04T16:34:56.904+0000] {logging_mixin.py:151} INFO - [2023-11-04T16:34:56.903+0000] {dag.py:3722} INFO - Setting next_dagrun for example_skip_dag to 2023-11-03T16:34:56.903470+00:00, run_after=2023-11-04T16:34:56.903470+00:00
[2023-11-04T16:34:56.933+0000] {processor.py:179} INFO - Processing /home/airflow/.local/lib/python3.8/site-packages/airflow/example_dags/example_skip_dag.py took 0.117 seconds
[2023-11-04T16:35:27.678+0000] {processor.py:157} INFO - Started process (PID=5678) to work on /home/airflow/.local/lib/python3.8/site-packages/airflow/example_dags/example_skip_dag.py
[2023-11-04T16:35:27.680+0000] {processor.py:829} INFO - Processing file /home/airflow/.local/lib/python3.8/site-packages/airflow/example_dags/example_skip_dag.py for tasks to queue
[2023-11-04T16:35:27.681+0000] {logging_mixin.py:151} INFO - [2023-11-04T16:35:27.681+0000] {dagbag.py:536} INFO - Filling up the DagBag from /home/airflow/.local/lib/python3.8/site-packages/airflow/example_dags/example_skip_dag.py
[2023-11-04T16:35:27.693+0000] {processor.py:839} INFO - DAG(s) dict_keys(['example_skip_dag']) retrieved from /home/airflow/.local/lib/python3.8/site-packages/airflow/example_dags/example_skip_dag.py
[2023-11-04T16:35:27.728+0000] {logging_mixin.py:151} INFO - [2023-11-04T16:35:27.727+0000] {dag.py:2941} INFO - Sync 1 DAGs
[2023-11-04T16:35:27.761+0000] {logging_mixin.py:151} INFO - [2023-11-04T16:35:27.761+0000] {dag.py:3722} INFO - Setting next_dagrun for example_skip_dag to 2023-11-03T16:35:27.761269+00:00, run_after=2023-11-04T16:35:27.761269+00:00
[2023-11-04T16:35:27.794+0000] {processor.py:179} INFO - Processing /home/airflow/.local/lib/python3.8/site-packages/airflow/example_dags/example_skip_dag.py took 0.120 seconds
[2023-11-04T16:35:57.865+0000] {processor.py:157} INFO - Started process (PID=5916) to work on /home/airflow/.local/lib/python3.8/site-packages/airflow/example_dags/example_skip_dag.py
[2023-11-04T16:35:57.867+0000] {processor.py:829} INFO - Processing file /home/airflow/.local/lib/python3.8/site-packages/airflow/example_dags/example_skip_dag.py for tasks to queue
[2023-11-04T16:35:57.868+0000] {logging_mixin.py:151} INFO - [2023-11-04T16:35:57.868+0000] {dagbag.py:536} INFO - Filling up the DagBag from /home/airflow/.local/lib/python3.8/site-packages/airflow/example_dags/example_skip_dag.py
[2023-11-04T16:35:57.880+0000] {processor.py:839} INFO - DAG(s) dict_keys(['example_skip_dag']) retrieved from /home/airflow/.local/lib/python3.8/site-packages/airflow/example_dags/example_skip_dag.py
[2023-11-04T16:35:57.915+0000] {logging_mixin.py:151} INFO - [2023-11-04T16:35:57.915+0000] {dag.py:2941} INFO - Sync 1 DAGs
[2023-11-04T16:35:57.950+0000] {logging_mixin.py:151} INFO - [2023-11-04T16:35:57.949+0000] {dag.py:3722} INFO - Setting next_dagrun for example_skip_dag to 2023-11-03T16:35:57.949402+00:00, run_after=2023-11-04T16:35:57.949402+00:00
[2023-11-04T16:35:57.982+0000] {processor.py:179} INFO - Processing /home/airflow/.local/lib/python3.8/site-packages/airflow/example_dags/example_skip_dag.py took 0.122 seconds
[2023-11-04T16:36:28.252+0000] {processor.py:157} INFO - Started process (PID=6154) to work on /home/airflow/.local/lib/python3.8/site-packages/airflow/example_dags/example_skip_dag.py
[2023-11-04T16:36:28.254+0000] {processor.py:829} INFO - Processing file /home/airflow/.local/lib/python3.8/site-packages/airflow/example_dags/example_skip_dag.py for tasks to queue
[2023-11-04T16:36:28.255+0000] {logging_mixin.py:151} INFO - [2023-11-04T16:36:28.255+0000] {dagbag.py:536} INFO - Filling up the DagBag from /home/airflow/.local/lib/python3.8/site-packages/airflow/example_dags/example_skip_dag.py
[2023-11-04T16:36:28.267+0000] {processor.py:839} INFO - DAG(s) dict_keys(['example_skip_dag']) retrieved from /home/airflow/.local/lib/python3.8/site-packages/airflow/example_dags/example_skip_dag.py
[2023-11-04T16:36:28.301+0000] {logging_mixin.py:151} INFO - [2023-11-04T16:36:28.301+0000] {dag.py:2941} INFO - Sync 1 DAGs
[2023-11-04T16:36:28.335+0000] {logging_mixin.py:151} INFO - [2023-11-04T16:36:28.334+0000] {dag.py:3722} INFO - Setting next_dagrun for example_skip_dag to 2023-11-03T16:36:28.334411+00:00, run_after=2023-11-04T16:36:28.334411+00:00
[2023-11-04T16:36:28.365+0000] {processor.py:179} INFO - Processing /home/airflow/.local/lib/python3.8/site-packages/airflow/example_dags/example_skip_dag.py took 0.118 seconds
[2023-11-04T16:36:59.096+0000] {processor.py:157} INFO - Started process (PID=6392) to work on /home/airflow/.local/lib/python3.8/site-packages/airflow/example_dags/example_skip_dag.py
[2023-11-04T16:36:59.098+0000] {processor.py:829} INFO - Processing file /home/airflow/.local/lib/python3.8/site-packages/airflow/example_dags/example_skip_dag.py for tasks to queue
[2023-11-04T16:36:59.100+0000] {logging_mixin.py:151} INFO - [2023-11-04T16:36:59.100+0000] {dagbag.py:536} INFO - Filling up the DagBag from /home/airflow/.local/lib/python3.8/site-packages/airflow/example_dags/example_skip_dag.py
[2023-11-04T16:36:59.115+0000] {processor.py:839} INFO - DAG(s) dict_keys(['example_skip_dag']) retrieved from /home/airflow/.local/lib/python3.8/site-packages/airflow/example_dags/example_skip_dag.py
[2023-11-04T16:36:59.158+0000] {logging_mixin.py:151} INFO - [2023-11-04T16:36:59.158+0000] {dag.py:2941} INFO - Sync 1 DAGs
[2023-11-04T16:36:59.207+0000] {logging_mixin.py:151} INFO - [2023-11-04T16:36:59.207+0000] {dag.py:3722} INFO - Setting next_dagrun for example_skip_dag to 2023-11-03T16:36:59.206787+00:00, run_after=2023-11-04T16:36:59.206787+00:00
[2023-11-04T16:36:59.251+0000] {processor.py:179} INFO - Processing /home/airflow/.local/lib/python3.8/site-packages/airflow/example_dags/example_skip_dag.py took 0.161 seconds
[2023-11-04T16:37:29.853+0000] {processor.py:157} INFO - Started process (PID=6630) to work on /home/airflow/.local/lib/python3.8/site-packages/airflow/example_dags/example_skip_dag.py
[2023-11-04T16:37:29.854+0000] {processor.py:829} INFO - Processing file /home/airflow/.local/lib/python3.8/site-packages/airflow/example_dags/example_skip_dag.py for tasks to queue
[2023-11-04T16:37:29.856+0000] {logging_mixin.py:151} INFO - [2023-11-04T16:37:29.856+0000] {dagbag.py:536} INFO - Filling up the DagBag from /home/airflow/.local/lib/python3.8/site-packages/airflow/example_dags/example_skip_dag.py
[2023-11-04T16:37:29.869+0000] {processor.py:839} INFO - DAG(s) dict_keys(['example_skip_dag']) retrieved from /home/airflow/.local/lib/python3.8/site-packages/airflow/example_dags/example_skip_dag.py
[2023-11-04T16:37:29.950+0000] {logging_mixin.py:151} INFO - [2023-11-04T16:37:29.949+0000] {dag.py:2941} INFO - Sync 1 DAGs
[2023-11-04T16:37:30.010+0000] {logging_mixin.py:151} INFO - [2023-11-04T16:37:30.010+0000] {dag.py:3722} INFO - Setting next_dagrun for example_skip_dag to 2023-11-03T16:37:30.009533+00:00, run_after=2023-11-04T16:37:30.009533+00:00
[2023-11-04T16:37:30.053+0000] {processor.py:179} INFO - Processing /home/airflow/.local/lib/python3.8/site-packages/airflow/example_dags/example_skip_dag.py took 0.206 seconds
[2023-11-04T16:38:00.584+0000] {processor.py:157} INFO - Started process (PID=6875) to work on /home/airflow/.local/lib/python3.8/site-packages/airflow/example_dags/example_skip_dag.py
[2023-11-04T16:38:00.585+0000] {processor.py:829} INFO - Processing file /home/airflow/.local/lib/python3.8/site-packages/airflow/example_dags/example_skip_dag.py for tasks to queue
[2023-11-04T16:38:00.587+0000] {logging_mixin.py:151} INFO - [2023-11-04T16:38:00.587+0000] {dagbag.py:536} INFO - Filling up the DagBag from /home/airflow/.local/lib/python3.8/site-packages/airflow/example_dags/example_skip_dag.py
[2023-11-04T16:38:00.599+0000] {processor.py:839} INFO - DAG(s) dict_keys(['example_skip_dag']) retrieved from /home/airflow/.local/lib/python3.8/site-packages/airflow/example_dags/example_skip_dag.py
[2023-11-04T16:38:00.637+0000] {logging_mixin.py:151} INFO - [2023-11-04T16:38:00.637+0000] {dag.py:2941} INFO - Sync 1 DAGs
[2023-11-04T16:38:00.675+0000] {logging_mixin.py:151} INFO - [2023-11-04T16:38:00.674+0000] {dag.py:3722} INFO - Setting next_dagrun for example_skip_dag to 2023-11-03T16:38:00.674528+00:00, run_after=2023-11-04T16:38:00.674528+00:00
[2023-11-04T16:38:00.704+0000] {processor.py:179} INFO - Processing /home/airflow/.local/lib/python3.8/site-packages/airflow/example_dags/example_skip_dag.py took 0.126 seconds
[2023-11-04T16:38:31.565+0000] {processor.py:157} INFO - Started process (PID=7113) to work on /home/airflow/.local/lib/python3.8/site-packages/airflow/example_dags/example_skip_dag.py
[2023-11-04T16:38:31.567+0000] {processor.py:829} INFO - Processing file /home/airflow/.local/lib/python3.8/site-packages/airflow/example_dags/example_skip_dag.py for tasks to queue
[2023-11-04T16:38:31.569+0000] {logging_mixin.py:151} INFO - [2023-11-04T16:38:31.568+0000] {dagbag.py:536} INFO - Filling up the DagBag from /home/airflow/.local/lib/python3.8/site-packages/airflow/example_dags/example_skip_dag.py
[2023-11-04T16:38:31.580+0000] {processor.py:839} INFO - DAG(s) dict_keys(['example_skip_dag']) retrieved from /home/airflow/.local/lib/python3.8/site-packages/airflow/example_dags/example_skip_dag.py
[2023-11-04T16:38:31.614+0000] {logging_mixin.py:151} INFO - [2023-11-04T16:38:31.614+0000] {dag.py:2941} INFO - Sync 1 DAGs
[2023-11-04T16:38:31.675+0000] {logging_mixin.py:151} INFO - [2023-11-04T16:38:31.674+0000] {dag.py:3722} INFO - Setting next_dagrun for example_skip_dag to 2023-11-03T16:38:31.674173+00:00, run_after=2023-11-04T16:38:31.674173+00:00
[2023-11-04T16:38:31.831+0000] {processor.py:179} INFO - Processing /home/airflow/.local/lib/python3.8/site-packages/airflow/example_dags/example_skip_dag.py took 0.271 seconds
[2023-11-04T16:39:02.330+0000] {processor.py:157} INFO - Started process (PID=7351) to work on /home/airflow/.local/lib/python3.8/site-packages/airflow/example_dags/example_skip_dag.py
[2023-11-04T16:39:02.332+0000] {processor.py:829} INFO - Processing file /home/airflow/.local/lib/python3.8/site-packages/airflow/example_dags/example_skip_dag.py for tasks to queue
[2023-11-04T16:39:02.334+0000] {logging_mixin.py:151} INFO - [2023-11-04T16:39:02.333+0000] {dagbag.py:536} INFO - Filling up the DagBag from /home/airflow/.local/lib/python3.8/site-packages/airflow/example_dags/example_skip_dag.py
[2023-11-04T16:39:02.346+0000] {processor.py:839} INFO - DAG(s) dict_keys(['example_skip_dag']) retrieved from /home/airflow/.local/lib/python3.8/site-packages/airflow/example_dags/example_skip_dag.py
[2023-11-04T16:39:02.382+0000] {logging_mixin.py:151} INFO - [2023-11-04T16:39:02.382+0000] {dag.py:2941} INFO - Sync 1 DAGs
[2023-11-04T16:39:02.419+0000] {logging_mixin.py:151} INFO - [2023-11-04T16:39:02.419+0000] {dag.py:3722} INFO - Setting next_dagrun for example_skip_dag to 2023-11-03T16:39:02.418718+00:00, run_after=2023-11-04T16:39:02.418718+00:00
[2023-11-04T16:39:02.451+0000] {processor.py:179} INFO - Processing /home/airflow/.local/lib/python3.8/site-packages/airflow/example_dags/example_skip_dag.py took 0.126 seconds
[2023-11-04T16:39:32.816+0000] {processor.py:157} INFO - Started process (PID=7589) to work on /home/airflow/.local/lib/python3.8/site-packages/airflow/example_dags/example_skip_dag.py
[2023-11-04T16:39:32.818+0000] {processor.py:829} INFO - Processing file /home/airflow/.local/lib/python3.8/site-packages/airflow/example_dags/example_skip_dag.py for tasks to queue
[2023-11-04T16:39:32.820+0000] {logging_mixin.py:151} INFO - [2023-11-04T16:39:32.819+0000] {dagbag.py:536} INFO - Filling up the DagBag from /home/airflow/.local/lib/python3.8/site-packages/airflow/example_dags/example_skip_dag.py
[2023-11-04T16:39:32.833+0000] {processor.py:839} INFO - DAG(s) dict_keys(['example_skip_dag']) retrieved from /home/airflow/.local/lib/python3.8/site-packages/airflow/example_dags/example_skip_dag.py
[2023-11-04T16:39:32.873+0000] {logging_mixin.py:151} INFO - [2023-11-04T16:39:32.873+0000] {dag.py:2941} INFO - Sync 1 DAGs
[2023-11-04T16:39:32.908+0000] {logging_mixin.py:151} INFO - [2023-11-04T16:39:32.907+0000] {dag.py:3722} INFO - Setting next_dagrun for example_skip_dag to 2023-11-03T16:39:32.907537+00:00, run_after=2023-11-04T16:39:32.907537+00:00
[2023-11-04T16:39:32.938+0000] {processor.py:179} INFO - Processing /home/airflow/.local/lib/python3.8/site-packages/airflow/example_dags/example_skip_dag.py took 0.126 seconds
[2023-11-04T16:40:03.046+0000] {processor.py:157} INFO - Started process (PID=7827) to work on /home/airflow/.local/lib/python3.8/site-packages/airflow/example_dags/example_skip_dag.py
[2023-11-04T16:40:03.048+0000] {processor.py:829} INFO - Processing file /home/airflow/.local/lib/python3.8/site-packages/airflow/example_dags/example_skip_dag.py for tasks to queue
[2023-11-04T16:40:03.050+0000] {logging_mixin.py:151} INFO - [2023-11-04T16:40:03.049+0000] {dagbag.py:536} INFO - Filling up the DagBag from /home/airflow/.local/lib/python3.8/site-packages/airflow/example_dags/example_skip_dag.py
[2023-11-04T16:40:03.062+0000] {processor.py:839} INFO - DAG(s) dict_keys(['example_skip_dag']) retrieved from /home/airflow/.local/lib/python3.8/site-packages/airflow/example_dags/example_skip_dag.py
[2023-11-04T16:40:03.097+0000] {logging_mixin.py:151} INFO - [2023-11-04T16:40:03.097+0000] {dag.py:2941} INFO - Sync 1 DAGs
[2023-11-04T16:40:03.132+0000] {logging_mixin.py:151} INFO - [2023-11-04T16:40:03.131+0000] {dag.py:3722} INFO - Setting next_dagrun for example_skip_dag to 2023-11-03T16:40:03.131470+00:00, run_after=2023-11-04T16:40:03.131470+00:00
[2023-11-04T16:40:03.162+0000] {processor.py:179} INFO - Processing /home/airflow/.local/lib/python3.8/site-packages/airflow/example_dags/example_skip_dag.py took 0.121 seconds
[2023-11-04T16:40:33.761+0000] {processor.py:157} INFO - Started process (PID=8065) to work on /home/airflow/.local/lib/python3.8/site-packages/airflow/example_dags/example_skip_dag.py
[2023-11-04T16:40:33.763+0000] {processor.py:829} INFO - Processing file /home/airflow/.local/lib/python3.8/site-packages/airflow/example_dags/example_skip_dag.py for tasks to queue
[2023-11-04T16:40:33.764+0000] {logging_mixin.py:151} INFO - [2023-11-04T16:40:33.764+0000] {dagbag.py:536} INFO - Filling up the DagBag from /home/airflow/.local/lib/python3.8/site-packages/airflow/example_dags/example_skip_dag.py
[2023-11-04T16:40:33.780+0000] {processor.py:839} INFO - DAG(s) dict_keys(['example_skip_dag']) retrieved from /home/airflow/.local/lib/python3.8/site-packages/airflow/example_dags/example_skip_dag.py
[2023-11-04T16:40:33.826+0000] {logging_mixin.py:151} INFO - [2023-11-04T16:40:33.826+0000] {dag.py:2941} INFO - Sync 1 DAGs
[2023-11-04T16:40:33.870+0000] {logging_mixin.py:151} INFO - [2023-11-04T16:40:33.870+0000] {dag.py:3722} INFO - Setting next_dagrun for example_skip_dag to 2023-11-03T16:40:33.869898+00:00, run_after=2023-11-04T16:40:33.869898+00:00
[2023-11-04T16:40:33.905+0000] {processor.py:179} INFO - Processing /home/airflow/.local/lib/python3.8/site-packages/airflow/example_dags/example_skip_dag.py took 0.150 seconds
[2023-11-04T16:41:04.248+0000] {processor.py:157} INFO - Started process (PID=8303) to work on /home/airflow/.local/lib/python3.8/site-packages/airflow/example_dags/example_skip_dag.py
[2023-11-04T16:41:04.250+0000] {processor.py:829} INFO - Processing file /home/airflow/.local/lib/python3.8/site-packages/airflow/example_dags/example_skip_dag.py for tasks to queue
[2023-11-04T16:41:04.251+0000] {logging_mixin.py:151} INFO - [2023-11-04T16:41:04.251+0000] {dagbag.py:536} INFO - Filling up the DagBag from /home/airflow/.local/lib/python3.8/site-packages/airflow/example_dags/example_skip_dag.py
[2023-11-04T16:41:04.263+0000] {processor.py:839} INFO - DAG(s) dict_keys(['example_skip_dag']) retrieved from /home/airflow/.local/lib/python3.8/site-packages/airflow/example_dags/example_skip_dag.py
[2023-11-04T16:41:04.297+0000] {logging_mixin.py:151} INFO - [2023-11-04T16:41:04.297+0000] {dag.py:2941} INFO - Sync 1 DAGs
[2023-11-04T16:41:04.335+0000] {logging_mixin.py:151} INFO - [2023-11-04T16:41:04.334+0000] {dag.py:3722} INFO - Setting next_dagrun for example_skip_dag to 2023-11-03T16:41:04.334520+00:00, run_after=2023-11-04T16:41:04.334520+00:00
[2023-11-04T16:41:04.364+0000] {processor.py:179} INFO - Processing /home/airflow/.local/lib/python3.8/site-packages/airflow/example_dags/example_skip_dag.py took 0.121 seconds
[2023-11-04T16:41:35.080+0000] {processor.py:157} INFO - Started process (PID=8541) to work on /home/airflow/.local/lib/python3.8/site-packages/airflow/example_dags/example_skip_dag.py
[2023-11-04T16:41:35.082+0000] {processor.py:829} INFO - Processing file /home/airflow/.local/lib/python3.8/site-packages/airflow/example_dags/example_skip_dag.py for tasks to queue
[2023-11-04T16:41:35.083+0000] {logging_mixin.py:151} INFO - [2023-11-04T16:41:35.083+0000] {dagbag.py:536} INFO - Filling up the DagBag from /home/airflow/.local/lib/python3.8/site-packages/airflow/example_dags/example_skip_dag.py
[2023-11-04T16:41:35.096+0000] {processor.py:839} INFO - DAG(s) dict_keys(['example_skip_dag']) retrieved from /home/airflow/.local/lib/python3.8/site-packages/airflow/example_dags/example_skip_dag.py
[2023-11-04T16:41:35.136+0000] {logging_mixin.py:151} INFO - [2023-11-04T16:41:35.135+0000] {dag.py:2941} INFO - Sync 1 DAGs
[2023-11-04T16:41:35.175+0000] {logging_mixin.py:151} INFO - [2023-11-04T16:41:35.174+0000] {dag.py:3722} INFO - Setting next_dagrun for example_skip_dag to 2023-11-03T16:41:35.174456+00:00, run_after=2023-11-04T16:41:35.174456+00:00
[2023-11-04T16:41:35.205+0000] {processor.py:179} INFO - Processing /home/airflow/.local/lib/python3.8/site-packages/airflow/example_dags/example_skip_dag.py took 0.130 seconds
[2023-11-04T16:42:05.375+0000] {processor.py:157} INFO - Started process (PID=8779) to work on /home/airflow/.local/lib/python3.8/site-packages/airflow/example_dags/example_skip_dag.py
[2023-11-04T16:42:05.377+0000] {processor.py:829} INFO - Processing file /home/airflow/.local/lib/python3.8/site-packages/airflow/example_dags/example_skip_dag.py for tasks to queue
[2023-11-04T16:42:05.379+0000] {logging_mixin.py:151} INFO - [2023-11-04T16:42:05.378+0000] {dagbag.py:536} INFO - Filling up the DagBag from /home/airflow/.local/lib/python3.8/site-packages/airflow/example_dags/example_skip_dag.py
[2023-11-04T16:42:05.392+0000] {processor.py:839} INFO - DAG(s) dict_keys(['example_skip_dag']) retrieved from /home/airflow/.local/lib/python3.8/site-packages/airflow/example_dags/example_skip_dag.py
[2023-11-04T16:42:05.432+0000] {logging_mixin.py:151} INFO - [2023-11-04T16:42:05.431+0000] {dag.py:2941} INFO - Sync 1 DAGs
[2023-11-04T16:42:05.473+0000] {logging_mixin.py:151} INFO - [2023-11-04T16:42:05.472+0000] {dag.py:3722} INFO - Setting next_dagrun for example_skip_dag to 2023-11-03T16:42:05.472177+00:00, run_after=2023-11-04T16:42:05.472177+00:00
[2023-11-04T16:42:05.505+0000] {processor.py:179} INFO - Processing /home/airflow/.local/lib/python3.8/site-packages/airflow/example_dags/example_skip_dag.py took 0.135 seconds
[2023-11-04T17:13:28.035+0000] {processor.py:157} INFO - Started process (PID=204) to work on /home/airflow/.local/lib/python3.8/site-packages/airflow/example_dags/example_skip_dag.py
[2023-11-04T17:13:28.037+0000] {processor.py:829} INFO - Processing file /home/airflow/.local/lib/python3.8/site-packages/airflow/example_dags/example_skip_dag.py for tasks to queue
[2023-11-04T17:13:28.039+0000] {logging_mixin.py:151} INFO - [2023-11-04T17:13:28.039+0000] {dagbag.py:536} INFO - Filling up the DagBag from /home/airflow/.local/lib/python3.8/site-packages/airflow/example_dags/example_skip_dag.py
[2023-11-04T17:13:28.057+0000] {processor.py:839} INFO - DAG(s) dict_keys(['example_skip_dag']) retrieved from /home/airflow/.local/lib/python3.8/site-packages/airflow/example_dags/example_skip_dag.py
[2023-11-04T17:13:28.112+0000] {logging_mixin.py:151} INFO - [2023-11-04T17:13:28.111+0000] {dag.py:2941} INFO - Sync 1 DAGs
[2023-11-04T17:13:28.151+0000] {logging_mixin.py:151} INFO - [2023-11-04T17:13:28.151+0000] {dag.py:3722} INFO - Setting next_dagrun for example_skip_dag to 2023-11-03T17:13:28.150839+00:00, run_after=2023-11-04T17:13:28.150839+00:00
[2023-11-04T17:13:28.184+0000] {processor.py:179} INFO - Processing /home/airflow/.local/lib/python3.8/site-packages/airflow/example_dags/example_skip_dag.py took 0.154 seconds
[2023-11-04T17:13:58.636+0000] {processor.py:157} INFO - Started process (PID=442) to work on /home/airflow/.local/lib/python3.8/site-packages/airflow/example_dags/example_skip_dag.py
[2023-11-04T17:13:58.637+0000] {processor.py:829} INFO - Processing file /home/airflow/.local/lib/python3.8/site-packages/airflow/example_dags/example_skip_dag.py for tasks to queue
[2023-11-04T17:13:58.640+0000] {logging_mixin.py:151} INFO - [2023-11-04T17:13:58.640+0000] {dagbag.py:536} INFO - Filling up the DagBag from /home/airflow/.local/lib/python3.8/site-packages/airflow/example_dags/example_skip_dag.py
[2023-11-04T17:13:58.656+0000] {processor.py:839} INFO - DAG(s) dict_keys(['example_skip_dag']) retrieved from /home/airflow/.local/lib/python3.8/site-packages/airflow/example_dags/example_skip_dag.py
[2023-11-04T17:13:58.674+0000] {logging_mixin.py:151} INFO - [2023-11-04T17:13:58.673+0000] {dag.py:2941} INFO - Sync 1 DAGs
[2023-11-04T17:13:58.725+0000] {logging_mixin.py:151} INFO - [2023-11-04T17:13:58.725+0000] {dag.py:3722} INFO - Setting next_dagrun for example_skip_dag to 2023-11-03T17:13:58.724724+00:00, run_after=2023-11-04T17:13:58.724724+00:00
[2023-11-04T17:13:58.763+0000] {processor.py:179} INFO - Processing /home/airflow/.local/lib/python3.8/site-packages/airflow/example_dags/example_skip_dag.py took 0.132 seconds
[2023-11-04T17:14:28.888+0000] {processor.py:157} INFO - Started process (PID=680) to work on /home/airflow/.local/lib/python3.8/site-packages/airflow/example_dags/example_skip_dag.py
[2023-11-04T17:14:28.889+0000] {processor.py:829} INFO - Processing file /home/airflow/.local/lib/python3.8/site-packages/airflow/example_dags/example_skip_dag.py for tasks to queue
[2023-11-04T17:14:28.891+0000] {logging_mixin.py:151} INFO - [2023-11-04T17:14:28.890+0000] {dagbag.py:536} INFO - Filling up the DagBag from /home/airflow/.local/lib/python3.8/site-packages/airflow/example_dags/example_skip_dag.py
[2023-11-04T17:14:28.902+0000] {processor.py:839} INFO - DAG(s) dict_keys(['example_skip_dag']) retrieved from /home/airflow/.local/lib/python3.8/site-packages/airflow/example_dags/example_skip_dag.py
[2023-11-04T17:14:28.920+0000] {logging_mixin.py:151} INFO - [2023-11-04T17:14:28.920+0000] {dag.py:2941} INFO - Sync 1 DAGs
[2023-11-04T17:14:28.952+0000] {logging_mixin.py:151} INFO - [2023-11-04T17:14:28.952+0000] {dag.py:3722} INFO - Setting next_dagrun for example_skip_dag to 2023-11-03T17:14:28.952297+00:00, run_after=2023-11-04T17:14:28.952297+00:00
[2023-11-04T17:14:28.986+0000] {processor.py:179} INFO - Processing /home/airflow/.local/lib/python3.8/site-packages/airflow/example_dags/example_skip_dag.py took 0.103 seconds
[2023-11-04T17:14:59.410+0000] {processor.py:157} INFO - Started process (PID=916) to work on /home/airflow/.local/lib/python3.8/site-packages/airflow/example_dags/example_skip_dag.py
[2023-11-04T17:14:59.412+0000] {processor.py:829} INFO - Processing file /home/airflow/.local/lib/python3.8/site-packages/airflow/example_dags/example_skip_dag.py for tasks to queue
[2023-11-04T17:14:59.413+0000] {logging_mixin.py:151} INFO - [2023-11-04T17:14:59.413+0000] {dagbag.py:536} INFO - Filling up the DagBag from /home/airflow/.local/lib/python3.8/site-packages/airflow/example_dags/example_skip_dag.py
[2023-11-04T17:14:59.426+0000] {processor.py:839} INFO - DAG(s) dict_keys(['example_skip_dag']) retrieved from /home/airflow/.local/lib/python3.8/site-packages/airflow/example_dags/example_skip_dag.py
[2023-11-04T17:14:59.462+0000] {logging_mixin.py:151} INFO - [2023-11-04T17:14:59.461+0000] {dag.py:2941} INFO - Sync 1 DAGs
[2023-11-04T17:14:59.498+0000] {logging_mixin.py:151} INFO - [2023-11-04T17:14:59.498+0000] {dag.py:3722} INFO - Setting next_dagrun for example_skip_dag to 2023-11-03T17:14:59.497873+00:00, run_after=2023-11-04T17:14:59.497873+00:00
[2023-11-04T17:14:59.531+0000] {processor.py:179} INFO - Processing /home/airflow/.local/lib/python3.8/site-packages/airflow/example_dags/example_skip_dag.py took 0.126 seconds
[2023-11-04T17:15:30.317+0000] {processor.py:157} INFO - Started process (PID=1151) to work on /home/airflow/.local/lib/python3.8/site-packages/airflow/example_dags/example_skip_dag.py
[2023-11-04T17:15:30.318+0000] {processor.py:829} INFO - Processing file /home/airflow/.local/lib/python3.8/site-packages/airflow/example_dags/example_skip_dag.py for tasks to queue
[2023-11-04T17:15:30.320+0000] {logging_mixin.py:151} INFO - [2023-11-04T17:15:30.320+0000] {dagbag.py:536} INFO - Filling up the DagBag from /home/airflow/.local/lib/python3.8/site-packages/airflow/example_dags/example_skip_dag.py
[2023-11-04T17:15:30.335+0000] {processor.py:839} INFO - DAG(s) dict_keys(['example_skip_dag']) retrieved from /home/airflow/.local/lib/python3.8/site-packages/airflow/example_dags/example_skip_dag.py
[2023-11-04T17:15:30.382+0000] {logging_mixin.py:151} INFO - [2023-11-04T17:15:30.381+0000] {dag.py:2941} INFO - Sync 1 DAGs
[2023-11-04T17:15:30.430+0000] {logging_mixin.py:151} INFO - [2023-11-04T17:15:30.430+0000] {dag.py:3722} INFO - Setting next_dagrun for example_skip_dag to 2023-11-03T17:15:30.429835+00:00, run_after=2023-11-04T17:15:30.429835+00:00
[2023-11-04T17:15:30.469+0000] {processor.py:179} INFO - Processing /home/airflow/.local/lib/python3.8/site-packages/airflow/example_dags/example_skip_dag.py took 0.159 seconds
[2023-11-04T17:16:00.908+0000] {processor.py:157} INFO - Started process (PID=1413) to work on /home/airflow/.local/lib/python3.8/site-packages/airflow/example_dags/example_skip_dag.py
[2023-11-04T17:16:00.910+0000] {processor.py:829} INFO - Processing file /home/airflow/.local/lib/python3.8/site-packages/airflow/example_dags/example_skip_dag.py for tasks to queue
[2023-11-04T17:16:00.912+0000] {logging_mixin.py:151} INFO - [2023-11-04T17:16:00.912+0000] {dagbag.py:536} INFO - Filling up the DagBag from /home/airflow/.local/lib/python3.8/site-packages/airflow/example_dags/example_skip_dag.py
[2023-11-04T17:16:00.931+0000] {processor.py:839} INFO - DAG(s) dict_keys(['example_skip_dag']) retrieved from /home/airflow/.local/lib/python3.8/site-packages/airflow/example_dags/example_skip_dag.py
[2023-11-04T17:16:00.974+0000] {logging_mixin.py:151} INFO - [2023-11-04T17:16:00.974+0000] {dag.py:2941} INFO - Sync 1 DAGs
[2023-11-04T17:16:01.016+0000] {logging_mixin.py:151} INFO - [2023-11-04T17:16:01.015+0000] {dag.py:3722} INFO - Setting next_dagrun for example_skip_dag to 2023-11-03T17:16:01.015367+00:00, run_after=2023-11-04T17:16:01.015367+00:00
[2023-11-04T17:16:01.055+0000] {processor.py:179} INFO - Processing /home/airflow/.local/lib/python3.8/site-packages/airflow/example_dags/example_skip_dag.py took 0.155 seconds
[2023-11-04T17:16:31.172+0000] {processor.py:157} INFO - Started process (PID=1657) to work on /home/airflow/.local/lib/python3.8/site-packages/airflow/example_dags/example_skip_dag.py
[2023-11-04T17:16:31.174+0000] {processor.py:829} INFO - Processing file /home/airflow/.local/lib/python3.8/site-packages/airflow/example_dags/example_skip_dag.py for tasks to queue
[2023-11-04T17:16:31.175+0000] {logging_mixin.py:151} INFO - [2023-11-04T17:16:31.175+0000] {dagbag.py:536} INFO - Filling up the DagBag from /home/airflow/.local/lib/python3.8/site-packages/airflow/example_dags/example_skip_dag.py
[2023-11-04T17:16:31.186+0000] {processor.py:839} INFO - DAG(s) dict_keys(['example_skip_dag']) retrieved from /home/airflow/.local/lib/python3.8/site-packages/airflow/example_dags/example_skip_dag.py
[2023-11-04T17:16:31.219+0000] {logging_mixin.py:151} INFO - [2023-11-04T17:16:31.219+0000] {dag.py:2941} INFO - Sync 1 DAGs
[2023-11-04T17:16:31.250+0000] {logging_mixin.py:151} INFO - [2023-11-04T17:16:31.250+0000] {dag.py:3722} INFO - Setting next_dagrun for example_skip_dag to 2023-11-03T17:16:31.250164+00:00, run_after=2023-11-04T17:16:31.250164+00:00
[2023-11-04T17:16:31.283+0000] {processor.py:179} INFO - Processing /home/airflow/.local/lib/python3.8/site-packages/airflow/example_dags/example_skip_dag.py took 0.116 seconds
[2023-11-04T17:17:01.777+0000] {processor.py:157} INFO - Started process (PID=1895) to work on /home/airflow/.local/lib/python3.8/site-packages/airflow/example_dags/example_skip_dag.py
[2023-11-04T17:17:01.779+0000] {processor.py:829} INFO - Processing file /home/airflow/.local/lib/python3.8/site-packages/airflow/example_dags/example_skip_dag.py for tasks to queue
[2023-11-04T17:17:01.781+0000] {logging_mixin.py:151} INFO - [2023-11-04T17:17:01.780+0000] {dagbag.py:536} INFO - Filling up the DagBag from /home/airflow/.local/lib/python3.8/site-packages/airflow/example_dags/example_skip_dag.py
[2023-11-04T17:17:01.793+0000] {processor.py:839} INFO - DAG(s) dict_keys(['example_skip_dag']) retrieved from /home/airflow/.local/lib/python3.8/site-packages/airflow/example_dags/example_skip_dag.py
[2023-11-04T17:17:01.827+0000] {logging_mixin.py:151} INFO - [2023-11-04T17:17:01.827+0000] {dag.py:2941} INFO - Sync 1 DAGs
[2023-11-04T17:17:01.863+0000] {logging_mixin.py:151} INFO - [2023-11-04T17:17:01.862+0000] {dag.py:3722} INFO - Setting next_dagrun for example_skip_dag to 2023-11-03T17:17:01.862308+00:00, run_after=2023-11-04T17:17:01.862308+00:00
[2023-11-04T17:17:01.895+0000] {processor.py:179} INFO - Processing /home/airflow/.local/lib/python3.8/site-packages/airflow/example_dags/example_skip_dag.py took 0.122 seconds
[2023-11-04T17:17:32.023+0000] {processor.py:157} INFO - Started process (PID=2133) to work on /home/airflow/.local/lib/python3.8/site-packages/airflow/example_dags/example_skip_dag.py
[2023-11-04T17:17:32.024+0000] {processor.py:829} INFO - Processing file /home/airflow/.local/lib/python3.8/site-packages/airflow/example_dags/example_skip_dag.py for tasks to queue
[2023-11-04T17:17:32.025+0000] {logging_mixin.py:151} INFO - [2023-11-04T17:17:32.025+0000] {dagbag.py:536} INFO - Filling up the DagBag from /home/airflow/.local/lib/python3.8/site-packages/airflow/example_dags/example_skip_dag.py
[2023-11-04T17:17:32.037+0000] {processor.py:839} INFO - DAG(s) dict_keys(['example_skip_dag']) retrieved from /home/airflow/.local/lib/python3.8/site-packages/airflow/example_dags/example_skip_dag.py
[2023-11-04T17:17:32.069+0000] {logging_mixin.py:151} INFO - [2023-11-04T17:17:32.069+0000] {dag.py:2941} INFO - Sync 1 DAGs
[2023-11-04T17:17:32.103+0000] {logging_mixin.py:151} INFO - [2023-11-04T17:17:32.102+0000] {dag.py:3722} INFO - Setting next_dagrun for example_skip_dag to 2023-11-03T17:17:32.102419+00:00, run_after=2023-11-04T17:17:32.102419+00:00
[2023-11-04T17:17:32.131+0000] {processor.py:179} INFO - Processing /home/airflow/.local/lib/python3.8/site-packages/airflow/example_dags/example_skip_dag.py took 0.113 seconds
[2023-11-04T17:18:02.253+0000] {processor.py:157} INFO - Started process (PID=2371) to work on /home/airflow/.local/lib/python3.8/site-packages/airflow/example_dags/example_skip_dag.py
[2023-11-04T17:18:02.255+0000] {processor.py:829} INFO - Processing file /home/airflow/.local/lib/python3.8/site-packages/airflow/example_dags/example_skip_dag.py for tasks to queue
[2023-11-04T17:18:02.256+0000] {logging_mixin.py:151} INFO - [2023-11-04T17:18:02.256+0000] {dagbag.py:536} INFO - Filling up the DagBag from /home/airflow/.local/lib/python3.8/site-packages/airflow/example_dags/example_skip_dag.py
[2023-11-04T17:18:02.268+0000] {processor.py:839} INFO - DAG(s) dict_keys(['example_skip_dag']) retrieved from /home/airflow/.local/lib/python3.8/site-packages/airflow/example_dags/example_skip_dag.py
[2023-11-04T17:18:02.300+0000] {logging_mixin.py:151} INFO - [2023-11-04T17:18:02.300+0000] {dag.py:2941} INFO - Sync 1 DAGs
[2023-11-04T17:18:02.333+0000] {logging_mixin.py:151} INFO - [2023-11-04T17:18:02.332+0000] {dag.py:3722} INFO - Setting next_dagrun for example_skip_dag to 2023-11-03T17:18:02.332377+00:00, run_after=2023-11-04T17:18:02.332377+00:00
[2023-11-04T17:18:02.360+0000] {processor.py:179} INFO - Processing /home/airflow/.local/lib/python3.8/site-packages/airflow/example_dags/example_skip_dag.py took 0.112 seconds
[2023-11-04T17:18:33.147+0000] {processor.py:157} INFO - Started process (PID=2607) to work on /home/airflow/.local/lib/python3.8/site-packages/airflow/example_dags/example_skip_dag.py
[2023-11-04T17:18:33.149+0000] {processor.py:829} INFO - Processing file /home/airflow/.local/lib/python3.8/site-packages/airflow/example_dags/example_skip_dag.py for tasks to queue
[2023-11-04T17:18:33.150+0000] {logging_mixin.py:151} INFO - [2023-11-04T17:18:33.150+0000] {dagbag.py:536} INFO - Filling up the DagBag from /home/airflow/.local/lib/python3.8/site-packages/airflow/example_dags/example_skip_dag.py
[2023-11-04T17:18:33.162+0000] {processor.py:839} INFO - DAG(s) dict_keys(['example_skip_dag']) retrieved from /home/airflow/.local/lib/python3.8/site-packages/airflow/example_dags/example_skip_dag.py
[2023-11-04T17:18:33.196+0000] {logging_mixin.py:151} INFO - [2023-11-04T17:18:33.196+0000] {dag.py:2941} INFO - Sync 1 DAGs
[2023-11-04T17:18:33.229+0000] {logging_mixin.py:151} INFO - [2023-11-04T17:18:33.229+0000] {dag.py:3722} INFO - Setting next_dagrun for example_skip_dag to 2023-11-03T17:18:33.228856+00:00, run_after=2023-11-04T17:18:33.228856+00:00
[2023-11-04T17:18:33.259+0000] {processor.py:179} INFO - Processing /home/airflow/.local/lib/python3.8/site-packages/airflow/example_dags/example_skip_dag.py took 0.116 seconds
[2023-11-04T17:19:04.168+0000] {processor.py:157} INFO - Started process (PID=2845) to work on /home/airflow/.local/lib/python3.8/site-packages/airflow/example_dags/example_skip_dag.py
[2023-11-04T17:19:04.169+0000] {processor.py:829} INFO - Processing file /home/airflow/.local/lib/python3.8/site-packages/airflow/example_dags/example_skip_dag.py for tasks to queue
[2023-11-04T17:19:04.171+0000] {logging_mixin.py:151} INFO - [2023-11-04T17:19:04.171+0000] {dagbag.py:536} INFO - Filling up the DagBag from /home/airflow/.local/lib/python3.8/site-packages/airflow/example_dags/example_skip_dag.py
[2023-11-04T17:19:04.189+0000] {processor.py:839} INFO - DAG(s) dict_keys(['example_skip_dag']) retrieved from /home/airflow/.local/lib/python3.8/site-packages/airflow/example_dags/example_skip_dag.py
[2023-11-04T17:19:04.241+0000] {logging_mixin.py:151} INFO - [2023-11-04T17:19:04.241+0000] {dag.py:2941} INFO - Sync 1 DAGs
[2023-11-04T17:19:04.285+0000] {logging_mixin.py:151} INFO - [2023-11-04T17:19:04.285+0000] {dag.py:3722} INFO - Setting next_dagrun for example_skip_dag to 2023-11-03T17:19:04.285261+00:00, run_after=2023-11-04T17:19:04.285261+00:00
[2023-11-04T17:19:04.324+0000] {processor.py:179} INFO - Processing /home/airflow/.local/lib/python3.8/site-packages/airflow/example_dags/example_skip_dag.py took 0.162 seconds
[2023-11-04T17:19:34.790+0000] {processor.py:157} INFO - Started process (PID=3083) to work on /home/airflow/.local/lib/python3.8/site-packages/airflow/example_dags/example_skip_dag.py
[2023-11-04T17:19:34.793+0000] {processor.py:829} INFO - Processing file /home/airflow/.local/lib/python3.8/site-packages/airflow/example_dags/example_skip_dag.py for tasks to queue
[2023-11-04T17:19:34.795+0000] {logging_mixin.py:151} INFO - [2023-11-04T17:19:34.795+0000] {dagbag.py:536} INFO - Filling up the DagBag from /home/airflow/.local/lib/python3.8/site-packages/airflow/example_dags/example_skip_dag.py
[2023-11-04T17:19:34.808+0000] {processor.py:839} INFO - DAG(s) dict_keys(['example_skip_dag']) retrieved from /home/airflow/.local/lib/python3.8/site-packages/airflow/example_dags/example_skip_dag.py
[2023-11-04T17:19:34.842+0000] {logging_mixin.py:151} INFO - [2023-11-04T17:19:34.841+0000] {dag.py:2941} INFO - Sync 1 DAGs
[2023-11-04T17:19:34.877+0000] {logging_mixin.py:151} INFO - [2023-11-04T17:19:34.877+0000] {dag.py:3722} INFO - Setting next_dagrun for example_skip_dag to 2023-11-03T17:19:34.877295+00:00, run_after=2023-11-04T17:19:34.877295+00:00
[2023-11-04T17:19:34.909+0000] {processor.py:179} INFO - Processing /home/airflow/.local/lib/python3.8/site-packages/airflow/example_dags/example_skip_dag.py took 0.124 seconds
[2023-11-04T17:20:05.375+0000] {processor.py:157} INFO - Started process (PID=3321) to work on /home/airflow/.local/lib/python3.8/site-packages/airflow/example_dags/example_skip_dag.py
[2023-11-04T17:20:05.376+0000] {processor.py:829} INFO - Processing file /home/airflow/.local/lib/python3.8/site-packages/airflow/example_dags/example_skip_dag.py for tasks to queue
[2023-11-04T17:20:05.378+0000] {logging_mixin.py:151} INFO - [2023-11-04T17:20:05.377+0000] {dagbag.py:536} INFO - Filling up the DagBag from /home/airflow/.local/lib/python3.8/site-packages/airflow/example_dags/example_skip_dag.py
[2023-11-04T17:20:05.390+0000] {processor.py:839} INFO - DAG(s) dict_keys(['example_skip_dag']) retrieved from /home/airflow/.local/lib/python3.8/site-packages/airflow/example_dags/example_skip_dag.py
[2023-11-04T17:20:05.422+0000] {logging_mixin.py:151} INFO - [2023-11-04T17:20:05.422+0000] {dag.py:2941} INFO - Sync 1 DAGs
[2023-11-04T17:20:05.455+0000] {logging_mixin.py:151} INFO - [2023-11-04T17:20:05.454+0000] {dag.py:3722} INFO - Setting next_dagrun for example_skip_dag to 2023-11-03T17:20:05.454449+00:00, run_after=2023-11-04T17:20:05.454449+00:00
[2023-11-04T17:20:05.484+0000] {processor.py:179} INFO - Processing /home/airflow/.local/lib/python3.8/site-packages/airflow/example_dags/example_skip_dag.py took 0.113 seconds
[2023-11-04T17:20:35.764+0000] {processor.py:157} INFO - Started process (PID=3566) to work on /home/airflow/.local/lib/python3.8/site-packages/airflow/example_dags/example_skip_dag.py
[2023-11-04T17:20:35.765+0000] {processor.py:829} INFO - Processing file /home/airflow/.local/lib/python3.8/site-packages/airflow/example_dags/example_skip_dag.py for tasks to queue
[2023-11-04T17:20:35.767+0000] {logging_mixin.py:151} INFO - [2023-11-04T17:20:35.767+0000] {dagbag.py:536} INFO - Filling up the DagBag from /home/airflow/.local/lib/python3.8/site-packages/airflow/example_dags/example_skip_dag.py
[2023-11-04T17:20:35.779+0000] {processor.py:839} INFO - DAG(s) dict_keys(['example_skip_dag']) retrieved from /home/airflow/.local/lib/python3.8/site-packages/airflow/example_dags/example_skip_dag.py
[2023-11-04T17:20:35.812+0000] {logging_mixin.py:151} INFO - [2023-11-04T17:20:35.812+0000] {dag.py:2941} INFO - Sync 1 DAGs
[2023-11-04T17:20:35.847+0000] {logging_mixin.py:151} INFO - [2023-11-04T17:20:35.847+0000] {dag.py:3722} INFO - Setting next_dagrun for example_skip_dag to 2023-11-03T17:20:35.847266+00:00, run_after=2023-11-04T17:20:35.847266+00:00
[2023-11-04T17:20:35.876+0000] {processor.py:179} INFO - Processing /home/airflow/.local/lib/python3.8/site-packages/airflow/example_dags/example_skip_dag.py took 0.118 seconds
[2023-11-04T17:21:06.644+0000] {processor.py:157} INFO - Started process (PID=3804) to work on /home/airflow/.local/lib/python3.8/site-packages/airflow/example_dags/example_skip_dag.py
[2023-11-04T17:21:06.646+0000] {processor.py:829} INFO - Processing file /home/airflow/.local/lib/python3.8/site-packages/airflow/example_dags/example_skip_dag.py for tasks to queue
[2023-11-04T17:21:06.647+0000] {logging_mixin.py:151} INFO - [2023-11-04T17:21:06.647+0000] {dagbag.py:536} INFO - Filling up the DagBag from /home/airflow/.local/lib/python3.8/site-packages/airflow/example_dags/example_skip_dag.py
[2023-11-04T17:21:06.659+0000] {processor.py:839} INFO - DAG(s) dict_keys(['example_skip_dag']) retrieved from /home/airflow/.local/lib/python3.8/site-packages/airflow/example_dags/example_skip_dag.py
[2023-11-04T17:21:06.693+0000] {logging_mixin.py:151} INFO - [2023-11-04T17:21:06.692+0000] {dag.py:2941} INFO - Sync 1 DAGs
[2023-11-04T17:21:06.726+0000] {logging_mixin.py:151} INFO - [2023-11-04T17:21:06.726+0000] {dag.py:3722} INFO - Setting next_dagrun for example_skip_dag to 2023-11-03T17:21:06.725951+00:00, run_after=2023-11-04T17:21:06.725951+00:00
[2023-11-04T17:21:06.756+0000] {processor.py:179} INFO - Processing /home/airflow/.local/lib/python3.8/site-packages/airflow/example_dags/example_skip_dag.py took 0.117 seconds
[2023-11-04T17:21:37.441+0000] {processor.py:157} INFO - Started process (PID=4076) to work on /home/airflow/.local/lib/python3.8/site-packages/airflow/example_dags/example_skip_dag.py
[2023-11-04T17:21:37.454+0000] {processor.py:829} INFO - Processing file /home/airflow/.local/lib/python3.8/site-packages/airflow/example_dags/example_skip_dag.py for tasks to queue
[2023-11-04T17:21:37.464+0000] {logging_mixin.py:151} INFO - [2023-11-04T17:21:37.463+0000] {dagbag.py:536} INFO - Filling up the DagBag from /home/airflow/.local/lib/python3.8/site-packages/airflow/example_dags/example_skip_dag.py
[2023-11-04T17:21:37.491+0000] {processor.py:839} INFO - DAG(s) dict_keys(['example_skip_dag']) retrieved from /home/airflow/.local/lib/python3.8/site-packages/airflow/example_dags/example_skip_dag.py
[2023-11-04T17:21:37.594+0000] {logging_mixin.py:151} INFO - [2023-11-04T17:21:37.594+0000] {dag.py:2941} INFO - Sync 1 DAGs
[2023-11-04T17:21:37.690+0000] {logging_mixin.py:151} INFO - [2023-11-04T17:21:37.689+0000] {dag.py:3722} INFO - Setting next_dagrun for example_skip_dag to 2023-11-03T17:21:37.689217+00:00, run_after=2023-11-04T17:21:37.689217+00:00
[2023-11-04T17:21:37.738+0000] {processor.py:179} INFO - Processing /home/airflow/.local/lib/python3.8/site-packages/airflow/example_dags/example_skip_dag.py took 0.310 seconds
[2023-11-04T17:22:07.834+0000] {processor.py:157} INFO - Started process (PID=4330) to work on /home/airflow/.local/lib/python3.8/site-packages/airflow/example_dags/example_skip_dag.py
[2023-11-04T17:22:07.836+0000] {processor.py:829} INFO - Processing file /home/airflow/.local/lib/python3.8/site-packages/airflow/example_dags/example_skip_dag.py for tasks to queue
[2023-11-04T17:22:07.838+0000] {logging_mixin.py:151} INFO - [2023-11-04T17:22:07.838+0000] {dagbag.py:536} INFO - Filling up the DagBag from /home/airflow/.local/lib/python3.8/site-packages/airflow/example_dags/example_skip_dag.py
[2023-11-04T17:22:07.852+0000] {processor.py:839} INFO - DAG(s) dict_keys(['example_skip_dag']) retrieved from /home/airflow/.local/lib/python3.8/site-packages/airflow/example_dags/example_skip_dag.py
[2023-11-04T17:22:07.891+0000] {logging_mixin.py:151} INFO - [2023-11-04T17:22:07.891+0000] {dag.py:2941} INFO - Sync 1 DAGs
[2023-11-04T17:22:07.933+0000] {logging_mixin.py:151} INFO - [2023-11-04T17:22:07.933+0000] {dag.py:3722} INFO - Setting next_dagrun for example_skip_dag to 2023-11-03T17:22:07.932886+00:00, run_after=2023-11-04T17:22:07.932886+00:00
[2023-11-04T17:22:07.982+0000] {processor.py:179} INFO - Processing /home/airflow/.local/lib/python3.8/site-packages/airflow/example_dags/example_skip_dag.py took 0.153 seconds
[2023-11-04T17:22:38.293+0000] {processor.py:157} INFO - Started process (PID=4566) to work on /home/airflow/.local/lib/python3.8/site-packages/airflow/example_dags/example_skip_dag.py
[2023-11-04T17:22:38.296+0000] {processor.py:829} INFO - Processing file /home/airflow/.local/lib/python3.8/site-packages/airflow/example_dags/example_skip_dag.py for tasks to queue
[2023-11-04T17:22:38.299+0000] {logging_mixin.py:151} INFO - [2023-11-04T17:22:38.298+0000] {dagbag.py:536} INFO - Filling up the DagBag from /home/airflow/.local/lib/python3.8/site-packages/airflow/example_dags/example_skip_dag.py
[2023-11-04T17:22:38.314+0000] {processor.py:839} INFO - DAG(s) dict_keys(['example_skip_dag']) retrieved from /home/airflow/.local/lib/python3.8/site-packages/airflow/example_dags/example_skip_dag.py
[2023-11-04T17:22:38.364+0000] {logging_mixin.py:151} INFO - [2023-11-04T17:22:38.363+0000] {dag.py:2941} INFO - Sync 1 DAGs
[2023-11-04T17:22:38.427+0000] {logging_mixin.py:151} INFO - [2023-11-04T17:22:38.426+0000] {dag.py:3722} INFO - Setting next_dagrun for example_skip_dag to 2023-11-03T17:22:38.425225+00:00, run_after=2023-11-04T17:22:38.425225+00:00
[2023-11-04T17:22:38.480+0000] {processor.py:179} INFO - Processing /home/airflow/.local/lib/python3.8/site-packages/airflow/example_dags/example_skip_dag.py took 0.192 seconds
