[2023-11-04T16:23:44.331+0000] {processor.py:157} INFO - Started process (PID=173) to work on /home/airflow/.local/lib/python3.8/site-packages/airflow/example_dags/example_latest_only_with_trigger.py
[2023-11-04T16:23:44.335+0000] {processor.py:829} INFO - Processing file /home/airflow/.local/lib/python3.8/site-packages/airflow/example_dags/example_latest_only_with_trigger.py for tasks to queue
[2023-11-04T16:23:44.339+0000] {logging_mixin.py:151} INFO - [2023-11-04T16:23:44.338+0000] {dagbag.py:536} INFO - Filling up the DagBag from /home/airflow/.local/lib/python3.8/site-packages/airflow/example_dags/example_latest_only_with_trigger.py
[2023-11-04T16:23:44.376+0000] {processor.py:839} INFO - DAG(s) dict_keys(['latest_only_with_trigger']) retrieved from /home/airflow/.local/lib/python3.8/site-packages/airflow/example_dags/example_latest_only_with_trigger.py
[2023-11-04T16:23:44.435+0000] {logging_mixin.py:151} INFO - [2023-11-04T16:23:44.435+0000] {dag.py:2941} INFO - Sync 1 DAGs
[2023-11-04T16:23:44.479+0000] {logging_mixin.py:151} INFO - [2023-11-04T16:23:44.478+0000] {dag.py:3722} INFO - Setting next_dagrun for latest_only_with_trigger to 2023-11-04T12:23:44.477975+00:00, run_after=2023-11-04T16:23:44.477975+00:00
[2023-11-04T16:23:44.519+0000] {processor.py:179} INFO - Processing /home/airflow/.local/lib/python3.8/site-packages/airflow/example_dags/example_latest_only_with_trigger.py took 0.196 seconds
[2023-11-04T16:24:14.989+0000] {processor.py:157} INFO - Started process (PID=411) to work on /home/airflow/.local/lib/python3.8/site-packages/airflow/example_dags/example_latest_only_with_trigger.py
[2023-11-04T16:24:14.991+0000] {processor.py:829} INFO - Processing file /home/airflow/.local/lib/python3.8/site-packages/airflow/example_dags/example_latest_only_with_trigger.py for tasks to queue
[2023-11-04T16:24:14.993+0000] {logging_mixin.py:151} INFO - [2023-11-04T16:24:14.993+0000] {dagbag.py:536} INFO - Filling up the DagBag from /home/airflow/.local/lib/python3.8/site-packages/airflow/example_dags/example_latest_only_with_trigger.py
[2023-11-04T16:24:15.005+0000] {processor.py:839} INFO - DAG(s) dict_keys(['latest_only_with_trigger']) retrieved from /home/airflow/.local/lib/python3.8/site-packages/airflow/example_dags/example_latest_only_with_trigger.py
[2023-11-04T16:24:15.038+0000] {logging_mixin.py:151} INFO - [2023-11-04T16:24:15.038+0000] {dag.py:2941} INFO - Sync 1 DAGs
[2023-11-04T16:24:15.071+0000] {logging_mixin.py:151} INFO - [2023-11-04T16:24:15.071+0000] {dag.py:3722} INFO - Setting next_dagrun for latest_only_with_trigger to 2023-11-04T12:24:15.071295+00:00, run_after=2023-11-04T16:24:15.071295+00:00
[2023-11-04T16:24:15.102+0000] {processor.py:179} INFO - Processing /home/airflow/.local/lib/python3.8/site-packages/airflow/example_dags/example_latest_only_with_trigger.py took 0.119 seconds
[2023-11-04T16:24:45.334+0000] {processor.py:157} INFO - Started process (PID=649) to work on /home/airflow/.local/lib/python3.8/site-packages/airflow/example_dags/example_latest_only_with_trigger.py
[2023-11-04T16:24:45.336+0000] {processor.py:829} INFO - Processing file /home/airflow/.local/lib/python3.8/site-packages/airflow/example_dags/example_latest_only_with_trigger.py for tasks to queue
[2023-11-04T16:24:45.338+0000] {logging_mixin.py:151} INFO - [2023-11-04T16:24:45.338+0000] {dagbag.py:536} INFO - Filling up the DagBag from /home/airflow/.local/lib/python3.8/site-packages/airflow/example_dags/example_latest_only_with_trigger.py
[2023-11-04T16:24:45.369+0000] {processor.py:839} INFO - DAG(s) dict_keys(['latest_only_with_trigger']) retrieved from /home/airflow/.local/lib/python3.8/site-packages/airflow/example_dags/example_latest_only_with_trigger.py
[2023-11-04T16:24:45.449+0000] {logging_mixin.py:151} INFO - [2023-11-04T16:24:45.448+0000] {dag.py:2941} INFO - Sync 1 DAGs
[2023-11-04T16:24:45.489+0000] {logging_mixin.py:151} INFO - [2023-11-04T16:24:45.489+0000] {dag.py:3722} INFO - Setting next_dagrun for latest_only_with_trigger to 2023-11-04T12:24:45.488949+00:00, run_after=2023-11-04T16:24:45.488949+00:00
[2023-11-04T16:24:45.519+0000] {processor.py:179} INFO - Processing /home/airflow/.local/lib/python3.8/site-packages/airflow/example_dags/example_latest_only_with_trigger.py took 0.191 seconds
[2023-11-04T16:25:15.697+0000] {processor.py:157} INFO - Started process (PID=887) to work on /home/airflow/.local/lib/python3.8/site-packages/airflow/example_dags/example_latest_only_with_trigger.py
[2023-11-04T16:25:15.699+0000] {processor.py:829} INFO - Processing file /home/airflow/.local/lib/python3.8/site-packages/airflow/example_dags/example_latest_only_with_trigger.py for tasks to queue
[2023-11-04T16:25:15.700+0000] {logging_mixin.py:151} INFO - [2023-11-04T16:25:15.700+0000] {dagbag.py:536} INFO - Filling up the DagBag from /home/airflow/.local/lib/python3.8/site-packages/airflow/example_dags/example_latest_only_with_trigger.py
[2023-11-04T16:25:15.710+0000] {processor.py:839} INFO - DAG(s) dict_keys(['latest_only_with_trigger']) retrieved from /home/airflow/.local/lib/python3.8/site-packages/airflow/example_dags/example_latest_only_with_trigger.py
[2023-11-04T16:25:15.742+0000] {logging_mixin.py:151} INFO - [2023-11-04T16:25:15.742+0000] {dag.py:2941} INFO - Sync 1 DAGs
[2023-11-04T16:25:15.774+0000] {logging_mixin.py:151} INFO - [2023-11-04T16:25:15.774+0000] {dag.py:3722} INFO - Setting next_dagrun for latest_only_with_trigger to 2023-11-04T12:25:15.774119+00:00, run_after=2023-11-04T16:25:15.774119+00:00
[2023-11-04T16:25:15.808+0000] {processor.py:179} INFO - Processing /home/airflow/.local/lib/python3.8/site-packages/airflow/example_dags/example_latest_only_with_trigger.py took 0.116 seconds
[2023-11-04T16:25:46.240+0000] {processor.py:157} INFO - Started process (PID=1125) to work on /home/airflow/.local/lib/python3.8/site-packages/airflow/example_dags/example_latest_only_with_trigger.py
[2023-11-04T16:25:46.242+0000] {processor.py:829} INFO - Processing file /home/airflow/.local/lib/python3.8/site-packages/airflow/example_dags/example_latest_only_with_trigger.py for tasks to queue
[2023-11-04T16:25:46.243+0000] {logging_mixin.py:151} INFO - [2023-11-04T16:25:46.243+0000] {dagbag.py:536} INFO - Filling up the DagBag from /home/airflow/.local/lib/python3.8/site-packages/airflow/example_dags/example_latest_only_with_trigger.py
[2023-11-04T16:25:46.254+0000] {processor.py:839} INFO - DAG(s) dict_keys(['latest_only_with_trigger']) retrieved from /home/airflow/.local/lib/python3.8/site-packages/airflow/example_dags/example_latest_only_with_trigger.py
[2023-11-04T16:25:46.288+0000] {logging_mixin.py:151} INFO - [2023-11-04T16:25:46.288+0000] {dag.py:2941} INFO - Sync 1 DAGs
[2023-11-04T16:25:46.330+0000] {logging_mixin.py:151} INFO - [2023-11-04T16:25:46.330+0000] {dag.py:3722} INFO - Setting next_dagrun for latest_only_with_trigger to 2023-11-04T12:25:46.329524+00:00, run_after=2023-11-04T16:25:46.329524+00:00
[2023-11-04T16:25:46.362+0000] {processor.py:179} INFO - Processing /home/airflow/.local/lib/python3.8/site-packages/airflow/example_dags/example_latest_only_with_trigger.py took 0.128 seconds
[2023-11-04T16:26:16.544+0000] {processor.py:157} INFO - Started process (PID=1363) to work on /home/airflow/.local/lib/python3.8/site-packages/airflow/example_dags/example_latest_only_with_trigger.py
[2023-11-04T16:26:16.546+0000] {processor.py:829} INFO - Processing file /home/airflow/.local/lib/python3.8/site-packages/airflow/example_dags/example_latest_only_with_trigger.py for tasks to queue
[2023-11-04T16:26:16.548+0000] {logging_mixin.py:151} INFO - [2023-11-04T16:26:16.547+0000] {dagbag.py:536} INFO - Filling up the DagBag from /home/airflow/.local/lib/python3.8/site-packages/airflow/example_dags/example_latest_only_with_trigger.py
[2023-11-04T16:26:16.559+0000] {processor.py:839} INFO - DAG(s) dict_keys(['latest_only_with_trigger']) retrieved from /home/airflow/.local/lib/python3.8/site-packages/airflow/example_dags/example_latest_only_with_trigger.py
[2023-11-04T16:26:16.580+0000] {logging_mixin.py:151} INFO - [2023-11-04T16:26:16.580+0000] {dag.py:2941} INFO - Sync 1 DAGs
[2023-11-04T16:26:16.619+0000] {logging_mixin.py:151} INFO - [2023-11-04T16:26:16.618+0000] {dag.py:3722} INFO - Setting next_dagrun for latest_only_with_trigger to 2023-11-04T12:26:16.618410+00:00, run_after=2023-11-04T16:26:16.618410+00:00
[2023-11-04T16:26:16.652+0000] {processor.py:179} INFO - Processing /home/airflow/.local/lib/python3.8/site-packages/airflow/example_dags/example_latest_only_with_trigger.py took 0.113 seconds
[2023-11-04T16:26:47.104+0000] {processor.py:157} INFO - Started process (PID=1601) to work on /home/airflow/.local/lib/python3.8/site-packages/airflow/example_dags/example_latest_only_with_trigger.py
[2023-11-04T16:26:47.106+0000] {processor.py:829} INFO - Processing file /home/airflow/.local/lib/python3.8/site-packages/airflow/example_dags/example_latest_only_with_trigger.py for tasks to queue
[2023-11-04T16:26:47.107+0000] {logging_mixin.py:151} INFO - [2023-11-04T16:26:47.107+0000] {dagbag.py:536} INFO - Filling up the DagBag from /home/airflow/.local/lib/python3.8/site-packages/airflow/example_dags/example_latest_only_with_trigger.py
[2023-11-04T16:26:47.118+0000] {processor.py:839} INFO - DAG(s) dict_keys(['latest_only_with_trigger']) retrieved from /home/airflow/.local/lib/python3.8/site-packages/airflow/example_dags/example_latest_only_with_trigger.py
[2023-11-04T16:26:47.151+0000] {logging_mixin.py:151} INFO - [2023-11-04T16:26:47.151+0000] {dag.py:2941} INFO - Sync 1 DAGs
[2023-11-04T16:26:47.185+0000] {logging_mixin.py:151} INFO - [2023-11-04T16:26:47.185+0000] {dag.py:3722} INFO - Setting next_dagrun for latest_only_with_trigger to 2023-11-04T12:26:47.184972+00:00, run_after=2023-11-04T16:26:47.184972+00:00
[2023-11-04T16:26:47.213+0000] {processor.py:179} INFO - Processing /home/airflow/.local/lib/python3.8/site-packages/airflow/example_dags/example_latest_only_with_trigger.py took 0.114 seconds
[2023-11-04T16:27:17.534+0000] {processor.py:157} INFO - Started process (PID=1839) to work on /home/airflow/.local/lib/python3.8/site-packages/airflow/example_dags/example_latest_only_with_trigger.py
[2023-11-04T16:27:17.535+0000] {processor.py:829} INFO - Processing file /home/airflow/.local/lib/python3.8/site-packages/airflow/example_dags/example_latest_only_with_trigger.py for tasks to queue
[2023-11-04T16:27:17.537+0000] {logging_mixin.py:151} INFO - [2023-11-04T16:27:17.536+0000] {dagbag.py:536} INFO - Filling up the DagBag from /home/airflow/.local/lib/python3.8/site-packages/airflow/example_dags/example_latest_only_with_trigger.py
[2023-11-04T16:27:17.548+0000] {processor.py:839} INFO - DAG(s) dict_keys(['latest_only_with_trigger']) retrieved from /home/airflow/.local/lib/python3.8/site-packages/airflow/example_dags/example_latest_only_with_trigger.py
[2023-11-04T16:27:17.602+0000] {logging_mixin.py:151} INFO - [2023-11-04T16:27:17.601+0000] {dag.py:2941} INFO - Sync 1 DAGs
[2023-11-04T16:27:17.703+0000] {logging_mixin.py:151} INFO - [2023-11-04T16:27:17.703+0000] {dag.py:3722} INFO - Setting next_dagrun for latest_only_with_trigger to 2023-11-04T12:27:17.703243+00:00, run_after=2023-11-04T16:27:17.703243+00:00
[2023-11-04T16:27:17.732+0000] {processor.py:179} INFO - Processing /home/airflow/.local/lib/python3.8/site-packages/airflow/example_dags/example_latest_only_with_trigger.py took 0.203 seconds
[2023-11-04T16:27:48.105+0000] {processor.py:157} INFO - Started process (PID=2078) to work on /home/airflow/.local/lib/python3.8/site-packages/airflow/example_dags/example_latest_only_with_trigger.py
[2023-11-04T16:27:48.106+0000] {processor.py:829} INFO - Processing file /home/airflow/.local/lib/python3.8/site-packages/airflow/example_dags/example_latest_only_with_trigger.py for tasks to queue
[2023-11-04T16:27:48.108+0000] {logging_mixin.py:151} INFO - [2023-11-04T16:27:48.108+0000] {dagbag.py:536} INFO - Filling up the DagBag from /home/airflow/.local/lib/python3.8/site-packages/airflow/example_dags/example_latest_only_with_trigger.py
[2023-11-04T16:27:48.119+0000] {processor.py:839} INFO - DAG(s) dict_keys(['latest_only_with_trigger']) retrieved from /home/airflow/.local/lib/python3.8/site-packages/airflow/example_dags/example_latest_only_with_trigger.py
[2023-11-04T16:27:48.139+0000] {logging_mixin.py:151} INFO - [2023-11-04T16:27:48.139+0000] {dag.py:2941} INFO - Sync 1 DAGs
[2023-11-04T16:27:48.178+0000] {logging_mixin.py:151} INFO - [2023-11-04T16:27:48.178+0000] {dag.py:3722} INFO - Setting next_dagrun for latest_only_with_trigger to 2023-11-04T12:27:48.178237+00:00, run_after=2023-11-04T16:27:48.178237+00:00
[2023-11-04T16:27:48.213+0000] {processor.py:179} INFO - Processing /home/airflow/.local/lib/python3.8/site-packages/airflow/example_dags/example_latest_only_with_trigger.py took 0.113 seconds
[2023-11-04T16:28:19.031+0000] {processor.py:157} INFO - Started process (PID=2316) to work on /home/airflow/.local/lib/python3.8/site-packages/airflow/example_dags/example_latest_only_with_trigger.py
[2023-11-04T16:28:19.032+0000] {processor.py:829} INFO - Processing file /home/airflow/.local/lib/python3.8/site-packages/airflow/example_dags/example_latest_only_with_trigger.py for tasks to queue
[2023-11-04T16:28:19.034+0000] {logging_mixin.py:151} INFO - [2023-11-04T16:28:19.034+0000] {dagbag.py:536} INFO - Filling up the DagBag from /home/airflow/.local/lib/python3.8/site-packages/airflow/example_dags/example_latest_only_with_trigger.py
[2023-11-04T16:28:19.045+0000] {processor.py:839} INFO - DAG(s) dict_keys(['latest_only_with_trigger']) retrieved from /home/airflow/.local/lib/python3.8/site-packages/airflow/example_dags/example_latest_only_with_trigger.py
[2023-11-04T16:28:19.080+0000] {logging_mixin.py:151} INFO - [2023-11-04T16:28:19.080+0000] {dag.py:2941} INFO - Sync 1 DAGs
[2023-11-04T16:28:19.117+0000] {logging_mixin.py:151} INFO - [2023-11-04T16:28:19.117+0000] {dag.py:3722} INFO - Setting next_dagrun for latest_only_with_trigger to 2023-11-04T12:28:19.117202+00:00, run_after=2023-11-04T16:28:19.117202+00:00
[2023-11-04T16:28:19.158+0000] {processor.py:179} INFO - Processing /home/airflow/.local/lib/python3.8/site-packages/airflow/example_dags/example_latest_only_with_trigger.py took 0.132 seconds
[2023-11-04T16:28:49.831+0000] {processor.py:157} INFO - Started process (PID=2554) to work on /home/airflow/.local/lib/python3.8/site-packages/airflow/example_dags/example_latest_only_with_trigger.py
[2023-11-04T16:28:49.832+0000] {processor.py:829} INFO - Processing file /home/airflow/.local/lib/python3.8/site-packages/airflow/example_dags/example_latest_only_with_trigger.py for tasks to queue
[2023-11-04T16:28:49.834+0000] {logging_mixin.py:151} INFO - [2023-11-04T16:28:49.833+0000] {dagbag.py:536} INFO - Filling up the DagBag from /home/airflow/.local/lib/python3.8/site-packages/airflow/example_dags/example_latest_only_with_trigger.py
[2023-11-04T16:28:49.844+0000] {processor.py:839} INFO - DAG(s) dict_keys(['latest_only_with_trigger']) retrieved from /home/airflow/.local/lib/python3.8/site-packages/airflow/example_dags/example_latest_only_with_trigger.py
[2023-11-04T16:28:49.877+0000] {logging_mixin.py:151} INFO - [2023-11-04T16:28:49.876+0000] {dag.py:2941} INFO - Sync 1 DAGs
[2023-11-04T16:28:49.908+0000] {logging_mixin.py:151} INFO - [2023-11-04T16:28:49.908+0000] {dag.py:3722} INFO - Setting next_dagrun for latest_only_with_trigger to 2023-11-04T12:28:49.908184+00:00, run_after=2023-11-04T16:28:49.908184+00:00
[2023-11-04T16:28:49.942+0000] {processor.py:179} INFO - Processing /home/airflow/.local/lib/python3.8/site-packages/airflow/example_dags/example_latest_only_with_trigger.py took 0.116 seconds
[2023-11-04T16:29:20.482+0000] {processor.py:157} INFO - Started process (PID=2792) to work on /home/airflow/.local/lib/python3.8/site-packages/airflow/example_dags/example_latest_only_with_trigger.py
[2023-11-04T16:29:20.484+0000] {processor.py:829} INFO - Processing file /home/airflow/.local/lib/python3.8/site-packages/airflow/example_dags/example_latest_only_with_trigger.py for tasks to queue
[2023-11-04T16:29:20.485+0000] {logging_mixin.py:151} INFO - [2023-11-04T16:29:20.485+0000] {dagbag.py:536} INFO - Filling up the DagBag from /home/airflow/.local/lib/python3.8/site-packages/airflow/example_dags/example_latest_only_with_trigger.py
[2023-11-04T16:29:20.496+0000] {processor.py:839} INFO - DAG(s) dict_keys(['latest_only_with_trigger']) retrieved from /home/airflow/.local/lib/python3.8/site-packages/airflow/example_dags/example_latest_only_with_trigger.py
[2023-11-04T16:29:20.529+0000] {logging_mixin.py:151} INFO - [2023-11-04T16:29:20.529+0000] {dag.py:2941} INFO - Sync 1 DAGs
[2023-11-04T16:29:20.563+0000] {logging_mixin.py:151} INFO - [2023-11-04T16:29:20.562+0000] {dag.py:3722} INFO - Setting next_dagrun for latest_only_with_trigger to 2023-11-04T12:29:20.562416+00:00, run_after=2023-11-04T16:29:20.562416+00:00
[2023-11-04T16:29:20.595+0000] {processor.py:179} INFO - Processing /home/airflow/.local/lib/python3.8/site-packages/airflow/example_dags/example_latest_only_with_trigger.py took 0.118 seconds
[2023-11-04T16:29:50.730+0000] {processor.py:157} INFO - Started process (PID=3030) to work on /home/airflow/.local/lib/python3.8/site-packages/airflow/example_dags/example_latest_only_with_trigger.py
[2023-11-04T16:29:50.732+0000] {processor.py:829} INFO - Processing file /home/airflow/.local/lib/python3.8/site-packages/airflow/example_dags/example_latest_only_with_trigger.py for tasks to queue
[2023-11-04T16:29:50.733+0000] {logging_mixin.py:151} INFO - [2023-11-04T16:29:50.733+0000] {dagbag.py:536} INFO - Filling up the DagBag from /home/airflow/.local/lib/python3.8/site-packages/airflow/example_dags/example_latest_only_with_trigger.py
[2023-11-04T16:29:50.744+0000] {processor.py:839} INFO - DAG(s) dict_keys(['latest_only_with_trigger']) retrieved from /home/airflow/.local/lib/python3.8/site-packages/airflow/example_dags/example_latest_only_with_trigger.py
[2023-11-04T16:29:50.764+0000] {logging_mixin.py:151} INFO - [2023-11-04T16:29:50.764+0000] {dag.py:2941} INFO - Sync 1 DAGs
[2023-11-04T16:29:50.799+0000] {logging_mixin.py:151} INFO - [2023-11-04T16:29:50.799+0000] {dag.py:3722} INFO - Setting next_dagrun for latest_only_with_trigger to 2023-11-04T12:29:50.799070+00:00, run_after=2023-11-04T16:29:50.799070+00:00
[2023-11-04T16:29:50.831+0000] {processor.py:179} INFO - Processing /home/airflow/.local/lib/python3.8/site-packages/airflow/example_dags/example_latest_only_with_trigger.py took 0.107 seconds
[2023-11-04T16:30:21.201+0000] {processor.py:157} INFO - Started process (PID=3268) to work on /home/airflow/.local/lib/python3.8/site-packages/airflow/example_dags/example_latest_only_with_trigger.py
[2023-11-04T16:30:21.203+0000] {processor.py:829} INFO - Processing file /home/airflow/.local/lib/python3.8/site-packages/airflow/example_dags/example_latest_only_with_trigger.py for tasks to queue
[2023-11-04T16:30:21.204+0000] {logging_mixin.py:151} INFO - [2023-11-04T16:30:21.204+0000] {dagbag.py:536} INFO - Filling up the DagBag from /home/airflow/.local/lib/python3.8/site-packages/airflow/example_dags/example_latest_only_with_trigger.py
[2023-11-04T16:30:21.215+0000] {processor.py:839} INFO - DAG(s) dict_keys(['latest_only_with_trigger']) retrieved from /home/airflow/.local/lib/python3.8/site-packages/airflow/example_dags/example_latest_only_with_trigger.py
[2023-11-04T16:30:21.250+0000] {logging_mixin.py:151} INFO - [2023-11-04T16:30:21.250+0000] {dag.py:2941} INFO - Sync 1 DAGs
[2023-11-04T16:30:21.283+0000] {logging_mixin.py:151} INFO - [2023-11-04T16:30:21.283+0000] {dag.py:3722} INFO - Setting next_dagrun for latest_only_with_trigger to 2023-11-04T12:30:21.282997+00:00, run_after=2023-11-04T16:30:21.282997+00:00
[2023-11-04T16:30:21.314+0000] {processor.py:179} INFO - Processing /home/airflow/.local/lib/python3.8/site-packages/airflow/example_dags/example_latest_only_with_trigger.py took 0.118 seconds
[2023-11-04T16:30:51.680+0000] {processor.py:157} INFO - Started process (PID=3506) to work on /home/airflow/.local/lib/python3.8/site-packages/airflow/example_dags/example_latest_only_with_trigger.py
[2023-11-04T16:30:51.681+0000] {processor.py:829} INFO - Processing file /home/airflow/.local/lib/python3.8/site-packages/airflow/example_dags/example_latest_only_with_trigger.py for tasks to queue
[2023-11-04T16:30:51.683+0000] {logging_mixin.py:151} INFO - [2023-11-04T16:30:51.683+0000] {dagbag.py:536} INFO - Filling up the DagBag from /home/airflow/.local/lib/python3.8/site-packages/airflow/example_dags/example_latest_only_with_trigger.py
[2023-11-04T16:30:51.696+0000] {processor.py:839} INFO - DAG(s) dict_keys(['latest_only_with_trigger']) retrieved from /home/airflow/.local/lib/python3.8/site-packages/airflow/example_dags/example_latest_only_with_trigger.py
[2023-11-04T16:30:51.733+0000] {logging_mixin.py:151} INFO - [2023-11-04T16:30:51.733+0000] {dag.py:2941} INFO - Sync 1 DAGs
[2023-11-04T16:30:51.772+0000] {logging_mixin.py:151} INFO - [2023-11-04T16:30:51.771+0000] {dag.py:3722} INFO - Setting next_dagrun for latest_only_with_trigger to 2023-11-04T12:30:51.771416+00:00, run_after=2023-11-04T16:30:51.771416+00:00
[2023-11-04T16:30:51.810+0000] {processor.py:179} INFO - Processing /home/airflow/.local/lib/python3.8/site-packages/airflow/example_dags/example_latest_only_with_trigger.py took 0.135 seconds
[2023-11-04T16:31:21.916+0000] {processor.py:157} INFO - Started process (PID=3744) to work on /home/airflow/.local/lib/python3.8/site-packages/airflow/example_dags/example_latest_only_with_trigger.py
[2023-11-04T16:31:21.918+0000] {processor.py:829} INFO - Processing file /home/airflow/.local/lib/python3.8/site-packages/airflow/example_dags/example_latest_only_with_trigger.py for tasks to queue
[2023-11-04T16:31:21.921+0000] {logging_mixin.py:151} INFO - [2023-11-04T16:31:21.920+0000] {dagbag.py:536} INFO - Filling up the DagBag from /home/airflow/.local/lib/python3.8/site-packages/airflow/example_dags/example_latest_only_with_trigger.py
[2023-11-04T16:31:21.932+0000] {processor.py:839} INFO - DAG(s) dict_keys(['latest_only_with_trigger']) retrieved from /home/airflow/.local/lib/python3.8/site-packages/airflow/example_dags/example_latest_only_with_trigger.py
[2023-11-04T16:31:21.968+0000] {logging_mixin.py:151} INFO - [2023-11-04T16:31:21.967+0000] {dag.py:2941} INFO - Sync 1 DAGs
[2023-11-04T16:31:22.005+0000] {logging_mixin.py:151} INFO - [2023-11-04T16:31:22.004+0000] {dag.py:3722} INFO - Setting next_dagrun for latest_only_with_trigger to 2023-11-04T12:31:22.004545+00:00, run_after=2023-11-04T16:31:22.004545+00:00
[2023-11-04T16:31:22.038+0000] {processor.py:179} INFO - Processing /home/airflow/.local/lib/python3.8/site-packages/airflow/example_dags/example_latest_only_with_trigger.py took 0.127 seconds
[2023-11-04T16:31:52.506+0000] {processor.py:157} INFO - Started process (PID=3982) to work on /home/airflow/.local/lib/python3.8/site-packages/airflow/example_dags/example_latest_only_with_trigger.py
[2023-11-04T16:31:52.508+0000] {processor.py:829} INFO - Processing file /home/airflow/.local/lib/python3.8/site-packages/airflow/example_dags/example_latest_only_with_trigger.py for tasks to queue
[2023-11-04T16:31:52.510+0000] {logging_mixin.py:151} INFO - [2023-11-04T16:31:52.509+0000] {dagbag.py:536} INFO - Filling up the DagBag from /home/airflow/.local/lib/python3.8/site-packages/airflow/example_dags/example_latest_only_with_trigger.py
[2023-11-04T16:31:52.523+0000] {processor.py:839} INFO - DAG(s) dict_keys(['latest_only_with_trigger']) retrieved from /home/airflow/.local/lib/python3.8/site-packages/airflow/example_dags/example_latest_only_with_trigger.py
[2023-11-04T16:31:52.544+0000] {logging_mixin.py:151} INFO - [2023-11-04T16:31:52.544+0000] {dag.py:2941} INFO - Sync 1 DAGs
[2023-11-04T16:31:52.583+0000] {logging_mixin.py:151} INFO - [2023-11-04T16:31:52.583+0000] {dag.py:3722} INFO - Setting next_dagrun for latest_only_with_trigger to 2023-11-04T12:31:52.582681+00:00, run_after=2023-11-04T16:31:52.582681+00:00
[2023-11-04T16:31:52.615+0000] {processor.py:179} INFO - Processing /home/airflow/.local/lib/python3.8/site-packages/airflow/example_dags/example_latest_only_with_trigger.py took 0.115 seconds
[2023-11-04T16:32:23.020+0000] {processor.py:157} INFO - Started process (PID=4220) to work on /home/airflow/.local/lib/python3.8/site-packages/airflow/example_dags/example_latest_only_with_trigger.py
[2023-11-04T16:32:23.023+0000] {processor.py:829} INFO - Processing file /home/airflow/.local/lib/python3.8/site-packages/airflow/example_dags/example_latest_only_with_trigger.py for tasks to queue
[2023-11-04T16:32:23.026+0000] {logging_mixin.py:151} INFO - [2023-11-04T16:32:23.025+0000] {dagbag.py:536} INFO - Filling up the DagBag from /home/airflow/.local/lib/python3.8/site-packages/airflow/example_dags/example_latest_only_with_trigger.py
[2023-11-04T16:32:23.040+0000] {processor.py:839} INFO - DAG(s) dict_keys(['latest_only_with_trigger']) retrieved from /home/airflow/.local/lib/python3.8/site-packages/airflow/example_dags/example_latest_only_with_trigger.py
[2023-11-04T16:32:23.089+0000] {logging_mixin.py:151} INFO - [2023-11-04T16:32:23.088+0000] {dag.py:2941} INFO - Sync 1 DAGs
[2023-11-04T16:32:23.136+0000] {logging_mixin.py:151} INFO - [2023-11-04T16:32:23.136+0000] {dag.py:3722} INFO - Setting next_dagrun for latest_only_with_trigger to 2023-11-04T12:32:23.135910+00:00, run_after=2023-11-04T16:32:23.135910+00:00
[2023-11-04T16:32:23.177+0000] {processor.py:179} INFO - Processing /home/airflow/.local/lib/python3.8/site-packages/airflow/example_dags/example_latest_only_with_trigger.py took 0.165 seconds
[2023-11-04T16:32:53.234+0000] {processor.py:157} INFO - Started process (PID=4458) to work on /home/airflow/.local/lib/python3.8/site-packages/airflow/example_dags/example_latest_only_with_trigger.py
[2023-11-04T16:32:53.235+0000] {processor.py:829} INFO - Processing file /home/airflow/.local/lib/python3.8/site-packages/airflow/example_dags/example_latest_only_with_trigger.py for tasks to queue
[2023-11-04T16:32:53.237+0000] {logging_mixin.py:151} INFO - [2023-11-04T16:32:53.236+0000] {dagbag.py:536} INFO - Filling up the DagBag from /home/airflow/.local/lib/python3.8/site-packages/airflow/example_dags/example_latest_only_with_trigger.py
[2023-11-04T16:32:53.247+0000] {processor.py:839} INFO - DAG(s) dict_keys(['latest_only_with_trigger']) retrieved from /home/airflow/.local/lib/python3.8/site-packages/airflow/example_dags/example_latest_only_with_trigger.py
[2023-11-04T16:32:53.280+0000] {logging_mixin.py:151} INFO - [2023-11-04T16:32:53.280+0000] {dag.py:2941} INFO - Sync 1 DAGs
[2023-11-04T16:32:53.314+0000] {logging_mixin.py:151} INFO - [2023-11-04T16:32:53.314+0000] {dag.py:3722} INFO - Setting next_dagrun for latest_only_with_trigger to 2023-11-04T12:32:53.313937+00:00, run_after=2023-11-04T16:32:53.313937+00:00
[2023-11-04T16:32:53.345+0000] {processor.py:179} INFO - Processing /home/airflow/.local/lib/python3.8/site-packages/airflow/example_dags/example_latest_only_with_trigger.py took 0.116 seconds
[2023-11-04T16:33:23.470+0000] {processor.py:157} INFO - Started process (PID=4696) to work on /home/airflow/.local/lib/python3.8/site-packages/airflow/example_dags/example_latest_only_with_trigger.py
[2023-11-04T16:33:23.471+0000] {processor.py:829} INFO - Processing file /home/airflow/.local/lib/python3.8/site-packages/airflow/example_dags/example_latest_only_with_trigger.py for tasks to queue
[2023-11-04T16:33:23.473+0000] {logging_mixin.py:151} INFO - [2023-11-04T16:33:23.472+0000] {dagbag.py:536} INFO - Filling up the DagBag from /home/airflow/.local/lib/python3.8/site-packages/airflow/example_dags/example_latest_only_with_trigger.py
[2023-11-04T16:33:23.483+0000] {processor.py:839} INFO - DAG(s) dict_keys(['latest_only_with_trigger']) retrieved from /home/airflow/.local/lib/python3.8/site-packages/airflow/example_dags/example_latest_only_with_trigger.py
[2023-11-04T16:33:23.515+0000] {logging_mixin.py:151} INFO - [2023-11-04T16:33:23.515+0000] {dag.py:2941} INFO - Sync 1 DAGs
[2023-11-04T16:33:23.548+0000] {logging_mixin.py:151} INFO - [2023-11-04T16:33:23.548+0000] {dag.py:3722} INFO - Setting next_dagrun for latest_only_with_trigger to 2023-11-04T12:33:23.547701+00:00, run_after=2023-11-04T16:33:23.547701+00:00
[2023-11-04T16:33:23.582+0000] {processor.py:179} INFO - Processing /home/airflow/.local/lib/python3.8/site-packages/airflow/example_dags/example_latest_only_with_trigger.py took 0.117 seconds
[2023-11-04T16:33:53.760+0000] {processor.py:157} INFO - Started process (PID=4934) to work on /home/airflow/.local/lib/python3.8/site-packages/airflow/example_dags/example_latest_only_with_trigger.py
[2023-11-04T16:33:53.762+0000] {processor.py:829} INFO - Processing file /home/airflow/.local/lib/python3.8/site-packages/airflow/example_dags/example_latest_only_with_trigger.py for tasks to queue
[2023-11-04T16:33:53.764+0000] {logging_mixin.py:151} INFO - [2023-11-04T16:33:53.763+0000] {dagbag.py:536} INFO - Filling up the DagBag from /home/airflow/.local/lib/python3.8/site-packages/airflow/example_dags/example_latest_only_with_trigger.py
[2023-11-04T16:33:53.776+0000] {processor.py:839} INFO - DAG(s) dict_keys(['latest_only_with_trigger']) retrieved from /home/airflow/.local/lib/python3.8/site-packages/airflow/example_dags/example_latest_only_with_trigger.py
[2023-11-04T16:33:53.815+0000] {logging_mixin.py:151} INFO - [2023-11-04T16:33:53.814+0000] {dag.py:2941} INFO - Sync 1 DAGs
[2023-11-04T16:33:53.854+0000] {logging_mixin.py:151} INFO - [2023-11-04T16:33:53.854+0000] {dag.py:3722} INFO - Setting next_dagrun for latest_only_with_trigger to 2023-11-04T12:33:53.853926+00:00, run_after=2023-11-04T16:33:53.853926+00:00
[2023-11-04T16:33:53.894+0000] {processor.py:179} INFO - Processing /home/airflow/.local/lib/python3.8/site-packages/airflow/example_dags/example_latest_only_with_trigger.py took 0.140 seconds
[2023-11-04T16:34:24.318+0000] {processor.py:157} INFO - Started process (PID=5172) to work on /home/airflow/.local/lib/python3.8/site-packages/airflow/example_dags/example_latest_only_with_trigger.py
[2023-11-04T16:34:24.320+0000] {processor.py:829} INFO - Processing file /home/airflow/.local/lib/python3.8/site-packages/airflow/example_dags/example_latest_only_with_trigger.py for tasks to queue
[2023-11-04T16:34:24.323+0000] {logging_mixin.py:151} INFO - [2023-11-04T16:34:24.322+0000] {dagbag.py:536} INFO - Filling up the DagBag from /home/airflow/.local/lib/python3.8/site-packages/airflow/example_dags/example_latest_only_with_trigger.py
[2023-11-04T16:34:24.334+0000] {processor.py:839} INFO - DAG(s) dict_keys(['latest_only_with_trigger']) retrieved from /home/airflow/.local/lib/python3.8/site-packages/airflow/example_dags/example_latest_only_with_trigger.py
[2023-11-04T16:34:24.377+0000] {logging_mixin.py:151} INFO - [2023-11-04T16:34:24.376+0000] {dag.py:2941} INFO - Sync 1 DAGs
[2023-11-04T16:34:24.420+0000] {logging_mixin.py:151} INFO - [2023-11-04T16:34:24.420+0000] {dag.py:3722} INFO - Setting next_dagrun for latest_only_with_trigger to 2023-11-04T12:34:24.420154+00:00, run_after=2023-11-04T16:34:24.420154+00:00
[2023-11-04T16:34:24.458+0000] {processor.py:179} INFO - Processing /home/airflow/.local/lib/python3.8/site-packages/airflow/example_dags/example_latest_only_with_trigger.py took 0.145 seconds
[2023-11-04T16:34:55.333+0000] {processor.py:157} INFO - Started process (PID=5410) to work on /home/airflow/.local/lib/python3.8/site-packages/airflow/example_dags/example_latest_only_with_trigger.py
[2023-11-04T16:34:55.334+0000] {processor.py:829} INFO - Processing file /home/airflow/.local/lib/python3.8/site-packages/airflow/example_dags/example_latest_only_with_trigger.py for tasks to queue
[2023-11-04T16:34:55.336+0000] {logging_mixin.py:151} INFO - [2023-11-04T16:34:55.335+0000] {dagbag.py:536} INFO - Filling up the DagBag from /home/airflow/.local/lib/python3.8/site-packages/airflow/example_dags/example_latest_only_with_trigger.py
[2023-11-04T16:34:55.346+0000] {processor.py:839} INFO - DAG(s) dict_keys(['latest_only_with_trigger']) retrieved from /home/airflow/.local/lib/python3.8/site-packages/airflow/example_dags/example_latest_only_with_trigger.py
[2023-11-04T16:34:55.378+0000] {logging_mixin.py:151} INFO - [2023-11-04T16:34:55.377+0000] {dag.py:2941} INFO - Sync 1 DAGs
[2023-11-04T16:34:55.411+0000] {logging_mixin.py:151} INFO - [2023-11-04T16:34:55.411+0000] {dag.py:3722} INFO - Setting next_dagrun for latest_only_with_trigger to 2023-11-04T12:34:55.411110+00:00, run_after=2023-11-04T16:34:55.411110+00:00
[2023-11-04T16:34:55.446+0000] {processor.py:179} INFO - Processing /home/airflow/.local/lib/python3.8/site-packages/airflow/example_dags/example_latest_only_with_trigger.py took 0.117 seconds
[2023-11-04T16:35:26.191+0000] {processor.py:157} INFO - Started process (PID=5648) to work on /home/airflow/.local/lib/python3.8/site-packages/airflow/example_dags/example_latest_only_with_trigger.py
[2023-11-04T16:35:26.193+0000] {processor.py:829} INFO - Processing file /home/airflow/.local/lib/python3.8/site-packages/airflow/example_dags/example_latest_only_with_trigger.py for tasks to queue
[2023-11-04T16:35:26.194+0000] {logging_mixin.py:151} INFO - [2023-11-04T16:35:26.194+0000] {dagbag.py:536} INFO - Filling up the DagBag from /home/airflow/.local/lib/python3.8/site-packages/airflow/example_dags/example_latest_only_with_trigger.py
[2023-11-04T16:35:26.204+0000] {processor.py:839} INFO - DAG(s) dict_keys(['latest_only_with_trigger']) retrieved from /home/airflow/.local/lib/python3.8/site-packages/airflow/example_dags/example_latest_only_with_trigger.py
[2023-11-04T16:35:26.239+0000] {logging_mixin.py:151} INFO - [2023-11-04T16:35:26.239+0000] {dag.py:2941} INFO - Sync 1 DAGs
[2023-11-04T16:35:26.279+0000] {logging_mixin.py:151} INFO - [2023-11-04T16:35:26.279+0000] {dag.py:3722} INFO - Setting next_dagrun for latest_only_with_trigger to 2023-11-04T12:35:26.279316+00:00, run_after=2023-11-04T16:35:26.279316+00:00
[2023-11-04T16:35:26.317+0000] {processor.py:179} INFO - Processing /home/airflow/.local/lib/python3.8/site-packages/airflow/example_dags/example_latest_only_with_trigger.py took 0.130 seconds
[2023-11-04T16:35:57.261+0000] {processor.py:157} INFO - Started process (PID=5886) to work on /home/airflow/.local/lib/python3.8/site-packages/airflow/example_dags/example_latest_only_with_trigger.py
[2023-11-04T16:35:57.262+0000] {processor.py:829} INFO - Processing file /home/airflow/.local/lib/python3.8/site-packages/airflow/example_dags/example_latest_only_with_trigger.py for tasks to queue
[2023-11-04T16:35:57.264+0000] {logging_mixin.py:151} INFO - [2023-11-04T16:35:57.263+0000] {dagbag.py:536} INFO - Filling up the DagBag from /home/airflow/.local/lib/python3.8/site-packages/airflow/example_dags/example_latest_only_with_trigger.py
[2023-11-04T16:35:57.274+0000] {processor.py:839} INFO - DAG(s) dict_keys(['latest_only_with_trigger']) retrieved from /home/airflow/.local/lib/python3.8/site-packages/airflow/example_dags/example_latest_only_with_trigger.py
[2023-11-04T16:35:57.306+0000] {logging_mixin.py:151} INFO - [2023-11-04T16:35:57.306+0000] {dag.py:2941} INFO - Sync 1 DAGs
[2023-11-04T16:35:57.339+0000] {logging_mixin.py:151} INFO - [2023-11-04T16:35:57.339+0000] {dag.py:3722} INFO - Setting next_dagrun for latest_only_with_trigger to 2023-11-04T12:35:57.338931+00:00, run_after=2023-11-04T16:35:57.338931+00:00
[2023-11-04T16:35:57.372+0000] {processor.py:179} INFO - Processing /home/airflow/.local/lib/python3.8/site-packages/airflow/example_dags/example_latest_only_with_trigger.py took 0.116 seconds
[2023-11-04T16:36:27.649+0000] {processor.py:157} INFO - Started process (PID=6124) to work on /home/airflow/.local/lib/python3.8/site-packages/airflow/example_dags/example_latest_only_with_trigger.py
[2023-11-04T16:36:27.651+0000] {processor.py:829} INFO - Processing file /home/airflow/.local/lib/python3.8/site-packages/airflow/example_dags/example_latest_only_with_trigger.py for tasks to queue
[2023-11-04T16:36:27.652+0000] {logging_mixin.py:151} INFO - [2023-11-04T16:36:27.652+0000] {dagbag.py:536} INFO - Filling up the DagBag from /home/airflow/.local/lib/python3.8/site-packages/airflow/example_dags/example_latest_only_with_trigger.py
[2023-11-04T16:36:27.663+0000] {processor.py:839} INFO - DAG(s) dict_keys(['latest_only_with_trigger']) retrieved from /home/airflow/.local/lib/python3.8/site-packages/airflow/example_dags/example_latest_only_with_trigger.py
[2023-11-04T16:36:27.697+0000] {logging_mixin.py:151} INFO - [2023-11-04T16:36:27.697+0000] {dag.py:2941} INFO - Sync 1 DAGs
[2023-11-04T16:36:27.731+0000] {logging_mixin.py:151} INFO - [2023-11-04T16:36:27.731+0000] {dag.py:3722} INFO - Setting next_dagrun for latest_only_with_trigger to 2023-11-04T12:36:27.730945+00:00, run_after=2023-11-04T16:36:27.730945+00:00
[2023-11-04T16:36:27.759+0000] {processor.py:179} INFO - Processing /home/airflow/.local/lib/python3.8/site-packages/airflow/example_dags/example_latest_only_with_trigger.py took 0.115 seconds
[2023-11-04T16:36:58.249+0000] {processor.py:157} INFO - Started process (PID=6362) to work on /home/airflow/.local/lib/python3.8/site-packages/airflow/example_dags/example_latest_only_with_trigger.py
[2023-11-04T16:36:58.250+0000] {processor.py:829} INFO - Processing file /home/airflow/.local/lib/python3.8/site-packages/airflow/example_dags/example_latest_only_with_trigger.py for tasks to queue
[2023-11-04T16:36:58.252+0000] {logging_mixin.py:151} INFO - [2023-11-04T16:36:58.251+0000] {dagbag.py:536} INFO - Filling up the DagBag from /home/airflow/.local/lib/python3.8/site-packages/airflow/example_dags/example_latest_only_with_trigger.py
[2023-11-04T16:36:58.262+0000] {processor.py:839} INFO - DAG(s) dict_keys(['latest_only_with_trigger']) retrieved from /home/airflow/.local/lib/python3.8/site-packages/airflow/example_dags/example_latest_only_with_trigger.py
[2023-11-04T16:36:58.297+0000] {logging_mixin.py:151} INFO - [2023-11-04T16:36:58.297+0000] {dag.py:2941} INFO - Sync 1 DAGs
[2023-11-04T16:36:58.334+0000] {logging_mixin.py:151} INFO - [2023-11-04T16:36:58.334+0000] {dag.py:3722} INFO - Setting next_dagrun for latest_only_with_trigger to 2023-11-04T12:36:58.333693+00:00, run_after=2023-11-04T16:36:58.333693+00:00
[2023-11-04T16:36:58.385+0000] {processor.py:179} INFO - Processing /home/airflow/.local/lib/python3.8/site-packages/airflow/example_dags/example_latest_only_with_trigger.py took 0.142 seconds
[2023-11-04T16:37:28.488+0000] {processor.py:157} INFO - Started process (PID=6600) to work on /home/airflow/.local/lib/python3.8/site-packages/airflow/example_dags/example_latest_only_with_trigger.py
[2023-11-04T16:37:28.489+0000] {processor.py:829} INFO - Processing file /home/airflow/.local/lib/python3.8/site-packages/airflow/example_dags/example_latest_only_with_trigger.py for tasks to queue
[2023-11-04T16:37:28.491+0000] {logging_mixin.py:151} INFO - [2023-11-04T16:37:28.491+0000] {dagbag.py:536} INFO - Filling up the DagBag from /home/airflow/.local/lib/python3.8/site-packages/airflow/example_dags/example_latest_only_with_trigger.py
[2023-11-04T16:37:28.501+0000] {processor.py:839} INFO - DAG(s) dict_keys(['latest_only_with_trigger']) retrieved from /home/airflow/.local/lib/python3.8/site-packages/airflow/example_dags/example_latest_only_with_trigger.py
[2023-11-04T16:37:28.535+0000] {logging_mixin.py:151} INFO - [2023-11-04T16:37:28.535+0000] {dag.py:2941} INFO - Sync 1 DAGs
[2023-11-04T16:37:28.567+0000] {logging_mixin.py:151} INFO - [2023-11-04T16:37:28.567+0000] {dag.py:3722} INFO - Setting next_dagrun for latest_only_with_trigger to 2023-11-04T12:37:28.567078+00:00, run_after=2023-11-04T16:37:28.567078+00:00
[2023-11-04T16:37:28.596+0000] {processor.py:179} INFO - Processing /home/airflow/.local/lib/python3.8/site-packages/airflow/example_dags/example_latest_only_with_trigger.py took 0.113 seconds
[2023-11-04T16:37:59.162+0000] {processor.py:157} INFO - Started process (PID=6838) to work on /home/airflow/.local/lib/python3.8/site-packages/airflow/example_dags/example_latest_only_with_trigger.py
[2023-11-04T16:37:59.164+0000] {processor.py:829} INFO - Processing file /home/airflow/.local/lib/python3.8/site-packages/airflow/example_dags/example_latest_only_with_trigger.py for tasks to queue
[2023-11-04T16:37:59.165+0000] {logging_mixin.py:151} INFO - [2023-11-04T16:37:59.165+0000] {dagbag.py:536} INFO - Filling up the DagBag from /home/airflow/.local/lib/python3.8/site-packages/airflow/example_dags/example_latest_only_with_trigger.py
[2023-11-04T16:37:59.176+0000] {processor.py:839} INFO - DAG(s) dict_keys(['latest_only_with_trigger']) retrieved from /home/airflow/.local/lib/python3.8/site-packages/airflow/example_dags/example_latest_only_with_trigger.py
[2023-11-04T16:37:59.209+0000] {logging_mixin.py:151} INFO - [2023-11-04T16:37:59.209+0000] {dag.py:2941} INFO - Sync 1 DAGs
[2023-11-04T16:37:59.244+0000] {logging_mixin.py:151} INFO - [2023-11-04T16:37:59.244+0000] {dag.py:3722} INFO - Setting next_dagrun for latest_only_with_trigger to 2023-11-04T12:37:59.244152+00:00, run_after=2023-11-04T16:37:59.244152+00:00
[2023-11-04T16:37:59.278+0000] {processor.py:179} INFO - Processing /home/airflow/.local/lib/python3.8/site-packages/airflow/example_dags/example_latest_only_with_trigger.py took 0.121 seconds
[2023-11-04T16:38:30.156+0000] {processor.py:157} INFO - Started process (PID=7082) to work on /home/airflow/.local/lib/python3.8/site-packages/airflow/example_dags/example_latest_only_with_trigger.py
[2023-11-04T16:38:30.159+0000] {processor.py:829} INFO - Processing file /home/airflow/.local/lib/python3.8/site-packages/airflow/example_dags/example_latest_only_with_trigger.py for tasks to queue
[2023-11-04T16:38:30.162+0000] {logging_mixin.py:151} INFO - [2023-11-04T16:38:30.161+0000] {dagbag.py:536} INFO - Filling up the DagBag from /home/airflow/.local/lib/python3.8/site-packages/airflow/example_dags/example_latest_only_with_trigger.py
[2023-11-04T16:38:30.176+0000] {processor.py:839} INFO - DAG(s) dict_keys(['latest_only_with_trigger']) retrieved from /home/airflow/.local/lib/python3.8/site-packages/airflow/example_dags/example_latest_only_with_trigger.py
[2023-11-04T16:38:30.216+0000] {logging_mixin.py:151} INFO - [2023-11-04T16:38:30.216+0000] {dag.py:2941} INFO - Sync 1 DAGs
[2023-11-04T16:38:30.252+0000] {logging_mixin.py:151} INFO - [2023-11-04T16:38:30.252+0000] {dag.py:3722} INFO - Setting next_dagrun for latest_only_with_trigger to 2023-11-04T12:38:30.251842+00:00, run_after=2023-11-04T16:38:30.251842+00:00
[2023-11-04T16:38:30.287+0000] {processor.py:179} INFO - Processing /home/airflow/.local/lib/python3.8/site-packages/airflow/example_dags/example_latest_only_with_trigger.py took 0.141 seconds
[2023-11-04T16:39:00.882+0000] {processor.py:157} INFO - Started process (PID=7321) to work on /home/airflow/.local/lib/python3.8/site-packages/airflow/example_dags/example_latest_only_with_trigger.py
[2023-11-04T16:39:00.883+0000] {processor.py:829} INFO - Processing file /home/airflow/.local/lib/python3.8/site-packages/airflow/example_dags/example_latest_only_with_trigger.py for tasks to queue
[2023-11-04T16:39:00.885+0000] {logging_mixin.py:151} INFO - [2023-11-04T16:39:00.884+0000] {dagbag.py:536} INFO - Filling up the DagBag from /home/airflow/.local/lib/python3.8/site-packages/airflow/example_dags/example_latest_only_with_trigger.py
[2023-11-04T16:39:00.895+0000] {processor.py:839} INFO - DAG(s) dict_keys(['latest_only_with_trigger']) retrieved from /home/airflow/.local/lib/python3.8/site-packages/airflow/example_dags/example_latest_only_with_trigger.py
[2023-11-04T16:39:00.928+0000] {logging_mixin.py:151} INFO - [2023-11-04T16:39:00.928+0000] {dag.py:2941} INFO - Sync 1 DAGs
[2023-11-04T16:39:00.961+0000] {logging_mixin.py:151} INFO - [2023-11-04T16:39:00.961+0000] {dag.py:3722} INFO - Setting next_dagrun for latest_only_with_trigger to 2023-11-04T12:39:00.960662+00:00, run_after=2023-11-04T16:39:00.960662+00:00
[2023-11-04T16:39:00.993+0000] {processor.py:179} INFO - Processing /home/airflow/.local/lib/python3.8/site-packages/airflow/example_dags/example_latest_only_with_trigger.py took 0.117 seconds
[2023-11-04T16:39:31.455+0000] {processor.py:157} INFO - Started process (PID=7559) to work on /home/airflow/.local/lib/python3.8/site-packages/airflow/example_dags/example_latest_only_with_trigger.py
[2023-11-04T16:39:31.456+0000] {processor.py:829} INFO - Processing file /home/airflow/.local/lib/python3.8/site-packages/airflow/example_dags/example_latest_only_with_trigger.py for tasks to queue
[2023-11-04T16:39:31.458+0000] {logging_mixin.py:151} INFO - [2023-11-04T16:39:31.457+0000] {dagbag.py:536} INFO - Filling up the DagBag from /home/airflow/.local/lib/python3.8/site-packages/airflow/example_dags/example_latest_only_with_trigger.py
[2023-11-04T16:39:31.468+0000] {processor.py:839} INFO - DAG(s) dict_keys(['latest_only_with_trigger']) retrieved from /home/airflow/.local/lib/python3.8/site-packages/airflow/example_dags/example_latest_only_with_trigger.py
[2023-11-04T16:39:31.502+0000] {logging_mixin.py:151} INFO - [2023-11-04T16:39:31.502+0000] {dag.py:2941} INFO - Sync 1 DAGs
[2023-11-04T16:39:31.544+0000] {logging_mixin.py:151} INFO - [2023-11-04T16:39:31.544+0000] {dag.py:3722} INFO - Setting next_dagrun for latest_only_with_trigger to 2023-11-04T12:39:31.544252+00:00, run_after=2023-11-04T16:39:31.544252+00:00
[2023-11-04T16:39:31.573+0000] {processor.py:179} INFO - Processing /home/airflow/.local/lib/python3.8/site-packages/airflow/example_dags/example_latest_only_with_trigger.py took 0.124 seconds
[2023-11-04T16:40:01.697+0000] {processor.py:157} INFO - Started process (PID=7797) to work on /home/airflow/.local/lib/python3.8/site-packages/airflow/example_dags/example_latest_only_with_trigger.py
[2023-11-04T16:40:01.698+0000] {processor.py:829} INFO - Processing file /home/airflow/.local/lib/python3.8/site-packages/airflow/example_dags/example_latest_only_with_trigger.py for tasks to queue
[2023-11-04T16:40:01.700+0000] {logging_mixin.py:151} INFO - [2023-11-04T16:40:01.700+0000] {dagbag.py:536} INFO - Filling up the DagBag from /home/airflow/.local/lib/python3.8/site-packages/airflow/example_dags/example_latest_only_with_trigger.py
[2023-11-04T16:40:01.711+0000] {processor.py:839} INFO - DAG(s) dict_keys(['latest_only_with_trigger']) retrieved from /home/airflow/.local/lib/python3.8/site-packages/airflow/example_dags/example_latest_only_with_trigger.py
[2023-11-04T16:40:01.747+0000] {logging_mixin.py:151} INFO - [2023-11-04T16:40:01.747+0000] {dag.py:2941} INFO - Sync 1 DAGs
[2023-11-04T16:40:01.791+0000] {logging_mixin.py:151} INFO - [2023-11-04T16:40:01.790+0000] {dag.py:3722} INFO - Setting next_dagrun for latest_only_with_trigger to 2023-11-04T12:40:01.789869+00:00, run_after=2023-11-04T16:40:01.789869+00:00
[2023-11-04T16:40:01.861+0000] {processor.py:179} INFO - Processing /home/airflow/.local/lib/python3.8/site-packages/airflow/example_dags/example_latest_only_with_trigger.py took 0.169 seconds
[2023-11-04T16:40:32.354+0000] {processor.py:157} INFO - Started process (PID=8035) to work on /home/airflow/.local/lib/python3.8/site-packages/airflow/example_dags/example_latest_only_with_trigger.py
[2023-11-04T16:40:32.355+0000] {processor.py:829} INFO - Processing file /home/airflow/.local/lib/python3.8/site-packages/airflow/example_dags/example_latest_only_with_trigger.py for tasks to queue
[2023-11-04T16:40:32.357+0000] {logging_mixin.py:151} INFO - [2023-11-04T16:40:32.356+0000] {dagbag.py:536} INFO - Filling up the DagBag from /home/airflow/.local/lib/python3.8/site-packages/airflow/example_dags/example_latest_only_with_trigger.py
[2023-11-04T16:40:32.367+0000] {processor.py:839} INFO - DAG(s) dict_keys(['latest_only_with_trigger']) retrieved from /home/airflow/.local/lib/python3.8/site-packages/airflow/example_dags/example_latest_only_with_trigger.py
[2023-11-04T16:40:32.402+0000] {logging_mixin.py:151} INFO - [2023-11-04T16:40:32.402+0000] {dag.py:2941} INFO - Sync 1 DAGs
[2023-11-04T16:40:32.435+0000] {logging_mixin.py:151} INFO - [2023-11-04T16:40:32.435+0000] {dag.py:3722} INFO - Setting next_dagrun for latest_only_with_trigger to 2023-11-04T12:40:32.435310+00:00, run_after=2023-11-04T16:40:32.435310+00:00
[2023-11-04T16:40:32.471+0000] {processor.py:179} INFO - Processing /home/airflow/.local/lib/python3.8/site-packages/airflow/example_dags/example_latest_only_with_trigger.py took 0.123 seconds
[2023-11-04T16:41:02.899+0000] {processor.py:157} INFO - Started process (PID=8273) to work on /home/airflow/.local/lib/python3.8/site-packages/airflow/example_dags/example_latest_only_with_trigger.py
[2023-11-04T16:41:02.901+0000] {processor.py:829} INFO - Processing file /home/airflow/.local/lib/python3.8/site-packages/airflow/example_dags/example_latest_only_with_trigger.py for tasks to queue
[2023-11-04T16:41:02.902+0000] {logging_mixin.py:151} INFO - [2023-11-04T16:41:02.902+0000] {dagbag.py:536} INFO - Filling up the DagBag from /home/airflow/.local/lib/python3.8/site-packages/airflow/example_dags/example_latest_only_with_trigger.py
[2023-11-04T16:41:02.913+0000] {processor.py:839} INFO - DAG(s) dict_keys(['latest_only_with_trigger']) retrieved from /home/airflow/.local/lib/python3.8/site-packages/airflow/example_dags/example_latest_only_with_trigger.py
[2023-11-04T16:41:02.948+0000] {logging_mixin.py:151} INFO - [2023-11-04T16:41:02.947+0000] {dag.py:2941} INFO - Sync 1 DAGs
[2023-11-04T16:41:02.980+0000] {logging_mixin.py:151} INFO - [2023-11-04T16:41:02.980+0000] {dag.py:3722} INFO - Setting next_dagrun for latest_only_with_trigger to 2023-11-04T12:41:02.979627+00:00, run_after=2023-11-04T16:41:02.979627+00:00
[2023-11-04T16:41:03.009+0000] {processor.py:179} INFO - Processing /home/airflow/.local/lib/python3.8/site-packages/airflow/example_dags/example_latest_only_with_trigger.py took 0.117 seconds
[2023-11-04T16:41:33.632+0000] {processor.py:157} INFO - Started process (PID=8511) to work on /home/airflow/.local/lib/python3.8/site-packages/airflow/example_dags/example_latest_only_with_trigger.py
[2023-11-04T16:41:33.633+0000] {processor.py:829} INFO - Processing file /home/airflow/.local/lib/python3.8/site-packages/airflow/example_dags/example_latest_only_with_trigger.py for tasks to queue
[2023-11-04T16:41:33.635+0000] {logging_mixin.py:151} INFO - [2023-11-04T16:41:33.635+0000] {dagbag.py:536} INFO - Filling up the DagBag from /home/airflow/.local/lib/python3.8/site-packages/airflow/example_dags/example_latest_only_with_trigger.py
[2023-11-04T16:41:33.645+0000] {processor.py:839} INFO - DAG(s) dict_keys(['latest_only_with_trigger']) retrieved from /home/airflow/.local/lib/python3.8/site-packages/airflow/example_dags/example_latest_only_with_trigger.py
[2023-11-04T16:41:33.680+0000] {logging_mixin.py:151} INFO - [2023-11-04T16:41:33.680+0000] {dag.py:2941} INFO - Sync 1 DAGs
[2023-11-04T16:41:33.714+0000] {logging_mixin.py:151} INFO - [2023-11-04T16:41:33.713+0000] {dag.py:3722} INFO - Setting next_dagrun for latest_only_with_trigger to 2023-11-04T12:41:33.713471+00:00, run_after=2023-11-04T16:41:33.713471+00:00
[2023-11-04T16:41:33.749+0000] {processor.py:179} INFO - Processing /home/airflow/.local/lib/python3.8/site-packages/airflow/example_dags/example_latest_only_with_trigger.py took 0.123 seconds
[2023-11-04T16:42:03.863+0000] {processor.py:157} INFO - Started process (PID=8749) to work on /home/airflow/.local/lib/python3.8/site-packages/airflow/example_dags/example_latest_only_with_trigger.py
[2023-11-04T16:42:03.865+0000] {processor.py:829} INFO - Processing file /home/airflow/.local/lib/python3.8/site-packages/airflow/example_dags/example_latest_only_with_trigger.py for tasks to queue
[2023-11-04T16:42:03.866+0000] {logging_mixin.py:151} INFO - [2023-11-04T16:42:03.866+0000] {dagbag.py:536} INFO - Filling up the DagBag from /home/airflow/.local/lib/python3.8/site-packages/airflow/example_dags/example_latest_only_with_trigger.py
[2023-11-04T16:42:03.877+0000] {processor.py:839} INFO - DAG(s) dict_keys(['latest_only_with_trigger']) retrieved from /home/airflow/.local/lib/python3.8/site-packages/airflow/example_dags/example_latest_only_with_trigger.py
[2023-11-04T16:42:03.917+0000] {logging_mixin.py:151} INFO - [2023-11-04T16:42:03.916+0000] {dag.py:2941} INFO - Sync 1 DAGs
[2023-11-04T16:42:03.949+0000] {logging_mixin.py:151} INFO - [2023-11-04T16:42:03.949+0000] {dag.py:3722} INFO - Setting next_dagrun for latest_only_with_trigger to 2023-11-04T12:42:03.948818+00:00, run_after=2023-11-04T16:42:03.948818+00:00
[2023-11-04T16:42:03.976+0000] {processor.py:179} INFO - Processing /home/airflow/.local/lib/python3.8/site-packages/airflow/example_dags/example_latest_only_with_trigger.py took 0.118 seconds
[2023-11-04T17:13:27.106+0000] {processor.py:157} INFO - Started process (PID=172) to work on /home/airflow/.local/lib/python3.8/site-packages/airflow/example_dags/example_latest_only_with_trigger.py
[2023-11-04T17:13:27.109+0000] {processor.py:829} INFO - Processing file /home/airflow/.local/lib/python3.8/site-packages/airflow/example_dags/example_latest_only_with_trigger.py for tasks to queue
[2023-11-04T17:13:27.113+0000] {logging_mixin.py:151} INFO - [2023-11-04T17:13:27.112+0000] {dagbag.py:536} INFO - Filling up the DagBag from /home/airflow/.local/lib/python3.8/site-packages/airflow/example_dags/example_latest_only_with_trigger.py
[2023-11-04T17:13:27.155+0000] {processor.py:839} INFO - DAG(s) dict_keys(['latest_only_with_trigger']) retrieved from /home/airflow/.local/lib/python3.8/site-packages/airflow/example_dags/example_latest_only_with_trigger.py
[2023-11-04T17:13:27.272+0000] {logging_mixin.py:151} INFO - [2023-11-04T17:13:27.272+0000] {dag.py:2941} INFO - Sync 1 DAGs
[2023-11-04T17:13:27.317+0000] {logging_mixin.py:151} INFO - [2023-11-04T17:13:27.317+0000] {dag.py:3722} INFO - Setting next_dagrun for latest_only_with_trigger to 2023-11-04T13:13:27.316905+00:00, run_after=2023-11-04T17:13:27.316905+00:00
[2023-11-04T17:13:27.357+0000] {processor.py:179} INFO - Processing /home/airflow/.local/lib/python3.8/site-packages/airflow/example_dags/example_latest_only_with_trigger.py took 0.262 seconds
[2023-11-04T17:13:58.008+0000] {processor.py:157} INFO - Started process (PID=410) to work on /home/airflow/.local/lib/python3.8/site-packages/airflow/example_dags/example_latest_only_with_trigger.py
[2023-11-04T17:13:58.009+0000] {processor.py:829} INFO - Processing file /home/airflow/.local/lib/python3.8/site-packages/airflow/example_dags/example_latest_only_with_trigger.py for tasks to queue
[2023-11-04T17:13:58.011+0000] {logging_mixin.py:151} INFO - [2023-11-04T17:13:58.010+0000] {dagbag.py:536} INFO - Filling up the DagBag from /home/airflow/.local/lib/python3.8/site-packages/airflow/example_dags/example_latest_only_with_trigger.py
[2023-11-04T17:13:58.021+0000] {processor.py:839} INFO - DAG(s) dict_keys(['latest_only_with_trigger']) retrieved from /home/airflow/.local/lib/python3.8/site-packages/airflow/example_dags/example_latest_only_with_trigger.py
[2023-11-04T17:13:58.041+0000] {logging_mixin.py:151} INFO - [2023-11-04T17:13:58.041+0000] {dag.py:2941} INFO - Sync 1 DAGs
[2023-11-04T17:13:58.083+0000] {logging_mixin.py:151} INFO - [2023-11-04T17:13:58.082+0000] {dag.py:3722} INFO - Setting next_dagrun for latest_only_with_trigger to 2023-11-04T13:13:58.082410+00:00, run_after=2023-11-04T17:13:58.082410+00:00
[2023-11-04T17:13:58.119+0000] {processor.py:179} INFO - Processing /home/airflow/.local/lib/python3.8/site-packages/airflow/example_dags/example_latest_only_with_trigger.py took 0.117 seconds
[2023-11-04T17:14:28.200+0000] {processor.py:157} INFO - Started process (PID=648) to work on /home/airflow/.local/lib/python3.8/site-packages/airflow/example_dags/example_latest_only_with_trigger.py
[2023-11-04T17:14:28.202+0000] {processor.py:829} INFO - Processing file /home/airflow/.local/lib/python3.8/site-packages/airflow/example_dags/example_latest_only_with_trigger.py for tasks to queue
[2023-11-04T17:14:28.204+0000] {logging_mixin.py:151} INFO - [2023-11-04T17:14:28.203+0000] {dagbag.py:536} INFO - Filling up the DagBag from /home/airflow/.local/lib/python3.8/site-packages/airflow/example_dags/example_latest_only_with_trigger.py
[2023-11-04T17:14:28.214+0000] {processor.py:839} INFO - DAG(s) dict_keys(['latest_only_with_trigger']) retrieved from /home/airflow/.local/lib/python3.8/site-packages/airflow/example_dags/example_latest_only_with_trigger.py
[2023-11-04T17:14:28.232+0000] {logging_mixin.py:151} INFO - [2023-11-04T17:14:28.232+0000] {dag.py:2941} INFO - Sync 1 DAGs
[2023-11-04T17:14:28.276+0000] {logging_mixin.py:151} INFO - [2023-11-04T17:14:28.275+0000] {dag.py:3722} INFO - Setting next_dagrun for latest_only_with_trigger to 2023-11-04T13:14:28.275559+00:00, run_after=2023-11-04T17:14:28.275559+00:00
[2023-11-04T17:14:28.312+0000] {processor.py:179} INFO - Processing /home/airflow/.local/lib/python3.8/site-packages/airflow/example_dags/example_latest_only_with_trigger.py took 0.119 seconds
[2023-11-04T17:14:58.836+0000] {processor.py:157} INFO - Started process (PID=886) to work on /home/airflow/.local/lib/python3.8/site-packages/airflow/example_dags/example_latest_only_with_trigger.py
[2023-11-04T17:14:58.838+0000] {processor.py:829} INFO - Processing file /home/airflow/.local/lib/python3.8/site-packages/airflow/example_dags/example_latest_only_with_trigger.py for tasks to queue
[2023-11-04T17:14:58.840+0000] {logging_mixin.py:151} INFO - [2023-11-04T17:14:58.839+0000] {dagbag.py:536} INFO - Filling up the DagBag from /home/airflow/.local/lib/python3.8/site-packages/airflow/example_dags/example_latest_only_with_trigger.py
[2023-11-04T17:14:58.854+0000] {processor.py:839} INFO - DAG(s) dict_keys(['latest_only_with_trigger']) retrieved from /home/airflow/.local/lib/python3.8/site-packages/airflow/example_dags/example_latest_only_with_trigger.py
[2023-11-04T17:14:58.888+0000] {logging_mixin.py:151} INFO - [2023-11-04T17:14:58.888+0000] {dag.py:2941} INFO - Sync 1 DAGs
[2023-11-04T17:14:58.926+0000] {logging_mixin.py:151} INFO - [2023-11-04T17:14:58.926+0000] {dag.py:3722} INFO - Setting next_dagrun for latest_only_with_trigger to 2023-11-04T13:14:58.926332+00:00, run_after=2023-11-04T17:14:58.926332+00:00
[2023-11-04T17:14:59.026+0000] {processor.py:179} INFO - Processing /home/airflow/.local/lib/python3.8/site-packages/airflow/example_dags/example_latest_only_with_trigger.py took 0.195 seconds
[2023-11-04T17:15:29.648+0000] {processor.py:157} INFO - Started process (PID=1124) to work on /home/airflow/.local/lib/python3.8/site-packages/airflow/example_dags/example_latest_only_with_trigger.py
[2023-11-04T17:15:29.651+0000] {processor.py:829} INFO - Processing file /home/airflow/.local/lib/python3.8/site-packages/airflow/example_dags/example_latest_only_with_trigger.py for tasks to queue
[2023-11-04T17:15:29.654+0000] {logging_mixin.py:151} INFO - [2023-11-04T17:15:29.653+0000] {dagbag.py:536} INFO - Filling up the DagBag from /home/airflow/.local/lib/python3.8/site-packages/airflow/example_dags/example_latest_only_with_trigger.py
[2023-11-04T17:15:29.664+0000] {processor.py:839} INFO - DAG(s) dict_keys(['latest_only_with_trigger']) retrieved from /home/airflow/.local/lib/python3.8/site-packages/airflow/example_dags/example_latest_only_with_trigger.py
[2023-11-04T17:15:29.705+0000] {logging_mixin.py:151} INFO - [2023-11-04T17:15:29.704+0000] {dag.py:2941} INFO - Sync 1 DAGs
[2023-11-04T17:15:29.738+0000] {logging_mixin.py:151} INFO - [2023-11-04T17:15:29.738+0000] {dag.py:3722} INFO - Setting next_dagrun for latest_only_with_trigger to 2023-11-04T13:15:29.737701+00:00, run_after=2023-11-04T17:15:29.737701+00:00
[2023-11-04T17:15:29.776+0000] {processor.py:179} INFO - Processing /home/airflow/.local/lib/python3.8/site-packages/airflow/example_dags/example_latest_only_with_trigger.py took 0.135 seconds
[2023-11-04T17:16:00.099+0000] {processor.py:157} INFO - Started process (PID=1383) to work on /home/airflow/.local/lib/python3.8/site-packages/airflow/example_dags/example_latest_only_with_trigger.py
[2023-11-04T17:16:00.102+0000] {processor.py:829} INFO - Processing file /home/airflow/.local/lib/python3.8/site-packages/airflow/example_dags/example_latest_only_with_trigger.py for tasks to queue
[2023-11-04T17:16:00.105+0000] {logging_mixin.py:151} INFO - [2023-11-04T17:16:00.104+0000] {dagbag.py:536} INFO - Filling up the DagBag from /home/airflow/.local/lib/python3.8/site-packages/airflow/example_dags/example_latest_only_with_trigger.py
[2023-11-04T17:16:00.117+0000] {processor.py:839} INFO - DAG(s) dict_keys(['latest_only_with_trigger']) retrieved from /home/airflow/.local/lib/python3.8/site-packages/airflow/example_dags/example_latest_only_with_trigger.py
[2023-11-04T17:16:00.165+0000] {logging_mixin.py:151} INFO - [2023-11-04T17:16:00.165+0000] {dag.py:2941} INFO - Sync 1 DAGs
[2023-11-04T17:16:00.376+0000] {logging_mixin.py:151} INFO - [2023-11-04T17:16:00.376+0000] {dag.py:3722} INFO - Setting next_dagrun for latest_only_with_trigger to 2023-11-04T13:16:00.375781+00:00, run_after=2023-11-04T17:16:00.375781+00:00
[2023-11-04T17:16:00.420+0000] {processor.py:179} INFO - Processing /home/airflow/.local/lib/python3.8/site-packages/airflow/example_dags/example_latest_only_with_trigger.py took 0.332 seconds
[2023-11-04T17:16:30.591+0000] {processor.py:157} INFO - Started process (PID=1625) to work on /home/airflow/.local/lib/python3.8/site-packages/airflow/example_dags/example_latest_only_with_trigger.py
[2023-11-04T17:16:30.593+0000] {processor.py:829} INFO - Processing file /home/airflow/.local/lib/python3.8/site-packages/airflow/example_dags/example_latest_only_with_trigger.py for tasks to queue
[2023-11-04T17:16:30.594+0000] {logging_mixin.py:151} INFO - [2023-11-04T17:16:30.594+0000] {dagbag.py:536} INFO - Filling up the DagBag from /home/airflow/.local/lib/python3.8/site-packages/airflow/example_dags/example_latest_only_with_trigger.py
[2023-11-04T17:16:30.605+0000] {processor.py:839} INFO - DAG(s) dict_keys(['latest_only_with_trigger']) retrieved from /home/airflow/.local/lib/python3.8/site-packages/airflow/example_dags/example_latest_only_with_trigger.py
[2023-11-04T17:16:30.636+0000] {logging_mixin.py:151} INFO - [2023-11-04T17:16:30.636+0000] {dag.py:2941} INFO - Sync 1 DAGs
[2023-11-04T17:16:30.668+0000] {logging_mixin.py:151} INFO - [2023-11-04T17:16:30.667+0000] {dag.py:3722} INFO - Setting next_dagrun for latest_only_with_trigger to 2023-11-04T13:16:30.667545+00:00, run_after=2023-11-04T17:16:30.667545+00:00
[2023-11-04T17:16:30.702+0000] {processor.py:179} INFO - Processing /home/airflow/.local/lib/python3.8/site-packages/airflow/example_dags/example_latest_only_with_trigger.py took 0.115 seconds
[2023-11-04T17:17:01.010+0000] {processor.py:157} INFO - Started process (PID=1863) to work on /home/airflow/.local/lib/python3.8/site-packages/airflow/example_dags/example_latest_only_with_trigger.py
[2023-11-04T17:17:01.012+0000] {processor.py:829} INFO - Processing file /home/airflow/.local/lib/python3.8/site-packages/airflow/example_dags/example_latest_only_with_trigger.py for tasks to queue
[2023-11-04T17:17:01.013+0000] {logging_mixin.py:151} INFO - [2023-11-04T17:17:01.013+0000] {dagbag.py:536} INFO - Filling up the DagBag from /home/airflow/.local/lib/python3.8/site-packages/airflow/example_dags/example_latest_only_with_trigger.py
[2023-11-04T17:17:01.024+0000] {processor.py:839} INFO - DAG(s) dict_keys(['latest_only_with_trigger']) retrieved from /home/airflow/.local/lib/python3.8/site-packages/airflow/example_dags/example_latest_only_with_trigger.py
[2023-11-04T17:17:01.060+0000] {logging_mixin.py:151} INFO - [2023-11-04T17:17:01.060+0000] {dag.py:2941} INFO - Sync 1 DAGs
[2023-11-04T17:17:01.094+0000] {logging_mixin.py:151} INFO - [2023-11-04T17:17:01.094+0000] {dag.py:3722} INFO - Setting next_dagrun for latest_only_with_trigger to 2023-11-04T13:17:01.093776+00:00, run_after=2023-11-04T17:17:01.093776+00:00
[2023-11-04T17:17:01.123+0000] {processor.py:179} INFO - Processing /home/airflow/.local/lib/python3.8/site-packages/airflow/example_dags/example_latest_only_with_trigger.py took 0.118 seconds
[2023-11-04T17:17:31.276+0000] {processor.py:157} INFO - Started process (PID=2101) to work on /home/airflow/.local/lib/python3.8/site-packages/airflow/example_dags/example_latest_only_with_trigger.py
[2023-11-04T17:17:31.277+0000] {processor.py:829} INFO - Processing file /home/airflow/.local/lib/python3.8/site-packages/airflow/example_dags/example_latest_only_with_trigger.py for tasks to queue
[2023-11-04T17:17:31.279+0000] {logging_mixin.py:151} INFO - [2023-11-04T17:17:31.278+0000] {dagbag.py:536} INFO - Filling up the DagBag from /home/airflow/.local/lib/python3.8/site-packages/airflow/example_dags/example_latest_only_with_trigger.py
[2023-11-04T17:17:31.289+0000] {processor.py:839} INFO - DAG(s) dict_keys(['latest_only_with_trigger']) retrieved from /home/airflow/.local/lib/python3.8/site-packages/airflow/example_dags/example_latest_only_with_trigger.py
[2023-11-04T17:17:31.320+0000] {logging_mixin.py:151} INFO - [2023-11-04T17:17:31.320+0000] {dag.py:2941} INFO - Sync 1 DAGs
[2023-11-04T17:17:31.353+0000] {logging_mixin.py:151} INFO - [2023-11-04T17:17:31.353+0000] {dag.py:3722} INFO - Setting next_dagrun for latest_only_with_trigger to 2023-11-04T13:17:31.353147+00:00, run_after=2023-11-04T17:17:31.353147+00:00
[2023-11-04T17:17:31.387+0000] {processor.py:179} INFO - Processing /home/airflow/.local/lib/python3.8/site-packages/airflow/example_dags/example_latest_only_with_trigger.py took 0.116 seconds
[2023-11-04T17:18:01.544+0000] {processor.py:157} INFO - Started process (PID=2338) to work on /home/airflow/.local/lib/python3.8/site-packages/airflow/example_dags/example_latest_only_with_trigger.py
[2023-11-04T17:18:01.545+0000] {processor.py:829} INFO - Processing file /home/airflow/.local/lib/python3.8/site-packages/airflow/example_dags/example_latest_only_with_trigger.py for tasks to queue
[2023-11-04T17:18:01.547+0000] {logging_mixin.py:151} INFO - [2023-11-04T17:18:01.546+0000] {dagbag.py:536} INFO - Filling up the DagBag from /home/airflow/.local/lib/python3.8/site-packages/airflow/example_dags/example_latest_only_with_trigger.py
[2023-11-04T17:18:01.557+0000] {processor.py:839} INFO - DAG(s) dict_keys(['latest_only_with_trigger']) retrieved from /home/airflow/.local/lib/python3.8/site-packages/airflow/example_dags/example_latest_only_with_trigger.py
[2023-11-04T17:18:01.589+0000] {logging_mixin.py:151} INFO - [2023-11-04T17:18:01.588+0000] {dag.py:2941} INFO - Sync 1 DAGs
[2023-11-04T17:18:01.621+0000] {logging_mixin.py:151} INFO - [2023-11-04T17:18:01.621+0000] {dag.py:3722} INFO - Setting next_dagrun for latest_only_with_trigger to 2023-11-04T13:18:01.620640+00:00, run_after=2023-11-04T17:18:01.620640+00:00
[2023-11-04T17:18:01.656+0000] {processor.py:179} INFO - Processing /home/airflow/.local/lib/python3.8/site-packages/airflow/example_dags/example_latest_only_with_trigger.py took 0.117 seconds
[2023-11-04T17:18:32.531+0000] {processor.py:157} INFO - Started process (PID=2577) to work on /home/airflow/.local/lib/python3.8/site-packages/airflow/example_dags/example_latest_only_with_trigger.py
[2023-11-04T17:18:32.533+0000] {processor.py:829} INFO - Processing file /home/airflow/.local/lib/python3.8/site-packages/airflow/example_dags/example_latest_only_with_trigger.py for tasks to queue
[2023-11-04T17:18:32.535+0000] {logging_mixin.py:151} INFO - [2023-11-04T17:18:32.535+0000] {dagbag.py:536} INFO - Filling up the DagBag from /home/airflow/.local/lib/python3.8/site-packages/airflow/example_dags/example_latest_only_with_trigger.py
[2023-11-04T17:18:32.554+0000] {processor.py:839} INFO - DAG(s) dict_keys(['latest_only_with_trigger']) retrieved from /home/airflow/.local/lib/python3.8/site-packages/airflow/example_dags/example_latest_only_with_trigger.py
[2023-11-04T17:18:32.590+0000] {logging_mixin.py:151} INFO - [2023-11-04T17:18:32.590+0000] {dag.py:2941} INFO - Sync 1 DAGs
[2023-11-04T17:18:32.623+0000] {logging_mixin.py:151} INFO - [2023-11-04T17:18:32.622+0000] {dag.py:3722} INFO - Setting next_dagrun for latest_only_with_trigger to 2023-11-04T13:18:32.622373+00:00, run_after=2023-11-04T17:18:32.622373+00:00
[2023-11-04T17:18:32.652+0000] {processor.py:179} INFO - Processing /home/airflow/.local/lib/python3.8/site-packages/airflow/example_dags/example_latest_only_with_trigger.py took 0.125 seconds
[2023-11-04T17:19:03.548+0000] {processor.py:157} INFO - Started process (PID=2815) to work on /home/airflow/.local/lib/python3.8/site-packages/airflow/example_dags/example_latest_only_with_trigger.py
[2023-11-04T17:19:03.550+0000] {processor.py:829} INFO - Processing file /home/airflow/.local/lib/python3.8/site-packages/airflow/example_dags/example_latest_only_with_trigger.py for tasks to queue
[2023-11-04T17:19:03.551+0000] {logging_mixin.py:151} INFO - [2023-11-04T17:19:03.551+0000] {dagbag.py:536} INFO - Filling up the DagBag from /home/airflow/.local/lib/python3.8/site-packages/airflow/example_dags/example_latest_only_with_trigger.py
[2023-11-04T17:19:03.561+0000] {processor.py:839} INFO - DAG(s) dict_keys(['latest_only_with_trigger']) retrieved from /home/airflow/.local/lib/python3.8/site-packages/airflow/example_dags/example_latest_only_with_trigger.py
[2023-11-04T17:19:03.600+0000] {logging_mixin.py:151} INFO - [2023-11-04T17:19:03.600+0000] {dag.py:2941} INFO - Sync 1 DAGs
[2023-11-04T17:19:03.636+0000] {logging_mixin.py:151} INFO - [2023-11-04T17:19:03.635+0000] {dag.py:3722} INFO - Setting next_dagrun for latest_only_with_trigger to 2023-11-04T13:19:03.635585+00:00, run_after=2023-11-04T17:19:03.635585+00:00
[2023-11-04T17:19:03.663+0000] {processor.py:179} INFO - Processing /home/airflow/.local/lib/python3.8/site-packages/airflow/example_dags/example_latest_only_with_trigger.py took 0.119 seconds
[2023-11-04T17:19:34.274+0000] {processor.py:157} INFO - Started process (PID=3053) to work on /home/airflow/.local/lib/python3.8/site-packages/airflow/example_dags/example_latest_only_with_trigger.py
[2023-11-04T17:19:34.275+0000] {processor.py:829} INFO - Processing file /home/airflow/.local/lib/python3.8/site-packages/airflow/example_dags/example_latest_only_with_trigger.py for tasks to queue
[2023-11-04T17:19:34.283+0000] {logging_mixin.py:151} INFO - [2023-11-04T17:19:34.283+0000] {dagbag.py:536} INFO - Filling up the DagBag from /home/airflow/.local/lib/python3.8/site-packages/airflow/example_dags/example_latest_only_with_trigger.py
[2023-11-04T17:19:34.307+0000] {processor.py:839} INFO - DAG(s) dict_keys(['latest_only_with_trigger']) retrieved from /home/airflow/.local/lib/python3.8/site-packages/airflow/example_dags/example_latest_only_with_trigger.py
[2023-11-04T17:19:34.360+0000] {logging_mixin.py:151} INFO - [2023-11-04T17:19:34.360+0000] {dag.py:2941} INFO - Sync 1 DAGs
[2023-11-04T17:19:34.400+0000] {logging_mixin.py:151} INFO - [2023-11-04T17:19:34.400+0000] {dag.py:3722} INFO - Setting next_dagrun for latest_only_with_trigger to 2023-11-04T13:19:34.400162+00:00, run_after=2023-11-04T17:19:34.400162+00:00
[2023-11-04T17:19:34.427+0000] {processor.py:179} INFO - Processing /home/airflow/.local/lib/python3.8/site-packages/airflow/example_dags/example_latest_only_with_trigger.py took 0.159 seconds
[2023-11-04T17:20:04.794+0000] {processor.py:157} INFO - Started process (PID=3291) to work on /home/airflow/.local/lib/python3.8/site-packages/airflow/example_dags/example_latest_only_with_trigger.py
[2023-11-04T17:20:04.796+0000] {processor.py:829} INFO - Processing file /home/airflow/.local/lib/python3.8/site-packages/airflow/example_dags/example_latest_only_with_trigger.py for tasks to queue
[2023-11-04T17:20:04.797+0000] {logging_mixin.py:151} INFO - [2023-11-04T17:20:04.797+0000] {dagbag.py:536} INFO - Filling up the DagBag from /home/airflow/.local/lib/python3.8/site-packages/airflow/example_dags/example_latest_only_with_trigger.py
[2023-11-04T17:20:04.807+0000] {processor.py:839} INFO - DAG(s) dict_keys(['latest_only_with_trigger']) retrieved from /home/airflow/.local/lib/python3.8/site-packages/airflow/example_dags/example_latest_only_with_trigger.py
[2023-11-04T17:20:04.838+0000] {logging_mixin.py:151} INFO - [2023-11-04T17:20:04.838+0000] {dag.py:2941} INFO - Sync 1 DAGs
[2023-11-04T17:20:04.871+0000] {logging_mixin.py:151} INFO - [2023-11-04T17:20:04.871+0000] {dag.py:3722} INFO - Setting next_dagrun for latest_only_with_trigger to 2023-11-04T13:20:04.870617+00:00, run_after=2023-11-04T17:20:04.870617+00:00
[2023-11-04T17:20:04.904+0000] {processor.py:179} INFO - Processing /home/airflow/.local/lib/python3.8/site-packages/airflow/example_dags/example_latest_only_with_trigger.py took 0.115 seconds
[2023-11-04T17:20:35.294+0000] {processor.py:157} INFO - Started process (PID=3529) to work on /home/airflow/.local/lib/python3.8/site-packages/airflow/example_dags/example_latest_only_with_trigger.py
[2023-11-04T17:20:35.295+0000] {processor.py:829} INFO - Processing file /home/airflow/.local/lib/python3.8/site-packages/airflow/example_dags/example_latest_only_with_trigger.py for tasks to queue
[2023-11-04T17:20:35.297+0000] {logging_mixin.py:151} INFO - [2023-11-04T17:20:35.297+0000] {dagbag.py:536} INFO - Filling up the DagBag from /home/airflow/.local/lib/python3.8/site-packages/airflow/example_dags/example_latest_only_with_trigger.py
[2023-11-04T17:20:35.308+0000] {processor.py:839} INFO - DAG(s) dict_keys(['latest_only_with_trigger']) retrieved from /home/airflow/.local/lib/python3.8/site-packages/airflow/example_dags/example_latest_only_with_trigger.py
[2023-11-04T17:20:35.340+0000] {logging_mixin.py:151} INFO - [2023-11-04T17:20:35.340+0000] {dag.py:2941} INFO - Sync 1 DAGs
[2023-11-04T17:20:35.372+0000] {logging_mixin.py:151} INFO - [2023-11-04T17:20:35.372+0000] {dag.py:3722} INFO - Setting next_dagrun for latest_only_with_trigger to 2023-11-04T13:20:35.371623+00:00, run_after=2023-11-04T17:20:35.371623+00:00
[2023-11-04T17:20:35.403+0000] {processor.py:179} INFO - Processing /home/airflow/.local/lib/python3.8/site-packages/airflow/example_dags/example_latest_only_with_trigger.py took 0.114 seconds
[2023-11-04T17:21:06.061+0000] {processor.py:157} INFO - Started process (PID=3774) to work on /home/airflow/.local/lib/python3.8/site-packages/airflow/example_dags/example_latest_only_with_trigger.py
[2023-11-04T17:21:06.064+0000] {processor.py:829} INFO - Processing file /home/airflow/.local/lib/python3.8/site-packages/airflow/example_dags/example_latest_only_with_trigger.py for tasks to queue
[2023-11-04T17:21:06.066+0000] {logging_mixin.py:151} INFO - [2023-11-04T17:21:06.066+0000] {dagbag.py:536} INFO - Filling up the DagBag from /home/airflow/.local/lib/python3.8/site-packages/airflow/example_dags/example_latest_only_with_trigger.py
[2023-11-04T17:21:06.077+0000] {processor.py:839} INFO - DAG(s) dict_keys(['latest_only_with_trigger']) retrieved from /home/airflow/.local/lib/python3.8/site-packages/airflow/example_dags/example_latest_only_with_trigger.py
[2023-11-04T17:21:06.108+0000] {logging_mixin.py:151} INFO - [2023-11-04T17:21:06.107+0000] {dag.py:2941} INFO - Sync 1 DAGs
[2023-11-04T17:21:06.141+0000] {logging_mixin.py:151} INFO - [2023-11-04T17:21:06.141+0000] {dag.py:3722} INFO - Setting next_dagrun for latest_only_with_trigger to 2023-11-04T13:21:06.140911+00:00, run_after=2023-11-04T17:21:06.140911+00:00
[2023-11-04T17:21:06.169+0000] {processor.py:179} INFO - Processing /home/airflow/.local/lib/python3.8/site-packages/airflow/example_dags/example_latest_only_with_trigger.py took 0.115 seconds
[2023-11-04T17:21:36.519+0000] {processor.py:157} INFO - Started process (PID=4041) to work on /home/airflow/.local/lib/python3.8/site-packages/airflow/example_dags/example_latest_only_with_trigger.py
[2023-11-04T17:21:36.523+0000] {processor.py:829} INFO - Processing file /home/airflow/.local/lib/python3.8/site-packages/airflow/example_dags/example_latest_only_with_trigger.py for tasks to queue
[2023-11-04T17:21:36.536+0000] {logging_mixin.py:151} INFO - [2023-11-04T17:21:36.534+0000] {dagbag.py:536} INFO - Filling up the DagBag from /home/airflow/.local/lib/python3.8/site-packages/airflow/example_dags/example_latest_only_with_trigger.py
[2023-11-04T17:21:36.561+0000] {processor.py:839} INFO - DAG(s) dict_keys(['latest_only_with_trigger']) retrieved from /home/airflow/.local/lib/python3.8/site-packages/airflow/example_dags/example_latest_only_with_trigger.py
[2023-11-04T17:21:36.635+0000] {logging_mixin.py:151} INFO - [2023-11-04T17:21:36.633+0000] {dag.py:2941} INFO - Sync 1 DAGs
[2023-11-04T17:21:36.722+0000] {logging_mixin.py:151} INFO - [2023-11-04T17:21:36.722+0000] {dag.py:3722} INFO - Setting next_dagrun for latest_only_with_trigger to 2023-11-04T13:21:36.721526+00:00, run_after=2023-11-04T17:21:36.721526+00:00
[2023-11-04T17:21:36.777+0000] {processor.py:179} INFO - Processing /home/airflow/.local/lib/python3.8/site-packages/airflow/example_dags/example_latest_only_with_trigger.py took 0.268 seconds
[2023-11-04T17:22:06.907+0000] {processor.py:157} INFO - Started process (PID=4298) to work on /home/airflow/.local/lib/python3.8/site-packages/airflow/example_dags/example_latest_only_with_trigger.py
[2023-11-04T17:22:06.910+0000] {processor.py:829} INFO - Processing file /home/airflow/.local/lib/python3.8/site-packages/airflow/example_dags/example_latest_only_with_trigger.py for tasks to queue
[2023-11-04T17:22:06.912+0000] {logging_mixin.py:151} INFO - [2023-11-04T17:22:06.912+0000] {dagbag.py:536} INFO - Filling up the DagBag from /home/airflow/.local/lib/python3.8/site-packages/airflow/example_dags/example_latest_only_with_trigger.py
[2023-11-04T17:22:06.934+0000] {processor.py:839} INFO - DAG(s) dict_keys(['latest_only_with_trigger']) retrieved from /home/airflow/.local/lib/python3.8/site-packages/airflow/example_dags/example_latest_only_with_trigger.py
[2023-11-04T17:22:06.982+0000] {logging_mixin.py:151} INFO - [2023-11-04T17:22:06.982+0000] {dag.py:2941} INFO - Sync 1 DAGs
[2023-11-04T17:22:07.033+0000] {logging_mixin.py:151} INFO - [2023-11-04T17:22:07.033+0000] {dag.py:3722} INFO - Setting next_dagrun for latest_only_with_trigger to 2023-11-04T13:22:07.032947+00:00, run_after=2023-11-04T17:22:07.032947+00:00
[2023-11-04T17:22:07.078+0000] {processor.py:179} INFO - Processing /home/airflow/.local/lib/python3.8/site-packages/airflow/example_dags/example_latest_only_with_trigger.py took 0.180 seconds
[2023-11-04T17:22:37.213+0000] {processor.py:157} INFO - Started process (PID=4536) to work on /home/airflow/.local/lib/python3.8/site-packages/airflow/example_dags/example_latest_only_with_trigger.py
[2023-11-04T17:22:37.217+0000] {processor.py:829} INFO - Processing file /home/airflow/.local/lib/python3.8/site-packages/airflow/example_dags/example_latest_only_with_trigger.py for tasks to queue
[2023-11-04T17:22:37.220+0000] {logging_mixin.py:151} INFO - [2023-11-04T17:22:37.220+0000] {dagbag.py:536} INFO - Filling up the DagBag from /home/airflow/.local/lib/python3.8/site-packages/airflow/example_dags/example_latest_only_with_trigger.py
[2023-11-04T17:22:37.240+0000] {processor.py:839} INFO - DAG(s) dict_keys(['latest_only_with_trigger']) retrieved from /home/airflow/.local/lib/python3.8/site-packages/airflow/example_dags/example_latest_only_with_trigger.py
[2023-11-04T17:22:37.301+0000] {logging_mixin.py:151} INFO - [2023-11-04T17:22:37.300+0000] {dag.py:2941} INFO - Sync 1 DAGs
[2023-11-04T17:22:37.367+0000] {logging_mixin.py:151} INFO - [2023-11-04T17:22:37.366+0000] {dag.py:3722} INFO - Setting next_dagrun for latest_only_with_trigger to 2023-11-04T13:22:37.365438+00:00, run_after=2023-11-04T17:22:37.365438+00:00
[2023-11-04T17:22:37.421+0000] {processor.py:179} INFO - Processing /home/airflow/.local/lib/python3.8/site-packages/airflow/example_dags/example_latest_only_with_trigger.py took 0.216 seconds
