[2023-11-04T16:23:47.960+0000] {processor.py:157} INFO - Started process (PID=373) to work on /home/airflow/.local/lib/python3.8/site-packages/airflow/example_dags/example_short_circuit_operator.py
[2023-11-04T16:23:47.962+0000] {processor.py:829} INFO - Processing file /home/airflow/.local/lib/python3.8/site-packages/airflow/example_dags/example_short_circuit_operator.py for tasks to queue
[2023-11-04T16:23:47.964+0000] {logging_mixin.py:151} INFO - [2023-11-04T16:23:47.963+0000] {dagbag.py:536} INFO - Filling up the DagBag from /home/airflow/.local/lib/python3.8/site-packages/airflow/example_dags/example_short_circuit_operator.py
[2023-11-04T16:23:47.980+0000] {processor.py:839} INFO - DAG(s) dict_keys(['example_short_circuit_operator']) retrieved from /home/airflow/.local/lib/python3.8/site-packages/airflow/example_dags/example_short_circuit_operator.py
[2023-11-04T16:23:47.999+0000] {logging_mixin.py:151} INFO - [2023-11-04T16:23:47.998+0000] {dag.py:2941} INFO - Sync 1 DAGs
[2023-11-04T16:23:48.034+0000] {logging_mixin.py:151} INFO - [2023-11-04T16:23:48.034+0000] {dag.py:3722} INFO - Setting next_dagrun for example_short_circuit_operator to 2023-11-03T16:23:48.033865+00:00, run_after=2023-11-04T16:23:48.033865+00:00
[2023-11-04T16:23:48.067+0000] {processor.py:179} INFO - Processing /home/airflow/.local/lib/python3.8/site-packages/airflow/example_dags/example_short_circuit_operator.py took 0.112 seconds
[2023-11-04T16:24:18.792+0000] {processor.py:157} INFO - Started process (PID=611) to work on /home/airflow/.local/lib/python3.8/site-packages/airflow/example_dags/example_short_circuit_operator.py
[2023-11-04T16:24:18.793+0000] {processor.py:829} INFO - Processing file /home/airflow/.local/lib/python3.8/site-packages/airflow/example_dags/example_short_circuit_operator.py for tasks to queue
[2023-11-04T16:24:18.795+0000] {logging_mixin.py:151} INFO - [2023-11-04T16:24:18.794+0000] {dagbag.py:536} INFO - Filling up the DagBag from /home/airflow/.local/lib/python3.8/site-packages/airflow/example_dags/example_short_circuit_operator.py
[2023-11-04T16:24:18.809+0000] {processor.py:839} INFO - DAG(s) dict_keys(['example_short_circuit_operator']) retrieved from /home/airflow/.local/lib/python3.8/site-packages/airflow/example_dags/example_short_circuit_operator.py
[2023-11-04T16:24:18.848+0000] {logging_mixin.py:151} INFO - [2023-11-04T16:24:18.848+0000] {dag.py:2941} INFO - Sync 1 DAGs
[2023-11-04T16:24:18.888+0000] {logging_mixin.py:151} INFO - [2023-11-04T16:24:18.887+0000] {dag.py:3722} INFO - Setting next_dagrun for example_short_circuit_operator to 2023-11-03T16:24:18.886957+00:00, run_after=2023-11-04T16:24:18.886957+00:00
[2023-11-04T16:24:18.921+0000] {processor.py:179} INFO - Processing /home/airflow/.local/lib/python3.8/site-packages/airflow/example_dags/example_short_circuit_operator.py took 0.135 seconds
[2023-11-04T16:24:49.320+0000] {processor.py:157} INFO - Started process (PID=844) to work on /home/airflow/.local/lib/python3.8/site-packages/airflow/example_dags/example_short_circuit_operator.py
[2023-11-04T16:24:49.321+0000] {processor.py:829} INFO - Processing file /home/airflow/.local/lib/python3.8/site-packages/airflow/example_dags/example_short_circuit_operator.py for tasks to queue
[2023-11-04T16:24:49.323+0000] {logging_mixin.py:151} INFO - [2023-11-04T16:24:49.322+0000] {dagbag.py:536} INFO - Filling up the DagBag from /home/airflow/.local/lib/python3.8/site-packages/airflow/example_dags/example_short_circuit_operator.py
[2023-11-04T16:24:49.336+0000] {processor.py:839} INFO - DAG(s) dict_keys(['example_short_circuit_operator']) retrieved from /home/airflow/.local/lib/python3.8/site-packages/airflow/example_dags/example_short_circuit_operator.py
[2023-11-04T16:24:49.371+0000] {logging_mixin.py:151} INFO - [2023-11-04T16:24:49.371+0000] {dag.py:2941} INFO - Sync 1 DAGs
[2023-11-04T16:24:49.404+0000] {logging_mixin.py:151} INFO - [2023-11-04T16:24:49.403+0000] {dag.py:3722} INFO - Setting next_dagrun for example_short_circuit_operator to 2023-11-03T16:24:49.403350+00:00, run_after=2023-11-04T16:24:49.403350+00:00
[2023-11-04T16:24:49.432+0000] {processor.py:179} INFO - Processing /home/airflow/.local/lib/python3.8/site-packages/airflow/example_dags/example_short_circuit_operator.py took 0.117 seconds
[2023-11-04T16:25:19.490+0000] {processor.py:157} INFO - Started process (PID=1082) to work on /home/airflow/.local/lib/python3.8/site-packages/airflow/example_dags/example_short_circuit_operator.py
[2023-11-04T16:25:19.492+0000] {processor.py:829} INFO - Processing file /home/airflow/.local/lib/python3.8/site-packages/airflow/example_dags/example_short_circuit_operator.py for tasks to queue
[2023-11-04T16:25:19.493+0000] {logging_mixin.py:151} INFO - [2023-11-04T16:25:19.493+0000] {dagbag.py:536} INFO - Filling up the DagBag from /home/airflow/.local/lib/python3.8/site-packages/airflow/example_dags/example_short_circuit_operator.py
[2023-11-04T16:25:19.507+0000] {processor.py:839} INFO - DAG(s) dict_keys(['example_short_circuit_operator']) retrieved from /home/airflow/.local/lib/python3.8/site-packages/airflow/example_dags/example_short_circuit_operator.py
[2023-11-04T16:25:19.544+0000] {logging_mixin.py:151} INFO - [2023-11-04T16:25:19.543+0000] {dag.py:2941} INFO - Sync 1 DAGs
[2023-11-04T16:25:19.578+0000] {logging_mixin.py:151} INFO - [2023-11-04T16:25:19.577+0000] {dag.py:3722} INFO - Setting next_dagrun for example_short_circuit_operator to 2023-11-03T16:25:19.577198+00:00, run_after=2023-11-04T16:25:19.577198+00:00
[2023-11-04T16:25:19.606+0000] {processor.py:179} INFO - Processing /home/airflow/.local/lib/python3.8/site-packages/airflow/example_dags/example_short_circuit_operator.py took 0.121 seconds
[2023-11-04T16:25:49.731+0000] {processor.py:157} INFO - Started process (PID=1320) to work on /home/airflow/.local/lib/python3.8/site-packages/airflow/example_dags/example_short_circuit_operator.py
[2023-11-04T16:25:49.732+0000] {processor.py:829} INFO - Processing file /home/airflow/.local/lib/python3.8/site-packages/airflow/example_dags/example_short_circuit_operator.py for tasks to queue
[2023-11-04T16:25:49.734+0000] {logging_mixin.py:151} INFO - [2023-11-04T16:25:49.733+0000] {dagbag.py:536} INFO - Filling up the DagBag from /home/airflow/.local/lib/python3.8/site-packages/airflow/example_dags/example_short_circuit_operator.py
[2023-11-04T16:25:49.747+0000] {processor.py:839} INFO - DAG(s) dict_keys(['example_short_circuit_operator']) retrieved from /home/airflow/.local/lib/python3.8/site-packages/airflow/example_dags/example_short_circuit_operator.py
[2023-11-04T16:25:49.784+0000] {logging_mixin.py:151} INFO - [2023-11-04T16:25:49.784+0000] {dag.py:2941} INFO - Sync 1 DAGs
[2023-11-04T16:25:49.818+0000] {logging_mixin.py:151} INFO - [2023-11-04T16:25:49.817+0000] {dag.py:3722} INFO - Setting next_dagrun for example_short_circuit_operator to 2023-11-03T16:25:49.817424+00:00, run_after=2023-11-04T16:25:49.817424+00:00
[2023-11-04T16:25:49.849+0000] {processor.py:179} INFO - Processing /home/airflow/.local/lib/python3.8/site-packages/airflow/example_dags/example_short_circuit_operator.py took 0.123 seconds
[2023-11-04T16:26:20.059+0000] {processor.py:157} INFO - Started process (PID=1560) to work on /home/airflow/.local/lib/python3.8/site-packages/airflow/example_dags/example_short_circuit_operator.py
[2023-11-04T16:26:20.061+0000] {processor.py:829} INFO - Processing file /home/airflow/.local/lib/python3.8/site-packages/airflow/example_dags/example_short_circuit_operator.py for tasks to queue
[2023-11-04T16:26:20.062+0000] {logging_mixin.py:151} INFO - [2023-11-04T16:26:20.062+0000] {dagbag.py:536} INFO - Filling up the DagBag from /home/airflow/.local/lib/python3.8/site-packages/airflow/example_dags/example_short_circuit_operator.py
[2023-11-04T16:26:20.075+0000] {processor.py:839} INFO - DAG(s) dict_keys(['example_short_circuit_operator']) retrieved from /home/airflow/.local/lib/python3.8/site-packages/airflow/example_dags/example_short_circuit_operator.py
[2023-11-04T16:26:20.094+0000] {logging_mixin.py:151} INFO - [2023-11-04T16:26:20.093+0000] {dag.py:2941} INFO - Sync 1 DAGs
[2023-11-04T16:26:20.129+0000] {logging_mixin.py:151} INFO - [2023-11-04T16:26:20.128+0000] {dag.py:3722} INFO - Setting next_dagrun for example_short_circuit_operator to 2023-11-03T16:26:20.128383+00:00, run_after=2023-11-04T16:26:20.128383+00:00
[2023-11-04T16:26:20.162+0000] {processor.py:179} INFO - Processing /home/airflow/.local/lib/python3.8/site-packages/airflow/example_dags/example_short_circuit_operator.py took 0.107 seconds
[2023-11-04T16:26:50.717+0000] {processor.py:157} INFO - Started process (PID=1798) to work on /home/airflow/.local/lib/python3.8/site-packages/airflow/example_dags/example_short_circuit_operator.py
[2023-11-04T16:26:50.718+0000] {processor.py:829} INFO - Processing file /home/airflow/.local/lib/python3.8/site-packages/airflow/example_dags/example_short_circuit_operator.py for tasks to queue
[2023-11-04T16:26:50.720+0000] {logging_mixin.py:151} INFO - [2023-11-04T16:26:50.719+0000] {dagbag.py:536} INFO - Filling up the DagBag from /home/airflow/.local/lib/python3.8/site-packages/airflow/example_dags/example_short_circuit_operator.py
[2023-11-04T16:26:50.733+0000] {processor.py:839} INFO - DAG(s) dict_keys(['example_short_circuit_operator']) retrieved from /home/airflow/.local/lib/python3.8/site-packages/airflow/example_dags/example_short_circuit_operator.py
[2023-11-04T16:26:50.769+0000] {logging_mixin.py:151} INFO - [2023-11-04T16:26:50.768+0000] {dag.py:2941} INFO - Sync 1 DAGs
[2023-11-04T16:26:50.801+0000] {logging_mixin.py:151} INFO - [2023-11-04T16:26:50.801+0000] {dag.py:3722} INFO - Setting next_dagrun for example_short_circuit_operator to 2023-11-03T16:26:50.800637+00:00, run_after=2023-11-04T16:26:50.800637+00:00
[2023-11-04T16:26:50.834+0000] {processor.py:179} INFO - Processing /home/airflow/.local/lib/python3.8/site-packages/airflow/example_dags/example_short_circuit_operator.py took 0.122 seconds
[2023-11-04T16:27:21.778+0000] {processor.py:157} INFO - Started process (PID=2034) to work on /home/airflow/.local/lib/python3.8/site-packages/airflow/example_dags/example_short_circuit_operator.py
[2023-11-04T16:27:21.780+0000] {processor.py:829} INFO - Processing file /home/airflow/.local/lib/python3.8/site-packages/airflow/example_dags/example_short_circuit_operator.py for tasks to queue
[2023-11-04T16:27:21.781+0000] {logging_mixin.py:151} INFO - [2023-11-04T16:27:21.781+0000] {dagbag.py:536} INFO - Filling up the DagBag from /home/airflow/.local/lib/python3.8/site-packages/airflow/example_dags/example_short_circuit_operator.py
[2023-11-04T16:27:21.795+0000] {processor.py:839} INFO - DAG(s) dict_keys(['example_short_circuit_operator']) retrieved from /home/airflow/.local/lib/python3.8/site-packages/airflow/example_dags/example_short_circuit_operator.py
[2023-11-04T16:27:21.832+0000] {logging_mixin.py:151} INFO - [2023-11-04T16:27:21.831+0000] {dag.py:2941} INFO - Sync 1 DAGs
[2023-11-04T16:27:21.866+0000] {logging_mixin.py:151} INFO - [2023-11-04T16:27:21.866+0000] {dag.py:3722} INFO - Setting next_dagrun for example_short_circuit_operator to 2023-11-03T16:27:21.865946+00:00, run_after=2023-11-04T16:27:21.865946+00:00
[2023-11-04T16:27:21.896+0000] {processor.py:179} INFO - Processing /home/airflow/.local/lib/python3.8/site-packages/airflow/example_dags/example_short_circuit_operator.py took 0.123 seconds
[2023-11-04T16:27:54.104+0000] {processor.py:157} INFO - Started process (PID=2273) to work on /home/airflow/.local/lib/python3.8/site-packages/airflow/example_dags/example_short_circuit_operator.py
[2023-11-04T16:27:54.107+0000] {processor.py:829} INFO - Processing file /home/airflow/.local/lib/python3.8/site-packages/airflow/example_dags/example_short_circuit_operator.py for tasks to queue
[2023-11-04T16:27:54.109+0000] {logging_mixin.py:151} INFO - [2023-11-04T16:27:54.109+0000] {dagbag.py:536} INFO - Filling up the DagBag from /home/airflow/.local/lib/python3.8/site-packages/airflow/example_dags/example_short_circuit_operator.py
[2023-11-04T16:27:54.135+0000] {processor.py:839} INFO - DAG(s) dict_keys(['example_short_circuit_operator']) retrieved from /home/airflow/.local/lib/python3.8/site-packages/airflow/example_dags/example_short_circuit_operator.py
[2023-11-04T16:27:54.186+0000] {logging_mixin.py:151} INFO - [2023-11-04T16:27:54.179+0000] {dag.py:2941} INFO - Sync 1 DAGs
[2023-11-04T16:27:54.261+0000] {logging_mixin.py:151} INFO - [2023-11-04T16:27:54.261+0000] {dag.py:3722} INFO - Setting next_dagrun for example_short_circuit_operator to 2023-11-03T16:27:54.260488+00:00, run_after=2023-11-04T16:27:54.260488+00:00
[2023-11-04T16:27:54.317+0000] {processor.py:179} INFO - Processing /home/airflow/.local/lib/python3.8/site-packages/airflow/example_dags/example_short_circuit_operator.py took 0.220 seconds
[2023-11-04T16:28:24.421+0000] {processor.py:157} INFO - Started process (PID=2511) to work on /home/airflow/.local/lib/python3.8/site-packages/airflow/example_dags/example_short_circuit_operator.py
[2023-11-04T16:28:24.423+0000] {processor.py:829} INFO - Processing file /home/airflow/.local/lib/python3.8/site-packages/airflow/example_dags/example_short_circuit_operator.py for tasks to queue
[2023-11-04T16:28:24.425+0000] {logging_mixin.py:151} INFO - [2023-11-04T16:28:24.424+0000] {dagbag.py:536} INFO - Filling up the DagBag from /home/airflow/.local/lib/python3.8/site-packages/airflow/example_dags/example_short_circuit_operator.py
[2023-11-04T16:28:24.439+0000] {processor.py:839} INFO - DAG(s) dict_keys(['example_short_circuit_operator']) retrieved from /home/airflow/.local/lib/python3.8/site-packages/airflow/example_dags/example_short_circuit_operator.py
[2023-11-04T16:28:24.477+0000] {logging_mixin.py:151} INFO - [2023-11-04T16:28:24.477+0000] {dag.py:2941} INFO - Sync 1 DAGs
[2023-11-04T16:28:24.510+0000] {logging_mixin.py:151} INFO - [2023-11-04T16:28:24.510+0000] {dag.py:3722} INFO - Setting next_dagrun for example_short_circuit_operator to 2023-11-03T16:28:24.509761+00:00, run_after=2023-11-04T16:28:24.509761+00:00
[2023-11-04T16:28:24.539+0000] {processor.py:179} INFO - Processing /home/airflow/.local/lib/python3.8/site-packages/airflow/example_dags/example_short_circuit_operator.py took 0.123 seconds
[2023-11-04T16:28:55.079+0000] {processor.py:157} INFO - Started process (PID=2749) to work on /home/airflow/.local/lib/python3.8/site-packages/airflow/example_dags/example_short_circuit_operator.py
[2023-11-04T16:28:55.081+0000] {processor.py:829} INFO - Processing file /home/airflow/.local/lib/python3.8/site-packages/airflow/example_dags/example_short_circuit_operator.py for tasks to queue
[2023-11-04T16:28:55.082+0000] {logging_mixin.py:151} INFO - [2023-11-04T16:28:55.082+0000] {dagbag.py:536} INFO - Filling up the DagBag from /home/airflow/.local/lib/python3.8/site-packages/airflow/example_dags/example_short_circuit_operator.py
[2023-11-04T16:28:55.096+0000] {processor.py:839} INFO - DAG(s) dict_keys(['example_short_circuit_operator']) retrieved from /home/airflow/.local/lib/python3.8/site-packages/airflow/example_dags/example_short_circuit_operator.py
[2023-11-04T16:28:55.132+0000] {logging_mixin.py:151} INFO - [2023-11-04T16:28:55.132+0000] {dag.py:2941} INFO - Sync 1 DAGs
[2023-11-04T16:28:55.164+0000] {logging_mixin.py:151} INFO - [2023-11-04T16:28:55.164+0000] {dag.py:3722} INFO - Setting next_dagrun for example_short_circuit_operator to 2023-11-03T16:28:55.163607+00:00, run_after=2023-11-04T16:28:55.163607+00:00
[2023-11-04T16:28:55.192+0000] {processor.py:179} INFO - Processing /home/airflow/.local/lib/python3.8/site-packages/airflow/example_dags/example_short_circuit_operator.py took 0.117 seconds
[2023-11-04T16:29:25.924+0000] {processor.py:157} INFO - Started process (PID=2987) to work on /home/airflow/.local/lib/python3.8/site-packages/airflow/example_dags/example_short_circuit_operator.py
[2023-11-04T16:29:25.927+0000] {processor.py:829} INFO - Processing file /home/airflow/.local/lib/python3.8/site-packages/airflow/example_dags/example_short_circuit_operator.py for tasks to queue
[2023-11-04T16:29:25.929+0000] {logging_mixin.py:151} INFO - [2023-11-04T16:29:25.928+0000] {dagbag.py:536} INFO - Filling up the DagBag from /home/airflow/.local/lib/python3.8/site-packages/airflow/example_dags/example_short_circuit_operator.py
[2023-11-04T16:29:25.948+0000] {processor.py:839} INFO - DAG(s) dict_keys(['example_short_circuit_operator']) retrieved from /home/airflow/.local/lib/python3.8/site-packages/airflow/example_dags/example_short_circuit_operator.py
[2023-11-04T16:29:25.994+0000] {logging_mixin.py:151} INFO - [2023-11-04T16:29:25.993+0000] {dag.py:2941} INFO - Sync 1 DAGs
[2023-11-04T16:29:26.028+0000] {logging_mixin.py:151} INFO - [2023-11-04T16:29:26.028+0000] {dag.py:3722} INFO - Setting next_dagrun for example_short_circuit_operator to 2023-11-03T16:29:26.028239+00:00, run_after=2023-11-04T16:29:26.028239+00:00
[2023-11-04T16:29:26.060+0000] {processor.py:179} INFO - Processing /home/airflow/.local/lib/python3.8/site-packages/airflow/example_dags/example_short_circuit_operator.py took 0.142 seconds
[2023-11-04T16:29:56.227+0000] {processor.py:157} INFO - Started process (PID=3227) to work on /home/airflow/.local/lib/python3.8/site-packages/airflow/example_dags/example_short_circuit_operator.py
[2023-11-04T16:29:56.229+0000] {processor.py:829} INFO - Processing file /home/airflow/.local/lib/python3.8/site-packages/airflow/example_dags/example_short_circuit_operator.py for tasks to queue
[2023-11-04T16:29:56.231+0000] {logging_mixin.py:151} INFO - [2023-11-04T16:29:56.230+0000] {dagbag.py:536} INFO - Filling up the DagBag from /home/airflow/.local/lib/python3.8/site-packages/airflow/example_dags/example_short_circuit_operator.py
[2023-11-04T16:29:56.245+0000] {processor.py:839} INFO - DAG(s) dict_keys(['example_short_circuit_operator']) retrieved from /home/airflow/.local/lib/python3.8/site-packages/airflow/example_dags/example_short_circuit_operator.py
[2023-11-04T16:29:56.265+0000] {logging_mixin.py:151} INFO - [2023-11-04T16:29:56.265+0000] {dag.py:2941} INFO - Sync 1 DAGs
[2023-11-04T16:29:56.304+0000] {logging_mixin.py:151} INFO - [2023-11-04T16:29:56.304+0000] {dag.py:3722} INFO - Setting next_dagrun for example_short_circuit_operator to 2023-11-03T16:29:56.303825+00:00, run_after=2023-11-04T16:29:56.303825+00:00
[2023-11-04T16:29:56.338+0000] {processor.py:179} INFO - Processing /home/airflow/.local/lib/python3.8/site-packages/airflow/example_dags/example_short_circuit_operator.py took 0.120 seconds
[2023-11-04T16:30:26.856+0000] {processor.py:157} INFO - Started process (PID=3463) to work on /home/airflow/.local/lib/python3.8/site-packages/airflow/example_dags/example_short_circuit_operator.py
[2023-11-04T16:30:26.857+0000] {processor.py:829} INFO - Processing file /home/airflow/.local/lib/python3.8/site-packages/airflow/example_dags/example_short_circuit_operator.py for tasks to queue
[2023-11-04T16:30:26.859+0000] {logging_mixin.py:151} INFO - [2023-11-04T16:30:26.858+0000] {dagbag.py:536} INFO - Filling up the DagBag from /home/airflow/.local/lib/python3.8/site-packages/airflow/example_dags/example_short_circuit_operator.py
[2023-11-04T16:30:26.873+0000] {processor.py:839} INFO - DAG(s) dict_keys(['example_short_circuit_operator']) retrieved from /home/airflow/.local/lib/python3.8/site-packages/airflow/example_dags/example_short_circuit_operator.py
[2023-11-04T16:30:26.909+0000] {logging_mixin.py:151} INFO - [2023-11-04T16:30:26.909+0000] {dag.py:2941} INFO - Sync 1 DAGs
[2023-11-04T16:30:26.941+0000] {logging_mixin.py:151} INFO - [2023-11-04T16:30:26.941+0000] {dag.py:3722} INFO - Setting next_dagrun for example_short_circuit_operator to 2023-11-03T16:30:26.940891+00:00, run_after=2023-11-04T16:30:26.940891+00:00
[2023-11-04T16:30:26.971+0000] {processor.py:179} INFO - Processing /home/airflow/.local/lib/python3.8/site-packages/airflow/example_dags/example_short_circuit_operator.py took 0.120 seconds
[2023-11-04T16:30:57.786+0000] {processor.py:157} INFO - Started process (PID=3703) to work on /home/airflow/.local/lib/python3.8/site-packages/airflow/example_dags/example_short_circuit_operator.py
[2023-11-04T16:30:57.788+0000] {processor.py:829} INFO - Processing file /home/airflow/.local/lib/python3.8/site-packages/airflow/example_dags/example_short_circuit_operator.py for tasks to queue
[2023-11-04T16:30:57.790+0000] {logging_mixin.py:151} INFO - [2023-11-04T16:30:57.789+0000] {dagbag.py:536} INFO - Filling up the DagBag from /home/airflow/.local/lib/python3.8/site-packages/airflow/example_dags/example_short_circuit_operator.py
[2023-11-04T16:30:57.804+0000] {processor.py:839} INFO - DAG(s) dict_keys(['example_short_circuit_operator']) retrieved from /home/airflow/.local/lib/python3.8/site-packages/airflow/example_dags/example_short_circuit_operator.py
[2023-11-04T16:30:57.840+0000] {logging_mixin.py:151} INFO - [2023-11-04T16:30:57.840+0000] {dag.py:2941} INFO - Sync 1 DAGs
[2023-11-04T16:30:57.872+0000] {logging_mixin.py:151} INFO - [2023-11-04T16:30:57.872+0000] {dag.py:3722} INFO - Setting next_dagrun for example_short_circuit_operator to 2023-11-03T16:30:57.872032+00:00, run_after=2023-11-04T16:30:57.872032+00:00
[2023-11-04T16:30:57.907+0000] {processor.py:179} INFO - Processing /home/airflow/.local/lib/python3.8/site-packages/airflow/example_dags/example_short_circuit_operator.py took 0.126 seconds
[2023-11-04T16:31:28.957+0000] {processor.py:157} INFO - Started process (PID=3948) to work on /home/airflow/.local/lib/python3.8/site-packages/airflow/example_dags/example_short_circuit_operator.py
[2023-11-04T16:31:28.958+0000] {processor.py:829} INFO - Processing file /home/airflow/.local/lib/python3.8/site-packages/airflow/example_dags/example_short_circuit_operator.py for tasks to queue
[2023-11-04T16:31:28.960+0000] {logging_mixin.py:151} INFO - [2023-11-04T16:31:28.959+0000] {dagbag.py:536} INFO - Filling up the DagBag from /home/airflow/.local/lib/python3.8/site-packages/airflow/example_dags/example_short_circuit_operator.py
[2023-11-04T16:31:28.975+0000] {processor.py:839} INFO - DAG(s) dict_keys(['example_short_circuit_operator']) retrieved from /home/airflow/.local/lib/python3.8/site-packages/airflow/example_dags/example_short_circuit_operator.py
[2023-11-04T16:31:28.995+0000] {logging_mixin.py:151} INFO - [2023-11-04T16:31:28.995+0000] {dag.py:2941} INFO - Sync 1 DAGs
[2023-11-04T16:31:29.035+0000] {logging_mixin.py:151} INFO - [2023-11-04T16:31:29.034+0000] {dag.py:3722} INFO - Setting next_dagrun for example_short_circuit_operator to 2023-11-03T16:31:29.034437+00:00, run_after=2023-11-04T16:31:29.034437+00:00
[2023-11-04T16:31:29.072+0000] {processor.py:179} INFO - Processing /home/airflow/.local/lib/python3.8/site-packages/airflow/example_dags/example_short_circuit_operator.py took 0.121 seconds
[2023-11-04T16:31:59.325+0000] {processor.py:157} INFO - Started process (PID=4186) to work on /home/airflow/.local/lib/python3.8/site-packages/airflow/example_dags/example_short_circuit_operator.py
[2023-11-04T16:31:59.327+0000] {processor.py:829} INFO - Processing file /home/airflow/.local/lib/python3.8/site-packages/airflow/example_dags/example_short_circuit_operator.py for tasks to queue
[2023-11-04T16:31:59.328+0000] {logging_mixin.py:151} INFO - [2023-11-04T16:31:59.328+0000] {dagbag.py:536} INFO - Filling up the DagBag from /home/airflow/.local/lib/python3.8/site-packages/airflow/example_dags/example_short_circuit_operator.py
[2023-11-04T16:31:59.342+0000] {processor.py:839} INFO - DAG(s) dict_keys(['example_short_circuit_operator']) retrieved from /home/airflow/.local/lib/python3.8/site-packages/airflow/example_dags/example_short_circuit_operator.py
[2023-11-04T16:31:59.380+0000] {logging_mixin.py:151} INFO - [2023-11-04T16:31:59.380+0000] {dag.py:2941} INFO - Sync 1 DAGs
[2023-11-04T16:31:59.416+0000] {logging_mixin.py:151} INFO - [2023-11-04T16:31:59.416+0000] {dag.py:3722} INFO - Setting next_dagrun for example_short_circuit_operator to 2023-11-03T16:31:59.416252+00:00, run_after=2023-11-04T16:31:59.416252+00:00
[2023-11-04T16:31:59.446+0000] {processor.py:179} INFO - Processing /home/airflow/.local/lib/python3.8/site-packages/airflow/example_dags/example_short_circuit_operator.py took 0.126 seconds
[2023-11-04T16:32:29.722+0000] {processor.py:157} INFO - Started process (PID=4422) to work on /home/airflow/.local/lib/python3.8/site-packages/airflow/example_dags/example_short_circuit_operator.py
[2023-11-04T16:32:29.723+0000] {processor.py:829} INFO - Processing file /home/airflow/.local/lib/python3.8/site-packages/airflow/example_dags/example_short_circuit_operator.py for tasks to queue
[2023-11-04T16:32:29.725+0000] {logging_mixin.py:151} INFO - [2023-11-04T16:32:29.725+0000] {dagbag.py:536} INFO - Filling up the DagBag from /home/airflow/.local/lib/python3.8/site-packages/airflow/example_dags/example_short_circuit_operator.py
[2023-11-04T16:32:29.739+0000] {processor.py:839} INFO - DAG(s) dict_keys(['example_short_circuit_operator']) retrieved from /home/airflow/.local/lib/python3.8/site-packages/airflow/example_dags/example_short_circuit_operator.py
[2023-11-04T16:32:29.775+0000] {logging_mixin.py:151} INFO - [2023-11-04T16:32:29.775+0000] {dag.py:2941} INFO - Sync 1 DAGs
[2023-11-04T16:32:29.812+0000] {logging_mixin.py:151} INFO - [2023-11-04T16:32:29.812+0000] {dag.py:3722} INFO - Setting next_dagrun for example_short_circuit_operator to 2023-11-03T16:32:29.811606+00:00, run_after=2023-11-04T16:32:29.811606+00:00
[2023-11-04T16:32:29.840+0000] {processor.py:179} INFO - Processing /home/airflow/.local/lib/python3.8/site-packages/airflow/example_dags/example_short_circuit_operator.py took 0.124 seconds
[2023-11-04T16:33:00.455+0000] {processor.py:157} INFO - Started process (PID=4665) to work on /home/airflow/.local/lib/python3.8/site-packages/airflow/example_dags/example_short_circuit_operator.py
[2023-11-04T16:33:00.458+0000] {processor.py:829} INFO - Processing file /home/airflow/.local/lib/python3.8/site-packages/airflow/example_dags/example_short_circuit_operator.py for tasks to queue
[2023-11-04T16:33:00.460+0000] {logging_mixin.py:151} INFO - [2023-11-04T16:33:00.459+0000] {dagbag.py:536} INFO - Filling up the DagBag from /home/airflow/.local/lib/python3.8/site-packages/airflow/example_dags/example_short_circuit_operator.py
[2023-11-04T16:33:00.478+0000] {processor.py:839} INFO - DAG(s) dict_keys(['example_short_circuit_operator']) retrieved from /home/airflow/.local/lib/python3.8/site-packages/airflow/example_dags/example_short_circuit_operator.py
[2023-11-04T16:33:00.523+0000] {logging_mixin.py:151} INFO - [2023-11-04T16:33:00.522+0000] {dag.py:2941} INFO - Sync 1 DAGs
[2023-11-04T16:33:00.572+0000] {logging_mixin.py:151} INFO - [2023-11-04T16:33:00.571+0000] {dag.py:3722} INFO - Setting next_dagrun for example_short_circuit_operator to 2023-11-03T16:33:00.570853+00:00, run_after=2023-11-04T16:33:00.570853+00:00
[2023-11-04T16:33:00.613+0000] {processor.py:179} INFO - Processing /home/airflow/.local/lib/python3.8/site-packages/airflow/example_dags/example_short_circuit_operator.py took 0.164 seconds
[2023-11-04T16:33:30.778+0000] {processor.py:157} INFO - Started process (PID=4903) to work on /home/airflow/.local/lib/python3.8/site-packages/airflow/example_dags/example_short_circuit_operator.py
[2023-11-04T16:33:30.780+0000] {processor.py:829} INFO - Processing file /home/airflow/.local/lib/python3.8/site-packages/airflow/example_dags/example_short_circuit_operator.py for tasks to queue
[2023-11-04T16:33:30.782+0000] {logging_mixin.py:151} INFO - [2023-11-04T16:33:30.782+0000] {dagbag.py:536} INFO - Filling up the DagBag from /home/airflow/.local/lib/python3.8/site-packages/airflow/example_dags/example_short_circuit_operator.py
[2023-11-04T16:33:30.797+0000] {processor.py:839} INFO - DAG(s) dict_keys(['example_short_circuit_operator']) retrieved from /home/airflow/.local/lib/python3.8/site-packages/airflow/example_dags/example_short_circuit_operator.py
[2023-11-04T16:33:30.842+0000] {logging_mixin.py:151} INFO - [2023-11-04T16:33:30.842+0000] {dag.py:2941} INFO - Sync 1 DAGs
[2023-11-04T16:33:30.880+0000] {logging_mixin.py:151} INFO - [2023-11-04T16:33:30.879+0000] {dag.py:3722} INFO - Setting next_dagrun for example_short_circuit_operator to 2023-11-03T16:33:30.879515+00:00, run_after=2023-11-04T16:33:30.879515+00:00
[2023-11-04T16:33:30.918+0000] {processor.py:179} INFO - Processing /home/airflow/.local/lib/python3.8/site-packages/airflow/example_dags/example_short_circuit_operator.py took 0.145 seconds
[2023-11-04T16:34:01.352+0000] {processor.py:157} INFO - Started process (PID=5136) to work on /home/airflow/.local/lib/python3.8/site-packages/airflow/example_dags/example_short_circuit_operator.py
[2023-11-04T16:34:01.354+0000] {processor.py:829} INFO - Processing file /home/airflow/.local/lib/python3.8/site-packages/airflow/example_dags/example_short_circuit_operator.py for tasks to queue
[2023-11-04T16:34:01.356+0000] {logging_mixin.py:151} INFO - [2023-11-04T16:34:01.355+0000] {dagbag.py:536} INFO - Filling up the DagBag from /home/airflow/.local/lib/python3.8/site-packages/airflow/example_dags/example_short_circuit_operator.py
[2023-11-04T16:34:01.369+0000] {processor.py:839} INFO - DAG(s) dict_keys(['example_short_circuit_operator']) retrieved from /home/airflow/.local/lib/python3.8/site-packages/airflow/example_dags/example_short_circuit_operator.py
[2023-11-04T16:34:01.407+0000] {logging_mixin.py:151} INFO - [2023-11-04T16:34:01.406+0000] {dag.py:2941} INFO - Sync 1 DAGs
[2023-11-04T16:34:01.443+0000] {logging_mixin.py:151} INFO - [2023-11-04T16:34:01.443+0000] {dag.py:3722} INFO - Setting next_dagrun for example_short_circuit_operator to 2023-11-03T16:34:01.442660+00:00, run_after=2023-11-04T16:34:01.442660+00:00
[2023-11-04T16:34:01.472+0000] {processor.py:179} INFO - Processing /home/airflow/.local/lib/python3.8/site-packages/airflow/example_dags/example_short_circuit_operator.py took 0.125 seconds
[2023-11-04T16:34:31.825+0000] {processor.py:157} INFO - Started process (PID=5374) to work on /home/airflow/.local/lib/python3.8/site-packages/airflow/example_dags/example_short_circuit_operator.py
[2023-11-04T16:34:31.827+0000] {processor.py:829} INFO - Processing file /home/airflow/.local/lib/python3.8/site-packages/airflow/example_dags/example_short_circuit_operator.py for tasks to queue
[2023-11-04T16:34:31.829+0000] {logging_mixin.py:151} INFO - [2023-11-04T16:34:31.828+0000] {dagbag.py:536} INFO - Filling up the DagBag from /home/airflow/.local/lib/python3.8/site-packages/airflow/example_dags/example_short_circuit_operator.py
[2023-11-04T16:34:31.844+0000] {processor.py:839} INFO - DAG(s) dict_keys(['example_short_circuit_operator']) retrieved from /home/airflow/.local/lib/python3.8/site-packages/airflow/example_dags/example_short_circuit_operator.py
[2023-11-04T16:34:31.885+0000] {logging_mixin.py:151} INFO - [2023-11-04T16:34:31.885+0000] {dag.py:2941} INFO - Sync 1 DAGs
[2023-11-04T16:34:31.924+0000] {logging_mixin.py:151} INFO - [2023-11-04T16:34:31.924+0000] {dag.py:3722} INFO - Setting next_dagrun for example_short_circuit_operator to 2023-11-03T16:34:31.923833+00:00, run_after=2023-11-04T16:34:31.923833+00:00
[2023-11-04T16:34:31.957+0000] {processor.py:179} INFO - Processing /home/airflow/.local/lib/python3.8/site-packages/airflow/example_dags/example_short_circuit_operator.py took 0.137 seconds
[2023-11-04T16:35:02.784+0000] {processor.py:157} INFO - Started process (PID=5612) to work on /home/airflow/.local/lib/python3.8/site-packages/airflow/example_dags/example_short_circuit_operator.py
[2023-11-04T16:35:02.785+0000] {processor.py:829} INFO - Processing file /home/airflow/.local/lib/python3.8/site-packages/airflow/example_dags/example_short_circuit_operator.py for tasks to queue
[2023-11-04T16:35:02.787+0000] {logging_mixin.py:151} INFO - [2023-11-04T16:35:02.786+0000] {dagbag.py:536} INFO - Filling up the DagBag from /home/airflow/.local/lib/python3.8/site-packages/airflow/example_dags/example_short_circuit_operator.py
[2023-11-04T16:35:02.804+0000] {processor.py:839} INFO - DAG(s) dict_keys(['example_short_circuit_operator']) retrieved from /home/airflow/.local/lib/python3.8/site-packages/airflow/example_dags/example_short_circuit_operator.py
[2023-11-04T16:35:02.847+0000] {logging_mixin.py:151} INFO - [2023-11-04T16:35:02.847+0000] {dag.py:2941} INFO - Sync 1 DAGs
[2023-11-04T16:35:02.884+0000] {logging_mixin.py:151} INFO - [2023-11-04T16:35:02.883+0000] {dag.py:3722} INFO - Setting next_dagrun for example_short_circuit_operator to 2023-11-03T16:35:02.882985+00:00, run_after=2023-11-04T16:35:02.882985+00:00
[2023-11-04T16:35:02.920+0000] {processor.py:179} INFO - Processing /home/airflow/.local/lib/python3.8/site-packages/airflow/example_dags/example_short_circuit_operator.py took 0.141 seconds
[2023-11-04T16:35:34.150+0000] {processor.py:157} INFO - Started process (PID=5850) to work on /home/airflow/.local/lib/python3.8/site-packages/airflow/example_dags/example_short_circuit_operator.py
[2023-11-04T16:35:34.152+0000] {processor.py:829} INFO - Processing file /home/airflow/.local/lib/python3.8/site-packages/airflow/example_dags/example_short_circuit_operator.py for tasks to queue
[2023-11-04T16:35:34.154+0000] {logging_mixin.py:151} INFO - [2023-11-04T16:35:34.153+0000] {dagbag.py:536} INFO - Filling up the DagBag from /home/airflow/.local/lib/python3.8/site-packages/airflow/example_dags/example_short_circuit_operator.py
[2023-11-04T16:35:34.168+0000] {processor.py:839} INFO - DAG(s) dict_keys(['example_short_circuit_operator']) retrieved from /home/airflow/.local/lib/python3.8/site-packages/airflow/example_dags/example_short_circuit_operator.py
[2023-11-04T16:35:34.209+0000] {logging_mixin.py:151} INFO - [2023-11-04T16:35:34.208+0000] {dag.py:2941} INFO - Sync 1 DAGs
[2023-11-04T16:35:34.246+0000] {logging_mixin.py:151} INFO - [2023-11-04T16:35:34.245+0000] {dag.py:3722} INFO - Setting next_dagrun for example_short_circuit_operator to 2023-11-03T16:35:34.245430+00:00, run_after=2023-11-04T16:35:34.245430+00:00
[2023-11-04T16:35:34.280+0000] {processor.py:179} INFO - Processing /home/airflow/.local/lib/python3.8/site-packages/airflow/example_dags/example_short_circuit_operator.py took 0.135 seconds
[2023-11-04T16:36:04.403+0000] {processor.py:157} INFO - Started process (PID=6088) to work on /home/airflow/.local/lib/python3.8/site-packages/airflow/example_dags/example_short_circuit_operator.py
[2023-11-04T16:36:04.405+0000] {processor.py:829} INFO - Processing file /home/airflow/.local/lib/python3.8/site-packages/airflow/example_dags/example_short_circuit_operator.py for tasks to queue
[2023-11-04T16:36:04.407+0000] {logging_mixin.py:151} INFO - [2023-11-04T16:36:04.406+0000] {dagbag.py:536} INFO - Filling up the DagBag from /home/airflow/.local/lib/python3.8/site-packages/airflow/example_dags/example_short_circuit_operator.py
[2023-11-04T16:36:04.421+0000] {processor.py:839} INFO - DAG(s) dict_keys(['example_short_circuit_operator']) retrieved from /home/airflow/.local/lib/python3.8/site-packages/airflow/example_dags/example_short_circuit_operator.py
[2023-11-04T16:36:04.476+0000] {logging_mixin.py:151} INFO - [2023-11-04T16:36:04.476+0000] {dag.py:2941} INFO - Sync 1 DAGs
[2023-11-04T16:36:04.528+0000] {logging_mixin.py:151} INFO - [2023-11-04T16:36:04.528+0000] {dag.py:3722} INFO - Setting next_dagrun for example_short_circuit_operator to 2023-11-03T16:36:04.527878+00:00, run_after=2023-11-04T16:36:04.527878+00:00
[2023-11-04T16:36:04.614+0000] {processor.py:179} INFO - Processing /home/airflow/.local/lib/python3.8/site-packages/airflow/example_dags/example_short_circuit_operator.py took 0.216 seconds
[2023-11-04T16:36:34.741+0000] {processor.py:157} INFO - Started process (PID=6326) to work on /home/airflow/.local/lib/python3.8/site-packages/airflow/example_dags/example_short_circuit_operator.py
[2023-11-04T16:36:34.743+0000] {processor.py:829} INFO - Processing file /home/airflow/.local/lib/python3.8/site-packages/airflow/example_dags/example_short_circuit_operator.py for tasks to queue
[2023-11-04T16:36:34.745+0000] {logging_mixin.py:151} INFO - [2023-11-04T16:36:34.744+0000] {dagbag.py:536} INFO - Filling up the DagBag from /home/airflow/.local/lib/python3.8/site-packages/airflow/example_dags/example_short_circuit_operator.py
[2023-11-04T16:36:34.761+0000] {processor.py:839} INFO - DAG(s) dict_keys(['example_short_circuit_operator']) retrieved from /home/airflow/.local/lib/python3.8/site-packages/airflow/example_dags/example_short_circuit_operator.py
[2023-11-04T16:36:34.799+0000] {logging_mixin.py:151} INFO - [2023-11-04T16:36:34.798+0000] {dag.py:2941} INFO - Sync 1 DAGs
[2023-11-04T16:36:34.832+0000] {logging_mixin.py:151} INFO - [2023-11-04T16:36:34.831+0000] {dag.py:3722} INFO - Setting next_dagrun for example_short_circuit_operator to 2023-11-03T16:36:34.831387+00:00, run_after=2023-11-04T16:36:34.831387+00:00
[2023-11-04T16:36:34.860+0000] {processor.py:179} INFO - Processing /home/airflow/.local/lib/python3.8/site-packages/airflow/example_dags/example_short_circuit_operator.py took 0.124 seconds
[2023-11-04T16:37:07.842+0000] {processor.py:157} INFO - Started process (PID=6565) to work on /home/airflow/.local/lib/python3.8/site-packages/airflow/example_dags/example_short_circuit_operator.py
[2023-11-04T16:37:07.845+0000] {processor.py:829} INFO - Processing file /home/airflow/.local/lib/python3.8/site-packages/airflow/example_dags/example_short_circuit_operator.py for tasks to queue
[2023-11-04T16:37:07.847+0000] {logging_mixin.py:151} INFO - [2023-11-04T16:37:07.847+0000] {dagbag.py:536} INFO - Filling up the DagBag from /home/airflow/.local/lib/python3.8/site-packages/airflow/example_dags/example_short_circuit_operator.py
[2023-11-04T16:37:07.861+0000] {processor.py:839} INFO - DAG(s) dict_keys(['example_short_circuit_operator']) retrieved from /home/airflow/.local/lib/python3.8/site-packages/airflow/example_dags/example_short_circuit_operator.py
[2023-11-04T16:37:07.911+0000] {logging_mixin.py:151} INFO - [2023-11-04T16:37:07.910+0000] {dag.py:2941} INFO - Sync 1 DAGs
[2023-11-04T16:37:07.955+0000] {logging_mixin.py:151} INFO - [2023-11-04T16:37:07.955+0000] {dag.py:3722} INFO - Setting next_dagrun for example_short_circuit_operator to 2023-11-03T16:37:07.955225+00:00, run_after=2023-11-04T16:37:07.955225+00:00
[2023-11-04T16:37:07.991+0000] {processor.py:179} INFO - Processing /home/airflow/.local/lib/python3.8/site-packages/airflow/example_dags/example_short_circuit_operator.py took 0.156 seconds
[2023-11-04T16:37:38.268+0000] {processor.py:157} INFO - Started process (PID=6804) to work on /home/airflow/.local/lib/python3.8/site-packages/airflow/example_dags/example_short_circuit_operator.py
[2023-11-04T16:37:38.269+0000] {processor.py:829} INFO - Processing file /home/airflow/.local/lib/python3.8/site-packages/airflow/example_dags/example_short_circuit_operator.py for tasks to queue
[2023-11-04T16:37:38.271+0000] {logging_mixin.py:151} INFO - [2023-11-04T16:37:38.271+0000] {dagbag.py:536} INFO - Filling up the DagBag from /home/airflow/.local/lib/python3.8/site-packages/airflow/example_dags/example_short_circuit_operator.py
[2023-11-04T16:37:38.284+0000] {processor.py:839} INFO - DAG(s) dict_keys(['example_short_circuit_operator']) retrieved from /home/airflow/.local/lib/python3.8/site-packages/airflow/example_dags/example_short_circuit_operator.py
[2023-11-04T16:37:38.324+0000] {logging_mixin.py:151} INFO - [2023-11-04T16:37:38.324+0000] {dag.py:2941} INFO - Sync 1 DAGs
[2023-11-04T16:37:38.361+0000] {logging_mixin.py:151} INFO - [2023-11-04T16:37:38.361+0000] {dag.py:3722} INFO - Setting next_dagrun for example_short_circuit_operator to 2023-11-03T16:37:38.360954+00:00, run_after=2023-11-04T16:37:38.360954+00:00
[2023-11-04T16:37:38.395+0000] {processor.py:179} INFO - Processing /home/airflow/.local/lib/python3.8/site-packages/airflow/example_dags/example_short_circuit_operator.py took 0.133 seconds
[2023-11-04T16:38:08.790+0000] {processor.py:157} INFO - Started process (PID=7042) to work on /home/airflow/.local/lib/python3.8/site-packages/airflow/example_dags/example_short_circuit_operator.py
[2023-11-04T16:38:08.791+0000] {processor.py:829} INFO - Processing file /home/airflow/.local/lib/python3.8/site-packages/airflow/example_dags/example_short_circuit_operator.py for tasks to queue
[2023-11-04T16:38:08.793+0000] {logging_mixin.py:151} INFO - [2023-11-04T16:38:08.792+0000] {dagbag.py:536} INFO - Filling up the DagBag from /home/airflow/.local/lib/python3.8/site-packages/airflow/example_dags/example_short_circuit_operator.py
[2023-11-04T16:38:08.806+0000] {processor.py:839} INFO - DAG(s) dict_keys(['example_short_circuit_operator']) retrieved from /home/airflow/.local/lib/python3.8/site-packages/airflow/example_dags/example_short_circuit_operator.py
[2023-11-04T16:38:08.843+0000] {logging_mixin.py:151} INFO - [2023-11-04T16:38:08.843+0000] {dag.py:2941} INFO - Sync 1 DAGs
[2023-11-04T16:38:08.883+0000] {logging_mixin.py:151} INFO - [2023-11-04T16:38:08.883+0000] {dag.py:3722} INFO - Setting next_dagrun for example_short_circuit_operator to 2023-11-03T16:38:08.882935+00:00, run_after=2023-11-04T16:38:08.882935+00:00
[2023-11-04T16:38:08.914+0000] {processor.py:179} INFO - Processing /home/airflow/.local/lib/python3.8/site-packages/airflow/example_dags/example_short_circuit_operator.py took 0.129 seconds
[2023-11-04T16:38:38.973+0000] {processor.py:157} INFO - Started process (PID=7280) to work on /home/airflow/.local/lib/python3.8/site-packages/airflow/example_dags/example_short_circuit_operator.py
[2023-11-04T16:38:38.975+0000] {processor.py:829} INFO - Processing file /home/airflow/.local/lib/python3.8/site-packages/airflow/example_dags/example_short_circuit_operator.py for tasks to queue
[2023-11-04T16:38:38.976+0000] {logging_mixin.py:151} INFO - [2023-11-04T16:38:38.976+0000] {dagbag.py:536} INFO - Filling up the DagBag from /home/airflow/.local/lib/python3.8/site-packages/airflow/example_dags/example_short_circuit_operator.py
[2023-11-04T16:38:38.989+0000] {processor.py:839} INFO - DAG(s) dict_keys(['example_short_circuit_operator']) retrieved from /home/airflow/.local/lib/python3.8/site-packages/airflow/example_dags/example_short_circuit_operator.py
[2023-11-04T16:38:39.027+0000] {logging_mixin.py:151} INFO - [2023-11-04T16:38:39.027+0000] {dag.py:2941} INFO - Sync 1 DAGs
[2023-11-04T16:38:39.062+0000] {logging_mixin.py:151} INFO - [2023-11-04T16:38:39.062+0000] {dag.py:3722} INFO - Setting next_dagrun for example_short_circuit_operator to 2023-11-03T16:38:39.062064+00:00, run_after=2023-11-04T16:38:39.062064+00:00
[2023-11-04T16:38:39.091+0000] {processor.py:179} INFO - Processing /home/airflow/.local/lib/python3.8/site-packages/airflow/example_dags/example_short_circuit_operator.py took 0.122 seconds
[2023-11-04T16:39:09.564+0000] {processor.py:157} INFO - Started process (PID=7518) to work on /home/airflow/.local/lib/python3.8/site-packages/airflow/example_dags/example_short_circuit_operator.py
[2023-11-04T16:39:09.566+0000] {processor.py:829} INFO - Processing file /home/airflow/.local/lib/python3.8/site-packages/airflow/example_dags/example_short_circuit_operator.py for tasks to queue
[2023-11-04T16:39:09.567+0000] {logging_mixin.py:151} INFO - [2023-11-04T16:39:09.567+0000] {dagbag.py:536} INFO - Filling up the DagBag from /home/airflow/.local/lib/python3.8/site-packages/airflow/example_dags/example_short_circuit_operator.py
[2023-11-04T16:39:09.580+0000] {processor.py:839} INFO - DAG(s) dict_keys(['example_short_circuit_operator']) retrieved from /home/airflow/.local/lib/python3.8/site-packages/airflow/example_dags/example_short_circuit_operator.py
[2023-11-04T16:39:09.616+0000] {logging_mixin.py:151} INFO - [2023-11-04T16:39:09.615+0000] {dag.py:2941} INFO - Sync 1 DAGs
[2023-11-04T16:39:09.648+0000] {logging_mixin.py:151} INFO - [2023-11-04T16:39:09.648+0000] {dag.py:3722} INFO - Setting next_dagrun for example_short_circuit_operator to 2023-11-03T16:39:09.648159+00:00, run_after=2023-11-04T16:39:09.648159+00:00
[2023-11-04T16:39:09.685+0000] {processor.py:179} INFO - Processing /home/airflow/.local/lib/python3.8/site-packages/airflow/example_dags/example_short_circuit_operator.py took 0.126 seconds
[2023-11-04T16:39:40.014+0000] {processor.py:157} INFO - Started process (PID=7756) to work on /home/airflow/.local/lib/python3.8/site-packages/airflow/example_dags/example_short_circuit_operator.py
[2023-11-04T16:39:40.015+0000] {processor.py:829} INFO - Processing file /home/airflow/.local/lib/python3.8/site-packages/airflow/example_dags/example_short_circuit_operator.py for tasks to queue
[2023-11-04T16:39:40.017+0000] {logging_mixin.py:151} INFO - [2023-11-04T16:39:40.016+0000] {dagbag.py:536} INFO - Filling up the DagBag from /home/airflow/.local/lib/python3.8/site-packages/airflow/example_dags/example_short_circuit_operator.py
[2023-11-04T16:39:40.030+0000] {processor.py:839} INFO - DAG(s) dict_keys(['example_short_circuit_operator']) retrieved from /home/airflow/.local/lib/python3.8/site-packages/airflow/example_dags/example_short_circuit_operator.py
[2023-11-04T16:39:40.067+0000] {logging_mixin.py:151} INFO - [2023-11-04T16:39:40.067+0000] {dag.py:2941} INFO - Sync 1 DAGs
[2023-11-04T16:39:40.099+0000] {logging_mixin.py:151} INFO - [2023-11-04T16:39:40.099+0000] {dag.py:3722} INFO - Setting next_dagrun for example_short_circuit_operator to 2023-11-03T16:39:40.099136+00:00, run_after=2023-11-04T16:39:40.099136+00:00
[2023-11-04T16:39:40.133+0000] {processor.py:179} INFO - Processing /home/airflow/.local/lib/python3.8/site-packages/airflow/example_dags/example_short_circuit_operator.py took 0.125 seconds
[2023-11-04T16:40:10.349+0000] {processor.py:157} INFO - Started process (PID=7992) to work on /home/airflow/.local/lib/python3.8/site-packages/airflow/example_dags/example_short_circuit_operator.py
[2023-11-04T16:40:10.351+0000] {processor.py:829} INFO - Processing file /home/airflow/.local/lib/python3.8/site-packages/airflow/example_dags/example_short_circuit_operator.py for tasks to queue
[2023-11-04T16:40:10.352+0000] {logging_mixin.py:151} INFO - [2023-11-04T16:40:10.352+0000] {dagbag.py:536} INFO - Filling up the DagBag from /home/airflow/.local/lib/python3.8/site-packages/airflow/example_dags/example_short_circuit_operator.py
[2023-11-04T16:40:10.366+0000] {processor.py:839} INFO - DAG(s) dict_keys(['example_short_circuit_operator']) retrieved from /home/airflow/.local/lib/python3.8/site-packages/airflow/example_dags/example_short_circuit_operator.py
[2023-11-04T16:40:10.403+0000] {logging_mixin.py:151} INFO - [2023-11-04T16:40:10.402+0000] {dag.py:2941} INFO - Sync 1 DAGs
[2023-11-04T16:40:10.435+0000] {logging_mixin.py:151} INFO - [2023-11-04T16:40:10.435+0000] {dag.py:3722} INFO - Setting next_dagrun for example_short_circuit_operator to 2023-11-03T16:40:10.434957+00:00, run_after=2023-11-04T16:40:10.434957+00:00
[2023-11-04T16:40:10.464+0000] {processor.py:179} INFO - Processing /home/airflow/.local/lib/python3.8/site-packages/airflow/example_dags/example_short_circuit_operator.py took 0.119 seconds
[2023-11-04T16:40:40.854+0000] {processor.py:157} INFO - Started process (PID=8232) to work on /home/airflow/.local/lib/python3.8/site-packages/airflow/example_dags/example_short_circuit_operator.py
[2023-11-04T16:40:40.856+0000] {processor.py:829} INFO - Processing file /home/airflow/.local/lib/python3.8/site-packages/airflow/example_dags/example_short_circuit_operator.py for tasks to queue
[2023-11-04T16:40:40.857+0000] {logging_mixin.py:151} INFO - [2023-11-04T16:40:40.857+0000] {dagbag.py:536} INFO - Filling up the DagBag from /home/airflow/.local/lib/python3.8/site-packages/airflow/example_dags/example_short_circuit_operator.py
[2023-11-04T16:40:40.870+0000] {processor.py:839} INFO - DAG(s) dict_keys(['example_short_circuit_operator']) retrieved from /home/airflow/.local/lib/python3.8/site-packages/airflow/example_dags/example_short_circuit_operator.py
[2023-11-04T16:40:40.906+0000] {logging_mixin.py:151} INFO - [2023-11-04T16:40:40.906+0000] {dag.py:2941} INFO - Sync 1 DAGs
[2023-11-04T16:40:40.938+0000] {logging_mixin.py:151} INFO - [2023-11-04T16:40:40.938+0000] {dag.py:3722} INFO - Setting next_dagrun for example_short_circuit_operator to 2023-11-03T16:40:40.938171+00:00, run_after=2023-11-04T16:40:40.938171+00:00
[2023-11-04T16:40:40.972+0000] {processor.py:179} INFO - Processing /home/airflow/.local/lib/python3.8/site-packages/airflow/example_dags/example_short_circuit_operator.py took 0.123 seconds
[2023-11-04T16:41:11.267+0000] {processor.py:157} INFO - Started process (PID=8470) to work on /home/airflow/.local/lib/python3.8/site-packages/airflow/example_dags/example_short_circuit_operator.py
[2023-11-04T16:41:11.269+0000] {processor.py:829} INFO - Processing file /home/airflow/.local/lib/python3.8/site-packages/airflow/example_dags/example_short_circuit_operator.py for tasks to queue
[2023-11-04T16:41:11.270+0000] {logging_mixin.py:151} INFO - [2023-11-04T16:41:11.270+0000] {dagbag.py:536} INFO - Filling up the DagBag from /home/airflow/.local/lib/python3.8/site-packages/airflow/example_dags/example_short_circuit_operator.py
[2023-11-04T16:41:11.283+0000] {processor.py:839} INFO - DAG(s) dict_keys(['example_short_circuit_operator']) retrieved from /home/airflow/.local/lib/python3.8/site-packages/airflow/example_dags/example_short_circuit_operator.py
[2023-11-04T16:41:11.323+0000] {logging_mixin.py:151} INFO - [2023-11-04T16:41:11.322+0000] {dag.py:2941} INFO - Sync 1 DAGs
[2023-11-04T16:41:11.358+0000] {logging_mixin.py:151} INFO - [2023-11-04T16:41:11.358+0000] {dag.py:3722} INFO - Setting next_dagrun for example_short_circuit_operator to 2023-11-03T16:41:11.357849+00:00, run_after=2023-11-04T16:41:11.357849+00:00
[2023-11-04T16:41:11.388+0000] {processor.py:179} INFO - Processing /home/airflow/.local/lib/python3.8/site-packages/airflow/example_dags/example_short_circuit_operator.py took 0.126 seconds
[2023-11-04T16:41:41.784+0000] {processor.py:157} INFO - Started process (PID=8706) to work on /home/airflow/.local/lib/python3.8/site-packages/airflow/example_dags/example_short_circuit_operator.py
[2023-11-04T16:41:41.786+0000] {processor.py:829} INFO - Processing file /home/airflow/.local/lib/python3.8/site-packages/airflow/example_dags/example_short_circuit_operator.py for tasks to queue
[2023-11-04T16:41:41.788+0000] {logging_mixin.py:151} INFO - [2023-11-04T16:41:41.787+0000] {dagbag.py:536} INFO - Filling up the DagBag from /home/airflow/.local/lib/python3.8/site-packages/airflow/example_dags/example_short_circuit_operator.py
[2023-11-04T16:41:41.802+0000] {processor.py:839} INFO - DAG(s) dict_keys(['example_short_circuit_operator']) retrieved from /home/airflow/.local/lib/python3.8/site-packages/airflow/example_dags/example_short_circuit_operator.py
[2023-11-04T16:41:41.853+0000] {logging_mixin.py:151} INFO - [2023-11-04T16:41:41.852+0000] {dag.py:2941} INFO - Sync 1 DAGs
[2023-11-04T16:41:41.904+0000] {logging_mixin.py:151} INFO - [2023-11-04T16:41:41.904+0000] {dag.py:3722} INFO - Setting next_dagrun for example_short_circuit_operator to 2023-11-03T16:41:41.904043+00:00, run_after=2023-11-04T16:41:41.904043+00:00
[2023-11-04T16:41:41.937+0000] {processor.py:179} INFO - Processing /home/airflow/.local/lib/python3.8/site-packages/airflow/example_dags/example_short_circuit_operator.py took 0.158 seconds
[2023-11-04T17:13:31.672+0000] {processor.py:157} INFO - Started process (PID=372) to work on /home/airflow/.local/lib/python3.8/site-packages/airflow/example_dags/example_short_circuit_operator.py
[2023-11-04T17:13:31.674+0000] {processor.py:829} INFO - Processing file /home/airflow/.local/lib/python3.8/site-packages/airflow/example_dags/example_short_circuit_operator.py for tasks to queue
[2023-11-04T17:13:31.676+0000] {logging_mixin.py:151} INFO - [2023-11-04T17:13:31.676+0000] {dagbag.py:536} INFO - Filling up the DagBag from /home/airflow/.local/lib/python3.8/site-packages/airflow/example_dags/example_short_circuit_operator.py
[2023-11-04T17:13:31.690+0000] {processor.py:839} INFO - DAG(s) dict_keys(['example_short_circuit_operator']) retrieved from /home/airflow/.local/lib/python3.8/site-packages/airflow/example_dags/example_short_circuit_operator.py
[2023-11-04T17:13:31.727+0000] {logging_mixin.py:151} INFO - [2023-11-04T17:13:31.727+0000] {dag.py:2941} INFO - Sync 1 DAGs
[2023-11-04T17:13:31.766+0000] {logging_mixin.py:151} INFO - [2023-11-04T17:13:31.766+0000] {dag.py:3722} INFO - Setting next_dagrun for example_short_circuit_operator to 2023-11-03T17:13:31.765796+00:00, run_after=2023-11-04T17:13:31.765796+00:00
[2023-11-04T17:13:31.797+0000] {processor.py:179} INFO - Processing /home/airflow/.local/lib/python3.8/site-packages/airflow/example_dags/example_short_circuit_operator.py took 0.130 seconds
[2023-11-04T17:14:01.916+0000] {processor.py:157} INFO - Started process (PID=610) to work on /home/airflow/.local/lib/python3.8/site-packages/airflow/example_dags/example_short_circuit_operator.py
[2023-11-04T17:14:01.918+0000] {processor.py:829} INFO - Processing file /home/airflow/.local/lib/python3.8/site-packages/airflow/example_dags/example_short_circuit_operator.py for tasks to queue
[2023-11-04T17:14:01.921+0000] {logging_mixin.py:151} INFO - [2023-11-04T17:14:01.920+0000] {dagbag.py:536} INFO - Filling up the DagBag from /home/airflow/.local/lib/python3.8/site-packages/airflow/example_dags/example_short_circuit_operator.py
[2023-11-04T17:14:01.937+0000] {processor.py:839} INFO - DAG(s) dict_keys(['example_short_circuit_operator']) retrieved from /home/airflow/.local/lib/python3.8/site-packages/airflow/example_dags/example_short_circuit_operator.py
[2023-11-04T17:14:01.965+0000] {logging_mixin.py:151} INFO - [2023-11-04T17:14:01.965+0000] {dag.py:2941} INFO - Sync 1 DAGs
[2023-11-04T17:14:02.013+0000] {logging_mixin.py:151} INFO - [2023-11-04T17:14:02.013+0000] {dag.py:3722} INFO - Setting next_dagrun for example_short_circuit_operator to 2023-11-03T17:14:02.011290+00:00, run_after=2023-11-04T17:14:02.011290+00:00
[2023-11-04T17:14:02.050+0000] {processor.py:179} INFO - Processing /home/airflow/.local/lib/python3.8/site-packages/airflow/example_dags/example_short_circuit_operator.py took 0.140 seconds
[2023-11-04T17:14:32.827+0000] {processor.py:157} INFO - Started process (PID=848) to work on /home/airflow/.local/lib/python3.8/site-packages/airflow/example_dags/example_short_circuit_operator.py
[2023-11-04T17:14:32.828+0000] {processor.py:829} INFO - Processing file /home/airflow/.local/lib/python3.8/site-packages/airflow/example_dags/example_short_circuit_operator.py for tasks to queue
[2023-11-04T17:14:32.830+0000] {logging_mixin.py:151} INFO - [2023-11-04T17:14:32.830+0000] {dagbag.py:536} INFO - Filling up the DagBag from /home/airflow/.local/lib/python3.8/site-packages/airflow/example_dags/example_short_circuit_operator.py
[2023-11-04T17:14:32.845+0000] {processor.py:839} INFO - DAG(s) dict_keys(['example_short_circuit_operator']) retrieved from /home/airflow/.local/lib/python3.8/site-packages/airflow/example_dags/example_short_circuit_operator.py
[2023-11-04T17:14:32.865+0000] {logging_mixin.py:151} INFO - [2023-11-04T17:14:32.865+0000] {dag.py:2941} INFO - Sync 1 DAGs
[2023-11-04T17:14:32.908+0000] {logging_mixin.py:151} INFO - [2023-11-04T17:14:32.908+0000] {dag.py:3722} INFO - Setting next_dagrun for example_short_circuit_operator to 2023-11-03T17:14:32.908295+00:00, run_after=2023-11-04T17:14:32.908295+00:00
[2023-11-04T17:14:32.938+0000] {processor.py:179} INFO - Processing /home/airflow/.local/lib/python3.8/site-packages/airflow/example_dags/example_short_circuit_operator.py took 0.117 seconds
[2023-11-04T17:15:03.515+0000] {processor.py:157} INFO - Started process (PID=1086) to work on /home/airflow/.local/lib/python3.8/site-packages/airflow/example_dags/example_short_circuit_operator.py
[2023-11-04T17:15:03.517+0000] {processor.py:829} INFO - Processing file /home/airflow/.local/lib/python3.8/site-packages/airflow/example_dags/example_short_circuit_operator.py for tasks to queue
[2023-11-04T17:15:03.518+0000] {logging_mixin.py:151} INFO - [2023-11-04T17:15:03.518+0000] {dagbag.py:536} INFO - Filling up the DagBag from /home/airflow/.local/lib/python3.8/site-packages/airflow/example_dags/example_short_circuit_operator.py
[2023-11-04T17:15:03.532+0000] {processor.py:839} INFO - DAG(s) dict_keys(['example_short_circuit_operator']) retrieved from /home/airflow/.local/lib/python3.8/site-packages/airflow/example_dags/example_short_circuit_operator.py
[2023-11-04T17:15:03.571+0000] {logging_mixin.py:151} INFO - [2023-11-04T17:15:03.571+0000] {dag.py:2941} INFO - Sync 1 DAGs
[2023-11-04T17:15:03.604+0000] {logging_mixin.py:151} INFO - [2023-11-04T17:15:03.604+0000] {dag.py:3722} INFO - Setting next_dagrun for example_short_circuit_operator to 2023-11-03T17:15:03.604356+00:00, run_after=2023-11-04T17:15:03.604356+00:00
[2023-11-04T17:15:03.640+0000] {processor.py:179} INFO - Processing /home/airflow/.local/lib/python3.8/site-packages/airflow/example_dags/example_short_circuit_operator.py took 0.129 seconds
[2023-11-04T17:15:34.739+0000] {processor.py:157} INFO - Started process (PID=1324) to work on /home/airflow/.local/lib/python3.8/site-packages/airflow/example_dags/example_short_circuit_operator.py
[2023-11-04T17:15:34.740+0000] {processor.py:829} INFO - Processing file /home/airflow/.local/lib/python3.8/site-packages/airflow/example_dags/example_short_circuit_operator.py for tasks to queue
[2023-11-04T17:15:34.742+0000] {logging_mixin.py:151} INFO - [2023-11-04T17:15:34.741+0000] {dagbag.py:536} INFO - Filling up the DagBag from /home/airflow/.local/lib/python3.8/site-packages/airflow/example_dags/example_short_circuit_operator.py
[2023-11-04T17:15:34.755+0000] {processor.py:839} INFO - DAG(s) dict_keys(['example_short_circuit_operator']) retrieved from /home/airflow/.local/lib/python3.8/site-packages/airflow/example_dags/example_short_circuit_operator.py
[2023-11-04T17:15:34.792+0000] {logging_mixin.py:151} INFO - [2023-11-04T17:15:34.792+0000] {dag.py:2941} INFO - Sync 1 DAGs
[2023-11-04T17:15:34.831+0000] {logging_mixin.py:151} INFO - [2023-11-04T17:15:34.831+0000] {dag.py:3722} INFO - Setting next_dagrun for example_short_circuit_operator to 2023-11-03T17:15:34.830687+00:00, run_after=2023-11-04T17:15:34.830687+00:00
[2023-11-04T17:15:34.863+0000] {processor.py:179} INFO - Processing /home/airflow/.local/lib/python3.8/site-packages/airflow/example_dags/example_short_circuit_operator.py took 0.129 seconds
[2023-11-04T17:16:05.069+0000] {processor.py:157} INFO - Started process (PID=1593) to work on /home/airflow/.local/lib/python3.8/site-packages/airflow/example_dags/example_short_circuit_operator.py
[2023-11-04T17:16:05.071+0000] {processor.py:829} INFO - Processing file /home/airflow/.local/lib/python3.8/site-packages/airflow/example_dags/example_short_circuit_operator.py for tasks to queue
[2023-11-04T17:16:05.072+0000] {logging_mixin.py:151} INFO - [2023-11-04T17:16:05.072+0000] {dagbag.py:536} INFO - Filling up the DagBag from /home/airflow/.local/lib/python3.8/site-packages/airflow/example_dags/example_short_circuit_operator.py
[2023-11-04T17:16:05.085+0000] {processor.py:839} INFO - DAG(s) dict_keys(['example_short_circuit_operator']) retrieved from /home/airflow/.local/lib/python3.8/site-packages/airflow/example_dags/example_short_circuit_operator.py
[2023-11-04T17:16:05.134+0000] {logging_mixin.py:151} INFO - [2023-11-04T17:16:05.133+0000] {dag.py:2941} INFO - Sync 1 DAGs
[2023-11-04T17:16:05.177+0000] {logging_mixin.py:151} INFO - [2023-11-04T17:16:05.177+0000] {dag.py:3722} INFO - Setting next_dagrun for example_short_circuit_operator to 2023-11-03T17:16:05.176806+00:00, run_after=2023-11-04T17:16:05.176806+00:00
[2023-11-04T17:16:05.214+0000] {processor.py:179} INFO - Processing /home/airflow/.local/lib/python3.8/site-packages/airflow/example_dags/example_short_circuit_operator.py took 0.152 seconds
[2023-11-04T17:16:35.338+0000] {processor.py:157} INFO - Started process (PID=1827) to work on /home/airflow/.local/lib/python3.8/site-packages/airflow/example_dags/example_short_circuit_operator.py
[2023-11-04T17:16:35.340+0000] {processor.py:829} INFO - Processing file /home/airflow/.local/lib/python3.8/site-packages/airflow/example_dags/example_short_circuit_operator.py for tasks to queue
[2023-11-04T17:16:35.341+0000] {logging_mixin.py:151} INFO - [2023-11-04T17:16:35.341+0000] {dagbag.py:536} INFO - Filling up the DagBag from /home/airflow/.local/lib/python3.8/site-packages/airflow/example_dags/example_short_circuit_operator.py
[2023-11-04T17:16:35.354+0000] {processor.py:839} INFO - DAG(s) dict_keys(['example_short_circuit_operator']) retrieved from /home/airflow/.local/lib/python3.8/site-packages/airflow/example_dags/example_short_circuit_operator.py
[2023-11-04T17:16:35.390+0000] {logging_mixin.py:151} INFO - [2023-11-04T17:16:35.389+0000] {dag.py:2941} INFO - Sync 1 DAGs
[2023-11-04T17:16:35.422+0000] {logging_mixin.py:151} INFO - [2023-11-04T17:16:35.422+0000] {dag.py:3722} INFO - Setting next_dagrun for example_short_circuit_operator to 2023-11-03T17:16:35.422192+00:00, run_after=2023-11-04T17:16:35.422192+00:00
[2023-11-04T17:16:35.451+0000] {processor.py:179} INFO - Processing /home/airflow/.local/lib/python3.8/site-packages/airflow/example_dags/example_short_circuit_operator.py took 0.118 seconds
[2023-11-04T17:17:06.190+0000] {processor.py:157} INFO - Started process (PID=2070) to work on /home/airflow/.local/lib/python3.8/site-packages/airflow/example_dags/example_short_circuit_operator.py
[2023-11-04T17:17:06.191+0000] {processor.py:829} INFO - Processing file /home/airflow/.local/lib/python3.8/site-packages/airflow/example_dags/example_short_circuit_operator.py for tasks to queue
[2023-11-04T17:17:06.193+0000] {logging_mixin.py:151} INFO - [2023-11-04T17:17:06.193+0000] {dagbag.py:536} INFO - Filling up the DagBag from /home/airflow/.local/lib/python3.8/site-packages/airflow/example_dags/example_short_circuit_operator.py
[2023-11-04T17:17:06.206+0000] {processor.py:839} INFO - DAG(s) dict_keys(['example_short_circuit_operator']) retrieved from /home/airflow/.local/lib/python3.8/site-packages/airflow/example_dags/example_short_circuit_operator.py
[2023-11-04T17:17:06.241+0000] {logging_mixin.py:151} INFO - [2023-11-04T17:17:06.241+0000] {dag.py:2941} INFO - Sync 1 DAGs
[2023-11-04T17:17:06.275+0000] {logging_mixin.py:151} INFO - [2023-11-04T17:17:06.275+0000] {dag.py:3722} INFO - Setting next_dagrun for example_short_circuit_operator to 2023-11-03T17:17:06.274621+00:00, run_after=2023-11-04T17:17:06.274621+00:00
[2023-11-04T17:17:06.308+0000] {processor.py:179} INFO - Processing /home/airflow/.local/lib/python3.8/site-packages/airflow/example_dags/example_short_circuit_operator.py took 0.123 seconds
[2023-11-04T17:17:36.413+0000] {processor.py:157} INFO - Started process (PID=2308) to work on /home/airflow/.local/lib/python3.8/site-packages/airflow/example_dags/example_short_circuit_operator.py
[2023-11-04T17:17:36.414+0000] {processor.py:829} INFO - Processing file /home/airflow/.local/lib/python3.8/site-packages/airflow/example_dags/example_short_circuit_operator.py for tasks to queue
[2023-11-04T17:17:36.416+0000] {logging_mixin.py:151} INFO - [2023-11-04T17:17:36.415+0000] {dagbag.py:536} INFO - Filling up the DagBag from /home/airflow/.local/lib/python3.8/site-packages/airflow/example_dags/example_short_circuit_operator.py
[2023-11-04T17:17:36.430+0000] {processor.py:839} INFO - DAG(s) dict_keys(['example_short_circuit_operator']) retrieved from /home/airflow/.local/lib/python3.8/site-packages/airflow/example_dags/example_short_circuit_operator.py
[2023-11-04T17:17:36.466+0000] {logging_mixin.py:151} INFO - [2023-11-04T17:17:36.466+0000] {dag.py:2941} INFO - Sync 1 DAGs
[2023-11-04T17:17:36.498+0000] {logging_mixin.py:151} INFO - [2023-11-04T17:17:36.498+0000] {dag.py:3722} INFO - Setting next_dagrun for example_short_circuit_operator to 2023-11-03T17:17:36.498184+00:00, run_after=2023-11-04T17:17:36.498184+00:00
[2023-11-04T17:17:36.528+0000] {processor.py:179} INFO - Processing /home/airflow/.local/lib/python3.8/site-packages/airflow/example_dags/example_short_circuit_operator.py took 0.120 seconds
[2023-11-04T17:18:06.613+0000] {processor.py:157} INFO - Started process (PID=2543) to work on /home/airflow/.local/lib/python3.8/site-packages/airflow/example_dags/example_short_circuit_operator.py
[2023-11-04T17:18:06.615+0000] {processor.py:829} INFO - Processing file /home/airflow/.local/lib/python3.8/site-packages/airflow/example_dags/example_short_circuit_operator.py for tasks to queue
[2023-11-04T17:18:06.616+0000] {logging_mixin.py:151} INFO - [2023-11-04T17:18:06.616+0000] {dagbag.py:536} INFO - Filling up the DagBag from /home/airflow/.local/lib/python3.8/site-packages/airflow/example_dags/example_short_circuit_operator.py
[2023-11-04T17:18:06.629+0000] {processor.py:839} INFO - DAG(s) dict_keys(['example_short_circuit_operator']) retrieved from /home/airflow/.local/lib/python3.8/site-packages/airflow/example_dags/example_short_circuit_operator.py
[2023-11-04T17:18:06.665+0000] {logging_mixin.py:151} INFO - [2023-11-04T17:18:06.665+0000] {dag.py:2941} INFO - Sync 1 DAGs
[2023-11-04T17:18:06.699+0000] {logging_mixin.py:151} INFO - [2023-11-04T17:18:06.699+0000] {dag.py:3722} INFO - Setting next_dagrun for example_short_circuit_operator to 2023-11-03T17:18:06.699245+00:00, run_after=2023-11-04T17:18:06.699245+00:00
[2023-11-04T17:18:06.729+0000] {processor.py:179} INFO - Processing /home/airflow/.local/lib/python3.8/site-packages/airflow/example_dags/example_short_circuit_operator.py took 0.120 seconds
[2023-11-04T17:18:37.110+0000] {processor.py:157} INFO - Started process (PID=2781) to work on /home/airflow/.local/lib/python3.8/site-packages/airflow/example_dags/example_short_circuit_operator.py
[2023-11-04T17:18:37.112+0000] {processor.py:829} INFO - Processing file /home/airflow/.local/lib/python3.8/site-packages/airflow/example_dags/example_short_circuit_operator.py for tasks to queue
[2023-11-04T17:18:37.114+0000] {logging_mixin.py:151} INFO - [2023-11-04T17:18:37.114+0000] {dagbag.py:536} INFO - Filling up the DagBag from /home/airflow/.local/lib/python3.8/site-packages/airflow/example_dags/example_short_circuit_operator.py
[2023-11-04T17:18:37.128+0000] {processor.py:839} INFO - DAG(s) dict_keys(['example_short_circuit_operator']) retrieved from /home/airflow/.local/lib/python3.8/site-packages/airflow/example_dags/example_short_circuit_operator.py
[2023-11-04T17:18:37.163+0000] {logging_mixin.py:151} INFO - [2023-11-04T17:18:37.163+0000] {dag.py:2941} INFO - Sync 1 DAGs
[2023-11-04T17:18:37.200+0000] {logging_mixin.py:151} INFO - [2023-11-04T17:18:37.200+0000] {dag.py:3722} INFO - Setting next_dagrun for example_short_circuit_operator to 2023-11-03T17:18:37.200316+00:00, run_after=2023-11-04T17:18:37.200316+00:00
[2023-11-04T17:18:37.230+0000] {processor.py:179} INFO - Processing /home/airflow/.local/lib/python3.8/site-packages/airflow/example_dags/example_short_circuit_operator.py took 0.124 seconds
[2023-11-04T17:19:07.443+0000] {processor.py:157} INFO - Started process (PID=3017) to work on /home/airflow/.local/lib/python3.8/site-packages/airflow/example_dags/example_short_circuit_operator.py
[2023-11-04T17:19:07.445+0000] {processor.py:829} INFO - Processing file /home/airflow/.local/lib/python3.8/site-packages/airflow/example_dags/example_short_circuit_operator.py for tasks to queue
[2023-11-04T17:19:07.447+0000] {logging_mixin.py:151} INFO - [2023-11-04T17:19:07.447+0000] {dagbag.py:536} INFO - Filling up the DagBag from /home/airflow/.local/lib/python3.8/site-packages/airflow/example_dags/example_short_circuit_operator.py
[2023-11-04T17:19:07.462+0000] {processor.py:839} INFO - DAG(s) dict_keys(['example_short_circuit_operator']) retrieved from /home/airflow/.local/lib/python3.8/site-packages/airflow/example_dags/example_short_circuit_operator.py
[2023-11-04T17:19:07.501+0000] {logging_mixin.py:151} INFO - [2023-11-04T17:19:07.501+0000] {dag.py:2941} INFO - Sync 1 DAGs
[2023-11-04T17:19:07.539+0000] {logging_mixin.py:151} INFO - [2023-11-04T17:19:07.539+0000] {dag.py:3722} INFO - Setting next_dagrun for example_short_circuit_operator to 2023-11-03T17:19:07.538946+00:00, run_after=2023-11-04T17:19:07.538946+00:00
[2023-11-04T17:19:07.568+0000] {processor.py:179} INFO - Processing /home/airflow/.local/lib/python3.8/site-packages/airflow/example_dags/example_short_circuit_operator.py took 0.130 seconds
[2023-11-04T17:19:37.841+0000] {processor.py:157} INFO - Started process (PID=3257) to work on /home/airflow/.local/lib/python3.8/site-packages/airflow/example_dags/example_short_circuit_operator.py
[2023-11-04T17:19:37.843+0000] {processor.py:829} INFO - Processing file /home/airflow/.local/lib/python3.8/site-packages/airflow/example_dags/example_short_circuit_operator.py for tasks to queue
[2023-11-04T17:19:37.845+0000] {logging_mixin.py:151} INFO - [2023-11-04T17:19:37.844+0000] {dagbag.py:536} INFO - Filling up the DagBag from /home/airflow/.local/lib/python3.8/site-packages/airflow/example_dags/example_short_circuit_operator.py
[2023-11-04T17:19:37.859+0000] {processor.py:839} INFO - DAG(s) dict_keys(['example_short_circuit_operator']) retrieved from /home/airflow/.local/lib/python3.8/site-packages/airflow/example_dags/example_short_circuit_operator.py
[2023-11-04T17:19:37.894+0000] {logging_mixin.py:151} INFO - [2023-11-04T17:19:37.894+0000] {dag.py:2941} INFO - Sync 1 DAGs
[2023-11-04T17:19:37.938+0000] {logging_mixin.py:151} INFO - [2023-11-04T17:19:37.938+0000] {dag.py:3722} INFO - Setting next_dagrun for example_short_circuit_operator to 2023-11-03T17:19:37.937627+00:00, run_after=2023-11-04T17:19:37.937627+00:00
[2023-11-04T17:19:38.013+0000] {processor.py:179} INFO - Processing /home/airflow/.local/lib/python3.8/site-packages/airflow/example_dags/example_short_circuit_operator.py took 0.176 seconds
[2023-11-04T17:20:08.219+0000] {processor.py:157} INFO - Started process (PID=3493) to work on /home/airflow/.local/lib/python3.8/site-packages/airflow/example_dags/example_short_circuit_operator.py
[2023-11-04T17:20:08.221+0000] {processor.py:829} INFO - Processing file /home/airflow/.local/lib/python3.8/site-packages/airflow/example_dags/example_short_circuit_operator.py for tasks to queue
[2023-11-04T17:20:08.222+0000] {logging_mixin.py:151} INFO - [2023-11-04T17:20:08.222+0000] {dagbag.py:536} INFO - Filling up the DagBag from /home/airflow/.local/lib/python3.8/site-packages/airflow/example_dags/example_short_circuit_operator.py
[2023-11-04T17:20:08.236+0000] {processor.py:839} INFO - DAG(s) dict_keys(['example_short_circuit_operator']) retrieved from /home/airflow/.local/lib/python3.8/site-packages/airflow/example_dags/example_short_circuit_operator.py
[2023-11-04T17:20:08.274+0000] {logging_mixin.py:151} INFO - [2023-11-04T17:20:08.274+0000] {dag.py:2941} INFO - Sync 1 DAGs
[2023-11-04T17:20:08.307+0000] {logging_mixin.py:151} INFO - [2023-11-04T17:20:08.307+0000] {dag.py:3722} INFO - Setting next_dagrun for example_short_circuit_operator to 2023-11-03T17:20:08.307117+00:00, run_after=2023-11-04T17:20:08.307117+00:00
[2023-11-04T17:20:08.337+0000] {processor.py:179} INFO - Processing /home/airflow/.local/lib/python3.8/site-packages/airflow/example_dags/example_short_circuit_operator.py took 0.123 seconds
[2023-11-04T17:20:38.638+0000] {processor.py:157} INFO - Started process (PID=3731) to work on /home/airflow/.local/lib/python3.8/site-packages/airflow/example_dags/example_short_circuit_operator.py
[2023-11-04T17:20:38.639+0000] {processor.py:829} INFO - Processing file /home/airflow/.local/lib/python3.8/site-packages/airflow/example_dags/example_short_circuit_operator.py for tasks to queue
[2023-11-04T17:20:38.640+0000] {logging_mixin.py:151} INFO - [2023-11-04T17:20:38.640+0000] {dagbag.py:536} INFO - Filling up the DagBag from /home/airflow/.local/lib/python3.8/site-packages/airflow/example_dags/example_short_circuit_operator.py
[2023-11-04T17:20:38.654+0000] {processor.py:839} INFO - DAG(s) dict_keys(['example_short_circuit_operator']) retrieved from /home/airflow/.local/lib/python3.8/site-packages/airflow/example_dags/example_short_circuit_operator.py
[2023-11-04T17:20:38.690+0000] {logging_mixin.py:151} INFO - [2023-11-04T17:20:38.689+0000] {dag.py:2941} INFO - Sync 1 DAGs
[2023-11-04T17:20:38.725+0000] {logging_mixin.py:151} INFO - [2023-11-04T17:20:38.725+0000] {dag.py:3722} INFO - Setting next_dagrun for example_short_circuit_operator to 2023-11-03T17:20:38.725216+00:00, run_after=2023-11-04T17:20:38.725216+00:00
[2023-11-04T17:20:38.755+0000] {processor.py:179} INFO - Processing /home/airflow/.local/lib/python3.8/site-packages/airflow/example_dags/example_short_circuit_operator.py took 0.122 seconds
[2023-11-04T17:21:12.033+0000] {processor.py:157} INFO - Started process (PID=3996) to work on /home/airflow/.local/lib/python3.8/site-packages/airflow/example_dags/example_short_circuit_operator.py
[2023-11-04T17:21:12.035+0000] {processor.py:829} INFO - Processing file /home/airflow/.local/lib/python3.8/site-packages/airflow/example_dags/example_short_circuit_operator.py for tasks to queue
[2023-11-04T17:21:12.036+0000] {logging_mixin.py:151} INFO - [2023-11-04T17:21:12.036+0000] {dagbag.py:536} INFO - Filling up the DagBag from /home/airflow/.local/lib/python3.8/site-packages/airflow/example_dags/example_short_circuit_operator.py
[2023-11-04T17:21:12.055+0000] {processor.py:839} INFO - DAG(s) dict_keys(['example_short_circuit_operator']) retrieved from /home/airflow/.local/lib/python3.8/site-packages/airflow/example_dags/example_short_circuit_operator.py
[2023-11-04T17:21:12.110+0000] {logging_mixin.py:151} INFO - [2023-11-04T17:21:12.110+0000] {dag.py:2941} INFO - Sync 1 DAGs
[2023-11-04T17:21:12.163+0000] {logging_mixin.py:151} INFO - [2023-11-04T17:21:12.162+0000] {dag.py:3722} INFO - Setting next_dagrun for example_short_circuit_operator to 2023-11-03T17:21:12.162019+00:00, run_after=2023-11-04T17:21:12.162019+00:00
[2023-11-04T17:21:12.201+0000] {processor.py:179} INFO - Processing /home/airflow/.local/lib/python3.8/site-packages/airflow/example_dags/example_short_circuit_operator.py took 0.174 seconds
[2023-11-04T17:21:42.795+0000] {processor.py:157} INFO - Started process (PID=4260) to work on /home/airflow/.local/lib/python3.8/site-packages/airflow/example_dags/example_short_circuit_operator.py
[2023-11-04T17:21:42.796+0000] {processor.py:829} INFO - Processing file /home/airflow/.local/lib/python3.8/site-packages/airflow/example_dags/example_short_circuit_operator.py for tasks to queue
[2023-11-04T17:21:42.798+0000] {logging_mixin.py:151} INFO - [2023-11-04T17:21:42.798+0000] {dagbag.py:536} INFO - Filling up the DagBag from /home/airflow/.local/lib/python3.8/site-packages/airflow/example_dags/example_short_circuit_operator.py
[2023-11-04T17:21:42.818+0000] {processor.py:839} INFO - DAG(s) dict_keys(['example_short_circuit_operator']) retrieved from /home/airflow/.local/lib/python3.8/site-packages/airflow/example_dags/example_short_circuit_operator.py
[2023-11-04T17:21:42.866+0000] {logging_mixin.py:151} INFO - [2023-11-04T17:21:42.866+0000] {dag.py:2941} INFO - Sync 1 DAGs
[2023-11-04T17:21:42.917+0000] {logging_mixin.py:151} INFO - [2023-11-04T17:21:42.916+0000] {dag.py:3722} INFO - Setting next_dagrun for example_short_circuit_operator to 2023-11-03T17:21:42.916401+00:00, run_after=2023-11-04T17:21:42.916401+00:00
[2023-11-04T17:21:42.950+0000] {processor.py:179} INFO - Processing /home/airflow/.local/lib/python3.8/site-packages/airflow/example_dags/example_short_circuit_operator.py took 0.161 seconds
[2023-11-04T17:22:13.692+0000] {processor.py:157} INFO - Started process (PID=4498) to work on /home/airflow/.local/lib/python3.8/site-packages/airflow/example_dags/example_short_circuit_operator.py
[2023-11-04T17:22:13.694+0000] {processor.py:829} INFO - Processing file /home/airflow/.local/lib/python3.8/site-packages/airflow/example_dags/example_short_circuit_operator.py for tasks to queue
[2023-11-04T17:22:13.696+0000] {logging_mixin.py:151} INFO - [2023-11-04T17:22:13.695+0000] {dagbag.py:536} INFO - Filling up the DagBag from /home/airflow/.local/lib/python3.8/site-packages/airflow/example_dags/example_short_circuit_operator.py
[2023-11-04T17:22:13.723+0000] {processor.py:839} INFO - DAG(s) dict_keys(['example_short_circuit_operator']) retrieved from /home/airflow/.local/lib/python3.8/site-packages/airflow/example_dags/example_short_circuit_operator.py
[2023-11-04T17:22:13.773+0000] {logging_mixin.py:151} INFO - [2023-11-04T17:22:13.773+0000] {dag.py:2941} INFO - Sync 1 DAGs
[2023-11-04T17:22:13.823+0000] {logging_mixin.py:151} INFO - [2023-11-04T17:22:13.822+0000] {dag.py:3722} INFO - Setting next_dagrun for example_short_circuit_operator to 2023-11-03T17:22:13.822293+00:00, run_after=2023-11-04T17:22:13.822293+00:00
[2023-11-04T17:22:13.874+0000] {processor.py:179} INFO - Processing /home/airflow/.local/lib/python3.8/site-packages/airflow/example_dags/example_short_circuit_operator.py took 0.189 seconds
[2023-11-04T17:22:43.984+0000] {processor.py:157} INFO - Started process (PID=4731) to work on /home/airflow/.local/lib/python3.8/site-packages/airflow/example_dags/example_short_circuit_operator.py
[2023-11-04T17:22:43.987+0000] {processor.py:829} INFO - Processing file /home/airflow/.local/lib/python3.8/site-packages/airflow/example_dags/example_short_circuit_operator.py for tasks to queue
[2023-11-04T17:22:43.990+0000] {logging_mixin.py:151} INFO - [2023-11-04T17:22:43.989+0000] {dagbag.py:536} INFO - Filling up the DagBag from /home/airflow/.local/lib/python3.8/site-packages/airflow/example_dags/example_short_circuit_operator.py
[2023-11-04T17:22:44.007+0000] {processor.py:839} INFO - DAG(s) dict_keys(['example_short_circuit_operator']) retrieved from /home/airflow/.local/lib/python3.8/site-packages/airflow/example_dags/example_short_circuit_operator.py
[2023-11-04T17:22:44.057+0000] {logging_mixin.py:151} INFO - [2023-11-04T17:22:44.057+0000] {dag.py:2941} INFO - Sync 1 DAGs
[2023-11-04T17:22:44.107+0000] {logging_mixin.py:151} INFO - [2023-11-04T17:22:44.107+0000] {dag.py:3722} INFO - Setting next_dagrun for example_short_circuit_operator to 2023-11-03T17:22:44.106695+00:00, run_after=2023-11-04T17:22:44.106695+00:00
[2023-11-04T17:22:44.153+0000] {processor.py:179} INFO - Processing /home/airflow/.local/lib/python3.8/site-packages/airflow/example_dags/example_short_circuit_operator.py took 0.174 seconds
