[2023-11-04T16:23:46.514+0000] {processor.py:157} INFO - Started process (PID=288) to work on /home/airflow/.local/lib/python3.8/site-packages/airflow/example_dags/example_local_kubernetes_executor.py
[2023-11-04T16:23:46.515+0000] {processor.py:829} INFO - Processing file /home/airflow/.local/lib/python3.8/site-packages/airflow/example_dags/example_local_kubernetes_executor.py for tasks to queue
[2023-11-04T16:23:46.518+0000] {logging_mixin.py:151} INFO - [2023-11-04T16:23:46.517+0000] {dagbag.py:536} INFO - Filling up the DagBag from /home/airflow/.local/lib/python3.8/site-packages/airflow/example_dags/example_local_kubernetes_executor.py
[2023-11-04T16:23:46.530+0000] {processor.py:839} INFO - DAG(s) dict_keys(['example_local_kubernetes_executor']) retrieved from /home/airflow/.local/lib/python3.8/site-packages/airflow/example_dags/example_local_kubernetes_executor.py
[2023-11-04T16:23:46.549+0000] {logging_mixin.py:151} INFO - [2023-11-04T16:23:46.549+0000] {dag.py:2941} INFO - Sync 1 DAGs
[2023-11-04T16:23:46.573+0000] {logging_mixin.py:151} INFO - [2023-11-04T16:23:46.573+0000] {dag.py:3722} INFO - Setting next_dagrun for example_local_kubernetes_executor to None, run_after=None
[2023-11-04T16:23:46.610+0000] {processor.py:179} INFO - Processing /home/airflow/.local/lib/python3.8/site-packages/airflow/example_dags/example_local_kubernetes_executor.py took 0.101 seconds
[2023-11-04T16:24:17.087+0000] {processor.py:157} INFO - Started process (PID=526) to work on /home/airflow/.local/lib/python3.8/site-packages/airflow/example_dags/example_local_kubernetes_executor.py
[2023-11-04T16:24:17.089+0000] {processor.py:829} INFO - Processing file /home/airflow/.local/lib/python3.8/site-packages/airflow/example_dags/example_local_kubernetes_executor.py for tasks to queue
[2023-11-04T16:24:17.090+0000] {logging_mixin.py:151} INFO - [2023-11-04T16:24:17.090+0000] {dagbag.py:536} INFO - Filling up the DagBag from /home/airflow/.local/lib/python3.8/site-packages/airflow/example_dags/example_local_kubernetes_executor.py
[2023-11-04T16:24:17.101+0000] {processor.py:839} INFO - DAG(s) dict_keys(['example_local_kubernetes_executor']) retrieved from /home/airflow/.local/lib/python3.8/site-packages/airflow/example_dags/example_local_kubernetes_executor.py
[2023-11-04T16:24:17.161+0000] {logging_mixin.py:151} INFO - [2023-11-04T16:24:17.160+0000] {dag.py:2941} INFO - Sync 1 DAGs
[2023-11-04T16:24:17.179+0000] {logging_mixin.py:151} INFO - [2023-11-04T16:24:17.179+0000] {dag.py:3722} INFO - Setting next_dagrun for example_local_kubernetes_executor to None, run_after=None
[2023-11-04T16:24:17.212+0000] {processor.py:179} INFO - Processing /home/airflow/.local/lib/python3.8/site-packages/airflow/example_dags/example_local_kubernetes_executor.py took 0.130 seconds
[2023-11-04T16:24:47.741+0000] {processor.py:157} INFO - Started process (PID=764) to work on /home/airflow/.local/lib/python3.8/site-packages/airflow/example_dags/example_local_kubernetes_executor.py
[2023-11-04T16:24:47.743+0000] {processor.py:829} INFO - Processing file /home/airflow/.local/lib/python3.8/site-packages/airflow/example_dags/example_local_kubernetes_executor.py for tasks to queue
[2023-11-04T16:24:47.745+0000] {logging_mixin.py:151} INFO - [2023-11-04T16:24:47.744+0000] {dagbag.py:536} INFO - Filling up the DagBag from /home/airflow/.local/lib/python3.8/site-packages/airflow/example_dags/example_local_kubernetes_executor.py
[2023-11-04T16:24:47.757+0000] {processor.py:839} INFO - DAG(s) dict_keys(['example_local_kubernetes_executor']) retrieved from /home/airflow/.local/lib/python3.8/site-packages/airflow/example_dags/example_local_kubernetes_executor.py
[2023-11-04T16:24:47.819+0000] {logging_mixin.py:151} INFO - [2023-11-04T16:24:47.818+0000] {dag.py:2941} INFO - Sync 1 DAGs
[2023-11-04T16:24:47.845+0000] {logging_mixin.py:151} INFO - [2023-11-04T16:24:47.845+0000] {dag.py:3722} INFO - Setting next_dagrun for example_local_kubernetes_executor to None, run_after=None
[2023-11-04T16:24:47.878+0000] {processor.py:179} INFO - Processing /home/airflow/.local/lib/python3.8/site-packages/airflow/example_dags/example_local_kubernetes_executor.py took 0.142 seconds
[2023-11-04T16:25:18.046+0000] {processor.py:157} INFO - Started process (PID=1002) to work on /home/airflow/.local/lib/python3.8/site-packages/airflow/example_dags/example_local_kubernetes_executor.py
[2023-11-04T16:25:18.048+0000] {processor.py:829} INFO - Processing file /home/airflow/.local/lib/python3.8/site-packages/airflow/example_dags/example_local_kubernetes_executor.py for tasks to queue
[2023-11-04T16:25:18.049+0000] {logging_mixin.py:151} INFO - [2023-11-04T16:25:18.049+0000] {dagbag.py:536} INFO - Filling up the DagBag from /home/airflow/.local/lib/python3.8/site-packages/airflow/example_dags/example_local_kubernetes_executor.py
[2023-11-04T16:25:18.060+0000] {processor.py:839} INFO - DAG(s) dict_keys(['example_local_kubernetes_executor']) retrieved from /home/airflow/.local/lib/python3.8/site-packages/airflow/example_dags/example_local_kubernetes_executor.py
[2023-11-04T16:25:18.113+0000] {logging_mixin.py:151} INFO - [2023-11-04T16:25:18.112+0000] {dag.py:2941} INFO - Sync 1 DAGs
[2023-11-04T16:25:18.131+0000] {logging_mixin.py:151} INFO - [2023-11-04T16:25:18.131+0000] {dag.py:3722} INFO - Setting next_dagrun for example_local_kubernetes_executor to None, run_after=None
[2023-11-04T16:25:18.164+0000] {processor.py:179} INFO - Processing /home/airflow/.local/lib/python3.8/site-packages/airflow/example_dags/example_local_kubernetes_executor.py took 0.123 seconds
[2023-11-04T16:25:48.282+0000] {processor.py:157} INFO - Started process (PID=1240) to work on /home/airflow/.local/lib/python3.8/site-packages/airflow/example_dags/example_local_kubernetes_executor.py
[2023-11-04T16:25:48.284+0000] {processor.py:829} INFO - Processing file /home/airflow/.local/lib/python3.8/site-packages/airflow/example_dags/example_local_kubernetes_executor.py for tasks to queue
[2023-11-04T16:25:48.286+0000] {logging_mixin.py:151} INFO - [2023-11-04T16:25:48.285+0000] {dagbag.py:536} INFO - Filling up the DagBag from /home/airflow/.local/lib/python3.8/site-packages/airflow/example_dags/example_local_kubernetes_executor.py
[2023-11-04T16:25:48.297+0000] {processor.py:839} INFO - DAG(s) dict_keys(['example_local_kubernetes_executor']) retrieved from /home/airflow/.local/lib/python3.8/site-packages/airflow/example_dags/example_local_kubernetes_executor.py
[2023-11-04T16:25:48.353+0000] {logging_mixin.py:151} INFO - [2023-11-04T16:25:48.352+0000] {dag.py:2941} INFO - Sync 1 DAGs
[2023-11-04T16:25:48.372+0000] {logging_mixin.py:151} INFO - [2023-11-04T16:25:48.371+0000] {dag.py:3722} INFO - Setting next_dagrun for example_local_kubernetes_executor to None, run_after=None
[2023-11-04T16:25:48.402+0000] {processor.py:179} INFO - Processing /home/airflow/.local/lib/python3.8/site-packages/airflow/example_dags/example_local_kubernetes_executor.py took 0.125 seconds
[2023-11-04T16:26:18.813+0000] {processor.py:157} INFO - Started process (PID=1480) to work on /home/airflow/.local/lib/python3.8/site-packages/airflow/example_dags/example_local_kubernetes_executor.py
[2023-11-04T16:26:18.815+0000] {processor.py:829} INFO - Processing file /home/airflow/.local/lib/python3.8/site-packages/airflow/example_dags/example_local_kubernetes_executor.py for tasks to queue
[2023-11-04T16:26:18.816+0000] {logging_mixin.py:151} INFO - [2023-11-04T16:26:18.816+0000] {dagbag.py:536} INFO - Filling up the DagBag from /home/airflow/.local/lib/python3.8/site-packages/airflow/example_dags/example_local_kubernetes_executor.py
[2023-11-04T16:26:18.827+0000] {processor.py:839} INFO - DAG(s) dict_keys(['example_local_kubernetes_executor']) retrieved from /home/airflow/.local/lib/python3.8/site-packages/airflow/example_dags/example_local_kubernetes_executor.py
[2023-11-04T16:26:18.847+0000] {logging_mixin.py:151} INFO - [2023-11-04T16:26:18.847+0000] {dag.py:2941} INFO - Sync 1 DAGs
[2023-11-04T16:26:18.869+0000] {logging_mixin.py:151} INFO - [2023-11-04T16:26:18.869+0000] {dag.py:3722} INFO - Setting next_dagrun for example_local_kubernetes_executor to None, run_after=None
[2023-11-04T16:26:18.900+0000] {processor.py:179} INFO - Processing /home/airflow/.local/lib/python3.8/site-packages/airflow/example_dags/example_local_kubernetes_executor.py took 0.092 seconds
[2023-11-04T16:26:49.442+0000] {processor.py:157} INFO - Started process (PID=1716) to work on /home/airflow/.local/lib/python3.8/site-packages/airflow/example_dags/example_local_kubernetes_executor.py
[2023-11-04T16:26:49.443+0000] {processor.py:829} INFO - Processing file /home/airflow/.local/lib/python3.8/site-packages/airflow/example_dags/example_local_kubernetes_executor.py for tasks to queue
[2023-11-04T16:26:49.445+0000] {logging_mixin.py:151} INFO - [2023-11-04T16:26:49.444+0000] {dagbag.py:536} INFO - Filling up the DagBag from /home/airflow/.local/lib/python3.8/site-packages/airflow/example_dags/example_local_kubernetes_executor.py
[2023-11-04T16:26:49.456+0000] {processor.py:839} INFO - DAG(s) dict_keys(['example_local_kubernetes_executor']) retrieved from /home/airflow/.local/lib/python3.8/site-packages/airflow/example_dags/example_local_kubernetes_executor.py
[2023-11-04T16:26:49.512+0000] {logging_mixin.py:151} INFO - [2023-11-04T16:26:49.511+0000] {dag.py:2941} INFO - Sync 1 DAGs
[2023-11-04T16:26:49.531+0000] {logging_mixin.py:151} INFO - [2023-11-04T16:26:49.531+0000] {dag.py:3722} INFO - Setting next_dagrun for example_local_kubernetes_executor to None, run_after=None
[2023-11-04T16:26:49.561+0000] {processor.py:179} INFO - Processing /home/airflow/.local/lib/python3.8/site-packages/airflow/example_dags/example_local_kubernetes_executor.py took 0.125 seconds
[2023-11-04T16:27:20.099+0000] {processor.py:157} INFO - Started process (PID=1954) to work on /home/airflow/.local/lib/python3.8/site-packages/airflow/example_dags/example_local_kubernetes_executor.py
[2023-11-04T16:27:20.101+0000] {processor.py:829} INFO - Processing file /home/airflow/.local/lib/python3.8/site-packages/airflow/example_dags/example_local_kubernetes_executor.py for tasks to queue
[2023-11-04T16:27:20.103+0000] {logging_mixin.py:151} INFO - [2023-11-04T16:27:20.103+0000] {dagbag.py:536} INFO - Filling up the DagBag from /home/airflow/.local/lib/python3.8/site-packages/airflow/example_dags/example_local_kubernetes_executor.py
[2023-11-04T16:27:20.115+0000] {processor.py:839} INFO - DAG(s) dict_keys(['example_local_kubernetes_executor']) retrieved from /home/airflow/.local/lib/python3.8/site-packages/airflow/example_dags/example_local_kubernetes_executor.py
[2023-11-04T16:27:20.170+0000] {logging_mixin.py:151} INFO - [2023-11-04T16:27:20.170+0000] {dag.py:2941} INFO - Sync 1 DAGs
[2023-11-04T16:27:20.191+0000] {logging_mixin.py:151} INFO - [2023-11-04T16:27:20.190+0000] {dag.py:3722} INFO - Setting next_dagrun for example_local_kubernetes_executor to None, run_after=None
[2023-11-04T16:27:20.228+0000] {processor.py:179} INFO - Processing /home/airflow/.local/lib/python3.8/site-packages/airflow/example_dags/example_local_kubernetes_executor.py took 0.135 seconds
[2023-11-04T16:27:51.527+0000] {processor.py:157} INFO - Started process (PID=2193) to work on /home/airflow/.local/lib/python3.8/site-packages/airflow/example_dags/example_local_kubernetes_executor.py
[2023-11-04T16:27:51.530+0000] {processor.py:829} INFO - Processing file /home/airflow/.local/lib/python3.8/site-packages/airflow/example_dags/example_local_kubernetes_executor.py for tasks to queue
[2023-11-04T16:27:51.536+0000] {logging_mixin.py:151} INFO - [2023-11-04T16:27:51.535+0000] {dagbag.py:536} INFO - Filling up the DagBag from /home/airflow/.local/lib/python3.8/site-packages/airflow/example_dags/example_local_kubernetes_executor.py
[2023-11-04T16:27:51.559+0000] {processor.py:839} INFO - DAG(s) dict_keys(['example_local_kubernetes_executor']) retrieved from /home/airflow/.local/lib/python3.8/site-packages/airflow/example_dags/example_local_kubernetes_executor.py
[2023-11-04T16:27:51.624+0000] {logging_mixin.py:151} INFO - [2023-11-04T16:27:51.623+0000] {dag.py:2941} INFO - Sync 1 DAGs
[2023-11-04T16:27:51.675+0000] {logging_mixin.py:151} INFO - [2023-11-04T16:27:51.674+0000] {dag.py:3722} INFO - Setting next_dagrun for example_local_kubernetes_executor to None, run_after=None
[2023-11-04T16:27:51.768+0000] {processor.py:179} INFO - Processing /home/airflow/.local/lib/python3.8/site-packages/airflow/example_dags/example_local_kubernetes_executor.py took 0.251 seconds
[2023-11-04T16:28:22.379+0000] {processor.py:157} INFO - Started process (PID=2431) to work on /home/airflow/.local/lib/python3.8/site-packages/airflow/example_dags/example_local_kubernetes_executor.py
[2023-11-04T16:28:22.381+0000] {processor.py:829} INFO - Processing file /home/airflow/.local/lib/python3.8/site-packages/airflow/example_dags/example_local_kubernetes_executor.py for tasks to queue
[2023-11-04T16:28:22.383+0000] {logging_mixin.py:151} INFO - [2023-11-04T16:28:22.382+0000] {dagbag.py:536} INFO - Filling up the DagBag from /home/airflow/.local/lib/python3.8/site-packages/airflow/example_dags/example_local_kubernetes_executor.py
[2023-11-04T16:28:22.394+0000] {processor.py:839} INFO - DAG(s) dict_keys(['example_local_kubernetes_executor']) retrieved from /home/airflow/.local/lib/python3.8/site-packages/airflow/example_dags/example_local_kubernetes_executor.py
[2023-11-04T16:28:22.449+0000] {logging_mixin.py:151} INFO - [2023-11-04T16:28:22.448+0000] {dag.py:2941} INFO - Sync 1 DAGs
[2023-11-04T16:28:22.469+0000] {logging_mixin.py:151} INFO - [2023-11-04T16:28:22.469+0000] {dag.py:3722} INFO - Setting next_dagrun for example_local_kubernetes_executor to None, run_after=None
[2023-11-04T16:28:22.500+0000] {processor.py:179} INFO - Processing /home/airflow/.local/lib/python3.8/site-packages/airflow/example_dags/example_local_kubernetes_executor.py took 0.126 seconds
[2023-11-04T16:28:52.713+0000] {processor.py:157} INFO - Started process (PID=2669) to work on /home/airflow/.local/lib/python3.8/site-packages/airflow/example_dags/example_local_kubernetes_executor.py
[2023-11-04T16:28:52.715+0000] {processor.py:829} INFO - Processing file /home/airflow/.local/lib/python3.8/site-packages/airflow/example_dags/example_local_kubernetes_executor.py for tasks to queue
[2023-11-04T16:28:52.717+0000] {logging_mixin.py:151} INFO - [2023-11-04T16:28:52.716+0000] {dagbag.py:536} INFO - Filling up the DagBag from /home/airflow/.local/lib/python3.8/site-packages/airflow/example_dags/example_local_kubernetes_executor.py
[2023-11-04T16:28:52.728+0000] {processor.py:839} INFO - DAG(s) dict_keys(['example_local_kubernetes_executor']) retrieved from /home/airflow/.local/lib/python3.8/site-packages/airflow/example_dags/example_local_kubernetes_executor.py
[2023-11-04T16:28:52.781+0000] {logging_mixin.py:151} INFO - [2023-11-04T16:28:52.781+0000] {dag.py:2941} INFO - Sync 1 DAGs
[2023-11-04T16:28:52.800+0000] {logging_mixin.py:151} INFO - [2023-11-04T16:28:52.800+0000] {dag.py:3722} INFO - Setting next_dagrun for example_local_kubernetes_executor to None, run_after=None
[2023-11-04T16:28:52.830+0000] {processor.py:179} INFO - Processing /home/airflow/.local/lib/python3.8/site-packages/airflow/example_dags/example_local_kubernetes_executor.py took 0.123 seconds
[2023-11-04T16:29:23.507+0000] {processor.py:157} INFO - Started process (PID=2907) to work on /home/airflow/.local/lib/python3.8/site-packages/airflow/example_dags/example_local_kubernetes_executor.py
[2023-11-04T16:29:23.509+0000] {processor.py:829} INFO - Processing file /home/airflow/.local/lib/python3.8/site-packages/airflow/example_dags/example_local_kubernetes_executor.py for tasks to queue
[2023-11-04T16:29:23.510+0000] {logging_mixin.py:151} INFO - [2023-11-04T16:29:23.510+0000] {dagbag.py:536} INFO - Filling up the DagBag from /home/airflow/.local/lib/python3.8/site-packages/airflow/example_dags/example_local_kubernetes_executor.py
[2023-11-04T16:29:23.521+0000] {processor.py:839} INFO - DAG(s) dict_keys(['example_local_kubernetes_executor']) retrieved from /home/airflow/.local/lib/python3.8/site-packages/airflow/example_dags/example_local_kubernetes_executor.py
[2023-11-04T16:29:23.577+0000] {logging_mixin.py:151} INFO - [2023-11-04T16:29:23.577+0000] {dag.py:2941} INFO - Sync 1 DAGs
[2023-11-04T16:29:23.597+0000] {logging_mixin.py:151} INFO - [2023-11-04T16:29:23.597+0000] {dag.py:3722} INFO - Setting next_dagrun for example_local_kubernetes_executor to None, run_after=None
[2023-11-04T16:29:23.628+0000] {processor.py:179} INFO - Processing /home/airflow/.local/lib/python3.8/site-packages/airflow/example_dags/example_local_kubernetes_executor.py took 0.126 seconds
[2023-11-04T16:29:53.770+0000] {processor.py:157} INFO - Started process (PID=3145) to work on /home/airflow/.local/lib/python3.8/site-packages/airflow/example_dags/example_local_kubernetes_executor.py
[2023-11-04T16:29:53.771+0000] {processor.py:829} INFO - Processing file /home/airflow/.local/lib/python3.8/site-packages/airflow/example_dags/example_local_kubernetes_executor.py for tasks to queue
[2023-11-04T16:29:53.773+0000] {logging_mixin.py:151} INFO - [2023-11-04T16:29:53.773+0000] {dagbag.py:536} INFO - Filling up the DagBag from /home/airflow/.local/lib/python3.8/site-packages/airflow/example_dags/example_local_kubernetes_executor.py
[2023-11-04T16:29:53.785+0000] {processor.py:839} INFO - DAG(s) dict_keys(['example_local_kubernetes_executor']) retrieved from /home/airflow/.local/lib/python3.8/site-packages/airflow/example_dags/example_local_kubernetes_executor.py
[2023-11-04T16:29:53.806+0000] {logging_mixin.py:151} INFO - [2023-11-04T16:29:53.806+0000] {dag.py:2941} INFO - Sync 1 DAGs
[2023-11-04T16:29:53.829+0000] {logging_mixin.py:151} INFO - [2023-11-04T16:29:53.829+0000] {dag.py:3722} INFO - Setting next_dagrun for example_local_kubernetes_executor to None, run_after=None
[2023-11-04T16:29:53.862+0000] {processor.py:179} INFO - Processing /home/airflow/.local/lib/python3.8/site-packages/airflow/example_dags/example_local_kubernetes_executor.py took 0.098 seconds
[2023-11-04T16:30:24.416+0000] {processor.py:157} INFO - Started process (PID=3383) to work on /home/airflow/.local/lib/python3.8/site-packages/airflow/example_dags/example_local_kubernetes_executor.py
[2023-11-04T16:30:24.419+0000] {processor.py:829} INFO - Processing file /home/airflow/.local/lib/python3.8/site-packages/airflow/example_dags/example_local_kubernetes_executor.py for tasks to queue
[2023-11-04T16:30:24.420+0000] {logging_mixin.py:151} INFO - [2023-11-04T16:30:24.420+0000] {dagbag.py:536} INFO - Filling up the DagBag from /home/airflow/.local/lib/python3.8/site-packages/airflow/example_dags/example_local_kubernetes_executor.py
[2023-11-04T16:30:24.432+0000] {processor.py:839} INFO - DAG(s) dict_keys(['example_local_kubernetes_executor']) retrieved from /home/airflow/.local/lib/python3.8/site-packages/airflow/example_dags/example_local_kubernetes_executor.py
[2023-11-04T16:30:24.498+0000] {logging_mixin.py:151} INFO - [2023-11-04T16:30:24.498+0000] {dag.py:2941} INFO - Sync 1 DAGs
[2023-11-04T16:30:24.518+0000] {logging_mixin.py:151} INFO - [2023-11-04T16:30:24.518+0000] {dag.py:3722} INFO - Setting next_dagrun for example_local_kubernetes_executor to None, run_after=None
[2023-11-04T16:30:24.547+0000] {processor.py:179} INFO - Processing /home/airflow/.local/lib/python3.8/site-packages/airflow/example_dags/example_local_kubernetes_executor.py took 0.135 seconds
[2023-11-04T16:30:56.284+0000] {processor.py:157} INFO - Started process (PID=3623) to work on /home/airflow/.local/lib/python3.8/site-packages/airflow/example_dags/example_local_kubernetes_executor.py
[2023-11-04T16:30:56.286+0000] {processor.py:829} INFO - Processing file /home/airflow/.local/lib/python3.8/site-packages/airflow/example_dags/example_local_kubernetes_executor.py for tasks to queue
[2023-11-04T16:30:56.288+0000] {logging_mixin.py:151} INFO - [2023-11-04T16:30:56.288+0000] {dagbag.py:536} INFO - Filling up the DagBag from /home/airflow/.local/lib/python3.8/site-packages/airflow/example_dags/example_local_kubernetes_executor.py
[2023-11-04T16:30:56.303+0000] {processor.py:839} INFO - DAG(s) dict_keys(['example_local_kubernetes_executor']) retrieved from /home/airflow/.local/lib/python3.8/site-packages/airflow/example_dags/example_local_kubernetes_executor.py
[2023-11-04T16:30:56.383+0000] {logging_mixin.py:151} INFO - [2023-11-04T16:30:56.383+0000] {dag.py:2941} INFO - Sync 1 DAGs
[2023-11-04T16:30:56.486+0000] {logging_mixin.py:151} INFO - [2023-11-04T16:30:56.486+0000] {dag.py:3722} INFO - Setting next_dagrun for example_local_kubernetes_executor to None, run_after=None
[2023-11-04T16:30:56.549+0000] {processor.py:179} INFO - Processing /home/airflow/.local/lib/python3.8/site-packages/airflow/example_dags/example_local_kubernetes_executor.py took 0.272 seconds
[2023-11-04T16:31:27.022+0000] {processor.py:157} INFO - Started process (PID=3859) to work on /home/airflow/.local/lib/python3.8/site-packages/airflow/example_dags/example_local_kubernetes_executor.py
[2023-11-04T16:31:27.024+0000] {processor.py:829} INFO - Processing file /home/airflow/.local/lib/python3.8/site-packages/airflow/example_dags/example_local_kubernetes_executor.py for tasks to queue
[2023-11-04T16:31:27.025+0000] {logging_mixin.py:151} INFO - [2023-11-04T16:31:27.025+0000] {dagbag.py:536} INFO - Filling up the DagBag from /home/airflow/.local/lib/python3.8/site-packages/airflow/example_dags/example_local_kubernetes_executor.py
[2023-11-04T16:31:27.037+0000] {processor.py:839} INFO - DAG(s) dict_keys(['example_local_kubernetes_executor']) retrieved from /home/airflow/.local/lib/python3.8/site-packages/airflow/example_dags/example_local_kubernetes_executor.py
[2023-11-04T16:31:27.063+0000] {logging_mixin.py:151} INFO - [2023-11-04T16:31:27.063+0000] {dag.py:2941} INFO - Sync 1 DAGs
[2023-11-04T16:31:27.088+0000] {logging_mixin.py:151} INFO - [2023-11-04T16:31:27.088+0000] {dag.py:3722} INFO - Setting next_dagrun for example_local_kubernetes_executor to None, run_after=None
[2023-11-04T16:31:27.124+0000] {processor.py:179} INFO - Processing /home/airflow/.local/lib/python3.8/site-packages/airflow/example_dags/example_local_kubernetes_executor.py took 0.109 seconds
[2023-11-04T16:31:57.663+0000] {processor.py:157} INFO - Started process (PID=4097) to work on /home/airflow/.local/lib/python3.8/site-packages/airflow/example_dags/example_local_kubernetes_executor.py
[2023-11-04T16:31:57.665+0000] {processor.py:829} INFO - Processing file /home/airflow/.local/lib/python3.8/site-packages/airflow/example_dags/example_local_kubernetes_executor.py for tasks to queue
[2023-11-04T16:31:57.667+0000] {logging_mixin.py:151} INFO - [2023-11-04T16:31:57.666+0000] {dagbag.py:536} INFO - Filling up the DagBag from /home/airflow/.local/lib/python3.8/site-packages/airflow/example_dags/example_local_kubernetes_executor.py
[2023-11-04T16:31:57.680+0000] {processor.py:839} INFO - DAG(s) dict_keys(['example_local_kubernetes_executor']) retrieved from /home/airflow/.local/lib/python3.8/site-packages/airflow/example_dags/example_local_kubernetes_executor.py
[2023-11-04T16:31:57.745+0000] {logging_mixin.py:151} INFO - [2023-11-04T16:31:57.745+0000] {dag.py:2941} INFO - Sync 1 DAGs
[2023-11-04T16:31:57.772+0000] {logging_mixin.py:151} INFO - [2023-11-04T16:31:57.772+0000] {dag.py:3722} INFO - Setting next_dagrun for example_local_kubernetes_executor to None, run_after=None
[2023-11-04T16:31:57.807+0000] {processor.py:179} INFO - Processing /home/airflow/.local/lib/python3.8/site-packages/airflow/example_dags/example_local_kubernetes_executor.py took 0.150 seconds
[2023-11-04T16:32:28.435+0000] {processor.py:157} INFO - Started process (PID=4337) to work on /home/airflow/.local/lib/python3.8/site-packages/airflow/example_dags/example_local_kubernetes_executor.py
[2023-11-04T16:32:28.436+0000] {processor.py:829} INFO - Processing file /home/airflow/.local/lib/python3.8/site-packages/airflow/example_dags/example_local_kubernetes_executor.py for tasks to queue
[2023-11-04T16:32:28.438+0000] {logging_mixin.py:151} INFO - [2023-11-04T16:32:28.438+0000] {dagbag.py:536} INFO - Filling up the DagBag from /home/airflow/.local/lib/python3.8/site-packages/airflow/example_dags/example_local_kubernetes_executor.py
[2023-11-04T16:32:28.449+0000] {processor.py:839} INFO - DAG(s) dict_keys(['example_local_kubernetes_executor']) retrieved from /home/airflow/.local/lib/python3.8/site-packages/airflow/example_dags/example_local_kubernetes_executor.py
[2023-11-04T16:32:28.508+0000] {logging_mixin.py:151} INFO - [2023-11-04T16:32:28.508+0000] {dag.py:2941} INFO - Sync 1 DAGs
[2023-11-04T16:32:28.529+0000] {logging_mixin.py:151} INFO - [2023-11-04T16:32:28.529+0000] {dag.py:3722} INFO - Setting next_dagrun for example_local_kubernetes_executor to None, run_after=None
[2023-11-04T16:32:28.558+0000] {processor.py:179} INFO - Processing /home/airflow/.local/lib/python3.8/site-packages/airflow/example_dags/example_local_kubernetes_executor.py took 0.129 seconds
[2023-11-04T16:32:58.664+0000] {processor.py:157} INFO - Started process (PID=4573) to work on /home/airflow/.local/lib/python3.8/site-packages/airflow/example_dags/example_local_kubernetes_executor.py
[2023-11-04T16:32:58.665+0000] {processor.py:829} INFO - Processing file /home/airflow/.local/lib/python3.8/site-packages/airflow/example_dags/example_local_kubernetes_executor.py for tasks to queue
[2023-11-04T16:32:58.667+0000] {logging_mixin.py:151} INFO - [2023-11-04T16:32:58.666+0000] {dagbag.py:536} INFO - Filling up the DagBag from /home/airflow/.local/lib/python3.8/site-packages/airflow/example_dags/example_local_kubernetes_executor.py
[2023-11-04T16:32:58.678+0000] {processor.py:839} INFO - DAG(s) dict_keys(['example_local_kubernetes_executor']) retrieved from /home/airflow/.local/lib/python3.8/site-packages/airflow/example_dags/example_local_kubernetes_executor.py
[2023-11-04T16:32:58.734+0000] {logging_mixin.py:151} INFO - [2023-11-04T16:32:58.733+0000] {dag.py:2941} INFO - Sync 1 DAGs
[2023-11-04T16:32:58.755+0000] {logging_mixin.py:151} INFO - [2023-11-04T16:32:58.755+0000] {dag.py:3722} INFO - Setting next_dagrun for example_local_kubernetes_executor to None, run_after=None
[2023-11-04T16:32:58.788+0000] {processor.py:179} INFO - Processing /home/airflow/.local/lib/python3.8/site-packages/airflow/example_dags/example_local_kubernetes_executor.py took 0.129 seconds
[2023-11-04T16:33:28.921+0000] {processor.py:157} INFO - Started process (PID=4811) to work on /home/airflow/.local/lib/python3.8/site-packages/airflow/example_dags/example_local_kubernetes_executor.py
[2023-11-04T16:33:28.923+0000] {processor.py:829} INFO - Processing file /home/airflow/.local/lib/python3.8/site-packages/airflow/example_dags/example_local_kubernetes_executor.py for tasks to queue
[2023-11-04T16:33:28.924+0000] {logging_mixin.py:151} INFO - [2023-11-04T16:33:28.924+0000] {dagbag.py:536} INFO - Filling up the DagBag from /home/airflow/.local/lib/python3.8/site-packages/airflow/example_dags/example_local_kubernetes_executor.py
[2023-11-04T16:33:28.936+0000] {processor.py:839} INFO - DAG(s) dict_keys(['example_local_kubernetes_executor']) retrieved from /home/airflow/.local/lib/python3.8/site-packages/airflow/example_dags/example_local_kubernetes_executor.py
[2023-11-04T16:33:28.992+0000] {logging_mixin.py:151} INFO - [2023-11-04T16:33:28.991+0000] {dag.py:2941} INFO - Sync 1 DAGs
[2023-11-04T16:33:29.011+0000] {logging_mixin.py:151} INFO - [2023-11-04T16:33:29.011+0000] {dag.py:3722} INFO - Setting next_dagrun for example_local_kubernetes_executor to None, run_after=None
[2023-11-04T16:33:29.047+0000] {processor.py:179} INFO - Processing /home/airflow/.local/lib/python3.8/site-packages/airflow/example_dags/example_local_kubernetes_executor.py took 0.131 seconds
[2023-11-04T16:33:59.891+0000] {processor.py:157} INFO - Started process (PID=5056) to work on /home/airflow/.local/lib/python3.8/site-packages/airflow/example_dags/example_local_kubernetes_executor.py
[2023-11-04T16:33:59.893+0000] {processor.py:829} INFO - Processing file /home/airflow/.local/lib/python3.8/site-packages/airflow/example_dags/example_local_kubernetes_executor.py for tasks to queue
[2023-11-04T16:33:59.895+0000] {logging_mixin.py:151} INFO - [2023-11-04T16:33:59.894+0000] {dagbag.py:536} INFO - Filling up the DagBag from /home/airflow/.local/lib/python3.8/site-packages/airflow/example_dags/example_local_kubernetes_executor.py
[2023-11-04T16:33:59.906+0000] {processor.py:839} INFO - DAG(s) dict_keys(['example_local_kubernetes_executor']) retrieved from /home/airflow/.local/lib/python3.8/site-packages/airflow/example_dags/example_local_kubernetes_executor.py
[2023-11-04T16:33:59.959+0000] {logging_mixin.py:151} INFO - [2023-11-04T16:33:59.959+0000] {dag.py:2941} INFO - Sync 1 DAGs
[2023-11-04T16:33:59.980+0000] {logging_mixin.py:151} INFO - [2023-11-04T16:33:59.980+0000] {dag.py:3722} INFO - Setting next_dagrun for example_local_kubernetes_executor to None, run_after=None
[2023-11-04T16:34:00.017+0000] {processor.py:179} INFO - Processing /home/airflow/.local/lib/python3.8/site-packages/airflow/example_dags/example_local_kubernetes_executor.py took 0.131 seconds
[2023-11-04T16:34:30.346+0000] {processor.py:157} INFO - Started process (PID=5294) to work on /home/airflow/.local/lib/python3.8/site-packages/airflow/example_dags/example_local_kubernetes_executor.py
[2023-11-04T16:34:30.348+0000] {processor.py:829} INFO - Processing file /home/airflow/.local/lib/python3.8/site-packages/airflow/example_dags/example_local_kubernetes_executor.py for tasks to queue
[2023-11-04T16:34:30.349+0000] {logging_mixin.py:151} INFO - [2023-11-04T16:34:30.349+0000] {dagbag.py:536} INFO - Filling up the DagBag from /home/airflow/.local/lib/python3.8/site-packages/airflow/example_dags/example_local_kubernetes_executor.py
[2023-11-04T16:34:30.360+0000] {processor.py:839} INFO - DAG(s) dict_keys(['example_local_kubernetes_executor']) retrieved from /home/airflow/.local/lib/python3.8/site-packages/airflow/example_dags/example_local_kubernetes_executor.py
[2023-11-04T16:34:30.413+0000] {logging_mixin.py:151} INFO - [2023-11-04T16:34:30.412+0000] {dag.py:2941} INFO - Sync 1 DAGs
[2023-11-04T16:34:30.431+0000] {logging_mixin.py:151} INFO - [2023-11-04T16:34:30.431+0000] {dag.py:3722} INFO - Setting next_dagrun for example_local_kubernetes_executor to None, run_after=None
[2023-11-04T16:34:30.460+0000] {processor.py:179} INFO - Processing /home/airflow/.local/lib/python3.8/site-packages/airflow/example_dags/example_local_kubernetes_executor.py took 0.120 seconds
[2023-11-04T16:35:01.264+0000] {processor.py:157} INFO - Started process (PID=5532) to work on /home/airflow/.local/lib/python3.8/site-packages/airflow/example_dags/example_local_kubernetes_executor.py
[2023-11-04T16:35:01.266+0000] {processor.py:829} INFO - Processing file /home/airflow/.local/lib/python3.8/site-packages/airflow/example_dags/example_local_kubernetes_executor.py for tasks to queue
[2023-11-04T16:35:01.268+0000] {logging_mixin.py:151} INFO - [2023-11-04T16:35:01.267+0000] {dagbag.py:536} INFO - Filling up the DagBag from /home/airflow/.local/lib/python3.8/site-packages/airflow/example_dags/example_local_kubernetes_executor.py
[2023-11-04T16:35:01.279+0000] {processor.py:839} INFO - DAG(s) dict_keys(['example_local_kubernetes_executor']) retrieved from /home/airflow/.local/lib/python3.8/site-packages/airflow/example_dags/example_local_kubernetes_executor.py
[2023-11-04T16:35:01.335+0000] {logging_mixin.py:151} INFO - [2023-11-04T16:35:01.334+0000] {dag.py:2941} INFO - Sync 1 DAGs
[2023-11-04T16:35:01.354+0000] {logging_mixin.py:151} INFO - [2023-11-04T16:35:01.354+0000] {dag.py:3722} INFO - Setting next_dagrun for example_local_kubernetes_executor to None, run_after=None
[2023-11-04T16:35:01.389+0000] {processor.py:179} INFO - Processing /home/airflow/.local/lib/python3.8/site-packages/airflow/example_dags/example_local_kubernetes_executor.py took 0.129 seconds
[2023-11-04T16:35:32.183+0000] {processor.py:157} INFO - Started process (PID=5770) to work on /home/airflow/.local/lib/python3.8/site-packages/airflow/example_dags/example_local_kubernetes_executor.py
[2023-11-04T16:35:32.185+0000] {processor.py:829} INFO - Processing file /home/airflow/.local/lib/python3.8/site-packages/airflow/example_dags/example_local_kubernetes_executor.py for tasks to queue
[2023-11-04T16:35:32.186+0000] {logging_mixin.py:151} INFO - [2023-11-04T16:35:32.186+0000] {dagbag.py:536} INFO - Filling up the DagBag from /home/airflow/.local/lib/python3.8/site-packages/airflow/example_dags/example_local_kubernetes_executor.py
[2023-11-04T16:35:32.199+0000] {processor.py:839} INFO - DAG(s) dict_keys(['example_local_kubernetes_executor']) retrieved from /home/airflow/.local/lib/python3.8/site-packages/airflow/example_dags/example_local_kubernetes_executor.py
[2023-11-04T16:35:32.256+0000] {logging_mixin.py:151} INFO - [2023-11-04T16:35:32.256+0000] {dag.py:2941} INFO - Sync 1 DAGs
[2023-11-04T16:35:32.279+0000] {logging_mixin.py:151} INFO - [2023-11-04T16:35:32.279+0000] {dag.py:3722} INFO - Setting next_dagrun for example_local_kubernetes_executor to None, run_after=None
[2023-11-04T16:35:32.318+0000] {processor.py:179} INFO - Processing /home/airflow/.local/lib/python3.8/site-packages/airflow/example_dags/example_local_kubernetes_executor.py took 0.141 seconds
[2023-11-04T16:36:02.695+0000] {processor.py:157} INFO - Started process (PID=6008) to work on /home/airflow/.local/lib/python3.8/site-packages/airflow/example_dags/example_local_kubernetes_executor.py
[2023-11-04T16:36:02.698+0000] {processor.py:829} INFO - Processing file /home/airflow/.local/lib/python3.8/site-packages/airflow/example_dags/example_local_kubernetes_executor.py for tasks to queue
[2023-11-04T16:36:02.700+0000] {logging_mixin.py:151} INFO - [2023-11-04T16:36:02.699+0000] {dagbag.py:536} INFO - Filling up the DagBag from /home/airflow/.local/lib/python3.8/site-packages/airflow/example_dags/example_local_kubernetes_executor.py
[2023-11-04T16:36:02.714+0000] {processor.py:839} INFO - DAG(s) dict_keys(['example_local_kubernetes_executor']) retrieved from /home/airflow/.local/lib/python3.8/site-packages/airflow/example_dags/example_local_kubernetes_executor.py
[2023-11-04T16:36:02.777+0000] {logging_mixin.py:151} INFO - [2023-11-04T16:36:02.777+0000] {dag.py:2941} INFO - Sync 1 DAGs
[2023-11-04T16:36:02.809+0000] {logging_mixin.py:151} INFO - [2023-11-04T16:36:02.809+0000] {dag.py:3722} INFO - Setting next_dagrun for example_local_kubernetes_executor to None, run_after=None
[2023-11-04T16:36:02.844+0000] {processor.py:179} INFO - Processing /home/airflow/.local/lib/python3.8/site-packages/airflow/example_dags/example_local_kubernetes_executor.py took 0.154 seconds
[2023-11-04T16:36:32.986+0000] {processor.py:157} INFO - Started process (PID=6246) to work on /home/airflow/.local/lib/python3.8/site-packages/airflow/example_dags/example_local_kubernetes_executor.py
[2023-11-04T16:36:32.989+0000] {processor.py:829} INFO - Processing file /home/airflow/.local/lib/python3.8/site-packages/airflow/example_dags/example_local_kubernetes_executor.py for tasks to queue
[2023-11-04T16:36:32.991+0000] {logging_mixin.py:151} INFO - [2023-11-04T16:36:32.990+0000] {dagbag.py:536} INFO - Filling up the DagBag from /home/airflow/.local/lib/python3.8/site-packages/airflow/example_dags/example_local_kubernetes_executor.py
[2023-11-04T16:36:33.005+0000] {processor.py:839} INFO - DAG(s) dict_keys(['example_local_kubernetes_executor']) retrieved from /home/airflow/.local/lib/python3.8/site-packages/airflow/example_dags/example_local_kubernetes_executor.py
[2023-11-04T16:36:33.069+0000] {logging_mixin.py:151} INFO - [2023-11-04T16:36:33.069+0000] {dag.py:2941} INFO - Sync 1 DAGs
[2023-11-04T16:36:33.096+0000] {logging_mixin.py:151} INFO - [2023-11-04T16:36:33.096+0000] {dag.py:3722} INFO - Setting next_dagrun for example_local_kubernetes_executor to None, run_after=None
[2023-11-04T16:36:33.136+0000] {processor.py:179} INFO - Processing /home/airflow/.local/lib/python3.8/site-packages/airflow/example_dags/example_local_kubernetes_executor.py took 0.156 seconds
[2023-11-04T16:37:03.906+0000] {processor.py:157} INFO - Started process (PID=6484) to work on /home/airflow/.local/lib/python3.8/site-packages/airflow/example_dags/example_local_kubernetes_executor.py
[2023-11-04T16:37:03.909+0000] {processor.py:829} INFO - Processing file /home/airflow/.local/lib/python3.8/site-packages/airflow/example_dags/example_local_kubernetes_executor.py for tasks to queue
[2023-11-04T16:37:03.912+0000] {logging_mixin.py:151} INFO - [2023-11-04T16:37:03.911+0000] {dagbag.py:536} INFO - Filling up the DagBag from /home/airflow/.local/lib/python3.8/site-packages/airflow/example_dags/example_local_kubernetes_executor.py
[2023-11-04T16:37:03.928+0000] {processor.py:839} INFO - DAG(s) dict_keys(['example_local_kubernetes_executor']) retrieved from /home/airflow/.local/lib/python3.8/site-packages/airflow/example_dags/example_local_kubernetes_executor.py
[2023-11-04T16:37:04.018+0000] {logging_mixin.py:151} INFO - [2023-11-04T16:37:04.018+0000] {dag.py:2941} INFO - Sync 1 DAGs
[2023-11-04T16:37:04.064+0000] {logging_mixin.py:151} INFO - [2023-11-04T16:37:04.063+0000] {dag.py:3722} INFO - Setting next_dagrun for example_local_kubernetes_executor to None, run_after=None
[2023-11-04T16:37:04.170+0000] {processor.py:179} INFO - Processing /home/airflow/.local/lib/python3.8/site-packages/airflow/example_dags/example_local_kubernetes_executor.py took 0.270 seconds
[2023-11-04T16:37:34.781+0000] {processor.py:157} INFO - Started process (PID=6724) to work on /home/airflow/.local/lib/python3.8/site-packages/airflow/example_dags/example_local_kubernetes_executor.py
[2023-11-04T16:37:34.784+0000] {processor.py:829} INFO - Processing file /home/airflow/.local/lib/python3.8/site-packages/airflow/example_dags/example_local_kubernetes_executor.py for tasks to queue
[2023-11-04T16:37:34.786+0000] {logging_mixin.py:151} INFO - [2023-11-04T16:37:34.786+0000] {dagbag.py:536} INFO - Filling up the DagBag from /home/airflow/.local/lib/python3.8/site-packages/airflow/example_dags/example_local_kubernetes_executor.py
[2023-11-04T16:37:34.800+0000] {processor.py:839} INFO - DAG(s) dict_keys(['example_local_kubernetes_executor']) retrieved from /home/airflow/.local/lib/python3.8/site-packages/airflow/example_dags/example_local_kubernetes_executor.py
[2023-11-04T16:37:34.879+0000] {logging_mixin.py:151} INFO - [2023-11-04T16:37:34.878+0000] {dag.py:2941} INFO - Sync 1 DAGs
[2023-11-04T16:37:34.904+0000] {logging_mixin.py:151} INFO - [2023-11-04T16:37:34.903+0000] {dag.py:3722} INFO - Setting next_dagrun for example_local_kubernetes_executor to None, run_after=None
[2023-11-04T16:37:34.940+0000] {processor.py:179} INFO - Processing /home/airflow/.local/lib/python3.8/site-packages/airflow/example_dags/example_local_kubernetes_executor.py took 0.164 seconds
[2023-11-04T16:38:05.192+0000] {processor.py:157} INFO - Started process (PID=6962) to work on /home/airflow/.local/lib/python3.8/site-packages/airflow/example_dags/example_local_kubernetes_executor.py
[2023-11-04T16:38:05.193+0000] {processor.py:829} INFO - Processing file /home/airflow/.local/lib/python3.8/site-packages/airflow/example_dags/example_local_kubernetes_executor.py for tasks to queue
[2023-11-04T16:38:05.195+0000] {logging_mixin.py:151} INFO - [2023-11-04T16:38:05.194+0000] {dagbag.py:536} INFO - Filling up the DagBag from /home/airflow/.local/lib/python3.8/site-packages/airflow/example_dags/example_local_kubernetes_executor.py
[2023-11-04T16:38:05.205+0000] {processor.py:839} INFO - DAG(s) dict_keys(['example_local_kubernetes_executor']) retrieved from /home/airflow/.local/lib/python3.8/site-packages/airflow/example_dags/example_local_kubernetes_executor.py
[2023-11-04T16:38:05.259+0000] {logging_mixin.py:151} INFO - [2023-11-04T16:38:05.259+0000] {dag.py:2941} INFO - Sync 1 DAGs
[2023-11-04T16:38:05.280+0000] {logging_mixin.py:151} INFO - [2023-11-04T16:38:05.280+0000] {dag.py:3722} INFO - Setting next_dagrun for example_local_kubernetes_executor to None, run_after=None
[2023-11-04T16:38:05.309+0000] {processor.py:179} INFO - Processing /home/airflow/.local/lib/python3.8/site-packages/airflow/example_dags/example_local_kubernetes_executor.py took 0.123 seconds
[2023-11-04T16:38:35.391+0000] {processor.py:157} INFO - Started process (PID=7198) to work on /home/airflow/.local/lib/python3.8/site-packages/airflow/example_dags/example_local_kubernetes_executor.py
[2023-11-04T16:38:35.392+0000] {processor.py:829} INFO - Processing file /home/airflow/.local/lib/python3.8/site-packages/airflow/example_dags/example_local_kubernetes_executor.py for tasks to queue
[2023-11-04T16:38:35.394+0000] {logging_mixin.py:151} INFO - [2023-11-04T16:38:35.394+0000] {dagbag.py:536} INFO - Filling up the DagBag from /home/airflow/.local/lib/python3.8/site-packages/airflow/example_dags/example_local_kubernetes_executor.py
[2023-11-04T16:38:35.405+0000] {processor.py:839} INFO - DAG(s) dict_keys(['example_local_kubernetes_executor']) retrieved from /home/airflow/.local/lib/python3.8/site-packages/airflow/example_dags/example_local_kubernetes_executor.py
[2023-11-04T16:38:35.468+0000] {logging_mixin.py:151} INFO - [2023-11-04T16:38:35.467+0000] {dag.py:2941} INFO - Sync 1 DAGs
[2023-11-04T16:38:35.492+0000] {logging_mixin.py:151} INFO - [2023-11-04T16:38:35.491+0000] {dag.py:3722} INFO - Setting next_dagrun for example_local_kubernetes_executor to None, run_after=None
[2023-11-04T16:38:35.522+0000] {processor.py:179} INFO - Processing /home/airflow/.local/lib/python3.8/site-packages/airflow/example_dags/example_local_kubernetes_executor.py took 0.137 seconds
[2023-11-04T16:39:06.062+0000] {processor.py:157} INFO - Started process (PID=7438) to work on /home/airflow/.local/lib/python3.8/site-packages/airflow/example_dags/example_local_kubernetes_executor.py
[2023-11-04T16:39:06.064+0000] {processor.py:829} INFO - Processing file /home/airflow/.local/lib/python3.8/site-packages/airflow/example_dags/example_local_kubernetes_executor.py for tasks to queue
[2023-11-04T16:39:06.066+0000] {logging_mixin.py:151} INFO - [2023-11-04T16:39:06.065+0000] {dagbag.py:536} INFO - Filling up the DagBag from /home/airflow/.local/lib/python3.8/site-packages/airflow/example_dags/example_local_kubernetes_executor.py
[2023-11-04T16:39:06.083+0000] {processor.py:839} INFO - DAG(s) dict_keys(['example_local_kubernetes_executor']) retrieved from /home/airflow/.local/lib/python3.8/site-packages/airflow/example_dags/example_local_kubernetes_executor.py
[2023-11-04T16:39:06.137+0000] {logging_mixin.py:151} INFO - [2023-11-04T16:39:06.137+0000] {dag.py:2941} INFO - Sync 1 DAGs
[2023-11-04T16:39:06.160+0000] {logging_mixin.py:151} INFO - [2023-11-04T16:39:06.160+0000] {dag.py:3722} INFO - Setting next_dagrun for example_local_kubernetes_executor to None, run_after=None
[2023-11-04T16:39:06.189+0000] {processor.py:179} INFO - Processing /home/airflow/.local/lib/python3.8/site-packages/airflow/example_dags/example_local_kubernetes_executor.py took 0.133 seconds
[2023-11-04T16:39:36.533+0000] {processor.py:157} INFO - Started process (PID=7676) to work on /home/airflow/.local/lib/python3.8/site-packages/airflow/example_dags/example_local_kubernetes_executor.py
[2023-11-04T16:39:36.534+0000] {processor.py:829} INFO - Processing file /home/airflow/.local/lib/python3.8/site-packages/airflow/example_dags/example_local_kubernetes_executor.py for tasks to queue
[2023-11-04T16:39:36.536+0000] {logging_mixin.py:151} INFO - [2023-11-04T16:39:36.535+0000] {dagbag.py:536} INFO - Filling up the DagBag from /home/airflow/.local/lib/python3.8/site-packages/airflow/example_dags/example_local_kubernetes_executor.py
[2023-11-04T16:39:36.547+0000] {processor.py:839} INFO - DAG(s) dict_keys(['example_local_kubernetes_executor']) retrieved from /home/airflow/.local/lib/python3.8/site-packages/airflow/example_dags/example_local_kubernetes_executor.py
[2023-11-04T16:39:36.600+0000] {logging_mixin.py:151} INFO - [2023-11-04T16:39:36.600+0000] {dag.py:2941} INFO - Sync 1 DAGs
[2023-11-04T16:39:36.620+0000] {logging_mixin.py:151} INFO - [2023-11-04T16:39:36.619+0000] {dag.py:3722} INFO - Setting next_dagrun for example_local_kubernetes_executor to None, run_after=None
[2023-11-04T16:39:36.649+0000] {processor.py:179} INFO - Processing /home/airflow/.local/lib/python3.8/site-packages/airflow/example_dags/example_local_kubernetes_executor.py took 0.123 seconds
[2023-11-04T16:40:06.790+0000] {processor.py:157} INFO - Started process (PID=7912) to work on /home/airflow/.local/lib/python3.8/site-packages/airflow/example_dags/example_local_kubernetes_executor.py
[2023-11-04T16:40:06.791+0000] {processor.py:829} INFO - Processing file /home/airflow/.local/lib/python3.8/site-packages/airflow/example_dags/example_local_kubernetes_executor.py for tasks to queue
[2023-11-04T16:40:06.794+0000] {logging_mixin.py:151} INFO - [2023-11-04T16:40:06.793+0000] {dagbag.py:536} INFO - Filling up the DagBag from /home/airflow/.local/lib/python3.8/site-packages/airflow/example_dags/example_local_kubernetes_executor.py
[2023-11-04T16:40:06.810+0000] {processor.py:839} INFO - DAG(s) dict_keys(['example_local_kubernetes_executor']) retrieved from /home/airflow/.local/lib/python3.8/site-packages/airflow/example_dags/example_local_kubernetes_executor.py
[2023-11-04T16:40:06.875+0000] {logging_mixin.py:151} INFO - [2023-11-04T16:40:06.875+0000] {dag.py:2941} INFO - Sync 1 DAGs
[2023-11-04T16:40:06.897+0000] {logging_mixin.py:151} INFO - [2023-11-04T16:40:06.897+0000] {dag.py:3722} INFO - Setting next_dagrun for example_local_kubernetes_executor to None, run_after=None
[2023-11-04T16:40:06.928+0000] {processor.py:179} INFO - Processing /home/airflow/.local/lib/python3.8/site-packages/airflow/example_dags/example_local_kubernetes_executor.py took 0.145 seconds
[2023-11-04T16:40:37.516+0000] {processor.py:157} INFO - Started process (PID=8150) to work on /home/airflow/.local/lib/python3.8/site-packages/airflow/example_dags/example_local_kubernetes_executor.py
[2023-11-04T16:40:37.517+0000] {processor.py:829} INFO - Processing file /home/airflow/.local/lib/python3.8/site-packages/airflow/example_dags/example_local_kubernetes_executor.py for tasks to queue
[2023-11-04T16:40:37.519+0000] {logging_mixin.py:151} INFO - [2023-11-04T16:40:37.519+0000] {dagbag.py:536} INFO - Filling up the DagBag from /home/airflow/.local/lib/python3.8/site-packages/airflow/example_dags/example_local_kubernetes_executor.py
[2023-11-04T16:40:37.530+0000] {processor.py:839} INFO - DAG(s) dict_keys(['example_local_kubernetes_executor']) retrieved from /home/airflow/.local/lib/python3.8/site-packages/airflow/example_dags/example_local_kubernetes_executor.py
[2023-11-04T16:40:37.587+0000] {logging_mixin.py:151} INFO - [2023-11-04T16:40:37.586+0000] {dag.py:2941} INFO - Sync 1 DAGs
[2023-11-04T16:40:37.608+0000] {logging_mixin.py:151} INFO - [2023-11-04T16:40:37.608+0000] {dag.py:3722} INFO - Setting next_dagrun for example_local_kubernetes_executor to None, run_after=None
[2023-11-04T16:40:37.637+0000] {processor.py:179} INFO - Processing /home/airflow/.local/lib/python3.8/site-packages/airflow/example_dags/example_local_kubernetes_executor.py took 0.127 seconds
[2023-11-04T16:41:07.835+0000] {processor.py:157} INFO - Started process (PID=8388) to work on /home/airflow/.local/lib/python3.8/site-packages/airflow/example_dags/example_local_kubernetes_executor.py
[2023-11-04T16:41:07.836+0000] {processor.py:829} INFO - Processing file /home/airflow/.local/lib/python3.8/site-packages/airflow/example_dags/example_local_kubernetes_executor.py for tasks to queue
[2023-11-04T16:41:07.838+0000] {logging_mixin.py:151} INFO - [2023-11-04T16:41:07.837+0000] {dagbag.py:536} INFO - Filling up the DagBag from /home/airflow/.local/lib/python3.8/site-packages/airflow/example_dags/example_local_kubernetes_executor.py
[2023-11-04T16:41:07.851+0000] {processor.py:839} INFO - DAG(s) dict_keys(['example_local_kubernetes_executor']) retrieved from /home/airflow/.local/lib/python3.8/site-packages/airflow/example_dags/example_local_kubernetes_executor.py
[2023-11-04T16:41:07.913+0000] {logging_mixin.py:151} INFO - [2023-11-04T16:41:07.913+0000] {dag.py:2941} INFO - Sync 1 DAGs
[2023-11-04T16:41:07.933+0000] {logging_mixin.py:151} INFO - [2023-11-04T16:41:07.932+0000] {dag.py:3722} INFO - Setting next_dagrun for example_local_kubernetes_executor to None, run_after=None
[2023-11-04T16:41:07.962+0000] {processor.py:179} INFO - Processing /home/airflow/.local/lib/python3.8/site-packages/airflow/example_dags/example_local_kubernetes_executor.py took 0.132 seconds
[2023-11-04T16:41:38.452+0000] {processor.py:157} INFO - Started process (PID=8626) to work on /home/airflow/.local/lib/python3.8/site-packages/airflow/example_dags/example_local_kubernetes_executor.py
[2023-11-04T16:41:38.454+0000] {processor.py:829} INFO - Processing file /home/airflow/.local/lib/python3.8/site-packages/airflow/example_dags/example_local_kubernetes_executor.py for tasks to queue
[2023-11-04T16:41:38.456+0000] {logging_mixin.py:151} INFO - [2023-11-04T16:41:38.455+0000] {dagbag.py:536} INFO - Filling up the DagBag from /home/airflow/.local/lib/python3.8/site-packages/airflow/example_dags/example_local_kubernetes_executor.py
[2023-11-04T16:41:38.466+0000] {processor.py:839} INFO - DAG(s) dict_keys(['example_local_kubernetes_executor']) retrieved from /home/airflow/.local/lib/python3.8/site-packages/airflow/example_dags/example_local_kubernetes_executor.py
[2023-11-04T16:41:38.530+0000] {logging_mixin.py:151} INFO - [2023-11-04T16:41:38.530+0000] {dag.py:2941} INFO - Sync 1 DAGs
[2023-11-04T16:41:38.550+0000] {logging_mixin.py:151} INFO - [2023-11-04T16:41:38.550+0000] {dag.py:3722} INFO - Setting next_dagrun for example_local_kubernetes_executor to None, run_after=None
[2023-11-04T16:41:38.581+0000] {processor.py:179} INFO - Processing /home/airflow/.local/lib/python3.8/site-packages/airflow/example_dags/example_local_kubernetes_executor.py took 0.134 seconds
[2023-11-04T16:42:09.153+0000] {processor.py:157} INFO - Started process (PID=8864) to work on /home/airflow/.local/lib/python3.8/site-packages/airflow/example_dags/example_local_kubernetes_executor.py
[2023-11-04T16:42:09.155+0000] {processor.py:829} INFO - Processing file /home/airflow/.local/lib/python3.8/site-packages/airflow/example_dags/example_local_kubernetes_executor.py for tasks to queue
[2023-11-04T16:42:09.156+0000] {logging_mixin.py:151} INFO - [2023-11-04T16:42:09.156+0000] {dagbag.py:536} INFO - Filling up the DagBag from /home/airflow/.local/lib/python3.8/site-packages/airflow/example_dags/example_local_kubernetes_executor.py
[2023-11-04T16:42:09.168+0000] {processor.py:839} INFO - DAG(s) dict_keys(['example_local_kubernetes_executor']) retrieved from /home/airflow/.local/lib/python3.8/site-packages/airflow/example_dags/example_local_kubernetes_executor.py
[2023-11-04T16:42:09.225+0000] {logging_mixin.py:151} INFO - [2023-11-04T16:42:09.225+0000] {dag.py:2941} INFO - Sync 1 DAGs
[2023-11-04T16:42:09.248+0000] {logging_mixin.py:151} INFO - [2023-11-04T16:42:09.248+0000] {dag.py:3722} INFO - Setting next_dagrun for example_local_kubernetes_executor to None, run_after=None
[2023-11-04T16:42:09.283+0000] {processor.py:179} INFO - Processing /home/airflow/.local/lib/python3.8/site-packages/airflow/example_dags/example_local_kubernetes_executor.py took 0.135 seconds
[2023-11-04T17:13:30.030+0000] {processor.py:157} INFO - Started process (PID=287) to work on /home/airflow/.local/lib/python3.8/site-packages/airflow/example_dags/example_local_kubernetes_executor.py
[2023-11-04T17:13:30.032+0000] {processor.py:829} INFO - Processing file /home/airflow/.local/lib/python3.8/site-packages/airflow/example_dags/example_local_kubernetes_executor.py for tasks to queue
[2023-11-04T17:13:30.034+0000] {logging_mixin.py:151} INFO - [2023-11-04T17:13:30.033+0000] {dagbag.py:536} INFO - Filling up the DagBag from /home/airflow/.local/lib/python3.8/site-packages/airflow/example_dags/example_local_kubernetes_executor.py
[2023-11-04T17:13:30.050+0000] {processor.py:839} INFO - DAG(s) dict_keys(['example_local_kubernetes_executor']) retrieved from /home/airflow/.local/lib/python3.8/site-packages/airflow/example_dags/example_local_kubernetes_executor.py
[2023-11-04T17:13:30.129+0000] {logging_mixin.py:151} INFO - [2023-11-04T17:13:30.129+0000] {dag.py:2941} INFO - Sync 1 DAGs
[2023-11-04T17:13:30.154+0000] {logging_mixin.py:151} INFO - [2023-11-04T17:13:30.153+0000] {dag.py:3722} INFO - Setting next_dagrun for example_local_kubernetes_executor to None, run_after=None
[2023-11-04T17:13:30.184+0000] {processor.py:179} INFO - Processing /home/airflow/.local/lib/python3.8/site-packages/airflow/example_dags/example_local_kubernetes_executor.py took 0.158 seconds
[2023-11-04T17:14:00.237+0000] {processor.py:157} INFO - Started process (PID=525) to work on /home/airflow/.local/lib/python3.8/site-packages/airflow/example_dags/example_local_kubernetes_executor.py
[2023-11-04T17:14:00.241+0000] {processor.py:829} INFO - Processing file /home/airflow/.local/lib/python3.8/site-packages/airflow/example_dags/example_local_kubernetes_executor.py for tasks to queue
[2023-11-04T17:14:00.243+0000] {logging_mixin.py:151} INFO - [2023-11-04T17:14:00.242+0000] {dagbag.py:536} INFO - Filling up the DagBag from /home/airflow/.local/lib/python3.8/site-packages/airflow/example_dags/example_local_kubernetes_executor.py
[2023-11-04T17:14:00.258+0000] {processor.py:839} INFO - DAG(s) dict_keys(['example_local_kubernetes_executor']) retrieved from /home/airflow/.local/lib/python3.8/site-packages/airflow/example_dags/example_local_kubernetes_executor.py
[2023-11-04T17:14:00.277+0000] {logging_mixin.py:151} INFO - [2023-11-04T17:14:00.277+0000] {dag.py:2941} INFO - Sync 1 DAGs
[2023-11-04T17:14:00.305+0000] {logging_mixin.py:151} INFO - [2023-11-04T17:14:00.305+0000] {dag.py:3722} INFO - Setting next_dagrun for example_local_kubernetes_executor to None, run_after=None
[2023-11-04T17:14:00.343+0000] {processor.py:179} INFO - Processing /home/airflow/.local/lib/python3.8/site-packages/airflow/example_dags/example_local_kubernetes_executor.py took 0.111 seconds
[2023-11-04T17:14:30.429+0000] {processor.py:157} INFO - Started process (PID=763) to work on /home/airflow/.local/lib/python3.8/site-packages/airflow/example_dags/example_local_kubernetes_executor.py
[2023-11-04T17:14:30.431+0000] {processor.py:829} INFO - Processing file /home/airflow/.local/lib/python3.8/site-packages/airflow/example_dags/example_local_kubernetes_executor.py for tasks to queue
[2023-11-04T17:14:30.433+0000] {logging_mixin.py:151} INFO - [2023-11-04T17:14:30.432+0000] {dagbag.py:536} INFO - Filling up the DagBag from /home/airflow/.local/lib/python3.8/site-packages/airflow/example_dags/example_local_kubernetes_executor.py
[2023-11-04T17:14:30.443+0000] {processor.py:839} INFO - DAG(s) dict_keys(['example_local_kubernetes_executor']) retrieved from /home/airflow/.local/lib/python3.8/site-packages/airflow/example_dags/example_local_kubernetes_executor.py
[2023-11-04T17:14:30.462+0000] {logging_mixin.py:151} INFO - [2023-11-04T17:14:30.462+0000] {dag.py:2941} INFO - Sync 1 DAGs
[2023-11-04T17:14:30.484+0000] {logging_mixin.py:151} INFO - [2023-11-04T17:14:30.484+0000] {dag.py:3722} INFO - Setting next_dagrun for example_local_kubernetes_executor to None, run_after=None
[2023-11-04T17:14:30.514+0000] {processor.py:179} INFO - Processing /home/airflow/.local/lib/python3.8/site-packages/airflow/example_dags/example_local_kubernetes_executor.py took 0.090 seconds
[2023-11-04T17:15:01.035+0000] {processor.py:157} INFO - Started process (PID=1001) to work on /home/airflow/.local/lib/python3.8/site-packages/airflow/example_dags/example_local_kubernetes_executor.py
[2023-11-04T17:15:01.036+0000] {processor.py:829} INFO - Processing file /home/airflow/.local/lib/python3.8/site-packages/airflow/example_dags/example_local_kubernetes_executor.py for tasks to queue
[2023-11-04T17:15:01.038+0000] {logging_mixin.py:151} INFO - [2023-11-04T17:15:01.038+0000] {dagbag.py:536} INFO - Filling up the DagBag from /home/airflow/.local/lib/python3.8/site-packages/airflow/example_dags/example_local_kubernetes_executor.py
[2023-11-04T17:15:01.049+0000] {processor.py:839} INFO - DAG(s) dict_keys(['example_local_kubernetes_executor']) retrieved from /home/airflow/.local/lib/python3.8/site-packages/airflow/example_dags/example_local_kubernetes_executor.py
[2023-11-04T17:15:01.103+0000] {logging_mixin.py:151} INFO - [2023-11-04T17:15:01.103+0000] {dag.py:2941} INFO - Sync 1 DAGs
[2023-11-04T17:15:01.127+0000] {logging_mixin.py:151} INFO - [2023-11-04T17:15:01.127+0000] {dag.py:3722} INFO - Setting next_dagrun for example_local_kubernetes_executor to None, run_after=None
[2023-11-04T17:15:01.164+0000] {processor.py:179} INFO - Processing /home/airflow/.local/lib/python3.8/site-packages/airflow/example_dags/example_local_kubernetes_executor.py took 0.134 seconds
[2023-11-04T17:15:32.053+0000] {processor.py:157} INFO - Started process (PID=1239) to work on /home/airflow/.local/lib/python3.8/site-packages/airflow/example_dags/example_local_kubernetes_executor.py
[2023-11-04T17:15:32.055+0000] {processor.py:829} INFO - Processing file /home/airflow/.local/lib/python3.8/site-packages/airflow/example_dags/example_local_kubernetes_executor.py for tasks to queue
[2023-11-04T17:15:32.057+0000] {logging_mixin.py:151} INFO - [2023-11-04T17:15:32.056+0000] {dagbag.py:536} INFO - Filling up the DagBag from /home/airflow/.local/lib/python3.8/site-packages/airflow/example_dags/example_local_kubernetes_executor.py
[2023-11-04T17:15:32.069+0000] {processor.py:839} INFO - DAG(s) dict_keys(['example_local_kubernetes_executor']) retrieved from /home/airflow/.local/lib/python3.8/site-packages/airflow/example_dags/example_local_kubernetes_executor.py
[2023-11-04T17:15:32.121+0000] {logging_mixin.py:151} INFO - [2023-11-04T17:15:32.121+0000] {dag.py:2941} INFO - Sync 1 DAGs
[2023-11-04T17:15:32.140+0000] {logging_mixin.py:151} INFO - [2023-11-04T17:15:32.140+0000] {dag.py:3722} INFO - Setting next_dagrun for example_local_kubernetes_executor to None, run_after=None
[2023-11-04T17:15:32.167+0000] {processor.py:179} INFO - Processing /home/airflow/.local/lib/python3.8/site-packages/airflow/example_dags/example_local_kubernetes_executor.py took 0.119 seconds
[2023-11-04T17:16:03.209+0000] {processor.py:157} INFO - Started process (PID=1503) to work on /home/airflow/.local/lib/python3.8/site-packages/airflow/example_dags/example_local_kubernetes_executor.py
[2023-11-04T17:16:03.210+0000] {processor.py:829} INFO - Processing file /home/airflow/.local/lib/python3.8/site-packages/airflow/example_dags/example_local_kubernetes_executor.py for tasks to queue
[2023-11-04T17:16:03.212+0000] {logging_mixin.py:151} INFO - [2023-11-04T17:16:03.211+0000] {dagbag.py:536} INFO - Filling up the DagBag from /home/airflow/.local/lib/python3.8/site-packages/airflow/example_dags/example_local_kubernetes_executor.py
[2023-11-04T17:16:03.227+0000] {processor.py:839} INFO - DAG(s) dict_keys(['example_local_kubernetes_executor']) retrieved from /home/airflow/.local/lib/python3.8/site-packages/airflow/example_dags/example_local_kubernetes_executor.py
[2023-11-04T17:16:03.328+0000] {logging_mixin.py:151} INFO - [2023-11-04T17:16:03.328+0000] {dag.py:2941} INFO - Sync 1 DAGs
[2023-11-04T17:16:03.353+0000] {logging_mixin.py:151} INFO - [2023-11-04T17:16:03.352+0000] {dag.py:3722} INFO - Setting next_dagrun for example_local_kubernetes_executor to None, run_after=None
[2023-11-04T17:16:03.395+0000] {processor.py:179} INFO - Processing /home/airflow/.local/lib/python3.8/site-packages/airflow/example_dags/example_local_kubernetes_executor.py took 0.193 seconds
[2023-11-04T17:16:33.586+0000] {processor.py:157} INFO - Started process (PID=1740) to work on /home/airflow/.local/lib/python3.8/site-packages/airflow/example_dags/example_local_kubernetes_executor.py
[2023-11-04T17:16:33.587+0000] {processor.py:829} INFO - Processing file /home/airflow/.local/lib/python3.8/site-packages/airflow/example_dags/example_local_kubernetes_executor.py for tasks to queue
[2023-11-04T17:16:33.589+0000] {logging_mixin.py:151} INFO - [2023-11-04T17:16:33.588+0000] {dagbag.py:536} INFO - Filling up the DagBag from /home/airflow/.local/lib/python3.8/site-packages/airflow/example_dags/example_local_kubernetes_executor.py
[2023-11-04T17:16:33.599+0000] {processor.py:839} INFO - DAG(s) dict_keys(['example_local_kubernetes_executor']) retrieved from /home/airflow/.local/lib/python3.8/site-packages/airflow/example_dags/example_local_kubernetes_executor.py
[2023-11-04T17:16:33.650+0000] {logging_mixin.py:151} INFO - [2023-11-04T17:16:33.650+0000] {dag.py:2941} INFO - Sync 1 DAGs
[2023-11-04T17:16:33.671+0000] {logging_mixin.py:151} INFO - [2023-11-04T17:16:33.670+0000] {dag.py:3722} INFO - Setting next_dagrun for example_local_kubernetes_executor to None, run_after=None
[2023-11-04T17:16:33.703+0000] {processor.py:179} INFO - Processing /home/airflow/.local/lib/python3.8/site-packages/airflow/example_dags/example_local_kubernetes_executor.py took 0.122 seconds
[2023-11-04T17:17:04.478+0000] {processor.py:157} INFO - Started process (PID=1980) to work on /home/airflow/.local/lib/python3.8/site-packages/airflow/example_dags/example_local_kubernetes_executor.py
[2023-11-04T17:17:04.480+0000] {processor.py:829} INFO - Processing file /home/airflow/.local/lib/python3.8/site-packages/airflow/example_dags/example_local_kubernetes_executor.py for tasks to queue
[2023-11-04T17:17:04.481+0000] {logging_mixin.py:151} INFO - [2023-11-04T17:17:04.481+0000] {dagbag.py:536} INFO - Filling up the DagBag from /home/airflow/.local/lib/python3.8/site-packages/airflow/example_dags/example_local_kubernetes_executor.py
[2023-11-04T17:17:04.492+0000] {processor.py:839} INFO - DAG(s) dict_keys(['example_local_kubernetes_executor']) retrieved from /home/airflow/.local/lib/python3.8/site-packages/airflow/example_dags/example_local_kubernetes_executor.py
[2023-11-04T17:17:04.544+0000] {logging_mixin.py:151} INFO - [2023-11-04T17:17:04.543+0000] {dag.py:2941} INFO - Sync 1 DAGs
[2023-11-04T17:17:04.562+0000] {logging_mixin.py:151} INFO - [2023-11-04T17:17:04.562+0000] {dag.py:3722} INFO - Setting next_dagrun for example_local_kubernetes_executor to None, run_after=None
[2023-11-04T17:17:04.589+0000] {processor.py:179} INFO - Processing /home/airflow/.local/lib/python3.8/site-packages/airflow/example_dags/example_local_kubernetes_executor.py took 0.115 seconds
[2023-11-04T17:17:34.666+0000] {processor.py:157} INFO - Started process (PID=2216) to work on /home/airflow/.local/lib/python3.8/site-packages/airflow/example_dags/example_local_kubernetes_executor.py
[2023-11-04T17:17:34.667+0000] {processor.py:829} INFO - Processing file /home/airflow/.local/lib/python3.8/site-packages/airflow/example_dags/example_local_kubernetes_executor.py for tasks to queue
[2023-11-04T17:17:34.669+0000] {logging_mixin.py:151} INFO - [2023-11-04T17:17:34.669+0000] {dagbag.py:536} INFO - Filling up the DagBag from /home/airflow/.local/lib/python3.8/site-packages/airflow/example_dags/example_local_kubernetes_executor.py
[2023-11-04T17:17:34.683+0000] {processor.py:839} INFO - DAG(s) dict_keys(['example_local_kubernetes_executor']) retrieved from /home/airflow/.local/lib/python3.8/site-packages/airflow/example_dags/example_local_kubernetes_executor.py
[2023-11-04T17:17:34.748+0000] {logging_mixin.py:151} INFO - [2023-11-04T17:17:34.748+0000] {dag.py:2941} INFO - Sync 1 DAGs
[2023-11-04T17:17:34.767+0000] {logging_mixin.py:151} INFO - [2023-11-04T17:17:34.767+0000] {dag.py:3722} INFO - Setting next_dagrun for example_local_kubernetes_executor to None, run_after=None
[2023-11-04T17:17:34.798+0000] {processor.py:179} INFO - Processing /home/airflow/.local/lib/python3.8/site-packages/airflow/example_dags/example_local_kubernetes_executor.py took 0.137 seconds
[2023-11-04T17:18:04.906+0000] {processor.py:157} INFO - Started process (PID=2454) to work on /home/airflow/.local/lib/python3.8/site-packages/airflow/example_dags/example_local_kubernetes_executor.py
[2023-11-04T17:18:04.908+0000] {processor.py:829} INFO - Processing file /home/airflow/.local/lib/python3.8/site-packages/airflow/example_dags/example_local_kubernetes_executor.py for tasks to queue
[2023-11-04T17:18:04.910+0000] {logging_mixin.py:151} INFO - [2023-11-04T17:18:04.909+0000] {dagbag.py:536} INFO - Filling up the DagBag from /home/airflow/.local/lib/python3.8/site-packages/airflow/example_dags/example_local_kubernetes_executor.py
[2023-11-04T17:18:04.922+0000] {processor.py:839} INFO - DAG(s) dict_keys(['example_local_kubernetes_executor']) retrieved from /home/airflow/.local/lib/python3.8/site-packages/airflow/example_dags/example_local_kubernetes_executor.py
[2023-11-04T17:18:04.974+0000] {logging_mixin.py:151} INFO - [2023-11-04T17:18:04.973+0000] {dag.py:2941} INFO - Sync 1 DAGs
[2023-11-04T17:18:04.994+0000] {logging_mixin.py:151} INFO - [2023-11-04T17:18:04.994+0000] {dag.py:3722} INFO - Setting next_dagrun for example_local_kubernetes_executor to None, run_after=None
[2023-11-04T17:18:05.032+0000] {processor.py:179} INFO - Processing /home/airflow/.local/lib/python3.8/site-packages/airflow/example_dags/example_local_kubernetes_executor.py took 0.130 seconds
[2023-11-04T17:18:35.623+0000] {processor.py:157} INFO - Started process (PID=2699) to work on /home/airflow/.local/lib/python3.8/site-packages/airflow/example_dags/example_local_kubernetes_executor.py
[2023-11-04T17:18:35.625+0000] {processor.py:829} INFO - Processing file /home/airflow/.local/lib/python3.8/site-packages/airflow/example_dags/example_local_kubernetes_executor.py for tasks to queue
[2023-11-04T17:18:35.627+0000] {logging_mixin.py:151} INFO - [2023-11-04T17:18:35.626+0000] {dagbag.py:536} INFO - Filling up the DagBag from /home/airflow/.local/lib/python3.8/site-packages/airflow/example_dags/example_local_kubernetes_executor.py
[2023-11-04T17:18:35.638+0000] {processor.py:839} INFO - DAG(s) dict_keys(['example_local_kubernetes_executor']) retrieved from /home/airflow/.local/lib/python3.8/site-packages/airflow/example_dags/example_local_kubernetes_executor.py
[2023-11-04T17:18:35.689+0000] {logging_mixin.py:151} INFO - [2023-11-04T17:18:35.689+0000] {dag.py:2941} INFO - Sync 1 DAGs
[2023-11-04T17:18:35.708+0000] {logging_mixin.py:151} INFO - [2023-11-04T17:18:35.708+0000] {dag.py:3722} INFO - Setting next_dagrun for example_local_kubernetes_executor to None, run_after=None
[2023-11-04T17:18:35.736+0000] {processor.py:179} INFO - Processing /home/airflow/.local/lib/python3.8/site-packages/airflow/example_dags/example_local_kubernetes_executor.py took 0.120 seconds
[2023-11-04T17:19:05.985+0000] {processor.py:157} INFO - Started process (PID=2939) to work on /home/airflow/.local/lib/python3.8/site-packages/airflow/example_dags/example_local_kubernetes_executor.py
[2023-11-04T17:19:05.987+0000] {processor.py:829} INFO - Processing file /home/airflow/.local/lib/python3.8/site-packages/airflow/example_dags/example_local_kubernetes_executor.py for tasks to queue
[2023-11-04T17:19:05.989+0000] {logging_mixin.py:151} INFO - [2023-11-04T17:19:05.989+0000] {dagbag.py:536} INFO - Filling up the DagBag from /home/airflow/.local/lib/python3.8/site-packages/airflow/example_dags/example_local_kubernetes_executor.py
[2023-11-04T17:19:06.001+0000] {processor.py:839} INFO - DAG(s) dict_keys(['example_local_kubernetes_executor']) retrieved from /home/airflow/.local/lib/python3.8/site-packages/airflow/example_dags/example_local_kubernetes_executor.py
[2023-11-04T17:19:06.056+0000] {logging_mixin.py:151} INFO - [2023-11-04T17:19:06.056+0000] {dag.py:2941} INFO - Sync 1 DAGs
[2023-11-04T17:19:06.075+0000] {logging_mixin.py:151} INFO - [2023-11-04T17:19:06.075+0000] {dag.py:3722} INFO - Setting next_dagrun for example_local_kubernetes_executor to None, run_after=None
[2023-11-04T17:19:06.104+0000] {processor.py:179} INFO - Processing /home/airflow/.local/lib/python3.8/site-packages/airflow/example_dags/example_local_kubernetes_executor.py took 0.123 seconds
[2023-11-04T17:19:36.340+0000] {processor.py:157} INFO - Started process (PID=3175) to work on /home/airflow/.local/lib/python3.8/site-packages/airflow/example_dags/example_local_kubernetes_executor.py
[2023-11-04T17:19:36.342+0000] {processor.py:829} INFO - Processing file /home/airflow/.local/lib/python3.8/site-packages/airflow/example_dags/example_local_kubernetes_executor.py for tasks to queue
[2023-11-04T17:19:36.343+0000] {logging_mixin.py:151} INFO - [2023-11-04T17:19:36.343+0000] {dagbag.py:536} INFO - Filling up the DagBag from /home/airflow/.local/lib/python3.8/site-packages/airflow/example_dags/example_local_kubernetes_executor.py
[2023-11-04T17:19:36.354+0000] {processor.py:839} INFO - DAG(s) dict_keys(['example_local_kubernetes_executor']) retrieved from /home/airflow/.local/lib/python3.8/site-packages/airflow/example_dags/example_local_kubernetes_executor.py
[2023-11-04T17:19:36.409+0000] {logging_mixin.py:151} INFO - [2023-11-04T17:19:36.409+0000] {dag.py:2941} INFO - Sync 1 DAGs
[2023-11-04T17:19:36.429+0000] {logging_mixin.py:151} INFO - [2023-11-04T17:19:36.429+0000] {dag.py:3722} INFO - Setting next_dagrun for example_local_kubernetes_executor to None, run_after=None
[2023-11-04T17:19:36.459+0000] {processor.py:179} INFO - Processing /home/airflow/.local/lib/python3.8/site-packages/airflow/example_dags/example_local_kubernetes_executor.py took 0.123 seconds
[2023-11-04T17:20:06.960+0000] {processor.py:157} INFO - Started process (PID=3413) to work on /home/airflow/.local/lib/python3.8/site-packages/airflow/example_dags/example_local_kubernetes_executor.py
[2023-11-04T17:20:06.961+0000] {processor.py:829} INFO - Processing file /home/airflow/.local/lib/python3.8/site-packages/airflow/example_dags/example_local_kubernetes_executor.py for tasks to queue
[2023-11-04T17:20:06.962+0000] {logging_mixin.py:151} INFO - [2023-11-04T17:20:06.962+0000] {dagbag.py:536} INFO - Filling up the DagBag from /home/airflow/.local/lib/python3.8/site-packages/airflow/example_dags/example_local_kubernetes_executor.py
[2023-11-04T17:20:06.973+0000] {processor.py:839} INFO - DAG(s) dict_keys(['example_local_kubernetes_executor']) retrieved from /home/airflow/.local/lib/python3.8/site-packages/airflow/example_dags/example_local_kubernetes_executor.py
[2023-11-04T17:20:07.025+0000] {logging_mixin.py:151} INFO - [2023-11-04T17:20:07.024+0000] {dag.py:2941} INFO - Sync 1 DAGs
[2023-11-04T17:20:07.043+0000] {logging_mixin.py:151} INFO - [2023-11-04T17:20:07.043+0000] {dag.py:3722} INFO - Setting next_dagrun for example_local_kubernetes_executor to None, run_after=None
[2023-11-04T17:20:07.072+0000] {processor.py:179} INFO - Processing /home/airflow/.local/lib/python3.8/site-packages/airflow/example_dags/example_local_kubernetes_executor.py took 0.117 seconds
[2023-11-04T17:20:37.390+0000] {processor.py:157} INFO - Started process (PID=3651) to work on /home/airflow/.local/lib/python3.8/site-packages/airflow/example_dags/example_local_kubernetes_executor.py
[2023-11-04T17:20:37.391+0000] {processor.py:829} INFO - Processing file /home/airflow/.local/lib/python3.8/site-packages/airflow/example_dags/example_local_kubernetes_executor.py for tasks to queue
[2023-11-04T17:20:37.393+0000] {logging_mixin.py:151} INFO - [2023-11-04T17:20:37.393+0000] {dagbag.py:536} INFO - Filling up the DagBag from /home/airflow/.local/lib/python3.8/site-packages/airflow/example_dags/example_local_kubernetes_executor.py
[2023-11-04T17:20:37.404+0000] {processor.py:839} INFO - DAG(s) dict_keys(['example_local_kubernetes_executor']) retrieved from /home/airflow/.local/lib/python3.8/site-packages/airflow/example_dags/example_local_kubernetes_executor.py
[2023-11-04T17:20:37.458+0000] {logging_mixin.py:151} INFO - [2023-11-04T17:20:37.458+0000] {dag.py:2941} INFO - Sync 1 DAGs
[2023-11-04T17:20:37.480+0000] {logging_mixin.py:151} INFO - [2023-11-04T17:20:37.480+0000] {dag.py:3722} INFO - Setting next_dagrun for example_local_kubernetes_executor to None, run_after=None
[2023-11-04T17:20:37.508+0000] {processor.py:179} INFO - Processing /home/airflow/.local/lib/python3.8/site-packages/airflow/example_dags/example_local_kubernetes_executor.py took 0.124 seconds
[2023-11-04T17:21:08.296+0000] {processor.py:157} INFO - Started process (PID=3884) to work on /home/airflow/.local/lib/python3.8/site-packages/airflow/example_dags/example_local_kubernetes_executor.py
[2023-11-04T17:21:08.300+0000] {processor.py:829} INFO - Processing file /home/airflow/.local/lib/python3.8/site-packages/airflow/example_dags/example_local_kubernetes_executor.py for tasks to queue
[2023-11-04T17:21:08.303+0000] {logging_mixin.py:151} INFO - [2023-11-04T17:21:08.302+0000] {dagbag.py:536} INFO - Filling up the DagBag from /home/airflow/.local/lib/python3.8/site-packages/airflow/example_dags/example_local_kubernetes_executor.py
[2023-11-04T17:21:08.344+0000] {processor.py:839} INFO - DAG(s) dict_keys(['example_local_kubernetes_executor']) retrieved from /home/airflow/.local/lib/python3.8/site-packages/airflow/example_dags/example_local_kubernetes_executor.py
[2023-11-04T17:21:08.572+0000] {logging_mixin.py:151} INFO - [2023-11-04T17:21:08.572+0000] {dag.py:2941} INFO - Sync 1 DAGs
[2023-11-04T17:21:08.613+0000] {logging_mixin.py:151} INFO - [2023-11-04T17:21:08.612+0000] {dag.py:3722} INFO - Setting next_dagrun for example_local_kubernetes_executor to None, run_after=None
[2023-11-04T17:21:08.664+0000] {processor.py:179} INFO - Processing /home/airflow/.local/lib/python3.8/site-packages/airflow/example_dags/example_local_kubernetes_executor.py took 0.385 seconds
[2023-11-04T17:21:39.587+0000] {processor.py:157} INFO - Started process (PID=4166) to work on /home/airflow/.local/lib/python3.8/site-packages/airflow/example_dags/example_local_kubernetes_executor.py
[2023-11-04T17:21:39.588+0000] {processor.py:829} INFO - Processing file /home/airflow/.local/lib/python3.8/site-packages/airflow/example_dags/example_local_kubernetes_executor.py for tasks to queue
[2023-11-04T17:21:39.590+0000] {logging_mixin.py:151} INFO - [2023-11-04T17:21:39.589+0000] {dagbag.py:536} INFO - Filling up the DagBag from /home/airflow/.local/lib/python3.8/site-packages/airflow/example_dags/example_local_kubernetes_executor.py
[2023-11-04T17:21:39.603+0000] {processor.py:839} INFO - DAG(s) dict_keys(['example_local_kubernetes_executor']) retrieved from /home/airflow/.local/lib/python3.8/site-packages/airflow/example_dags/example_local_kubernetes_executor.py
[2023-11-04T17:21:39.666+0000] {logging_mixin.py:151} INFO - [2023-11-04T17:21:39.665+0000] {dag.py:2941} INFO - Sync 1 DAGs
[2023-11-04T17:21:39.696+0000] {logging_mixin.py:151} INFO - [2023-11-04T17:21:39.695+0000] {dag.py:3722} INFO - Setting next_dagrun for example_local_kubernetes_executor to None, run_after=None
[2023-11-04T17:21:39.731+0000] {processor.py:179} INFO - Processing /home/airflow/.local/lib/python3.8/site-packages/airflow/example_dags/example_local_kubernetes_executor.py took 0.150 seconds
[2023-11-04T17:22:10.333+0000] {processor.py:157} INFO - Started process (PID=4408) to work on /home/airflow/.local/lib/python3.8/site-packages/airflow/example_dags/example_local_kubernetes_executor.py
[2023-11-04T17:22:10.335+0000] {processor.py:829} INFO - Processing file /home/airflow/.local/lib/python3.8/site-packages/airflow/example_dags/example_local_kubernetes_executor.py for tasks to queue
[2023-11-04T17:22:10.338+0000] {logging_mixin.py:151} INFO - [2023-11-04T17:22:10.337+0000] {dagbag.py:536} INFO - Filling up the DagBag from /home/airflow/.local/lib/python3.8/site-packages/airflow/example_dags/example_local_kubernetes_executor.py
[2023-11-04T17:22:10.355+0000] {processor.py:839} INFO - DAG(s) dict_keys(['example_local_kubernetes_executor']) retrieved from /home/airflow/.local/lib/python3.8/site-packages/airflow/example_dags/example_local_kubernetes_executor.py
[2023-11-04T17:22:10.442+0000] {logging_mixin.py:151} INFO - [2023-11-04T17:22:10.442+0000] {dag.py:2941} INFO - Sync 1 DAGs
[2023-11-04T17:22:10.473+0000] {logging_mixin.py:151} INFO - [2023-11-04T17:22:10.473+0000] {dag.py:3722} INFO - Setting next_dagrun for example_local_kubernetes_executor to None, run_after=None
[2023-11-04T17:22:10.518+0000] {processor.py:179} INFO - Processing /home/airflow/.local/lib/python3.8/site-packages/airflow/example_dags/example_local_kubernetes_executor.py took 0.193 seconds
[2023-11-04T17:22:40.899+0000] {processor.py:157} INFO - Started process (PID=4646) to work on /home/airflow/.local/lib/python3.8/site-packages/airflow/example_dags/example_local_kubernetes_executor.py
[2023-11-04T17:22:40.901+0000] {processor.py:829} INFO - Processing file /home/airflow/.local/lib/python3.8/site-packages/airflow/example_dags/example_local_kubernetes_executor.py for tasks to queue
[2023-11-04T17:22:40.903+0000] {logging_mixin.py:151} INFO - [2023-11-04T17:22:40.902+0000] {dagbag.py:536} INFO - Filling up the DagBag from /home/airflow/.local/lib/python3.8/site-packages/airflow/example_dags/example_local_kubernetes_executor.py
[2023-11-04T17:22:40.921+0000] {processor.py:839} INFO - DAG(s) dict_keys(['example_local_kubernetes_executor']) retrieved from /home/airflow/.local/lib/python3.8/site-packages/airflow/example_dags/example_local_kubernetes_executor.py
[2023-11-04T17:22:41.006+0000] {logging_mixin.py:151} INFO - [2023-11-04T17:22:41.005+0000] {dag.py:2941} INFO - Sync 1 DAGs
[2023-11-04T17:22:41.043+0000] {logging_mixin.py:151} INFO - [2023-11-04T17:22:41.043+0000] {dag.py:3722} INFO - Setting next_dagrun for example_local_kubernetes_executor to None, run_after=None
[2023-11-04T17:22:41.097+0000] {processor.py:179} INFO - Processing /home/airflow/.local/lib/python3.8/site-packages/airflow/example_dags/example_local_kubernetes_executor.py took 0.207 seconds
