[2023-11-04T16:23:44.907+0000] {processor.py:157} INFO - Started process (PID=195) to work on /home/airflow/.local/lib/python3.8/site-packages/airflow/example_dags/example_setup_teardown.py
[2023-11-04T16:23:44.909+0000] {processor.py:829} INFO - Processing file /home/airflow/.local/lib/python3.8/site-packages/airflow/example_dags/example_setup_teardown.py for tasks to queue
[2023-11-04T16:23:44.911+0000] {logging_mixin.py:151} INFO - [2023-11-04T16:23:44.910+0000] {dagbag.py:536} INFO - Filling up the DagBag from /home/airflow/.local/lib/python3.8/site-packages/airflow/example_dags/example_setup_teardown.py
[2023-11-04T16:23:44.929+0000] {processor.py:839} INFO - DAG(s) dict_keys(['example_setup_teardown']) retrieved from /home/airflow/.local/lib/python3.8/site-packages/airflow/example_dags/example_setup_teardown.py
[2023-11-04T16:23:44.948+0000] {logging_mixin.py:151} INFO - [2023-11-04T16:23:44.947+0000] {dag.py:2941} INFO - Sync 1 DAGs
[2023-11-04T16:23:44.984+0000] {logging_mixin.py:151} INFO - [2023-11-04T16:23:44.984+0000] {dag.py:3722} INFO - Setting next_dagrun for example_setup_teardown to 2023-11-03T16:23:44.983652+00:00, run_after=2023-11-04T16:23:44.983652+00:00
[2023-11-04T16:23:45.013+0000] {processor.py:179} INFO - Processing /home/airflow/.local/lib/python3.8/site-packages/airflow/example_dags/example_setup_teardown.py took 0.111 seconds
[2023-11-04T16:24:15.327+0000] {processor.py:157} INFO - Started process (PID=431) to work on /home/airflow/.local/lib/python3.8/site-packages/airflow/example_dags/example_setup_teardown.py
[2023-11-04T16:24:15.329+0000] {processor.py:829} INFO - Processing file /home/airflow/.local/lib/python3.8/site-packages/airflow/example_dags/example_setup_teardown.py for tasks to queue
[2023-11-04T16:24:15.330+0000] {logging_mixin.py:151} INFO - [2023-11-04T16:24:15.330+0000] {dagbag.py:536} INFO - Filling up the DagBag from /home/airflow/.local/lib/python3.8/site-packages/airflow/example_dags/example_setup_teardown.py
[2023-11-04T16:24:15.342+0000] {processor.py:839} INFO - DAG(s) dict_keys(['example_setup_teardown']) retrieved from /home/airflow/.local/lib/python3.8/site-packages/airflow/example_dags/example_setup_teardown.py
[2023-11-04T16:24:15.374+0000] {logging_mixin.py:151} INFO - [2023-11-04T16:24:15.373+0000] {dag.py:2941} INFO - Sync 1 DAGs
[2023-11-04T16:24:15.407+0000] {logging_mixin.py:151} INFO - [2023-11-04T16:24:15.407+0000] {dag.py:3722} INFO - Setting next_dagrun for example_setup_teardown to 2023-11-03T16:24:15.406872+00:00, run_after=2023-11-04T16:24:15.406872+00:00
[2023-11-04T16:24:15.441+0000] {processor.py:179} INFO - Processing /home/airflow/.local/lib/python3.8/site-packages/airflow/example_dags/example_setup_teardown.py took 0.119 seconds
[2023-11-04T16:24:45.895+0000] {processor.py:157} INFO - Started process (PID=669) to work on /home/airflow/.local/lib/python3.8/site-packages/airflow/example_dags/example_setup_teardown.py
[2023-11-04T16:24:45.897+0000] {processor.py:829} INFO - Processing file /home/airflow/.local/lib/python3.8/site-packages/airflow/example_dags/example_setup_teardown.py for tasks to queue
[2023-11-04T16:24:45.899+0000] {logging_mixin.py:151} INFO - [2023-11-04T16:24:45.898+0000] {dagbag.py:536} INFO - Filling up the DagBag from /home/airflow/.local/lib/python3.8/site-packages/airflow/example_dags/example_setup_teardown.py
[2023-11-04T16:24:45.911+0000] {processor.py:839} INFO - DAG(s) dict_keys(['example_setup_teardown']) retrieved from /home/airflow/.local/lib/python3.8/site-packages/airflow/example_dags/example_setup_teardown.py
[2023-11-04T16:24:45.946+0000] {logging_mixin.py:151} INFO - [2023-11-04T16:24:45.945+0000] {dag.py:2941} INFO - Sync 1 DAGs
[2023-11-04T16:24:45.979+0000] {logging_mixin.py:151} INFO - [2023-11-04T16:24:45.979+0000] {dag.py:3722} INFO - Setting next_dagrun for example_setup_teardown to 2023-11-03T16:24:45.978961+00:00, run_after=2023-11-04T16:24:45.978961+00:00
[2023-11-04T16:24:46.009+0000] {processor.py:179} INFO - Processing /home/airflow/.local/lib/python3.8/site-packages/airflow/example_dags/example_setup_teardown.py took 0.118 seconds
[2023-11-04T16:25:16.161+0000] {processor.py:157} INFO - Started process (PID=907) to work on /home/airflow/.local/lib/python3.8/site-packages/airflow/example_dags/example_setup_teardown.py
[2023-11-04T16:25:16.163+0000] {processor.py:829} INFO - Processing file /home/airflow/.local/lib/python3.8/site-packages/airflow/example_dags/example_setup_teardown.py for tasks to queue
[2023-11-04T16:25:16.164+0000] {logging_mixin.py:151} INFO - [2023-11-04T16:25:16.164+0000] {dagbag.py:536} INFO - Filling up the DagBag from /home/airflow/.local/lib/python3.8/site-packages/airflow/example_dags/example_setup_teardown.py
[2023-11-04T16:25:16.176+0000] {processor.py:839} INFO - DAG(s) dict_keys(['example_setup_teardown']) retrieved from /home/airflow/.local/lib/python3.8/site-packages/airflow/example_dags/example_setup_teardown.py
[2023-11-04T16:25:16.208+0000] {logging_mixin.py:151} INFO - [2023-11-04T16:25:16.208+0000] {dag.py:2941} INFO - Sync 1 DAGs
[2023-11-04T16:25:16.246+0000] {logging_mixin.py:151} INFO - [2023-11-04T16:25:16.246+0000] {dag.py:3722} INFO - Setting next_dagrun for example_setup_teardown to 2023-11-03T16:25:16.246153+00:00, run_after=2023-11-04T16:25:16.246153+00:00
[2023-11-04T16:25:16.281+0000] {processor.py:179} INFO - Processing /home/airflow/.local/lib/python3.8/site-packages/airflow/example_dags/example_setup_teardown.py took 0.125 seconds
[2023-11-04T16:25:46.582+0000] {processor.py:157} INFO - Started process (PID=1145) to work on /home/airflow/.local/lib/python3.8/site-packages/airflow/example_dags/example_setup_teardown.py
[2023-11-04T16:25:46.584+0000] {processor.py:829} INFO - Processing file /home/airflow/.local/lib/python3.8/site-packages/airflow/example_dags/example_setup_teardown.py for tasks to queue
[2023-11-04T16:25:46.586+0000] {logging_mixin.py:151} INFO - [2023-11-04T16:25:46.586+0000] {dagbag.py:536} INFO - Filling up the DagBag from /home/airflow/.local/lib/python3.8/site-packages/airflow/example_dags/example_setup_teardown.py
[2023-11-04T16:25:46.598+0000] {processor.py:839} INFO - DAG(s) dict_keys(['example_setup_teardown']) retrieved from /home/airflow/.local/lib/python3.8/site-packages/airflow/example_dags/example_setup_teardown.py
[2023-11-04T16:25:46.631+0000] {logging_mixin.py:151} INFO - [2023-11-04T16:25:46.630+0000] {dag.py:2941} INFO - Sync 1 DAGs
[2023-11-04T16:25:46.666+0000] {logging_mixin.py:151} INFO - [2023-11-04T16:25:46.666+0000] {dag.py:3722} INFO - Setting next_dagrun for example_setup_teardown to 2023-11-03T16:25:46.665789+00:00, run_after=2023-11-04T16:25:46.665789+00:00
[2023-11-04T16:25:46.698+0000] {processor.py:179} INFO - Processing /home/airflow/.local/lib/python3.8/site-packages/airflow/example_dags/example_setup_teardown.py took 0.121 seconds
[2023-11-04T16:26:17.062+0000] {processor.py:157} INFO - Started process (PID=1383) to work on /home/airflow/.local/lib/python3.8/site-packages/airflow/example_dags/example_setup_teardown.py
[2023-11-04T16:26:17.064+0000] {processor.py:829} INFO - Processing file /home/airflow/.local/lib/python3.8/site-packages/airflow/example_dags/example_setup_teardown.py for tasks to queue
[2023-11-04T16:26:17.066+0000] {logging_mixin.py:151} INFO - [2023-11-04T16:26:17.065+0000] {dagbag.py:536} INFO - Filling up the DagBag from /home/airflow/.local/lib/python3.8/site-packages/airflow/example_dags/example_setup_teardown.py
[2023-11-04T16:26:17.078+0000] {processor.py:839} INFO - DAG(s) dict_keys(['example_setup_teardown']) retrieved from /home/airflow/.local/lib/python3.8/site-packages/airflow/example_dags/example_setup_teardown.py
[2023-11-04T16:26:17.098+0000] {logging_mixin.py:151} INFO - [2023-11-04T16:26:17.098+0000] {dag.py:2941} INFO - Sync 1 DAGs
[2023-11-04T16:26:17.178+0000] {logging_mixin.py:151} INFO - [2023-11-04T16:26:17.177+0000] {dag.py:3722} INFO - Setting next_dagrun for example_setup_teardown to 2023-11-03T16:26:17.177133+00:00, run_after=2023-11-04T16:26:17.177133+00:00
[2023-11-04T16:26:17.220+0000] {processor.py:179} INFO - Processing /home/airflow/.local/lib/python3.8/site-packages/airflow/example_dags/example_setup_teardown.py took 0.163 seconds
[2023-11-04T16:26:47.577+0000] {processor.py:157} INFO - Started process (PID=1621) to work on /home/airflow/.local/lib/python3.8/site-packages/airflow/example_dags/example_setup_teardown.py
[2023-11-04T16:26:47.578+0000] {processor.py:829} INFO - Processing file /home/airflow/.local/lib/python3.8/site-packages/airflow/example_dags/example_setup_teardown.py for tasks to queue
[2023-11-04T16:26:47.580+0000] {logging_mixin.py:151} INFO - [2023-11-04T16:26:47.579+0000] {dagbag.py:536} INFO - Filling up the DagBag from /home/airflow/.local/lib/python3.8/site-packages/airflow/example_dags/example_setup_teardown.py
[2023-11-04T16:26:47.591+0000] {processor.py:839} INFO - DAG(s) dict_keys(['example_setup_teardown']) retrieved from /home/airflow/.local/lib/python3.8/site-packages/airflow/example_dags/example_setup_teardown.py
[2023-11-04T16:26:47.623+0000] {logging_mixin.py:151} INFO - [2023-11-04T16:26:47.622+0000] {dag.py:2941} INFO - Sync 1 DAGs
[2023-11-04T16:26:47.655+0000] {logging_mixin.py:151} INFO - [2023-11-04T16:26:47.655+0000] {dag.py:3722} INFO - Setting next_dagrun for example_setup_teardown to 2023-11-03T16:26:47.655172+00:00, run_after=2023-11-04T16:26:47.655172+00:00
[2023-11-04T16:26:47.682+0000] {processor.py:179} INFO - Processing /home/airflow/.local/lib/python3.8/site-packages/airflow/example_dags/example_setup_teardown.py took 0.111 seconds
[2023-11-04T16:27:18.090+0000] {processor.py:157} INFO - Started process (PID=1861) to work on /home/airflow/.local/lib/python3.8/site-packages/airflow/example_dags/example_setup_teardown.py
[2023-11-04T16:27:18.091+0000] {processor.py:829} INFO - Processing file /home/airflow/.local/lib/python3.8/site-packages/airflow/example_dags/example_setup_teardown.py for tasks to queue
[2023-11-04T16:27:18.093+0000] {logging_mixin.py:151} INFO - [2023-11-04T16:27:18.093+0000] {dagbag.py:536} INFO - Filling up the DagBag from /home/airflow/.local/lib/python3.8/site-packages/airflow/example_dags/example_setup_teardown.py
[2023-11-04T16:27:18.105+0000] {processor.py:839} INFO - DAG(s) dict_keys(['example_setup_teardown']) retrieved from /home/airflow/.local/lib/python3.8/site-packages/airflow/example_dags/example_setup_teardown.py
[2023-11-04T16:27:18.137+0000] {logging_mixin.py:151} INFO - [2023-11-04T16:27:18.137+0000] {dag.py:2941} INFO - Sync 1 DAGs
[2023-11-04T16:27:18.171+0000] {logging_mixin.py:151} INFO - [2023-11-04T16:27:18.170+0000] {dag.py:3722} INFO - Setting next_dagrun for example_setup_teardown to 2023-11-03T16:27:18.170412+00:00, run_after=2023-11-04T16:27:18.170412+00:00
[2023-11-04T16:27:18.203+0000] {processor.py:179} INFO - Processing /home/airflow/.local/lib/python3.8/site-packages/airflow/example_dags/example_setup_teardown.py took 0.118 seconds
[2023-11-04T16:27:48.562+0000] {processor.py:157} INFO - Started process (PID=2100) to work on /home/airflow/.local/lib/python3.8/site-packages/airflow/example_dags/example_setup_teardown.py
[2023-11-04T16:27:48.564+0000] {processor.py:829} INFO - Processing file /home/airflow/.local/lib/python3.8/site-packages/airflow/example_dags/example_setup_teardown.py for tasks to queue
[2023-11-04T16:27:48.565+0000] {logging_mixin.py:151} INFO - [2023-11-04T16:27:48.565+0000] {dagbag.py:536} INFO - Filling up the DagBag from /home/airflow/.local/lib/python3.8/site-packages/airflow/example_dags/example_setup_teardown.py
[2023-11-04T16:27:48.580+0000] {processor.py:839} INFO - DAG(s) dict_keys(['example_setup_teardown']) retrieved from /home/airflow/.local/lib/python3.8/site-packages/airflow/example_dags/example_setup_teardown.py
[2023-11-04T16:27:48.602+0000] {logging_mixin.py:151} INFO - [2023-11-04T16:27:48.602+0000] {dag.py:2941} INFO - Sync 1 DAGs
[2023-11-04T16:27:48.641+0000] {logging_mixin.py:151} INFO - [2023-11-04T16:27:48.641+0000] {dag.py:3722} INFO - Setting next_dagrun for example_setup_teardown to 2023-11-03T16:27:48.640621+00:00, run_after=2023-11-04T16:27:48.640621+00:00
[2023-11-04T16:27:48.674+0000] {processor.py:179} INFO - Processing /home/airflow/.local/lib/python3.8/site-packages/airflow/example_dags/example_setup_teardown.py took 0.119 seconds
[2023-11-04T16:28:19.499+0000] {processor.py:157} INFO - Started process (PID=2336) to work on /home/airflow/.local/lib/python3.8/site-packages/airflow/example_dags/example_setup_teardown.py
[2023-11-04T16:28:19.501+0000] {processor.py:829} INFO - Processing file /home/airflow/.local/lib/python3.8/site-packages/airflow/example_dags/example_setup_teardown.py for tasks to queue
[2023-11-04T16:28:19.503+0000] {logging_mixin.py:151} INFO - [2023-11-04T16:28:19.502+0000] {dagbag.py:536} INFO - Filling up the DagBag from /home/airflow/.local/lib/python3.8/site-packages/airflow/example_dags/example_setup_teardown.py
[2023-11-04T16:28:19.515+0000] {processor.py:839} INFO - DAG(s) dict_keys(['example_setup_teardown']) retrieved from /home/airflow/.local/lib/python3.8/site-packages/airflow/example_dags/example_setup_teardown.py
[2023-11-04T16:28:19.548+0000] {logging_mixin.py:151} INFO - [2023-11-04T16:28:19.548+0000] {dag.py:2941} INFO - Sync 1 DAGs
[2023-11-04T16:28:19.602+0000] {logging_mixin.py:151} INFO - [2023-11-04T16:28:19.602+0000] {dag.py:3722} INFO - Setting next_dagrun for example_setup_teardown to 2023-11-03T16:28:19.601998+00:00, run_after=2023-11-04T16:28:19.601998+00:00
[2023-11-04T16:28:19.644+0000] {processor.py:179} INFO - Processing /home/airflow/.local/lib/python3.8/site-packages/airflow/example_dags/example_setup_teardown.py took 0.149 seconds
[2023-11-04T16:28:50.158+0000] {processor.py:157} INFO - Started process (PID=2574) to work on /home/airflow/.local/lib/python3.8/site-packages/airflow/example_dags/example_setup_teardown.py
[2023-11-04T16:28:50.160+0000] {processor.py:829} INFO - Processing file /home/airflow/.local/lib/python3.8/site-packages/airflow/example_dags/example_setup_teardown.py for tasks to queue
[2023-11-04T16:28:50.161+0000] {logging_mixin.py:151} INFO - [2023-11-04T16:28:50.161+0000] {dagbag.py:536} INFO - Filling up the DagBag from /home/airflow/.local/lib/python3.8/site-packages/airflow/example_dags/example_setup_teardown.py
[2023-11-04T16:28:50.174+0000] {processor.py:839} INFO - DAG(s) dict_keys(['example_setup_teardown']) retrieved from /home/airflow/.local/lib/python3.8/site-packages/airflow/example_dags/example_setup_teardown.py
[2023-11-04T16:28:50.211+0000] {logging_mixin.py:151} INFO - [2023-11-04T16:28:50.211+0000] {dag.py:2941} INFO - Sync 1 DAGs
[2023-11-04T16:28:50.246+0000] {logging_mixin.py:151} INFO - [2023-11-04T16:28:50.246+0000] {dag.py:3722} INFO - Setting next_dagrun for example_setup_teardown to 2023-11-03T16:28:50.246128+00:00, run_after=2023-11-04T16:28:50.246128+00:00
[2023-11-04T16:28:50.278+0000] {processor.py:179} INFO - Processing /home/airflow/.local/lib/python3.8/site-packages/airflow/example_dags/example_setup_teardown.py took 0.125 seconds
[2023-11-04T16:29:20.811+0000] {processor.py:157} INFO - Started process (PID=2812) to work on /home/airflow/.local/lib/python3.8/site-packages/airflow/example_dags/example_setup_teardown.py
[2023-11-04T16:29:20.813+0000] {processor.py:829} INFO - Processing file /home/airflow/.local/lib/python3.8/site-packages/airflow/example_dags/example_setup_teardown.py for tasks to queue
[2023-11-04T16:29:20.815+0000] {logging_mixin.py:151} INFO - [2023-11-04T16:29:20.814+0000] {dagbag.py:536} INFO - Filling up the DagBag from /home/airflow/.local/lib/python3.8/site-packages/airflow/example_dags/example_setup_teardown.py
[2023-11-04T16:29:20.827+0000] {processor.py:839} INFO - DAG(s) dict_keys(['example_setup_teardown']) retrieved from /home/airflow/.local/lib/python3.8/site-packages/airflow/example_dags/example_setup_teardown.py
[2023-11-04T16:29:20.862+0000] {logging_mixin.py:151} INFO - [2023-11-04T16:29:20.862+0000] {dag.py:2941} INFO - Sync 1 DAGs
[2023-11-04T16:29:20.895+0000] {logging_mixin.py:151} INFO - [2023-11-04T16:29:20.894+0000] {dag.py:3722} INFO - Setting next_dagrun for example_setup_teardown to 2023-11-03T16:29:20.894334+00:00, run_after=2023-11-04T16:29:20.894334+00:00
[2023-11-04T16:29:20.929+0000] {processor.py:179} INFO - Processing /home/airflow/.local/lib/python3.8/site-packages/airflow/example_dags/example_setup_teardown.py took 0.123 seconds
[2023-11-04T16:29:51.164+0000] {processor.py:157} INFO - Started process (PID=3050) to work on /home/airflow/.local/lib/python3.8/site-packages/airflow/example_dags/example_setup_teardown.py
[2023-11-04T16:29:51.166+0000] {processor.py:829} INFO - Processing file /home/airflow/.local/lib/python3.8/site-packages/airflow/example_dags/example_setup_teardown.py for tasks to queue
[2023-11-04T16:29:51.167+0000] {logging_mixin.py:151} INFO - [2023-11-04T16:29:51.167+0000] {dagbag.py:536} INFO - Filling up the DagBag from /home/airflow/.local/lib/python3.8/site-packages/airflow/example_dags/example_setup_teardown.py
[2023-11-04T16:29:51.179+0000] {processor.py:839} INFO - DAG(s) dict_keys(['example_setup_teardown']) retrieved from /home/airflow/.local/lib/python3.8/site-packages/airflow/example_dags/example_setup_teardown.py
[2023-11-04T16:29:51.200+0000] {logging_mixin.py:151} INFO - [2023-11-04T16:29:51.199+0000] {dag.py:2941} INFO - Sync 1 DAGs
[2023-11-04T16:29:51.240+0000] {logging_mixin.py:151} INFO - [2023-11-04T16:29:51.240+0000] {dag.py:3722} INFO - Setting next_dagrun for example_setup_teardown to 2023-11-03T16:29:51.240131+00:00, run_after=2023-11-04T16:29:51.240131+00:00
[2023-11-04T16:29:51.271+0000] {processor.py:179} INFO - Processing /home/airflow/.local/lib/python3.8/site-packages/airflow/example_dags/example_setup_teardown.py took 0.111 seconds
[2023-11-04T16:30:21.700+0000] {processor.py:157} INFO - Started process (PID=3288) to work on /home/airflow/.local/lib/python3.8/site-packages/airflow/example_dags/example_setup_teardown.py
[2023-11-04T16:30:21.701+0000] {processor.py:829} INFO - Processing file /home/airflow/.local/lib/python3.8/site-packages/airflow/example_dags/example_setup_teardown.py for tasks to queue
[2023-11-04T16:30:21.703+0000] {logging_mixin.py:151} INFO - [2023-11-04T16:30:21.702+0000] {dagbag.py:536} INFO - Filling up the DagBag from /home/airflow/.local/lib/python3.8/site-packages/airflow/example_dags/example_setup_teardown.py
[2023-11-04T16:30:21.714+0000] {processor.py:839} INFO - DAG(s) dict_keys(['example_setup_teardown']) retrieved from /home/airflow/.local/lib/python3.8/site-packages/airflow/example_dags/example_setup_teardown.py
[2023-11-04T16:30:21.746+0000] {logging_mixin.py:151} INFO - [2023-11-04T16:30:21.746+0000] {dag.py:2941} INFO - Sync 1 DAGs
[2023-11-04T16:30:21.780+0000] {logging_mixin.py:151} INFO - [2023-11-04T16:30:21.779+0000] {dag.py:3722} INFO - Setting next_dagrun for example_setup_teardown to 2023-11-03T16:30:21.779514+00:00, run_after=2023-11-04T16:30:21.779514+00:00
[2023-11-04T16:30:21.808+0000] {processor.py:179} INFO - Processing /home/airflow/.local/lib/python3.8/site-packages/airflow/example_dags/example_setup_teardown.py took 0.113 seconds
[2023-11-04T16:30:52.488+0000] {processor.py:157} INFO - Started process (PID=3528) to work on /home/airflow/.local/lib/python3.8/site-packages/airflow/example_dags/example_setup_teardown.py
[2023-11-04T16:30:52.491+0000] {processor.py:829} INFO - Processing file /home/airflow/.local/lib/python3.8/site-packages/airflow/example_dags/example_setup_teardown.py for tasks to queue
[2023-11-04T16:30:52.511+0000] {logging_mixin.py:151} INFO - [2023-11-04T16:30:52.511+0000] {dagbag.py:536} INFO - Filling up the DagBag from /home/airflow/.local/lib/python3.8/site-packages/airflow/example_dags/example_setup_teardown.py
[2023-11-04T16:30:52.536+0000] {processor.py:839} INFO - DAG(s) dict_keys(['example_setup_teardown']) retrieved from /home/airflow/.local/lib/python3.8/site-packages/airflow/example_dags/example_setup_teardown.py
[2023-11-04T16:30:52.607+0000] {logging_mixin.py:151} INFO - [2023-11-04T16:30:52.607+0000] {dag.py:2941} INFO - Sync 1 DAGs
[2023-11-04T16:30:52.682+0000] {logging_mixin.py:151} INFO - [2023-11-04T16:30:52.681+0000] {dag.py:3722} INFO - Setting next_dagrun for example_setup_teardown to 2023-11-03T16:30:52.680955+00:00, run_after=2023-11-04T16:30:52.680955+00:00
[2023-11-04T16:30:52.736+0000] {processor.py:179} INFO - Processing /home/airflow/.local/lib/python3.8/site-packages/airflow/example_dags/example_setup_teardown.py took 0.258 seconds
[2023-11-04T16:31:23.290+0000] {processor.py:157} INFO - Started process (PID=3766) to work on /home/airflow/.local/lib/python3.8/site-packages/airflow/example_dags/example_setup_teardown.py
[2023-11-04T16:31:23.292+0000] {processor.py:829} INFO - Processing file /home/airflow/.local/lib/python3.8/site-packages/airflow/example_dags/example_setup_teardown.py for tasks to queue
[2023-11-04T16:31:23.293+0000] {logging_mixin.py:151} INFO - [2023-11-04T16:31:23.293+0000] {dagbag.py:536} INFO - Filling up the DagBag from /home/airflow/.local/lib/python3.8/site-packages/airflow/example_dags/example_setup_teardown.py
[2023-11-04T16:31:23.304+0000] {processor.py:839} INFO - DAG(s) dict_keys(['example_setup_teardown']) retrieved from /home/airflow/.local/lib/python3.8/site-packages/airflow/example_dags/example_setup_teardown.py
[2023-11-04T16:31:23.337+0000] {logging_mixin.py:151} INFO - [2023-11-04T16:31:23.336+0000] {dag.py:2941} INFO - Sync 1 DAGs
[2023-11-04T16:31:23.371+0000] {logging_mixin.py:151} INFO - [2023-11-04T16:31:23.371+0000] {dag.py:3722} INFO - Setting next_dagrun for example_setup_teardown to 2023-11-03T16:31:23.371065+00:00, run_after=2023-11-04T16:31:23.371065+00:00
[2023-11-04T16:31:23.406+0000] {processor.py:179} INFO - Processing /home/airflow/.local/lib/python3.8/site-packages/airflow/example_dags/example_setup_teardown.py took 0.120 seconds
[2023-11-04T16:31:53.829+0000] {processor.py:157} INFO - Started process (PID=4004) to work on /home/airflow/.local/lib/python3.8/site-packages/airflow/example_dags/example_setup_teardown.py
[2023-11-04T16:31:53.831+0000] {processor.py:829} INFO - Processing file /home/airflow/.local/lib/python3.8/site-packages/airflow/example_dags/example_setup_teardown.py for tasks to queue
[2023-11-04T16:31:53.832+0000] {logging_mixin.py:151} INFO - [2023-11-04T16:31:53.832+0000] {dagbag.py:536} INFO - Filling up the DagBag from /home/airflow/.local/lib/python3.8/site-packages/airflow/example_dags/example_setup_teardown.py
[2023-11-04T16:31:53.844+0000] {processor.py:839} INFO - DAG(s) dict_keys(['example_setup_teardown']) retrieved from /home/airflow/.local/lib/python3.8/site-packages/airflow/example_dags/example_setup_teardown.py
[2023-11-04T16:31:53.864+0000] {logging_mixin.py:151} INFO - [2023-11-04T16:31:53.864+0000] {dag.py:2941} INFO - Sync 1 DAGs
[2023-11-04T16:31:53.901+0000] {logging_mixin.py:151} INFO - [2023-11-04T16:31:53.900+0000] {dag.py:3722} INFO - Setting next_dagrun for example_setup_teardown to 2023-11-03T16:31:53.900601+00:00, run_after=2023-11-04T16:31:53.900601+00:00
[2023-11-04T16:31:53.930+0000] {processor.py:179} INFO - Processing /home/airflow/.local/lib/python3.8/site-packages/airflow/example_dags/example_setup_teardown.py took 0.106 seconds
[2023-11-04T16:32:24.464+0000] {processor.py:157} INFO - Started process (PID=4240) to work on /home/airflow/.local/lib/python3.8/site-packages/airflow/example_dags/example_setup_teardown.py
[2023-11-04T16:32:24.466+0000] {processor.py:829} INFO - Processing file /home/airflow/.local/lib/python3.8/site-packages/airflow/example_dags/example_setup_teardown.py for tasks to queue
[2023-11-04T16:32:24.468+0000] {logging_mixin.py:151} INFO - [2023-11-04T16:32:24.467+0000] {dagbag.py:536} INFO - Filling up the DagBag from /home/airflow/.local/lib/python3.8/site-packages/airflow/example_dags/example_setup_teardown.py
[2023-11-04T16:32:24.483+0000] {processor.py:839} INFO - DAG(s) dict_keys(['example_setup_teardown']) retrieved from /home/airflow/.local/lib/python3.8/site-packages/airflow/example_dags/example_setup_teardown.py
[2023-11-04T16:32:24.527+0000] {logging_mixin.py:151} INFO - [2023-11-04T16:32:24.527+0000] {dag.py:2941} INFO - Sync 1 DAGs
[2023-11-04T16:32:24.564+0000] {logging_mixin.py:151} INFO - [2023-11-04T16:32:24.564+0000] {dag.py:3722} INFO - Setting next_dagrun for example_setup_teardown to 2023-11-03T16:32:24.563690+00:00, run_after=2023-11-04T16:32:24.563690+00:00
[2023-11-04T16:32:24.603+0000] {processor.py:179} INFO - Processing /home/airflow/.local/lib/python3.8/site-packages/airflow/example_dags/example_setup_teardown.py took 0.145 seconds
[2023-11-04T16:32:54.706+0000] {processor.py:157} INFO - Started process (PID=4478) to work on /home/airflow/.local/lib/python3.8/site-packages/airflow/example_dags/example_setup_teardown.py
[2023-11-04T16:32:54.708+0000] {processor.py:829} INFO - Processing file /home/airflow/.local/lib/python3.8/site-packages/airflow/example_dags/example_setup_teardown.py for tasks to queue
[2023-11-04T16:32:54.709+0000] {logging_mixin.py:151} INFO - [2023-11-04T16:32:54.709+0000] {dagbag.py:536} INFO - Filling up the DagBag from /home/airflow/.local/lib/python3.8/site-packages/airflow/example_dags/example_setup_teardown.py
[2023-11-04T16:32:54.722+0000] {processor.py:839} INFO - DAG(s) dict_keys(['example_setup_teardown']) retrieved from /home/airflow/.local/lib/python3.8/site-packages/airflow/example_dags/example_setup_teardown.py
[2023-11-04T16:32:54.756+0000] {logging_mixin.py:151} INFO - [2023-11-04T16:32:54.756+0000] {dag.py:2941} INFO - Sync 1 DAGs
[2023-11-04T16:32:54.791+0000] {logging_mixin.py:151} INFO - [2023-11-04T16:32:54.790+0000] {dag.py:3722} INFO - Setting next_dagrun for example_setup_teardown to 2023-11-03T16:32:54.790530+00:00, run_after=2023-11-04T16:32:54.790530+00:00
[2023-11-04T16:32:54.822+0000] {processor.py:179} INFO - Processing /home/airflow/.local/lib/python3.8/site-packages/airflow/example_dags/example_setup_teardown.py took 0.121 seconds
[2023-11-04T16:33:24.953+0000] {processor.py:157} INFO - Started process (PID=4716) to work on /home/airflow/.local/lib/python3.8/site-packages/airflow/example_dags/example_setup_teardown.py
[2023-11-04T16:33:24.955+0000] {processor.py:829} INFO - Processing file /home/airflow/.local/lib/python3.8/site-packages/airflow/example_dags/example_setup_teardown.py for tasks to queue
[2023-11-04T16:33:24.956+0000] {logging_mixin.py:151} INFO - [2023-11-04T16:33:24.956+0000] {dagbag.py:536} INFO - Filling up the DagBag from /home/airflow/.local/lib/python3.8/site-packages/airflow/example_dags/example_setup_teardown.py
[2023-11-04T16:33:24.968+0000] {processor.py:839} INFO - DAG(s) dict_keys(['example_setup_teardown']) retrieved from /home/airflow/.local/lib/python3.8/site-packages/airflow/example_dags/example_setup_teardown.py
[2023-11-04T16:33:25.003+0000] {logging_mixin.py:151} INFO - [2023-11-04T16:33:25.003+0000] {dag.py:2941} INFO - Sync 1 DAGs
[2023-11-04T16:33:25.037+0000] {logging_mixin.py:151} INFO - [2023-11-04T16:33:25.036+0000] {dag.py:3722} INFO - Setting next_dagrun for example_setup_teardown to 2023-11-03T16:33:25.036491+00:00, run_after=2023-11-04T16:33:25.036491+00:00
[2023-11-04T16:33:25.065+0000] {processor.py:179} INFO - Processing /home/airflow/.local/lib/python3.8/site-packages/airflow/example_dags/example_setup_teardown.py took 0.117 seconds
[2023-11-04T16:33:55.126+0000] {processor.py:157} INFO - Started process (PID=4954) to work on /home/airflow/.local/lib/python3.8/site-packages/airflow/example_dags/example_setup_teardown.py
[2023-11-04T16:33:55.127+0000] {processor.py:829} INFO - Processing file /home/airflow/.local/lib/python3.8/site-packages/airflow/example_dags/example_setup_teardown.py for tasks to queue
[2023-11-04T16:33:55.129+0000] {logging_mixin.py:151} INFO - [2023-11-04T16:33:55.128+0000] {dagbag.py:536} INFO - Filling up the DagBag from /home/airflow/.local/lib/python3.8/site-packages/airflow/example_dags/example_setup_teardown.py
[2023-11-04T16:33:55.141+0000] {processor.py:839} INFO - DAG(s) dict_keys(['example_setup_teardown']) retrieved from /home/airflow/.local/lib/python3.8/site-packages/airflow/example_dags/example_setup_teardown.py
[2023-11-04T16:33:55.174+0000] {logging_mixin.py:151} INFO - [2023-11-04T16:33:55.173+0000] {dag.py:2941} INFO - Sync 1 DAGs
[2023-11-04T16:33:55.207+0000] {logging_mixin.py:151} INFO - [2023-11-04T16:33:55.207+0000] {dag.py:3722} INFO - Setting next_dagrun for example_setup_teardown to 2023-11-03T16:33:55.206714+00:00, run_after=2023-11-04T16:33:55.206714+00:00
[2023-11-04T16:33:55.238+0000] {processor.py:179} INFO - Processing /home/airflow/.local/lib/python3.8/site-packages/airflow/example_dags/example_setup_teardown.py took 0.118 seconds
[2023-11-04T16:34:25.750+0000] {processor.py:157} INFO - Started process (PID=5194) to work on /home/airflow/.local/lib/python3.8/site-packages/airflow/example_dags/example_setup_teardown.py
[2023-11-04T16:34:25.752+0000] {processor.py:829} INFO - Processing file /home/airflow/.local/lib/python3.8/site-packages/airflow/example_dags/example_setup_teardown.py for tasks to queue
[2023-11-04T16:34:25.753+0000] {logging_mixin.py:151} INFO - [2023-11-04T16:34:25.753+0000] {dagbag.py:536} INFO - Filling up the DagBag from /home/airflow/.local/lib/python3.8/site-packages/airflow/example_dags/example_setup_teardown.py
[2023-11-04T16:34:25.767+0000] {processor.py:839} INFO - DAG(s) dict_keys(['example_setup_teardown']) retrieved from /home/airflow/.local/lib/python3.8/site-packages/airflow/example_dags/example_setup_teardown.py
[2023-11-04T16:34:25.802+0000] {logging_mixin.py:151} INFO - [2023-11-04T16:34:25.802+0000] {dag.py:2941} INFO - Sync 1 DAGs
[2023-11-04T16:34:25.839+0000] {logging_mixin.py:151} INFO - [2023-11-04T16:34:25.838+0000] {dag.py:3722} INFO - Setting next_dagrun for example_setup_teardown to 2023-11-03T16:34:25.838169+00:00, run_after=2023-11-04T16:34:25.838169+00:00
[2023-11-04T16:34:25.869+0000] {processor.py:179} INFO - Processing /home/airflow/.local/lib/python3.8/site-packages/airflow/example_dags/example_setup_teardown.py took 0.125 seconds
[2023-11-04T16:34:56.669+0000] {processor.py:157} INFO - Started process (PID=5432) to work on /home/airflow/.local/lib/python3.8/site-packages/airflow/example_dags/example_setup_teardown.py
[2023-11-04T16:34:56.671+0000] {processor.py:829} INFO - Processing file /home/airflow/.local/lib/python3.8/site-packages/airflow/example_dags/example_setup_teardown.py for tasks to queue
[2023-11-04T16:34:56.673+0000] {logging_mixin.py:151} INFO - [2023-11-04T16:34:56.672+0000] {dagbag.py:536} INFO - Filling up the DagBag from /home/airflow/.local/lib/python3.8/site-packages/airflow/example_dags/example_setup_teardown.py
[2023-11-04T16:34:56.687+0000] {processor.py:839} INFO - DAG(s) dict_keys(['example_setup_teardown']) retrieved from /home/airflow/.local/lib/python3.8/site-packages/airflow/example_dags/example_setup_teardown.py
[2023-11-04T16:34:56.722+0000] {logging_mixin.py:151} INFO - [2023-11-04T16:34:56.722+0000] {dag.py:2941} INFO - Sync 1 DAGs
[2023-11-04T16:34:56.757+0000] {logging_mixin.py:151} INFO - [2023-11-04T16:34:56.757+0000] {dag.py:3722} INFO - Setting next_dagrun for example_setup_teardown to 2023-11-03T16:34:56.756815+00:00, run_after=2023-11-04T16:34:56.756815+00:00
[2023-11-04T16:34:56.789+0000] {processor.py:179} INFO - Processing /home/airflow/.local/lib/python3.8/site-packages/airflow/example_dags/example_setup_teardown.py took 0.126 seconds
[2023-11-04T16:35:27.522+0000] {processor.py:157} INFO - Started process (PID=5670) to work on /home/airflow/.local/lib/python3.8/site-packages/airflow/example_dags/example_setup_teardown.py
[2023-11-04T16:35:27.523+0000] {processor.py:829} INFO - Processing file /home/airflow/.local/lib/python3.8/site-packages/airflow/example_dags/example_setup_teardown.py for tasks to queue
[2023-11-04T16:35:27.525+0000] {logging_mixin.py:151} INFO - [2023-11-04T16:35:27.525+0000] {dagbag.py:536} INFO - Filling up the DagBag from /home/airflow/.local/lib/python3.8/site-packages/airflow/example_dags/example_setup_teardown.py
[2023-11-04T16:35:27.536+0000] {processor.py:839} INFO - DAG(s) dict_keys(['example_setup_teardown']) retrieved from /home/airflow/.local/lib/python3.8/site-packages/airflow/example_dags/example_setup_teardown.py
[2023-11-04T16:35:27.567+0000] {logging_mixin.py:151} INFO - [2023-11-04T16:35:27.567+0000] {dag.py:2941} INFO - Sync 1 DAGs
[2023-11-04T16:35:27.599+0000] {logging_mixin.py:151} INFO - [2023-11-04T16:35:27.599+0000] {dag.py:3722} INFO - Setting next_dagrun for example_setup_teardown to 2023-11-03T16:35:27.599381+00:00, run_after=2023-11-04T16:35:27.599381+00:00
[2023-11-04T16:35:27.634+0000] {processor.py:179} INFO - Processing /home/airflow/.local/lib/python3.8/site-packages/airflow/example_dags/example_setup_teardown.py took 0.117 seconds
[2023-11-04T16:35:57.708+0000] {processor.py:157} INFO - Started process (PID=5908) to work on /home/airflow/.local/lib/python3.8/site-packages/airflow/example_dags/example_setup_teardown.py
[2023-11-04T16:35:57.710+0000] {processor.py:829} INFO - Processing file /home/airflow/.local/lib/python3.8/site-packages/airflow/example_dags/example_setup_teardown.py for tasks to queue
[2023-11-04T16:35:57.711+0000] {logging_mixin.py:151} INFO - [2023-11-04T16:35:57.711+0000] {dagbag.py:536} INFO - Filling up the DagBag from /home/airflow/.local/lib/python3.8/site-packages/airflow/example_dags/example_setup_teardown.py
[2023-11-04T16:35:57.723+0000] {processor.py:839} INFO - DAG(s) dict_keys(['example_setup_teardown']) retrieved from /home/airflow/.local/lib/python3.8/site-packages/airflow/example_dags/example_setup_teardown.py
[2023-11-04T16:35:57.754+0000] {logging_mixin.py:151} INFO - [2023-11-04T16:35:57.753+0000] {dag.py:2941} INFO - Sync 1 DAGs
[2023-11-04T16:35:57.787+0000] {logging_mixin.py:151} INFO - [2023-11-04T16:35:57.787+0000] {dag.py:3722} INFO - Setting next_dagrun for example_setup_teardown to 2023-11-03T16:35:57.786860+00:00, run_after=2023-11-04T16:35:57.786860+00:00
[2023-11-04T16:35:57.821+0000] {processor.py:179} INFO - Processing /home/airflow/.local/lib/python3.8/site-packages/airflow/example_dags/example_setup_teardown.py took 0.118 seconds
[2023-11-04T16:36:28.093+0000] {processor.py:157} INFO - Started process (PID=6146) to work on /home/airflow/.local/lib/python3.8/site-packages/airflow/example_dags/example_setup_teardown.py
[2023-11-04T16:36:28.095+0000] {processor.py:829} INFO - Processing file /home/airflow/.local/lib/python3.8/site-packages/airflow/example_dags/example_setup_teardown.py for tasks to queue
[2023-11-04T16:36:28.096+0000] {logging_mixin.py:151} INFO - [2023-11-04T16:36:28.096+0000] {dagbag.py:536} INFO - Filling up the DagBag from /home/airflow/.local/lib/python3.8/site-packages/airflow/example_dags/example_setup_teardown.py
[2023-11-04T16:36:28.108+0000] {processor.py:839} INFO - DAG(s) dict_keys(['example_setup_teardown']) retrieved from /home/airflow/.local/lib/python3.8/site-packages/airflow/example_dags/example_setup_teardown.py
[2023-11-04T16:36:28.140+0000] {logging_mixin.py:151} INFO - [2023-11-04T16:36:28.140+0000] {dag.py:2941} INFO - Sync 1 DAGs
[2023-11-04T16:36:28.174+0000] {logging_mixin.py:151} INFO - [2023-11-04T16:36:28.173+0000] {dag.py:3722} INFO - Setting next_dagrun for example_setup_teardown to 2023-11-03T16:36:28.173487+00:00, run_after=2023-11-04T16:36:28.173487+00:00
[2023-11-04T16:36:28.207+0000] {processor.py:179} INFO - Processing /home/airflow/.local/lib/python3.8/site-packages/airflow/example_dags/example_setup_teardown.py took 0.119 seconds
[2023-11-04T16:36:58.869+0000] {processor.py:157} INFO - Started process (PID=6384) to work on /home/airflow/.local/lib/python3.8/site-packages/airflow/example_dags/example_setup_teardown.py
[2023-11-04T16:36:58.871+0000] {processor.py:829} INFO - Processing file /home/airflow/.local/lib/python3.8/site-packages/airflow/example_dags/example_setup_teardown.py for tasks to queue
[2023-11-04T16:36:58.873+0000] {logging_mixin.py:151} INFO - [2023-11-04T16:36:58.872+0000] {dagbag.py:536} INFO - Filling up the DagBag from /home/airflow/.local/lib/python3.8/site-packages/airflow/example_dags/example_setup_teardown.py
[2023-11-04T16:36:58.886+0000] {processor.py:839} INFO - DAG(s) dict_keys(['example_setup_teardown']) retrieved from /home/airflow/.local/lib/python3.8/site-packages/airflow/example_dags/example_setup_teardown.py
[2023-11-04T16:36:58.921+0000] {logging_mixin.py:151} INFO - [2023-11-04T16:36:58.921+0000] {dag.py:2941} INFO - Sync 1 DAGs
[2023-11-04T16:36:58.969+0000] {logging_mixin.py:151} INFO - [2023-11-04T16:36:58.969+0000] {dag.py:3722} INFO - Setting next_dagrun for example_setup_teardown to 2023-11-03T16:36:58.968604+00:00, run_after=2023-11-04T16:36:58.968604+00:00
[2023-11-04T16:36:59.034+0000] {processor.py:179} INFO - Processing /home/airflow/.local/lib/python3.8/site-packages/airflow/example_dags/example_setup_teardown.py took 0.170 seconds
[2023-11-04T16:37:29.685+0000] {processor.py:157} INFO - Started process (PID=6620) to work on /home/airflow/.local/lib/python3.8/site-packages/airflow/example_dags/example_setup_teardown.py
[2023-11-04T16:37:29.687+0000] {processor.py:829} INFO - Processing file /home/airflow/.local/lib/python3.8/site-packages/airflow/example_dags/example_setup_teardown.py for tasks to queue
[2023-11-04T16:37:29.689+0000] {logging_mixin.py:151} INFO - [2023-11-04T16:37:29.688+0000] {dagbag.py:536} INFO - Filling up the DagBag from /home/airflow/.local/lib/python3.8/site-packages/airflow/example_dags/example_setup_teardown.py
[2023-11-04T16:37:29.702+0000] {processor.py:839} INFO - DAG(s) dict_keys(['example_setup_teardown']) retrieved from /home/airflow/.local/lib/python3.8/site-packages/airflow/example_dags/example_setup_teardown.py
[2023-11-04T16:37:29.736+0000] {logging_mixin.py:151} INFO - [2023-11-04T16:37:29.736+0000] {dag.py:2941} INFO - Sync 1 DAGs
[2023-11-04T16:37:29.773+0000] {logging_mixin.py:151} INFO - [2023-11-04T16:37:29.772+0000] {dag.py:3722} INFO - Setting next_dagrun for example_setup_teardown to 2023-11-03T16:37:29.772059+00:00, run_after=2023-11-04T16:37:29.772059+00:00
[2023-11-04T16:37:29.810+0000] {processor.py:179} INFO - Processing /home/airflow/.local/lib/python3.8/site-packages/airflow/example_dags/example_setup_teardown.py took 0.131 seconds
[2023-11-04T16:38:00.430+0000] {processor.py:157} INFO - Started process (PID=6865) to work on /home/airflow/.local/lib/python3.8/site-packages/airflow/example_dags/example_setup_teardown.py
[2023-11-04T16:38:00.431+0000] {processor.py:829} INFO - Processing file /home/airflow/.local/lib/python3.8/site-packages/airflow/example_dags/example_setup_teardown.py for tasks to queue
[2023-11-04T16:38:00.433+0000] {logging_mixin.py:151} INFO - [2023-11-04T16:38:00.432+0000] {dagbag.py:536} INFO - Filling up the DagBag from /home/airflow/.local/lib/python3.8/site-packages/airflow/example_dags/example_setup_teardown.py
[2023-11-04T16:38:00.445+0000] {processor.py:839} INFO - DAG(s) dict_keys(['example_setup_teardown']) retrieved from /home/airflow/.local/lib/python3.8/site-packages/airflow/example_dags/example_setup_teardown.py
[2023-11-04T16:38:00.478+0000] {logging_mixin.py:151} INFO - [2023-11-04T16:38:00.478+0000] {dag.py:2941} INFO - Sync 1 DAGs
[2023-11-04T16:38:00.511+0000] {logging_mixin.py:151} INFO - [2023-11-04T16:38:00.511+0000] {dag.py:3722} INFO - Setting next_dagrun for example_setup_teardown to 2023-11-03T16:38:00.510966+00:00, run_after=2023-11-04T16:38:00.510966+00:00
[2023-11-04T16:38:00.542+0000] {processor.py:179} INFO - Processing /home/airflow/.local/lib/python3.8/site-packages/airflow/example_dags/example_setup_teardown.py took 0.117 seconds
[2023-11-04T16:38:31.408+0000] {processor.py:157} INFO - Started process (PID=7103) to work on /home/airflow/.local/lib/python3.8/site-packages/airflow/example_dags/example_setup_teardown.py
[2023-11-04T16:38:31.409+0000] {processor.py:829} INFO - Processing file /home/airflow/.local/lib/python3.8/site-packages/airflow/example_dags/example_setup_teardown.py for tasks to queue
[2023-11-04T16:38:31.411+0000] {logging_mixin.py:151} INFO - [2023-11-04T16:38:31.411+0000] {dagbag.py:536} INFO - Filling up the DagBag from /home/airflow/.local/lib/python3.8/site-packages/airflow/example_dags/example_setup_teardown.py
[2023-11-04T16:38:31.423+0000] {processor.py:839} INFO - DAG(s) dict_keys(['example_setup_teardown']) retrieved from /home/airflow/.local/lib/python3.8/site-packages/airflow/example_dags/example_setup_teardown.py
[2023-11-04T16:38:31.456+0000] {logging_mixin.py:151} INFO - [2023-11-04T16:38:31.455+0000] {dag.py:2941} INFO - Sync 1 DAGs
[2023-11-04T16:38:31.490+0000] {logging_mixin.py:151} INFO - [2023-11-04T16:38:31.490+0000] {dag.py:3722} INFO - Setting next_dagrun for example_setup_teardown to 2023-11-03T16:38:31.489853+00:00, run_after=2023-11-04T16:38:31.489853+00:00
[2023-11-04T16:38:31.522+0000] {processor.py:179} INFO - Processing /home/airflow/.local/lib/python3.8/site-packages/airflow/example_dags/example_setup_teardown.py took 0.119 seconds
[2023-11-04T16:39:02.166+0000] {processor.py:157} INFO - Started process (PID=7341) to work on /home/airflow/.local/lib/python3.8/site-packages/airflow/example_dags/example_setup_teardown.py
[2023-11-04T16:39:02.167+0000] {processor.py:829} INFO - Processing file /home/airflow/.local/lib/python3.8/site-packages/airflow/example_dags/example_setup_teardown.py for tasks to queue
[2023-11-04T16:39:02.169+0000] {logging_mixin.py:151} INFO - [2023-11-04T16:39:02.169+0000] {dagbag.py:536} INFO - Filling up the DagBag from /home/airflow/.local/lib/python3.8/site-packages/airflow/example_dags/example_setup_teardown.py
[2023-11-04T16:39:02.183+0000] {processor.py:839} INFO - DAG(s) dict_keys(['example_setup_teardown']) retrieved from /home/airflow/.local/lib/python3.8/site-packages/airflow/example_dags/example_setup_teardown.py
[2023-11-04T16:39:02.219+0000] {logging_mixin.py:151} INFO - [2023-11-04T16:39:02.219+0000] {dag.py:2941} INFO - Sync 1 DAGs
[2023-11-04T16:39:02.255+0000] {logging_mixin.py:151} INFO - [2023-11-04T16:39:02.254+0000] {dag.py:3722} INFO - Setting next_dagrun for example_setup_teardown to 2023-11-03T16:39:02.254467+00:00, run_after=2023-11-04T16:39:02.254467+00:00
[2023-11-04T16:39:02.286+0000] {processor.py:179} INFO - Processing /home/airflow/.local/lib/python3.8/site-packages/airflow/example_dags/example_setup_teardown.py took 0.126 seconds
[2023-11-04T16:39:32.656+0000] {processor.py:157} INFO - Started process (PID=7579) to work on /home/airflow/.local/lib/python3.8/site-packages/airflow/example_dags/example_setup_teardown.py
[2023-11-04T16:39:32.657+0000] {processor.py:829} INFO - Processing file /home/airflow/.local/lib/python3.8/site-packages/airflow/example_dags/example_setup_teardown.py for tasks to queue
[2023-11-04T16:39:32.659+0000] {logging_mixin.py:151} INFO - [2023-11-04T16:39:32.658+0000] {dagbag.py:536} INFO - Filling up the DagBag from /home/airflow/.local/lib/python3.8/site-packages/airflow/example_dags/example_setup_teardown.py
[2023-11-04T16:39:32.671+0000] {processor.py:839} INFO - DAG(s) dict_keys(['example_setup_teardown']) retrieved from /home/airflow/.local/lib/python3.8/site-packages/airflow/example_dags/example_setup_teardown.py
[2023-11-04T16:39:32.704+0000] {logging_mixin.py:151} INFO - [2023-11-04T16:39:32.704+0000] {dag.py:2941} INFO - Sync 1 DAGs
[2023-11-04T16:39:32.737+0000] {logging_mixin.py:151} INFO - [2023-11-04T16:39:32.737+0000] {dag.py:3722} INFO - Setting next_dagrun for example_setup_teardown to 2023-11-03T16:39:32.737340+00:00, run_after=2023-11-04T16:39:32.737340+00:00
[2023-11-04T16:39:32.775+0000] {processor.py:179} INFO - Processing /home/airflow/.local/lib/python3.8/site-packages/airflow/example_dags/example_setup_teardown.py took 0.124 seconds
[2023-11-04T16:40:02.893+0000] {processor.py:157} INFO - Started process (PID=7817) to work on /home/airflow/.local/lib/python3.8/site-packages/airflow/example_dags/example_setup_teardown.py
[2023-11-04T16:40:02.894+0000] {processor.py:829} INFO - Processing file /home/airflow/.local/lib/python3.8/site-packages/airflow/example_dags/example_setup_teardown.py for tasks to queue
[2023-11-04T16:40:02.896+0000] {logging_mixin.py:151} INFO - [2023-11-04T16:40:02.895+0000] {dagbag.py:536} INFO - Filling up the DagBag from /home/airflow/.local/lib/python3.8/site-packages/airflow/example_dags/example_setup_teardown.py
[2023-11-04T16:40:02.908+0000] {processor.py:839} INFO - DAG(s) dict_keys(['example_setup_teardown']) retrieved from /home/airflow/.local/lib/python3.8/site-packages/airflow/example_dags/example_setup_teardown.py
[2023-11-04T16:40:02.941+0000] {logging_mixin.py:151} INFO - [2023-11-04T16:40:02.941+0000] {dag.py:2941} INFO - Sync 1 DAGs
[2023-11-04T16:40:02.976+0000] {logging_mixin.py:151} INFO - [2023-11-04T16:40:02.975+0000] {dag.py:3722} INFO - Setting next_dagrun for example_setup_teardown to 2023-11-03T16:40:02.975416+00:00, run_after=2023-11-04T16:40:02.975416+00:00
[2023-11-04T16:40:03.006+0000] {processor.py:179} INFO - Processing /home/airflow/.local/lib/python3.8/site-packages/airflow/example_dags/example_setup_teardown.py took 0.119 seconds
[2023-11-04T16:40:33.548+0000] {processor.py:157} INFO - Started process (PID=8055) to work on /home/airflow/.local/lib/python3.8/site-packages/airflow/example_dags/example_setup_teardown.py
[2023-11-04T16:40:33.549+0000] {processor.py:829} INFO - Processing file /home/airflow/.local/lib/python3.8/site-packages/airflow/example_dags/example_setup_teardown.py for tasks to queue
[2023-11-04T16:40:33.551+0000] {logging_mixin.py:151} INFO - [2023-11-04T16:40:33.550+0000] {dagbag.py:536} INFO - Filling up the DagBag from /home/airflow/.local/lib/python3.8/site-packages/airflow/example_dags/example_setup_teardown.py
[2023-11-04T16:40:33.564+0000] {processor.py:839} INFO - DAG(s) dict_keys(['example_setup_teardown']) retrieved from /home/airflow/.local/lib/python3.8/site-packages/airflow/example_dags/example_setup_teardown.py
[2023-11-04T16:40:33.621+0000] {logging_mixin.py:151} INFO - [2023-11-04T16:40:33.621+0000] {dag.py:2941} INFO - Sync 1 DAGs
[2023-11-04T16:40:33.668+0000] {logging_mixin.py:151} INFO - [2023-11-04T16:40:33.668+0000] {dag.py:3722} INFO - Setting next_dagrun for example_setup_teardown to 2023-11-03T16:40:33.667690+00:00, run_after=2023-11-04T16:40:33.667690+00:00
[2023-11-04T16:40:33.711+0000] {processor.py:179} INFO - Processing /home/airflow/.local/lib/python3.8/site-packages/airflow/example_dags/example_setup_teardown.py took 0.168 seconds
[2023-11-04T16:41:04.090+0000] {processor.py:157} INFO - Started process (PID=8293) to work on /home/airflow/.local/lib/python3.8/site-packages/airflow/example_dags/example_setup_teardown.py
[2023-11-04T16:41:04.092+0000] {processor.py:829} INFO - Processing file /home/airflow/.local/lib/python3.8/site-packages/airflow/example_dags/example_setup_teardown.py for tasks to queue
[2023-11-04T16:41:04.094+0000] {logging_mixin.py:151} INFO - [2023-11-04T16:41:04.093+0000] {dagbag.py:536} INFO - Filling up the DagBag from /home/airflow/.local/lib/python3.8/site-packages/airflow/example_dags/example_setup_teardown.py
[2023-11-04T16:41:04.106+0000] {processor.py:839} INFO - DAG(s) dict_keys(['example_setup_teardown']) retrieved from /home/airflow/.local/lib/python3.8/site-packages/airflow/example_dags/example_setup_teardown.py
[2023-11-04T16:41:04.143+0000] {logging_mixin.py:151} INFO - [2023-11-04T16:41:04.143+0000] {dag.py:2941} INFO - Sync 1 DAGs
[2023-11-04T16:41:04.177+0000] {logging_mixin.py:151} INFO - [2023-11-04T16:41:04.177+0000] {dag.py:3722} INFO - Setting next_dagrun for example_setup_teardown to 2023-11-03T16:41:04.177150+00:00, run_after=2023-11-04T16:41:04.177150+00:00
[2023-11-04T16:41:04.208+0000] {processor.py:179} INFO - Processing /home/airflow/.local/lib/python3.8/site-packages/airflow/example_dags/example_setup_teardown.py took 0.123 seconds
[2023-11-04T16:41:34.921+0000] {processor.py:157} INFO - Started process (PID=8531) to work on /home/airflow/.local/lib/python3.8/site-packages/airflow/example_dags/example_setup_teardown.py
[2023-11-04T16:41:34.923+0000] {processor.py:829} INFO - Processing file /home/airflow/.local/lib/python3.8/site-packages/airflow/example_dags/example_setup_teardown.py for tasks to queue
[2023-11-04T16:41:34.924+0000] {logging_mixin.py:151} INFO - [2023-11-04T16:41:34.924+0000] {dagbag.py:536} INFO - Filling up the DagBag from /home/airflow/.local/lib/python3.8/site-packages/airflow/example_dags/example_setup_teardown.py
[2023-11-04T16:41:34.936+0000] {processor.py:839} INFO - DAG(s) dict_keys(['example_setup_teardown']) retrieved from /home/airflow/.local/lib/python3.8/site-packages/airflow/example_dags/example_setup_teardown.py
[2023-11-04T16:41:34.970+0000] {logging_mixin.py:151} INFO - [2023-11-04T16:41:34.970+0000] {dag.py:2941} INFO - Sync 1 DAGs
[2023-11-04T16:41:35.006+0000] {logging_mixin.py:151} INFO - [2023-11-04T16:41:35.005+0000] {dag.py:3722} INFO - Setting next_dagrun for example_setup_teardown to 2023-11-03T16:41:35.005429+00:00, run_after=2023-11-04T16:41:35.005429+00:00
[2023-11-04T16:41:35.038+0000] {processor.py:179} INFO - Processing /home/airflow/.local/lib/python3.8/site-packages/airflow/example_dags/example_setup_teardown.py took 0.122 seconds
[2023-11-04T16:42:05.204+0000] {processor.py:157} INFO - Started process (PID=8769) to work on /home/airflow/.local/lib/python3.8/site-packages/airflow/example_dags/example_setup_teardown.py
[2023-11-04T16:42:05.206+0000] {processor.py:829} INFO - Processing file /home/airflow/.local/lib/python3.8/site-packages/airflow/example_dags/example_setup_teardown.py for tasks to queue
[2023-11-04T16:42:05.208+0000] {logging_mixin.py:151} INFO - [2023-11-04T16:42:05.208+0000] {dagbag.py:536} INFO - Filling up the DagBag from /home/airflow/.local/lib/python3.8/site-packages/airflow/example_dags/example_setup_teardown.py
[2023-11-04T16:42:05.222+0000] {processor.py:839} INFO - DAG(s) dict_keys(['example_setup_teardown']) retrieved from /home/airflow/.local/lib/python3.8/site-packages/airflow/example_dags/example_setup_teardown.py
[2023-11-04T16:42:05.259+0000] {logging_mixin.py:151} INFO - [2023-11-04T16:42:05.259+0000] {dag.py:2941} INFO - Sync 1 DAGs
[2023-11-04T16:42:05.298+0000] {logging_mixin.py:151} INFO - [2023-11-04T16:42:05.297+0000] {dag.py:3722} INFO - Setting next_dagrun for example_setup_teardown to 2023-11-03T16:42:05.296341+00:00, run_after=2023-11-04T16:42:05.296341+00:00
[2023-11-04T16:42:05.333+0000] {processor.py:179} INFO - Processing /home/airflow/.local/lib/python3.8/site-packages/airflow/example_dags/example_setup_teardown.py took 0.134 seconds
[2023-11-04T17:13:27.667+0000] {processor.py:157} INFO - Started process (PID=192) to work on /home/airflow/.local/lib/python3.8/site-packages/airflow/example_dags/example_setup_teardown.py
[2023-11-04T17:13:27.669+0000] {processor.py:829} INFO - Processing file /home/airflow/.local/lib/python3.8/site-packages/airflow/example_dags/example_setup_teardown.py for tasks to queue
[2023-11-04T17:13:27.671+0000] {logging_mixin.py:151} INFO - [2023-11-04T17:13:27.671+0000] {dagbag.py:536} INFO - Filling up the DagBag from /home/airflow/.local/lib/python3.8/site-packages/airflow/example_dags/example_setup_teardown.py
[2023-11-04T17:13:27.690+0000] {processor.py:839} INFO - DAG(s) dict_keys(['example_setup_teardown']) retrieved from /home/airflow/.local/lib/python3.8/site-packages/airflow/example_dags/example_setup_teardown.py
[2023-11-04T17:13:27.732+0000] {logging_mixin.py:151} INFO - [2023-11-04T17:13:27.732+0000] {dag.py:2941} INFO - Sync 1 DAGs
[2023-11-04T17:13:27.772+0000] {logging_mixin.py:151} INFO - [2023-11-04T17:13:27.772+0000] {dag.py:3722} INFO - Setting next_dagrun for example_setup_teardown to 2023-11-03T17:13:27.771811+00:00, run_after=2023-11-04T17:13:27.771811+00:00
[2023-11-04T17:13:27.811+0000] {processor.py:179} INFO - Processing /home/airflow/.local/lib/python3.8/site-packages/airflow/example_dags/example_setup_teardown.py took 0.151 seconds
[2023-11-04T17:13:58.325+0000] {processor.py:157} INFO - Started process (PID=427) to work on /home/airflow/.local/lib/python3.8/site-packages/airflow/example_dags/example_setup_teardown.py
[2023-11-04T17:13:58.326+0000] {processor.py:829} INFO - Processing file /home/airflow/.local/lib/python3.8/site-packages/airflow/example_dags/example_setup_teardown.py for tasks to queue
[2023-11-04T17:13:58.328+0000] {logging_mixin.py:151} INFO - [2023-11-04T17:13:58.328+0000] {dagbag.py:536} INFO - Filling up the DagBag from /home/airflow/.local/lib/python3.8/site-packages/airflow/example_dags/example_setup_teardown.py
[2023-11-04T17:13:58.340+0000] {processor.py:839} INFO - DAG(s) dict_keys(['example_setup_teardown']) retrieved from /home/airflow/.local/lib/python3.8/site-packages/airflow/example_dags/example_setup_teardown.py
[2023-11-04T17:13:58.362+0000] {logging_mixin.py:151} INFO - [2023-11-04T17:13:58.362+0000] {dag.py:2941} INFO - Sync 1 DAGs
[2023-11-04T17:13:58.401+0000] {logging_mixin.py:151} INFO - [2023-11-04T17:13:58.401+0000] {dag.py:3722} INFO - Setting next_dagrun for example_setup_teardown to 2023-11-03T17:13:58.400958+00:00, run_after=2023-11-04T17:13:58.400958+00:00
[2023-11-04T17:13:58.436+0000] {processor.py:179} INFO - Processing /home/airflow/.local/lib/python3.8/site-packages/airflow/example_dags/example_setup_teardown.py took 0.116 seconds
[2023-11-04T17:14:28.504+0000] {processor.py:157} INFO - Started process (PID=665) to work on /home/airflow/.local/lib/python3.8/site-packages/airflow/example_dags/example_setup_teardown.py
[2023-11-04T17:14:28.505+0000] {processor.py:829} INFO - Processing file /home/airflow/.local/lib/python3.8/site-packages/airflow/example_dags/example_setup_teardown.py for tasks to queue
[2023-11-04T17:14:28.507+0000] {logging_mixin.py:151} INFO - [2023-11-04T17:14:28.506+0000] {dagbag.py:536} INFO - Filling up the DagBag from /home/airflow/.local/lib/python3.8/site-packages/airflow/example_dags/example_setup_teardown.py
[2023-11-04T17:14:28.518+0000] {processor.py:839} INFO - DAG(s) dict_keys(['example_setup_teardown']) retrieved from /home/airflow/.local/lib/python3.8/site-packages/airflow/example_dags/example_setup_teardown.py
[2023-11-04T17:14:28.534+0000] {logging_mixin.py:151} INFO - [2023-11-04T17:14:28.534+0000] {dag.py:2941} INFO - Sync 1 DAGs
[2023-11-04T17:14:28.571+0000] {logging_mixin.py:151} INFO - [2023-11-04T17:14:28.571+0000] {dag.py:3722} INFO - Setting next_dagrun for example_setup_teardown to 2023-11-03T17:14:28.570627+00:00, run_after=2023-11-04T17:14:28.570627+00:00
[2023-11-04T17:14:28.603+0000] {processor.py:179} INFO - Processing /home/airflow/.local/lib/python3.8/site-packages/airflow/example_dags/example_setup_teardown.py took 0.108 seconds
[2023-11-04T17:14:59.225+0000] {processor.py:157} INFO - Started process (PID=901) to work on /home/airflow/.local/lib/python3.8/site-packages/airflow/example_dags/example_setup_teardown.py
[2023-11-04T17:14:59.226+0000] {processor.py:829} INFO - Processing file /home/airflow/.local/lib/python3.8/site-packages/airflow/example_dags/example_setup_teardown.py for tasks to queue
[2023-11-04T17:14:59.228+0000] {logging_mixin.py:151} INFO - [2023-11-04T17:14:59.227+0000] {dagbag.py:536} INFO - Filling up the DagBag from /home/airflow/.local/lib/python3.8/site-packages/airflow/example_dags/example_setup_teardown.py
[2023-11-04T17:14:59.243+0000] {processor.py:839} INFO - DAG(s) dict_keys(['example_setup_teardown']) retrieved from /home/airflow/.local/lib/python3.8/site-packages/airflow/example_dags/example_setup_teardown.py
[2023-11-04T17:14:59.278+0000] {logging_mixin.py:151} INFO - [2023-11-04T17:14:59.278+0000] {dag.py:2941} INFO - Sync 1 DAGs
[2023-11-04T17:14:59.316+0000] {logging_mixin.py:151} INFO - [2023-11-04T17:14:59.315+0000] {dag.py:3722} INFO - Setting next_dagrun for example_setup_teardown to 2023-11-03T17:14:59.315478+00:00, run_after=2023-11-04T17:14:59.315478+00:00
[2023-11-04T17:14:59.353+0000] {processor.py:179} INFO - Processing /home/airflow/.local/lib/python3.8/site-packages/airflow/example_dags/example_setup_teardown.py took 0.133 seconds
[2023-11-04T17:15:30.016+0000] {processor.py:157} INFO - Started process (PID=1140) to work on /home/airflow/.local/lib/python3.8/site-packages/airflow/example_dags/example_setup_teardown.py
[2023-11-04T17:15:30.018+0000] {processor.py:829} INFO - Processing file /home/airflow/.local/lib/python3.8/site-packages/airflow/example_dags/example_setup_teardown.py for tasks to queue
[2023-11-04T17:15:30.023+0000] {logging_mixin.py:151} INFO - [2023-11-04T17:15:30.022+0000] {dagbag.py:536} INFO - Filling up the DagBag from /home/airflow/.local/lib/python3.8/site-packages/airflow/example_dags/example_setup_teardown.py
[2023-11-04T17:15:30.056+0000] {processor.py:839} INFO - DAG(s) dict_keys(['example_setup_teardown']) retrieved from /home/airflow/.local/lib/python3.8/site-packages/airflow/example_dags/example_setup_teardown.py
[2023-11-04T17:15:30.113+0000] {logging_mixin.py:151} INFO - [2023-11-04T17:15:30.112+0000] {dag.py:2941} INFO - Sync 1 DAGs
[2023-11-04T17:15:30.167+0000] {logging_mixin.py:151} INFO - [2023-11-04T17:15:30.166+0000] {dag.py:3722} INFO - Setting next_dagrun for example_setup_teardown to 2023-11-03T17:15:30.166457+00:00, run_after=2023-11-04T17:15:30.166457+00:00
[2023-11-04T17:15:30.235+0000] {processor.py:179} INFO - Processing /home/airflow/.local/lib/python3.8/site-packages/airflow/example_dags/example_setup_teardown.py took 0.227 seconds
[2023-11-04T17:16:00.709+0000] {processor.py:157} INFO - Started process (PID=1403) to work on /home/airflow/.local/lib/python3.8/site-packages/airflow/example_dags/example_setup_teardown.py
[2023-11-04T17:16:00.711+0000] {processor.py:829} INFO - Processing file /home/airflow/.local/lib/python3.8/site-packages/airflow/example_dags/example_setup_teardown.py for tasks to queue
[2023-11-04T17:16:00.713+0000] {logging_mixin.py:151} INFO - [2023-11-04T17:16:00.713+0000] {dagbag.py:536} INFO - Filling up the DagBag from /home/airflow/.local/lib/python3.8/site-packages/airflow/example_dags/example_setup_teardown.py
[2023-11-04T17:16:00.727+0000] {processor.py:839} INFO - DAG(s) dict_keys(['example_setup_teardown']) retrieved from /home/airflow/.local/lib/python3.8/site-packages/airflow/example_dags/example_setup_teardown.py
[2023-11-04T17:16:00.770+0000] {logging_mixin.py:151} INFO - [2023-11-04T17:16:00.770+0000] {dag.py:2941} INFO - Sync 1 DAGs
[2023-11-04T17:16:00.815+0000] {logging_mixin.py:151} INFO - [2023-11-04T17:16:00.815+0000] {dag.py:3722} INFO - Setting next_dagrun for example_setup_teardown to 2023-11-03T17:16:00.815026+00:00, run_after=2023-11-04T17:16:00.815026+00:00
[2023-11-04T17:16:00.853+0000] {processor.py:179} INFO - Processing /home/airflow/.local/lib/python3.8/site-packages/airflow/example_dags/example_setup_teardown.py took 0.149 seconds
[2023-11-04T17:16:30.906+0000] {processor.py:157} INFO - Started process (PID=1645) to work on /home/airflow/.local/lib/python3.8/site-packages/airflow/example_dags/example_setup_teardown.py
[2023-11-04T17:16:30.908+0000] {processor.py:829} INFO - Processing file /home/airflow/.local/lib/python3.8/site-packages/airflow/example_dags/example_setup_teardown.py for tasks to queue
[2023-11-04T17:16:30.910+0000] {logging_mixin.py:151} INFO - [2023-11-04T17:16:30.909+0000] {dagbag.py:536} INFO - Filling up the DagBag from /home/airflow/.local/lib/python3.8/site-packages/airflow/example_dags/example_setup_teardown.py
[2023-11-04T17:16:30.922+0000] {processor.py:839} INFO - DAG(s) dict_keys(['example_setup_teardown']) retrieved from /home/airflow/.local/lib/python3.8/site-packages/airflow/example_dags/example_setup_teardown.py
[2023-11-04T17:16:30.954+0000] {logging_mixin.py:151} INFO - [2023-11-04T17:16:30.954+0000] {dag.py:2941} INFO - Sync 1 DAGs
[2023-11-04T17:16:30.987+0000] {logging_mixin.py:151} INFO - [2023-11-04T17:16:30.987+0000] {dag.py:3722} INFO - Setting next_dagrun for example_setup_teardown to 2023-11-03T17:16:30.986650+00:00, run_after=2023-11-04T17:16:30.986650+00:00
[2023-11-04T17:16:31.015+0000] {processor.py:179} INFO - Processing /home/airflow/.local/lib/python3.8/site-packages/airflow/example_dags/example_setup_teardown.py took 0.113 seconds
[2023-11-04T17:17:01.480+0000] {processor.py:157} INFO - Started process (PID=1883) to work on /home/airflow/.local/lib/python3.8/site-packages/airflow/example_dags/example_setup_teardown.py
[2023-11-04T17:17:01.482+0000] {processor.py:829} INFO - Processing file /home/airflow/.local/lib/python3.8/site-packages/airflow/example_dags/example_setup_teardown.py for tasks to queue
[2023-11-04T17:17:01.488+0000] {logging_mixin.py:151} INFO - [2023-11-04T17:17:01.487+0000] {dagbag.py:536} INFO - Filling up the DagBag from /home/airflow/.local/lib/python3.8/site-packages/airflow/example_dags/example_setup_teardown.py
[2023-11-04T17:17:01.503+0000] {processor.py:839} INFO - DAG(s) dict_keys(['example_setup_teardown']) retrieved from /home/airflow/.local/lib/python3.8/site-packages/airflow/example_dags/example_setup_teardown.py
[2023-11-04T17:17:01.557+0000] {logging_mixin.py:151} INFO - [2023-11-04T17:17:01.557+0000] {dag.py:2941} INFO - Sync 1 DAGs
[2023-11-04T17:17:01.592+0000] {logging_mixin.py:151} INFO - [2023-11-04T17:17:01.591+0000] {dag.py:3722} INFO - Setting next_dagrun for example_setup_teardown to 2023-11-03T17:17:01.591506+00:00, run_after=2023-11-04T17:17:01.591506+00:00
[2023-11-04T17:17:01.621+0000] {processor.py:179} INFO - Processing /home/airflow/.local/lib/python3.8/site-packages/airflow/example_dags/example_setup_teardown.py took 0.147 seconds
[2023-11-04T17:17:31.761+0000] {processor.py:157} INFO - Started process (PID=2121) to work on /home/airflow/.local/lib/python3.8/site-packages/airflow/example_dags/example_setup_teardown.py
[2023-11-04T17:17:31.763+0000] {processor.py:829} INFO - Processing file /home/airflow/.local/lib/python3.8/site-packages/airflow/example_dags/example_setup_teardown.py for tasks to queue
[2023-11-04T17:17:31.764+0000] {logging_mixin.py:151} INFO - [2023-11-04T17:17:31.764+0000] {dagbag.py:536} INFO - Filling up the DagBag from /home/airflow/.local/lib/python3.8/site-packages/airflow/example_dags/example_setup_teardown.py
[2023-11-04T17:17:31.775+0000] {processor.py:839} INFO - DAG(s) dict_keys(['example_setup_teardown']) retrieved from /home/airflow/.local/lib/python3.8/site-packages/airflow/example_dags/example_setup_teardown.py
[2023-11-04T17:17:31.806+0000] {logging_mixin.py:151} INFO - [2023-11-04T17:17:31.806+0000] {dag.py:2941} INFO - Sync 1 DAGs
[2023-11-04T17:17:31.841+0000] {logging_mixin.py:151} INFO - [2023-11-04T17:17:31.841+0000] {dag.py:3722} INFO - Setting next_dagrun for example_setup_teardown to 2023-11-03T17:17:31.840724+00:00, run_after=2023-11-04T17:17:31.840724+00:00
[2023-11-04T17:17:31.869+0000] {processor.py:179} INFO - Processing /home/airflow/.local/lib/python3.8/site-packages/airflow/example_dags/example_setup_teardown.py took 0.113 seconds
[2023-11-04T17:18:01.993+0000] {processor.py:157} INFO - Started process (PID=2359) to work on /home/airflow/.local/lib/python3.8/site-packages/airflow/example_dags/example_setup_teardown.py
[2023-11-04T17:18:01.995+0000] {processor.py:829} INFO - Processing file /home/airflow/.local/lib/python3.8/site-packages/airflow/example_dags/example_setup_teardown.py for tasks to queue
[2023-11-04T17:18:01.996+0000] {logging_mixin.py:151} INFO - [2023-11-04T17:18:01.996+0000] {dagbag.py:536} INFO - Filling up the DagBag from /home/airflow/.local/lib/python3.8/site-packages/airflow/example_dags/example_setup_teardown.py
[2023-11-04T17:18:02.007+0000] {processor.py:839} INFO - DAG(s) dict_keys(['example_setup_teardown']) retrieved from /home/airflow/.local/lib/python3.8/site-packages/airflow/example_dags/example_setup_teardown.py
[2023-11-04T17:18:02.038+0000] {logging_mixin.py:151} INFO - [2023-11-04T17:18:02.038+0000] {dag.py:2941} INFO - Sync 1 DAGs
[2023-11-04T17:18:02.072+0000] {logging_mixin.py:151} INFO - [2023-11-04T17:18:02.071+0000] {dag.py:3722} INFO - Setting next_dagrun for example_setup_teardown to 2023-11-03T17:18:02.071531+00:00, run_after=2023-11-04T17:18:02.071531+00:00
[2023-11-04T17:18:02.100+0000] {processor.py:179} INFO - Processing /home/airflow/.local/lib/python3.8/site-packages/airflow/example_dags/example_setup_teardown.py took 0.111 seconds
[2023-11-04T17:18:32.974+0000] {processor.py:157} INFO - Started process (PID=2599) to work on /home/airflow/.local/lib/python3.8/site-packages/airflow/example_dags/example_setup_teardown.py
[2023-11-04T17:18:32.976+0000] {processor.py:829} INFO - Processing file /home/airflow/.local/lib/python3.8/site-packages/airflow/example_dags/example_setup_teardown.py for tasks to queue
[2023-11-04T17:18:32.977+0000] {logging_mixin.py:151} INFO - [2023-11-04T17:18:32.977+0000] {dagbag.py:536} INFO - Filling up the DagBag from /home/airflow/.local/lib/python3.8/site-packages/airflow/example_dags/example_setup_teardown.py
[2023-11-04T17:18:32.989+0000] {processor.py:839} INFO - DAG(s) dict_keys(['example_setup_teardown']) retrieved from /home/airflow/.local/lib/python3.8/site-packages/airflow/example_dags/example_setup_teardown.py
[2023-11-04T17:18:33.020+0000] {logging_mixin.py:151} INFO - [2023-11-04T17:18:33.020+0000] {dag.py:2941} INFO - Sync 1 DAGs
[2023-11-04T17:18:33.069+0000] {logging_mixin.py:151} INFO - [2023-11-04T17:18:33.068+0000] {dag.py:3722} INFO - Setting next_dagrun for example_setup_teardown to 2023-11-03T17:18:33.068552+00:00, run_after=2023-11-04T17:18:33.068552+00:00
[2023-11-04T17:18:33.106+0000] {processor.py:179} INFO - Processing /home/airflow/.local/lib/python3.8/site-packages/airflow/example_dags/example_setup_teardown.py took 0.137 seconds
[2023-11-04T17:19:04.002+0000] {processor.py:157} INFO - Started process (PID=2837) to work on /home/airflow/.local/lib/python3.8/site-packages/airflow/example_dags/example_setup_teardown.py
[2023-11-04T17:19:04.003+0000] {processor.py:829} INFO - Processing file /home/airflow/.local/lib/python3.8/site-packages/airflow/example_dags/example_setup_teardown.py for tasks to queue
[2023-11-04T17:19:04.005+0000] {logging_mixin.py:151} INFO - [2023-11-04T17:19:04.004+0000] {dagbag.py:536} INFO - Filling up the DagBag from /home/airflow/.local/lib/python3.8/site-packages/airflow/example_dags/example_setup_teardown.py
[2023-11-04T17:19:04.017+0000] {processor.py:839} INFO - DAG(s) dict_keys(['example_setup_teardown']) retrieved from /home/airflow/.local/lib/python3.8/site-packages/airflow/example_dags/example_setup_teardown.py
[2023-11-04T17:19:04.051+0000] {logging_mixin.py:151} INFO - [2023-11-04T17:19:04.051+0000] {dag.py:2941} INFO - Sync 1 DAGs
[2023-11-04T17:19:04.085+0000] {logging_mixin.py:151} INFO - [2023-11-04T17:19:04.084+0000] {dag.py:3722} INFO - Setting next_dagrun for example_setup_teardown to 2023-11-03T17:19:04.084369+00:00, run_after=2023-11-04T17:19:04.084369+00:00
[2023-11-04T17:19:04.117+0000] {processor.py:179} INFO - Processing /home/airflow/.local/lib/python3.8/site-packages/airflow/example_dags/example_setup_teardown.py took 0.120 seconds
[2023-11-04T17:19:34.641+0000] {processor.py:157} INFO - Started process (PID=3073) to work on /home/airflow/.local/lib/python3.8/site-packages/airflow/example_dags/example_setup_teardown.py
[2023-11-04T17:19:34.643+0000] {processor.py:829} INFO - Processing file /home/airflow/.local/lib/python3.8/site-packages/airflow/example_dags/example_setup_teardown.py for tasks to queue
[2023-11-04T17:19:34.645+0000] {logging_mixin.py:151} INFO - [2023-11-04T17:19:34.644+0000] {dagbag.py:536} INFO - Filling up the DagBag from /home/airflow/.local/lib/python3.8/site-packages/airflow/example_dags/example_setup_teardown.py
[2023-11-04T17:19:34.656+0000] {processor.py:839} INFO - DAG(s) dict_keys(['example_setup_teardown']) retrieved from /home/airflow/.local/lib/python3.8/site-packages/airflow/example_dags/example_setup_teardown.py
[2023-11-04T17:19:34.687+0000] {logging_mixin.py:151} INFO - [2023-11-04T17:19:34.687+0000] {dag.py:2941} INFO - Sync 1 DAGs
[2023-11-04T17:19:34.721+0000] {logging_mixin.py:151} INFO - [2023-11-04T17:19:34.720+0000] {dag.py:3722} INFO - Setting next_dagrun for example_setup_teardown to 2023-11-03T17:19:34.720311+00:00, run_after=2023-11-04T17:19:34.720311+00:00
[2023-11-04T17:19:34.752+0000] {processor.py:179} INFO - Processing /home/airflow/.local/lib/python3.8/site-packages/airflow/example_dags/example_setup_teardown.py took 0.115 seconds
[2023-11-04T17:20:05.224+0000] {processor.py:157} INFO - Started process (PID=3313) to work on /home/airflow/.local/lib/python3.8/site-packages/airflow/example_dags/example_setup_teardown.py
[2023-11-04T17:20:05.225+0000] {processor.py:829} INFO - Processing file /home/airflow/.local/lib/python3.8/site-packages/airflow/example_dags/example_setup_teardown.py for tasks to queue
[2023-11-04T17:20:05.227+0000] {logging_mixin.py:151} INFO - [2023-11-04T17:20:05.226+0000] {dagbag.py:536} INFO - Filling up the DagBag from /home/airflow/.local/lib/python3.8/site-packages/airflow/example_dags/example_setup_teardown.py
[2023-11-04T17:20:05.238+0000] {processor.py:839} INFO - DAG(s) dict_keys(['example_setup_teardown']) retrieved from /home/airflow/.local/lib/python3.8/site-packages/airflow/example_dags/example_setup_teardown.py
[2023-11-04T17:20:05.269+0000] {logging_mixin.py:151} INFO - [2023-11-04T17:20:05.268+0000] {dag.py:2941} INFO - Sync 1 DAGs
[2023-11-04T17:20:05.301+0000] {logging_mixin.py:151} INFO - [2023-11-04T17:20:05.301+0000] {dag.py:3722} INFO - Setting next_dagrun for example_setup_teardown to 2023-11-03T17:20:05.301077+00:00, run_after=2023-11-04T17:20:05.301077+00:00
[2023-11-04T17:20:05.333+0000] {processor.py:179} INFO - Processing /home/airflow/.local/lib/python3.8/site-packages/airflow/example_dags/example_setup_teardown.py took 0.114 seconds
[2023-11-04T17:20:35.604+0000] {processor.py:157} INFO - Started process (PID=3549) to work on /home/airflow/.local/lib/python3.8/site-packages/airflow/example_dags/example_setup_teardown.py
[2023-11-04T17:20:35.606+0000] {processor.py:829} INFO - Processing file /home/airflow/.local/lib/python3.8/site-packages/airflow/example_dags/example_setup_teardown.py for tasks to queue
[2023-11-04T17:20:35.607+0000] {logging_mixin.py:151} INFO - [2023-11-04T17:20:35.607+0000] {dagbag.py:536} INFO - Filling up the DagBag from /home/airflow/.local/lib/python3.8/site-packages/airflow/example_dags/example_setup_teardown.py
[2023-11-04T17:20:35.619+0000] {processor.py:839} INFO - DAG(s) dict_keys(['example_setup_teardown']) retrieved from /home/airflow/.local/lib/python3.8/site-packages/airflow/example_dags/example_setup_teardown.py
[2023-11-04T17:20:35.650+0000] {logging_mixin.py:151} INFO - [2023-11-04T17:20:35.650+0000] {dag.py:2941} INFO - Sync 1 DAGs
[2023-11-04T17:20:35.686+0000] {logging_mixin.py:151} INFO - [2023-11-04T17:20:35.686+0000] {dag.py:3722} INFO - Setting next_dagrun for example_setup_teardown to 2023-11-03T17:20:35.685456+00:00, run_after=2023-11-04T17:20:35.685456+00:00
[2023-11-04T17:20:35.719+0000] {processor.py:179} INFO - Processing /home/airflow/.local/lib/python3.8/site-packages/airflow/example_dags/example_setup_teardown.py took 0.120 seconds
[2023-11-04T17:21:06.495+0000] {processor.py:157} INFO - Started process (PID=3796) to work on /home/airflow/.local/lib/python3.8/site-packages/airflow/example_dags/example_setup_teardown.py
[2023-11-04T17:21:06.497+0000] {processor.py:829} INFO - Processing file /home/airflow/.local/lib/python3.8/site-packages/airflow/example_dags/example_setup_teardown.py for tasks to queue
[2023-11-04T17:21:06.498+0000] {logging_mixin.py:151} INFO - [2023-11-04T17:21:06.498+0000] {dagbag.py:536} INFO - Filling up the DagBag from /home/airflow/.local/lib/python3.8/site-packages/airflow/example_dags/example_setup_teardown.py
[2023-11-04T17:21:06.510+0000] {processor.py:839} INFO - DAG(s) dict_keys(['example_setup_teardown']) retrieved from /home/airflow/.local/lib/python3.8/site-packages/airflow/example_dags/example_setup_teardown.py
[2023-11-04T17:21:06.542+0000] {logging_mixin.py:151} INFO - [2023-11-04T17:21:06.541+0000] {dag.py:2941} INFO - Sync 1 DAGs
[2023-11-04T17:21:06.574+0000] {logging_mixin.py:151} INFO - [2023-11-04T17:21:06.573+0000] {dag.py:3722} INFO - Setting next_dagrun for example_setup_teardown to 2023-11-03T17:21:06.573475+00:00, run_after=2023-11-04T17:21:06.573475+00:00
[2023-11-04T17:21:06.603+0000] {processor.py:179} INFO - Processing /home/airflow/.local/lib/python3.8/site-packages/airflow/example_dags/example_setup_teardown.py took 0.113 seconds
[2023-11-04T17:21:37.192+0000] {processor.py:157} INFO - Started process (PID=4066) to work on /home/airflow/.local/lib/python3.8/site-packages/airflow/example_dags/example_setup_teardown.py
[2023-11-04T17:21:37.196+0000] {processor.py:829} INFO - Processing file /home/airflow/.local/lib/python3.8/site-packages/airflow/example_dags/example_setup_teardown.py for tasks to queue
[2023-11-04T17:21:37.199+0000] {logging_mixin.py:151} INFO - [2023-11-04T17:21:37.198+0000] {dagbag.py:536} INFO - Filling up the DagBag from /home/airflow/.local/lib/python3.8/site-packages/airflow/example_dags/example_setup_teardown.py
[2023-11-04T17:21:37.219+0000] {processor.py:839} INFO - DAG(s) dict_keys(['example_setup_teardown']) retrieved from /home/airflow/.local/lib/python3.8/site-packages/airflow/example_dags/example_setup_teardown.py
[2023-11-04T17:21:37.275+0000] {logging_mixin.py:151} INFO - [2023-11-04T17:21:37.274+0000] {dag.py:2941} INFO - Sync 1 DAGs
[2023-11-04T17:21:37.331+0000] {logging_mixin.py:151} INFO - [2023-11-04T17:21:37.330+0000] {dag.py:3722} INFO - Setting next_dagrun for example_setup_teardown to 2023-11-03T17:21:37.330164+00:00, run_after=2023-11-04T17:21:37.330164+00:00
[2023-11-04T17:21:37.375+0000] {processor.py:179} INFO - Processing /home/airflow/.local/lib/python3.8/site-packages/airflow/example_dags/example_setup_teardown.py took 0.190 seconds
[2023-11-04T17:22:07.499+0000] {processor.py:157} INFO - Started process (PID=4318) to work on /home/airflow/.local/lib/python3.8/site-packages/airflow/example_dags/example_setup_teardown.py
[2023-11-04T17:22:07.501+0000] {processor.py:829} INFO - Processing file /home/airflow/.local/lib/python3.8/site-packages/airflow/example_dags/example_setup_teardown.py for tasks to queue
[2023-11-04T17:22:07.503+0000] {logging_mixin.py:151} INFO - [2023-11-04T17:22:07.503+0000] {dagbag.py:536} INFO - Filling up the DagBag from /home/airflow/.local/lib/python3.8/site-packages/airflow/example_dags/example_setup_teardown.py
[2023-11-04T17:22:07.519+0000] {processor.py:839} INFO - DAG(s) dict_keys(['example_setup_teardown']) retrieved from /home/airflow/.local/lib/python3.8/site-packages/airflow/example_dags/example_setup_teardown.py
[2023-11-04T17:22:07.557+0000] {logging_mixin.py:151} INFO - [2023-11-04T17:22:07.556+0000] {dag.py:2941} INFO - Sync 1 DAGs
[2023-11-04T17:22:07.599+0000] {logging_mixin.py:151} INFO - [2023-11-04T17:22:07.599+0000] {dag.py:3722} INFO - Setting next_dagrun for example_setup_teardown to 2023-11-03T17:22:07.599054+00:00, run_after=2023-11-04T17:22:07.599054+00:00
[2023-11-04T17:22:07.636+0000] {processor.py:179} INFO - Processing /home/airflow/.local/lib/python3.8/site-packages/airflow/example_dags/example_setup_teardown.py took 0.143 seconds
[2023-11-04T17:22:38.038+0000] {processor.py:157} INFO - Started process (PID=4558) to work on /home/airflow/.local/lib/python3.8/site-packages/airflow/example_dags/example_setup_teardown.py
[2023-11-04T17:22:38.039+0000] {processor.py:829} INFO - Processing file /home/airflow/.local/lib/python3.8/site-packages/airflow/example_dags/example_setup_teardown.py for tasks to queue
[2023-11-04T17:22:38.041+0000] {logging_mixin.py:151} INFO - [2023-11-04T17:22:38.041+0000] {dagbag.py:536} INFO - Filling up the DagBag from /home/airflow/.local/lib/python3.8/site-packages/airflow/example_dags/example_setup_teardown.py
[2023-11-04T17:22:38.059+0000] {processor.py:839} INFO - DAG(s) dict_keys(['example_setup_teardown']) retrieved from /home/airflow/.local/lib/python3.8/site-packages/airflow/example_dags/example_setup_teardown.py
[2023-11-04T17:22:38.113+0000] {logging_mixin.py:151} INFO - [2023-11-04T17:22:38.112+0000] {dag.py:2941} INFO - Sync 1 DAGs
[2023-11-04T17:22:38.181+0000] {logging_mixin.py:151} INFO - [2023-11-04T17:22:38.181+0000] {dag.py:3722} INFO - Setting next_dagrun for example_setup_teardown to 2023-11-03T17:22:38.181044+00:00, run_after=2023-11-04T17:22:38.181044+00:00
[2023-11-04T17:22:38.229+0000] {processor.py:179} INFO - Processing /home/airflow/.local/lib/python3.8/site-packages/airflow/example_dags/example_setup_teardown.py took 0.200 seconds
