[2023-11-04T16:23:47.365+0000] {processor.py:157} INFO - Started process (PID=338) to work on /home/airflow/.local/lib/python3.8/site-packages/airflow/example_dags/example_complex.py
[2023-11-04T16:23:47.367+0000] {processor.py:829} INFO - Processing file /home/airflow/.local/lib/python3.8/site-packages/airflow/example_dags/example_complex.py for tasks to queue
[2023-11-04T16:23:47.370+0000] {logging_mixin.py:151} INFO - [2023-11-04T16:23:47.369+0000] {dagbag.py:536} INFO - Filling up the DagBag from /home/airflow/.local/lib/python3.8/site-packages/airflow/example_dags/example_complex.py
[2023-11-04T16:23:47.396+0000] {processor.py:839} INFO - DAG(s) dict_keys(['example_complex']) retrieved from /home/airflow/.local/lib/python3.8/site-packages/airflow/example_dags/example_complex.py
[2023-11-04T16:23:47.418+0000] {logging_mixin.py:151} INFO - [2023-11-04T16:23:47.417+0000] {dag.py:2941} INFO - Sync 1 DAGs
[2023-11-04T16:23:47.441+0000] {logging_mixin.py:151} INFO - [2023-11-04T16:23:47.441+0000] {dag.py:3722} INFO - Setting next_dagrun for example_complex to None, run_after=None
[2023-11-04T16:23:47.471+0000] {processor.py:179} INFO - Processing /home/airflow/.local/lib/python3.8/site-packages/airflow/example_dags/example_complex.py took 0.111 seconds
[2023-11-04T16:24:18.002+0000] {processor.py:157} INFO - Started process (PID=576) to work on /home/airflow/.local/lib/python3.8/site-packages/airflow/example_dags/example_complex.py
[2023-11-04T16:24:18.004+0000] {processor.py:829} INFO - Processing file /home/airflow/.local/lib/python3.8/site-packages/airflow/example_dags/example_complex.py for tasks to queue
[2023-11-04T16:24:18.005+0000] {logging_mixin.py:151} INFO - [2023-11-04T16:24:18.005+0000] {dagbag.py:536} INFO - Filling up the DagBag from /home/airflow/.local/lib/python3.8/site-packages/airflow/example_dags/example_complex.py
[2023-11-04T16:24:18.025+0000] {processor.py:839} INFO - DAG(s) dict_keys(['example_complex']) retrieved from /home/airflow/.local/lib/python3.8/site-packages/airflow/example_dags/example_complex.py
[2023-11-04T16:24:18.077+0000] {logging_mixin.py:151} INFO - [2023-11-04T16:24:18.077+0000] {dag.py:2941} INFO - Sync 1 DAGs
[2023-11-04T16:24:18.096+0000] {logging_mixin.py:151} INFO - [2023-11-04T16:24:18.096+0000] {dag.py:3722} INFO - Setting next_dagrun for example_complex to None, run_after=None
[2023-11-04T16:24:18.129+0000] {processor.py:179} INFO - Processing /home/airflow/.local/lib/python3.8/site-packages/airflow/example_dags/example_complex.py took 0.132 seconds
[2023-11-04T16:24:48.684+0000] {processor.py:157} INFO - Started process (PID=814) to work on /home/airflow/.local/lib/python3.8/site-packages/airflow/example_dags/example_complex.py
[2023-11-04T16:24:48.686+0000] {processor.py:829} INFO - Processing file /home/airflow/.local/lib/python3.8/site-packages/airflow/example_dags/example_complex.py for tasks to queue
[2023-11-04T16:24:48.688+0000] {logging_mixin.py:151} INFO - [2023-11-04T16:24:48.687+0000] {dagbag.py:536} INFO - Filling up the DagBag from /home/airflow/.local/lib/python3.8/site-packages/airflow/example_dags/example_complex.py
[2023-11-04T16:24:48.707+0000] {processor.py:839} INFO - DAG(s) dict_keys(['example_complex']) retrieved from /home/airflow/.local/lib/python3.8/site-packages/airflow/example_dags/example_complex.py
[2023-11-04T16:24:48.760+0000] {logging_mixin.py:151} INFO - [2023-11-04T16:24:48.760+0000] {dag.py:2941} INFO - Sync 1 DAGs
[2023-11-04T16:24:48.781+0000] {logging_mixin.py:151} INFO - [2023-11-04T16:24:48.780+0000] {dag.py:3722} INFO - Setting next_dagrun for example_complex to None, run_after=None
[2023-11-04T16:24:48.809+0000] {processor.py:179} INFO - Processing /home/airflow/.local/lib/python3.8/site-packages/airflow/example_dags/example_complex.py took 0.131 seconds
[2023-11-04T16:25:18.865+0000] {processor.py:157} INFO - Started process (PID=1052) to work on /home/airflow/.local/lib/python3.8/site-packages/airflow/example_dags/example_complex.py
[2023-11-04T16:25:18.867+0000] {processor.py:829} INFO - Processing file /home/airflow/.local/lib/python3.8/site-packages/airflow/example_dags/example_complex.py for tasks to queue
[2023-11-04T16:25:18.868+0000] {logging_mixin.py:151} INFO - [2023-11-04T16:25:18.868+0000] {dagbag.py:536} INFO - Filling up the DagBag from /home/airflow/.local/lib/python3.8/site-packages/airflow/example_dags/example_complex.py
[2023-11-04T16:25:18.887+0000] {processor.py:839} INFO - DAG(s) dict_keys(['example_complex']) retrieved from /home/airflow/.local/lib/python3.8/site-packages/airflow/example_dags/example_complex.py
[2023-11-04T16:25:18.937+0000] {logging_mixin.py:151} INFO - [2023-11-04T16:25:18.937+0000] {dag.py:2941} INFO - Sync 1 DAGs
[2023-11-04T16:25:18.956+0000] {logging_mixin.py:151} INFO - [2023-11-04T16:25:18.956+0000] {dag.py:3722} INFO - Setting next_dagrun for example_complex to None, run_after=None
[2023-11-04T16:25:18.985+0000] {processor.py:179} INFO - Processing /home/airflow/.local/lib/python3.8/site-packages/airflow/example_dags/example_complex.py took 0.125 seconds
[2023-11-04T16:25:49.136+0000] {processor.py:157} INFO - Started process (PID=1290) to work on /home/airflow/.local/lib/python3.8/site-packages/airflow/example_dags/example_complex.py
[2023-11-04T16:25:49.138+0000] {processor.py:829} INFO - Processing file /home/airflow/.local/lib/python3.8/site-packages/airflow/example_dags/example_complex.py for tasks to queue
[2023-11-04T16:25:49.139+0000] {logging_mixin.py:151} INFO - [2023-11-04T16:25:49.139+0000] {dagbag.py:536} INFO - Filling up the DagBag from /home/airflow/.local/lib/python3.8/site-packages/airflow/example_dags/example_complex.py
[2023-11-04T16:25:49.158+0000] {processor.py:839} INFO - DAG(s) dict_keys(['example_complex']) retrieved from /home/airflow/.local/lib/python3.8/site-packages/airflow/example_dags/example_complex.py
[2023-11-04T16:25:49.211+0000] {logging_mixin.py:151} INFO - [2023-11-04T16:25:49.211+0000] {dag.py:2941} INFO - Sync 1 DAGs
[2023-11-04T16:25:49.233+0000] {logging_mixin.py:151} INFO - [2023-11-04T16:25:49.233+0000] {dag.py:3722} INFO - Setting next_dagrun for example_complex to None, run_after=None
[2023-11-04T16:25:49.262+0000] {processor.py:179} INFO - Processing /home/airflow/.local/lib/python3.8/site-packages/airflow/example_dags/example_complex.py took 0.131 seconds
[2023-11-04T16:26:19.519+0000] {processor.py:157} INFO - Started process (PID=1528) to work on /home/airflow/.local/lib/python3.8/site-packages/airflow/example_dags/example_complex.py
[2023-11-04T16:26:19.521+0000] {processor.py:829} INFO - Processing file /home/airflow/.local/lib/python3.8/site-packages/airflow/example_dags/example_complex.py for tasks to queue
[2023-11-04T16:26:19.522+0000] {logging_mixin.py:151} INFO - [2023-11-04T16:26:19.522+0000] {dagbag.py:536} INFO - Filling up the DagBag from /home/airflow/.local/lib/python3.8/site-packages/airflow/example_dags/example_complex.py
[2023-11-04T16:26:19.541+0000] {processor.py:839} INFO - DAG(s) dict_keys(['example_complex']) retrieved from /home/airflow/.local/lib/python3.8/site-packages/airflow/example_dags/example_complex.py
[2023-11-04T16:26:19.560+0000] {logging_mixin.py:151} INFO - [2023-11-04T16:26:19.560+0000] {dag.py:2941} INFO - Sync 1 DAGs
[2023-11-04T16:26:19.583+0000] {logging_mixin.py:151} INFO - [2023-11-04T16:26:19.582+0000] {dag.py:3722} INFO - Setting next_dagrun for example_complex to None, run_after=None
[2023-11-04T16:26:19.611+0000] {processor.py:179} INFO - Processing /home/airflow/.local/lib/python3.8/site-packages/airflow/example_dags/example_complex.py took 0.097 seconds
[2023-11-04T16:26:50.221+0000] {processor.py:157} INFO - Started process (PID=1766) to work on /home/airflow/.local/lib/python3.8/site-packages/airflow/example_dags/example_complex.py
[2023-11-04T16:26:50.223+0000] {processor.py:829} INFO - Processing file /home/airflow/.local/lib/python3.8/site-packages/airflow/example_dags/example_complex.py for tasks to queue
[2023-11-04T16:26:50.224+0000] {logging_mixin.py:151} INFO - [2023-11-04T16:26:50.224+0000] {dagbag.py:536} INFO - Filling up the DagBag from /home/airflow/.local/lib/python3.8/site-packages/airflow/example_dags/example_complex.py
[2023-11-04T16:26:50.243+0000] {processor.py:839} INFO - DAG(s) dict_keys(['example_complex']) retrieved from /home/airflow/.local/lib/python3.8/site-packages/airflow/example_dags/example_complex.py
[2023-11-04T16:26:50.296+0000] {logging_mixin.py:151} INFO - [2023-11-04T16:26:50.296+0000] {dag.py:2941} INFO - Sync 1 DAGs
[2023-11-04T16:26:50.316+0000] {logging_mixin.py:151} INFO - [2023-11-04T16:26:50.316+0000] {dag.py:3722} INFO - Setting next_dagrun for example_complex to None, run_after=None
[2023-11-04T16:26:50.344+0000] {processor.py:179} INFO - Processing /home/airflow/.local/lib/python3.8/site-packages/airflow/example_dags/example_complex.py took 0.128 seconds
[2023-11-04T16:27:21.235+0000] {processor.py:157} INFO - Started process (PID=2006) to work on /home/airflow/.local/lib/python3.8/site-packages/airflow/example_dags/example_complex.py
[2023-11-04T16:27:21.236+0000] {processor.py:829} INFO - Processing file /home/airflow/.local/lib/python3.8/site-packages/airflow/example_dags/example_complex.py for tasks to queue
[2023-11-04T16:27:21.238+0000] {logging_mixin.py:151} INFO - [2023-11-04T16:27:21.238+0000] {dagbag.py:536} INFO - Filling up the DagBag from /home/airflow/.local/lib/python3.8/site-packages/airflow/example_dags/example_complex.py
[2023-11-04T16:27:21.256+0000] {processor.py:839} INFO - DAG(s) dict_keys(['example_complex']) retrieved from /home/airflow/.local/lib/python3.8/site-packages/airflow/example_dags/example_complex.py
[2023-11-04T16:27:21.312+0000] {logging_mixin.py:151} INFO - [2023-11-04T16:27:21.311+0000] {dag.py:2941} INFO - Sync 1 DAGs
[2023-11-04T16:27:21.336+0000] {logging_mixin.py:151} INFO - [2023-11-04T16:27:21.335+0000] {dag.py:3722} INFO - Setting next_dagrun for example_complex to None, run_after=None
[2023-11-04T16:27:21.370+0000] {processor.py:179} INFO - Processing /home/airflow/.local/lib/python3.8/site-packages/airflow/example_dags/example_complex.py took 0.140 seconds
[2023-11-04T16:27:53.218+0000] {processor.py:157} INFO - Started process (PID=2243) to work on /home/airflow/.local/lib/python3.8/site-packages/airflow/example_dags/example_complex.py
[2023-11-04T16:27:53.221+0000] {processor.py:829} INFO - Processing file /home/airflow/.local/lib/python3.8/site-packages/airflow/example_dags/example_complex.py for tasks to queue
[2023-11-04T16:27:53.228+0000] {logging_mixin.py:151} INFO - [2023-11-04T16:27:53.227+0000] {dagbag.py:536} INFO - Filling up the DagBag from /home/airflow/.local/lib/python3.8/site-packages/airflow/example_dags/example_complex.py
[2023-11-04T16:27:53.267+0000] {processor.py:839} INFO - DAG(s) dict_keys(['example_complex']) retrieved from /home/airflow/.local/lib/python3.8/site-packages/airflow/example_dags/example_complex.py
[2023-11-04T16:27:53.297+0000] {logging_mixin.py:151} INFO - [2023-11-04T16:27:53.297+0000] {dag.py:2941} INFO - Sync 1 DAGs
[2023-11-04T16:27:53.337+0000] {logging_mixin.py:151} INFO - [2023-11-04T16:27:53.337+0000] {dag.py:3722} INFO - Setting next_dagrun for example_complex to None, run_after=None
[2023-11-04T16:27:53.399+0000] {processor.py:179} INFO - Processing /home/airflow/.local/lib/python3.8/site-packages/airflow/example_dags/example_complex.py took 0.189 seconds
[2023-11-04T16:28:23.588+0000] {processor.py:157} INFO - Started process (PID=2483) to work on /home/airflow/.local/lib/python3.8/site-packages/airflow/example_dags/example_complex.py
[2023-11-04T16:28:23.590+0000] {processor.py:829} INFO - Processing file /home/airflow/.local/lib/python3.8/site-packages/airflow/example_dags/example_complex.py for tasks to queue
[2023-11-04T16:28:23.592+0000] {logging_mixin.py:151} INFO - [2023-11-04T16:28:23.591+0000] {dagbag.py:536} INFO - Filling up the DagBag from /home/airflow/.local/lib/python3.8/site-packages/airflow/example_dags/example_complex.py
[2023-11-04T16:28:23.610+0000] {processor.py:839} INFO - DAG(s) dict_keys(['example_complex']) retrieved from /home/airflow/.local/lib/python3.8/site-packages/airflow/example_dags/example_complex.py
[2023-11-04T16:28:23.663+0000] {logging_mixin.py:151} INFO - [2023-11-04T16:28:23.662+0000] {dag.py:2941} INFO - Sync 1 DAGs
[2023-11-04T16:28:23.682+0000] {logging_mixin.py:151} INFO - [2023-11-04T16:28:23.682+0000] {dag.py:3722} INFO - Setting next_dagrun for example_complex to None, run_after=None
[2023-11-04T16:28:23.714+0000] {processor.py:179} INFO - Processing /home/airflow/.local/lib/python3.8/site-packages/airflow/example_dags/example_complex.py took 0.131 seconds
[2023-11-04T16:28:54.456+0000] {processor.py:157} INFO - Started process (PID=2719) to work on /home/airflow/.local/lib/python3.8/site-packages/airflow/example_dags/example_complex.py
[2023-11-04T16:28:54.457+0000] {processor.py:829} INFO - Processing file /home/airflow/.local/lib/python3.8/site-packages/airflow/example_dags/example_complex.py for tasks to queue
[2023-11-04T16:28:54.459+0000] {logging_mixin.py:151} INFO - [2023-11-04T16:28:54.459+0000] {dagbag.py:536} INFO - Filling up the DagBag from /home/airflow/.local/lib/python3.8/site-packages/airflow/example_dags/example_complex.py
[2023-11-04T16:28:54.478+0000] {processor.py:839} INFO - DAG(s) dict_keys(['example_complex']) retrieved from /home/airflow/.local/lib/python3.8/site-packages/airflow/example_dags/example_complex.py
[2023-11-04T16:28:54.528+0000] {logging_mixin.py:151} INFO - [2023-11-04T16:28:54.528+0000] {dag.py:2941} INFO - Sync 1 DAGs
[2023-11-04T16:28:54.548+0000] {logging_mixin.py:151} INFO - [2023-11-04T16:28:54.547+0000] {dag.py:3722} INFO - Setting next_dagrun for example_complex to None, run_after=None
[2023-11-04T16:28:54.576+0000] {processor.py:179} INFO - Processing /home/airflow/.local/lib/python3.8/site-packages/airflow/example_dags/example_complex.py took 0.125 seconds
[2023-11-04T16:29:25.274+0000] {processor.py:157} INFO - Started process (PID=2957) to work on /home/airflow/.local/lib/python3.8/site-packages/airflow/example_dags/example_complex.py
[2023-11-04T16:29:25.276+0000] {processor.py:829} INFO - Processing file /home/airflow/.local/lib/python3.8/site-packages/airflow/example_dags/example_complex.py for tasks to queue
[2023-11-04T16:29:25.277+0000] {logging_mixin.py:151} INFO - [2023-11-04T16:29:25.277+0000] {dagbag.py:536} INFO - Filling up the DagBag from /home/airflow/.local/lib/python3.8/site-packages/airflow/example_dags/example_complex.py
[2023-11-04T16:29:25.297+0000] {processor.py:839} INFO - DAG(s) dict_keys(['example_complex']) retrieved from /home/airflow/.local/lib/python3.8/site-packages/airflow/example_dags/example_complex.py
[2023-11-04T16:29:25.348+0000] {logging_mixin.py:151} INFO - [2023-11-04T16:29:25.347+0000] {dag.py:2941} INFO - Sync 1 DAGs
[2023-11-04T16:29:25.369+0000] {logging_mixin.py:151} INFO - [2023-11-04T16:29:25.369+0000] {dag.py:3722} INFO - Setting next_dagrun for example_complex to None, run_after=None
[2023-11-04T16:29:25.397+0000] {processor.py:179} INFO - Processing /home/airflow/.local/lib/python3.8/site-packages/airflow/example_dags/example_complex.py took 0.128 seconds
[2023-11-04T16:29:55.570+0000] {processor.py:157} INFO - Started process (PID=3195) to work on /home/airflow/.local/lib/python3.8/site-packages/airflow/example_dags/example_complex.py
[2023-11-04T16:29:55.572+0000] {processor.py:829} INFO - Processing file /home/airflow/.local/lib/python3.8/site-packages/airflow/example_dags/example_complex.py for tasks to queue
[2023-11-04T16:29:55.574+0000] {logging_mixin.py:151} INFO - [2023-11-04T16:29:55.573+0000] {dagbag.py:536} INFO - Filling up the DagBag from /home/airflow/.local/lib/python3.8/site-packages/airflow/example_dags/example_complex.py
[2023-11-04T16:29:55.594+0000] {processor.py:839} INFO - DAG(s) dict_keys(['example_complex']) retrieved from /home/airflow/.local/lib/python3.8/site-packages/airflow/example_dags/example_complex.py
[2023-11-04T16:29:55.615+0000] {logging_mixin.py:151} INFO - [2023-11-04T16:29:55.614+0000] {dag.py:2941} INFO - Sync 1 DAGs
[2023-11-04T16:29:55.638+0000] {logging_mixin.py:151} INFO - [2023-11-04T16:29:55.638+0000] {dag.py:3722} INFO - Setting next_dagrun for example_complex to None, run_after=None
[2023-11-04T16:29:55.685+0000] {processor.py:179} INFO - Processing /home/airflow/.local/lib/python3.8/site-packages/airflow/example_dags/example_complex.py took 0.121 seconds
[2023-11-04T16:30:26.183+0000] {processor.py:157} INFO - Started process (PID=3433) to work on /home/airflow/.local/lib/python3.8/site-packages/airflow/example_dags/example_complex.py
[2023-11-04T16:30:26.185+0000] {processor.py:829} INFO - Processing file /home/airflow/.local/lib/python3.8/site-packages/airflow/example_dags/example_complex.py for tasks to queue
[2023-11-04T16:30:26.187+0000] {logging_mixin.py:151} INFO - [2023-11-04T16:30:26.186+0000] {dagbag.py:536} INFO - Filling up the DagBag from /home/airflow/.local/lib/python3.8/site-packages/airflow/example_dags/example_complex.py
[2023-11-04T16:30:26.207+0000] {processor.py:839} INFO - DAG(s) dict_keys(['example_complex']) retrieved from /home/airflow/.local/lib/python3.8/site-packages/airflow/example_dags/example_complex.py
[2023-11-04T16:30:26.259+0000] {logging_mixin.py:151} INFO - [2023-11-04T16:30:26.259+0000] {dag.py:2941} INFO - Sync 1 DAGs
[2023-11-04T16:30:26.278+0000] {logging_mixin.py:151} INFO - [2023-11-04T16:30:26.278+0000] {dag.py:3722} INFO - Setting next_dagrun for example_complex to None, run_after=None
[2023-11-04T16:30:26.305+0000] {processor.py:179} INFO - Processing /home/airflow/.local/lib/python3.8/site-packages/airflow/example_dags/example_complex.py took 0.127 seconds
[2023-11-04T16:30:57.278+0000] {processor.py:157} INFO - Started process (PID=3671) to work on /home/airflow/.local/lib/python3.8/site-packages/airflow/example_dags/example_complex.py
[2023-11-04T16:30:57.279+0000] {processor.py:829} INFO - Processing file /home/airflow/.local/lib/python3.8/site-packages/airflow/example_dags/example_complex.py for tasks to queue
[2023-11-04T16:30:57.281+0000] {logging_mixin.py:151} INFO - [2023-11-04T16:30:57.281+0000] {dagbag.py:536} INFO - Filling up the DagBag from /home/airflow/.local/lib/python3.8/site-packages/airflow/example_dags/example_complex.py
[2023-11-04T16:30:57.301+0000] {processor.py:839} INFO - DAG(s) dict_keys(['example_complex']) retrieved from /home/airflow/.local/lib/python3.8/site-packages/airflow/example_dags/example_complex.py
[2023-11-04T16:30:57.357+0000] {logging_mixin.py:151} INFO - [2023-11-04T16:30:57.357+0000] {dag.py:2941} INFO - Sync 1 DAGs
[2023-11-04T16:30:57.377+0000] {logging_mixin.py:151} INFO - [2023-11-04T16:30:57.377+0000] {dag.py:3722} INFO - Setting next_dagrun for example_complex to None, run_after=None
[2023-11-04T16:30:57.407+0000] {processor.py:179} INFO - Processing /home/airflow/.local/lib/python3.8/site-packages/airflow/example_dags/example_complex.py took 0.136 seconds
[2023-11-04T16:31:28.294+0000] {processor.py:157} INFO - Started process (PID=3909) to work on /home/airflow/.local/lib/python3.8/site-packages/airflow/example_dags/example_complex.py
[2023-11-04T16:31:28.296+0000] {processor.py:829} INFO - Processing file /home/airflow/.local/lib/python3.8/site-packages/airflow/example_dags/example_complex.py for tasks to queue
[2023-11-04T16:31:28.298+0000] {logging_mixin.py:151} INFO - [2023-11-04T16:31:28.298+0000] {dagbag.py:536} INFO - Filling up the DagBag from /home/airflow/.local/lib/python3.8/site-packages/airflow/example_dags/example_complex.py
[2023-11-04T16:31:28.320+0000] {processor.py:839} INFO - DAG(s) dict_keys(['example_complex']) retrieved from /home/airflow/.local/lib/python3.8/site-packages/airflow/example_dags/example_complex.py
[2023-11-04T16:31:28.341+0000] {logging_mixin.py:151} INFO - [2023-11-04T16:31:28.340+0000] {dag.py:2941} INFO - Sync 1 DAGs
[2023-11-04T16:31:28.367+0000] {logging_mixin.py:151} INFO - [2023-11-04T16:31:28.367+0000] {dag.py:3722} INFO - Setting next_dagrun for example_complex to None, run_after=None
[2023-11-04T16:31:28.404+0000] {processor.py:179} INFO - Processing /home/airflow/.local/lib/python3.8/site-packages/airflow/example_dags/example_complex.py took 0.116 seconds
[2023-11-04T16:31:58.565+0000] {processor.py:157} INFO - Started process (PID=4147) to work on /home/airflow/.local/lib/python3.8/site-packages/airflow/example_dags/example_complex.py
[2023-11-04T16:31:58.567+0000] {processor.py:829} INFO - Processing file /home/airflow/.local/lib/python3.8/site-packages/airflow/example_dags/example_complex.py for tasks to queue
[2023-11-04T16:31:58.569+0000] {logging_mixin.py:151} INFO - [2023-11-04T16:31:58.568+0000] {dagbag.py:536} INFO - Filling up the DagBag from /home/airflow/.local/lib/python3.8/site-packages/airflow/example_dags/example_complex.py
[2023-11-04T16:31:58.589+0000] {processor.py:839} INFO - DAG(s) dict_keys(['example_complex']) retrieved from /home/airflow/.local/lib/python3.8/site-packages/airflow/example_dags/example_complex.py
[2023-11-04T16:31:58.640+0000] {logging_mixin.py:151} INFO - [2023-11-04T16:31:58.640+0000] {dag.py:2941} INFO - Sync 1 DAGs
[2023-11-04T16:31:58.661+0000] {logging_mixin.py:151} INFO - [2023-11-04T16:31:58.660+0000] {dag.py:3722} INFO - Setting next_dagrun for example_complex to None, run_after=None
[2023-11-04T16:31:58.693+0000] {processor.py:179} INFO - Processing /home/airflow/.local/lib/python3.8/site-packages/airflow/example_dags/example_complex.py took 0.133 seconds
[2023-11-04T16:32:29.222+0000] {processor.py:157} INFO - Started process (PID=4392) to work on /home/airflow/.local/lib/python3.8/site-packages/airflow/example_dags/example_complex.py
[2023-11-04T16:32:29.224+0000] {processor.py:829} INFO - Processing file /home/airflow/.local/lib/python3.8/site-packages/airflow/example_dags/example_complex.py for tasks to queue
[2023-11-04T16:32:29.226+0000] {logging_mixin.py:151} INFO - [2023-11-04T16:32:29.225+0000] {dagbag.py:536} INFO - Filling up the DagBag from /home/airflow/.local/lib/python3.8/site-packages/airflow/example_dags/example_complex.py
[2023-11-04T16:32:29.245+0000] {processor.py:839} INFO - DAG(s) dict_keys(['example_complex']) retrieved from /home/airflow/.local/lib/python3.8/site-packages/airflow/example_dags/example_complex.py
[2023-11-04T16:32:29.296+0000] {logging_mixin.py:151} INFO - [2023-11-04T16:32:29.296+0000] {dag.py:2941} INFO - Sync 1 DAGs
[2023-11-04T16:32:29.317+0000] {logging_mixin.py:151} INFO - [2023-11-04T16:32:29.317+0000] {dag.py:3722} INFO - Setting next_dagrun for example_complex to None, run_after=None
[2023-11-04T16:32:29.347+0000] {processor.py:179} INFO - Processing /home/airflow/.local/lib/python3.8/site-packages/airflow/example_dags/example_complex.py took 0.131 seconds
[2023-11-04T16:32:59.827+0000] {processor.py:157} INFO - Started process (PID=4632) to work on /home/airflow/.local/lib/python3.8/site-packages/airflow/example_dags/example_complex.py
[2023-11-04T16:32:59.829+0000] {processor.py:829} INFO - Processing file /home/airflow/.local/lib/python3.8/site-packages/airflow/example_dags/example_complex.py for tasks to queue
[2023-11-04T16:32:59.830+0000] {logging_mixin.py:151} INFO - [2023-11-04T16:32:59.830+0000] {dagbag.py:536} INFO - Filling up the DagBag from /home/airflow/.local/lib/python3.8/site-packages/airflow/example_dags/example_complex.py
[2023-11-04T16:32:59.849+0000] {processor.py:839} INFO - DAG(s) dict_keys(['example_complex']) retrieved from /home/airflow/.local/lib/python3.8/site-packages/airflow/example_dags/example_complex.py
[2023-11-04T16:32:59.903+0000] {logging_mixin.py:151} INFO - [2023-11-04T16:32:59.903+0000] {dag.py:2941} INFO - Sync 1 DAGs
[2023-11-04T16:32:59.925+0000] {logging_mixin.py:151} INFO - [2023-11-04T16:32:59.925+0000] {dag.py:3722} INFO - Setting next_dagrun for example_complex to None, run_after=None
[2023-11-04T16:32:59.959+0000] {processor.py:179} INFO - Processing /home/airflow/.local/lib/python3.8/site-packages/airflow/example_dags/example_complex.py took 0.138 seconds
[2023-11-04T16:33:30.090+0000] {processor.py:157} INFO - Started process (PID=4870) to work on /home/airflow/.local/lib/python3.8/site-packages/airflow/example_dags/example_complex.py
[2023-11-04T16:33:30.092+0000] {processor.py:829} INFO - Processing file /home/airflow/.local/lib/python3.8/site-packages/airflow/example_dags/example_complex.py for tasks to queue
[2023-11-04T16:33:30.094+0000] {logging_mixin.py:151} INFO - [2023-11-04T16:33:30.093+0000] {dagbag.py:536} INFO - Filling up the DagBag from /home/airflow/.local/lib/python3.8/site-packages/airflow/example_dags/example_complex.py
[2023-11-04T16:33:30.113+0000] {processor.py:839} INFO - DAG(s) dict_keys(['example_complex']) retrieved from /home/airflow/.local/lib/python3.8/site-packages/airflow/example_dags/example_complex.py
[2023-11-04T16:33:30.166+0000] {logging_mixin.py:151} INFO - [2023-11-04T16:33:30.165+0000] {dag.py:2941} INFO - Sync 1 DAGs
[2023-11-04T16:33:30.186+0000] {logging_mixin.py:151} INFO - [2023-11-04T16:33:30.186+0000] {dag.py:3722} INFO - Setting next_dagrun for example_complex to None, run_after=None
[2023-11-04T16:33:30.223+0000] {processor.py:179} INFO - Processing /home/airflow/.local/lib/python3.8/site-packages/airflow/example_dags/example_complex.py took 0.138 seconds
[2023-11-04T16:34:00.845+0000] {processor.py:157} INFO - Started process (PID=5106) to work on /home/airflow/.local/lib/python3.8/site-packages/airflow/example_dags/example_complex.py
[2023-11-04T16:34:00.847+0000] {processor.py:829} INFO - Processing file /home/airflow/.local/lib/python3.8/site-packages/airflow/example_dags/example_complex.py for tasks to queue
[2023-11-04T16:34:00.849+0000] {logging_mixin.py:151} INFO - [2023-11-04T16:34:00.848+0000] {dagbag.py:536} INFO - Filling up the DagBag from /home/airflow/.local/lib/python3.8/site-packages/airflow/example_dags/example_complex.py
[2023-11-04T16:34:00.867+0000] {processor.py:839} INFO - DAG(s) dict_keys(['example_complex']) retrieved from /home/airflow/.local/lib/python3.8/site-packages/airflow/example_dags/example_complex.py
[2023-11-04T16:34:00.918+0000] {logging_mixin.py:151} INFO - [2023-11-04T16:34:00.918+0000] {dag.py:2941} INFO - Sync 1 DAGs
[2023-11-04T16:34:00.939+0000] {logging_mixin.py:151} INFO - [2023-11-04T16:34:00.939+0000] {dag.py:3722} INFO - Setting next_dagrun for example_complex to None, run_after=None
[2023-11-04T16:34:00.971+0000] {processor.py:179} INFO - Processing /home/airflow/.local/lib/python3.8/site-packages/airflow/example_dags/example_complex.py took 0.130 seconds
[2023-11-04T16:34:31.253+0000] {processor.py:157} INFO - Started process (PID=5344) to work on /home/airflow/.local/lib/python3.8/site-packages/airflow/example_dags/example_complex.py
[2023-11-04T16:34:31.255+0000] {processor.py:829} INFO - Processing file /home/airflow/.local/lib/python3.8/site-packages/airflow/example_dags/example_complex.py for tasks to queue
[2023-11-04T16:34:31.257+0000] {logging_mixin.py:151} INFO - [2023-11-04T16:34:31.256+0000] {dagbag.py:536} INFO - Filling up the DagBag from /home/airflow/.local/lib/python3.8/site-packages/airflow/example_dags/example_complex.py
[2023-11-04T16:34:31.277+0000] {processor.py:839} INFO - DAG(s) dict_keys(['example_complex']) retrieved from /home/airflow/.local/lib/python3.8/site-packages/airflow/example_dags/example_complex.py
[2023-11-04T16:34:31.328+0000] {logging_mixin.py:151} INFO - [2023-11-04T16:34:31.328+0000] {dag.py:2941} INFO - Sync 1 DAGs
[2023-11-04T16:34:31.349+0000] {logging_mixin.py:151} INFO - [2023-11-04T16:34:31.349+0000] {dag.py:3722} INFO - Setting next_dagrun for example_complex to None, run_after=None
[2023-11-04T16:34:31.385+0000] {processor.py:179} INFO - Processing /home/airflow/.local/lib/python3.8/site-packages/airflow/example_dags/example_complex.py took 0.137 seconds
[2023-11-04T16:35:02.253+0000] {processor.py:157} INFO - Started process (PID=5582) to work on /home/airflow/.local/lib/python3.8/site-packages/airflow/example_dags/example_complex.py
[2023-11-04T16:35:02.255+0000] {processor.py:829} INFO - Processing file /home/airflow/.local/lib/python3.8/site-packages/airflow/example_dags/example_complex.py for tasks to queue
[2023-11-04T16:35:02.256+0000] {logging_mixin.py:151} INFO - [2023-11-04T16:35:02.256+0000] {dagbag.py:536} INFO - Filling up the DagBag from /home/airflow/.local/lib/python3.8/site-packages/airflow/example_dags/example_complex.py
[2023-11-04T16:35:02.275+0000] {processor.py:839} INFO - DAG(s) dict_keys(['example_complex']) retrieved from /home/airflow/.local/lib/python3.8/site-packages/airflow/example_dags/example_complex.py
[2023-11-04T16:35:02.326+0000] {logging_mixin.py:151} INFO - [2023-11-04T16:35:02.326+0000] {dag.py:2941} INFO - Sync 1 DAGs
[2023-11-04T16:35:02.346+0000] {logging_mixin.py:151} INFO - [2023-11-04T16:35:02.346+0000] {dag.py:3722} INFO - Setting next_dagrun for example_complex to None, run_after=None
[2023-11-04T16:35:02.377+0000] {processor.py:179} INFO - Processing /home/airflow/.local/lib/python3.8/site-packages/airflow/example_dags/example_complex.py took 0.129 seconds
[2023-11-04T16:35:33.383+0000] {processor.py:157} INFO - Started process (PID=5820) to work on /home/airflow/.local/lib/python3.8/site-packages/airflow/example_dags/example_complex.py
[2023-11-04T16:35:33.385+0000] {processor.py:829} INFO - Processing file /home/airflow/.local/lib/python3.8/site-packages/airflow/example_dags/example_complex.py for tasks to queue
[2023-11-04T16:35:33.388+0000] {logging_mixin.py:151} INFO - [2023-11-04T16:35:33.387+0000] {dagbag.py:536} INFO - Filling up the DagBag from /home/airflow/.local/lib/python3.8/site-packages/airflow/example_dags/example_complex.py
[2023-11-04T16:35:33.414+0000] {processor.py:839} INFO - DAG(s) dict_keys(['example_complex']) retrieved from /home/airflow/.local/lib/python3.8/site-packages/airflow/example_dags/example_complex.py
[2023-11-04T16:35:33.487+0000] {logging_mixin.py:151} INFO - [2023-11-04T16:35:33.487+0000] {dag.py:2941} INFO - Sync 1 DAGs
[2023-11-04T16:35:33.515+0000] {logging_mixin.py:151} INFO - [2023-11-04T16:35:33.515+0000] {dag.py:3722} INFO - Setting next_dagrun for example_complex to None, run_after=None
[2023-11-04T16:35:33.552+0000] {processor.py:179} INFO - Processing /home/airflow/.local/lib/python3.8/site-packages/airflow/example_dags/example_complex.py took 0.177 seconds
[2023-11-04T16:36:03.798+0000] {processor.py:157} INFO - Started process (PID=6058) to work on /home/airflow/.local/lib/python3.8/site-packages/airflow/example_dags/example_complex.py
[2023-11-04T16:36:03.799+0000] {processor.py:829} INFO - Processing file /home/airflow/.local/lib/python3.8/site-packages/airflow/example_dags/example_complex.py for tasks to queue
[2023-11-04T16:36:03.801+0000] {logging_mixin.py:151} INFO - [2023-11-04T16:36:03.801+0000] {dagbag.py:536} INFO - Filling up the DagBag from /home/airflow/.local/lib/python3.8/site-packages/airflow/example_dags/example_complex.py
[2023-11-04T16:36:03.822+0000] {processor.py:839} INFO - DAG(s) dict_keys(['example_complex']) retrieved from /home/airflow/.local/lib/python3.8/site-packages/airflow/example_dags/example_complex.py
[2023-11-04T16:36:03.886+0000] {logging_mixin.py:151} INFO - [2023-11-04T16:36:03.886+0000] {dag.py:2941} INFO - Sync 1 DAGs
[2023-11-04T16:36:03.911+0000] {logging_mixin.py:151} INFO - [2023-11-04T16:36:03.911+0000] {dag.py:3722} INFO - Setting next_dagrun for example_complex to None, run_after=None
[2023-11-04T16:36:03.953+0000] {processor.py:179} INFO - Processing /home/airflow/.local/lib/python3.8/site-packages/airflow/example_dags/example_complex.py took 0.161 seconds
[2023-11-04T16:36:34.012+0000] {processor.py:157} INFO - Started process (PID=6298) to work on /home/airflow/.local/lib/python3.8/site-packages/airflow/example_dags/example_complex.py
[2023-11-04T16:36:34.014+0000] {processor.py:829} INFO - Processing file /home/airflow/.local/lib/python3.8/site-packages/airflow/example_dags/example_complex.py for tasks to queue
[2023-11-04T16:36:34.016+0000] {logging_mixin.py:151} INFO - [2023-11-04T16:36:34.015+0000] {dagbag.py:536} INFO - Filling up the DagBag from /home/airflow/.local/lib/python3.8/site-packages/airflow/example_dags/example_complex.py
[2023-11-04T16:36:34.034+0000] {processor.py:839} INFO - DAG(s) dict_keys(['example_complex']) retrieved from /home/airflow/.local/lib/python3.8/site-packages/airflow/example_dags/example_complex.py
[2023-11-04T16:36:34.086+0000] {logging_mixin.py:151} INFO - [2023-11-04T16:36:34.086+0000] {dag.py:2941} INFO - Sync 1 DAGs
[2023-11-04T16:36:34.105+0000] {logging_mixin.py:151} INFO - [2023-11-04T16:36:34.105+0000] {dag.py:3722} INFO - Setting next_dagrun for example_complex to None, run_after=None
[2023-11-04T16:36:34.136+0000] {processor.py:179} INFO - Processing /home/airflow/.local/lib/python3.8/site-packages/airflow/example_dags/example_complex.py took 0.128 seconds
[2023-11-04T16:37:06.767+0000] {processor.py:157} INFO - Started process (PID=6534) to work on /home/airflow/.local/lib/python3.8/site-packages/airflow/example_dags/example_complex.py
[2023-11-04T16:37:06.783+0000] {processor.py:829} INFO - Processing file /home/airflow/.local/lib/python3.8/site-packages/airflow/example_dags/example_complex.py for tasks to queue
[2023-11-04T16:37:06.802+0000] {logging_mixin.py:151} INFO - [2023-11-04T16:37:06.801+0000] {dagbag.py:536} INFO - Filling up the DagBag from /home/airflow/.local/lib/python3.8/site-packages/airflow/example_dags/example_complex.py
[2023-11-04T16:37:06.860+0000] {processor.py:839} INFO - DAG(s) dict_keys(['example_complex']) retrieved from /home/airflow/.local/lib/python3.8/site-packages/airflow/example_dags/example_complex.py
[2023-11-04T16:37:07.002+0000] {logging_mixin.py:151} INFO - [2023-11-04T16:37:07.002+0000] {dag.py:2941} INFO - Sync 1 DAGs
[2023-11-04T16:37:07.054+0000] {logging_mixin.py:151} INFO - [2023-11-04T16:37:07.054+0000] {dag.py:3722} INFO - Setting next_dagrun for example_complex to None, run_after=None
[2023-11-04T16:37:07.166+0000] {processor.py:179} INFO - Processing /home/airflow/.local/lib/python3.8/site-packages/airflow/example_dags/example_complex.py took 0.405 seconds
[2023-11-04T16:37:37.619+0000] {processor.py:157} INFO - Started process (PID=6772) to work on /home/airflow/.local/lib/python3.8/site-packages/airflow/example_dags/example_complex.py
[2023-11-04T16:37:37.621+0000] {processor.py:829} INFO - Processing file /home/airflow/.local/lib/python3.8/site-packages/airflow/example_dags/example_complex.py for tasks to queue
[2023-11-04T16:37:37.622+0000] {logging_mixin.py:151} INFO - [2023-11-04T16:37:37.622+0000] {dagbag.py:536} INFO - Filling up the DagBag from /home/airflow/.local/lib/python3.8/site-packages/airflow/example_dags/example_complex.py
[2023-11-04T16:37:37.641+0000] {processor.py:839} INFO - DAG(s) dict_keys(['example_complex']) retrieved from /home/airflow/.local/lib/python3.8/site-packages/airflow/example_dags/example_complex.py
[2023-11-04T16:37:37.693+0000] {logging_mixin.py:151} INFO - [2023-11-04T16:37:37.693+0000] {dag.py:2941} INFO - Sync 1 DAGs
[2023-11-04T16:37:37.713+0000] {logging_mixin.py:151} INFO - [2023-11-04T16:37:37.713+0000] {dag.py:3722} INFO - Setting next_dagrun for example_complex to None, run_after=None
[2023-11-04T16:37:37.742+0000] {processor.py:179} INFO - Processing /home/airflow/.local/lib/python3.8/site-packages/airflow/example_dags/example_complex.py took 0.127 seconds
[2023-11-04T16:38:07.992+0000] {processor.py:157} INFO - Started process (PID=7010) to work on /home/airflow/.local/lib/python3.8/site-packages/airflow/example_dags/example_complex.py
[2023-11-04T16:38:07.993+0000] {processor.py:829} INFO - Processing file /home/airflow/.local/lib/python3.8/site-packages/airflow/example_dags/example_complex.py for tasks to queue
[2023-11-04T16:38:07.995+0000] {logging_mixin.py:151} INFO - [2023-11-04T16:38:07.995+0000] {dagbag.py:536} INFO - Filling up the DagBag from /home/airflow/.local/lib/python3.8/site-packages/airflow/example_dags/example_complex.py
[2023-11-04T16:38:08.015+0000] {processor.py:839} INFO - DAG(s) dict_keys(['example_complex']) retrieved from /home/airflow/.local/lib/python3.8/site-packages/airflow/example_dags/example_complex.py
[2023-11-04T16:38:08.068+0000] {logging_mixin.py:151} INFO - [2023-11-04T16:38:08.068+0000] {dag.py:2941} INFO - Sync 1 DAGs
[2023-11-04T16:38:08.088+0000] {logging_mixin.py:151} INFO - [2023-11-04T16:38:08.088+0000] {dag.py:3722} INFO - Setting next_dagrun for example_complex to None, run_after=None
[2023-11-04T16:38:08.117+0000] {processor.py:179} INFO - Processing /home/airflow/.local/lib/python3.8/site-packages/airflow/example_dags/example_complex.py took 0.130 seconds
[2023-11-04T16:38:38.189+0000] {processor.py:157} INFO - Started process (PID=7248) to work on /home/airflow/.local/lib/python3.8/site-packages/airflow/example_dags/example_complex.py
[2023-11-04T16:38:38.190+0000] {processor.py:829} INFO - Processing file /home/airflow/.local/lib/python3.8/site-packages/airflow/example_dags/example_complex.py for tasks to queue
[2023-11-04T16:38:38.192+0000] {logging_mixin.py:151} INFO - [2023-11-04T16:38:38.192+0000] {dagbag.py:536} INFO - Filling up the DagBag from /home/airflow/.local/lib/python3.8/site-packages/airflow/example_dags/example_complex.py
[2023-11-04T16:38:38.211+0000] {processor.py:839} INFO - DAG(s) dict_keys(['example_complex']) retrieved from /home/airflow/.local/lib/python3.8/site-packages/airflow/example_dags/example_complex.py
[2023-11-04T16:38:38.262+0000] {logging_mixin.py:151} INFO - [2023-11-04T16:38:38.261+0000] {dag.py:2941} INFO - Sync 1 DAGs
[2023-11-04T16:38:38.281+0000] {logging_mixin.py:151} INFO - [2023-11-04T16:38:38.281+0000] {dag.py:3722} INFO - Setting next_dagrun for example_complex to None, run_after=None
[2023-11-04T16:38:38.309+0000] {processor.py:179} INFO - Processing /home/airflow/.local/lib/python3.8/site-packages/airflow/example_dags/example_complex.py took 0.125 seconds
[2023-11-04T16:39:08.925+0000] {processor.py:157} INFO - Started process (PID=7486) to work on /home/airflow/.local/lib/python3.8/site-packages/airflow/example_dags/example_complex.py
[2023-11-04T16:39:08.927+0000] {processor.py:829} INFO - Processing file /home/airflow/.local/lib/python3.8/site-packages/airflow/example_dags/example_complex.py for tasks to queue
[2023-11-04T16:39:08.929+0000] {logging_mixin.py:151} INFO - [2023-11-04T16:39:08.928+0000] {dagbag.py:536} INFO - Filling up the DagBag from /home/airflow/.local/lib/python3.8/site-packages/airflow/example_dags/example_complex.py
[2023-11-04T16:39:08.948+0000] {processor.py:839} INFO - DAG(s) dict_keys(['example_complex']) retrieved from /home/airflow/.local/lib/python3.8/site-packages/airflow/example_dags/example_complex.py
[2023-11-04T16:39:09.000+0000] {logging_mixin.py:151} INFO - [2023-11-04T16:39:09.000+0000] {dag.py:2941} INFO - Sync 1 DAGs
[2023-11-04T16:39:09.024+0000] {logging_mixin.py:151} INFO - [2023-11-04T16:39:09.023+0000] {dag.py:3722} INFO - Setting next_dagrun for example_complex to None, run_after=None
[2023-11-04T16:39:09.054+0000] {processor.py:179} INFO - Processing /home/airflow/.local/lib/python3.8/site-packages/airflow/example_dags/example_complex.py took 0.134 seconds
[2023-11-04T16:39:39.351+0000] {processor.py:157} INFO - Started process (PID=7724) to work on /home/airflow/.local/lib/python3.8/site-packages/airflow/example_dags/example_complex.py
[2023-11-04T16:39:39.353+0000] {processor.py:829} INFO - Processing file /home/airflow/.local/lib/python3.8/site-packages/airflow/example_dags/example_complex.py for tasks to queue
[2023-11-04T16:39:39.354+0000] {logging_mixin.py:151} INFO - [2023-11-04T16:39:39.354+0000] {dagbag.py:536} INFO - Filling up the DagBag from /home/airflow/.local/lib/python3.8/site-packages/airflow/example_dags/example_complex.py
[2023-11-04T16:39:39.374+0000] {processor.py:839} INFO - DAG(s) dict_keys(['example_complex']) retrieved from /home/airflow/.local/lib/python3.8/site-packages/airflow/example_dags/example_complex.py
[2023-11-04T16:39:39.430+0000] {logging_mixin.py:151} INFO - [2023-11-04T16:39:39.430+0000] {dag.py:2941} INFO - Sync 1 DAGs
[2023-11-04T16:39:39.452+0000] {logging_mixin.py:151} INFO - [2023-11-04T16:39:39.451+0000] {dag.py:3722} INFO - Setting next_dagrun for example_complex to None, run_after=None
[2023-11-04T16:39:39.482+0000] {processor.py:179} INFO - Processing /home/airflow/.local/lib/python3.8/site-packages/airflow/example_dags/example_complex.py took 0.138 seconds
[2023-11-04T16:40:09.758+0000] {processor.py:157} INFO - Started process (PID=7962) to work on /home/airflow/.local/lib/python3.8/site-packages/airflow/example_dags/example_complex.py
[2023-11-04T16:40:09.760+0000] {processor.py:829} INFO - Processing file /home/airflow/.local/lib/python3.8/site-packages/airflow/example_dags/example_complex.py for tasks to queue
[2023-11-04T16:40:09.762+0000] {logging_mixin.py:151} INFO - [2023-11-04T16:40:09.762+0000] {dagbag.py:536} INFO - Filling up the DagBag from /home/airflow/.local/lib/python3.8/site-packages/airflow/example_dags/example_complex.py
[2023-11-04T16:40:09.782+0000] {processor.py:839} INFO - DAG(s) dict_keys(['example_complex']) retrieved from /home/airflow/.local/lib/python3.8/site-packages/airflow/example_dags/example_complex.py
[2023-11-04T16:40:09.842+0000] {logging_mixin.py:151} INFO - [2023-11-04T16:40:09.842+0000] {dag.py:2941} INFO - Sync 1 DAGs
[2023-11-04T16:40:09.863+0000] {logging_mixin.py:151} INFO - [2023-11-04T16:40:09.863+0000] {dag.py:3722} INFO - Setting next_dagrun for example_complex to None, run_after=None
[2023-11-04T16:40:09.961+0000] {processor.py:179} INFO - Processing /home/airflow/.local/lib/python3.8/site-packages/airflow/example_dags/example_complex.py took 0.208 seconds
[2023-11-04T16:40:40.355+0000] {processor.py:157} INFO - Started process (PID=8200) to work on /home/airflow/.local/lib/python3.8/site-packages/airflow/example_dags/example_complex.py
[2023-11-04T16:40:40.357+0000] {processor.py:829} INFO - Processing file /home/airflow/.local/lib/python3.8/site-packages/airflow/example_dags/example_complex.py for tasks to queue
[2023-11-04T16:40:40.358+0000] {logging_mixin.py:151} INFO - [2023-11-04T16:40:40.358+0000] {dagbag.py:536} INFO - Filling up the DagBag from /home/airflow/.local/lib/python3.8/site-packages/airflow/example_dags/example_complex.py
[2023-11-04T16:40:40.378+0000] {processor.py:839} INFO - DAG(s) dict_keys(['example_complex']) retrieved from /home/airflow/.local/lib/python3.8/site-packages/airflow/example_dags/example_complex.py
[2023-11-04T16:40:40.428+0000] {logging_mixin.py:151} INFO - [2023-11-04T16:40:40.427+0000] {dag.py:2941} INFO - Sync 1 DAGs
[2023-11-04T16:40:40.448+0000] {logging_mixin.py:151} INFO - [2023-11-04T16:40:40.447+0000] {dag.py:3722} INFO - Setting next_dagrun for example_complex to None, run_after=None
[2023-11-04T16:40:40.476+0000] {processor.py:179} INFO - Processing /home/airflow/.local/lib/python3.8/site-packages/airflow/example_dags/example_complex.py took 0.126 seconds
[2023-11-04T16:41:10.634+0000] {processor.py:157} INFO - Started process (PID=8438) to work on /home/airflow/.local/lib/python3.8/site-packages/airflow/example_dags/example_complex.py
[2023-11-04T16:41:10.636+0000] {processor.py:829} INFO - Processing file /home/airflow/.local/lib/python3.8/site-packages/airflow/example_dags/example_complex.py for tasks to queue
[2023-11-04T16:41:10.637+0000] {logging_mixin.py:151} INFO - [2023-11-04T16:41:10.637+0000] {dagbag.py:536} INFO - Filling up the DagBag from /home/airflow/.local/lib/python3.8/site-packages/airflow/example_dags/example_complex.py
[2023-11-04T16:41:10.658+0000] {processor.py:839} INFO - DAG(s) dict_keys(['example_complex']) retrieved from /home/airflow/.local/lib/python3.8/site-packages/airflow/example_dags/example_complex.py
[2023-11-04T16:41:10.708+0000] {logging_mixin.py:151} INFO - [2023-11-04T16:41:10.708+0000] {dag.py:2941} INFO - Sync 1 DAGs
[2023-11-04T16:41:10.728+0000] {logging_mixin.py:151} INFO - [2023-11-04T16:41:10.727+0000] {dag.py:3722} INFO - Setting next_dagrun for example_complex to None, run_after=None
[2023-11-04T16:41:10.756+0000] {processor.py:179} INFO - Processing /home/airflow/.local/lib/python3.8/site-packages/airflow/example_dags/example_complex.py took 0.127 seconds
[2023-11-04T16:41:41.273+0000] {processor.py:157} INFO - Started process (PID=8676) to work on /home/airflow/.local/lib/python3.8/site-packages/airflow/example_dags/example_complex.py
[2023-11-04T16:41:41.275+0000] {processor.py:829} INFO - Processing file /home/airflow/.local/lib/python3.8/site-packages/airflow/example_dags/example_complex.py for tasks to queue
[2023-11-04T16:41:41.276+0000] {logging_mixin.py:151} INFO - [2023-11-04T16:41:41.276+0000] {dagbag.py:536} INFO - Filling up the DagBag from /home/airflow/.local/lib/python3.8/site-packages/airflow/example_dags/example_complex.py
[2023-11-04T16:41:41.296+0000] {processor.py:839} INFO - DAG(s) dict_keys(['example_complex']) retrieved from /home/airflow/.local/lib/python3.8/site-packages/airflow/example_dags/example_complex.py
[2023-11-04T16:41:41.349+0000] {logging_mixin.py:151} INFO - [2023-11-04T16:41:41.349+0000] {dag.py:2941} INFO - Sync 1 DAGs
[2023-11-04T16:41:41.368+0000] {logging_mixin.py:151} INFO - [2023-11-04T16:41:41.368+0000] {dag.py:3722} INFO - Setting next_dagrun for example_complex to None, run_after=None
[2023-11-04T16:41:41.401+0000] {processor.py:179} INFO - Processing /home/airflow/.local/lib/python3.8/site-packages/airflow/example_dags/example_complex.py took 0.132 seconds
[2023-11-04T16:42:12.639+0000] {processor.py:157} INFO - Started process (PID=8980) to work on /home/airflow/.local/lib/python3.8/site-packages/airflow/example_dags/example_complex.py
[2023-11-04T16:42:12.641+0000] {processor.py:829} INFO - Processing file /home/airflow/.local/lib/python3.8/site-packages/airflow/example_dags/example_complex.py for tasks to queue
[2023-11-04T16:42:12.643+0000] {logging_mixin.py:151} INFO - [2023-11-04T16:42:12.642+0000] {dagbag.py:536} INFO - Filling up the DagBag from /home/airflow/.local/lib/python3.8/site-packages/airflow/example_dags/example_complex.py
[2023-11-04T16:42:12.670+0000] {processor.py:839} INFO - DAG(s) dict_keys(['example_complex']) retrieved from /home/airflow/.local/lib/python3.8/site-packages/airflow/example_dags/example_complex.py
[2023-11-04T16:42:12.738+0000] {logging_mixin.py:151} INFO - [2023-11-04T16:42:12.738+0000] {dag.py:2941} INFO - Sync 1 DAGs
[2023-11-04T16:42:12.763+0000] {logging_mixin.py:151} INFO - [2023-11-04T16:42:12.762+0000] {dag.py:3722} INFO - Setting next_dagrun for example_complex to None, run_after=None
[2023-11-04T16:42:12.808+0000] {processor.py:179} INFO - Processing /home/airflow/.local/lib/python3.8/site-packages/airflow/example_dags/example_complex.py took 0.175 seconds
[2023-11-04T17:13:30.953+0000] {processor.py:157} INFO - Started process (PID=337) to work on /home/airflow/.local/lib/python3.8/site-packages/airflow/example_dags/example_complex.py
[2023-11-04T17:13:30.955+0000] {processor.py:829} INFO - Processing file /home/airflow/.local/lib/python3.8/site-packages/airflow/example_dags/example_complex.py for tasks to queue
[2023-11-04T17:13:30.957+0000] {logging_mixin.py:151} INFO - [2023-11-04T17:13:30.957+0000] {dagbag.py:536} INFO - Filling up the DagBag from /home/airflow/.local/lib/python3.8/site-packages/airflow/example_dags/example_complex.py
[2023-11-04T17:13:30.978+0000] {processor.py:839} INFO - DAG(s) dict_keys(['example_complex']) retrieved from /home/airflow/.local/lib/python3.8/site-packages/airflow/example_dags/example_complex.py
[2023-11-04T17:13:31.033+0000] {logging_mixin.py:151} INFO - [2023-11-04T17:13:31.032+0000] {dag.py:2941} INFO - Sync 1 DAGs
[2023-11-04T17:13:31.052+0000] {logging_mixin.py:151} INFO - [2023-11-04T17:13:31.052+0000] {dag.py:3722} INFO - Setting next_dagrun for example_complex to None, run_after=None
[2023-11-04T17:13:31.082+0000] {processor.py:179} INFO - Processing /home/airflow/.local/lib/python3.8/site-packages/airflow/example_dags/example_complex.py took 0.134 seconds
[2023-11-04T17:14:01.317+0000] {processor.py:157} INFO - Started process (PID=577) to work on /home/airflow/.local/lib/python3.8/site-packages/airflow/example_dags/example_complex.py
[2023-11-04T17:14:01.318+0000] {processor.py:829} INFO - Processing file /home/airflow/.local/lib/python3.8/site-packages/airflow/example_dags/example_complex.py for tasks to queue
[2023-11-04T17:14:01.320+0000] {logging_mixin.py:151} INFO - [2023-11-04T17:14:01.319+0000] {dagbag.py:536} INFO - Filling up the DagBag from /home/airflow/.local/lib/python3.8/site-packages/airflow/example_dags/example_complex.py
[2023-11-04T17:14:01.338+0000] {processor.py:839} INFO - DAG(s) dict_keys(['example_complex']) retrieved from /home/airflow/.local/lib/python3.8/site-packages/airflow/example_dags/example_complex.py
[2023-11-04T17:14:01.358+0000] {logging_mixin.py:151} INFO - [2023-11-04T17:14:01.358+0000] {dag.py:2941} INFO - Sync 1 DAGs
[2023-11-04T17:14:01.383+0000] {logging_mixin.py:151} INFO - [2023-11-04T17:14:01.382+0000] {dag.py:3722} INFO - Setting next_dagrun for example_complex to None, run_after=None
[2023-11-04T17:14:01.417+0000] {processor.py:179} INFO - Processing /home/airflow/.local/lib/python3.8/site-packages/airflow/example_dags/example_complex.py took 0.105 seconds
[2023-11-04T17:14:32.098+0000] {processor.py:157} INFO - Started process (PID=813) to work on /home/airflow/.local/lib/python3.8/site-packages/airflow/example_dags/example_complex.py
[2023-11-04T17:14:32.100+0000] {processor.py:829} INFO - Processing file /home/airflow/.local/lib/python3.8/site-packages/airflow/example_dags/example_complex.py for tasks to queue
[2023-11-04T17:14:32.104+0000] {logging_mixin.py:151} INFO - [2023-11-04T17:14:32.104+0000] {dagbag.py:536} INFO - Filling up the DagBag from /home/airflow/.local/lib/python3.8/site-packages/airflow/example_dags/example_complex.py
[2023-11-04T17:14:32.122+0000] {processor.py:839} INFO - DAG(s) dict_keys(['example_complex']) retrieved from /home/airflow/.local/lib/python3.8/site-packages/airflow/example_dags/example_complex.py
[2023-11-04T17:14:32.142+0000] {logging_mixin.py:151} INFO - [2023-11-04T17:14:32.142+0000] {dag.py:2941} INFO - Sync 1 DAGs
[2023-11-04T17:14:32.167+0000] {logging_mixin.py:151} INFO - [2023-11-04T17:14:32.167+0000] {dag.py:3722} INFO - Setting next_dagrun for example_complex to None, run_after=None
[2023-11-04T17:14:32.208+0000] {processor.py:179} INFO - Processing /home/airflow/.local/lib/python3.8/site-packages/airflow/example_dags/example_complex.py took 0.116 seconds
[2023-11-04T17:15:02.840+0000] {processor.py:157} INFO - Started process (PID=1051) to work on /home/airflow/.local/lib/python3.8/site-packages/airflow/example_dags/example_complex.py
[2023-11-04T17:15:02.842+0000] {processor.py:829} INFO - Processing file /home/airflow/.local/lib/python3.8/site-packages/airflow/example_dags/example_complex.py for tasks to queue
[2023-11-04T17:15:02.844+0000] {logging_mixin.py:151} INFO - [2023-11-04T17:15:02.843+0000] {dagbag.py:536} INFO - Filling up the DagBag from /home/airflow/.local/lib/python3.8/site-packages/airflow/example_dags/example_complex.py
[2023-11-04T17:15:02.863+0000] {processor.py:839} INFO - DAG(s) dict_keys(['example_complex']) retrieved from /home/airflow/.local/lib/python3.8/site-packages/airflow/example_dags/example_complex.py
[2023-11-04T17:15:02.933+0000] {logging_mixin.py:151} INFO - [2023-11-04T17:15:02.933+0000] {dag.py:2941} INFO - Sync 1 DAGs
[2023-11-04T17:15:02.954+0000] {logging_mixin.py:151} INFO - [2023-11-04T17:15:02.953+0000] {dag.py:3722} INFO - Setting next_dagrun for example_complex to None, run_after=None
[2023-11-04T17:15:02.985+0000] {processor.py:179} INFO - Processing /home/airflow/.local/lib/python3.8/site-packages/airflow/example_dags/example_complex.py took 0.151 seconds
[2023-11-04T17:15:33.898+0000] {processor.py:157} INFO - Started process (PID=1289) to work on /home/airflow/.local/lib/python3.8/site-packages/airflow/example_dags/example_complex.py
[2023-11-04T17:15:33.900+0000] {processor.py:829} INFO - Processing file /home/airflow/.local/lib/python3.8/site-packages/airflow/example_dags/example_complex.py for tasks to queue
[2023-11-04T17:15:33.903+0000] {logging_mixin.py:151} INFO - [2023-11-04T17:15:33.902+0000] {dagbag.py:536} INFO - Filling up the DagBag from /home/airflow/.local/lib/python3.8/site-packages/airflow/example_dags/example_complex.py
[2023-11-04T17:15:33.924+0000] {processor.py:839} INFO - DAG(s) dict_keys(['example_complex']) retrieved from /home/airflow/.local/lib/python3.8/site-packages/airflow/example_dags/example_complex.py
[2023-11-04T17:15:33.991+0000] {logging_mixin.py:151} INFO - [2023-11-04T17:15:33.991+0000] {dag.py:2941} INFO - Sync 1 DAGs
[2023-11-04T17:15:34.017+0000] {logging_mixin.py:151} INFO - [2023-11-04T17:15:34.017+0000] {dag.py:3722} INFO - Setting next_dagrun for example_complex to None, run_after=None
[2023-11-04T17:15:34.063+0000] {processor.py:179} INFO - Processing /home/airflow/.local/lib/python3.8/site-packages/airflow/example_dags/example_complex.py took 0.174 seconds
[2023-11-04T17:16:04.211+0000] {processor.py:157} INFO - Started process (PID=1551) to work on /home/airflow/.local/lib/python3.8/site-packages/airflow/example_dags/example_complex.py
[2023-11-04T17:16:04.214+0000] {processor.py:829} INFO - Processing file /home/airflow/.local/lib/python3.8/site-packages/airflow/example_dags/example_complex.py for tasks to queue
[2023-11-04T17:16:04.216+0000] {logging_mixin.py:151} INFO - [2023-11-04T17:16:04.215+0000] {dagbag.py:536} INFO - Filling up the DagBag from /home/airflow/.local/lib/python3.8/site-packages/airflow/example_dags/example_complex.py
[2023-11-04T17:16:04.239+0000] {processor.py:839} INFO - DAG(s) dict_keys(['example_complex']) retrieved from /home/airflow/.local/lib/python3.8/site-packages/airflow/example_dags/example_complex.py
[2023-11-04T17:16:04.326+0000] {logging_mixin.py:151} INFO - [2023-11-04T17:16:04.326+0000] {dag.py:2941} INFO - Sync 1 DAGs
[2023-11-04T17:16:04.361+0000] {logging_mixin.py:151} INFO - [2023-11-04T17:16:04.360+0000] {dag.py:3722} INFO - Setting next_dagrun for example_complex to None, run_after=None
[2023-11-04T17:16:04.419+0000] {processor.py:179} INFO - Processing /home/airflow/.local/lib/python3.8/site-packages/airflow/example_dags/example_complex.py took 0.213 seconds
[2023-11-04T17:16:34.698+0000] {processor.py:157} INFO - Started process (PID=1792) to work on /home/airflow/.local/lib/python3.8/site-packages/airflow/example_dags/example_complex.py
[2023-11-04T17:16:34.700+0000] {processor.py:829} INFO - Processing file /home/airflow/.local/lib/python3.8/site-packages/airflow/example_dags/example_complex.py for tasks to queue
[2023-11-04T17:16:34.701+0000] {logging_mixin.py:151} INFO - [2023-11-04T17:16:34.701+0000] {dagbag.py:536} INFO - Filling up the DagBag from /home/airflow/.local/lib/python3.8/site-packages/airflow/example_dags/example_complex.py
[2023-11-04T17:16:34.719+0000] {processor.py:839} INFO - DAG(s) dict_keys(['example_complex']) retrieved from /home/airflow/.local/lib/python3.8/site-packages/airflow/example_dags/example_complex.py
[2023-11-04T17:16:34.769+0000] {logging_mixin.py:151} INFO - [2023-11-04T17:16:34.769+0000] {dag.py:2941} INFO - Sync 1 DAGs
[2023-11-04T17:16:34.788+0000] {logging_mixin.py:151} INFO - [2023-11-04T17:16:34.788+0000] {dag.py:3722} INFO - Setting next_dagrun for example_complex to None, run_after=None
[2023-11-04T17:16:34.817+0000] {processor.py:179} INFO - Processing /home/airflow/.local/lib/python3.8/site-packages/airflow/example_dags/example_complex.py took 0.123 seconds
[2023-11-04T17:17:05.550+0000] {processor.py:157} INFO - Started process (PID=2037) to work on /home/airflow/.local/lib/python3.8/site-packages/airflow/example_dags/example_complex.py
[2023-11-04T17:17:05.552+0000] {processor.py:829} INFO - Processing file /home/airflow/.local/lib/python3.8/site-packages/airflow/example_dags/example_complex.py for tasks to queue
[2023-11-04T17:17:05.553+0000] {logging_mixin.py:151} INFO - [2023-11-04T17:17:05.553+0000] {dagbag.py:536} INFO - Filling up the DagBag from /home/airflow/.local/lib/python3.8/site-packages/airflow/example_dags/example_complex.py
[2023-11-04T17:17:05.571+0000] {processor.py:839} INFO - DAG(s) dict_keys(['example_complex']) retrieved from /home/airflow/.local/lib/python3.8/site-packages/airflow/example_dags/example_complex.py
[2023-11-04T17:17:05.627+0000] {logging_mixin.py:151} INFO - [2023-11-04T17:17:05.626+0000] {dag.py:2941} INFO - Sync 1 DAGs
[2023-11-04T17:17:05.654+0000] {logging_mixin.py:151} INFO - [2023-11-04T17:17:05.654+0000] {dag.py:3722} INFO - Setting next_dagrun for example_complex to None, run_after=None
[2023-11-04T17:17:05.684+0000] {processor.py:179} INFO - Processing /home/airflow/.local/lib/python3.8/site-packages/airflow/example_dags/example_complex.py took 0.138 seconds
[2023-11-04T17:17:35.821+0000] {processor.py:157} INFO - Started process (PID=2275) to work on /home/airflow/.local/lib/python3.8/site-packages/airflow/example_dags/example_complex.py
[2023-11-04T17:17:35.823+0000] {processor.py:829} INFO - Processing file /home/airflow/.local/lib/python3.8/site-packages/airflow/example_dags/example_complex.py for tasks to queue
[2023-11-04T17:17:35.824+0000] {logging_mixin.py:151} INFO - [2023-11-04T17:17:35.824+0000] {dagbag.py:536} INFO - Filling up the DagBag from /home/airflow/.local/lib/python3.8/site-packages/airflow/example_dags/example_complex.py
[2023-11-04T17:17:35.845+0000] {processor.py:839} INFO - DAG(s) dict_keys(['example_complex']) retrieved from /home/airflow/.local/lib/python3.8/site-packages/airflow/example_dags/example_complex.py
[2023-11-04T17:17:35.894+0000] {logging_mixin.py:151} INFO - [2023-11-04T17:17:35.894+0000] {dag.py:2941} INFO - Sync 1 DAGs
[2023-11-04T17:17:35.915+0000] {logging_mixin.py:151} INFO - [2023-11-04T17:17:35.915+0000] {dag.py:3722} INFO - Setting next_dagrun for example_complex to None, run_after=None
[2023-11-04T17:17:35.947+0000] {processor.py:179} INFO - Processing /home/airflow/.local/lib/python3.8/site-packages/airflow/example_dags/example_complex.py took 0.132 seconds
[2023-11-04T17:18:06.007+0000] {processor.py:157} INFO - Started process (PID=2513) to work on /home/airflow/.local/lib/python3.8/site-packages/airflow/example_dags/example_complex.py
[2023-11-04T17:18:06.009+0000] {processor.py:829} INFO - Processing file /home/airflow/.local/lib/python3.8/site-packages/airflow/example_dags/example_complex.py for tasks to queue
[2023-11-04T17:18:06.010+0000] {logging_mixin.py:151} INFO - [2023-11-04T17:18:06.010+0000] {dagbag.py:536} INFO - Filling up the DagBag from /home/airflow/.local/lib/python3.8/site-packages/airflow/example_dags/example_complex.py
[2023-11-04T17:18:06.029+0000] {processor.py:839} INFO - DAG(s) dict_keys(['example_complex']) retrieved from /home/airflow/.local/lib/python3.8/site-packages/airflow/example_dags/example_complex.py
[2023-11-04T17:18:06.080+0000] {logging_mixin.py:151} INFO - [2023-11-04T17:18:06.079+0000] {dag.py:2941} INFO - Sync 1 DAGs
[2023-11-04T17:18:06.100+0000] {logging_mixin.py:151} INFO - [2023-11-04T17:18:06.100+0000] {dag.py:3722} INFO - Setting next_dagrun for example_complex to None, run_after=None
[2023-11-04T17:18:06.131+0000] {processor.py:179} INFO - Processing /home/airflow/.local/lib/python3.8/site-packages/airflow/example_dags/example_complex.py took 0.128 seconds
[2023-11-04T17:18:36.521+0000] {processor.py:157} INFO - Started process (PID=2749) to work on /home/airflow/.local/lib/python3.8/site-packages/airflow/example_dags/example_complex.py
[2023-11-04T17:18:36.522+0000] {processor.py:829} INFO - Processing file /home/airflow/.local/lib/python3.8/site-packages/airflow/example_dags/example_complex.py for tasks to queue
[2023-11-04T17:18:36.524+0000] {logging_mixin.py:151} INFO - [2023-11-04T17:18:36.523+0000] {dagbag.py:536} INFO - Filling up the DagBag from /home/airflow/.local/lib/python3.8/site-packages/airflow/example_dags/example_complex.py
[2023-11-04T17:18:36.542+0000] {processor.py:839} INFO - DAG(s) dict_keys(['example_complex']) retrieved from /home/airflow/.local/lib/python3.8/site-packages/airflow/example_dags/example_complex.py
[2023-11-04T17:18:36.593+0000] {logging_mixin.py:151} INFO - [2023-11-04T17:18:36.592+0000] {dag.py:2941} INFO - Sync 1 DAGs
[2023-11-04T17:18:36.612+0000] {logging_mixin.py:151} INFO - [2023-11-04T17:18:36.612+0000] {dag.py:3722} INFO - Setting next_dagrun for example_complex to None, run_after=None
[2023-11-04T17:18:36.640+0000] {processor.py:179} INFO - Processing /home/airflow/.local/lib/python3.8/site-packages/airflow/example_dags/example_complex.py took 0.124 seconds
[2023-11-04T17:19:06.876+0000] {processor.py:157} INFO - Started process (PID=2987) to work on /home/airflow/.local/lib/python3.8/site-packages/airflow/example_dags/example_complex.py
[2023-11-04T17:19:06.878+0000] {processor.py:829} INFO - Processing file /home/airflow/.local/lib/python3.8/site-packages/airflow/example_dags/example_complex.py for tasks to queue
[2023-11-04T17:19:06.879+0000] {logging_mixin.py:151} INFO - [2023-11-04T17:19:06.879+0000] {dagbag.py:536} INFO - Filling up the DagBag from /home/airflow/.local/lib/python3.8/site-packages/airflow/example_dags/example_complex.py
[2023-11-04T17:19:06.899+0000] {processor.py:839} INFO - DAG(s) dict_keys(['example_complex']) retrieved from /home/airflow/.local/lib/python3.8/site-packages/airflow/example_dags/example_complex.py
[2023-11-04T17:19:06.953+0000] {logging_mixin.py:151} INFO - [2023-11-04T17:19:06.952+0000] {dag.py:2941} INFO - Sync 1 DAGs
[2023-11-04T17:19:06.972+0000] {logging_mixin.py:151} INFO - [2023-11-04T17:19:06.972+0000] {dag.py:3722} INFO - Setting next_dagrun for example_complex to None, run_after=None
[2023-11-04T17:19:07.001+0000] {processor.py:179} INFO - Processing /home/airflow/.local/lib/python3.8/site-packages/airflow/example_dags/example_complex.py took 0.130 seconds
[2023-11-04T17:19:37.249+0000] {processor.py:157} INFO - Started process (PID=3227) to work on /home/airflow/.local/lib/python3.8/site-packages/airflow/example_dags/example_complex.py
[2023-11-04T17:19:37.250+0000] {processor.py:829} INFO - Processing file /home/airflow/.local/lib/python3.8/site-packages/airflow/example_dags/example_complex.py for tasks to queue
[2023-11-04T17:19:37.252+0000] {logging_mixin.py:151} INFO - [2023-11-04T17:19:37.251+0000] {dagbag.py:536} INFO - Filling up the DagBag from /home/airflow/.local/lib/python3.8/site-packages/airflow/example_dags/example_complex.py
[2023-11-04T17:19:37.270+0000] {processor.py:839} INFO - DAG(s) dict_keys(['example_complex']) retrieved from /home/airflow/.local/lib/python3.8/site-packages/airflow/example_dags/example_complex.py
[2023-11-04T17:19:37.320+0000] {logging_mixin.py:151} INFO - [2023-11-04T17:19:37.320+0000] {dag.py:2941} INFO - Sync 1 DAGs
[2023-11-04T17:19:37.340+0000] {logging_mixin.py:151} INFO - [2023-11-04T17:19:37.340+0000] {dag.py:3722} INFO - Setting next_dagrun for example_complex to None, run_after=None
[2023-11-04T17:19:37.368+0000] {processor.py:179} INFO - Processing /home/airflow/.local/lib/python3.8/site-packages/airflow/example_dags/example_complex.py took 0.124 seconds
[2023-11-04T17:20:07.741+0000] {processor.py:157} INFO - Started process (PID=3463) to work on /home/airflow/.local/lib/python3.8/site-packages/airflow/example_dags/example_complex.py
[2023-11-04T17:20:07.743+0000] {processor.py:829} INFO - Processing file /home/airflow/.local/lib/python3.8/site-packages/airflow/example_dags/example_complex.py for tasks to queue
[2023-11-04T17:20:07.744+0000] {logging_mixin.py:151} INFO - [2023-11-04T17:20:07.744+0000] {dagbag.py:536} INFO - Filling up the DagBag from /home/airflow/.local/lib/python3.8/site-packages/airflow/example_dags/example_complex.py
[2023-11-04T17:20:07.763+0000] {processor.py:839} INFO - DAG(s) dict_keys(['example_complex']) retrieved from /home/airflow/.local/lib/python3.8/site-packages/airflow/example_dags/example_complex.py
[2023-11-04T17:20:07.812+0000] {logging_mixin.py:151} INFO - [2023-11-04T17:20:07.812+0000] {dag.py:2941} INFO - Sync 1 DAGs
[2023-11-04T17:20:07.832+0000] {logging_mixin.py:151} INFO - [2023-11-04T17:20:07.832+0000] {dag.py:3722} INFO - Setting next_dagrun for example_complex to None, run_after=None
[2023-11-04T17:20:07.862+0000] {processor.py:179} INFO - Processing /home/airflow/.local/lib/python3.8/site-packages/airflow/example_dags/example_complex.py took 0.126 seconds
[2023-11-04T17:20:38.167+0000] {processor.py:157} INFO - Started process (PID=3701) to work on /home/airflow/.local/lib/python3.8/site-packages/airflow/example_dags/example_complex.py
[2023-11-04T17:20:38.168+0000] {processor.py:829} INFO - Processing file /home/airflow/.local/lib/python3.8/site-packages/airflow/example_dags/example_complex.py for tasks to queue
[2023-11-04T17:20:38.170+0000] {logging_mixin.py:151} INFO - [2023-11-04T17:20:38.169+0000] {dagbag.py:536} INFO - Filling up the DagBag from /home/airflow/.local/lib/python3.8/site-packages/airflow/example_dags/example_complex.py
[2023-11-04T17:20:38.188+0000] {processor.py:839} INFO - DAG(s) dict_keys(['example_complex']) retrieved from /home/airflow/.local/lib/python3.8/site-packages/airflow/example_dags/example_complex.py
[2023-11-04T17:20:38.238+0000] {logging_mixin.py:151} INFO - [2023-11-04T17:20:38.237+0000] {dag.py:2941} INFO - Sync 1 DAGs
[2023-11-04T17:20:38.257+0000] {logging_mixin.py:151} INFO - [2023-11-04T17:20:38.257+0000] {dag.py:3722} INFO - Setting next_dagrun for example_complex to None, run_after=None
[2023-11-04T17:20:38.285+0000] {processor.py:179} INFO - Processing /home/airflow/.local/lib/python3.8/site-packages/airflow/example_dags/example_complex.py took 0.124 seconds
[2023-11-04T17:21:10.576+0000] {processor.py:157} INFO - Started process (PID=3949) to work on /home/airflow/.local/lib/python3.8/site-packages/airflow/example_dags/example_complex.py
[2023-11-04T17:21:10.579+0000] {processor.py:829} INFO - Processing file /home/airflow/.local/lib/python3.8/site-packages/airflow/example_dags/example_complex.py for tasks to queue
[2023-11-04T17:21:10.582+0000] {logging_mixin.py:151} INFO - [2023-11-04T17:21:10.581+0000] {dagbag.py:536} INFO - Filling up the DagBag from /home/airflow/.local/lib/python3.8/site-packages/airflow/example_dags/example_complex.py
[2023-11-04T17:21:10.622+0000] {processor.py:839} INFO - DAG(s) dict_keys(['example_complex']) retrieved from /home/airflow/.local/lib/python3.8/site-packages/airflow/example_dags/example_complex.py
[2023-11-04T17:21:10.733+0000] {logging_mixin.py:151} INFO - [2023-11-04T17:21:10.733+0000] {dag.py:2941} INFO - Sync 1 DAGs
[2023-11-04T17:21:10.774+0000] {logging_mixin.py:151} INFO - [2023-11-04T17:21:10.773+0000] {dag.py:3722} INFO - Setting next_dagrun for example_complex to None, run_after=None
[2023-11-04T17:21:10.813+0000] {processor.py:179} INFO - Processing /home/airflow/.local/lib/python3.8/site-packages/airflow/example_dags/example_complex.py took 0.246 seconds
[2023-11-04T17:21:40.949+0000] {processor.py:157} INFO - Started process (PID=4224) to work on /home/airflow/.local/lib/python3.8/site-packages/airflow/example_dags/example_complex.py
[2023-11-04T17:21:40.952+0000] {processor.py:829} INFO - Processing file /home/airflow/.local/lib/python3.8/site-packages/airflow/example_dags/example_complex.py for tasks to queue
[2023-11-04T17:21:40.954+0000] {logging_mixin.py:151} INFO - [2023-11-04T17:21:40.954+0000] {dagbag.py:536} INFO - Filling up the DagBag from /home/airflow/.local/lib/python3.8/site-packages/airflow/example_dags/example_complex.py
[2023-11-04T17:21:40.981+0000] {processor.py:839} INFO - DAG(s) dict_keys(['example_complex']) retrieved from /home/airflow/.local/lib/python3.8/site-packages/airflow/example_dags/example_complex.py
[2023-11-04T17:21:41.047+0000] {logging_mixin.py:151} INFO - [2023-11-04T17:21:41.047+0000] {dag.py:2941} INFO - Sync 1 DAGs
[2023-11-04T17:21:41.078+0000] {logging_mixin.py:151} INFO - [2023-11-04T17:21:41.077+0000] {dag.py:3722} INFO - Setting next_dagrun for example_complex to None, run_after=None
[2023-11-04T17:21:41.114+0000] {processor.py:179} INFO - Processing /home/airflow/.local/lib/python3.8/site-packages/airflow/example_dags/example_complex.py took 0.172 seconds
[2023-11-04T17:22:11.941+0000] {processor.py:157} INFO - Started process (PID=4463) to work on /home/airflow/.local/lib/python3.8/site-packages/airflow/example_dags/example_complex.py
[2023-11-04T17:22:11.943+0000] {processor.py:829} INFO - Processing file /home/airflow/.local/lib/python3.8/site-packages/airflow/example_dags/example_complex.py for tasks to queue
[2023-11-04T17:22:11.945+0000] {logging_mixin.py:151} INFO - [2023-11-04T17:22:11.944+0000] {dagbag.py:536} INFO - Filling up the DagBag from /home/airflow/.local/lib/python3.8/site-packages/airflow/example_dags/example_complex.py
[2023-11-04T17:22:11.971+0000] {processor.py:839} INFO - DAG(s) dict_keys(['example_complex']) retrieved from /home/airflow/.local/lib/python3.8/site-packages/airflow/example_dags/example_complex.py
[2023-11-04T17:22:12.051+0000] {logging_mixin.py:151} INFO - [2023-11-04T17:22:12.051+0000] {dag.py:2941} INFO - Sync 1 DAGs
[2023-11-04T17:22:12.081+0000] {logging_mixin.py:151} INFO - [2023-11-04T17:22:12.080+0000] {dag.py:3722} INFO - Setting next_dagrun for example_complex to None, run_after=None
[2023-11-04T17:22:12.131+0000] {processor.py:179} INFO - Processing /home/airflow/.local/lib/python3.8/site-packages/airflow/example_dags/example_complex.py took 0.197 seconds
[2023-11-04T17:22:42.431+0000] {processor.py:157} INFO - Started process (PID=4701) to work on /home/airflow/.local/lib/python3.8/site-packages/airflow/example_dags/example_complex.py
[2023-11-04T17:22:42.433+0000] {processor.py:829} INFO - Processing file /home/airflow/.local/lib/python3.8/site-packages/airflow/example_dags/example_complex.py for tasks to queue
[2023-11-04T17:22:42.436+0000] {logging_mixin.py:151} INFO - [2023-11-04T17:22:42.436+0000] {dagbag.py:536} INFO - Filling up the DagBag from /home/airflow/.local/lib/python3.8/site-packages/airflow/example_dags/example_complex.py
[2023-11-04T17:22:42.481+0000] {processor.py:839} INFO - DAG(s) dict_keys(['example_complex']) retrieved from /home/airflow/.local/lib/python3.8/site-packages/airflow/example_dags/example_complex.py
[2023-11-04T17:22:42.558+0000] {logging_mixin.py:151} INFO - [2023-11-04T17:22:42.558+0000] {dag.py:2941} INFO - Sync 1 DAGs
[2023-11-04T17:22:42.589+0000] {logging_mixin.py:151} INFO - [2023-11-04T17:22:42.589+0000] {dag.py:3722} INFO - Setting next_dagrun for example_complex to None, run_after=None
[2023-11-04T17:22:42.637+0000] {processor.py:179} INFO - Processing /home/airflow/.local/lib/python3.8/site-packages/airflow/example_dags/example_complex.py took 0.214 seconds
