[2023-11-04T16:23:46.367+0000] {processor.py:157} INFO - Started process (PID=278) to work on /home/airflow/.local/lib/python3.8/site-packages/airflow/example_dags/example_xcomargs.py
[2023-11-04T16:23:46.368+0000] {processor.py:829} INFO - Processing file /home/airflow/.local/lib/python3.8/site-packages/airflow/example_dags/example_xcomargs.py for tasks to queue
[2023-11-04T16:23:46.370+0000] {logging_mixin.py:151} INFO - [2023-11-04T16:23:46.370+0000] {dagbag.py:536} INFO - Filling up the DagBag from /home/airflow/.local/lib/python3.8/site-packages/airflow/example_dags/example_xcomargs.py
[2023-11-04T16:23:46.384+0000] {processor.py:839} INFO - DAG(s) dict_keys(['example_xcom_args', 'example_xcom_args_with_operators']) retrieved from /home/airflow/.local/lib/python3.8/site-packages/airflow/example_dags/example_xcomargs.py
[2023-11-04T16:23:46.405+0000] {logging_mixin.py:151} INFO - [2023-11-04T16:23:46.405+0000] {dag.py:2941} INFO - Sync 2 DAGs
[2023-11-04T16:23:46.430+0000] {logging_mixin.py:151} INFO - [2023-11-04T16:23:46.430+0000] {dag.py:3722} INFO - Setting next_dagrun for example_xcom_args to None, run_after=None
[2023-11-04T16:23:46.436+0000] {logging_mixin.py:151} INFO - [2023-11-04T16:23:46.436+0000] {dag.py:3722} INFO - Setting next_dagrun for example_xcom_args_with_operators to None, run_after=None
[2023-11-04T16:23:46.463+0000] {processor.py:179} INFO - Processing /home/airflow/.local/lib/python3.8/site-packages/airflow/example_dags/example_xcomargs.py took 0.101 seconds
[2023-11-04T16:24:16.938+0000] {processor.py:157} INFO - Started process (PID=516) to work on /home/airflow/.local/lib/python3.8/site-packages/airflow/example_dags/example_xcomargs.py
[2023-11-04T16:24:16.939+0000] {processor.py:829} INFO - Processing file /home/airflow/.local/lib/python3.8/site-packages/airflow/example_dags/example_xcomargs.py for tasks to queue
[2023-11-04T16:24:16.941+0000] {logging_mixin.py:151} INFO - [2023-11-04T16:24:16.940+0000] {dagbag.py:536} INFO - Filling up the DagBag from /home/airflow/.local/lib/python3.8/site-packages/airflow/example_dags/example_xcomargs.py
[2023-11-04T16:24:16.953+0000] {processor.py:839} INFO - DAG(s) dict_keys(['example_xcom_args', 'example_xcom_args_with_operators']) retrieved from /home/airflow/.local/lib/python3.8/site-packages/airflow/example_dags/example_xcomargs.py
[2023-11-04T16:24:16.992+0000] {logging_mixin.py:151} INFO - [2023-11-04T16:24:16.991+0000] {dag.py:2941} INFO - Sync 2 DAGs
[2023-11-04T16:24:17.012+0000] {logging_mixin.py:151} INFO - [2023-11-04T16:24:17.012+0000] {dag.py:3722} INFO - Setting next_dagrun for example_xcom_args to None, run_after=None
[2023-11-04T16:24:17.018+0000] {logging_mixin.py:151} INFO - [2023-11-04T16:24:17.017+0000] {dag.py:3722} INFO - Setting next_dagrun for example_xcom_args_with_operators to None, run_after=None
[2023-11-04T16:24:17.043+0000] {processor.py:179} INFO - Processing /home/airflow/.local/lib/python3.8/site-packages/airflow/example_dags/example_xcomargs.py took 0.110 seconds
[2023-11-04T16:24:47.527+0000] {processor.py:157} INFO - Started process (PID=754) to work on /home/airflow/.local/lib/python3.8/site-packages/airflow/example_dags/example_xcomargs.py
[2023-11-04T16:24:47.529+0000] {processor.py:829} INFO - Processing file /home/airflow/.local/lib/python3.8/site-packages/airflow/example_dags/example_xcomargs.py for tasks to queue
[2023-11-04T16:24:47.531+0000] {logging_mixin.py:151} INFO - [2023-11-04T16:24:47.530+0000] {dagbag.py:536} INFO - Filling up the DagBag from /home/airflow/.local/lib/python3.8/site-packages/airflow/example_dags/example_xcomargs.py
[2023-11-04T16:24:47.543+0000] {processor.py:839} INFO - DAG(s) dict_keys(['example_xcom_args', 'example_xcom_args_with_operators']) retrieved from /home/airflow/.local/lib/python3.8/site-packages/airflow/example_dags/example_xcomargs.py
[2023-11-04T16:24:47.582+0000] {logging_mixin.py:151} INFO - [2023-11-04T16:24:47.582+0000] {dag.py:2941} INFO - Sync 2 DAGs
[2023-11-04T16:24:47.601+0000] {logging_mixin.py:151} INFO - [2023-11-04T16:24:47.601+0000] {dag.py:3722} INFO - Setting next_dagrun for example_xcom_args to None, run_after=None
[2023-11-04T16:24:47.607+0000] {logging_mixin.py:151} INFO - [2023-11-04T16:24:47.607+0000] {dag.py:3722} INFO - Setting next_dagrun for example_xcom_args_with_operators to None, run_after=None
[2023-11-04T16:24:47.633+0000] {processor.py:179} INFO - Processing /home/airflow/.local/lib/python3.8/site-packages/airflow/example_dags/example_xcomargs.py took 0.111 seconds
[2023-11-04T16:25:17.688+0000] {processor.py:157} INFO - Started process (PID=987) to work on /home/airflow/.local/lib/python3.8/site-packages/airflow/example_dags/example_xcomargs.py
[2023-11-04T16:25:17.690+0000] {processor.py:829} INFO - Processing file /home/airflow/.local/lib/python3.8/site-packages/airflow/example_dags/example_xcomargs.py for tasks to queue
[2023-11-04T16:25:17.692+0000] {logging_mixin.py:151} INFO - [2023-11-04T16:25:17.691+0000] {dagbag.py:536} INFO - Filling up the DagBag from /home/airflow/.local/lib/python3.8/site-packages/airflow/example_dags/example_xcomargs.py
[2023-11-04T16:25:17.704+0000] {processor.py:839} INFO - DAG(s) dict_keys(['example_xcom_args', 'example_xcom_args_with_operators']) retrieved from /home/airflow/.local/lib/python3.8/site-packages/airflow/example_dags/example_xcomargs.py
[2023-11-04T16:25:17.741+0000] {logging_mixin.py:151} INFO - [2023-11-04T16:25:17.740+0000] {dag.py:2941} INFO - Sync 2 DAGs
[2023-11-04T16:25:17.760+0000] {logging_mixin.py:151} INFO - [2023-11-04T16:25:17.760+0000] {dag.py:3722} INFO - Setting next_dagrun for example_xcom_args to None, run_after=None
[2023-11-04T16:25:17.766+0000] {logging_mixin.py:151} INFO - [2023-11-04T16:25:17.765+0000] {dag.py:3722} INFO - Setting next_dagrun for example_xcom_args_with_operators to None, run_after=None
[2023-11-04T16:25:17.790+0000] {processor.py:179} INFO - Processing /home/airflow/.local/lib/python3.8/site-packages/airflow/example_dags/example_xcomargs.py took 0.107 seconds
[2023-11-04T16:25:48.027+0000] {processor.py:157} INFO - Started process (PID=1227) to work on /home/airflow/.local/lib/python3.8/site-packages/airflow/example_dags/example_xcomargs.py
[2023-11-04T16:25:48.029+0000] {processor.py:829} INFO - Processing file /home/airflow/.local/lib/python3.8/site-packages/airflow/example_dags/example_xcomargs.py for tasks to queue
[2023-11-04T16:25:48.031+0000] {logging_mixin.py:151} INFO - [2023-11-04T16:25:48.030+0000] {dagbag.py:536} INFO - Filling up the DagBag from /home/airflow/.local/lib/python3.8/site-packages/airflow/example_dags/example_xcomargs.py
[2023-11-04T16:25:48.044+0000] {processor.py:839} INFO - DAG(s) dict_keys(['example_xcom_args', 'example_xcom_args_with_operators']) retrieved from /home/airflow/.local/lib/python3.8/site-packages/airflow/example_dags/example_xcomargs.py
[2023-11-04T16:25:48.083+0000] {logging_mixin.py:151} INFO - [2023-11-04T16:25:48.082+0000] {dag.py:2941} INFO - Sync 2 DAGs
[2023-11-04T16:25:48.104+0000] {logging_mixin.py:151} INFO - [2023-11-04T16:25:48.103+0000] {dag.py:3722} INFO - Setting next_dagrun for example_xcom_args to None, run_after=None
[2023-11-04T16:25:48.109+0000] {logging_mixin.py:151} INFO - [2023-11-04T16:25:48.109+0000] {dag.py:3722} INFO - Setting next_dagrun for example_xcom_args_with_operators to None, run_after=None
[2023-11-04T16:25:48.142+0000] {processor.py:179} INFO - Processing /home/airflow/.local/lib/python3.8/site-packages/airflow/example_dags/example_xcomargs.py took 0.120 seconds
[2023-11-04T16:26:18.547+0000] {processor.py:157} INFO - Started process (PID=1468) to work on /home/airflow/.local/lib/python3.8/site-packages/airflow/example_dags/example_xcomargs.py
[2023-11-04T16:26:18.549+0000] {processor.py:829} INFO - Processing file /home/airflow/.local/lib/python3.8/site-packages/airflow/example_dags/example_xcomargs.py for tasks to queue
[2023-11-04T16:26:18.550+0000] {logging_mixin.py:151} INFO - [2023-11-04T16:26:18.550+0000] {dagbag.py:536} INFO - Filling up the DagBag from /home/airflow/.local/lib/python3.8/site-packages/airflow/example_dags/example_xcomargs.py
[2023-11-04T16:26:18.563+0000] {processor.py:839} INFO - DAG(s) dict_keys(['example_xcom_args_with_operators', 'example_xcom_args']) retrieved from /home/airflow/.local/lib/python3.8/site-packages/airflow/example_dags/example_xcomargs.py
[2023-11-04T16:26:18.585+0000] {logging_mixin.py:151} INFO - [2023-11-04T16:26:18.585+0000] {dag.py:2941} INFO - Sync 2 DAGs
[2023-11-04T16:26:18.609+0000] {logging_mixin.py:151} INFO - [2023-11-04T16:26:18.608+0000] {dag.py:3722} INFO - Setting next_dagrun for example_xcom_args to None, run_after=None
[2023-11-04T16:26:18.614+0000] {logging_mixin.py:151} INFO - [2023-11-04T16:26:18.614+0000] {dag.py:3722} INFO - Setting next_dagrun for example_xcom_args_with_operators to None, run_after=None
[2023-11-04T16:26:18.642+0000] {processor.py:179} INFO - Processing /home/airflow/.local/lib/python3.8/site-packages/airflow/example_dags/example_xcomargs.py took 0.100 seconds
[2023-11-04T16:26:49.292+0000] {processor.py:157} INFO - Started process (PID=1708) to work on /home/airflow/.local/lib/python3.8/site-packages/airflow/example_dags/example_xcomargs.py
[2023-11-04T16:26:49.293+0000] {processor.py:829} INFO - Processing file /home/airflow/.local/lib/python3.8/site-packages/airflow/example_dags/example_xcomargs.py for tasks to queue
[2023-11-04T16:26:49.295+0000] {logging_mixin.py:151} INFO - [2023-11-04T16:26:49.294+0000] {dagbag.py:536} INFO - Filling up the DagBag from /home/airflow/.local/lib/python3.8/site-packages/airflow/example_dags/example_xcomargs.py
[2023-11-04T16:26:49.308+0000] {processor.py:839} INFO - DAG(s) dict_keys(['example_xcom_args_with_operators', 'example_xcom_args']) retrieved from /home/airflow/.local/lib/python3.8/site-packages/airflow/example_dags/example_xcomargs.py
[2023-11-04T16:26:49.346+0000] {logging_mixin.py:151} INFO - [2023-11-04T16:26:49.346+0000] {dag.py:2941} INFO - Sync 2 DAGs
[2023-11-04T16:26:49.366+0000] {logging_mixin.py:151} INFO - [2023-11-04T16:26:49.366+0000] {dag.py:3722} INFO - Setting next_dagrun for example_xcom_args to None, run_after=None
[2023-11-04T16:26:49.372+0000] {logging_mixin.py:151} INFO - [2023-11-04T16:26:49.372+0000] {dag.py:3722} INFO - Setting next_dagrun for example_xcom_args_with_operators to None, run_after=None
[2023-11-04T16:26:49.402+0000] {processor.py:179} INFO - Processing /home/airflow/.local/lib/python3.8/site-packages/airflow/example_dags/example_xcomargs.py took 0.116 seconds
[2023-11-04T16:27:19.935+0000] {processor.py:157} INFO - Started process (PID=1944) to work on /home/airflow/.local/lib/python3.8/site-packages/airflow/example_dags/example_xcomargs.py
[2023-11-04T16:27:19.937+0000] {processor.py:829} INFO - Processing file /home/airflow/.local/lib/python3.8/site-packages/airflow/example_dags/example_xcomargs.py for tasks to queue
[2023-11-04T16:27:19.939+0000] {logging_mixin.py:151} INFO - [2023-11-04T16:27:19.939+0000] {dagbag.py:536} INFO - Filling up the DagBag from /home/airflow/.local/lib/python3.8/site-packages/airflow/example_dags/example_xcomargs.py
[2023-11-04T16:27:19.954+0000] {processor.py:839} INFO - DAG(s) dict_keys(['example_xcom_args', 'example_xcom_args_with_operators']) retrieved from /home/airflow/.local/lib/python3.8/site-packages/airflow/example_dags/example_xcomargs.py
[2023-11-04T16:27:19.995+0000] {logging_mixin.py:151} INFO - [2023-11-04T16:27:19.995+0000] {dag.py:2941} INFO - Sync 2 DAGs
[2023-11-04T16:27:20.017+0000] {logging_mixin.py:151} INFO - [2023-11-04T16:27:20.017+0000] {dag.py:3722} INFO - Setting next_dagrun for example_xcom_args to None, run_after=None
[2023-11-04T16:27:20.023+0000] {logging_mixin.py:151} INFO - [2023-11-04T16:27:20.023+0000] {dag.py:3722} INFO - Setting next_dagrun for example_xcom_args_with_operators to None, run_after=None
[2023-11-04T16:27:20.053+0000] {processor.py:179} INFO - Processing /home/airflow/.local/lib/python3.8/site-packages/airflow/example_dags/example_xcomargs.py took 0.123 seconds
[2023-11-04T16:27:51.184+0000] {processor.py:157} INFO - Started process (PID=2183) to work on /home/airflow/.local/lib/python3.8/site-packages/airflow/example_dags/example_xcomargs.py
[2023-11-04T16:27:51.187+0000] {processor.py:829} INFO - Processing file /home/airflow/.local/lib/python3.8/site-packages/airflow/example_dags/example_xcomargs.py for tasks to queue
[2023-11-04T16:27:51.189+0000] {logging_mixin.py:151} INFO - [2023-11-04T16:27:51.188+0000] {dagbag.py:536} INFO - Filling up the DagBag from /home/airflow/.local/lib/python3.8/site-packages/airflow/example_dags/example_xcomargs.py
[2023-11-04T16:27:51.226+0000] {processor.py:839} INFO - DAG(s) dict_keys(['example_xcom_args', 'example_xcom_args_with_operators']) retrieved from /home/airflow/.local/lib/python3.8/site-packages/airflow/example_dags/example_xcomargs.py
[2023-11-04T16:27:51.281+0000] {logging_mixin.py:151} INFO - [2023-11-04T16:27:51.281+0000] {dag.py:2941} INFO - Sync 2 DAGs
[2023-11-04T16:27:51.336+0000] {logging_mixin.py:151} INFO - [2023-11-04T16:27:51.335+0000] {dag.py:3722} INFO - Setting next_dagrun for example_xcom_args to None, run_after=None
[2023-11-04T16:27:51.351+0000] {logging_mixin.py:151} INFO - [2023-11-04T16:27:51.351+0000] {dag.py:3722} INFO - Setting next_dagrun for example_xcom_args_with_operators to None, run_after=None
[2023-11-04T16:27:51.429+0000] {processor.py:179} INFO - Processing /home/airflow/.local/lib/python3.8/site-packages/airflow/example_dags/example_xcomargs.py took 0.257 seconds
[2023-11-04T16:28:22.227+0000] {processor.py:157} INFO - Started process (PID=2421) to work on /home/airflow/.local/lib/python3.8/site-packages/airflow/example_dags/example_xcomargs.py
[2023-11-04T16:28:22.229+0000] {processor.py:829} INFO - Processing file /home/airflow/.local/lib/python3.8/site-packages/airflow/example_dags/example_xcomargs.py for tasks to queue
[2023-11-04T16:28:22.231+0000] {logging_mixin.py:151} INFO - [2023-11-04T16:28:22.230+0000] {dagbag.py:536} INFO - Filling up the DagBag from /home/airflow/.local/lib/python3.8/site-packages/airflow/example_dags/example_xcomargs.py
[2023-11-04T16:28:22.244+0000] {processor.py:839} INFO - DAG(s) dict_keys(['example_xcom_args_with_operators', 'example_xcom_args']) retrieved from /home/airflow/.local/lib/python3.8/site-packages/airflow/example_dags/example_xcomargs.py
[2023-11-04T16:28:22.286+0000] {logging_mixin.py:151} INFO - [2023-11-04T16:28:22.285+0000] {dag.py:2941} INFO - Sync 2 DAGs
[2023-11-04T16:28:22.306+0000] {logging_mixin.py:151} INFO - [2023-11-04T16:28:22.306+0000] {dag.py:3722} INFO - Setting next_dagrun for example_xcom_args to None, run_after=None
[2023-11-04T16:28:22.312+0000] {logging_mixin.py:151} INFO - [2023-11-04T16:28:22.312+0000] {dag.py:3722} INFO - Setting next_dagrun for example_xcom_args_with_operators to None, run_after=None
[2023-11-04T16:28:22.338+0000] {processor.py:179} INFO - Processing /home/airflow/.local/lib/python3.8/site-packages/airflow/example_dags/example_xcomargs.py took 0.116 seconds
[2023-11-04T16:28:52.554+0000] {processor.py:157} INFO - Started process (PID=2659) to work on /home/airflow/.local/lib/python3.8/site-packages/airflow/example_dags/example_xcomargs.py
[2023-11-04T16:28:52.556+0000] {processor.py:829} INFO - Processing file /home/airflow/.local/lib/python3.8/site-packages/airflow/example_dags/example_xcomargs.py for tasks to queue
[2023-11-04T16:28:52.557+0000] {logging_mixin.py:151} INFO - [2023-11-04T16:28:52.557+0000] {dagbag.py:536} INFO - Filling up the DagBag from /home/airflow/.local/lib/python3.8/site-packages/airflow/example_dags/example_xcomargs.py
[2023-11-04T16:28:52.570+0000] {processor.py:839} INFO - DAG(s) dict_keys(['example_xcom_args', 'example_xcom_args_with_operators']) retrieved from /home/airflow/.local/lib/python3.8/site-packages/airflow/example_dags/example_xcomargs.py
[2023-11-04T16:28:52.611+0000] {logging_mixin.py:151} INFO - [2023-11-04T16:28:52.610+0000] {dag.py:2941} INFO - Sync 2 DAGs
[2023-11-04T16:28:52.635+0000] {logging_mixin.py:151} INFO - [2023-11-04T16:28:52.635+0000] {dag.py:3722} INFO - Setting next_dagrun for example_xcom_args to None, run_after=None
[2023-11-04T16:28:52.641+0000] {logging_mixin.py:151} INFO - [2023-11-04T16:28:52.641+0000] {dag.py:3722} INFO - Setting next_dagrun for example_xcom_args_with_operators to None, run_after=None
[2023-11-04T16:28:52.669+0000] {processor.py:179} INFO - Processing /home/airflow/.local/lib/python3.8/site-packages/airflow/example_dags/example_xcomargs.py took 0.121 seconds
[2023-11-04T16:29:23.353+0000] {processor.py:157} INFO - Started process (PID=2897) to work on /home/airflow/.local/lib/python3.8/site-packages/airflow/example_dags/example_xcomargs.py
[2023-11-04T16:29:23.354+0000] {processor.py:829} INFO - Processing file /home/airflow/.local/lib/python3.8/site-packages/airflow/example_dags/example_xcomargs.py for tasks to queue
[2023-11-04T16:29:23.356+0000] {logging_mixin.py:151} INFO - [2023-11-04T16:29:23.356+0000] {dagbag.py:536} INFO - Filling up the DagBag from /home/airflow/.local/lib/python3.8/site-packages/airflow/example_dags/example_xcomargs.py
[2023-11-04T16:29:23.370+0000] {processor.py:839} INFO - DAG(s) dict_keys(['example_xcom_args', 'example_xcom_args_with_operators']) retrieved from /home/airflow/.local/lib/python3.8/site-packages/airflow/example_dags/example_xcomargs.py
[2023-11-04T16:29:23.410+0000] {logging_mixin.py:151} INFO - [2023-11-04T16:29:23.410+0000] {dag.py:2941} INFO - Sync 2 DAGs
[2023-11-04T16:29:23.431+0000] {logging_mixin.py:151} INFO - [2023-11-04T16:29:23.431+0000] {dag.py:3722} INFO - Setting next_dagrun for example_xcom_args to None, run_after=None
[2023-11-04T16:29:23.437+0000] {logging_mixin.py:151} INFO - [2023-11-04T16:29:23.437+0000] {dag.py:3722} INFO - Setting next_dagrun for example_xcom_args_with_operators to None, run_after=None
[2023-11-04T16:29:23.466+0000] {processor.py:179} INFO - Processing /home/airflow/.local/lib/python3.8/site-packages/airflow/example_dags/example_xcomargs.py took 0.119 seconds
[2023-11-04T16:29:53.621+0000] {processor.py:157} INFO - Started process (PID=3135) to work on /home/airflow/.local/lib/python3.8/site-packages/airflow/example_dags/example_xcomargs.py
[2023-11-04T16:29:53.623+0000] {processor.py:829} INFO - Processing file /home/airflow/.local/lib/python3.8/site-packages/airflow/example_dags/example_xcomargs.py for tasks to queue
[2023-11-04T16:29:53.625+0000] {logging_mixin.py:151} INFO - [2023-11-04T16:29:53.625+0000] {dagbag.py:536} INFO - Filling up the DagBag from /home/airflow/.local/lib/python3.8/site-packages/airflow/example_dags/example_xcomargs.py
[2023-11-04T16:29:53.638+0000] {processor.py:839} INFO - DAG(s) dict_keys(['example_xcom_args_with_operators', 'example_xcom_args']) retrieved from /home/airflow/.local/lib/python3.8/site-packages/airflow/example_dags/example_xcomargs.py
[2023-11-04T16:29:53.663+0000] {logging_mixin.py:151} INFO - [2023-11-04T16:29:53.663+0000] {dag.py:2941} INFO - Sync 2 DAGs
[2023-11-04T16:29:53.690+0000] {logging_mixin.py:151} INFO - [2023-11-04T16:29:53.689+0000] {dag.py:3722} INFO - Setting next_dagrun for example_xcom_args to None, run_after=None
[2023-11-04T16:29:53.696+0000] {logging_mixin.py:151} INFO - [2023-11-04T16:29:53.695+0000] {dag.py:3722} INFO - Setting next_dagrun for example_xcom_args_with_operators to None, run_after=None
[2023-11-04T16:29:53.725+0000] {processor.py:179} INFO - Processing /home/airflow/.local/lib/python3.8/site-packages/airflow/example_dags/example_xcomargs.py took 0.109 seconds
[2023-11-04T16:30:24.201+0000] {processor.py:157} INFO - Started process (PID=3373) to work on /home/airflow/.local/lib/python3.8/site-packages/airflow/example_dags/example_xcomargs.py
[2023-11-04T16:30:24.203+0000] {processor.py:829} INFO - Processing file /home/airflow/.local/lib/python3.8/site-packages/airflow/example_dags/example_xcomargs.py for tasks to queue
[2023-11-04T16:30:24.205+0000] {logging_mixin.py:151} INFO - [2023-11-04T16:30:24.204+0000] {dagbag.py:536} INFO - Filling up the DagBag from /home/airflow/.local/lib/python3.8/site-packages/airflow/example_dags/example_xcomargs.py
[2023-11-04T16:30:24.219+0000] {processor.py:839} INFO - DAG(s) dict_keys(['example_xcom_args', 'example_xcom_args_with_operators']) retrieved from /home/airflow/.local/lib/python3.8/site-packages/airflow/example_dags/example_xcomargs.py
[2023-11-04T16:30:24.291+0000] {logging_mixin.py:151} INFO - [2023-11-04T16:30:24.291+0000] {dag.py:2941} INFO - Sync 2 DAGs
[2023-11-04T16:30:24.315+0000] {logging_mixin.py:151} INFO - [2023-11-04T16:30:24.315+0000] {dag.py:3722} INFO - Setting next_dagrun for example_xcom_args to None, run_after=None
[2023-11-04T16:30:24.321+0000] {logging_mixin.py:151} INFO - [2023-11-04T16:30:24.321+0000] {dag.py:3722} INFO - Setting next_dagrun for example_xcom_args_with_operators to None, run_after=None
[2023-11-04T16:30:24.352+0000] {processor.py:179} INFO - Processing /home/airflow/.local/lib/python3.8/site-packages/airflow/example_dags/example_xcomargs.py took 0.157 seconds
[2023-11-04T16:30:55.823+0000] {processor.py:157} INFO - Started process (PID=3611) to work on /home/airflow/.local/lib/python3.8/site-packages/airflow/example_dags/example_xcomargs.py
[2023-11-04T16:30:55.827+0000] {processor.py:829} INFO - Processing file /home/airflow/.local/lib/python3.8/site-packages/airflow/example_dags/example_xcomargs.py for tasks to queue
[2023-11-04T16:30:55.829+0000] {logging_mixin.py:151} INFO - [2023-11-04T16:30:55.828+0000] {dagbag.py:536} INFO - Filling up the DagBag from /home/airflow/.local/lib/python3.8/site-packages/airflow/example_dags/example_xcomargs.py
[2023-11-04T16:30:55.854+0000] {processor.py:839} INFO - DAG(s) dict_keys(['example_xcom_args', 'example_xcom_args_with_operators']) retrieved from /home/airflow/.local/lib/python3.8/site-packages/airflow/example_dags/example_xcomargs.py
[2023-11-04T16:30:55.957+0000] {logging_mixin.py:151} INFO - [2023-11-04T16:30:55.956+0000] {dag.py:2941} INFO - Sync 2 DAGs
[2023-11-04T16:30:55.980+0000] {logging_mixin.py:151} INFO - [2023-11-04T16:30:55.980+0000] {dag.py:3722} INFO - Setting next_dagrun for example_xcom_args to None, run_after=None
[2023-11-04T16:30:55.986+0000] {logging_mixin.py:151} INFO - [2023-11-04T16:30:55.986+0000] {dag.py:3722} INFO - Setting next_dagrun for example_xcom_args_with_operators to None, run_after=None
[2023-11-04T16:30:56.019+0000] {processor.py:179} INFO - Processing /home/airflow/.local/lib/python3.8/site-packages/airflow/example_dags/example_xcomargs.py took 0.203 seconds
[2023-11-04T16:31:26.737+0000] {processor.py:157} INFO - Started process (PID=3851) to work on /home/airflow/.local/lib/python3.8/site-packages/airflow/example_dags/example_xcomargs.py
[2023-11-04T16:31:26.739+0000] {processor.py:829} INFO - Processing file /home/airflow/.local/lib/python3.8/site-packages/airflow/example_dags/example_xcomargs.py for tasks to queue
[2023-11-04T16:31:26.742+0000] {logging_mixin.py:151} INFO - [2023-11-04T16:31:26.741+0000] {dagbag.py:536} INFO - Filling up the DagBag from /home/airflow/.local/lib/python3.8/site-packages/airflow/example_dags/example_xcomargs.py
[2023-11-04T16:31:26.761+0000] {processor.py:839} INFO - DAG(s) dict_keys(['example_xcom_args', 'example_xcom_args_with_operators']) retrieved from /home/airflow/.local/lib/python3.8/site-packages/airflow/example_dags/example_xcomargs.py
[2023-11-04T16:31:26.867+0000] {logging_mixin.py:151} INFO - [2023-11-04T16:31:26.866+0000] {dag.py:2941} INFO - Sync 2 DAGs
[2023-11-04T16:31:26.893+0000] {logging_mixin.py:151} INFO - [2023-11-04T16:31:26.892+0000] {dag.py:3722} INFO - Setting next_dagrun for example_xcom_args to None, run_after=None
[2023-11-04T16:31:26.901+0000] {logging_mixin.py:151} INFO - [2023-11-04T16:31:26.900+0000] {dag.py:3722} INFO - Setting next_dagrun for example_xcom_args_with_operators to None, run_after=None
[2023-11-04T16:31:26.936+0000] {processor.py:179} INFO - Processing /home/airflow/.local/lib/python3.8/site-packages/airflow/example_dags/example_xcomargs.py took 0.206 seconds
[2023-11-04T16:31:57.475+0000] {processor.py:157} INFO - Started process (PID=4087) to work on /home/airflow/.local/lib/python3.8/site-packages/airflow/example_dags/example_xcomargs.py
[2023-11-04T16:31:57.477+0000] {processor.py:829} INFO - Processing file /home/airflow/.local/lib/python3.8/site-packages/airflow/example_dags/example_xcomargs.py for tasks to queue
[2023-11-04T16:31:57.479+0000] {logging_mixin.py:151} INFO - [2023-11-04T16:31:57.478+0000] {dagbag.py:536} INFO - Filling up the DagBag from /home/airflow/.local/lib/python3.8/site-packages/airflow/example_dags/example_xcomargs.py
[2023-11-04T16:31:57.493+0000] {processor.py:839} INFO - DAG(s) dict_keys(['example_xcom_args_with_operators', 'example_xcom_args']) retrieved from /home/airflow/.local/lib/python3.8/site-packages/airflow/example_dags/example_xcomargs.py
[2023-11-04T16:31:57.538+0000] {logging_mixin.py:151} INFO - [2023-11-04T16:31:57.537+0000] {dag.py:2941} INFO - Sync 2 DAGs
[2023-11-04T16:31:57.560+0000] {logging_mixin.py:151} INFO - [2023-11-04T16:31:57.560+0000] {dag.py:3722} INFO - Setting next_dagrun for example_xcom_args to None, run_after=None
[2023-11-04T16:31:57.566+0000] {logging_mixin.py:151} INFO - [2023-11-04T16:31:57.565+0000] {dag.py:3722} INFO - Setting next_dagrun for example_xcom_args_with_operators to None, run_after=None
[2023-11-04T16:31:57.595+0000] {processor.py:179} INFO - Processing /home/airflow/.local/lib/python3.8/site-packages/airflow/example_dags/example_xcomargs.py took 0.125 seconds
[2023-11-04T16:32:28.065+0000] {processor.py:157} INFO - Started process (PID=4325) to work on /home/airflow/.local/lib/python3.8/site-packages/airflow/example_dags/example_xcomargs.py
[2023-11-04T16:32:28.066+0000] {processor.py:829} INFO - Processing file /home/airflow/.local/lib/python3.8/site-packages/airflow/example_dags/example_xcomargs.py for tasks to queue
[2023-11-04T16:32:28.068+0000] {logging_mixin.py:151} INFO - [2023-11-04T16:32:28.068+0000] {dagbag.py:536} INFO - Filling up the DagBag from /home/airflow/.local/lib/python3.8/site-packages/airflow/example_dags/example_xcomargs.py
[2023-11-04T16:32:28.082+0000] {processor.py:839} INFO - DAG(s) dict_keys(['example_xcom_args_with_operators', 'example_xcom_args']) retrieved from /home/airflow/.local/lib/python3.8/site-packages/airflow/example_dags/example_xcomargs.py
[2023-11-04T16:32:28.129+0000] {logging_mixin.py:151} INFO - [2023-11-04T16:32:28.128+0000] {dag.py:2941} INFO - Sync 2 DAGs
[2023-11-04T16:32:28.152+0000] {logging_mixin.py:151} INFO - [2023-11-04T16:32:28.152+0000] {dag.py:3722} INFO - Setting next_dagrun for example_xcom_args to None, run_after=None
[2023-11-04T16:32:28.159+0000] {logging_mixin.py:151} INFO - [2023-11-04T16:32:28.158+0000] {dag.py:3722} INFO - Setting next_dagrun for example_xcom_args_with_operators to None, run_after=None
[2023-11-04T16:32:28.192+0000] {processor.py:179} INFO - Processing /home/airflow/.local/lib/python3.8/site-packages/airflow/example_dags/example_xcomargs.py took 0.132 seconds
[2023-11-04T16:32:58.419+0000] {processor.py:157} INFO - Started process (PID=4563) to work on /home/airflow/.local/lib/python3.8/site-packages/airflow/example_dags/example_xcomargs.py
[2023-11-04T16:32:58.424+0000] {processor.py:829} INFO - Processing file /home/airflow/.local/lib/python3.8/site-packages/airflow/example_dags/example_xcomargs.py for tasks to queue
[2023-11-04T16:32:58.426+0000] {logging_mixin.py:151} INFO - [2023-11-04T16:32:58.426+0000] {dagbag.py:536} INFO - Filling up the DagBag from /home/airflow/.local/lib/python3.8/site-packages/airflow/example_dags/example_xcomargs.py
[2023-11-04T16:32:58.443+0000] {processor.py:839} INFO - DAG(s) dict_keys(['example_xcom_args_with_operators', 'example_xcom_args']) retrieved from /home/airflow/.local/lib/python3.8/site-packages/airflow/example_dags/example_xcomargs.py
[2023-11-04T16:32:58.491+0000] {logging_mixin.py:151} INFO - [2023-11-04T16:32:58.491+0000] {dag.py:2941} INFO - Sync 2 DAGs
[2023-11-04T16:32:58.517+0000] {logging_mixin.py:151} INFO - [2023-11-04T16:32:58.517+0000] {dag.py:3722} INFO - Setting next_dagrun for example_xcom_args to None, run_after=None
[2023-11-04T16:32:58.524+0000] {logging_mixin.py:151} INFO - [2023-11-04T16:32:58.524+0000] {dag.py:3722} INFO - Setting next_dagrun for example_xcom_args_with_operators to None, run_after=None
[2023-11-04T16:32:58.561+0000] {processor.py:179} INFO - Processing /home/airflow/.local/lib/python3.8/site-packages/airflow/example_dags/example_xcomargs.py took 0.146 seconds
[2023-11-04T16:33:28.639+0000] {processor.py:157} INFO - Started process (PID=4798) to work on /home/airflow/.local/lib/python3.8/site-packages/airflow/example_dags/example_xcomargs.py
[2023-11-04T16:33:28.641+0000] {processor.py:829} INFO - Processing file /home/airflow/.local/lib/python3.8/site-packages/airflow/example_dags/example_xcomargs.py for tasks to queue
[2023-11-04T16:33:28.643+0000] {logging_mixin.py:151} INFO - [2023-11-04T16:33:28.642+0000] {dagbag.py:536} INFO - Filling up the DagBag from /home/airflow/.local/lib/python3.8/site-packages/airflow/example_dags/example_xcomargs.py
[2023-11-04T16:33:28.657+0000] {processor.py:839} INFO - DAG(s) dict_keys(['example_xcom_args', 'example_xcom_args_with_operators']) retrieved from /home/airflow/.local/lib/python3.8/site-packages/airflow/example_dags/example_xcomargs.py
[2023-11-04T16:33:28.695+0000] {logging_mixin.py:151} INFO - [2023-11-04T16:33:28.695+0000] {dag.py:2941} INFO - Sync 2 DAGs
[2023-11-04T16:33:28.717+0000] {logging_mixin.py:151} INFO - [2023-11-04T16:33:28.716+0000] {dag.py:3722} INFO - Setting next_dagrun for example_xcom_args to None, run_after=None
[2023-11-04T16:33:28.723+0000] {logging_mixin.py:151} INFO - [2023-11-04T16:33:28.723+0000] {dag.py:3722} INFO - Setting next_dagrun for example_xcom_args_with_operators to None, run_after=None
[2023-11-04T16:33:28.755+0000] {processor.py:179} INFO - Processing /home/airflow/.local/lib/python3.8/site-packages/airflow/example_dags/example_xcomargs.py took 0.121 seconds
[2023-11-04T16:33:59.740+0000] {processor.py:157} INFO - Started process (PID=5046) to work on /home/airflow/.local/lib/python3.8/site-packages/airflow/example_dags/example_xcomargs.py
[2023-11-04T16:33:59.742+0000] {processor.py:829} INFO - Processing file /home/airflow/.local/lib/python3.8/site-packages/airflow/example_dags/example_xcomargs.py for tasks to queue
[2023-11-04T16:33:59.743+0000] {logging_mixin.py:151} INFO - [2023-11-04T16:33:59.743+0000] {dagbag.py:536} INFO - Filling up the DagBag from /home/airflow/.local/lib/python3.8/site-packages/airflow/example_dags/example_xcomargs.py
[2023-11-04T16:33:59.756+0000] {processor.py:839} INFO - DAG(s) dict_keys(['example_xcom_args', 'example_xcom_args_with_operators']) retrieved from /home/airflow/.local/lib/python3.8/site-packages/airflow/example_dags/example_xcomargs.py
[2023-11-04T16:33:59.795+0000] {logging_mixin.py:151} INFO - [2023-11-04T16:33:59.794+0000] {dag.py:2941} INFO - Sync 2 DAGs
[2023-11-04T16:33:59.817+0000] {logging_mixin.py:151} INFO - [2023-11-04T16:33:59.816+0000] {dag.py:3722} INFO - Setting next_dagrun for example_xcom_args to None, run_after=None
[2023-11-04T16:33:59.823+0000] {logging_mixin.py:151} INFO - [2023-11-04T16:33:59.822+0000] {dag.py:3722} INFO - Setting next_dagrun for example_xcom_args_with_operators to None, run_after=None
[2023-11-04T16:33:59.851+0000] {processor.py:179} INFO - Processing /home/airflow/.local/lib/python3.8/site-packages/airflow/example_dags/example_xcomargs.py took 0.116 seconds
[2023-11-04T16:34:30.185+0000] {processor.py:157} INFO - Started process (PID=5284) to work on /home/airflow/.local/lib/python3.8/site-packages/airflow/example_dags/example_xcomargs.py
[2023-11-04T16:34:30.186+0000] {processor.py:829} INFO - Processing file /home/airflow/.local/lib/python3.8/site-packages/airflow/example_dags/example_xcomargs.py for tasks to queue
[2023-11-04T16:34:30.187+0000] {logging_mixin.py:151} INFO - [2023-11-04T16:34:30.187+0000] {dagbag.py:536} INFO - Filling up the DagBag from /home/airflow/.local/lib/python3.8/site-packages/airflow/example_dags/example_xcomargs.py
[2023-11-04T16:34:30.204+0000] {processor.py:839} INFO - DAG(s) dict_keys(['example_xcom_args', 'example_xcom_args_with_operators']) retrieved from /home/airflow/.local/lib/python3.8/site-packages/airflow/example_dags/example_xcomargs.py
[2023-11-04T16:34:30.247+0000] {logging_mixin.py:151} INFO - [2023-11-04T16:34:30.247+0000] {dag.py:2941} INFO - Sync 2 DAGs
[2023-11-04T16:34:30.270+0000] {logging_mixin.py:151} INFO - [2023-11-04T16:34:30.270+0000] {dag.py:3722} INFO - Setting next_dagrun for example_xcom_args to None, run_after=None
[2023-11-04T16:34:30.277+0000] {logging_mixin.py:151} INFO - [2023-11-04T16:34:30.277+0000] {dag.py:3722} INFO - Setting next_dagrun for example_xcom_args_with_operators to None, run_after=None
[2023-11-04T16:34:30.305+0000] {processor.py:179} INFO - Processing /home/airflow/.local/lib/python3.8/site-packages/airflow/example_dags/example_xcomargs.py took 0.126 seconds
[2023-11-04T16:35:01.108+0000] {processor.py:157} INFO - Started process (PID=5522) to work on /home/airflow/.local/lib/python3.8/site-packages/airflow/example_dags/example_xcomargs.py
[2023-11-04T16:35:01.110+0000] {processor.py:829} INFO - Processing file /home/airflow/.local/lib/python3.8/site-packages/airflow/example_dags/example_xcomargs.py for tasks to queue
[2023-11-04T16:35:01.111+0000] {logging_mixin.py:151} INFO - [2023-11-04T16:35:01.111+0000] {dagbag.py:536} INFO - Filling up the DagBag from /home/airflow/.local/lib/python3.8/site-packages/airflow/example_dags/example_xcomargs.py
[2023-11-04T16:35:01.126+0000] {processor.py:839} INFO - DAG(s) dict_keys(['example_xcom_args_with_operators', 'example_xcom_args']) retrieved from /home/airflow/.local/lib/python3.8/site-packages/airflow/example_dags/example_xcomargs.py
[2023-11-04T16:35:01.167+0000] {logging_mixin.py:151} INFO - [2023-11-04T16:35:01.167+0000] {dag.py:2941} INFO - Sync 2 DAGs
[2023-11-04T16:35:01.190+0000] {logging_mixin.py:151} INFO - [2023-11-04T16:35:01.190+0000] {dag.py:3722} INFO - Setting next_dagrun for example_xcom_args to None, run_after=None
[2023-11-04T16:35:01.196+0000] {logging_mixin.py:151} INFO - [2023-11-04T16:35:01.195+0000] {dag.py:3722} INFO - Setting next_dagrun for example_xcom_args_with_operators to None, run_after=None
[2023-11-04T16:35:01.222+0000] {processor.py:179} INFO - Processing /home/airflow/.local/lib/python3.8/site-packages/airflow/example_dags/example_xcomargs.py took 0.120 seconds
[2023-11-04T16:35:32.018+0000] {processor.py:157} INFO - Started process (PID=5760) to work on /home/airflow/.local/lib/python3.8/site-packages/airflow/example_dags/example_xcomargs.py
[2023-11-04T16:35:32.019+0000] {processor.py:829} INFO - Processing file /home/airflow/.local/lib/python3.8/site-packages/airflow/example_dags/example_xcomargs.py for tasks to queue
[2023-11-04T16:35:32.021+0000] {logging_mixin.py:151} INFO - [2023-11-04T16:35:32.021+0000] {dagbag.py:536} INFO - Filling up the DagBag from /home/airflow/.local/lib/python3.8/site-packages/airflow/example_dags/example_xcomargs.py
[2023-11-04T16:35:32.034+0000] {processor.py:839} INFO - DAG(s) dict_keys(['example_xcom_args_with_operators', 'example_xcom_args']) retrieved from /home/airflow/.local/lib/python3.8/site-packages/airflow/example_dags/example_xcomargs.py
[2023-11-04T16:35:32.078+0000] {logging_mixin.py:151} INFO - [2023-11-04T16:35:32.078+0000] {dag.py:2941} INFO - Sync 2 DAGs
[2023-11-04T16:35:32.103+0000] {logging_mixin.py:151} INFO - [2023-11-04T16:35:32.102+0000] {dag.py:3722} INFO - Setting next_dagrun for example_xcom_args to None, run_after=None
[2023-11-04T16:35:32.109+0000] {logging_mixin.py:151} INFO - [2023-11-04T16:35:32.109+0000] {dag.py:3722} INFO - Setting next_dagrun for example_xcom_args_with_operators to None, run_after=None
[2023-11-04T16:35:32.141+0000] {processor.py:179} INFO - Processing /home/airflow/.local/lib/python3.8/site-packages/airflow/example_dags/example_xcomargs.py took 0.129 seconds
[2023-11-04T16:36:02.526+0000] {processor.py:157} INFO - Started process (PID=5998) to work on /home/airflow/.local/lib/python3.8/site-packages/airflow/example_dags/example_xcomargs.py
[2023-11-04T16:36:02.527+0000] {processor.py:829} INFO - Processing file /home/airflow/.local/lib/python3.8/site-packages/airflow/example_dags/example_xcomargs.py for tasks to queue
[2023-11-04T16:36:02.529+0000] {logging_mixin.py:151} INFO - [2023-11-04T16:36:02.529+0000] {dagbag.py:536} INFO - Filling up the DagBag from /home/airflow/.local/lib/python3.8/site-packages/airflow/example_dags/example_xcomargs.py
[2023-11-04T16:36:02.543+0000] {processor.py:839} INFO - DAG(s) dict_keys(['example_xcom_args', 'example_xcom_args_with_operators']) retrieved from /home/airflow/.local/lib/python3.8/site-packages/airflow/example_dags/example_xcomargs.py
[2023-11-04T16:36:02.585+0000] {logging_mixin.py:151} INFO - [2023-11-04T16:36:02.585+0000] {dag.py:2941} INFO - Sync 2 DAGs
[2023-11-04T16:36:02.608+0000] {logging_mixin.py:151} INFO - [2023-11-04T16:36:02.607+0000] {dag.py:3722} INFO - Setting next_dagrun for example_xcom_args to None, run_after=None
[2023-11-04T16:36:02.615+0000] {logging_mixin.py:151} INFO - [2023-11-04T16:36:02.614+0000] {dag.py:3722} INFO - Setting next_dagrun for example_xcom_args_with_operators to None, run_after=None
[2023-11-04T16:36:02.649+0000] {processor.py:179} INFO - Processing /home/airflow/.local/lib/python3.8/site-packages/airflow/example_dags/example_xcomargs.py took 0.128 seconds
[2023-11-04T16:36:32.806+0000] {processor.py:157} INFO - Started process (PID=6236) to work on /home/airflow/.local/lib/python3.8/site-packages/airflow/example_dags/example_xcomargs.py
[2023-11-04T16:36:32.808+0000] {processor.py:829} INFO - Processing file /home/airflow/.local/lib/python3.8/site-packages/airflow/example_dags/example_xcomargs.py for tasks to queue
[2023-11-04T16:36:32.810+0000] {logging_mixin.py:151} INFO - [2023-11-04T16:36:32.809+0000] {dagbag.py:536} INFO - Filling up the DagBag from /home/airflow/.local/lib/python3.8/site-packages/airflow/example_dags/example_xcomargs.py
[2023-11-04T16:36:32.822+0000] {processor.py:839} INFO - DAG(s) dict_keys(['example_xcom_args_with_operators', 'example_xcom_args']) retrieved from /home/airflow/.local/lib/python3.8/site-packages/airflow/example_dags/example_xcomargs.py
[2023-11-04T16:36:32.865+0000] {logging_mixin.py:151} INFO - [2023-11-04T16:36:32.865+0000] {dag.py:2941} INFO - Sync 2 DAGs
[2023-11-04T16:36:32.885+0000] {logging_mixin.py:151} INFO - [2023-11-04T16:36:32.885+0000] {dag.py:3722} INFO - Setting next_dagrun for example_xcom_args to None, run_after=None
[2023-11-04T16:36:32.891+0000] {logging_mixin.py:151} INFO - [2023-11-04T16:36:32.890+0000] {dag.py:3722} INFO - Setting next_dagrun for example_xcom_args_with_operators to None, run_after=None
[2023-11-04T16:36:32.925+0000] {processor.py:179} INFO - Processing /home/airflow/.local/lib/python3.8/site-packages/airflow/example_dags/example_xcomargs.py took 0.123 seconds
[2023-11-04T16:37:03.697+0000] {processor.py:157} INFO - Started process (PID=6474) to work on /home/airflow/.local/lib/python3.8/site-packages/airflow/example_dags/example_xcomargs.py
[2023-11-04T16:37:03.701+0000] {processor.py:829} INFO - Processing file /home/airflow/.local/lib/python3.8/site-packages/airflow/example_dags/example_xcomargs.py for tasks to queue
[2023-11-04T16:37:03.705+0000] {logging_mixin.py:151} INFO - [2023-11-04T16:37:03.704+0000] {dagbag.py:536} INFO - Filling up the DagBag from /home/airflow/.local/lib/python3.8/site-packages/airflow/example_dags/example_xcomargs.py
[2023-11-04T16:37:03.724+0000] {processor.py:839} INFO - DAG(s) dict_keys(['example_xcom_args', 'example_xcom_args_with_operators']) retrieved from /home/airflow/.local/lib/python3.8/site-packages/airflow/example_dags/example_xcomargs.py
[2023-11-04T16:37:03.781+0000] {logging_mixin.py:151} INFO - [2023-11-04T16:37:03.780+0000] {dag.py:2941} INFO - Sync 2 DAGs
[2023-11-04T16:37:03.811+0000] {logging_mixin.py:151} INFO - [2023-11-04T16:37:03.810+0000] {dag.py:3722} INFO - Setting next_dagrun for example_xcom_args to None, run_after=None
[2023-11-04T16:37:03.817+0000] {logging_mixin.py:151} INFO - [2023-11-04T16:37:03.816+0000] {dag.py:3722} INFO - Setting next_dagrun for example_xcom_args_with_operators to None, run_after=None
[2023-11-04T16:37:03.854+0000] {processor.py:179} INFO - Processing /home/airflow/.local/lib/python3.8/site-packages/airflow/example_dags/example_xcomargs.py took 0.164 seconds
[2023-11-04T16:37:34.336+0000] {processor.py:157} INFO - Started process (PID=6712) to work on /home/airflow/.local/lib/python3.8/site-packages/airflow/example_dags/example_xcomargs.py
[2023-11-04T16:37:34.337+0000] {processor.py:829} INFO - Processing file /home/airflow/.local/lib/python3.8/site-packages/airflow/example_dags/example_xcomargs.py for tasks to queue
[2023-11-04T16:37:34.339+0000] {logging_mixin.py:151} INFO - [2023-11-04T16:37:34.339+0000] {dagbag.py:536} INFO - Filling up the DagBag from /home/airflow/.local/lib/python3.8/site-packages/airflow/example_dags/example_xcomargs.py
[2023-11-04T16:37:34.352+0000] {processor.py:839} INFO - DAG(s) dict_keys(['example_xcom_args', 'example_xcom_args_with_operators']) retrieved from /home/airflow/.local/lib/python3.8/site-packages/airflow/example_dags/example_xcomargs.py
[2023-11-04T16:37:34.396+0000] {logging_mixin.py:151} INFO - [2023-11-04T16:37:34.395+0000] {dag.py:2941} INFO - Sync 2 DAGs
[2023-11-04T16:37:34.420+0000] {logging_mixin.py:151} INFO - [2023-11-04T16:37:34.420+0000] {dag.py:3722} INFO - Setting next_dagrun for example_xcom_args to None, run_after=None
[2023-11-04T16:37:34.427+0000] {logging_mixin.py:151} INFO - [2023-11-04T16:37:34.426+0000] {dag.py:3722} INFO - Setting next_dagrun for example_xcom_args_with_operators to None, run_after=None
[2023-11-04T16:37:34.460+0000] {processor.py:179} INFO - Processing /home/airflow/.local/lib/python3.8/site-packages/airflow/example_dags/example_xcomargs.py took 0.129 seconds
[2023-11-04T16:38:04.826+0000] {processor.py:157} INFO - Started process (PID=6950) to work on /home/airflow/.local/lib/python3.8/site-packages/airflow/example_dags/example_xcomargs.py
[2023-11-04T16:38:04.827+0000] {processor.py:829} INFO - Processing file /home/airflow/.local/lib/python3.8/site-packages/airflow/example_dags/example_xcomargs.py for tasks to queue
[2023-11-04T16:38:04.829+0000] {logging_mixin.py:151} INFO - [2023-11-04T16:38:04.829+0000] {dagbag.py:536} INFO - Filling up the DagBag from /home/airflow/.local/lib/python3.8/site-packages/airflow/example_dags/example_xcomargs.py
[2023-11-04T16:38:04.842+0000] {processor.py:839} INFO - DAG(s) dict_keys(['example_xcom_args_with_operators', 'example_xcom_args']) retrieved from /home/airflow/.local/lib/python3.8/site-packages/airflow/example_dags/example_xcomargs.py
[2023-11-04T16:38:04.885+0000] {logging_mixin.py:151} INFO - [2023-11-04T16:38:04.885+0000] {dag.py:2941} INFO - Sync 2 DAGs
[2023-11-04T16:38:04.906+0000] {logging_mixin.py:151} INFO - [2023-11-04T16:38:04.906+0000] {dag.py:3722} INFO - Setting next_dagrun for example_xcom_args to None, run_after=None
[2023-11-04T16:38:04.912+0000] {logging_mixin.py:151} INFO - [2023-11-04T16:38:04.911+0000] {dag.py:3722} INFO - Setting next_dagrun for example_xcom_args_with_operators to None, run_after=None
[2023-11-04T16:38:04.941+0000] {processor.py:179} INFO - Processing /home/airflow/.local/lib/python3.8/site-packages/airflow/example_dags/example_xcomargs.py took 0.120 seconds
[2023-11-04T16:38:35.171+0000] {processor.py:157} INFO - Started process (PID=7188) to work on /home/airflow/.local/lib/python3.8/site-packages/airflow/example_dags/example_xcomargs.py
[2023-11-04T16:38:35.173+0000] {processor.py:829} INFO - Processing file /home/airflow/.local/lib/python3.8/site-packages/airflow/example_dags/example_xcomargs.py for tasks to queue
[2023-11-04T16:38:35.175+0000] {logging_mixin.py:151} INFO - [2023-11-04T16:38:35.174+0000] {dagbag.py:536} INFO - Filling up the DagBag from /home/airflow/.local/lib/python3.8/site-packages/airflow/example_dags/example_xcomargs.py
[2023-11-04T16:38:35.187+0000] {processor.py:839} INFO - DAG(s) dict_keys(['example_xcom_args_with_operators', 'example_xcom_args']) retrieved from /home/airflow/.local/lib/python3.8/site-packages/airflow/example_dags/example_xcomargs.py
[2023-11-04T16:38:35.227+0000] {logging_mixin.py:151} INFO - [2023-11-04T16:38:35.227+0000] {dag.py:2941} INFO - Sync 2 DAGs
[2023-11-04T16:38:35.248+0000] {logging_mixin.py:151} INFO - [2023-11-04T16:38:35.248+0000] {dag.py:3722} INFO - Setting next_dagrun for example_xcom_args to None, run_after=None
[2023-11-04T16:38:35.254+0000] {logging_mixin.py:151} INFO - [2023-11-04T16:38:35.254+0000] {dag.py:3722} INFO - Setting next_dagrun for example_xcom_args_with_operators to None, run_after=None
[2023-11-04T16:38:35.280+0000] {processor.py:179} INFO - Processing /home/airflow/.local/lib/python3.8/site-packages/airflow/example_dags/example_xcomargs.py took 0.114 seconds
[2023-11-04T16:39:05.677+0000] {processor.py:157} INFO - Started process (PID=7426) to work on /home/airflow/.local/lib/python3.8/site-packages/airflow/example_dags/example_xcomargs.py
[2023-11-04T16:39:05.679+0000] {processor.py:829} INFO - Processing file /home/airflow/.local/lib/python3.8/site-packages/airflow/example_dags/example_xcomargs.py for tasks to queue
[2023-11-04T16:39:05.680+0000] {logging_mixin.py:151} INFO - [2023-11-04T16:39:05.680+0000] {dagbag.py:536} INFO - Filling up the DagBag from /home/airflow/.local/lib/python3.8/site-packages/airflow/example_dags/example_xcomargs.py
[2023-11-04T16:39:05.694+0000] {processor.py:839} INFO - DAG(s) dict_keys(['example_xcom_args', 'example_xcom_args_with_operators']) retrieved from /home/airflow/.local/lib/python3.8/site-packages/airflow/example_dags/example_xcomargs.py
[2023-11-04T16:39:05.742+0000] {logging_mixin.py:151} INFO - [2023-11-04T16:39:05.742+0000] {dag.py:2941} INFO - Sync 2 DAGs
[2023-11-04T16:39:05.766+0000] {logging_mixin.py:151} INFO - [2023-11-04T16:39:05.765+0000] {dag.py:3722} INFO - Setting next_dagrun for example_xcom_args to None, run_after=None
[2023-11-04T16:39:05.772+0000] {logging_mixin.py:151} INFO - [2023-11-04T16:39:05.772+0000] {dag.py:3722} INFO - Setting next_dagrun for example_xcom_args_with_operators to None, run_after=None
[2023-11-04T16:39:05.804+0000] {processor.py:179} INFO - Processing /home/airflow/.local/lib/python3.8/site-packages/airflow/example_dags/example_xcomargs.py took 0.131 seconds
[2023-11-04T16:39:36.164+0000] {processor.py:157} INFO - Started process (PID=7664) to work on /home/airflow/.local/lib/python3.8/site-packages/airflow/example_dags/example_xcomargs.py
[2023-11-04T16:39:36.166+0000] {processor.py:829} INFO - Processing file /home/airflow/.local/lib/python3.8/site-packages/airflow/example_dags/example_xcomargs.py for tasks to queue
[2023-11-04T16:39:36.167+0000] {logging_mixin.py:151} INFO - [2023-11-04T16:39:36.167+0000] {dagbag.py:536} INFO - Filling up the DagBag from /home/airflow/.local/lib/python3.8/site-packages/airflow/example_dags/example_xcomargs.py
[2023-11-04T16:39:36.180+0000] {processor.py:839} INFO - DAG(s) dict_keys(['example_xcom_args_with_operators', 'example_xcom_args']) retrieved from /home/airflow/.local/lib/python3.8/site-packages/airflow/example_dags/example_xcomargs.py
[2023-11-04T16:39:36.220+0000] {logging_mixin.py:151} INFO - [2023-11-04T16:39:36.220+0000] {dag.py:2941} INFO - Sync 2 DAGs
[2023-11-04T16:39:36.240+0000] {logging_mixin.py:151} INFO - [2023-11-04T16:39:36.240+0000] {dag.py:3722} INFO - Setting next_dagrun for example_xcom_args to None, run_after=None
[2023-11-04T16:39:36.246+0000] {logging_mixin.py:151} INFO - [2023-11-04T16:39:36.245+0000] {dag.py:3722} INFO - Setting next_dagrun for example_xcom_args_with_operators to None, run_after=None
[2023-11-04T16:39:36.272+0000] {processor.py:179} INFO - Processing /home/airflow/.local/lib/python3.8/site-packages/airflow/example_dags/example_xcomargs.py took 0.113 seconds
[2023-11-04T16:40:06.484+0000] {processor.py:157} INFO - Started process (PID=7902) to work on /home/airflow/.local/lib/python3.8/site-packages/airflow/example_dags/example_xcomargs.py
[2023-11-04T16:40:06.486+0000] {processor.py:829} INFO - Processing file /home/airflow/.local/lib/python3.8/site-packages/airflow/example_dags/example_xcomargs.py for tasks to queue
[2023-11-04T16:40:06.488+0000] {logging_mixin.py:151} INFO - [2023-11-04T16:40:06.487+0000] {dagbag.py:536} INFO - Filling up the DagBag from /home/airflow/.local/lib/python3.8/site-packages/airflow/example_dags/example_xcomargs.py
[2023-11-04T16:40:06.503+0000] {processor.py:839} INFO - DAG(s) dict_keys(['example_xcom_args', 'example_xcom_args_with_operators']) retrieved from /home/airflow/.local/lib/python3.8/site-packages/airflow/example_dags/example_xcomargs.py
[2023-11-04T16:40:06.545+0000] {logging_mixin.py:151} INFO - [2023-11-04T16:40:06.544+0000] {dag.py:2941} INFO - Sync 2 DAGs
[2023-11-04T16:40:06.578+0000] {logging_mixin.py:151} INFO - [2023-11-04T16:40:06.578+0000] {dag.py:3722} INFO - Setting next_dagrun for example_xcom_args to None, run_after=None
[2023-11-04T16:40:06.608+0000] {logging_mixin.py:151} INFO - [2023-11-04T16:40:06.608+0000] {dag.py:3722} INFO - Setting next_dagrun for example_xcom_args_with_operators to None, run_after=None
[2023-11-04T16:40:06.659+0000] {processor.py:179} INFO - Processing /home/airflow/.local/lib/python3.8/site-packages/airflow/example_dags/example_xcomargs.py took 0.180 seconds
[2023-11-04T16:40:37.199+0000] {processor.py:157} INFO - Started process (PID=8140) to work on /home/airflow/.local/lib/python3.8/site-packages/airflow/example_dags/example_xcomargs.py
[2023-11-04T16:40:37.201+0000] {processor.py:829} INFO - Processing file /home/airflow/.local/lib/python3.8/site-packages/airflow/example_dags/example_xcomargs.py for tasks to queue
[2023-11-04T16:40:37.203+0000] {logging_mixin.py:151} INFO - [2023-11-04T16:40:37.202+0000] {dagbag.py:536} INFO - Filling up the DagBag from /home/airflow/.local/lib/python3.8/site-packages/airflow/example_dags/example_xcomargs.py
[2023-11-04T16:40:37.216+0000] {processor.py:839} INFO - DAG(s) dict_keys(['example_xcom_args_with_operators', 'example_xcom_args']) retrieved from /home/airflow/.local/lib/python3.8/site-packages/airflow/example_dags/example_xcomargs.py
[2023-11-04T16:40:37.254+0000] {logging_mixin.py:151} INFO - [2023-11-04T16:40:37.254+0000] {dag.py:2941} INFO - Sync 2 DAGs
[2023-11-04T16:40:37.274+0000] {logging_mixin.py:151} INFO - [2023-11-04T16:40:37.274+0000] {dag.py:3722} INFO - Setting next_dagrun for example_xcom_args to None, run_after=None
[2023-11-04T16:40:37.290+0000] {logging_mixin.py:151} INFO - [2023-11-04T16:40:37.290+0000] {dag.py:3722} INFO - Setting next_dagrun for example_xcom_args_with_operators to None, run_after=None
[2023-11-04T16:40:37.326+0000] {processor.py:179} INFO - Processing /home/airflow/.local/lib/python3.8/site-packages/airflow/example_dags/example_xcomargs.py took 0.132 seconds
[2023-11-04T16:41:07.529+0000] {processor.py:157} INFO - Started process (PID=8373) to work on /home/airflow/.local/lib/python3.8/site-packages/airflow/example_dags/example_xcomargs.py
[2023-11-04T16:41:07.530+0000] {processor.py:829} INFO - Processing file /home/airflow/.local/lib/python3.8/site-packages/airflow/example_dags/example_xcomargs.py for tasks to queue
[2023-11-04T16:41:07.532+0000] {logging_mixin.py:151} INFO - [2023-11-04T16:41:07.532+0000] {dagbag.py:536} INFO - Filling up the DagBag from /home/airflow/.local/lib/python3.8/site-packages/airflow/example_dags/example_xcomargs.py
[2023-11-04T16:41:07.545+0000] {processor.py:839} INFO - DAG(s) dict_keys(['example_xcom_args_with_operators', 'example_xcom_args']) retrieved from /home/airflow/.local/lib/python3.8/site-packages/airflow/example_dags/example_xcomargs.py
[2023-11-04T16:41:07.583+0000] {logging_mixin.py:151} INFO - [2023-11-04T16:41:07.583+0000] {dag.py:2941} INFO - Sync 2 DAGs
[2023-11-04T16:41:07.605+0000] {logging_mixin.py:151} INFO - [2023-11-04T16:41:07.605+0000] {dag.py:3722} INFO - Setting next_dagrun for example_xcom_args to None, run_after=None
[2023-11-04T16:41:07.610+0000] {logging_mixin.py:151} INFO - [2023-11-04T16:41:07.610+0000] {dag.py:3722} INFO - Setting next_dagrun for example_xcom_args_with_operators to None, run_after=None
[2023-11-04T16:41:07.637+0000] {processor.py:179} INFO - Processing /home/airflow/.local/lib/python3.8/site-packages/airflow/example_dags/example_xcomargs.py took 0.113 seconds
[2023-11-04T16:41:38.291+0000] {processor.py:157} INFO - Started process (PID=8616) to work on /home/airflow/.local/lib/python3.8/site-packages/airflow/example_dags/example_xcomargs.py
[2023-11-04T16:41:38.292+0000] {processor.py:829} INFO - Processing file /home/airflow/.local/lib/python3.8/site-packages/airflow/example_dags/example_xcomargs.py for tasks to queue
[2023-11-04T16:41:38.294+0000] {logging_mixin.py:151} INFO - [2023-11-04T16:41:38.294+0000] {dagbag.py:536} INFO - Filling up the DagBag from /home/airflow/.local/lib/python3.8/site-packages/airflow/example_dags/example_xcomargs.py
[2023-11-04T16:41:38.307+0000] {processor.py:839} INFO - DAG(s) dict_keys(['example_xcom_args', 'example_xcom_args_with_operators']) retrieved from /home/airflow/.local/lib/python3.8/site-packages/airflow/example_dags/example_xcomargs.py
[2023-11-04T16:41:38.345+0000] {logging_mixin.py:151} INFO - [2023-11-04T16:41:38.345+0000] {dag.py:2941} INFO - Sync 2 DAGs
[2023-11-04T16:41:38.366+0000] {logging_mixin.py:151} INFO - [2023-11-04T16:41:38.366+0000] {dag.py:3722} INFO - Setting next_dagrun for example_xcom_args to None, run_after=None
[2023-11-04T16:41:38.372+0000] {logging_mixin.py:151} INFO - [2023-11-04T16:41:38.371+0000] {dag.py:3722} INFO - Setting next_dagrun for example_xcom_args_with_operators to None, run_after=None
[2023-11-04T16:41:38.402+0000] {processor.py:179} INFO - Processing /home/airflow/.local/lib/python3.8/site-packages/airflow/example_dags/example_xcomargs.py took 0.117 seconds
[2023-11-04T16:42:08.841+0000] {processor.py:157} INFO - Started process (PID=8854) to work on /home/airflow/.local/lib/python3.8/site-packages/airflow/example_dags/example_xcomargs.py
[2023-11-04T16:42:08.843+0000] {processor.py:829} INFO - Processing file /home/airflow/.local/lib/python3.8/site-packages/airflow/example_dags/example_xcomargs.py for tasks to queue
[2023-11-04T16:42:08.844+0000] {logging_mixin.py:151} INFO - [2023-11-04T16:42:08.844+0000] {dagbag.py:536} INFO - Filling up the DagBag from /home/airflow/.local/lib/python3.8/site-packages/airflow/example_dags/example_xcomargs.py
[2023-11-04T16:42:08.857+0000] {processor.py:839} INFO - DAG(s) dict_keys(['example_xcom_args', 'example_xcom_args_with_operators']) retrieved from /home/airflow/.local/lib/python3.8/site-packages/airflow/example_dags/example_xcomargs.py
[2023-11-04T16:42:08.896+0000] {logging_mixin.py:151} INFO - [2023-11-04T16:42:08.896+0000] {dag.py:2941} INFO - Sync 2 DAGs
[2023-11-04T16:42:08.916+0000] {logging_mixin.py:151} INFO - [2023-11-04T16:42:08.916+0000] {dag.py:3722} INFO - Setting next_dagrun for example_xcom_args to None, run_after=None
[2023-11-04T16:42:08.922+0000] {logging_mixin.py:151} INFO - [2023-11-04T16:42:08.922+0000] {dag.py:3722} INFO - Setting next_dagrun for example_xcom_args_with_operators to None, run_after=None
[2023-11-04T16:42:08.949+0000] {processor.py:179} INFO - Processing /home/airflow/.local/lib/python3.8/site-packages/airflow/example_dags/example_xcomargs.py took 0.114 seconds
[2023-11-04T17:13:29.851+0000] {processor.py:157} INFO - Started process (PID=279) to work on /home/airflow/.local/lib/python3.8/site-packages/airflow/example_dags/example_xcomargs.py
[2023-11-04T17:13:29.853+0000] {processor.py:829} INFO - Processing file /home/airflow/.local/lib/python3.8/site-packages/airflow/example_dags/example_xcomargs.py for tasks to queue
[2023-11-04T17:13:29.855+0000] {logging_mixin.py:151} INFO - [2023-11-04T17:13:29.854+0000] {dagbag.py:536} INFO - Filling up the DagBag from /home/airflow/.local/lib/python3.8/site-packages/airflow/example_dags/example_xcomargs.py
[2023-11-04T17:13:29.869+0000] {processor.py:839} INFO - DAG(s) dict_keys(['example_xcom_args', 'example_xcom_args_with_operators']) retrieved from /home/airflow/.local/lib/python3.8/site-packages/airflow/example_dags/example_xcomargs.py
[2023-11-04T17:13:29.923+0000] {logging_mixin.py:151} INFO - [2023-11-04T17:13:29.923+0000] {dag.py:2941} INFO - Sync 2 DAGs
[2023-11-04T17:13:29.945+0000] {logging_mixin.py:151} INFO - [2023-11-04T17:13:29.944+0000] {dag.py:3722} INFO - Setting next_dagrun for example_xcom_args to None, run_after=None
[2023-11-04T17:13:29.950+0000] {logging_mixin.py:151} INFO - [2023-11-04T17:13:29.950+0000] {dag.py:3722} INFO - Setting next_dagrun for example_xcom_args_with_operators to None, run_after=None
[2023-11-04T17:13:29.987+0000] {processor.py:179} INFO - Processing /home/airflow/.local/lib/python3.8/site-packages/airflow/example_dags/example_xcomargs.py took 0.141 seconds
[2023-11-04T17:14:00.086+0000] {processor.py:157} INFO - Started process (PID=515) to work on /home/airflow/.local/lib/python3.8/site-packages/airflow/example_dags/example_xcomargs.py
[2023-11-04T17:14:00.088+0000] {processor.py:829} INFO - Processing file /home/airflow/.local/lib/python3.8/site-packages/airflow/example_dags/example_xcomargs.py for tasks to queue
[2023-11-04T17:14:00.091+0000] {logging_mixin.py:151} INFO - [2023-11-04T17:14:00.091+0000] {dagbag.py:536} INFO - Filling up the DagBag from /home/airflow/.local/lib/python3.8/site-packages/airflow/example_dags/example_xcomargs.py
[2023-11-04T17:14:00.109+0000] {processor.py:839} INFO - DAG(s) dict_keys(['example_xcom_args', 'example_xcom_args_with_operators']) retrieved from /home/airflow/.local/lib/python3.8/site-packages/airflow/example_dags/example_xcomargs.py
[2023-11-04T17:14:00.128+0000] {logging_mixin.py:151} INFO - [2023-11-04T17:14:00.128+0000] {dag.py:2941} INFO - Sync 2 DAGs
[2023-11-04T17:14:00.160+0000] {logging_mixin.py:151} INFO - [2023-11-04T17:14:00.159+0000] {dag.py:3722} INFO - Setting next_dagrun for example_xcom_args to None, run_after=None
[2023-11-04T17:14:00.165+0000] {logging_mixin.py:151} INFO - [2023-11-04T17:14:00.165+0000] {dag.py:3722} INFO - Setting next_dagrun for example_xcom_args_with_operators to None, run_after=None
[2023-11-04T17:14:00.196+0000] {processor.py:179} INFO - Processing /home/airflow/.local/lib/python3.8/site-packages/airflow/example_dags/example_xcomargs.py took 0.114 seconds
[2023-11-04T17:14:30.252+0000] {processor.py:157} INFO - Started process (PID=753) to work on /home/airflow/.local/lib/python3.8/site-packages/airflow/example_dags/example_xcomargs.py
[2023-11-04T17:14:30.253+0000] {processor.py:829} INFO - Processing file /home/airflow/.local/lib/python3.8/site-packages/airflow/example_dags/example_xcomargs.py for tasks to queue
[2023-11-04T17:14:30.255+0000] {logging_mixin.py:151} INFO - [2023-11-04T17:14:30.254+0000] {dagbag.py:536} INFO - Filling up the DagBag from /home/airflow/.local/lib/python3.8/site-packages/airflow/example_dags/example_xcomargs.py
[2023-11-04T17:14:30.267+0000] {processor.py:839} INFO - DAG(s) dict_keys(['example_xcom_args_with_operators', 'example_xcom_args']) retrieved from /home/airflow/.local/lib/python3.8/site-packages/airflow/example_dags/example_xcomargs.py
[2023-11-04T17:14:30.286+0000] {logging_mixin.py:151} INFO - [2023-11-04T17:14:30.286+0000] {dag.py:2941} INFO - Sync 2 DAGs
[2023-11-04T17:14:30.307+0000] {logging_mixin.py:151} INFO - [2023-11-04T17:14:30.307+0000] {dag.py:3722} INFO - Setting next_dagrun for example_xcom_args to None, run_after=None
[2023-11-04T17:14:30.313+0000] {logging_mixin.py:151} INFO - [2023-11-04T17:14:30.313+0000] {dag.py:3722} INFO - Setting next_dagrun for example_xcom_args_with_operators to None, run_after=None
[2023-11-04T17:14:30.345+0000] {processor.py:179} INFO - Processing /home/airflow/.local/lib/python3.8/site-packages/airflow/example_dags/example_xcomargs.py took 0.098 seconds
[2023-11-04T17:15:00.762+0000] {processor.py:157} INFO - Started process (PID=986) to work on /home/airflow/.local/lib/python3.8/site-packages/airflow/example_dags/example_xcomargs.py
[2023-11-04T17:15:00.763+0000] {processor.py:829} INFO - Processing file /home/airflow/.local/lib/python3.8/site-packages/airflow/example_dags/example_xcomargs.py for tasks to queue
[2023-11-04T17:15:00.765+0000] {logging_mixin.py:151} INFO - [2023-11-04T17:15:00.765+0000] {dagbag.py:536} INFO - Filling up the DagBag from /home/airflow/.local/lib/python3.8/site-packages/airflow/example_dags/example_xcomargs.py
[2023-11-04T17:15:00.777+0000] {processor.py:839} INFO - DAG(s) dict_keys(['example_xcom_args_with_operators', 'example_xcom_args']) retrieved from /home/airflow/.local/lib/python3.8/site-packages/airflow/example_dags/example_xcomargs.py
[2023-11-04T17:15:00.815+0000] {logging_mixin.py:151} INFO - [2023-11-04T17:15:00.815+0000] {dag.py:2941} INFO - Sync 2 DAGs
[2023-11-04T17:15:00.835+0000] {logging_mixin.py:151} INFO - [2023-11-04T17:15:00.835+0000] {dag.py:3722} INFO - Setting next_dagrun for example_xcom_args to None, run_after=None
[2023-11-04T17:15:00.842+0000] {logging_mixin.py:151} INFO - [2023-11-04T17:15:00.842+0000] {dag.py:3722} INFO - Setting next_dagrun for example_xcom_args_with_operators to None, run_after=None
[2023-11-04T17:15:00.869+0000] {processor.py:179} INFO - Processing /home/airflow/.local/lib/python3.8/site-packages/airflow/example_dags/example_xcomargs.py took 0.112 seconds
[2023-11-04T17:15:31.885+0000] {processor.py:157} INFO - Started process (PID=1229) to work on /home/airflow/.local/lib/python3.8/site-packages/airflow/example_dags/example_xcomargs.py
[2023-11-04T17:15:31.887+0000] {processor.py:829} INFO - Processing file /home/airflow/.local/lib/python3.8/site-packages/airflow/example_dags/example_xcomargs.py for tasks to queue
[2023-11-04T17:15:31.888+0000] {logging_mixin.py:151} INFO - [2023-11-04T17:15:31.888+0000] {dagbag.py:536} INFO - Filling up the DagBag from /home/airflow/.local/lib/python3.8/site-packages/airflow/example_dags/example_xcomargs.py
[2023-11-04T17:15:31.904+0000] {processor.py:839} INFO - DAG(s) dict_keys(['example_xcom_args_with_operators', 'example_xcom_args']) retrieved from /home/airflow/.local/lib/python3.8/site-packages/airflow/example_dags/example_xcomargs.py
[2023-11-04T17:15:31.951+0000] {logging_mixin.py:151} INFO - [2023-11-04T17:15:31.950+0000] {dag.py:2941} INFO - Sync 2 DAGs
[2023-11-04T17:15:31.975+0000] {logging_mixin.py:151} INFO - [2023-11-04T17:15:31.975+0000] {dag.py:3722} INFO - Setting next_dagrun for example_xcom_args to None, run_after=None
[2023-11-04T17:15:31.981+0000] {logging_mixin.py:151} INFO - [2023-11-04T17:15:31.981+0000] {dag.py:3722} INFO - Setting next_dagrun for example_xcom_args_with_operators to None, run_after=None
[2023-11-04T17:15:32.014+0000] {processor.py:179} INFO - Processing /home/airflow/.local/lib/python3.8/site-packages/airflow/example_dags/example_xcomargs.py took 0.135 seconds
[2023-11-04T17:16:02.800+0000] {processor.py:157} INFO - Started process (PID=1491) to work on /home/airflow/.local/lib/python3.8/site-packages/airflow/example_dags/example_xcomargs.py
[2023-11-04T17:16:02.802+0000] {processor.py:829} INFO - Processing file /home/airflow/.local/lib/python3.8/site-packages/airflow/example_dags/example_xcomargs.py for tasks to queue
[2023-11-04T17:16:02.805+0000] {logging_mixin.py:151} INFO - [2023-11-04T17:16:02.804+0000] {dagbag.py:536} INFO - Filling up the DagBag from /home/airflow/.local/lib/python3.8/site-packages/airflow/example_dags/example_xcomargs.py
[2023-11-04T17:16:02.819+0000] {processor.py:839} INFO - DAG(s) dict_keys(['example_xcom_args_with_operators', 'example_xcom_args']) retrieved from /home/airflow/.local/lib/python3.8/site-packages/airflow/example_dags/example_xcomargs.py
[2023-11-04T17:16:02.867+0000] {logging_mixin.py:151} INFO - [2023-11-04T17:16:02.866+0000] {dag.py:2941} INFO - Sync 2 DAGs
[2023-11-04T17:16:02.891+0000] {logging_mixin.py:151} INFO - [2023-11-04T17:16:02.891+0000] {dag.py:3722} INFO - Setting next_dagrun for example_xcom_args to None, run_after=None
[2023-11-04T17:16:02.897+0000] {logging_mixin.py:151} INFO - [2023-11-04T17:16:02.897+0000] {dag.py:3722} INFO - Setting next_dagrun for example_xcom_args_with_operators to None, run_after=None
[2023-11-04T17:16:02.934+0000] {processor.py:179} INFO - Processing /home/airflow/.local/lib/python3.8/site-packages/airflow/example_dags/example_xcomargs.py took 0.139 seconds
[2023-11-04T17:16:33.388+0000] {processor.py:157} INFO - Started process (PID=1730) to work on /home/airflow/.local/lib/python3.8/site-packages/airflow/example_dags/example_xcomargs.py
[2023-11-04T17:16:33.389+0000] {processor.py:829} INFO - Processing file /home/airflow/.local/lib/python3.8/site-packages/airflow/example_dags/example_xcomargs.py for tasks to queue
[2023-11-04T17:16:33.391+0000] {logging_mixin.py:151} INFO - [2023-11-04T17:16:33.390+0000] {dagbag.py:536} INFO - Filling up the DagBag from /home/airflow/.local/lib/python3.8/site-packages/airflow/example_dags/example_xcomargs.py
[2023-11-04T17:16:33.404+0000] {processor.py:839} INFO - DAG(s) dict_keys(['example_xcom_args', 'example_xcom_args_with_operators']) retrieved from /home/airflow/.local/lib/python3.8/site-packages/airflow/example_dags/example_xcomargs.py
[2023-11-04T17:16:33.441+0000] {logging_mixin.py:151} INFO - [2023-11-04T17:16:33.440+0000] {dag.py:2941} INFO - Sync 2 DAGs
[2023-11-04T17:16:33.460+0000] {logging_mixin.py:151} INFO - [2023-11-04T17:16:33.460+0000] {dag.py:3722} INFO - Setting next_dagrun for example_xcom_args to None, run_after=None
[2023-11-04T17:16:33.465+0000] {logging_mixin.py:151} INFO - [2023-11-04T17:16:33.465+0000] {dag.py:3722} INFO - Setting next_dagrun for example_xcom_args_with_operators to None, run_after=None
[2023-11-04T17:16:33.496+0000] {processor.py:179} INFO - Processing /home/airflow/.local/lib/python3.8/site-packages/airflow/example_dags/example_xcomargs.py took 0.113 seconds
[2023-11-04T17:17:04.058+0000] {processor.py:157} INFO - Started process (PID=1968) to work on /home/airflow/.local/lib/python3.8/site-packages/airflow/example_dags/example_xcomargs.py
[2023-11-04T17:17:04.060+0000] {processor.py:829} INFO - Processing file /home/airflow/.local/lib/python3.8/site-packages/airflow/example_dags/example_xcomargs.py for tasks to queue
[2023-11-04T17:17:04.061+0000] {logging_mixin.py:151} INFO - [2023-11-04T17:17:04.060+0000] {dagbag.py:536} INFO - Filling up the DagBag from /home/airflow/.local/lib/python3.8/site-packages/airflow/example_dags/example_xcomargs.py
[2023-11-04T17:17:04.076+0000] {processor.py:839} INFO - DAG(s) dict_keys(['example_xcom_args', 'example_xcom_args_with_operators']) retrieved from /home/airflow/.local/lib/python3.8/site-packages/airflow/example_dags/example_xcomargs.py
[2023-11-04T17:17:04.122+0000] {logging_mixin.py:151} INFO - [2023-11-04T17:17:04.122+0000] {dag.py:2941} INFO - Sync 2 DAGs
[2023-11-04T17:17:04.144+0000] {logging_mixin.py:151} INFO - [2023-11-04T17:17:04.144+0000] {dag.py:3722} INFO - Setting next_dagrun for example_xcom_args to None, run_after=None
[2023-11-04T17:17:04.150+0000] {logging_mixin.py:151} INFO - [2023-11-04T17:17:04.150+0000] {dag.py:3722} INFO - Setting next_dagrun for example_xcom_args_with_operators to None, run_after=None
[2023-11-04T17:17:04.211+0000] {processor.py:179} INFO - Processing /home/airflow/.local/lib/python3.8/site-packages/airflow/example_dags/example_xcomargs.py took 0.158 seconds
[2023-11-04T17:17:34.507+0000] {processor.py:157} INFO - Started process (PID=2208) to work on /home/airflow/.local/lib/python3.8/site-packages/airflow/example_dags/example_xcomargs.py
[2023-11-04T17:17:34.508+0000] {processor.py:829} INFO - Processing file /home/airflow/.local/lib/python3.8/site-packages/airflow/example_dags/example_xcomargs.py for tasks to queue
[2023-11-04T17:17:34.510+0000] {logging_mixin.py:151} INFO - [2023-11-04T17:17:34.509+0000] {dagbag.py:536} INFO - Filling up the DagBag from /home/airflow/.local/lib/python3.8/site-packages/airflow/example_dags/example_xcomargs.py
[2023-11-04T17:17:34.522+0000] {processor.py:839} INFO - DAG(s) dict_keys(['example_xcom_args', 'example_xcom_args_with_operators']) retrieved from /home/airflow/.local/lib/python3.8/site-packages/airflow/example_dags/example_xcomargs.py
[2023-11-04T17:17:34.559+0000] {logging_mixin.py:151} INFO - [2023-11-04T17:17:34.559+0000] {dag.py:2941} INFO - Sync 2 DAGs
[2023-11-04T17:17:34.582+0000] {logging_mixin.py:151} INFO - [2023-11-04T17:17:34.582+0000] {dag.py:3722} INFO - Setting next_dagrun for example_xcom_args to None, run_after=None
[2023-11-04T17:17:34.588+0000] {logging_mixin.py:151} INFO - [2023-11-04T17:17:34.588+0000] {dag.py:3722} INFO - Setting next_dagrun for example_xcom_args_with_operators to None, run_after=None
[2023-11-04T17:17:34.617+0000] {processor.py:179} INFO - Processing /home/airflow/.local/lib/python3.8/site-packages/airflow/example_dags/example_xcomargs.py took 0.115 seconds
[2023-11-04T17:18:04.756+0000] {processor.py:157} INFO - Started process (PID=2446) to work on /home/airflow/.local/lib/python3.8/site-packages/airflow/example_dags/example_xcomargs.py
[2023-11-04T17:18:04.757+0000] {processor.py:829} INFO - Processing file /home/airflow/.local/lib/python3.8/site-packages/airflow/example_dags/example_xcomargs.py for tasks to queue
[2023-11-04T17:18:04.759+0000] {logging_mixin.py:151} INFO - [2023-11-04T17:18:04.758+0000] {dagbag.py:536} INFO - Filling up the DagBag from /home/airflow/.local/lib/python3.8/site-packages/airflow/example_dags/example_xcomargs.py
[2023-11-04T17:18:04.771+0000] {processor.py:839} INFO - DAG(s) dict_keys(['example_xcom_args', 'example_xcom_args_with_operators']) retrieved from /home/airflow/.local/lib/python3.8/site-packages/airflow/example_dags/example_xcomargs.py
[2023-11-04T17:18:04.807+0000] {logging_mixin.py:151} INFO - [2023-11-04T17:18:04.807+0000] {dag.py:2941} INFO - Sync 2 DAGs
[2023-11-04T17:18:04.827+0000] {logging_mixin.py:151} INFO - [2023-11-04T17:18:04.827+0000] {dag.py:3722} INFO - Setting next_dagrun for example_xcom_args to None, run_after=None
[2023-11-04T17:18:04.832+0000] {logging_mixin.py:151} INFO - [2023-11-04T17:18:04.832+0000] {dag.py:3722} INFO - Setting next_dagrun for example_xcom_args_with_operators to None, run_after=None
[2023-11-04T17:18:04.863+0000] {processor.py:179} INFO - Processing /home/airflow/.local/lib/python3.8/site-packages/airflow/example_dags/example_xcomargs.py took 0.112 seconds
[2023-11-04T17:18:35.363+0000] {processor.py:157} INFO - Started process (PID=2682) to work on /home/airflow/.local/lib/python3.8/site-packages/airflow/example_dags/example_xcomargs.py
[2023-11-04T17:18:35.365+0000] {processor.py:829} INFO - Processing file /home/airflow/.local/lib/python3.8/site-packages/airflow/example_dags/example_xcomargs.py for tasks to queue
[2023-11-04T17:18:35.367+0000] {logging_mixin.py:151} INFO - [2023-11-04T17:18:35.366+0000] {dagbag.py:536} INFO - Filling up the DagBag from /home/airflow/.local/lib/python3.8/site-packages/airflow/example_dags/example_xcomargs.py
[2023-11-04T17:18:35.388+0000] {processor.py:839} INFO - DAG(s) dict_keys(['example_xcom_args_with_operators', 'example_xcom_args']) retrieved from /home/airflow/.local/lib/python3.8/site-packages/airflow/example_dags/example_xcomargs.py
[2023-11-04T17:18:35.450+0000] {logging_mixin.py:151} INFO - [2023-11-04T17:18:35.449+0000] {dag.py:2941} INFO - Sync 2 DAGs
[2023-11-04T17:18:35.477+0000] {logging_mixin.py:151} INFO - [2023-11-04T17:18:35.477+0000] {dag.py:3722} INFO - Setting next_dagrun for example_xcom_args to None, run_after=None
[2023-11-04T17:18:35.482+0000] {logging_mixin.py:151} INFO - [2023-11-04T17:18:35.482+0000] {dag.py:3722} INFO - Setting next_dagrun for example_xcom_args_with_operators to None, run_after=None
[2023-11-04T17:18:35.512+0000] {processor.py:179} INFO - Processing /home/airflow/.local/lib/python3.8/site-packages/airflow/example_dags/example_xcomargs.py took 0.155 seconds
[2023-11-04T17:19:05.592+0000] {processor.py:157} INFO - Started process (PID=2922) to work on /home/airflow/.local/lib/python3.8/site-packages/airflow/example_dags/example_xcomargs.py
[2023-11-04T17:19:05.593+0000] {processor.py:829} INFO - Processing file /home/airflow/.local/lib/python3.8/site-packages/airflow/example_dags/example_xcomargs.py for tasks to queue
[2023-11-04T17:19:05.595+0000] {logging_mixin.py:151} INFO - [2023-11-04T17:19:05.594+0000] {dagbag.py:536} INFO - Filling up the DagBag from /home/airflow/.local/lib/python3.8/site-packages/airflow/example_dags/example_xcomargs.py
[2023-11-04T17:19:05.609+0000] {processor.py:839} INFO - DAG(s) dict_keys(['example_xcom_args', 'example_xcom_args_with_operators']) retrieved from /home/airflow/.local/lib/python3.8/site-packages/airflow/example_dags/example_xcomargs.py
[2023-11-04T17:19:05.656+0000] {logging_mixin.py:151} INFO - [2023-11-04T17:19:05.655+0000] {dag.py:2941} INFO - Sync 2 DAGs
[2023-11-04T17:19:05.682+0000] {logging_mixin.py:151} INFO - [2023-11-04T17:19:05.682+0000] {dag.py:3722} INFO - Setting next_dagrun for example_xcom_args to None, run_after=None
[2023-11-04T17:19:05.689+0000] {logging_mixin.py:151} INFO - [2023-11-04T17:19:05.689+0000] {dag.py:3722} INFO - Setting next_dagrun for example_xcom_args_with_operators to None, run_after=None
[2023-11-04T17:19:05.730+0000] {processor.py:179} INFO - Processing /home/airflow/.local/lib/python3.8/site-packages/airflow/example_dags/example_xcomargs.py took 0.143 seconds
[2023-11-04T17:19:36.055+0000] {processor.py:157} INFO - Started process (PID=3160) to work on /home/airflow/.local/lib/python3.8/site-packages/airflow/example_dags/example_xcomargs.py
[2023-11-04T17:19:36.057+0000] {processor.py:829} INFO - Processing file /home/airflow/.local/lib/python3.8/site-packages/airflow/example_dags/example_xcomargs.py for tasks to queue
[2023-11-04T17:19:36.058+0000] {logging_mixin.py:151} INFO - [2023-11-04T17:19:36.058+0000] {dagbag.py:536} INFO - Filling up the DagBag from /home/airflow/.local/lib/python3.8/site-packages/airflow/example_dags/example_xcomargs.py
[2023-11-04T17:19:36.071+0000] {processor.py:839} INFO - DAG(s) dict_keys(['example_xcom_args_with_operators', 'example_xcom_args']) retrieved from /home/airflow/.local/lib/python3.8/site-packages/airflow/example_dags/example_xcomargs.py
[2023-11-04T17:19:36.113+0000] {logging_mixin.py:151} INFO - [2023-11-04T17:19:36.112+0000] {dag.py:2941} INFO - Sync 2 DAGs
[2023-11-04T17:19:36.138+0000] {logging_mixin.py:151} INFO - [2023-11-04T17:19:36.138+0000] {dag.py:3722} INFO - Setting next_dagrun for example_xcom_args to None, run_after=None
[2023-11-04T17:19:36.145+0000] {logging_mixin.py:151} INFO - [2023-11-04T17:19:36.144+0000] {dag.py:3722} INFO - Setting next_dagrun for example_xcom_args_with_operators to None, run_after=None
[2023-11-04T17:19:36.172+0000] {processor.py:179} INFO - Processing /home/airflow/.local/lib/python3.8/site-packages/airflow/example_dags/example_xcomargs.py took 0.122 seconds
[2023-11-04T17:20:06.799+0000] {processor.py:157} INFO - Started process (PID=3403) to work on /home/airflow/.local/lib/python3.8/site-packages/airflow/example_dags/example_xcomargs.py
[2023-11-04T17:20:06.800+0000] {processor.py:829} INFO - Processing file /home/airflow/.local/lib/python3.8/site-packages/airflow/example_dags/example_xcomargs.py for tasks to queue
[2023-11-04T17:20:06.802+0000] {logging_mixin.py:151} INFO - [2023-11-04T17:20:06.801+0000] {dagbag.py:536} INFO - Filling up the DagBag from /home/airflow/.local/lib/python3.8/site-packages/airflow/example_dags/example_xcomargs.py
[2023-11-04T17:20:06.814+0000] {processor.py:839} INFO - DAG(s) dict_keys(['example_xcom_args_with_operators', 'example_xcom_args']) retrieved from /home/airflow/.local/lib/python3.8/site-packages/airflow/example_dags/example_xcomargs.py
[2023-11-04T17:20:06.852+0000] {logging_mixin.py:151} INFO - [2023-11-04T17:20:06.851+0000] {dag.py:2941} INFO - Sync 2 DAGs
[2023-11-04T17:20:06.871+0000] {logging_mixin.py:151} INFO - [2023-11-04T17:20:06.871+0000] {dag.py:3722} INFO - Setting next_dagrun for example_xcom_args to None, run_after=None
[2023-11-04T17:20:06.876+0000] {logging_mixin.py:151} INFO - [2023-11-04T17:20:06.876+0000] {dag.py:3722} INFO - Setting next_dagrun for example_xcom_args_with_operators to None, run_after=None
[2023-11-04T17:20:06.906+0000] {processor.py:179} INFO - Processing /home/airflow/.local/lib/python3.8/site-packages/airflow/example_dags/example_xcomargs.py took 0.112 seconds
[2023-11-04T17:20:37.246+0000] {processor.py:157} INFO - Started process (PID=3641) to work on /home/airflow/.local/lib/python3.8/site-packages/airflow/example_dags/example_xcomargs.py
[2023-11-04T17:20:37.248+0000] {processor.py:829} INFO - Processing file /home/airflow/.local/lib/python3.8/site-packages/airflow/example_dags/example_xcomargs.py for tasks to queue
[2023-11-04T17:20:37.250+0000] {logging_mixin.py:151} INFO - [2023-11-04T17:20:37.249+0000] {dagbag.py:536} INFO - Filling up the DagBag from /home/airflow/.local/lib/python3.8/site-packages/airflow/example_dags/example_xcomargs.py
[2023-11-04T17:20:37.262+0000] {processor.py:839} INFO - DAG(s) dict_keys(['example_xcom_args', 'example_xcom_args_with_operators']) retrieved from /home/airflow/.local/lib/python3.8/site-packages/airflow/example_dags/example_xcomargs.py
[2023-11-04T17:20:37.299+0000] {logging_mixin.py:151} INFO - [2023-11-04T17:20:37.299+0000] {dag.py:2941} INFO - Sync 2 DAGs
[2023-11-04T17:20:37.320+0000] {logging_mixin.py:151} INFO - [2023-11-04T17:20:37.320+0000] {dag.py:3722} INFO - Setting next_dagrun for example_xcom_args to None, run_after=None
[2023-11-04T17:20:37.326+0000] {logging_mixin.py:151} INFO - [2023-11-04T17:20:37.325+0000] {dag.py:3722} INFO - Setting next_dagrun for example_xcom_args_with_operators to None, run_after=None
[2023-11-04T17:20:37.352+0000] {processor.py:179} INFO - Processing /home/airflow/.local/lib/python3.8/site-packages/airflow/example_dags/example_xcomargs.py took 0.111 seconds
[2023-11-04T17:21:08.032+0000] {processor.py:157} INFO - Started process (PID=3879) to work on /home/airflow/.local/lib/python3.8/site-packages/airflow/example_dags/example_xcomargs.py
[2023-11-04T17:21:08.034+0000] {processor.py:829} INFO - Processing file /home/airflow/.local/lib/python3.8/site-packages/airflow/example_dags/example_xcomargs.py for tasks to queue
[2023-11-04T17:21:08.035+0000] {logging_mixin.py:151} INFO - [2023-11-04T17:21:08.035+0000] {dagbag.py:536} INFO - Filling up the DagBag from /home/airflow/.local/lib/python3.8/site-packages/airflow/example_dags/example_xcomargs.py
[2023-11-04T17:21:08.053+0000] {processor.py:839} INFO - DAG(s) dict_keys(['example_xcom_args_with_operators', 'example_xcom_args']) retrieved from /home/airflow/.local/lib/python3.8/site-packages/airflow/example_dags/example_xcomargs.py
[2023-11-04T17:21:08.125+0000] {logging_mixin.py:151} INFO - [2023-11-04T17:21:08.124+0000] {dag.py:2941} INFO - Sync 2 DAGs
[2023-11-04T17:21:08.165+0000] {logging_mixin.py:151} INFO - [2023-11-04T17:21:08.165+0000] {dag.py:3722} INFO - Setting next_dagrun for example_xcom_args to None, run_after=None
[2023-11-04T17:21:08.174+0000] {logging_mixin.py:151} INFO - [2023-11-04T17:21:08.173+0000] {dag.py:3722} INFO - Setting next_dagrun for example_xcom_args_with_operators to None, run_after=None
[2023-11-04T17:21:08.216+0000] {processor.py:179} INFO - Processing /home/airflow/.local/lib/python3.8/site-packages/airflow/example_dags/example_xcomargs.py took 0.189 seconds
[2023-11-04T17:21:39.578+0000] {processor.py:157} INFO - Started process (PID=4163) to work on /home/airflow/.local/lib/python3.8/site-packages/airflow/example_dags/example_xcomargs.py
[2023-11-04T17:21:39.580+0000] {processor.py:829} INFO - Processing file /home/airflow/.local/lib/python3.8/site-packages/airflow/example_dags/example_xcomargs.py for tasks to queue
[2023-11-04T17:21:39.581+0000] {logging_mixin.py:151} INFO - [2023-11-04T17:21:39.581+0000] {dagbag.py:536} INFO - Filling up the DagBag from /home/airflow/.local/lib/python3.8/site-packages/airflow/example_dags/example_xcomargs.py
[2023-11-04T17:21:39.596+0000] {processor.py:839} INFO - DAG(s) dict_keys(['example_xcom_args', 'example_xcom_args_with_operators']) retrieved from /home/airflow/.local/lib/python3.8/site-packages/airflow/example_dags/example_xcomargs.py
[2023-11-04T17:21:39.642+0000] {logging_mixin.py:151} INFO - [2023-11-04T17:21:39.641+0000] {dag.py:2941} INFO - Sync 2 DAGs
[2023-11-04T17:21:39.665+0000] {logging_mixin.py:151} INFO - [2023-11-04T17:21:39.665+0000] {dag.py:3722} INFO - Setting next_dagrun for example_xcom_args to None, run_after=None
[2023-11-04T17:21:39.671+0000] {logging_mixin.py:151} INFO - [2023-11-04T17:21:39.671+0000] {dag.py:3722} INFO - Setting next_dagrun for example_xcom_args_with_operators to None, run_after=None
[2023-11-04T17:21:39.708+0000] {processor.py:179} INFO - Processing /home/airflow/.local/lib/python3.8/site-packages/airflow/example_dags/example_xcomargs.py took 0.136 seconds
[2023-11-04T17:22:10.107+0000] {processor.py:157} INFO - Started process (PID=4403) to work on /home/airflow/.local/lib/python3.8/site-packages/airflow/example_dags/example_xcomargs.py
[2023-11-04T17:22:10.111+0000] {processor.py:829} INFO - Processing file /home/airflow/.local/lib/python3.8/site-packages/airflow/example_dags/example_xcomargs.py for tasks to queue
[2023-11-04T17:22:10.114+0000] {logging_mixin.py:151} INFO - [2023-11-04T17:22:10.113+0000] {dagbag.py:536} INFO - Filling up the DagBag from /home/airflow/.local/lib/python3.8/site-packages/airflow/example_dags/example_xcomargs.py
[2023-11-04T17:22:10.139+0000] {processor.py:839} INFO - DAG(s) dict_keys(['example_xcom_args', 'example_xcom_args_with_operators']) retrieved from /home/airflow/.local/lib/python3.8/site-packages/airflow/example_dags/example_xcomargs.py
[2023-11-04T17:22:10.199+0000] {logging_mixin.py:151} INFO - [2023-11-04T17:22:10.199+0000] {dag.py:2941} INFO - Sync 2 DAGs
[2023-11-04T17:22:10.233+0000] {logging_mixin.py:151} INFO - [2023-11-04T17:22:10.233+0000] {dag.py:3722} INFO - Setting next_dagrun for example_xcom_args to None, run_after=None
[2023-11-04T17:22:10.243+0000] {logging_mixin.py:151} INFO - [2023-11-04T17:22:10.242+0000] {dag.py:3722} INFO - Setting next_dagrun for example_xcom_args_with_operators to None, run_after=None
[2023-11-04T17:22:10.279+0000] {processor.py:179} INFO - Processing /home/airflow/.local/lib/python3.8/site-packages/airflow/example_dags/example_xcomargs.py took 0.178 seconds
[2023-11-04T17:22:40.631+0000] {processor.py:157} INFO - Started process (PID=4641) to work on /home/airflow/.local/lib/python3.8/site-packages/airflow/example_dags/example_xcomargs.py
[2023-11-04T17:22:40.633+0000] {processor.py:829} INFO - Processing file /home/airflow/.local/lib/python3.8/site-packages/airflow/example_dags/example_xcomargs.py for tasks to queue
[2023-11-04T17:22:40.637+0000] {logging_mixin.py:151} INFO - [2023-11-04T17:22:40.636+0000] {dagbag.py:536} INFO - Filling up the DagBag from /home/airflow/.local/lib/python3.8/site-packages/airflow/example_dags/example_xcomargs.py
[2023-11-04T17:22:40.663+0000] {processor.py:839} INFO - DAG(s) dict_keys(['example_xcom_args_with_operators', 'example_xcom_args']) retrieved from /home/airflow/.local/lib/python3.8/site-packages/airflow/example_dags/example_xcomargs.py
[2023-11-04T17:22:40.742+0000] {logging_mixin.py:151} INFO - [2023-11-04T17:22:40.742+0000] {dag.py:2941} INFO - Sync 2 DAGs
[2023-11-04T17:22:40.787+0000] {logging_mixin.py:151} INFO - [2023-11-04T17:22:40.784+0000] {dag.py:3722} INFO - Setting next_dagrun for example_xcom_args to None, run_after=None
[2023-11-04T17:22:40.794+0000] {logging_mixin.py:151} INFO - [2023-11-04T17:22:40.793+0000] {dag.py:3722} INFO - Setting next_dagrun for example_xcom_args_with_operators to None, run_after=None
[2023-11-04T17:22:40.840+0000] {processor.py:179} INFO - Processing /home/airflow/.local/lib/python3.8/site-packages/airflow/example_dags/example_xcomargs.py took 0.216 seconds
