[2023-11-04T16:23:45.660+0000] {processor.py:157} INFO - Started process (PID=233) to work on /home/airflow/.local/lib/python3.8/site-packages/airflow/example_dags/example_sla_dag.py
[2023-11-04T16:23:45.661+0000] {processor.py:829} INFO - Processing file /home/airflow/.local/lib/python3.8/site-packages/airflow/example_dags/example_sla_dag.py for tasks to queue
[2023-11-04T16:23:45.664+0000] {logging_mixin.py:151} INFO - [2023-11-04T16:23:45.663+0000] {dagbag.py:536} INFO - Filling up the DagBag from /home/airflow/.local/lib/python3.8/site-packages/airflow/example_dags/example_sla_dag.py
[2023-11-04T16:23:45.682+0000] {processor.py:839} INFO - DAG(s) dict_keys(['example_sla_dag']) retrieved from /home/airflow/.local/lib/python3.8/site-packages/airflow/example_dags/example_sla_dag.py
[2023-11-04T16:23:45.702+0000] {logging_mixin.py:151} INFO - [2023-11-04T16:23:45.701+0000] {dag.py:2941} INFO - Sync 1 DAGs
[2023-11-04T16:23:45.745+0000] {logging_mixin.py:151} INFO - [2023-11-04T16:23:45.745+0000] {dag.py:3722} INFO - Setting next_dagrun for example_sla_dag to 2023-11-04T16:20:00+00:00, run_after=2023-11-04T16:22:00+00:00
[2023-11-04T16:23:45.774+0000] {processor.py:179} INFO - Processing /home/airflow/.local/lib/python3.8/site-packages/airflow/example_dags/example_sla_dag.py took 0.120 seconds
[2023-11-04T16:24:16.196+0000] {processor.py:157} INFO - Started process (PID=473) to work on /home/airflow/.local/lib/python3.8/site-packages/airflow/example_dags/example_sla_dag.py
[2023-11-04T16:24:16.197+0000] {processor.py:829} INFO - Processing file /home/airflow/.local/lib/python3.8/site-packages/airflow/example_dags/example_sla_dag.py for tasks to queue
[2023-11-04T16:24:16.199+0000] {logging_mixin.py:151} INFO - [2023-11-04T16:24:16.199+0000] {dagbag.py:536} INFO - Filling up the DagBag from /home/airflow/.local/lib/python3.8/site-packages/airflow/example_dags/example_sla_dag.py
[2023-11-04T16:24:16.213+0000] {processor.py:839} INFO - DAG(s) dict_keys(['example_sla_dag']) retrieved from /home/airflow/.local/lib/python3.8/site-packages/airflow/example_dags/example_sla_dag.py
[2023-11-04T16:24:16.252+0000] {logging_mixin.py:151} INFO - [2023-11-04T16:24:16.251+0000] {dag.py:2941} INFO - Sync 1 DAGs
[2023-11-04T16:24:16.297+0000] {logging_mixin.py:151} INFO - [2023-11-04T16:24:16.296+0000] {dag.py:3722} INFO - Setting next_dagrun for example_sla_dag to 2023-11-04T16:22:00+00:00, run_after=2023-11-04T16:24:00+00:00
[2023-11-04T16:24:16.326+0000] {processor.py:179} INFO - Processing /home/airflow/.local/lib/python3.8/site-packages/airflow/example_dags/example_sla_dag.py took 0.136 seconds
[2023-11-04T16:24:46.708+0000] {processor.py:157} INFO - Started process (PID=709) to work on /home/airflow/.local/lib/python3.8/site-packages/airflow/example_dags/example_sla_dag.py
[2023-11-04T16:24:46.710+0000] {processor.py:829} INFO - Processing file /home/airflow/.local/lib/python3.8/site-packages/airflow/example_dags/example_sla_dag.py for tasks to queue
[2023-11-04T16:24:46.712+0000] {logging_mixin.py:151} INFO - [2023-11-04T16:24:46.711+0000] {dagbag.py:536} INFO - Filling up the DagBag from /home/airflow/.local/lib/python3.8/site-packages/airflow/example_dags/example_sla_dag.py
[2023-11-04T16:24:46.728+0000] {processor.py:839} INFO - DAG(s) dict_keys(['example_sla_dag']) retrieved from /home/airflow/.local/lib/python3.8/site-packages/airflow/example_dags/example_sla_dag.py
[2023-11-04T16:24:46.769+0000] {logging_mixin.py:151} INFO - [2023-11-04T16:24:46.768+0000] {dag.py:2941} INFO - Sync 1 DAGs
[2023-11-04T16:24:46.809+0000] {logging_mixin.py:151} INFO - [2023-11-04T16:24:46.808+0000] {dag.py:3722} INFO - Setting next_dagrun for example_sla_dag to 2023-11-04T16:22:00+00:00, run_after=2023-11-04T16:24:00+00:00
[2023-11-04T16:24:46.840+0000] {processor.py:179} INFO - Processing /home/airflow/.local/lib/python3.8/site-packages/airflow/example_dags/example_sla_dag.py took 0.137 seconds
[2023-11-04T16:25:16.945+0000] {processor.py:157} INFO - Started process (PID=947) to work on /home/airflow/.local/lib/python3.8/site-packages/airflow/example_dags/example_sla_dag.py
[2023-11-04T16:25:16.947+0000] {processor.py:829} INFO - Processing file /home/airflow/.local/lib/python3.8/site-packages/airflow/example_dags/example_sla_dag.py for tasks to queue
[2023-11-04T16:25:16.948+0000] {logging_mixin.py:151} INFO - [2023-11-04T16:25:16.948+0000] {dagbag.py:536} INFO - Filling up the DagBag from /home/airflow/.local/lib/python3.8/site-packages/airflow/example_dags/example_sla_dag.py
[2023-11-04T16:25:16.962+0000] {processor.py:839} INFO - DAG(s) dict_keys(['example_sla_dag']) retrieved from /home/airflow/.local/lib/python3.8/site-packages/airflow/example_dags/example_sla_dag.py
[2023-11-04T16:25:16.995+0000] {logging_mixin.py:151} INFO - [2023-11-04T16:25:16.995+0000] {dag.py:2941} INFO - Sync 1 DAGs
[2023-11-04T16:25:17.037+0000] {logging_mixin.py:151} INFO - [2023-11-04T16:25:17.037+0000] {dag.py:3722} INFO - Setting next_dagrun for example_sla_dag to 2023-11-04T16:22:00+00:00, run_after=2023-11-04T16:24:00+00:00
[2023-11-04T16:25:17.066+0000] {processor.py:179} INFO - Processing /home/airflow/.local/lib/python3.8/site-packages/airflow/example_dags/example_sla_dag.py took 0.127 seconds
[2023-11-04T16:25:47.259+0000] {processor.py:157} INFO - Started process (PID=1185) to work on /home/airflow/.local/lib/python3.8/site-packages/airflow/example_dags/example_sla_dag.py
[2023-11-04T16:25:47.261+0000] {processor.py:829} INFO - Processing file /home/airflow/.local/lib/python3.8/site-packages/airflow/example_dags/example_sla_dag.py for tasks to queue
[2023-11-04T16:25:47.262+0000] {logging_mixin.py:151} INFO - [2023-11-04T16:25:47.262+0000] {dagbag.py:536} INFO - Filling up the DagBag from /home/airflow/.local/lib/python3.8/site-packages/airflow/example_dags/example_sla_dag.py
[2023-11-04T16:25:47.277+0000] {processor.py:839} INFO - DAG(s) dict_keys(['example_sla_dag']) retrieved from /home/airflow/.local/lib/python3.8/site-packages/airflow/example_dags/example_sla_dag.py
[2023-11-04T16:25:47.308+0000] {logging_mixin.py:151} INFO - [2023-11-04T16:25:47.308+0000] {dag.py:2941} INFO - Sync 1 DAGs
[2023-11-04T16:25:47.350+0000] {logging_mixin.py:151} INFO - [2023-11-04T16:25:47.350+0000] {dag.py:3722} INFO - Setting next_dagrun for example_sla_dag to 2023-11-04T16:22:00+00:00, run_after=2023-11-04T16:24:00+00:00
[2023-11-04T16:25:47.378+0000] {processor.py:179} INFO - Processing /home/airflow/.local/lib/python3.8/site-packages/airflow/example_dags/example_sla_dag.py took 0.124 seconds
[2023-11-04T16:26:17.865+0000] {processor.py:157} INFO - Started process (PID=1423) to work on /home/airflow/.local/lib/python3.8/site-packages/airflow/example_dags/example_sla_dag.py
[2023-11-04T16:26:17.866+0000] {processor.py:829} INFO - Processing file /home/airflow/.local/lib/python3.8/site-packages/airflow/example_dags/example_sla_dag.py for tasks to queue
[2023-11-04T16:26:17.868+0000] {logging_mixin.py:151} INFO - [2023-11-04T16:26:17.868+0000] {dagbag.py:536} INFO - Filling up the DagBag from /home/airflow/.local/lib/python3.8/site-packages/airflow/example_dags/example_sla_dag.py
[2023-11-04T16:26:17.883+0000] {processor.py:839} INFO - DAG(s) dict_keys(['example_sla_dag']) retrieved from /home/airflow/.local/lib/python3.8/site-packages/airflow/example_dags/example_sla_dag.py
[2023-11-04T16:26:17.903+0000] {logging_mixin.py:151} INFO - [2023-11-04T16:26:17.903+0000] {dag.py:2941} INFO - Sync 1 DAGs
[2023-11-04T16:26:17.945+0000] {logging_mixin.py:151} INFO - [2023-11-04T16:26:17.945+0000] {dag.py:3722} INFO - Setting next_dagrun for example_sla_dag to 2023-11-04T16:24:00+00:00, run_after=2023-11-04T16:26:00+00:00
[2023-11-04T16:26:17.974+0000] {processor.py:179} INFO - Processing /home/airflow/.local/lib/python3.8/site-packages/airflow/example_dags/example_sla_dag.py took 0.114 seconds
[2023-11-04T16:26:48.322+0000] {processor.py:157} INFO - Started process (PID=1663) to work on /home/airflow/.local/lib/python3.8/site-packages/airflow/example_dags/example_sla_dag.py
[2023-11-04T16:26:48.323+0000] {processor.py:829} INFO - Processing file /home/airflow/.local/lib/python3.8/site-packages/airflow/example_dags/example_sla_dag.py for tasks to queue
[2023-11-04T16:26:48.325+0000] {logging_mixin.py:151} INFO - [2023-11-04T16:26:48.325+0000] {dagbag.py:536} INFO - Filling up the DagBag from /home/airflow/.local/lib/python3.8/site-packages/airflow/example_dags/example_sla_dag.py
[2023-11-04T16:26:48.339+0000] {processor.py:839} INFO - DAG(s) dict_keys(['example_sla_dag']) retrieved from /home/airflow/.local/lib/python3.8/site-packages/airflow/example_dags/example_sla_dag.py
[2023-11-04T16:26:48.370+0000] {logging_mixin.py:151} INFO - [2023-11-04T16:26:48.369+0000] {dag.py:2941} INFO - Sync 1 DAGs
[2023-11-04T16:26:48.408+0000] {logging_mixin.py:151} INFO - [2023-11-04T16:26:48.408+0000] {dag.py:3722} INFO - Setting next_dagrun for example_sla_dag to 2023-11-04T16:24:00+00:00, run_after=2023-11-04T16:26:00+00:00
[2023-11-04T16:26:48.447+0000] {processor.py:179} INFO - Processing /home/airflow/.local/lib/python3.8/site-packages/airflow/example_dags/example_sla_dag.py took 0.129 seconds
[2023-11-04T16:27:18.892+0000] {processor.py:157} INFO - Started process (PID=1901) to work on /home/airflow/.local/lib/python3.8/site-packages/airflow/example_dags/example_sla_dag.py
[2023-11-04T16:27:18.894+0000] {processor.py:829} INFO - Processing file /home/airflow/.local/lib/python3.8/site-packages/airflow/example_dags/example_sla_dag.py for tasks to queue
[2023-11-04T16:27:18.895+0000] {logging_mixin.py:151} INFO - [2023-11-04T16:27:18.895+0000] {dagbag.py:536} INFO - Filling up the DagBag from /home/airflow/.local/lib/python3.8/site-packages/airflow/example_dags/example_sla_dag.py
[2023-11-04T16:27:18.910+0000] {processor.py:839} INFO - DAG(s) dict_keys(['example_sla_dag']) retrieved from /home/airflow/.local/lib/python3.8/site-packages/airflow/example_dags/example_sla_dag.py
[2023-11-04T16:27:18.942+0000] {logging_mixin.py:151} INFO - [2023-11-04T16:27:18.942+0000] {dag.py:2941} INFO - Sync 1 DAGs
[2023-11-04T16:27:18.981+0000] {logging_mixin.py:151} INFO - [2023-11-04T16:27:18.980+0000] {dag.py:3722} INFO - Setting next_dagrun for example_sla_dag to 2023-11-04T16:24:00+00:00, run_after=2023-11-04T16:26:00+00:00
[2023-11-04T16:27:19.015+0000] {processor.py:179} INFO - Processing /home/airflow/.local/lib/python3.8/site-packages/airflow/example_dags/example_sla_dag.py took 0.129 seconds
[2023-11-04T16:27:49.419+0000] {processor.py:157} INFO - Started process (PID=2138) to work on /home/airflow/.local/lib/python3.8/site-packages/airflow/example_dags/example_sla_dag.py
[2023-11-04T16:27:49.423+0000] {processor.py:829} INFO - Processing file /home/airflow/.local/lib/python3.8/site-packages/airflow/example_dags/example_sla_dag.py for tasks to queue
[2023-11-04T16:27:49.427+0000] {logging_mixin.py:151} INFO - [2023-11-04T16:27:49.426+0000] {dagbag.py:536} INFO - Filling up the DagBag from /home/airflow/.local/lib/python3.8/site-packages/airflow/example_dags/example_sla_dag.py
[2023-11-04T16:27:49.459+0000] {processor.py:839} INFO - DAG(s) dict_keys(['example_sla_dag']) retrieved from /home/airflow/.local/lib/python3.8/site-packages/airflow/example_dags/example_sla_dag.py
[2023-11-04T16:27:49.501+0000] {logging_mixin.py:151} INFO - [2023-11-04T16:27:49.500+0000] {dag.py:2941} INFO - Sync 1 DAGs
[2023-11-04T16:27:49.572+0000] {logging_mixin.py:151} INFO - [2023-11-04T16:27:49.572+0000] {dag.py:3722} INFO - Setting next_dagrun for example_sla_dag to 2023-11-04T16:24:00+00:00, run_after=2023-11-04T16:26:00+00:00
[2023-11-04T16:27:49.617+0000] {processor.py:179} INFO - Processing /home/airflow/.local/lib/python3.8/site-packages/airflow/example_dags/example_sla_dag.py took 0.209 seconds
[2023-11-04T16:28:20.290+0000] {processor.py:157} INFO - Started process (PID=2378) to work on /home/airflow/.local/lib/python3.8/site-packages/airflow/example_dags/example_sla_dag.py
[2023-11-04T16:28:20.292+0000] {processor.py:829} INFO - Processing file /home/airflow/.local/lib/python3.8/site-packages/airflow/example_dags/example_sla_dag.py for tasks to queue
[2023-11-04T16:28:20.293+0000] {logging_mixin.py:151} INFO - [2023-11-04T16:28:20.293+0000] {dagbag.py:536} INFO - Filling up the DagBag from /home/airflow/.local/lib/python3.8/site-packages/airflow/example_dags/example_sla_dag.py
[2023-11-04T16:28:20.307+0000] {processor.py:839} INFO - DAG(s) dict_keys(['example_sla_dag']) retrieved from /home/airflow/.local/lib/python3.8/site-packages/airflow/example_dags/example_sla_dag.py
[2023-11-04T16:28:20.339+0000] {logging_mixin.py:151} INFO - [2023-11-04T16:28:20.338+0000] {dag.py:2941} INFO - Sync 1 DAGs
[2023-11-04T16:28:20.378+0000] {logging_mixin.py:151} INFO - [2023-11-04T16:28:20.377+0000] {dag.py:3722} INFO - Setting next_dagrun for example_sla_dag to 2023-11-04T16:26:00+00:00, run_after=2023-11-04T16:28:00+00:00
[2023-11-04T16:28:20.411+0000] {processor.py:179} INFO - Processing /home/airflow/.local/lib/python3.8/site-packages/airflow/example_dags/example_sla_dag.py took 0.126 seconds
[2023-11-04T16:28:50.797+0000] {processor.py:157} INFO - Started process (PID=2614) to work on /home/airflow/.local/lib/python3.8/site-packages/airflow/example_dags/example_sla_dag.py
[2023-11-04T16:28:50.799+0000] {processor.py:829} INFO - Processing file /home/airflow/.local/lib/python3.8/site-packages/airflow/example_dags/example_sla_dag.py for tasks to queue
[2023-11-04T16:28:50.801+0000] {logging_mixin.py:151} INFO - [2023-11-04T16:28:50.800+0000] {dagbag.py:536} INFO - Filling up the DagBag from /home/airflow/.local/lib/python3.8/site-packages/airflow/example_dags/example_sla_dag.py
[2023-11-04T16:28:50.815+0000] {processor.py:839} INFO - DAG(s) dict_keys(['example_sla_dag']) retrieved from /home/airflow/.local/lib/python3.8/site-packages/airflow/example_dags/example_sla_dag.py
[2023-11-04T16:28:50.846+0000] {logging_mixin.py:151} INFO - [2023-11-04T16:28:50.845+0000] {dag.py:2941} INFO - Sync 1 DAGs
[2023-11-04T16:28:50.888+0000] {logging_mixin.py:151} INFO - [2023-11-04T16:28:50.888+0000] {dag.py:3722} INFO - Setting next_dagrun for example_sla_dag to 2023-11-04T16:26:00+00:00, run_after=2023-11-04T16:28:00+00:00
[2023-11-04T16:28:50.915+0000] {processor.py:179} INFO - Processing /home/airflow/.local/lib/python3.8/site-packages/airflow/example_dags/example_sla_dag.py took 0.123 seconds
[2023-11-04T16:29:21.485+0000] {processor.py:157} INFO - Started process (PID=2852) to work on /home/airflow/.local/lib/python3.8/site-packages/airflow/example_dags/example_sla_dag.py
[2023-11-04T16:29:21.486+0000] {processor.py:829} INFO - Processing file /home/airflow/.local/lib/python3.8/site-packages/airflow/example_dags/example_sla_dag.py for tasks to queue
[2023-11-04T16:29:21.488+0000] {logging_mixin.py:151} INFO - [2023-11-04T16:29:21.487+0000] {dagbag.py:536} INFO - Filling up the DagBag from /home/airflow/.local/lib/python3.8/site-packages/airflow/example_dags/example_sla_dag.py
[2023-11-04T16:29:21.502+0000] {processor.py:839} INFO - DAG(s) dict_keys(['example_sla_dag']) retrieved from /home/airflow/.local/lib/python3.8/site-packages/airflow/example_dags/example_sla_dag.py
[2023-11-04T16:29:21.539+0000] {logging_mixin.py:151} INFO - [2023-11-04T16:29:21.539+0000] {dag.py:2941} INFO - Sync 1 DAGs
[2023-11-04T16:29:21.599+0000] {logging_mixin.py:151} INFO - [2023-11-04T16:29:21.599+0000] {dag.py:3722} INFO - Setting next_dagrun for example_sla_dag to 2023-11-04T16:26:00+00:00, run_after=2023-11-04T16:28:00+00:00
[2023-11-04T16:29:21.645+0000] {processor.py:179} INFO - Processing /home/airflow/.local/lib/python3.8/site-packages/airflow/example_dags/example_sla_dag.py took 0.166 seconds
[2023-11-04T16:29:51.926+0000] {processor.py:157} INFO - Started process (PID=3090) to work on /home/airflow/.local/lib/python3.8/site-packages/airflow/example_dags/example_sla_dag.py
[2023-11-04T16:29:51.928+0000] {processor.py:829} INFO - Processing file /home/airflow/.local/lib/python3.8/site-packages/airflow/example_dags/example_sla_dag.py for tasks to queue
[2023-11-04T16:29:51.930+0000] {logging_mixin.py:151} INFO - [2023-11-04T16:29:51.929+0000] {dagbag.py:536} INFO - Filling up the DagBag from /home/airflow/.local/lib/python3.8/site-packages/airflow/example_dags/example_sla_dag.py
[2023-11-04T16:29:51.945+0000] {processor.py:839} INFO - DAG(s) dict_keys(['example_sla_dag']) retrieved from /home/airflow/.local/lib/python3.8/site-packages/airflow/example_dags/example_sla_dag.py
[2023-11-04T16:29:51.963+0000] {logging_mixin.py:151} INFO - [2023-11-04T16:29:51.963+0000] {dag.py:2941} INFO - Sync 1 DAGs
[2023-11-04T16:29:52.007+0000] {logging_mixin.py:151} INFO - [2023-11-04T16:29:52.007+0000] {dag.py:3722} INFO - Setting next_dagrun for example_sla_dag to 2023-11-04T16:26:00+00:00, run_after=2023-11-04T16:28:00+00:00
[2023-11-04T16:29:52.043+0000] {processor.py:179} INFO - Processing /home/airflow/.local/lib/python3.8/site-packages/airflow/example_dags/example_sla_dag.py took 0.123 seconds
[2023-11-04T16:30:22.435+0000] {processor.py:157} INFO - Started process (PID=3330) to work on /home/airflow/.local/lib/python3.8/site-packages/airflow/example_dags/example_sla_dag.py
[2023-11-04T16:30:22.436+0000] {processor.py:829} INFO - Processing file /home/airflow/.local/lib/python3.8/site-packages/airflow/example_dags/example_sla_dag.py for tasks to queue
[2023-11-04T16:30:22.438+0000] {logging_mixin.py:151} INFO - [2023-11-04T16:30:22.438+0000] {dagbag.py:536} INFO - Filling up the DagBag from /home/airflow/.local/lib/python3.8/site-packages/airflow/example_dags/example_sla_dag.py
[2023-11-04T16:30:22.453+0000] {processor.py:839} INFO - DAG(s) dict_keys(['example_sla_dag']) retrieved from /home/airflow/.local/lib/python3.8/site-packages/airflow/example_dags/example_sla_dag.py
[2023-11-04T16:30:22.483+0000] {logging_mixin.py:151} INFO - [2023-11-04T16:30:22.483+0000] {dag.py:2941} INFO - Sync 1 DAGs
[2023-11-04T16:30:22.522+0000] {logging_mixin.py:151} INFO - [2023-11-04T16:30:22.522+0000] {dag.py:3722} INFO - Setting next_dagrun for example_sla_dag to 2023-11-04T16:28:00+00:00, run_after=2023-11-04T16:30:00+00:00
[2023-11-04T16:30:22.555+0000] {processor.py:179} INFO - Processing /home/airflow/.local/lib/python3.8/site-packages/airflow/example_dags/example_sla_dag.py took 0.125 seconds
[2023-11-04T16:30:53.703+0000] {processor.py:157} INFO - Started process (PID=3568) to work on /home/airflow/.local/lib/python3.8/site-packages/airflow/example_dags/example_sla_dag.py
[2023-11-04T16:30:53.709+0000] {processor.py:829} INFO - Processing file /home/airflow/.local/lib/python3.8/site-packages/airflow/example_dags/example_sla_dag.py for tasks to queue
[2023-11-04T16:30:53.712+0000] {logging_mixin.py:151} INFO - [2023-11-04T16:30:53.711+0000] {dagbag.py:536} INFO - Filling up the DagBag from /home/airflow/.local/lib/python3.8/site-packages/airflow/example_dags/example_sla_dag.py
[2023-11-04T16:30:53.744+0000] {processor.py:839} INFO - DAG(s) dict_keys(['example_sla_dag']) retrieved from /home/airflow/.local/lib/python3.8/site-packages/airflow/example_dags/example_sla_dag.py
[2023-11-04T16:30:53.790+0000] {logging_mixin.py:151} INFO - [2023-11-04T16:30:53.790+0000] {dag.py:2941} INFO - Sync 1 DAGs
[2023-11-04T16:30:53.848+0000] {logging_mixin.py:151} INFO - [2023-11-04T16:30:53.848+0000] {dag.py:3722} INFO - Setting next_dagrun for example_sla_dag to 2023-11-04T16:28:00+00:00, run_after=2023-11-04T16:30:00+00:00
[2023-11-04T16:30:53.894+0000] {processor.py:179} INFO - Processing /home/airflow/.local/lib/python3.8/site-packages/airflow/example_dags/example_sla_dag.py took 0.201 seconds
[2023-11-04T16:31:24.159+0000] {processor.py:157} INFO - Started process (PID=3806) to work on /home/airflow/.local/lib/python3.8/site-packages/airflow/example_dags/example_sla_dag.py
[2023-11-04T16:31:24.161+0000] {processor.py:829} INFO - Processing file /home/airflow/.local/lib/python3.8/site-packages/airflow/example_dags/example_sla_dag.py for tasks to queue
[2023-11-04T16:31:24.162+0000] {logging_mixin.py:151} INFO - [2023-11-04T16:31:24.162+0000] {dagbag.py:536} INFO - Filling up the DagBag from /home/airflow/.local/lib/python3.8/site-packages/airflow/example_dags/example_sla_dag.py
[2023-11-04T16:31:24.176+0000] {processor.py:839} INFO - DAG(s) dict_keys(['example_sla_dag']) retrieved from /home/airflow/.local/lib/python3.8/site-packages/airflow/example_dags/example_sla_dag.py
[2023-11-04T16:31:24.219+0000] {logging_mixin.py:151} INFO - [2023-11-04T16:31:24.219+0000] {dag.py:2941} INFO - Sync 1 DAGs
[2023-11-04T16:31:24.262+0000] {logging_mixin.py:151} INFO - [2023-11-04T16:31:24.262+0000] {dag.py:3722} INFO - Setting next_dagrun for example_sla_dag to 2023-11-04T16:28:00+00:00, run_after=2023-11-04T16:30:00+00:00
[2023-11-04T16:31:24.303+0000] {processor.py:179} INFO - Processing /home/airflow/.local/lib/python3.8/site-packages/airflow/example_dags/example_sla_dag.py took 0.149 seconds
[2023-11-04T16:31:54.675+0000] {processor.py:157} INFO - Started process (PID=4044) to work on /home/airflow/.local/lib/python3.8/site-packages/airflow/example_dags/example_sla_dag.py
[2023-11-04T16:31:54.677+0000] {processor.py:829} INFO - Processing file /home/airflow/.local/lib/python3.8/site-packages/airflow/example_dags/example_sla_dag.py for tasks to queue
[2023-11-04T16:31:54.679+0000] {logging_mixin.py:151} INFO - [2023-11-04T16:31:54.679+0000] {dagbag.py:536} INFO - Filling up the DagBag from /home/airflow/.local/lib/python3.8/site-packages/airflow/example_dags/example_sla_dag.py
[2023-11-04T16:31:54.697+0000] {processor.py:839} INFO - DAG(s) dict_keys(['example_sla_dag']) retrieved from /home/airflow/.local/lib/python3.8/site-packages/airflow/example_dags/example_sla_dag.py
[2023-11-04T16:31:54.722+0000] {logging_mixin.py:151} INFO - [2023-11-04T16:31:54.722+0000] {dag.py:2941} INFO - Sync 1 DAGs
[2023-11-04T16:31:54.767+0000] {logging_mixin.py:151} INFO - [2023-11-04T16:31:54.766+0000] {dag.py:3722} INFO - Setting next_dagrun for example_sla_dag to 2023-11-04T16:28:00+00:00, run_after=2023-11-04T16:30:00+00:00
[2023-11-04T16:31:54.794+0000] {processor.py:179} INFO - Processing /home/airflow/.local/lib/python3.8/site-packages/airflow/example_dags/example_sla_dag.py took 0.126 seconds
[2023-11-04T16:32:25.289+0000] {processor.py:157} INFO - Started process (PID=4282) to work on /home/airflow/.local/lib/python3.8/site-packages/airflow/example_dags/example_sla_dag.py
[2023-11-04T16:32:25.291+0000] {processor.py:829} INFO - Processing file /home/airflow/.local/lib/python3.8/site-packages/airflow/example_dags/example_sla_dag.py for tasks to queue
[2023-11-04T16:32:25.293+0000] {logging_mixin.py:151} INFO - [2023-11-04T16:32:25.292+0000] {dagbag.py:536} INFO - Filling up the DagBag from /home/airflow/.local/lib/python3.8/site-packages/airflow/example_dags/example_sla_dag.py
[2023-11-04T16:32:25.307+0000] {processor.py:839} INFO - DAG(s) dict_keys(['example_sla_dag']) retrieved from /home/airflow/.local/lib/python3.8/site-packages/airflow/example_dags/example_sla_dag.py
[2023-11-04T16:32:25.340+0000] {logging_mixin.py:151} INFO - [2023-11-04T16:32:25.340+0000] {dag.py:2941} INFO - Sync 1 DAGs
[2023-11-04T16:32:25.380+0000] {logging_mixin.py:151} INFO - [2023-11-04T16:32:25.380+0000] {dag.py:3722} INFO - Setting next_dagrun for example_sla_dag to 2023-11-04T16:30:00+00:00, run_after=2023-11-04T16:32:00+00:00
[2023-11-04T16:32:25.416+0000] {processor.py:179} INFO - Processing /home/airflow/.local/lib/python3.8/site-packages/airflow/example_dags/example_sla_dag.py took 0.132 seconds
[2023-11-04T16:32:55.487+0000] {processor.py:157} INFO - Started process (PID=4520) to work on /home/airflow/.local/lib/python3.8/site-packages/airflow/example_dags/example_sla_dag.py
[2023-11-04T16:32:55.489+0000] {processor.py:829} INFO - Processing file /home/airflow/.local/lib/python3.8/site-packages/airflow/example_dags/example_sla_dag.py for tasks to queue
[2023-11-04T16:32:55.491+0000] {logging_mixin.py:151} INFO - [2023-11-04T16:32:55.490+0000] {dagbag.py:536} INFO - Filling up the DagBag from /home/airflow/.local/lib/python3.8/site-packages/airflow/example_dags/example_sla_dag.py
[2023-11-04T16:32:55.505+0000] {processor.py:839} INFO - DAG(s) dict_keys(['example_sla_dag']) retrieved from /home/airflow/.local/lib/python3.8/site-packages/airflow/example_dags/example_sla_dag.py
[2023-11-04T16:32:55.537+0000] {logging_mixin.py:151} INFO - [2023-11-04T16:32:55.537+0000] {dag.py:2941} INFO - Sync 1 DAGs
[2023-11-04T16:32:55.579+0000] {logging_mixin.py:151} INFO - [2023-11-04T16:32:55.579+0000] {dag.py:3722} INFO - Setting next_dagrun for example_sla_dag to 2023-11-04T16:30:00+00:00, run_after=2023-11-04T16:32:00+00:00
[2023-11-04T16:32:55.609+0000] {processor.py:179} INFO - Processing /home/airflow/.local/lib/python3.8/site-packages/airflow/example_dags/example_sla_dag.py took 0.126 seconds
[2023-11-04T16:33:25.719+0000] {processor.py:157} INFO - Started process (PID=4758) to work on /home/airflow/.local/lib/python3.8/site-packages/airflow/example_dags/example_sla_dag.py
[2023-11-04T16:33:25.720+0000] {processor.py:829} INFO - Processing file /home/airflow/.local/lib/python3.8/site-packages/airflow/example_dags/example_sla_dag.py for tasks to queue
[2023-11-04T16:33:25.722+0000] {logging_mixin.py:151} INFO - [2023-11-04T16:33:25.721+0000] {dagbag.py:536} INFO - Filling up the DagBag from /home/airflow/.local/lib/python3.8/site-packages/airflow/example_dags/example_sla_dag.py
[2023-11-04T16:33:25.735+0000] {processor.py:839} INFO - DAG(s) dict_keys(['example_sla_dag']) retrieved from /home/airflow/.local/lib/python3.8/site-packages/airflow/example_dags/example_sla_dag.py
[2023-11-04T16:33:25.767+0000] {logging_mixin.py:151} INFO - [2023-11-04T16:33:25.767+0000] {dag.py:2941} INFO - Sync 1 DAGs
[2023-11-04T16:33:25.806+0000] {logging_mixin.py:151} INFO - [2023-11-04T16:33:25.805+0000] {dag.py:3722} INFO - Setting next_dagrun for example_sla_dag to 2023-11-04T16:30:00+00:00, run_after=2023-11-04T16:32:00+00:00
[2023-11-04T16:33:25.842+0000] {processor.py:179} INFO - Processing /home/airflow/.local/lib/python3.8/site-packages/airflow/example_dags/example_sla_dag.py took 0.128 seconds
[2023-11-04T16:33:55.920+0000] {processor.py:157} INFO - Started process (PID=4994) to work on /home/airflow/.local/lib/python3.8/site-packages/airflow/example_dags/example_sla_dag.py
[2023-11-04T16:33:55.922+0000] {processor.py:829} INFO - Processing file /home/airflow/.local/lib/python3.8/site-packages/airflow/example_dags/example_sla_dag.py for tasks to queue
[2023-11-04T16:33:55.923+0000] {logging_mixin.py:151} INFO - [2023-11-04T16:33:55.923+0000] {dagbag.py:536} INFO - Filling up the DagBag from /home/airflow/.local/lib/python3.8/site-packages/airflow/example_dags/example_sla_dag.py
[2023-11-04T16:33:55.937+0000] {processor.py:839} INFO - DAG(s) dict_keys(['example_sla_dag']) retrieved from /home/airflow/.local/lib/python3.8/site-packages/airflow/example_dags/example_sla_dag.py
[2023-11-04T16:33:55.969+0000] {logging_mixin.py:151} INFO - [2023-11-04T16:33:55.969+0000] {dag.py:2941} INFO - Sync 1 DAGs
[2023-11-04T16:33:56.010+0000] {logging_mixin.py:151} INFO - [2023-11-04T16:33:56.009+0000] {dag.py:3722} INFO - Setting next_dagrun for example_sla_dag to 2023-11-04T16:30:00+00:00, run_after=2023-11-04T16:32:00+00:00
[2023-11-04T16:33:56.040+0000] {processor.py:179} INFO - Processing /home/airflow/.local/lib/python3.8/site-packages/airflow/example_dags/example_sla_dag.py took 0.125 seconds
[2023-11-04T16:34:26.469+0000] {processor.py:157} INFO - Started process (PID=5232) to work on /home/airflow/.local/lib/python3.8/site-packages/airflow/example_dags/example_sla_dag.py
[2023-11-04T16:34:26.471+0000] {processor.py:829} INFO - Processing file /home/airflow/.local/lib/python3.8/site-packages/airflow/example_dags/example_sla_dag.py for tasks to queue
[2023-11-04T16:34:26.472+0000] {logging_mixin.py:151} INFO - [2023-11-04T16:34:26.472+0000] {dagbag.py:536} INFO - Filling up the DagBag from /home/airflow/.local/lib/python3.8/site-packages/airflow/example_dags/example_sla_dag.py
[2023-11-04T16:34:26.486+0000] {processor.py:839} INFO - DAG(s) dict_keys(['example_sla_dag']) retrieved from /home/airflow/.local/lib/python3.8/site-packages/airflow/example_dags/example_sla_dag.py
[2023-11-04T16:34:26.520+0000] {logging_mixin.py:151} INFO - [2023-11-04T16:34:26.520+0000] {dag.py:2941} INFO - Sync 1 DAGs
[2023-11-04T16:34:26.566+0000] {logging_mixin.py:151} INFO - [2023-11-04T16:34:26.566+0000] {dag.py:3722} INFO - Setting next_dagrun for example_sla_dag to 2023-11-04T16:32:00+00:00, run_after=2023-11-04T16:34:00+00:00
[2023-11-04T16:34:26.602+0000] {processor.py:179} INFO - Processing /home/airflow/.local/lib/python3.8/site-packages/airflow/example_dags/example_sla_dag.py took 0.138 seconds
[2023-11-04T16:34:57.334+0000] {processor.py:157} INFO - Started process (PID=5470) to work on /home/airflow/.local/lib/python3.8/site-packages/airflow/example_dags/example_sla_dag.py
[2023-11-04T16:34:57.336+0000] {processor.py:829} INFO - Processing file /home/airflow/.local/lib/python3.8/site-packages/airflow/example_dags/example_sla_dag.py for tasks to queue
[2023-11-04T16:34:57.337+0000] {logging_mixin.py:151} INFO - [2023-11-04T16:34:57.337+0000] {dagbag.py:536} INFO - Filling up the DagBag from /home/airflow/.local/lib/python3.8/site-packages/airflow/example_dags/example_sla_dag.py
[2023-11-04T16:34:57.351+0000] {processor.py:839} INFO - DAG(s) dict_keys(['example_sla_dag']) retrieved from /home/airflow/.local/lib/python3.8/site-packages/airflow/example_dags/example_sla_dag.py
[2023-11-04T16:34:57.383+0000] {logging_mixin.py:151} INFO - [2023-11-04T16:34:57.383+0000] {dag.py:2941} INFO - Sync 1 DAGs
[2023-11-04T16:34:57.425+0000] {logging_mixin.py:151} INFO - [2023-11-04T16:34:57.425+0000] {dag.py:3722} INFO - Setting next_dagrun for example_sla_dag to 2023-11-04T16:32:00+00:00, run_after=2023-11-04T16:34:00+00:00
[2023-11-04T16:34:57.454+0000] {processor.py:179} INFO - Processing /home/airflow/.local/lib/python3.8/site-packages/airflow/example_dags/example_sla_dag.py took 0.125 seconds
[2023-11-04T16:35:28.167+0000] {processor.py:157} INFO - Started process (PID=5708) to work on /home/airflow/.local/lib/python3.8/site-packages/airflow/example_dags/example_sla_dag.py
[2023-11-04T16:35:28.169+0000] {processor.py:829} INFO - Processing file /home/airflow/.local/lib/python3.8/site-packages/airflow/example_dags/example_sla_dag.py for tasks to queue
[2023-11-04T16:35:28.170+0000] {logging_mixin.py:151} INFO - [2023-11-04T16:35:28.170+0000] {dagbag.py:536} INFO - Filling up the DagBag from /home/airflow/.local/lib/python3.8/site-packages/airflow/example_dags/example_sla_dag.py
[2023-11-04T16:35:28.184+0000] {processor.py:839} INFO - DAG(s) dict_keys(['example_sla_dag']) retrieved from /home/airflow/.local/lib/python3.8/site-packages/airflow/example_dags/example_sla_dag.py
[2023-11-04T16:35:28.217+0000] {logging_mixin.py:151} INFO - [2023-11-04T16:35:28.216+0000] {dag.py:2941} INFO - Sync 1 DAGs
[2023-11-04T16:35:28.258+0000] {logging_mixin.py:151} INFO - [2023-11-04T16:35:28.258+0000] {dag.py:3722} INFO - Setting next_dagrun for example_sla_dag to 2023-11-04T16:32:00+00:00, run_after=2023-11-04T16:34:00+00:00
[2023-11-04T16:35:28.288+0000] {processor.py:179} INFO - Processing /home/airflow/.local/lib/python3.8/site-packages/airflow/example_dags/example_sla_dag.py took 0.125 seconds
[2023-11-04T16:35:58.545+0000] {processor.py:157} INFO - Started process (PID=5946) to work on /home/airflow/.local/lib/python3.8/site-packages/airflow/example_dags/example_sla_dag.py
[2023-11-04T16:35:58.546+0000] {processor.py:829} INFO - Processing file /home/airflow/.local/lib/python3.8/site-packages/airflow/example_dags/example_sla_dag.py for tasks to queue
[2023-11-04T16:35:58.548+0000] {logging_mixin.py:151} INFO - [2023-11-04T16:35:58.547+0000] {dagbag.py:536} INFO - Filling up the DagBag from /home/airflow/.local/lib/python3.8/site-packages/airflow/example_dags/example_sla_dag.py
[2023-11-04T16:35:58.564+0000] {processor.py:839} INFO - DAG(s) dict_keys(['example_sla_dag']) retrieved from /home/airflow/.local/lib/python3.8/site-packages/airflow/example_dags/example_sla_dag.py
[2023-11-04T16:35:58.602+0000] {logging_mixin.py:151} INFO - [2023-11-04T16:35:58.602+0000] {dag.py:2941} INFO - Sync 1 DAGs
[2023-11-04T16:35:58.648+0000] {logging_mixin.py:151} INFO - [2023-11-04T16:35:58.648+0000] {dag.py:3722} INFO - Setting next_dagrun for example_sla_dag to 2023-11-04T16:32:00+00:00, run_after=2023-11-04T16:34:00+00:00
[2023-11-04T16:35:58.708+0000] {processor.py:179} INFO - Processing /home/airflow/.local/lib/python3.8/site-packages/airflow/example_dags/example_sla_dag.py took 0.169 seconds
[2023-11-04T16:36:28.886+0000] {processor.py:157} INFO - Started process (PID=6184) to work on /home/airflow/.local/lib/python3.8/site-packages/airflow/example_dags/example_sla_dag.py
[2023-11-04T16:36:28.888+0000] {processor.py:829} INFO - Processing file /home/airflow/.local/lib/python3.8/site-packages/airflow/example_dags/example_sla_dag.py for tasks to queue
[2023-11-04T16:36:28.889+0000] {logging_mixin.py:151} INFO - [2023-11-04T16:36:28.889+0000] {dagbag.py:536} INFO - Filling up the DagBag from /home/airflow/.local/lib/python3.8/site-packages/airflow/example_dags/example_sla_dag.py
[2023-11-04T16:36:28.903+0000] {processor.py:839} INFO - DAG(s) dict_keys(['example_sla_dag']) retrieved from /home/airflow/.local/lib/python3.8/site-packages/airflow/example_dags/example_sla_dag.py
[2023-11-04T16:36:28.935+0000] {logging_mixin.py:151} INFO - [2023-11-04T16:36:28.935+0000] {dag.py:2941} INFO - Sync 1 DAGs
[2023-11-04T16:36:28.974+0000] {logging_mixin.py:151} INFO - [2023-11-04T16:36:28.974+0000] {dag.py:3722} INFO - Setting next_dagrun for example_sla_dag to 2023-11-04T16:34:00+00:00, run_after=2023-11-04T16:36:00+00:00
[2023-11-04T16:36:29.005+0000] {processor.py:179} INFO - Processing /home/airflow/.local/lib/python3.8/site-packages/airflow/example_dags/example_sla_dag.py took 0.124 seconds
[2023-11-04T16:36:59.986+0000] {processor.py:157} INFO - Started process (PID=6429) to work on /home/airflow/.local/lib/python3.8/site-packages/airflow/example_dags/example_sla_dag.py
[2023-11-04T16:36:59.989+0000] {processor.py:829} INFO - Processing file /home/airflow/.local/lib/python3.8/site-packages/airflow/example_dags/example_sla_dag.py for tasks to queue
[2023-11-04T16:36:59.991+0000] {logging_mixin.py:151} INFO - [2023-11-04T16:36:59.990+0000] {dagbag.py:536} INFO - Filling up the DagBag from /home/airflow/.local/lib/python3.8/site-packages/airflow/example_dags/example_sla_dag.py
[2023-11-04T16:37:00.011+0000] {processor.py:839} INFO - DAG(s) dict_keys(['example_sla_dag']) retrieved from /home/airflow/.local/lib/python3.8/site-packages/airflow/example_dags/example_sla_dag.py
[2023-11-04T16:37:00.055+0000] {logging_mixin.py:151} INFO - [2023-11-04T16:37:00.055+0000] {dag.py:2941} INFO - Sync 1 DAGs
[2023-11-04T16:37:00.128+0000] {logging_mixin.py:151} INFO - [2023-11-04T16:37:00.128+0000] {dag.py:3722} INFO - Setting next_dagrun for example_sla_dag to 2023-11-04T16:34:00+00:00, run_after=2023-11-04T16:36:00+00:00
[2023-11-04T16:37:00.169+0000] {processor.py:179} INFO - Processing /home/airflow/.local/lib/python3.8/site-packages/airflow/example_dags/example_sla_dag.py took 0.189 seconds
[2023-11-04T16:37:30.488+0000] {processor.py:157} INFO - Started process (PID=6667) to work on /home/airflow/.local/lib/python3.8/site-packages/airflow/example_dags/example_sla_dag.py
[2023-11-04T16:37:30.490+0000] {processor.py:829} INFO - Processing file /home/airflow/.local/lib/python3.8/site-packages/airflow/example_dags/example_sla_dag.py for tasks to queue
[2023-11-04T16:37:30.491+0000] {logging_mixin.py:151} INFO - [2023-11-04T16:37:30.491+0000] {dagbag.py:536} INFO - Filling up the DagBag from /home/airflow/.local/lib/python3.8/site-packages/airflow/example_dags/example_sla_dag.py
[2023-11-04T16:37:30.505+0000] {processor.py:839} INFO - DAG(s) dict_keys(['example_sla_dag']) retrieved from /home/airflow/.local/lib/python3.8/site-packages/airflow/example_dags/example_sla_dag.py
[2023-11-04T16:37:30.537+0000] {logging_mixin.py:151} INFO - [2023-11-04T16:37:30.537+0000] {dag.py:2941} INFO - Sync 1 DAGs
[2023-11-04T16:37:30.580+0000] {logging_mixin.py:151} INFO - [2023-11-04T16:37:30.580+0000] {dag.py:3722} INFO - Setting next_dagrun for example_sla_dag to 2023-11-04T16:34:00+00:00, run_after=2023-11-04T16:36:00+00:00
[2023-11-04T16:37:30.609+0000] {processor.py:179} INFO - Processing /home/airflow/.local/lib/python3.8/site-packages/airflow/example_dags/example_sla_dag.py took 0.126 seconds
[2023-11-04T16:38:01.073+0000] {processor.py:157} INFO - Started process (PID=6905) to work on /home/airflow/.local/lib/python3.8/site-packages/airflow/example_dags/example_sla_dag.py
[2023-11-04T16:38:01.075+0000] {processor.py:829} INFO - Processing file /home/airflow/.local/lib/python3.8/site-packages/airflow/example_dags/example_sla_dag.py for tasks to queue
[2023-11-04T16:38:01.077+0000] {logging_mixin.py:151} INFO - [2023-11-04T16:38:01.076+0000] {dagbag.py:536} INFO - Filling up the DagBag from /home/airflow/.local/lib/python3.8/site-packages/airflow/example_dags/example_sla_dag.py
[2023-11-04T16:38:01.090+0000] {processor.py:839} INFO - DAG(s) dict_keys(['example_sla_dag']) retrieved from /home/airflow/.local/lib/python3.8/site-packages/airflow/example_dags/example_sla_dag.py
[2023-11-04T16:38:01.122+0000] {logging_mixin.py:151} INFO - [2023-11-04T16:38:01.122+0000] {dag.py:2941} INFO - Sync 1 DAGs
[2023-11-04T16:38:01.166+0000] {logging_mixin.py:151} INFO - [2023-11-04T16:38:01.166+0000] {dag.py:3722} INFO - Setting next_dagrun for example_sla_dag to 2023-11-04T16:36:00+00:00, run_after=2023-11-04T16:38:00+00:00
[2023-11-04T16:38:01.198+0000] {processor.py:179} INFO - Processing /home/airflow/.local/lib/python3.8/site-packages/airflow/example_dags/example_sla_dag.py took 0.131 seconds
[2023-11-04T16:38:32.272+0000] {processor.py:157} INFO - Started process (PID=7143) to work on /home/airflow/.local/lib/python3.8/site-packages/airflow/example_dags/example_sla_dag.py
[2023-11-04T16:38:32.274+0000] {processor.py:829} INFO - Processing file /home/airflow/.local/lib/python3.8/site-packages/airflow/example_dags/example_sla_dag.py for tasks to queue
[2023-11-04T16:38:32.275+0000] {logging_mixin.py:151} INFO - [2023-11-04T16:38:32.275+0000] {dagbag.py:536} INFO - Filling up the DagBag from /home/airflow/.local/lib/python3.8/site-packages/airflow/example_dags/example_sla_dag.py
[2023-11-04T16:38:32.289+0000] {processor.py:839} INFO - DAG(s) dict_keys(['example_sla_dag']) retrieved from /home/airflow/.local/lib/python3.8/site-packages/airflow/example_dags/example_sla_dag.py
[2023-11-04T16:38:32.331+0000] {logging_mixin.py:151} INFO - [2023-11-04T16:38:32.331+0000] {dag.py:2941} INFO - Sync 1 DAGs
[2023-11-04T16:38:32.377+0000] {logging_mixin.py:151} INFO - [2023-11-04T16:38:32.377+0000] {dag.py:3722} INFO - Setting next_dagrun for example_sla_dag to 2023-11-04T16:36:00+00:00, run_after=2023-11-04T16:38:00+00:00
[2023-11-04T16:38:32.413+0000] {processor.py:179} INFO - Processing /home/airflow/.local/lib/python3.8/site-packages/airflow/example_dags/example_sla_dag.py took 0.146 seconds
[2023-11-04T16:39:02.964+0000] {processor.py:157} INFO - Started process (PID=7381) to work on /home/airflow/.local/lib/python3.8/site-packages/airflow/example_dags/example_sla_dag.py
[2023-11-04T16:39:02.966+0000] {processor.py:829} INFO - Processing file /home/airflow/.local/lib/python3.8/site-packages/airflow/example_dags/example_sla_dag.py for tasks to queue
[2023-11-04T16:39:02.968+0000] {logging_mixin.py:151} INFO - [2023-11-04T16:39:02.967+0000] {dagbag.py:536} INFO - Filling up the DagBag from /home/airflow/.local/lib/python3.8/site-packages/airflow/example_dags/example_sla_dag.py
[2023-11-04T16:39:02.981+0000] {processor.py:839} INFO - DAG(s) dict_keys(['example_sla_dag']) retrieved from /home/airflow/.local/lib/python3.8/site-packages/airflow/example_dags/example_sla_dag.py
[2023-11-04T16:39:03.013+0000] {logging_mixin.py:151} INFO - [2023-11-04T16:39:03.013+0000] {dag.py:2941} INFO - Sync 1 DAGs
[2023-11-04T16:39:03.051+0000] {logging_mixin.py:151} INFO - [2023-11-04T16:39:03.051+0000] {dag.py:3722} INFO - Setting next_dagrun for example_sla_dag to 2023-11-04T16:36:00+00:00, run_after=2023-11-04T16:38:00+00:00
[2023-11-04T16:39:03.080+0000] {processor.py:179} INFO - Processing /home/airflow/.local/lib/python3.8/site-packages/airflow/example_dags/example_sla_dag.py took 0.121 seconds
[2023-11-04T16:39:33.430+0000] {processor.py:157} INFO - Started process (PID=7619) to work on /home/airflow/.local/lib/python3.8/site-packages/airflow/example_dags/example_sla_dag.py
[2023-11-04T16:39:33.432+0000] {processor.py:829} INFO - Processing file /home/airflow/.local/lib/python3.8/site-packages/airflow/example_dags/example_sla_dag.py for tasks to queue
[2023-11-04T16:39:33.434+0000] {logging_mixin.py:151} INFO - [2023-11-04T16:39:33.433+0000] {dagbag.py:536} INFO - Filling up the DagBag from /home/airflow/.local/lib/python3.8/site-packages/airflow/example_dags/example_sla_dag.py
[2023-11-04T16:39:33.447+0000] {processor.py:839} INFO - DAG(s) dict_keys(['example_sla_dag']) retrieved from /home/airflow/.local/lib/python3.8/site-packages/airflow/example_dags/example_sla_dag.py
[2023-11-04T16:39:33.480+0000] {logging_mixin.py:151} INFO - [2023-11-04T16:39:33.479+0000] {dag.py:2941} INFO - Sync 1 DAGs
[2023-11-04T16:39:33.518+0000] {logging_mixin.py:151} INFO - [2023-11-04T16:39:33.518+0000] {dag.py:3722} INFO - Setting next_dagrun for example_sla_dag to 2023-11-04T16:36:00+00:00, run_after=2023-11-04T16:38:00+00:00
[2023-11-04T16:39:33.549+0000] {processor.py:179} INFO - Processing /home/airflow/.local/lib/python3.8/site-packages/airflow/example_dags/example_sla_dag.py took 0.125 seconds
[2023-11-04T16:40:03.645+0000] {processor.py:157} INFO - Started process (PID=7857) to work on /home/airflow/.local/lib/python3.8/site-packages/airflow/example_dags/example_sla_dag.py
[2023-11-04T16:40:03.648+0000] {processor.py:829} INFO - Processing file /home/airflow/.local/lib/python3.8/site-packages/airflow/example_dags/example_sla_dag.py for tasks to queue
[2023-11-04T16:40:03.650+0000] {logging_mixin.py:151} INFO - [2023-11-04T16:40:03.650+0000] {dagbag.py:536} INFO - Filling up the DagBag from /home/airflow/.local/lib/python3.8/site-packages/airflow/example_dags/example_sla_dag.py
[2023-11-04T16:40:03.667+0000] {processor.py:839} INFO - DAG(s) dict_keys(['example_sla_dag']) retrieved from /home/airflow/.local/lib/python3.8/site-packages/airflow/example_dags/example_sla_dag.py
[2023-11-04T16:40:03.702+0000] {logging_mixin.py:151} INFO - [2023-11-04T16:40:03.702+0000] {dag.py:2941} INFO - Sync 1 DAGs
[2023-11-04T16:40:03.748+0000] {logging_mixin.py:151} INFO - [2023-11-04T16:40:03.748+0000] {dag.py:3722} INFO - Setting next_dagrun for example_sla_dag to 2023-11-04T16:38:00+00:00, run_after=2023-11-04T16:40:00+00:00
[2023-11-04T16:40:03.777+0000] {processor.py:179} INFO - Processing /home/airflow/.local/lib/python3.8/site-packages/airflow/example_dags/example_sla_dag.py took 0.137 seconds
[2023-11-04T16:40:34.400+0000] {processor.py:157} INFO - Started process (PID=8095) to work on /home/airflow/.local/lib/python3.8/site-packages/airflow/example_dags/example_sla_dag.py
[2023-11-04T16:40:34.402+0000] {processor.py:829} INFO - Processing file /home/airflow/.local/lib/python3.8/site-packages/airflow/example_dags/example_sla_dag.py for tasks to queue
[2023-11-04T16:40:34.404+0000] {logging_mixin.py:151} INFO - [2023-11-04T16:40:34.404+0000] {dagbag.py:536} INFO - Filling up the DagBag from /home/airflow/.local/lib/python3.8/site-packages/airflow/example_dags/example_sla_dag.py
[2023-11-04T16:40:34.422+0000] {processor.py:839} INFO - DAG(s) dict_keys(['example_sla_dag']) retrieved from /home/airflow/.local/lib/python3.8/site-packages/airflow/example_dags/example_sla_dag.py
[2023-11-04T16:40:34.458+0000] {logging_mixin.py:151} INFO - [2023-11-04T16:40:34.458+0000] {dag.py:2941} INFO - Sync 1 DAGs
[2023-11-04T16:40:34.512+0000] {logging_mixin.py:151} INFO - [2023-11-04T16:40:34.511+0000] {dag.py:3722} INFO - Setting next_dagrun for example_sla_dag to 2023-11-04T16:38:00+00:00, run_after=2023-11-04T16:40:00+00:00
[2023-11-04T16:40:34.585+0000] {processor.py:179} INFO - Processing /home/airflow/.local/lib/python3.8/site-packages/airflow/example_dags/example_sla_dag.py took 0.191 seconds
[2023-11-04T16:41:04.840+0000] {processor.py:157} INFO - Started process (PID=8333) to work on /home/airflow/.local/lib/python3.8/site-packages/airflow/example_dags/example_sla_dag.py
[2023-11-04T16:41:04.842+0000] {processor.py:829} INFO - Processing file /home/airflow/.local/lib/python3.8/site-packages/airflow/example_dags/example_sla_dag.py for tasks to queue
[2023-11-04T16:41:04.844+0000] {logging_mixin.py:151} INFO - [2023-11-04T16:41:04.843+0000] {dagbag.py:536} INFO - Filling up the DagBag from /home/airflow/.local/lib/python3.8/site-packages/airflow/example_dags/example_sla_dag.py
[2023-11-04T16:41:04.858+0000] {processor.py:839} INFO - DAG(s) dict_keys(['example_sla_dag']) retrieved from /home/airflow/.local/lib/python3.8/site-packages/airflow/example_dags/example_sla_dag.py
[2023-11-04T16:41:04.894+0000] {logging_mixin.py:151} INFO - [2023-11-04T16:41:04.893+0000] {dag.py:2941} INFO - Sync 1 DAGs
[2023-11-04T16:41:04.943+0000] {logging_mixin.py:151} INFO - [2023-11-04T16:41:04.943+0000] {dag.py:3722} INFO - Setting next_dagrun for example_sla_dag to 2023-11-04T16:38:00+00:00, run_after=2023-11-04T16:40:00+00:00
[2023-11-04T16:41:04.975+0000] {processor.py:179} INFO - Processing /home/airflow/.local/lib/python3.8/site-packages/airflow/example_dags/example_sla_dag.py took 0.141 seconds
[2023-11-04T16:41:35.573+0000] {processor.py:157} INFO - Started process (PID=8571) to work on /home/airflow/.local/lib/python3.8/site-packages/airflow/example_dags/example_sla_dag.py
[2023-11-04T16:41:35.574+0000] {processor.py:829} INFO - Processing file /home/airflow/.local/lib/python3.8/site-packages/airflow/example_dags/example_sla_dag.py for tasks to queue
[2023-11-04T16:41:35.576+0000] {logging_mixin.py:151} INFO - [2023-11-04T16:41:35.575+0000] {dagbag.py:536} INFO - Filling up the DagBag from /home/airflow/.local/lib/python3.8/site-packages/airflow/example_dags/example_sla_dag.py
[2023-11-04T16:41:35.589+0000] {processor.py:839} INFO - DAG(s) dict_keys(['example_sla_dag']) retrieved from /home/airflow/.local/lib/python3.8/site-packages/airflow/example_dags/example_sla_dag.py
[2023-11-04T16:41:35.621+0000] {logging_mixin.py:151} INFO - [2023-11-04T16:41:35.621+0000] {dag.py:2941} INFO - Sync 1 DAGs
[2023-11-04T16:41:35.665+0000] {logging_mixin.py:151} INFO - [2023-11-04T16:41:35.665+0000] {dag.py:3722} INFO - Setting next_dagrun for example_sla_dag to 2023-11-04T16:38:00+00:00, run_after=2023-11-04T16:40:00+00:00
[2023-11-04T16:41:35.694+0000] {processor.py:179} INFO - Processing /home/airflow/.local/lib/python3.8/site-packages/airflow/example_dags/example_sla_dag.py took 0.127 seconds
[2023-11-04T16:42:05.917+0000] {processor.py:157} INFO - Started process (PID=8809) to work on /home/airflow/.local/lib/python3.8/site-packages/airflow/example_dags/example_sla_dag.py
[2023-11-04T16:42:05.918+0000] {processor.py:829} INFO - Processing file /home/airflow/.local/lib/python3.8/site-packages/airflow/example_dags/example_sla_dag.py for tasks to queue
[2023-11-04T16:42:05.920+0000] {logging_mixin.py:151} INFO - [2023-11-04T16:42:05.920+0000] {dagbag.py:536} INFO - Filling up the DagBag from /home/airflow/.local/lib/python3.8/site-packages/airflow/example_dags/example_sla_dag.py
[2023-11-04T16:42:05.940+0000] {processor.py:839} INFO - DAG(s) dict_keys(['example_sla_dag']) retrieved from /home/airflow/.local/lib/python3.8/site-packages/airflow/example_dags/example_sla_dag.py
[2023-11-04T16:42:06.024+0000] {logging_mixin.py:151} INFO - [2023-11-04T16:42:06.023+0000] {dag.py:2941} INFO - Sync 1 DAGs
[2023-11-04T16:42:06.109+0000] {logging_mixin.py:151} INFO - [2023-11-04T16:42:06.108+0000] {dag.py:3722} INFO - Setting next_dagrun for example_sla_dag to 2023-11-04T16:40:00+00:00, run_after=2023-11-04T16:42:00+00:00
[2023-11-04T16:42:06.150+0000] {processor.py:179} INFO - Processing /home/airflow/.local/lib/python3.8/site-packages/airflow/example_dags/example_sla_dag.py took 0.239 seconds
[2023-11-04T17:13:28.588+0000] {processor.py:157} INFO - Started process (PID=234) to work on /home/airflow/.local/lib/python3.8/site-packages/airflow/example_dags/example_sla_dag.py
[2023-11-04T17:13:28.590+0000] {processor.py:829} INFO - Processing file /home/airflow/.local/lib/python3.8/site-packages/airflow/example_dags/example_sla_dag.py for tasks to queue
[2023-11-04T17:13:28.592+0000] {logging_mixin.py:151} INFO - [2023-11-04T17:13:28.592+0000] {dagbag.py:536} INFO - Filling up the DagBag from /home/airflow/.local/lib/python3.8/site-packages/airflow/example_dags/example_sla_dag.py
[2023-11-04T17:13:28.609+0000] {processor.py:839} INFO - DAG(s) dict_keys(['example_sla_dag']) retrieved from /home/airflow/.local/lib/python3.8/site-packages/airflow/example_dags/example_sla_dag.py
[2023-11-04T17:13:28.647+0000] {logging_mixin.py:151} INFO - [2023-11-04T17:13:28.646+0000] {dag.py:2941} INFO - Sync 1 DAGs
[2023-11-04T17:13:28.685+0000] {logging_mixin.py:151} INFO - [2023-11-04T17:13:28.684+0000] {dag.py:3722} INFO - Setting next_dagrun for example_sla_dag to 2023-11-04T17:10:00+00:00, run_after=2023-11-04T17:12:00+00:00
[2023-11-04T17:13:28.716+0000] {processor.py:179} INFO - Processing /home/airflow/.local/lib/python3.8/site-packages/airflow/example_dags/example_sla_dag.py took 0.132 seconds
[2023-11-04T17:13:59.169+0000] {processor.py:157} INFO - Started process (PID=470) to work on /home/airflow/.local/lib/python3.8/site-packages/airflow/example_dags/example_sla_dag.py
[2023-11-04T17:13:59.170+0000] {processor.py:829} INFO - Processing file /home/airflow/.local/lib/python3.8/site-packages/airflow/example_dags/example_sla_dag.py for tasks to queue
[2023-11-04T17:13:59.172+0000] {logging_mixin.py:151} INFO - [2023-11-04T17:13:59.172+0000] {dagbag.py:536} INFO - Filling up the DagBag from /home/airflow/.local/lib/python3.8/site-packages/airflow/example_dags/example_sla_dag.py
[2023-11-04T17:13:59.186+0000] {processor.py:839} INFO - DAG(s) dict_keys(['example_sla_dag']) retrieved from /home/airflow/.local/lib/python3.8/site-packages/airflow/example_dags/example_sla_dag.py
[2023-11-04T17:13:59.211+0000] {logging_mixin.py:151} INFO - [2023-11-04T17:13:59.211+0000] {dag.py:2941} INFO - Sync 1 DAGs
[2023-11-04T17:13:59.262+0000] {logging_mixin.py:151} INFO - [2023-11-04T17:13:59.261+0000] {dag.py:3722} INFO - Setting next_dagrun for example_sla_dag to 2023-11-04T17:10:00+00:00, run_after=2023-11-04T17:12:00+00:00
[2023-11-04T17:13:59.296+0000] {processor.py:179} INFO - Processing /home/airflow/.local/lib/python3.8/site-packages/airflow/example_dags/example_sla_dag.py took 0.132 seconds
[2023-11-04T17:14:29.399+0000] {processor.py:157} INFO - Started process (PID=710) to work on /home/airflow/.local/lib/python3.8/site-packages/airflow/example_dags/example_sla_dag.py
[2023-11-04T17:14:29.400+0000] {processor.py:829} INFO - Processing file /home/airflow/.local/lib/python3.8/site-packages/airflow/example_dags/example_sla_dag.py for tasks to queue
[2023-11-04T17:14:29.402+0000] {logging_mixin.py:151} INFO - [2023-11-04T17:14:29.402+0000] {dagbag.py:536} INFO - Filling up the DagBag from /home/airflow/.local/lib/python3.8/site-packages/airflow/example_dags/example_sla_dag.py
[2023-11-04T17:14:29.415+0000] {processor.py:839} INFO - DAG(s) dict_keys(['example_sla_dag']) retrieved from /home/airflow/.local/lib/python3.8/site-packages/airflow/example_dags/example_sla_dag.py
[2023-11-04T17:14:29.432+0000] {logging_mixin.py:151} INFO - [2023-11-04T17:14:29.432+0000] {dag.py:2941} INFO - Sync 1 DAGs
[2023-11-04T17:14:29.470+0000] {logging_mixin.py:151} INFO - [2023-11-04T17:14:29.470+0000] {dag.py:3722} INFO - Setting next_dagrun for example_sla_dag to 2023-11-04T17:12:00+00:00, run_after=2023-11-04T17:14:00+00:00
[2023-11-04T17:14:29.499+0000] {processor.py:179} INFO - Processing /home/airflow/.local/lib/python3.8/site-packages/airflow/example_dags/example_sla_dag.py took 0.105 seconds
[2023-11-04T17:15:00.094+0000] {processor.py:157} INFO - Started process (PID=946) to work on /home/airflow/.local/lib/python3.8/site-packages/airflow/example_dags/example_sla_dag.py
[2023-11-04T17:15:00.096+0000] {processor.py:829} INFO - Processing file /home/airflow/.local/lib/python3.8/site-packages/airflow/example_dags/example_sla_dag.py for tasks to queue
[2023-11-04T17:15:00.098+0000] {logging_mixin.py:151} INFO - [2023-11-04T17:15:00.097+0000] {dagbag.py:536} INFO - Filling up the DagBag from /home/airflow/.local/lib/python3.8/site-packages/airflow/example_dags/example_sla_dag.py
[2023-11-04T17:15:00.112+0000] {processor.py:839} INFO - DAG(s) dict_keys(['example_sla_dag']) retrieved from /home/airflow/.local/lib/python3.8/site-packages/airflow/example_dags/example_sla_dag.py
[2023-11-04T17:15:00.144+0000] {logging_mixin.py:151} INFO - [2023-11-04T17:15:00.144+0000] {dag.py:2941} INFO - Sync 1 DAGs
[2023-11-04T17:15:00.183+0000] {logging_mixin.py:151} INFO - [2023-11-04T17:15:00.183+0000] {dag.py:3722} INFO - Setting next_dagrun for example_sla_dag to 2023-11-04T17:12:00+00:00, run_after=2023-11-04T17:14:00+00:00
[2023-11-04T17:15:00.212+0000] {processor.py:179} INFO - Processing /home/airflow/.local/lib/python3.8/site-packages/airflow/example_dags/example_sla_dag.py took 0.123 seconds
[2023-11-04T17:15:30.955+0000] {processor.py:157} INFO - Started process (PID=1186) to work on /home/airflow/.local/lib/python3.8/site-packages/airflow/example_dags/example_sla_dag.py
[2023-11-04T17:15:30.956+0000] {processor.py:829} INFO - Processing file /home/airflow/.local/lib/python3.8/site-packages/airflow/example_dags/example_sla_dag.py for tasks to queue
[2023-11-04T17:15:30.958+0000] {logging_mixin.py:151} INFO - [2023-11-04T17:15:30.957+0000] {dagbag.py:536} INFO - Filling up the DagBag from /home/airflow/.local/lib/python3.8/site-packages/airflow/example_dags/example_sla_dag.py
[2023-11-04T17:15:30.971+0000] {processor.py:839} INFO - DAG(s) dict_keys(['example_sla_dag']) retrieved from /home/airflow/.local/lib/python3.8/site-packages/airflow/example_dags/example_sla_dag.py
[2023-11-04T17:15:31.003+0000] {logging_mixin.py:151} INFO - [2023-11-04T17:15:31.003+0000] {dag.py:2941} INFO - Sync 1 DAGs
[2023-11-04T17:15:31.045+0000] {logging_mixin.py:151} INFO - [2023-11-04T17:15:31.045+0000] {dag.py:3722} INFO - Setting next_dagrun for example_sla_dag to 2023-11-04T17:12:00+00:00, run_after=2023-11-04T17:14:00+00:00
[2023-11-04T17:15:31.076+0000] {processor.py:179} INFO - Processing /home/airflow/.local/lib/python3.8/site-packages/airflow/example_dags/example_sla_dag.py took 0.125 seconds
[2023-11-04T17:16:01.701+0000] {processor.py:157} INFO - Started process (PID=1444) to work on /home/airflow/.local/lib/python3.8/site-packages/airflow/example_dags/example_sla_dag.py
[2023-11-04T17:16:01.705+0000] {processor.py:829} INFO - Processing file /home/airflow/.local/lib/python3.8/site-packages/airflow/example_dags/example_sla_dag.py for tasks to queue
[2023-11-04T17:16:01.707+0000] {logging_mixin.py:151} INFO - [2023-11-04T17:16:01.706+0000] {dagbag.py:536} INFO - Filling up the DagBag from /home/airflow/.local/lib/python3.8/site-packages/airflow/example_dags/example_sla_dag.py
[2023-11-04T17:16:01.722+0000] {processor.py:839} INFO - DAG(s) dict_keys(['example_sla_dag']) retrieved from /home/airflow/.local/lib/python3.8/site-packages/airflow/example_dags/example_sla_dag.py
[2023-11-04T17:16:01.768+0000] {logging_mixin.py:151} INFO - [2023-11-04T17:16:01.768+0000] {dag.py:2941} INFO - Sync 1 DAGs
[2023-11-04T17:16:01.819+0000] {logging_mixin.py:151} INFO - [2023-11-04T17:16:01.819+0000] {dag.py:3722} INFO - Setting next_dagrun for example_sla_dag to 2023-11-04T17:14:00+00:00, run_after=2023-11-04T17:16:00+00:00
[2023-11-04T17:16:01.865+0000] {processor.py:179} INFO - Processing /home/airflow/.local/lib/python3.8/site-packages/airflow/example_dags/example_sla_dag.py took 0.177 seconds
[2023-11-04T17:16:32.638+0000] {processor.py:157} INFO - Started process (PID=1685) to work on /home/airflow/.local/lib/python3.8/site-packages/airflow/example_dags/example_sla_dag.py
[2023-11-04T17:16:32.640+0000] {processor.py:829} INFO - Processing file /home/airflow/.local/lib/python3.8/site-packages/airflow/example_dags/example_sla_dag.py for tasks to queue
[2023-11-04T17:16:32.641+0000] {logging_mixin.py:151} INFO - [2023-11-04T17:16:32.641+0000] {dagbag.py:536} INFO - Filling up the DagBag from /home/airflow/.local/lib/python3.8/site-packages/airflow/example_dags/example_sla_dag.py
[2023-11-04T17:16:32.655+0000] {processor.py:839} INFO - DAG(s) dict_keys(['example_sla_dag']) retrieved from /home/airflow/.local/lib/python3.8/site-packages/airflow/example_dags/example_sla_dag.py
[2023-11-04T17:16:32.686+0000] {logging_mixin.py:151} INFO - [2023-11-04T17:16:32.686+0000] {dag.py:2941} INFO - Sync 1 DAGs
[2023-11-04T17:16:32.725+0000] {logging_mixin.py:151} INFO - [2023-11-04T17:16:32.725+0000] {dag.py:3722} INFO - Setting next_dagrun for example_sla_dag to 2023-11-04T17:14:00+00:00, run_after=2023-11-04T17:16:00+00:00
[2023-11-04T17:16:32.755+0000] {processor.py:179} INFO - Processing /home/airflow/.local/lib/python3.8/site-packages/airflow/example_dags/example_sla_dag.py took 0.121 seconds
[2023-11-04T17:17:03.266+0000] {processor.py:157} INFO - Started process (PID=1923) to work on /home/airflow/.local/lib/python3.8/site-packages/airflow/example_dags/example_sla_dag.py
[2023-11-04T17:17:03.268+0000] {processor.py:829} INFO - Processing file /home/airflow/.local/lib/python3.8/site-packages/airflow/example_dags/example_sla_dag.py for tasks to queue
[2023-11-04T17:17:03.269+0000] {logging_mixin.py:151} INFO - [2023-11-04T17:17:03.269+0000] {dagbag.py:536} INFO - Filling up the DagBag from /home/airflow/.local/lib/python3.8/site-packages/airflow/example_dags/example_sla_dag.py
[2023-11-04T17:17:03.283+0000] {processor.py:839} INFO - DAG(s) dict_keys(['example_sla_dag']) retrieved from /home/airflow/.local/lib/python3.8/site-packages/airflow/example_dags/example_sla_dag.py
[2023-11-04T17:17:03.326+0000] {logging_mixin.py:151} INFO - [2023-11-04T17:17:03.326+0000] {dag.py:2941} INFO - Sync 1 DAGs
[2023-11-04T17:17:03.371+0000] {logging_mixin.py:151} INFO - [2023-11-04T17:17:03.371+0000] {dag.py:3722} INFO - Setting next_dagrun for example_sla_dag to 2023-11-04T17:14:00+00:00, run_after=2023-11-04T17:16:00+00:00
[2023-11-04T17:17:03.405+0000] {processor.py:179} INFO - Processing /home/airflow/.local/lib/python3.8/site-packages/airflow/example_dags/example_sla_dag.py took 0.143 seconds
[2023-11-04T17:17:33.495+0000] {processor.py:157} INFO - Started process (PID=2161) to work on /home/airflow/.local/lib/python3.8/site-packages/airflow/example_dags/example_sla_dag.py
[2023-11-04T17:17:33.497+0000] {processor.py:829} INFO - Processing file /home/airflow/.local/lib/python3.8/site-packages/airflow/example_dags/example_sla_dag.py for tasks to queue
[2023-11-04T17:17:33.499+0000] {logging_mixin.py:151} INFO - [2023-11-04T17:17:33.498+0000] {dagbag.py:536} INFO - Filling up the DagBag from /home/airflow/.local/lib/python3.8/site-packages/airflow/example_dags/example_sla_dag.py
[2023-11-04T17:17:33.515+0000] {processor.py:839} INFO - DAG(s) dict_keys(['example_sla_dag']) retrieved from /home/airflow/.local/lib/python3.8/site-packages/airflow/example_dags/example_sla_dag.py
[2023-11-04T17:17:33.549+0000] {logging_mixin.py:151} INFO - [2023-11-04T17:17:33.549+0000] {dag.py:2941} INFO - Sync 1 DAGs
[2023-11-04T17:17:33.594+0000] {logging_mixin.py:151} INFO - [2023-11-04T17:17:33.593+0000] {dag.py:3722} INFO - Setting next_dagrun for example_sla_dag to 2023-11-04T17:14:00+00:00, run_after=2023-11-04T17:16:00+00:00
[2023-11-04T17:17:33.624+0000] {processor.py:179} INFO - Processing /home/airflow/.local/lib/python3.8/site-packages/airflow/example_dags/example_sla_dag.py took 0.139 seconds
[2023-11-04T17:18:03.705+0000] {processor.py:157} INFO - Started process (PID=2399) to work on /home/airflow/.local/lib/python3.8/site-packages/airflow/example_dags/example_sla_dag.py
[2023-11-04T17:18:03.707+0000] {processor.py:829} INFO - Processing file /home/airflow/.local/lib/python3.8/site-packages/airflow/example_dags/example_sla_dag.py for tasks to queue
[2023-11-04T17:18:03.709+0000] {logging_mixin.py:151} INFO - [2023-11-04T17:18:03.708+0000] {dagbag.py:536} INFO - Filling up the DagBag from /home/airflow/.local/lib/python3.8/site-packages/airflow/example_dags/example_sla_dag.py
[2023-11-04T17:18:03.722+0000] {processor.py:839} INFO - DAG(s) dict_keys(['example_sla_dag']) retrieved from /home/airflow/.local/lib/python3.8/site-packages/airflow/example_dags/example_sla_dag.py
[2023-11-04T17:18:03.753+0000] {logging_mixin.py:151} INFO - [2023-11-04T17:18:03.753+0000] {dag.py:2941} INFO - Sync 1 DAGs
[2023-11-04T17:18:03.791+0000] {logging_mixin.py:151} INFO - [2023-11-04T17:18:03.791+0000] {dag.py:3722} INFO - Setting next_dagrun for example_sla_dag to 2023-11-04T17:16:00+00:00, run_after=2023-11-04T17:18:00+00:00
[2023-11-04T17:18:03.820+0000] {processor.py:179} INFO - Processing /home/airflow/.local/lib/python3.8/site-packages/airflow/example_dags/example_sla_dag.py took 0.120 seconds
[2023-11-04T17:18:34.612+0000] {processor.py:157} INFO - Started process (PID=2637) to work on /home/airflow/.local/lib/python3.8/site-packages/airflow/example_dags/example_sla_dag.py
[2023-11-04T17:18:34.614+0000] {processor.py:829} INFO - Processing file /home/airflow/.local/lib/python3.8/site-packages/airflow/example_dags/example_sla_dag.py for tasks to queue
[2023-11-04T17:18:34.615+0000] {logging_mixin.py:151} INFO - [2023-11-04T17:18:34.615+0000] {dagbag.py:536} INFO - Filling up the DagBag from /home/airflow/.local/lib/python3.8/site-packages/airflow/example_dags/example_sla_dag.py
[2023-11-04T17:18:34.629+0000] {processor.py:839} INFO - DAG(s) dict_keys(['example_sla_dag']) retrieved from /home/airflow/.local/lib/python3.8/site-packages/airflow/example_dags/example_sla_dag.py
[2023-11-04T17:18:34.661+0000] {logging_mixin.py:151} INFO - [2023-11-04T17:18:34.661+0000] {dag.py:2941} INFO - Sync 1 DAGs
[2023-11-04T17:18:34.699+0000] {logging_mixin.py:151} INFO - [2023-11-04T17:18:34.699+0000] {dag.py:3722} INFO - Setting next_dagrun for example_sla_dag to 2023-11-04T17:16:00+00:00, run_after=2023-11-04T17:18:00+00:00
[2023-11-04T17:18:34.728+0000] {processor.py:179} INFO - Processing /home/airflow/.local/lib/python3.8/site-packages/airflow/example_dags/example_sla_dag.py took 0.121 seconds
[2023-11-04T17:19:04.821+0000] {processor.py:157} INFO - Started process (PID=2875) to work on /home/airflow/.local/lib/python3.8/site-packages/airflow/example_dags/example_sla_dag.py
[2023-11-04T17:19:04.822+0000] {processor.py:829} INFO - Processing file /home/airflow/.local/lib/python3.8/site-packages/airflow/example_dags/example_sla_dag.py for tasks to queue
[2023-11-04T17:19:04.824+0000] {logging_mixin.py:151} INFO - [2023-11-04T17:19:04.824+0000] {dagbag.py:536} INFO - Filling up the DagBag from /home/airflow/.local/lib/python3.8/site-packages/airflow/example_dags/example_sla_dag.py
[2023-11-04T17:19:04.839+0000] {processor.py:839} INFO - DAG(s) dict_keys(['example_sla_dag']) retrieved from /home/airflow/.local/lib/python3.8/site-packages/airflow/example_dags/example_sla_dag.py
[2023-11-04T17:19:04.876+0000] {logging_mixin.py:151} INFO - [2023-11-04T17:19:04.875+0000] {dag.py:2941} INFO - Sync 1 DAGs
[2023-11-04T17:19:04.919+0000] {logging_mixin.py:151} INFO - [2023-11-04T17:19:04.919+0000] {dag.py:3722} INFO - Setting next_dagrun for example_sla_dag to 2023-11-04T17:16:00+00:00, run_after=2023-11-04T17:18:00+00:00
[2023-11-04T17:19:04.948+0000] {processor.py:179} INFO - Processing /home/airflow/.local/lib/python3.8/site-packages/airflow/example_dags/example_sla_dag.py took 0.132 seconds
[2023-11-04T17:19:35.364+0000] {processor.py:157} INFO - Started process (PID=3113) to work on /home/airflow/.local/lib/python3.8/site-packages/airflow/example_dags/example_sla_dag.py
[2023-11-04T17:19:35.366+0000] {processor.py:829} INFO - Processing file /home/airflow/.local/lib/python3.8/site-packages/airflow/example_dags/example_sla_dag.py for tasks to queue
[2023-11-04T17:19:35.368+0000] {logging_mixin.py:151} INFO - [2023-11-04T17:19:35.367+0000] {dagbag.py:536} INFO - Filling up the DagBag from /home/airflow/.local/lib/python3.8/site-packages/airflow/example_dags/example_sla_dag.py
[2023-11-04T17:19:35.381+0000] {processor.py:839} INFO - DAG(s) dict_keys(['example_sla_dag']) retrieved from /home/airflow/.local/lib/python3.8/site-packages/airflow/example_dags/example_sla_dag.py
[2023-11-04T17:19:35.412+0000] {logging_mixin.py:151} INFO - [2023-11-04T17:19:35.412+0000] {dag.py:2941} INFO - Sync 1 DAGs
[2023-11-04T17:19:35.450+0000] {logging_mixin.py:151} INFO - [2023-11-04T17:19:35.450+0000] {dag.py:3722} INFO - Setting next_dagrun for example_sla_dag to 2023-11-04T17:16:00+00:00, run_after=2023-11-04T17:18:00+00:00
[2023-11-04T17:19:35.480+0000] {processor.py:179} INFO - Processing /home/airflow/.local/lib/python3.8/site-packages/airflow/example_dags/example_sla_dag.py took 0.121 seconds
[2023-11-04T17:20:05.982+0000] {processor.py:157} INFO - Started process (PID=3360) to work on /home/airflow/.local/lib/python3.8/site-packages/airflow/example_dags/example_sla_dag.py
[2023-11-04T17:20:05.984+0000] {processor.py:829} INFO - Processing file /home/airflow/.local/lib/python3.8/site-packages/airflow/example_dags/example_sla_dag.py for tasks to queue
[2023-11-04T17:20:05.986+0000] {logging_mixin.py:151} INFO - [2023-11-04T17:20:05.985+0000] {dagbag.py:536} INFO - Filling up the DagBag from /home/airflow/.local/lib/python3.8/site-packages/airflow/example_dags/example_sla_dag.py
[2023-11-04T17:20:05.999+0000] {processor.py:839} INFO - DAG(s) dict_keys(['example_sla_dag']) retrieved from /home/airflow/.local/lib/python3.8/site-packages/airflow/example_dags/example_sla_dag.py
[2023-11-04T17:20:06.030+0000] {logging_mixin.py:151} INFO - [2023-11-04T17:20:06.030+0000] {dag.py:2941} INFO - Sync 1 DAGs
[2023-11-04T17:20:06.068+0000] {logging_mixin.py:151} INFO - [2023-11-04T17:20:06.067+0000] {dag.py:3722} INFO - Setting next_dagrun for example_sla_dag to 2023-11-04T17:18:00+00:00, run_after=2023-11-04T17:20:00+00:00
[2023-11-04T17:20:06.101+0000] {processor.py:179} INFO - Processing /home/airflow/.local/lib/python3.8/site-packages/airflow/example_dags/example_sla_dag.py took 0.123 seconds
[2023-11-04T17:20:36.329+0000] {processor.py:157} INFO - Started process (PID=3596) to work on /home/airflow/.local/lib/python3.8/site-packages/airflow/example_dags/example_sla_dag.py
[2023-11-04T17:20:36.331+0000] {processor.py:829} INFO - Processing file /home/airflow/.local/lib/python3.8/site-packages/airflow/example_dags/example_sla_dag.py for tasks to queue
[2023-11-04T17:20:36.333+0000] {logging_mixin.py:151} INFO - [2023-11-04T17:20:36.332+0000] {dagbag.py:536} INFO - Filling up the DagBag from /home/airflow/.local/lib/python3.8/site-packages/airflow/example_dags/example_sla_dag.py
[2023-11-04T17:20:36.346+0000] {processor.py:839} INFO - DAG(s) dict_keys(['example_sla_dag']) retrieved from /home/airflow/.local/lib/python3.8/site-packages/airflow/example_dags/example_sla_dag.py
[2023-11-04T17:20:36.377+0000] {logging_mixin.py:151} INFO - [2023-11-04T17:20:36.377+0000] {dag.py:2941} INFO - Sync 1 DAGs
[2023-11-04T17:20:36.415+0000] {logging_mixin.py:151} INFO - [2023-11-04T17:20:36.415+0000] {dag.py:3722} INFO - Setting next_dagrun for example_sla_dag to 2023-11-04T17:18:00+00:00, run_after=2023-11-04T17:20:00+00:00
[2023-11-04T17:20:36.444+0000] {processor.py:179} INFO - Processing /home/airflow/.local/lib/python3.8/site-packages/airflow/example_dags/example_sla_dag.py took 0.120 seconds
[2023-11-04T17:21:07.232+0000] {processor.py:157} INFO - Started process (PID=3834) to work on /home/airflow/.local/lib/python3.8/site-packages/airflow/example_dags/example_sla_dag.py
[2023-11-04T17:21:07.234+0000] {processor.py:829} INFO - Processing file /home/airflow/.local/lib/python3.8/site-packages/airflow/example_dags/example_sla_dag.py for tasks to queue
[2023-11-04T17:21:07.236+0000] {logging_mixin.py:151} INFO - [2023-11-04T17:21:07.236+0000] {dagbag.py:536} INFO - Filling up the DagBag from /home/airflow/.local/lib/python3.8/site-packages/airflow/example_dags/example_sla_dag.py
[2023-11-04T17:21:07.251+0000] {processor.py:839} INFO - DAG(s) dict_keys(['example_sla_dag']) retrieved from /home/airflow/.local/lib/python3.8/site-packages/airflow/example_dags/example_sla_dag.py
[2023-11-04T17:21:07.289+0000] {logging_mixin.py:151} INFO - [2023-11-04T17:21:07.289+0000] {dag.py:2941} INFO - Sync 1 DAGs
[2023-11-04T17:21:07.329+0000] {logging_mixin.py:151} INFO - [2023-11-04T17:21:07.329+0000] {dag.py:3722} INFO - Setting next_dagrun for example_sla_dag to 2023-11-04T17:18:00+00:00, run_after=2023-11-04T17:20:00+00:00
[2023-11-04T17:21:07.359+0000] {processor.py:179} INFO - Processing /home/airflow/.local/lib/python3.8/site-packages/airflow/example_dags/example_sla_dag.py took 0.132 seconds
[2023-11-04T17:21:38.309+0000] {processor.py:157} INFO - Started process (PID=4106) to work on /home/airflow/.local/lib/python3.8/site-packages/airflow/example_dags/example_sla_dag.py
[2023-11-04T17:21:38.311+0000] {processor.py:829} INFO - Processing file /home/airflow/.local/lib/python3.8/site-packages/airflow/example_dags/example_sla_dag.py for tasks to queue
[2023-11-04T17:21:38.315+0000] {logging_mixin.py:151} INFO - [2023-11-04T17:21:38.314+0000] {dagbag.py:536} INFO - Filling up the DagBag from /home/airflow/.local/lib/python3.8/site-packages/airflow/example_dags/example_sla_dag.py
[2023-11-04T17:21:38.338+0000] {processor.py:839} INFO - DAG(s) dict_keys(['example_sla_dag']) retrieved from /home/airflow/.local/lib/python3.8/site-packages/airflow/example_dags/example_sla_dag.py
[2023-11-04T17:21:38.396+0000] {logging_mixin.py:151} INFO - [2023-11-04T17:21:38.396+0000] {dag.py:2941} INFO - Sync 1 DAGs
[2023-11-04T17:21:38.470+0000] {logging_mixin.py:151} INFO - [2023-11-04T17:21:38.470+0000] {dag.py:3722} INFO - Setting next_dagrun for example_sla_dag to 2023-11-04T17:18:00+00:00, run_after=2023-11-04T17:20:00+00:00
[2023-11-04T17:21:38.515+0000] {processor.py:179} INFO - Processing /home/airflow/.local/lib/python3.8/site-packages/airflow/example_dags/example_sla_dag.py took 0.213 seconds
[2023-11-04T17:22:08.781+0000] {processor.py:157} INFO - Started process (PID=4358) to work on /home/airflow/.local/lib/python3.8/site-packages/airflow/example_dags/example_sla_dag.py
[2023-11-04T17:22:08.784+0000] {processor.py:829} INFO - Processing file /home/airflow/.local/lib/python3.8/site-packages/airflow/example_dags/example_sla_dag.py for tasks to queue
[2023-11-04T17:22:08.787+0000] {logging_mixin.py:151} INFO - [2023-11-04T17:22:08.786+0000] {dagbag.py:536} INFO - Filling up the DagBag from /home/airflow/.local/lib/python3.8/site-packages/airflow/example_dags/example_sla_dag.py
[2023-11-04T17:22:08.813+0000] {processor.py:839} INFO - DAG(s) dict_keys(['example_sla_dag']) retrieved from /home/airflow/.local/lib/python3.8/site-packages/airflow/example_dags/example_sla_dag.py
[2023-11-04T17:22:08.864+0000] {logging_mixin.py:151} INFO - [2023-11-04T17:22:08.864+0000] {dag.py:2941} INFO - Sync 1 DAGs
[2023-11-04T17:22:08.946+0000] {logging_mixin.py:151} INFO - [2023-11-04T17:22:08.945+0000] {dag.py:3722} INFO - Setting next_dagrun for example_sla_dag to 2023-11-04T17:20:00+00:00, run_after=2023-11-04T17:22:00+00:00
[2023-11-04T17:22:09.004+0000] {processor.py:179} INFO - Processing /home/airflow/.local/lib/python3.8/site-packages/airflow/example_dags/example_sla_dag.py took 0.232 seconds
[2023-11-04T17:22:39.189+0000] {processor.py:157} INFO - Started process (PID=4598) to work on /home/airflow/.local/lib/python3.8/site-packages/airflow/example_dags/example_sla_dag.py
[2023-11-04T17:22:39.190+0000] {processor.py:829} INFO - Processing file /home/airflow/.local/lib/python3.8/site-packages/airflow/example_dags/example_sla_dag.py for tasks to queue
[2023-11-04T17:22:39.192+0000] {logging_mixin.py:151} INFO - [2023-11-04T17:22:39.192+0000] {dagbag.py:536} INFO - Filling up the DagBag from /home/airflow/.local/lib/python3.8/site-packages/airflow/example_dags/example_sla_dag.py
[2023-11-04T17:22:39.210+0000] {processor.py:839} INFO - DAG(s) dict_keys(['example_sla_dag']) retrieved from /home/airflow/.local/lib/python3.8/site-packages/airflow/example_dags/example_sla_dag.py
[2023-11-04T17:22:39.250+0000] {logging_mixin.py:151} INFO - [2023-11-04T17:22:39.250+0000] {dag.py:2941} INFO - Sync 1 DAGs
[2023-11-04T17:22:39.302+0000] {logging_mixin.py:151} INFO - [2023-11-04T17:22:39.301+0000] {dag.py:3722} INFO - Setting next_dagrun for example_sla_dag to 2023-11-04T17:20:00+00:00, run_after=2023-11-04T17:22:00+00:00
[2023-11-04T17:22:39.347+0000] {processor.py:179} INFO - Processing /home/airflow/.local/lib/python3.8/site-packages/airflow/example_dags/example_sla_dag.py took 0.166 seconds
