[2023-11-04T16:23:47.676+0000] {processor.py:157} INFO - Started process (PID=358) to work on /home/airflow/.local/lib/python3.8/site-packages/airflow/example_dags/example_kubernetes_executor.py
[2023-11-04T16:23:47.678+0000] {processor.py:829} INFO - Processing file /home/airflow/.local/lib/python3.8/site-packages/airflow/example_dags/example_kubernetes_executor.py for tasks to queue
[2023-11-04T16:23:47.680+0000] {logging_mixin.py:151} INFO - [2023-11-04T16:23:47.680+0000] {dagbag.py:536} INFO - Filling up the DagBag from /home/airflow/.local/lib/python3.8/site-packages/airflow/example_dags/example_kubernetes_executor.py
[2023-11-04T16:23:47.707+0000] {processor.py:839} INFO - DAG(s) dict_keys(['example_kubernetes_executor']) retrieved from /home/airflow/.local/lib/python3.8/site-packages/airflow/example_dags/example_kubernetes_executor.py
[2023-11-04T16:23:47.728+0000] {logging_mixin.py:151} INFO - [2023-11-04T16:23:47.728+0000] {dag.py:2941} INFO - Sync 1 DAGs
[2023-11-04T16:23:47.752+0000] {logging_mixin.py:151} INFO - [2023-11-04T16:23:47.751+0000] {dag.py:3722} INFO - Setting next_dagrun for example_kubernetes_executor to None, run_after=None
[2023-11-04T16:23:47.782+0000] {processor.py:179} INFO - Processing /home/airflow/.local/lib/python3.8/site-packages/airflow/example_dags/example_kubernetes_executor.py took 0.112 seconds
[2023-11-04T16:24:18.350+0000] {processor.py:157} INFO - Started process (PID=598) to work on /home/airflow/.local/lib/python3.8/site-packages/airflow/example_dags/example_kubernetes_executor.py
[2023-11-04T16:24:18.351+0000] {processor.py:829} INFO - Processing file /home/airflow/.local/lib/python3.8/site-packages/airflow/example_dags/example_kubernetes_executor.py for tasks to queue
[2023-11-04T16:24:18.353+0000] {logging_mixin.py:151} INFO - [2023-11-04T16:24:18.353+0000] {dagbag.py:536} INFO - Filling up the DagBag from /home/airflow/.local/lib/python3.8/site-packages/airflow/example_dags/example_kubernetes_executor.py
[2023-11-04T16:24:18.376+0000] {processor.py:839} INFO - DAG(s) dict_keys(['example_kubernetes_executor']) retrieved from /home/airflow/.local/lib/python3.8/site-packages/airflow/example_dags/example_kubernetes_executor.py
[2023-11-04T16:24:18.438+0000] {logging_mixin.py:151} INFO - [2023-11-04T16:24:18.438+0000] {dag.py:2941} INFO - Sync 1 DAGs
[2023-11-04T16:24:18.461+0000] {logging_mixin.py:151} INFO - [2023-11-04T16:24:18.461+0000] {dag.py:3722} INFO - Setting next_dagrun for example_kubernetes_executor to None, run_after=None
[2023-11-04T16:24:18.568+0000] {processor.py:179} INFO - Processing /home/airflow/.local/lib/python3.8/site-packages/airflow/example_dags/example_kubernetes_executor.py took 0.224 seconds
[2023-11-04T16:24:49.142+0000] {processor.py:157} INFO - Started process (PID=836) to work on /home/airflow/.local/lib/python3.8/site-packages/airflow/example_dags/example_kubernetes_executor.py
[2023-11-04T16:24:49.144+0000] {processor.py:829} INFO - Processing file /home/airflow/.local/lib/python3.8/site-packages/airflow/example_dags/example_kubernetes_executor.py for tasks to queue
[2023-11-04T16:24:49.145+0000] {logging_mixin.py:151} INFO - [2023-11-04T16:24:49.145+0000] {dagbag.py:536} INFO - Filling up the DagBag from /home/airflow/.local/lib/python3.8/site-packages/airflow/example_dags/example_kubernetes_executor.py
[2023-11-04T16:24:49.165+0000] {processor.py:839} INFO - DAG(s) dict_keys(['example_kubernetes_executor']) retrieved from /home/airflow/.local/lib/python3.8/site-packages/airflow/example_dags/example_kubernetes_executor.py
[2023-11-04T16:24:49.222+0000] {logging_mixin.py:151} INFO - [2023-11-04T16:24:49.222+0000] {dag.py:2941} INFO - Sync 1 DAGs
[2023-11-04T16:24:49.242+0000] {logging_mixin.py:151} INFO - [2023-11-04T16:24:49.241+0000] {dag.py:3722} INFO - Setting next_dagrun for example_kubernetes_executor to None, run_after=None
[2023-11-04T16:24:49.275+0000] {processor.py:179} INFO - Processing /home/airflow/.local/lib/python3.8/site-packages/airflow/example_dags/example_kubernetes_executor.py took 0.137 seconds
[2023-11-04T16:25:19.319+0000] {processor.py:157} INFO - Started process (PID=1074) to work on /home/airflow/.local/lib/python3.8/site-packages/airflow/example_dags/example_kubernetes_executor.py
[2023-11-04T16:25:19.321+0000] {processor.py:829} INFO - Processing file /home/airflow/.local/lib/python3.8/site-packages/airflow/example_dags/example_kubernetes_executor.py for tasks to queue
[2023-11-04T16:25:19.322+0000] {logging_mixin.py:151} INFO - [2023-11-04T16:25:19.321+0000] {dagbag.py:536} INFO - Filling up the DagBag from /home/airflow/.local/lib/python3.8/site-packages/airflow/example_dags/example_kubernetes_executor.py
[2023-11-04T16:25:19.342+0000] {processor.py:839} INFO - DAG(s) dict_keys(['example_kubernetes_executor']) retrieved from /home/airflow/.local/lib/python3.8/site-packages/airflow/example_dags/example_kubernetes_executor.py
[2023-11-04T16:25:19.396+0000] {logging_mixin.py:151} INFO - [2023-11-04T16:25:19.396+0000] {dag.py:2941} INFO - Sync 1 DAGs
[2023-11-04T16:25:19.415+0000] {logging_mixin.py:151} INFO - [2023-11-04T16:25:19.414+0000] {dag.py:3722} INFO - Setting next_dagrun for example_kubernetes_executor to None, run_after=None
[2023-11-04T16:25:19.445+0000] {processor.py:179} INFO - Processing /home/airflow/.local/lib/python3.8/site-packages/airflow/example_dags/example_kubernetes_executor.py took 0.131 seconds
[2023-11-04T16:25:49.556+0000] {processor.py:157} INFO - Started process (PID=1312) to work on /home/airflow/.local/lib/python3.8/site-packages/airflow/example_dags/example_kubernetes_executor.py
[2023-11-04T16:25:49.557+0000] {processor.py:829} INFO - Processing file /home/airflow/.local/lib/python3.8/site-packages/airflow/example_dags/example_kubernetes_executor.py for tasks to queue
[2023-11-04T16:25:49.559+0000] {logging_mixin.py:151} INFO - [2023-11-04T16:25:49.558+0000] {dagbag.py:536} INFO - Filling up the DagBag from /home/airflow/.local/lib/python3.8/site-packages/airflow/example_dags/example_kubernetes_executor.py
[2023-11-04T16:25:49.579+0000] {processor.py:839} INFO - DAG(s) dict_keys(['example_kubernetes_executor']) retrieved from /home/airflow/.local/lib/python3.8/site-packages/airflow/example_dags/example_kubernetes_executor.py
[2023-11-04T16:25:49.637+0000] {logging_mixin.py:151} INFO - [2023-11-04T16:25:49.636+0000] {dag.py:2941} INFO - Sync 1 DAGs
[2023-11-04T16:25:49.655+0000] {logging_mixin.py:151} INFO - [2023-11-04T16:25:49.655+0000] {dag.py:3722} INFO - Setting next_dagrun for example_kubernetes_executor to None, run_after=None
[2023-11-04T16:25:49.684+0000] {processor.py:179} INFO - Processing /home/airflow/.local/lib/python3.8/site-packages/airflow/example_dags/example_kubernetes_executor.py took 0.133 seconds
[2023-11-04T16:26:19.923+0000] {processor.py:157} INFO - Started process (PID=1550) to work on /home/airflow/.local/lib/python3.8/site-packages/airflow/example_dags/example_kubernetes_executor.py
[2023-11-04T16:26:19.925+0000] {processor.py:829} INFO - Processing file /home/airflow/.local/lib/python3.8/site-packages/airflow/example_dags/example_kubernetes_executor.py for tasks to queue
[2023-11-04T16:26:19.927+0000] {logging_mixin.py:151} INFO - [2023-11-04T16:26:19.926+0000] {dagbag.py:536} INFO - Filling up the DagBag from /home/airflow/.local/lib/python3.8/site-packages/airflow/example_dags/example_kubernetes_executor.py
[2023-11-04T16:26:19.948+0000] {processor.py:839} INFO - DAG(s) dict_keys(['example_kubernetes_executor']) retrieved from /home/airflow/.local/lib/python3.8/site-packages/airflow/example_dags/example_kubernetes_executor.py
[2023-11-04T16:26:19.968+0000] {logging_mixin.py:151} INFO - [2023-11-04T16:26:19.968+0000] {dag.py:2941} INFO - Sync 1 DAGs
[2023-11-04T16:26:19.990+0000] {logging_mixin.py:151} INFO - [2023-11-04T16:26:19.990+0000] {dag.py:3722} INFO - Setting next_dagrun for example_kubernetes_executor to None, run_after=None
[2023-11-04T16:26:20.022+0000] {processor.py:179} INFO - Processing /home/airflow/.local/lib/python3.8/site-packages/airflow/example_dags/example_kubernetes_executor.py took 0.103 seconds
[2023-11-04T16:26:50.540+0000] {processor.py:157} INFO - Started process (PID=1786) to work on /home/airflow/.local/lib/python3.8/site-packages/airflow/example_dags/example_kubernetes_executor.py
[2023-11-04T16:26:50.542+0000] {processor.py:829} INFO - Processing file /home/airflow/.local/lib/python3.8/site-packages/airflow/example_dags/example_kubernetes_executor.py for tasks to queue
[2023-11-04T16:26:50.544+0000] {logging_mixin.py:151} INFO - [2023-11-04T16:26:50.543+0000] {dagbag.py:536} INFO - Filling up the DagBag from /home/airflow/.local/lib/python3.8/site-packages/airflow/example_dags/example_kubernetes_executor.py
[2023-11-04T16:26:50.566+0000] {processor.py:839} INFO - DAG(s) dict_keys(['example_kubernetes_executor']) retrieved from /home/airflow/.local/lib/python3.8/site-packages/airflow/example_dags/example_kubernetes_executor.py
[2023-11-04T16:26:50.623+0000] {logging_mixin.py:151} INFO - [2023-11-04T16:26:50.622+0000] {dag.py:2941} INFO - Sync 1 DAGs
[2023-11-04T16:26:50.643+0000] {logging_mixin.py:151} INFO - [2023-11-04T16:26:50.642+0000] {dag.py:3722} INFO - Setting next_dagrun for example_kubernetes_executor to None, run_after=None
[2023-11-04T16:26:50.678+0000] {processor.py:179} INFO - Processing /home/airflow/.local/lib/python3.8/site-packages/airflow/example_dags/example_kubernetes_executor.py took 0.143 seconds
[2023-11-04T16:27:21.587+0000] {processor.py:157} INFO - Started process (PID=2026) to work on /home/airflow/.local/lib/python3.8/site-packages/airflow/example_dags/example_kubernetes_executor.py
[2023-11-04T16:27:21.589+0000] {processor.py:829} INFO - Processing file /home/airflow/.local/lib/python3.8/site-packages/airflow/example_dags/example_kubernetes_executor.py for tasks to queue
[2023-11-04T16:27:21.590+0000] {logging_mixin.py:151} INFO - [2023-11-04T16:27:21.590+0000] {dagbag.py:536} INFO - Filling up the DagBag from /home/airflow/.local/lib/python3.8/site-packages/airflow/example_dags/example_kubernetes_executor.py
[2023-11-04T16:27:21.627+0000] {processor.py:839} INFO - DAG(s) dict_keys(['example_kubernetes_executor']) retrieved from /home/airflow/.local/lib/python3.8/site-packages/airflow/example_dags/example_kubernetes_executor.py
[2023-11-04T16:27:21.684+0000] {logging_mixin.py:151} INFO - [2023-11-04T16:27:21.684+0000] {dag.py:2941} INFO - Sync 1 DAGs
[2023-11-04T16:27:21.704+0000] {logging_mixin.py:151} INFO - [2023-11-04T16:27:21.703+0000] {dag.py:3722} INFO - Setting next_dagrun for example_kubernetes_executor to None, run_after=None
[2023-11-04T16:27:21.732+0000] {processor.py:179} INFO - Processing /home/airflow/.local/lib/python3.8/site-packages/airflow/example_dags/example_kubernetes_executor.py took 0.151 seconds
[2023-11-04T16:27:53.811+0000] {processor.py:157} INFO - Started process (PID=2263) to work on /home/airflow/.local/lib/python3.8/site-packages/airflow/example_dags/example_kubernetes_executor.py
[2023-11-04T16:27:53.818+0000] {processor.py:829} INFO - Processing file /home/airflow/.local/lib/python3.8/site-packages/airflow/example_dags/example_kubernetes_executor.py for tasks to queue
[2023-11-04T16:27:53.831+0000] {logging_mixin.py:151} INFO - [2023-11-04T16:27:53.830+0000] {dagbag.py:536} INFO - Filling up the DagBag from /home/airflow/.local/lib/python3.8/site-packages/airflow/example_dags/example_kubernetes_executor.py
[2023-11-04T16:27:53.873+0000] {processor.py:839} INFO - DAG(s) dict_keys(['example_kubernetes_executor']) retrieved from /home/airflow/.local/lib/python3.8/site-packages/airflow/example_dags/example_kubernetes_executor.py
[2023-11-04T16:27:53.908+0000] {logging_mixin.py:151} INFO - [2023-11-04T16:27:53.907+0000] {dag.py:2941} INFO - Sync 1 DAGs
[2023-11-04T16:27:53.955+0000] {logging_mixin.py:151} INFO - [2023-11-04T16:27:53.954+0000] {dag.py:3722} INFO - Setting next_dagrun for example_kubernetes_executor to None, run_after=None
[2023-11-04T16:27:54.021+0000] {processor.py:179} INFO - Processing /home/airflow/.local/lib/python3.8/site-packages/airflow/example_dags/example_kubernetes_executor.py took 0.220 seconds
[2023-11-04T16:28:24.209+0000] {processor.py:157} INFO - Started process (PID=2503) to work on /home/airflow/.local/lib/python3.8/site-packages/airflow/example_dags/example_kubernetes_executor.py
[2023-11-04T16:28:24.211+0000] {processor.py:829} INFO - Processing file /home/airflow/.local/lib/python3.8/site-packages/airflow/example_dags/example_kubernetes_executor.py for tasks to queue
[2023-11-04T16:28:24.213+0000] {logging_mixin.py:151} INFO - [2023-11-04T16:28:24.212+0000] {dagbag.py:536} INFO - Filling up the DagBag from /home/airflow/.local/lib/python3.8/site-packages/airflow/example_dags/example_kubernetes_executor.py
[2023-11-04T16:28:24.236+0000] {processor.py:839} INFO - DAG(s) dict_keys(['example_kubernetes_executor']) retrieved from /home/airflow/.local/lib/python3.8/site-packages/airflow/example_dags/example_kubernetes_executor.py
[2023-11-04T16:28:24.313+0000] {logging_mixin.py:151} INFO - [2023-11-04T16:28:24.312+0000] {dag.py:2941} INFO - Sync 1 DAGs
[2023-11-04T16:28:24.336+0000] {logging_mixin.py:151} INFO - [2023-11-04T16:28:24.336+0000] {dag.py:3722} INFO - Setting next_dagrun for example_kubernetes_executor to None, run_after=None
[2023-11-04T16:28:24.369+0000] {processor.py:179} INFO - Processing /home/airflow/.local/lib/python3.8/site-packages/airflow/example_dags/example_kubernetes_executor.py took 0.165 seconds
[2023-11-04T16:28:54.908+0000] {processor.py:157} INFO - Started process (PID=2741) to work on /home/airflow/.local/lib/python3.8/site-packages/airflow/example_dags/example_kubernetes_executor.py
[2023-11-04T16:28:54.910+0000] {processor.py:829} INFO - Processing file /home/airflow/.local/lib/python3.8/site-packages/airflow/example_dags/example_kubernetes_executor.py for tasks to queue
[2023-11-04T16:28:54.911+0000] {logging_mixin.py:151} INFO - [2023-11-04T16:28:54.911+0000] {dagbag.py:536} INFO - Filling up the DagBag from /home/airflow/.local/lib/python3.8/site-packages/airflow/example_dags/example_kubernetes_executor.py
[2023-11-04T16:28:54.931+0000] {processor.py:839} INFO - DAG(s) dict_keys(['example_kubernetes_executor']) retrieved from /home/airflow/.local/lib/python3.8/site-packages/airflow/example_dags/example_kubernetes_executor.py
[2023-11-04T16:28:54.987+0000] {logging_mixin.py:151} INFO - [2023-11-04T16:28:54.987+0000] {dag.py:2941} INFO - Sync 1 DAGs
[2023-11-04T16:28:55.006+0000] {logging_mixin.py:151} INFO - [2023-11-04T16:28:55.006+0000] {dag.py:3722} INFO - Setting next_dagrun for example_kubernetes_executor to None, run_after=None
[2023-11-04T16:28:55.034+0000] {processor.py:179} INFO - Processing /home/airflow/.local/lib/python3.8/site-packages/airflow/example_dags/example_kubernetes_executor.py took 0.130 seconds
[2023-11-04T16:29:25.742+0000] {processor.py:157} INFO - Started process (PID=2979) to work on /home/airflow/.local/lib/python3.8/site-packages/airflow/example_dags/example_kubernetes_executor.py
[2023-11-04T16:29:25.744+0000] {processor.py:829} INFO - Processing file /home/airflow/.local/lib/python3.8/site-packages/airflow/example_dags/example_kubernetes_executor.py for tasks to queue
[2023-11-04T16:29:25.745+0000] {logging_mixin.py:151} INFO - [2023-11-04T16:29:25.745+0000] {dagbag.py:536} INFO - Filling up the DagBag from /home/airflow/.local/lib/python3.8/site-packages/airflow/example_dags/example_kubernetes_executor.py
[2023-11-04T16:29:25.766+0000] {processor.py:839} INFO - DAG(s) dict_keys(['example_kubernetes_executor']) retrieved from /home/airflow/.local/lib/python3.8/site-packages/airflow/example_dags/example_kubernetes_executor.py
[2023-11-04T16:29:25.823+0000] {logging_mixin.py:151} INFO - [2023-11-04T16:29:25.823+0000] {dag.py:2941} INFO - Sync 1 DAGs
[2023-11-04T16:29:25.843+0000] {logging_mixin.py:151} INFO - [2023-11-04T16:29:25.842+0000] {dag.py:3722} INFO - Setting next_dagrun for example_kubernetes_executor to None, run_after=None
[2023-11-04T16:29:25.874+0000] {processor.py:179} INFO - Processing /home/airflow/.local/lib/python3.8/site-packages/airflow/example_dags/example_kubernetes_executor.py took 0.137 seconds
[2023-11-04T16:29:55.962+0000] {processor.py:157} INFO - Started process (PID=3215) to work on /home/airflow/.local/lib/python3.8/site-packages/airflow/example_dags/example_kubernetes_executor.py
[2023-11-04T16:29:55.964+0000] {processor.py:829} INFO - Processing file /home/airflow/.local/lib/python3.8/site-packages/airflow/example_dags/example_kubernetes_executor.py for tasks to queue
[2023-11-04T16:29:55.965+0000] {logging_mixin.py:151} INFO - [2023-11-04T16:29:55.965+0000] {dagbag.py:536} INFO - Filling up the DagBag from /home/airflow/.local/lib/python3.8/site-packages/airflow/example_dags/example_kubernetes_executor.py
[2023-11-04T16:29:55.986+0000] {processor.py:839} INFO - DAG(s) dict_keys(['example_kubernetes_executor']) retrieved from /home/airflow/.local/lib/python3.8/site-packages/airflow/example_dags/example_kubernetes_executor.py
[2023-11-04T16:29:56.005+0000] {logging_mixin.py:151} INFO - [2023-11-04T16:29:56.004+0000] {dag.py:2941} INFO - Sync 1 DAGs
[2023-11-04T16:29:56.027+0000] {logging_mixin.py:151} INFO - [2023-11-04T16:29:56.027+0000] {dag.py:3722} INFO - Setting next_dagrun for example_kubernetes_executor to None, run_after=None
[2023-11-04T16:29:56.056+0000] {processor.py:179} INFO - Processing /home/airflow/.local/lib/python3.8/site-packages/airflow/example_dags/example_kubernetes_executor.py took 0.100 seconds
[2023-11-04T16:30:26.675+0000] {processor.py:157} INFO - Started process (PID=3455) to work on /home/airflow/.local/lib/python3.8/site-packages/airflow/example_dags/example_kubernetes_executor.py
[2023-11-04T16:30:26.677+0000] {processor.py:829} INFO - Processing file /home/airflow/.local/lib/python3.8/site-packages/airflow/example_dags/example_kubernetes_executor.py for tasks to queue
[2023-11-04T16:30:26.679+0000] {logging_mixin.py:151} INFO - [2023-11-04T16:30:26.679+0000] {dagbag.py:536} INFO - Filling up the DagBag from /home/airflow/.local/lib/python3.8/site-packages/airflow/example_dags/example_kubernetes_executor.py
[2023-11-04T16:30:26.702+0000] {processor.py:839} INFO - DAG(s) dict_keys(['example_kubernetes_executor']) retrieved from /home/airflow/.local/lib/python3.8/site-packages/airflow/example_dags/example_kubernetes_executor.py
[2023-11-04T16:30:26.759+0000] {logging_mixin.py:151} INFO - [2023-11-04T16:30:26.759+0000] {dag.py:2941} INFO - Sync 1 DAGs
[2023-11-04T16:30:26.778+0000] {logging_mixin.py:151} INFO - [2023-11-04T16:30:26.778+0000] {dag.py:3722} INFO - Setting next_dagrun for example_kubernetes_executor to None, run_after=None
[2023-11-04T16:30:26.810+0000] {processor.py:179} INFO - Processing /home/airflow/.local/lib/python3.8/site-packages/airflow/example_dags/example_kubernetes_executor.py took 0.140 seconds
[2023-11-04T16:30:57.612+0000] {processor.py:157} INFO - Started process (PID=3691) to work on /home/airflow/.local/lib/python3.8/site-packages/airflow/example_dags/example_kubernetes_executor.py
[2023-11-04T16:30:57.613+0000] {processor.py:829} INFO - Processing file /home/airflow/.local/lib/python3.8/site-packages/airflow/example_dags/example_kubernetes_executor.py for tasks to queue
[2023-11-04T16:30:57.615+0000] {logging_mixin.py:151} INFO - [2023-11-04T16:30:57.614+0000] {dagbag.py:536} INFO - Filling up the DagBag from /home/airflow/.local/lib/python3.8/site-packages/airflow/example_dags/example_kubernetes_executor.py
[2023-11-04T16:30:57.637+0000] {processor.py:839} INFO - DAG(s) dict_keys(['example_kubernetes_executor']) retrieved from /home/airflow/.local/lib/python3.8/site-packages/airflow/example_dags/example_kubernetes_executor.py
[2023-11-04T16:30:57.694+0000] {logging_mixin.py:151} INFO - [2023-11-04T16:30:57.694+0000] {dag.py:2941} INFO - Sync 1 DAGs
[2023-11-04T16:30:57.713+0000] {logging_mixin.py:151} INFO - [2023-11-04T16:30:57.713+0000] {dag.py:3722} INFO - Setting next_dagrun for example_kubernetes_executor to None, run_after=None
[2023-11-04T16:30:57.748+0000] {processor.py:179} INFO - Processing /home/airflow/.local/lib/python3.8/site-packages/airflow/example_dags/example_kubernetes_executor.py took 0.142 seconds
[2023-11-04T16:31:28.777+0000] {processor.py:157} INFO - Started process (PID=3931) to work on /home/airflow/.local/lib/python3.8/site-packages/airflow/example_dags/example_kubernetes_executor.py
[2023-11-04T16:31:28.779+0000] {processor.py:829} INFO - Processing file /home/airflow/.local/lib/python3.8/site-packages/airflow/example_dags/example_kubernetes_executor.py for tasks to queue
[2023-11-04T16:31:28.781+0000] {logging_mixin.py:151} INFO - [2023-11-04T16:31:28.781+0000] {dagbag.py:536} INFO - Filling up the DagBag from /home/airflow/.local/lib/python3.8/site-packages/airflow/example_dags/example_kubernetes_executor.py
[2023-11-04T16:31:28.810+0000] {processor.py:839} INFO - DAG(s) dict_keys(['example_kubernetes_executor']) retrieved from /home/airflow/.local/lib/python3.8/site-packages/airflow/example_dags/example_kubernetes_executor.py
[2023-11-04T16:31:28.832+0000] {logging_mixin.py:151} INFO - [2023-11-04T16:31:28.832+0000] {dag.py:2941} INFO - Sync 1 DAGs
[2023-11-04T16:31:28.861+0000] {logging_mixin.py:151} INFO - [2023-11-04T16:31:28.861+0000] {dag.py:3722} INFO - Setting next_dagrun for example_kubernetes_executor to None, run_after=None
[2023-11-04T16:31:28.903+0000] {processor.py:179} INFO - Processing /home/airflow/.local/lib/python3.8/site-packages/airflow/example_dags/example_kubernetes_executor.py took 0.133 seconds
[2023-11-04T16:31:59.006+0000] {processor.py:157} INFO - Started process (PID=4175) to work on /home/airflow/.local/lib/python3.8/site-packages/airflow/example_dags/example_kubernetes_executor.py
[2023-11-04T16:31:59.009+0000] {processor.py:829} INFO - Processing file /home/airflow/.local/lib/python3.8/site-packages/airflow/example_dags/example_kubernetes_executor.py for tasks to queue
[2023-11-04T16:31:59.011+0000] {logging_mixin.py:151} INFO - [2023-11-04T16:31:59.011+0000] {dagbag.py:536} INFO - Filling up the DagBag from /home/airflow/.local/lib/python3.8/site-packages/airflow/example_dags/example_kubernetes_executor.py
[2023-11-04T16:31:59.033+0000] {processor.py:839} INFO - DAG(s) dict_keys(['example_kubernetes_executor']) retrieved from /home/airflow/.local/lib/python3.8/site-packages/airflow/example_dags/example_kubernetes_executor.py
[2023-11-04T16:31:59.093+0000] {logging_mixin.py:151} INFO - [2023-11-04T16:31:59.093+0000] {dag.py:2941} INFO - Sync 1 DAGs
[2023-11-04T16:31:59.112+0000] {logging_mixin.py:151} INFO - [2023-11-04T16:31:59.112+0000] {dag.py:3722} INFO - Setting next_dagrun for example_kubernetes_executor to None, run_after=None
[2023-11-04T16:31:59.140+0000] {processor.py:179} INFO - Processing /home/airflow/.local/lib/python3.8/site-packages/airflow/example_dags/example_kubernetes_executor.py took 0.140 seconds
[2023-11-04T16:32:29.546+0000] {processor.py:157} INFO - Started process (PID=4412) to work on /home/airflow/.local/lib/python3.8/site-packages/airflow/example_dags/example_kubernetes_executor.py
[2023-11-04T16:32:29.547+0000] {processor.py:829} INFO - Processing file /home/airflow/.local/lib/python3.8/site-packages/airflow/example_dags/example_kubernetes_executor.py for tasks to queue
[2023-11-04T16:32:29.549+0000] {logging_mixin.py:151} INFO - [2023-11-04T16:32:29.548+0000] {dagbag.py:536} INFO - Filling up the DagBag from /home/airflow/.local/lib/python3.8/site-packages/airflow/example_dags/example_kubernetes_executor.py
[2023-11-04T16:32:29.570+0000] {processor.py:839} INFO - DAG(s) dict_keys(['example_kubernetes_executor']) retrieved from /home/airflow/.local/lib/python3.8/site-packages/airflow/example_dags/example_kubernetes_executor.py
[2023-11-04T16:32:29.634+0000] {logging_mixin.py:151} INFO - [2023-11-04T16:32:29.634+0000] {dag.py:2941} INFO - Sync 1 DAGs
[2023-11-04T16:32:29.653+0000] {logging_mixin.py:151} INFO - [2023-11-04T16:32:29.653+0000] {dag.py:3722} INFO - Setting next_dagrun for example_kubernetes_executor to None, run_after=None
[2023-11-04T16:32:29.681+0000] {processor.py:179} INFO - Processing /home/airflow/.local/lib/python3.8/site-packages/airflow/example_dags/example_kubernetes_executor.py took 0.140 seconds
[2023-11-04T16:33:00.176+0000] {processor.py:157} INFO - Started process (PID=4652) to work on /home/airflow/.local/lib/python3.8/site-packages/airflow/example_dags/example_kubernetes_executor.py
[2023-11-04T16:33:00.178+0000] {processor.py:829} INFO - Processing file /home/airflow/.local/lib/python3.8/site-packages/airflow/example_dags/example_kubernetes_executor.py for tasks to queue
[2023-11-04T16:33:00.180+0000] {logging_mixin.py:151} INFO - [2023-11-04T16:33:00.180+0000] {dagbag.py:536} INFO - Filling up the DagBag from /home/airflow/.local/lib/python3.8/site-packages/airflow/example_dags/example_kubernetes_executor.py
[2023-11-04T16:33:00.200+0000] {processor.py:839} INFO - DAG(s) dict_keys(['example_kubernetes_executor']) retrieved from /home/airflow/.local/lib/python3.8/site-packages/airflow/example_dags/example_kubernetes_executor.py
[2023-11-04T16:33:00.266+0000] {logging_mixin.py:151} INFO - [2023-11-04T16:33:00.266+0000] {dag.py:2941} INFO - Sync 1 DAGs
[2023-11-04T16:33:00.288+0000] {logging_mixin.py:151} INFO - [2023-11-04T16:33:00.288+0000] {dag.py:3722} INFO - Setting next_dagrun for example_kubernetes_executor to None, run_after=None
[2023-11-04T16:33:00.324+0000] {processor.py:179} INFO - Processing /home/airflow/.local/lib/python3.8/site-packages/airflow/example_dags/example_kubernetes_executor.py took 0.152 seconds
[2023-11-04T16:33:30.582+0000] {processor.py:157} INFO - Started process (PID=4890) to work on /home/airflow/.local/lib/python3.8/site-packages/airflow/example_dags/example_kubernetes_executor.py
[2023-11-04T16:33:30.584+0000] {processor.py:829} INFO - Processing file /home/airflow/.local/lib/python3.8/site-packages/airflow/example_dags/example_kubernetes_executor.py for tasks to queue
[2023-11-04T16:33:30.586+0000] {logging_mixin.py:151} INFO - [2023-11-04T16:33:30.585+0000] {dagbag.py:536} INFO - Filling up the DagBag from /home/airflow/.local/lib/python3.8/site-packages/airflow/example_dags/example_kubernetes_executor.py
[2023-11-04T16:33:30.607+0000] {processor.py:839} INFO - DAG(s) dict_keys(['example_kubernetes_executor']) retrieved from /home/airflow/.local/lib/python3.8/site-packages/airflow/example_dags/example_kubernetes_executor.py
[2023-11-04T16:33:30.680+0000] {logging_mixin.py:151} INFO - [2023-11-04T16:33:30.680+0000] {dag.py:2941} INFO - Sync 1 DAGs
[2023-11-04T16:33:30.701+0000] {logging_mixin.py:151} INFO - [2023-11-04T16:33:30.701+0000] {dag.py:3722} INFO - Setting next_dagrun for example_kubernetes_executor to None, run_after=None
[2023-11-04T16:33:30.731+0000] {processor.py:179} INFO - Processing /home/airflow/.local/lib/python3.8/site-packages/airflow/example_dags/example_kubernetes_executor.py took 0.154 seconds
[2023-11-04T16:34:01.174+0000] {processor.py:157} INFO - Started process (PID=5126) to work on /home/airflow/.local/lib/python3.8/site-packages/airflow/example_dags/example_kubernetes_executor.py
[2023-11-04T16:34:01.176+0000] {processor.py:829} INFO - Processing file /home/airflow/.local/lib/python3.8/site-packages/airflow/example_dags/example_kubernetes_executor.py for tasks to queue
[2023-11-04T16:34:01.178+0000] {logging_mixin.py:151} INFO - [2023-11-04T16:34:01.177+0000] {dagbag.py:536} INFO - Filling up the DagBag from /home/airflow/.local/lib/python3.8/site-packages/airflow/example_dags/example_kubernetes_executor.py
[2023-11-04T16:34:01.199+0000] {processor.py:839} INFO - DAG(s) dict_keys(['example_kubernetes_executor']) retrieved from /home/airflow/.local/lib/python3.8/site-packages/airflow/example_dags/example_kubernetes_executor.py
[2023-11-04T16:34:01.261+0000] {logging_mixin.py:151} INFO - [2023-11-04T16:34:01.261+0000] {dag.py:2941} INFO - Sync 1 DAGs
[2023-11-04T16:34:01.283+0000] {logging_mixin.py:151} INFO - [2023-11-04T16:34:01.283+0000] {dag.py:3722} INFO - Setting next_dagrun for example_kubernetes_executor to None, run_after=None
[2023-11-04T16:34:01.311+0000] {processor.py:179} INFO - Processing /home/airflow/.local/lib/python3.8/site-packages/airflow/example_dags/example_kubernetes_executor.py took 0.143 seconds
[2023-11-04T16:34:31.617+0000] {processor.py:157} INFO - Started process (PID=5364) to work on /home/airflow/.local/lib/python3.8/site-packages/airflow/example_dags/example_kubernetes_executor.py
[2023-11-04T16:34:31.620+0000] {processor.py:829} INFO - Processing file /home/airflow/.local/lib/python3.8/site-packages/airflow/example_dags/example_kubernetes_executor.py for tasks to queue
[2023-11-04T16:34:31.622+0000] {logging_mixin.py:151} INFO - [2023-11-04T16:34:31.622+0000] {dagbag.py:536} INFO - Filling up the DagBag from /home/airflow/.local/lib/python3.8/site-packages/airflow/example_dags/example_kubernetes_executor.py
[2023-11-04T16:34:31.645+0000] {processor.py:839} INFO - DAG(s) dict_keys(['example_kubernetes_executor']) retrieved from /home/airflow/.local/lib/python3.8/site-packages/airflow/example_dags/example_kubernetes_executor.py
[2023-11-04T16:34:31.726+0000] {logging_mixin.py:151} INFO - [2023-11-04T16:34:31.726+0000] {dag.py:2941} INFO - Sync 1 DAGs
[2023-11-04T16:34:31.749+0000] {logging_mixin.py:151} INFO - [2023-11-04T16:34:31.749+0000] {dag.py:3722} INFO - Setting next_dagrun for example_kubernetes_executor to None, run_after=None
[2023-11-04T16:34:31.782+0000] {processor.py:179} INFO - Processing /home/airflow/.local/lib/python3.8/site-packages/airflow/example_dags/example_kubernetes_executor.py took 0.170 seconds
[2023-11-04T16:35:02.596+0000] {processor.py:157} INFO - Started process (PID=5602) to work on /home/airflow/.local/lib/python3.8/site-packages/airflow/example_dags/example_kubernetes_executor.py
[2023-11-04T16:35:02.598+0000] {processor.py:829} INFO - Processing file /home/airflow/.local/lib/python3.8/site-packages/airflow/example_dags/example_kubernetes_executor.py for tasks to queue
[2023-11-04T16:35:02.600+0000] {logging_mixin.py:151} INFO - [2023-11-04T16:35:02.599+0000] {dagbag.py:536} INFO - Filling up the DagBag from /home/airflow/.local/lib/python3.8/site-packages/airflow/example_dags/example_kubernetes_executor.py
[2023-11-04T16:35:02.621+0000] {processor.py:839} INFO - DAG(s) dict_keys(['example_kubernetes_executor']) retrieved from /home/airflow/.local/lib/python3.8/site-packages/airflow/example_dags/example_kubernetes_executor.py
[2023-11-04T16:35:02.685+0000] {logging_mixin.py:151} INFO - [2023-11-04T16:35:02.685+0000] {dag.py:2941} INFO - Sync 1 DAGs
[2023-11-04T16:35:02.709+0000] {logging_mixin.py:151} INFO - [2023-11-04T16:35:02.709+0000] {dag.py:3722} INFO - Setting next_dagrun for example_kubernetes_executor to None, run_after=None
[2023-11-04T16:35:02.741+0000] {processor.py:179} INFO - Processing /home/airflow/.local/lib/python3.8/site-packages/airflow/example_dags/example_kubernetes_executor.py took 0.150 seconds
[2023-11-04T16:35:33.967+0000] {processor.py:157} INFO - Started process (PID=5842) to work on /home/airflow/.local/lib/python3.8/site-packages/airflow/example_dags/example_kubernetes_executor.py
[2023-11-04T16:35:33.969+0000] {processor.py:829} INFO - Processing file /home/airflow/.local/lib/python3.8/site-packages/airflow/example_dags/example_kubernetes_executor.py for tasks to queue
[2023-11-04T16:35:33.970+0000] {logging_mixin.py:151} INFO - [2023-11-04T16:35:33.970+0000] {dagbag.py:536} INFO - Filling up the DagBag from /home/airflow/.local/lib/python3.8/site-packages/airflow/example_dags/example_kubernetes_executor.py
[2023-11-04T16:35:33.992+0000] {processor.py:839} INFO - DAG(s) dict_keys(['example_kubernetes_executor']) retrieved from /home/airflow/.local/lib/python3.8/site-packages/airflow/example_dags/example_kubernetes_executor.py
[2023-11-04T16:35:34.052+0000] {logging_mixin.py:151} INFO - [2023-11-04T16:35:34.051+0000] {dag.py:2941} INFO - Sync 1 DAGs
[2023-11-04T16:35:34.071+0000] {logging_mixin.py:151} INFO - [2023-11-04T16:35:34.071+0000] {dag.py:3722} INFO - Setting next_dagrun for example_kubernetes_executor to None, run_after=None
[2023-11-04T16:35:34.102+0000] {processor.py:179} INFO - Processing /home/airflow/.local/lib/python3.8/site-packages/airflow/example_dags/example_kubernetes_executor.py took 0.140 seconds
[2023-11-04T16:36:04.199+0000] {processor.py:157} INFO - Started process (PID=6078) to work on /home/airflow/.local/lib/python3.8/site-packages/airflow/example_dags/example_kubernetes_executor.py
[2023-11-04T16:36:04.201+0000] {processor.py:829} INFO - Processing file /home/airflow/.local/lib/python3.8/site-packages/airflow/example_dags/example_kubernetes_executor.py for tasks to queue
[2023-11-04T16:36:04.203+0000] {logging_mixin.py:151} INFO - [2023-11-04T16:36:04.203+0000] {dagbag.py:536} INFO - Filling up the DagBag from /home/airflow/.local/lib/python3.8/site-packages/airflow/example_dags/example_kubernetes_executor.py
[2023-11-04T16:36:04.230+0000] {processor.py:839} INFO - DAG(s) dict_keys(['example_kubernetes_executor']) retrieved from /home/airflow/.local/lib/python3.8/site-packages/airflow/example_dags/example_kubernetes_executor.py
[2023-11-04T16:36:04.294+0000] {logging_mixin.py:151} INFO - [2023-11-04T16:36:04.294+0000] {dag.py:2941} INFO - Sync 1 DAGs
[2023-11-04T16:36:04.319+0000] {logging_mixin.py:151} INFO - [2023-11-04T16:36:04.318+0000] {dag.py:3722} INFO - Setting next_dagrun for example_kubernetes_executor to None, run_after=None
[2023-11-04T16:36:04.354+0000] {processor.py:179} INFO - Processing /home/airflow/.local/lib/python3.8/site-packages/airflow/example_dags/example_kubernetes_executor.py took 0.161 seconds
[2023-11-04T16:36:34.496+0000] {processor.py:157} INFO - Started process (PID=6318) to work on /home/airflow/.local/lib/python3.8/site-packages/airflow/example_dags/example_kubernetes_executor.py
[2023-11-04T16:36:34.498+0000] {processor.py:829} INFO - Processing file /home/airflow/.local/lib/python3.8/site-packages/airflow/example_dags/example_kubernetes_executor.py for tasks to queue
[2023-11-04T16:36:34.500+0000] {logging_mixin.py:151} INFO - [2023-11-04T16:36:34.499+0000] {dagbag.py:536} INFO - Filling up the DagBag from /home/airflow/.local/lib/python3.8/site-packages/airflow/example_dags/example_kubernetes_executor.py
[2023-11-04T16:36:34.520+0000] {processor.py:839} INFO - DAG(s) dict_keys(['example_kubernetes_executor']) retrieved from /home/airflow/.local/lib/python3.8/site-packages/airflow/example_dags/example_kubernetes_executor.py
[2023-11-04T16:36:34.631+0000] {logging_mixin.py:151} INFO - [2023-11-04T16:36:34.631+0000] {dag.py:2941} INFO - Sync 1 DAGs
[2023-11-04T16:36:34.654+0000] {logging_mixin.py:151} INFO - [2023-11-04T16:36:34.654+0000] {dag.py:3722} INFO - Setting next_dagrun for example_kubernetes_executor to None, run_after=None
[2023-11-04T16:36:34.690+0000] {processor.py:179} INFO - Processing /home/airflow/.local/lib/python3.8/site-packages/airflow/example_dags/example_kubernetes_executor.py took 0.198 seconds
[2023-11-04T16:37:07.590+0000] {processor.py:157} INFO - Started process (PID=6554) to work on /home/airflow/.local/lib/python3.8/site-packages/airflow/example_dags/example_kubernetes_executor.py
[2023-11-04T16:37:07.592+0000] {processor.py:829} INFO - Processing file /home/airflow/.local/lib/python3.8/site-packages/airflow/example_dags/example_kubernetes_executor.py for tasks to queue
[2023-11-04T16:37:07.593+0000] {logging_mixin.py:151} INFO - [2023-11-04T16:37:07.593+0000] {dagbag.py:536} INFO - Filling up the DagBag from /home/airflow/.local/lib/python3.8/site-packages/airflow/example_dags/example_kubernetes_executor.py
[2023-11-04T16:37:07.643+0000] {processor.py:839} INFO - DAG(s) dict_keys(['example_kubernetes_executor']) retrieved from /home/airflow/.local/lib/python3.8/site-packages/airflow/example_dags/example_kubernetes_executor.py
[2023-11-04T16:37:07.731+0000] {logging_mixin.py:151} INFO - [2023-11-04T16:37:07.731+0000] {dag.py:2941} INFO - Sync 1 DAGs
[2023-11-04T16:37:07.756+0000] {logging_mixin.py:151} INFO - [2023-11-04T16:37:07.756+0000] {dag.py:3722} INFO - Setting next_dagrun for example_kubernetes_executor to None, run_after=None
[2023-11-04T16:37:07.793+0000] {processor.py:179} INFO - Processing /home/airflow/.local/lib/python3.8/site-packages/airflow/example_dags/example_kubernetes_executor.py took 0.211 seconds
[2023-11-04T16:37:38.098+0000] {processor.py:157} INFO - Started process (PID=6794) to work on /home/airflow/.local/lib/python3.8/site-packages/airflow/example_dags/example_kubernetes_executor.py
[2023-11-04T16:37:38.099+0000] {processor.py:829} INFO - Processing file /home/airflow/.local/lib/python3.8/site-packages/airflow/example_dags/example_kubernetes_executor.py for tasks to queue
[2023-11-04T16:37:38.101+0000] {logging_mixin.py:151} INFO - [2023-11-04T16:37:38.101+0000] {dagbag.py:536} INFO - Filling up the DagBag from /home/airflow/.local/lib/python3.8/site-packages/airflow/example_dags/example_kubernetes_executor.py
[2023-11-04T16:37:38.123+0000] {processor.py:839} INFO - DAG(s) dict_keys(['example_kubernetes_executor']) retrieved from /home/airflow/.local/lib/python3.8/site-packages/airflow/example_dags/example_kubernetes_executor.py
[2023-11-04T16:37:38.186+0000] {logging_mixin.py:151} INFO - [2023-11-04T16:37:38.185+0000] {dag.py:2941} INFO - Sync 1 DAGs
[2023-11-04T16:37:38.208+0000] {logging_mixin.py:151} INFO - [2023-11-04T16:37:38.208+0000] {dag.py:3722} INFO - Setting next_dagrun for example_kubernetes_executor to None, run_after=None
[2023-11-04T16:37:38.241+0000] {processor.py:179} INFO - Processing /home/airflow/.local/lib/python3.8/site-packages/airflow/example_dags/example_kubernetes_executor.py took 0.149 seconds
[2023-11-04T16:38:08.460+0000] {processor.py:157} INFO - Started process (PID=7032) to work on /home/airflow/.local/lib/python3.8/site-packages/airflow/example_dags/example_kubernetes_executor.py
[2023-11-04T16:38:08.462+0000] {processor.py:829} INFO - Processing file /home/airflow/.local/lib/python3.8/site-packages/airflow/example_dags/example_kubernetes_executor.py for tasks to queue
[2023-11-04T16:38:08.463+0000] {logging_mixin.py:151} INFO - [2023-11-04T16:38:08.463+0000] {dagbag.py:536} INFO - Filling up the DagBag from /home/airflow/.local/lib/python3.8/site-packages/airflow/example_dags/example_kubernetes_executor.py
[2023-11-04T16:38:08.483+0000] {processor.py:839} INFO - DAG(s) dict_keys(['example_kubernetes_executor']) retrieved from /home/airflow/.local/lib/python3.8/site-packages/airflow/example_dags/example_kubernetes_executor.py
[2023-11-04T16:38:08.544+0000] {logging_mixin.py:151} INFO - [2023-11-04T16:38:08.543+0000] {dag.py:2941} INFO - Sync 1 DAGs
[2023-11-04T16:38:08.563+0000] {logging_mixin.py:151} INFO - [2023-11-04T16:38:08.562+0000] {dag.py:3722} INFO - Setting next_dagrun for example_kubernetes_executor to None, run_after=None
[2023-11-04T16:38:08.596+0000] {processor.py:179} INFO - Processing /home/airflow/.local/lib/python3.8/site-packages/airflow/example_dags/example_kubernetes_executor.py took 0.141 seconds
[2023-11-04T16:38:38.657+0000] {processor.py:157} INFO - Started process (PID=7270) to work on /home/airflow/.local/lib/python3.8/site-packages/airflow/example_dags/example_kubernetes_executor.py
[2023-11-04T16:38:38.658+0000] {processor.py:829} INFO - Processing file /home/airflow/.local/lib/python3.8/site-packages/airflow/example_dags/example_kubernetes_executor.py for tasks to queue
[2023-11-04T16:38:38.660+0000] {logging_mixin.py:151} INFO - [2023-11-04T16:38:38.659+0000] {dagbag.py:536} INFO - Filling up the DagBag from /home/airflow/.local/lib/python3.8/site-packages/airflow/example_dags/example_kubernetes_executor.py
[2023-11-04T16:38:38.680+0000] {processor.py:839} INFO - DAG(s) dict_keys(['example_kubernetes_executor']) retrieved from /home/airflow/.local/lib/python3.8/site-packages/airflow/example_dags/example_kubernetes_executor.py
[2023-11-04T16:38:38.738+0000] {logging_mixin.py:151} INFO - [2023-11-04T16:38:38.737+0000] {dag.py:2941} INFO - Sync 1 DAGs
[2023-11-04T16:38:38.756+0000] {logging_mixin.py:151} INFO - [2023-11-04T16:38:38.756+0000] {dag.py:3722} INFO - Setting next_dagrun for example_kubernetes_executor to None, run_after=None
[2023-11-04T16:38:38.789+0000] {processor.py:179} INFO - Processing /home/airflow/.local/lib/python3.8/site-packages/airflow/example_dags/example_kubernetes_executor.py took 0.137 seconds
[2023-11-04T16:39:09.399+0000] {processor.py:157} INFO - Started process (PID=7508) to work on /home/airflow/.local/lib/python3.8/site-packages/airflow/example_dags/example_kubernetes_executor.py
[2023-11-04T16:39:09.401+0000] {processor.py:829} INFO - Processing file /home/airflow/.local/lib/python3.8/site-packages/airflow/example_dags/example_kubernetes_executor.py for tasks to queue
[2023-11-04T16:39:09.403+0000] {logging_mixin.py:151} INFO - [2023-11-04T16:39:09.402+0000] {dagbag.py:536} INFO - Filling up the DagBag from /home/airflow/.local/lib/python3.8/site-packages/airflow/example_dags/example_kubernetes_executor.py
[2023-11-04T16:39:09.423+0000] {processor.py:839} INFO - DAG(s) dict_keys(['example_kubernetes_executor']) retrieved from /home/airflow/.local/lib/python3.8/site-packages/airflow/example_dags/example_kubernetes_executor.py
[2023-11-04T16:39:09.486+0000] {logging_mixin.py:151} INFO - [2023-11-04T16:39:09.486+0000] {dag.py:2941} INFO - Sync 1 DAGs
[2023-11-04T16:39:09.506+0000] {logging_mixin.py:151} INFO - [2023-11-04T16:39:09.505+0000] {dag.py:3722} INFO - Setting next_dagrun for example_kubernetes_executor to None, run_after=None
[2023-11-04T16:39:09.536+0000] {processor.py:179} INFO - Processing /home/airflow/.local/lib/python3.8/site-packages/airflow/example_dags/example_kubernetes_executor.py took 0.142 seconds
[2023-11-04T16:39:39.843+0000] {processor.py:157} INFO - Started process (PID=7746) to work on /home/airflow/.local/lib/python3.8/site-packages/airflow/example_dags/example_kubernetes_executor.py
[2023-11-04T16:39:39.844+0000] {processor.py:829} INFO - Processing file /home/airflow/.local/lib/python3.8/site-packages/airflow/example_dags/example_kubernetes_executor.py for tasks to queue
[2023-11-04T16:39:39.846+0000] {logging_mixin.py:151} INFO - [2023-11-04T16:39:39.845+0000] {dagbag.py:536} INFO - Filling up the DagBag from /home/airflow/.local/lib/python3.8/site-packages/airflow/example_dags/example_kubernetes_executor.py
[2023-11-04T16:39:39.866+0000] {processor.py:839} INFO - DAG(s) dict_keys(['example_kubernetes_executor']) retrieved from /home/airflow/.local/lib/python3.8/site-packages/airflow/example_dags/example_kubernetes_executor.py
[2023-11-04T16:39:39.927+0000] {logging_mixin.py:151} INFO - [2023-11-04T16:39:39.927+0000] {dag.py:2941} INFO - Sync 1 DAGs
[2023-11-04T16:39:39.948+0000] {logging_mixin.py:151} INFO - [2023-11-04T16:39:39.948+0000] {dag.py:3722} INFO - Setting next_dagrun for example_kubernetes_executor to None, run_after=None
[2023-11-04T16:39:39.979+0000] {processor.py:179} INFO - Processing /home/airflow/.local/lib/python3.8/site-packages/airflow/example_dags/example_kubernetes_executor.py took 0.142 seconds
[2023-11-04T16:40:10.176+0000] {processor.py:157} INFO - Started process (PID=7984) to work on /home/airflow/.local/lib/python3.8/site-packages/airflow/example_dags/example_kubernetes_executor.py
[2023-11-04T16:40:10.178+0000] {processor.py:829} INFO - Processing file /home/airflow/.local/lib/python3.8/site-packages/airflow/example_dags/example_kubernetes_executor.py for tasks to queue
[2023-11-04T16:40:10.179+0000] {logging_mixin.py:151} INFO - [2023-11-04T16:40:10.179+0000] {dagbag.py:536} INFO - Filling up the DagBag from /home/airflow/.local/lib/python3.8/site-packages/airflow/example_dags/example_kubernetes_executor.py
[2023-11-04T16:40:10.200+0000] {processor.py:839} INFO - DAG(s) dict_keys(['example_kubernetes_executor']) retrieved from /home/airflow/.local/lib/python3.8/site-packages/airflow/example_dags/example_kubernetes_executor.py
[2023-11-04T16:40:10.258+0000] {logging_mixin.py:151} INFO - [2023-11-04T16:40:10.258+0000] {dag.py:2941} INFO - Sync 1 DAGs
[2023-11-04T16:40:10.277+0000] {logging_mixin.py:151} INFO - [2023-11-04T16:40:10.277+0000] {dag.py:3722} INFO - Setting next_dagrun for example_kubernetes_executor to None, run_after=None
[2023-11-04T16:40:10.306+0000] {processor.py:179} INFO - Processing /home/airflow/.local/lib/python3.8/site-packages/airflow/example_dags/example_kubernetes_executor.py took 0.135 seconds
[2023-11-04T16:40:40.671+0000] {processor.py:157} INFO - Started process (PID=8220) to work on /home/airflow/.local/lib/python3.8/site-packages/airflow/example_dags/example_kubernetes_executor.py
[2023-11-04T16:40:40.673+0000] {processor.py:829} INFO - Processing file /home/airflow/.local/lib/python3.8/site-packages/airflow/example_dags/example_kubernetes_executor.py for tasks to queue
[2023-11-04T16:40:40.675+0000] {logging_mixin.py:151} INFO - [2023-11-04T16:40:40.674+0000] {dagbag.py:536} INFO - Filling up the DagBag from /home/airflow/.local/lib/python3.8/site-packages/airflow/example_dags/example_kubernetes_executor.py
[2023-11-04T16:40:40.704+0000] {processor.py:839} INFO - DAG(s) dict_keys(['example_kubernetes_executor']) retrieved from /home/airflow/.local/lib/python3.8/site-packages/airflow/example_dags/example_kubernetes_executor.py
[2023-11-04T16:40:40.763+0000] {logging_mixin.py:151} INFO - [2023-11-04T16:40:40.763+0000] {dag.py:2941} INFO - Sync 1 DAGs
[2023-11-04T16:40:40.782+0000] {logging_mixin.py:151} INFO - [2023-11-04T16:40:40.781+0000] {dag.py:3722} INFO - Setting next_dagrun for example_kubernetes_executor to None, run_after=None
[2023-11-04T16:40:40.815+0000] {processor.py:179} INFO - Processing /home/airflow/.local/lib/python3.8/site-packages/airflow/example_dags/example_kubernetes_executor.py took 0.149 seconds
[2023-11-04T16:41:11.110+0000] {processor.py:157} INFO - Started process (PID=8460) to work on /home/airflow/.local/lib/python3.8/site-packages/airflow/example_dags/example_kubernetes_executor.py
[2023-11-04T16:41:11.112+0000] {processor.py:829} INFO - Processing file /home/airflow/.local/lib/python3.8/site-packages/airflow/example_dags/example_kubernetes_executor.py for tasks to queue
[2023-11-04T16:41:11.114+0000] {logging_mixin.py:151} INFO - [2023-11-04T16:41:11.113+0000] {dagbag.py:536} INFO - Filling up the DagBag from /home/airflow/.local/lib/python3.8/site-packages/airflow/example_dags/example_kubernetes_executor.py
[2023-11-04T16:41:11.134+0000] {processor.py:839} INFO - DAG(s) dict_keys(['example_kubernetes_executor']) retrieved from /home/airflow/.local/lib/python3.8/site-packages/airflow/example_dags/example_kubernetes_executor.py
[2023-11-04T16:41:11.193+0000] {logging_mixin.py:151} INFO - [2023-11-04T16:41:11.193+0000] {dag.py:2941} INFO - Sync 1 DAGs
[2023-11-04T16:41:11.212+0000] {logging_mixin.py:151} INFO - [2023-11-04T16:41:11.211+0000] {dag.py:3722} INFO - Setting next_dagrun for example_kubernetes_executor to None, run_after=None
[2023-11-04T16:41:11.242+0000] {processor.py:179} INFO - Processing /home/airflow/.local/lib/python3.8/site-packages/airflow/example_dags/example_kubernetes_executor.py took 0.137 seconds
[2023-11-04T16:41:41.604+0000] {processor.py:157} INFO - Started process (PID=8698) to work on /home/airflow/.local/lib/python3.8/site-packages/airflow/example_dags/example_kubernetes_executor.py
[2023-11-04T16:41:41.606+0000] {processor.py:829} INFO - Processing file /home/airflow/.local/lib/python3.8/site-packages/airflow/example_dags/example_kubernetes_executor.py for tasks to queue
[2023-11-04T16:41:41.607+0000] {logging_mixin.py:151} INFO - [2023-11-04T16:41:41.607+0000] {dagbag.py:536} INFO - Filling up the DagBag from /home/airflow/.local/lib/python3.8/site-packages/airflow/example_dags/example_kubernetes_executor.py
[2023-11-04T16:41:41.627+0000] {processor.py:839} INFO - DAG(s) dict_keys(['example_kubernetes_executor']) retrieved from /home/airflow/.local/lib/python3.8/site-packages/airflow/example_dags/example_kubernetes_executor.py
[2023-11-04T16:41:41.685+0000] {logging_mixin.py:151} INFO - [2023-11-04T16:41:41.685+0000] {dag.py:2941} INFO - Sync 1 DAGs
[2023-11-04T16:41:41.704+0000] {logging_mixin.py:151} INFO - [2023-11-04T16:41:41.703+0000] {dag.py:3722} INFO - Setting next_dagrun for example_kubernetes_executor to None, run_after=None
[2023-11-04T16:41:41.737+0000] {processor.py:179} INFO - Processing /home/airflow/.local/lib/python3.8/site-packages/airflow/example_dags/example_kubernetes_executor.py took 0.137 seconds
[2023-11-04T16:42:13.079+0000] {processor.py:157} INFO - Started process (PID=8998) to work on /home/airflow/.local/lib/python3.8/site-packages/airflow/example_dags/example_kubernetes_executor.py
[2023-11-04T16:42:13.081+0000] {processor.py:829} INFO - Processing file /home/airflow/.local/lib/python3.8/site-packages/airflow/example_dags/example_kubernetes_executor.py for tasks to queue
[2023-11-04T16:42:13.084+0000] {logging_mixin.py:151} INFO - [2023-11-04T16:42:13.083+0000] {dagbag.py:536} INFO - Filling up the DagBag from /home/airflow/.local/lib/python3.8/site-packages/airflow/example_dags/example_kubernetes_executor.py
[2023-11-04T16:42:13.109+0000] {processor.py:839} INFO - DAG(s) dict_keys(['example_kubernetes_executor']) retrieved from /home/airflow/.local/lib/python3.8/site-packages/airflow/example_dags/example_kubernetes_executor.py
[2023-11-04T16:42:13.185+0000] {logging_mixin.py:151} INFO - [2023-11-04T16:42:13.184+0000] {dag.py:2941} INFO - Sync 1 DAGs
[2023-11-04T16:42:13.254+0000] {logging_mixin.py:151} INFO - [2023-11-04T16:42:13.254+0000] {dag.py:3722} INFO - Setting next_dagrun for example_kubernetes_executor to None, run_after=None
[2023-11-04T16:42:13.302+0000] {processor.py:179} INFO - Processing /home/airflow/.local/lib/python3.8/site-packages/airflow/example_dags/example_kubernetes_executor.py took 0.229 seconds
[2023-11-04T17:13:31.281+0000] {processor.py:157} INFO - Started process (PID=357) to work on /home/airflow/.local/lib/python3.8/site-packages/airflow/example_dags/example_kubernetes_executor.py
[2023-11-04T17:13:31.283+0000] {processor.py:829} INFO - Processing file /home/airflow/.local/lib/python3.8/site-packages/airflow/example_dags/example_kubernetes_executor.py for tasks to queue
[2023-11-04T17:13:31.285+0000] {logging_mixin.py:151} INFO - [2023-11-04T17:13:31.285+0000] {dagbag.py:536} INFO - Filling up the DagBag from /home/airflow/.local/lib/python3.8/site-packages/airflow/example_dags/example_kubernetes_executor.py
[2023-11-04T17:13:31.309+0000] {processor.py:839} INFO - DAG(s) dict_keys(['example_kubernetes_executor']) retrieved from /home/airflow/.local/lib/python3.8/site-packages/airflow/example_dags/example_kubernetes_executor.py
[2023-11-04T17:13:31.370+0000] {logging_mixin.py:151} INFO - [2023-11-04T17:13:31.370+0000] {dag.py:2941} INFO - Sync 1 DAGs
[2023-11-04T17:13:31.391+0000] {logging_mixin.py:151} INFO - [2023-11-04T17:13:31.391+0000] {dag.py:3722} INFO - Setting next_dagrun for example_kubernetes_executor to None, run_after=None
[2023-11-04T17:13:31.426+0000] {processor.py:179} INFO - Processing /home/airflow/.local/lib/python3.8/site-packages/airflow/example_dags/example_kubernetes_executor.py took 0.149 seconds
[2023-11-04T17:14:01.628+0000] {processor.py:157} INFO - Started process (PID=597) to work on /home/airflow/.local/lib/python3.8/site-packages/airflow/example_dags/example_kubernetes_executor.py
[2023-11-04T17:14:01.630+0000] {processor.py:829} INFO - Processing file /home/airflow/.local/lib/python3.8/site-packages/airflow/example_dags/example_kubernetes_executor.py for tasks to queue
[2023-11-04T17:14:01.631+0000] {logging_mixin.py:151} INFO - [2023-11-04T17:14:01.631+0000] {dagbag.py:536} INFO - Filling up the DagBag from /home/airflow/.local/lib/python3.8/site-packages/airflow/example_dags/example_kubernetes_executor.py
[2023-11-04T17:14:01.651+0000] {processor.py:839} INFO - DAG(s) dict_keys(['example_kubernetes_executor']) retrieved from /home/airflow/.local/lib/python3.8/site-packages/airflow/example_dags/example_kubernetes_executor.py
[2023-11-04T17:14:01.669+0000] {logging_mixin.py:151} INFO - [2023-11-04T17:14:01.669+0000] {dag.py:2941} INFO - Sync 1 DAGs
[2023-11-04T17:14:01.690+0000] {logging_mixin.py:151} INFO - [2023-11-04T17:14:01.690+0000] {dag.py:3722} INFO - Setting next_dagrun for example_kubernetes_executor to None, run_after=None
[2023-11-04T17:14:01.719+0000] {processor.py:179} INFO - Processing /home/airflow/.local/lib/python3.8/site-packages/airflow/example_dags/example_kubernetes_executor.py took 0.097 seconds
[2023-11-04T17:14:32.566+0000] {processor.py:157} INFO - Started process (PID=835) to work on /home/airflow/.local/lib/python3.8/site-packages/airflow/example_dags/example_kubernetes_executor.py
[2023-11-04T17:14:32.567+0000] {processor.py:829} INFO - Processing file /home/airflow/.local/lib/python3.8/site-packages/airflow/example_dags/example_kubernetes_executor.py for tasks to queue
[2023-11-04T17:14:32.569+0000] {logging_mixin.py:151} INFO - [2023-11-04T17:14:32.569+0000] {dagbag.py:536} INFO - Filling up the DagBag from /home/airflow/.local/lib/python3.8/site-packages/airflow/example_dags/example_kubernetes_executor.py
[2023-11-04T17:14:32.588+0000] {processor.py:839} INFO - DAG(s) dict_keys(['example_kubernetes_executor']) retrieved from /home/airflow/.local/lib/python3.8/site-packages/airflow/example_dags/example_kubernetes_executor.py
[2023-11-04T17:14:32.609+0000] {logging_mixin.py:151} INFO - [2023-11-04T17:14:32.609+0000] {dag.py:2941} INFO - Sync 1 DAGs
[2023-11-04T17:14:32.631+0000] {logging_mixin.py:151} INFO - [2023-11-04T17:14:32.630+0000] {dag.py:3722} INFO - Setting next_dagrun for example_kubernetes_executor to None, run_after=None
[2023-11-04T17:14:32.658+0000] {processor.py:179} INFO - Processing /home/airflow/.local/lib/python3.8/site-packages/airflow/example_dags/example_kubernetes_executor.py took 0.097 seconds
[2023-11-04T17:15:03.196+0000] {processor.py:157} INFO - Started process (PID=1071) to work on /home/airflow/.local/lib/python3.8/site-packages/airflow/example_dags/example_kubernetes_executor.py
[2023-11-04T17:15:03.199+0000] {processor.py:829} INFO - Processing file /home/airflow/.local/lib/python3.8/site-packages/airflow/example_dags/example_kubernetes_executor.py for tasks to queue
[2023-11-04T17:15:03.202+0000] {logging_mixin.py:151} INFO - [2023-11-04T17:15:03.201+0000] {dagbag.py:536} INFO - Filling up the DagBag from /home/airflow/.local/lib/python3.8/site-packages/airflow/example_dags/example_kubernetes_executor.py
[2023-11-04T17:15:03.224+0000] {processor.py:839} INFO - DAG(s) dict_keys(['example_kubernetes_executor']) retrieved from /home/airflow/.local/lib/python3.8/site-packages/airflow/example_dags/example_kubernetes_executor.py
[2023-11-04T17:15:03.286+0000] {logging_mixin.py:151} INFO - [2023-11-04T17:15:03.285+0000] {dag.py:2941} INFO - Sync 1 DAGs
[2023-11-04T17:15:03.307+0000] {logging_mixin.py:151} INFO - [2023-11-04T17:15:03.307+0000] {dag.py:3722} INFO - Setting next_dagrun for example_kubernetes_executor to None, run_after=None
[2023-11-04T17:15:03.334+0000] {processor.py:179} INFO - Processing /home/airflow/.local/lib/python3.8/site-packages/airflow/example_dags/example_kubernetes_executor.py took 0.144 seconds
[2023-11-04T17:15:34.346+0000] {processor.py:157} INFO - Started process (PID=1309) to work on /home/airflow/.local/lib/python3.8/site-packages/airflow/example_dags/example_kubernetes_executor.py
[2023-11-04T17:15:34.350+0000] {processor.py:829} INFO - Processing file /home/airflow/.local/lib/python3.8/site-packages/airflow/example_dags/example_kubernetes_executor.py for tasks to queue
[2023-11-04T17:15:34.351+0000] {logging_mixin.py:151} INFO - [2023-11-04T17:15:34.351+0000] {dagbag.py:536} INFO - Filling up the DagBag from /home/airflow/.local/lib/python3.8/site-packages/airflow/example_dags/example_kubernetes_executor.py
[2023-11-04T17:15:34.376+0000] {processor.py:839} INFO - DAG(s) dict_keys(['example_kubernetes_executor']) retrieved from /home/airflow/.local/lib/python3.8/site-packages/airflow/example_dags/example_kubernetes_executor.py
[2023-11-04T17:15:34.459+0000] {logging_mixin.py:151} INFO - [2023-11-04T17:15:34.458+0000] {dag.py:2941} INFO - Sync 1 DAGs
[2023-11-04T17:15:34.481+0000] {logging_mixin.py:151} INFO - [2023-11-04T17:15:34.481+0000] {dag.py:3722} INFO - Setting next_dagrun for example_kubernetes_executor to None, run_after=None
[2023-11-04T17:15:34.521+0000] {processor.py:179} INFO - Processing /home/airflow/.local/lib/python3.8/site-packages/airflow/example_dags/example_kubernetes_executor.py took 0.183 seconds
[2023-11-04T17:16:04.735+0000] {processor.py:157} INFO - Started process (PID=1571) to work on /home/airflow/.local/lib/python3.8/site-packages/airflow/example_dags/example_kubernetes_executor.py
[2023-11-04T17:16:04.737+0000] {processor.py:829} INFO - Processing file /home/airflow/.local/lib/python3.8/site-packages/airflow/example_dags/example_kubernetes_executor.py for tasks to queue
[2023-11-04T17:16:04.739+0000] {logging_mixin.py:151} INFO - [2023-11-04T17:16:04.739+0000] {dagbag.py:536} INFO - Filling up the DagBag from /home/airflow/.local/lib/python3.8/site-packages/airflow/example_dags/example_kubernetes_executor.py
[2023-11-04T17:16:04.767+0000] {processor.py:839} INFO - DAG(s) dict_keys(['example_kubernetes_executor']) retrieved from /home/airflow/.local/lib/python3.8/site-packages/airflow/example_dags/example_kubernetes_executor.py
[2023-11-04T17:16:04.835+0000] {logging_mixin.py:151} INFO - [2023-11-04T17:16:04.835+0000] {dag.py:2941} INFO - Sync 1 DAGs
[2023-11-04T17:16:04.863+0000] {logging_mixin.py:151} INFO - [2023-11-04T17:16:04.862+0000] {dag.py:3722} INFO - Setting next_dagrun for example_kubernetes_executor to None, run_after=None
[2023-11-04T17:16:04.894+0000] {processor.py:179} INFO - Processing /home/airflow/.local/lib/python3.8/site-packages/airflow/example_dags/example_kubernetes_executor.py took 0.165 seconds
[2023-11-04T17:16:35.153+0000] {processor.py:157} INFO - Started process (PID=1819) to work on /home/airflow/.local/lib/python3.8/site-packages/airflow/example_dags/example_kubernetes_executor.py
[2023-11-04T17:16:35.154+0000] {processor.py:829} INFO - Processing file /home/airflow/.local/lib/python3.8/site-packages/airflow/example_dags/example_kubernetes_executor.py for tasks to queue
[2023-11-04T17:16:35.156+0000] {logging_mixin.py:151} INFO - [2023-11-04T17:16:35.155+0000] {dagbag.py:536} INFO - Filling up the DagBag from /home/airflow/.local/lib/python3.8/site-packages/airflow/example_dags/example_kubernetes_executor.py
[2023-11-04T17:16:35.176+0000] {processor.py:839} INFO - DAG(s) dict_keys(['example_kubernetes_executor']) retrieved from /home/airflow/.local/lib/python3.8/site-packages/airflow/example_dags/example_kubernetes_executor.py
[2023-11-04T17:16:35.238+0000] {logging_mixin.py:151} INFO - [2023-11-04T17:16:35.238+0000] {dag.py:2941} INFO - Sync 1 DAGs
[2023-11-04T17:16:35.257+0000] {logging_mixin.py:151} INFO - [2023-11-04T17:16:35.257+0000] {dag.py:3722} INFO - Setting next_dagrun for example_kubernetes_executor to None, run_after=None
[2023-11-04T17:16:35.294+0000] {processor.py:179} INFO - Processing /home/airflow/.local/lib/python3.8/site-packages/airflow/example_dags/example_kubernetes_executor.py took 0.147 seconds
[2023-11-04T17:17:05.880+0000] {processor.py:157} INFO - Started process (PID=2055) to work on /home/airflow/.local/lib/python3.8/site-packages/airflow/example_dags/example_kubernetes_executor.py
[2023-11-04T17:17:05.881+0000] {processor.py:829} INFO - Processing file /home/airflow/.local/lib/python3.8/site-packages/airflow/example_dags/example_kubernetes_executor.py for tasks to queue
[2023-11-04T17:17:05.883+0000] {logging_mixin.py:151} INFO - [2023-11-04T17:17:05.882+0000] {dagbag.py:536} INFO - Filling up the DagBag from /home/airflow/.local/lib/python3.8/site-packages/airflow/example_dags/example_kubernetes_executor.py
[2023-11-04T17:17:05.903+0000] {processor.py:839} INFO - DAG(s) dict_keys(['example_kubernetes_executor']) retrieved from /home/airflow/.local/lib/python3.8/site-packages/airflow/example_dags/example_kubernetes_executor.py
[2023-11-04T17:17:05.958+0000] {logging_mixin.py:151} INFO - [2023-11-04T17:17:05.958+0000] {dag.py:2941} INFO - Sync 1 DAGs
[2023-11-04T17:17:05.977+0000] {logging_mixin.py:151} INFO - [2023-11-04T17:17:05.977+0000] {dag.py:3722} INFO - Setting next_dagrun for example_kubernetes_executor to None, run_after=None
[2023-11-04T17:17:06.008+0000] {processor.py:179} INFO - Processing /home/airflow/.local/lib/python3.8/site-packages/airflow/example_dags/example_kubernetes_executor.py took 0.133 seconds
[2023-11-04T17:17:36.137+0000] {processor.py:157} INFO - Started process (PID=2293) to work on /home/airflow/.local/lib/python3.8/site-packages/airflow/example_dags/example_kubernetes_executor.py
[2023-11-04T17:17:36.139+0000] {processor.py:829} INFO - Processing file /home/airflow/.local/lib/python3.8/site-packages/airflow/example_dags/example_kubernetes_executor.py for tasks to queue
[2023-11-04T17:17:36.141+0000] {logging_mixin.py:151} INFO - [2023-11-04T17:17:36.141+0000] {dagbag.py:536} INFO - Filling up the DagBag from /home/airflow/.local/lib/python3.8/site-packages/airflow/example_dags/example_kubernetes_executor.py
[2023-11-04T17:17:36.161+0000] {processor.py:839} INFO - DAG(s) dict_keys(['example_kubernetes_executor']) retrieved from /home/airflow/.local/lib/python3.8/site-packages/airflow/example_dags/example_kubernetes_executor.py
[2023-11-04T17:17:36.218+0000] {logging_mixin.py:151} INFO - [2023-11-04T17:17:36.217+0000] {dag.py:2941} INFO - Sync 1 DAGs
[2023-11-04T17:17:36.236+0000] {logging_mixin.py:151} INFO - [2023-11-04T17:17:36.236+0000] {dag.py:3722} INFO - Setting next_dagrun for example_kubernetes_executor to None, run_after=None
[2023-11-04T17:17:36.266+0000] {processor.py:179} INFO - Processing /home/airflow/.local/lib/python3.8/site-packages/airflow/example_dags/example_kubernetes_executor.py took 0.133 seconds
[2023-11-04T17:18:06.329+0000] {processor.py:157} INFO - Started process (PID=2531) to work on /home/airflow/.local/lib/python3.8/site-packages/airflow/example_dags/example_kubernetes_executor.py
[2023-11-04T17:18:06.330+0000] {processor.py:829} INFO - Processing file /home/airflow/.local/lib/python3.8/site-packages/airflow/example_dags/example_kubernetes_executor.py for tasks to queue
[2023-11-04T17:18:06.332+0000] {logging_mixin.py:151} INFO - [2023-11-04T17:18:06.331+0000] {dagbag.py:536} INFO - Filling up the DagBag from /home/airflow/.local/lib/python3.8/site-packages/airflow/example_dags/example_kubernetes_executor.py
[2023-11-04T17:18:06.353+0000] {processor.py:839} INFO - DAG(s) dict_keys(['example_kubernetes_executor']) retrieved from /home/airflow/.local/lib/python3.8/site-packages/airflow/example_dags/example_kubernetes_executor.py
[2023-11-04T17:18:06.412+0000] {logging_mixin.py:151} INFO - [2023-11-04T17:18:06.411+0000] {dag.py:2941} INFO - Sync 1 DAGs
[2023-11-04T17:18:06.431+0000] {logging_mixin.py:151} INFO - [2023-11-04T17:18:06.431+0000] {dag.py:3722} INFO - Setting next_dagrun for example_kubernetes_executor to None, run_after=None
[2023-11-04T17:18:06.464+0000] {processor.py:179} INFO - Processing /home/airflow/.local/lib/python3.8/site-packages/airflow/example_dags/example_kubernetes_executor.py took 0.140 seconds
[2023-11-04T17:18:36.961+0000] {processor.py:157} INFO - Started process (PID=2771) to work on /home/airflow/.local/lib/python3.8/site-packages/airflow/example_dags/example_kubernetes_executor.py
[2023-11-04T17:18:36.963+0000] {processor.py:829} INFO - Processing file /home/airflow/.local/lib/python3.8/site-packages/airflow/example_dags/example_kubernetes_executor.py for tasks to queue
[2023-11-04T17:18:36.964+0000] {logging_mixin.py:151} INFO - [2023-11-04T17:18:36.964+0000] {dagbag.py:536} INFO - Filling up the DagBag from /home/airflow/.local/lib/python3.8/site-packages/airflow/example_dags/example_kubernetes_executor.py
[2023-11-04T17:18:36.984+0000] {processor.py:839} INFO - DAG(s) dict_keys(['example_kubernetes_executor']) retrieved from /home/airflow/.local/lib/python3.8/site-packages/airflow/example_dags/example_kubernetes_executor.py
[2023-11-04T17:18:37.040+0000] {logging_mixin.py:151} INFO - [2023-11-04T17:18:37.040+0000] {dag.py:2941} INFO - Sync 1 DAGs
[2023-11-04T17:18:37.061+0000] {logging_mixin.py:151} INFO - [2023-11-04T17:18:37.060+0000] {dag.py:3722} INFO - Setting next_dagrun for example_kubernetes_executor to None, run_after=None
[2023-11-04T17:18:37.089+0000] {processor.py:179} INFO - Processing /home/airflow/.local/lib/python3.8/site-packages/airflow/example_dags/example_kubernetes_executor.py took 0.132 seconds
[2023-11-04T17:19:07.270+0000] {processor.py:157} INFO - Started process (PID=3007) to work on /home/airflow/.local/lib/python3.8/site-packages/airflow/example_dags/example_kubernetes_executor.py
[2023-11-04T17:19:07.272+0000] {processor.py:829} INFO - Processing file /home/airflow/.local/lib/python3.8/site-packages/airflow/example_dags/example_kubernetes_executor.py for tasks to queue
[2023-11-04T17:19:07.274+0000] {logging_mixin.py:151} INFO - [2023-11-04T17:19:07.273+0000] {dagbag.py:536} INFO - Filling up the DagBag from /home/airflow/.local/lib/python3.8/site-packages/airflow/example_dags/example_kubernetes_executor.py
[2023-11-04T17:19:07.294+0000] {processor.py:839} INFO - DAG(s) dict_keys(['example_kubernetes_executor']) retrieved from /home/airflow/.local/lib/python3.8/site-packages/airflow/example_dags/example_kubernetes_executor.py
[2023-11-04T17:19:07.353+0000] {logging_mixin.py:151} INFO - [2023-11-04T17:19:07.352+0000] {dag.py:2941} INFO - Sync 1 DAGs
[2023-11-04T17:19:07.374+0000] {logging_mixin.py:151} INFO - [2023-11-04T17:19:07.374+0000] {dag.py:3722} INFO - Setting next_dagrun for example_kubernetes_executor to None, run_after=None
[2023-11-04T17:19:07.402+0000] {processor.py:179} INFO - Processing /home/airflow/.local/lib/python3.8/site-packages/airflow/example_dags/example_kubernetes_executor.py took 0.137 seconds
[2023-11-04T17:19:37.693+0000] {processor.py:157} INFO - Started process (PID=3247) to work on /home/airflow/.local/lib/python3.8/site-packages/airflow/example_dags/example_kubernetes_executor.py
[2023-11-04T17:19:37.695+0000] {processor.py:829} INFO - Processing file /home/airflow/.local/lib/python3.8/site-packages/airflow/example_dags/example_kubernetes_executor.py for tasks to queue
[2023-11-04T17:19:37.696+0000] {logging_mixin.py:151} INFO - [2023-11-04T17:19:37.696+0000] {dagbag.py:536} INFO - Filling up the DagBag from /home/airflow/.local/lib/python3.8/site-packages/airflow/example_dags/example_kubernetes_executor.py
[2023-11-04T17:19:37.716+0000] {processor.py:839} INFO - DAG(s) dict_keys(['example_kubernetes_executor']) retrieved from /home/airflow/.local/lib/python3.8/site-packages/airflow/example_dags/example_kubernetes_executor.py
[2023-11-04T17:19:37.773+0000] {logging_mixin.py:151} INFO - [2023-11-04T17:19:37.773+0000] {dag.py:2941} INFO - Sync 1 DAGs
[2023-11-04T17:19:37.792+0000] {logging_mixin.py:151} INFO - [2023-11-04T17:19:37.791+0000] {dag.py:3722} INFO - Setting next_dagrun for example_kubernetes_executor to None, run_after=None
[2023-11-04T17:19:37.820+0000] {processor.py:179} INFO - Processing /home/airflow/.local/lib/python3.8/site-packages/airflow/example_dags/example_kubernetes_executor.py took 0.131 seconds
[2023-11-04T17:20:08.049+0000] {processor.py:157} INFO - Started process (PID=3483) to work on /home/airflow/.local/lib/python3.8/site-packages/airflow/example_dags/example_kubernetes_executor.py
[2023-11-04T17:20:08.051+0000] {processor.py:829} INFO - Processing file /home/airflow/.local/lib/python3.8/site-packages/airflow/example_dags/example_kubernetes_executor.py for tasks to queue
[2023-11-04T17:20:08.052+0000] {logging_mixin.py:151} INFO - [2023-11-04T17:20:08.052+0000] {dagbag.py:536} INFO - Filling up the DagBag from /home/airflow/.local/lib/python3.8/site-packages/airflow/example_dags/example_kubernetes_executor.py
[2023-11-04T17:20:08.072+0000] {processor.py:839} INFO - DAG(s) dict_keys(['example_kubernetes_executor']) retrieved from /home/airflow/.local/lib/python3.8/site-packages/airflow/example_dags/example_kubernetes_executor.py
[2023-11-04T17:20:08.130+0000] {logging_mixin.py:151} INFO - [2023-11-04T17:20:08.130+0000] {dag.py:2941} INFO - Sync 1 DAGs
[2023-11-04T17:20:08.151+0000] {logging_mixin.py:151} INFO - [2023-11-04T17:20:08.151+0000] {dag.py:3722} INFO - Setting next_dagrun for example_kubernetes_executor to None, run_after=None
[2023-11-04T17:20:08.182+0000] {processor.py:179} INFO - Processing /home/airflow/.local/lib/python3.8/site-packages/airflow/example_dags/example_kubernetes_executor.py took 0.138 seconds
[2023-11-04T17:20:38.474+0000] {processor.py:157} INFO - Started process (PID=3721) to work on /home/airflow/.local/lib/python3.8/site-packages/airflow/example_dags/example_kubernetes_executor.py
[2023-11-04T17:20:38.476+0000] {processor.py:829} INFO - Processing file /home/airflow/.local/lib/python3.8/site-packages/airflow/example_dags/example_kubernetes_executor.py for tasks to queue
[2023-11-04T17:20:38.477+0000] {logging_mixin.py:151} INFO - [2023-11-04T17:20:38.477+0000] {dagbag.py:536} INFO - Filling up the DagBag from /home/airflow/.local/lib/python3.8/site-packages/airflow/example_dags/example_kubernetes_executor.py
[2023-11-04T17:20:38.498+0000] {processor.py:839} INFO - DAG(s) dict_keys(['example_kubernetes_executor']) retrieved from /home/airflow/.local/lib/python3.8/site-packages/airflow/example_dags/example_kubernetes_executor.py
[2023-11-04T17:20:38.554+0000] {logging_mixin.py:151} INFO - [2023-11-04T17:20:38.554+0000] {dag.py:2941} INFO - Sync 1 DAGs
[2023-11-04T17:20:38.574+0000] {logging_mixin.py:151} INFO - [2023-11-04T17:20:38.574+0000] {dag.py:3722} INFO - Setting next_dagrun for example_kubernetes_executor to None, run_after=None
[2023-11-04T17:20:38.602+0000] {processor.py:179} INFO - Processing /home/airflow/.local/lib/python3.8/site-packages/airflow/example_dags/example_kubernetes_executor.py took 0.133 seconds
[2023-11-04T17:21:11.174+0000] {processor.py:157} INFO - Started process (PID=3969) to work on /home/airflow/.local/lib/python3.8/site-packages/airflow/example_dags/example_kubernetes_executor.py
[2023-11-04T17:21:11.179+0000] {processor.py:829} INFO - Processing file /home/airflow/.local/lib/python3.8/site-packages/airflow/example_dags/example_kubernetes_executor.py for tasks to queue
[2023-11-04T17:21:11.182+0000] {logging_mixin.py:151} INFO - [2023-11-04T17:21:11.181+0000] {dagbag.py:536} INFO - Filling up the DagBag from /home/airflow/.local/lib/python3.8/site-packages/airflow/example_dags/example_kubernetes_executor.py
[2023-11-04T17:21:11.227+0000] {processor.py:839} INFO - DAG(s) dict_keys(['example_kubernetes_executor']) retrieved from /home/airflow/.local/lib/python3.8/site-packages/airflow/example_dags/example_kubernetes_executor.py
[2023-11-04T17:21:11.340+0000] {logging_mixin.py:151} INFO - [2023-11-04T17:21:11.339+0000] {dag.py:2941} INFO - Sync 1 DAGs
[2023-11-04T17:21:11.378+0000] {logging_mixin.py:151} INFO - [2023-11-04T17:21:11.378+0000] {dag.py:3722} INFO - Setting next_dagrun for example_kubernetes_executor to None, run_after=None
[2023-11-04T17:21:11.456+0000] {processor.py:179} INFO - Processing /home/airflow/.local/lib/python3.8/site-packages/airflow/example_dags/example_kubernetes_executor.py took 0.290 seconds
[2023-11-04T17:21:41.605+0000] {processor.py:157} INFO - Started process (PID=4244) to work on /home/airflow/.local/lib/python3.8/site-packages/airflow/example_dags/example_kubernetes_executor.py
[2023-11-04T17:21:41.606+0000] {processor.py:829} INFO - Processing file /home/airflow/.local/lib/python3.8/site-packages/airflow/example_dags/example_kubernetes_executor.py for tasks to queue
[2023-11-04T17:21:41.608+0000] {logging_mixin.py:151} INFO - [2023-11-04T17:21:41.608+0000] {dagbag.py:536} INFO - Filling up the DagBag from /home/airflow/.local/lib/python3.8/site-packages/airflow/example_dags/example_kubernetes_executor.py
[2023-11-04T17:21:41.631+0000] {processor.py:839} INFO - DAG(s) dict_keys(['example_kubernetes_executor']) retrieved from /home/airflow/.local/lib/python3.8/site-packages/airflow/example_dags/example_kubernetes_executor.py
[2023-11-04T17:21:41.697+0000] {logging_mixin.py:151} INFO - [2023-11-04T17:21:41.696+0000] {dag.py:2941} INFO - Sync 1 DAGs
[2023-11-04T17:21:41.720+0000] {logging_mixin.py:151} INFO - [2023-11-04T17:21:41.720+0000] {dag.py:3722} INFO - Setting next_dagrun for example_kubernetes_executor to None, run_after=None
[2023-11-04T17:21:41.758+0000] {processor.py:179} INFO - Processing /home/airflow/.local/lib/python3.8/site-packages/airflow/example_dags/example_kubernetes_executor.py took 0.159 seconds
[2023-11-04T17:22:12.405+0000] {processor.py:157} INFO - Started process (PID=4483) to work on /home/airflow/.local/lib/python3.8/site-packages/airflow/example_dags/example_kubernetes_executor.py
[2023-11-04T17:22:12.407+0000] {processor.py:829} INFO - Processing file /home/airflow/.local/lib/python3.8/site-packages/airflow/example_dags/example_kubernetes_executor.py for tasks to queue
[2023-11-04T17:22:12.410+0000] {logging_mixin.py:151} INFO - [2023-11-04T17:22:12.410+0000] {dagbag.py:536} INFO - Filling up the DagBag from /home/airflow/.local/lib/python3.8/site-packages/airflow/example_dags/example_kubernetes_executor.py
[2023-11-04T17:22:12.443+0000] {processor.py:839} INFO - DAG(s) dict_keys(['example_kubernetes_executor']) retrieved from /home/airflow/.local/lib/python3.8/site-packages/airflow/example_dags/example_kubernetes_executor.py
[2023-11-04T17:22:12.528+0000] {logging_mixin.py:151} INFO - [2023-11-04T17:22:12.527+0000] {dag.py:2941} INFO - Sync 1 DAGs
[2023-11-04T17:22:12.553+0000] {logging_mixin.py:151} INFO - [2023-11-04T17:22:12.552+0000] {dag.py:3722} INFO - Setting next_dagrun for example_kubernetes_executor to None, run_after=None
[2023-11-04T17:22:12.592+0000] {processor.py:179} INFO - Processing /home/airflow/.local/lib/python3.8/site-packages/airflow/example_dags/example_kubernetes_executor.py took 0.192 seconds
[2023-11-04T17:22:42.930+0000] {processor.py:157} INFO - Started process (PID=4721) to work on /home/airflow/.local/lib/python3.8/site-packages/airflow/example_dags/example_kubernetes_executor.py
[2023-11-04T17:22:42.933+0000] {processor.py:829} INFO - Processing file /home/airflow/.local/lib/python3.8/site-packages/airflow/example_dags/example_kubernetes_executor.py for tasks to queue
[2023-11-04T17:22:42.937+0000] {logging_mixin.py:151} INFO - [2023-11-04T17:22:42.936+0000] {dagbag.py:536} INFO - Filling up the DagBag from /home/airflow/.local/lib/python3.8/site-packages/airflow/example_dags/example_kubernetes_executor.py
[2023-11-04T17:22:42.965+0000] {processor.py:839} INFO - DAG(s) dict_keys(['example_kubernetes_executor']) retrieved from /home/airflow/.local/lib/python3.8/site-packages/airflow/example_dags/example_kubernetes_executor.py
[2023-11-04T17:22:43.045+0000] {logging_mixin.py:151} INFO - [2023-11-04T17:22:43.044+0000] {dag.py:2941} INFO - Sync 1 DAGs
[2023-11-04T17:22:43.071+0000] {logging_mixin.py:151} INFO - [2023-11-04T17:22:43.071+0000] {dag.py:3722} INFO - Setting next_dagrun for example_kubernetes_executor to None, run_after=None
[2023-11-04T17:22:43.116+0000] {processor.py:179} INFO - Processing /home/airflow/.local/lib/python3.8/site-packages/airflow/example_dags/example_kubernetes_executor.py took 0.193 seconds
