[2023-11-04T16:23:46.946+0000] {processor.py:157} INFO - Started process (PID=313) to work on /home/airflow/.local/lib/python3.8/site-packages/airflow/example_dags/example_branch_operator.py
[2023-11-04T16:23:46.947+0000] {processor.py:829} INFO - Processing file /home/airflow/.local/lib/python3.8/site-packages/airflow/example_dags/example_branch_operator.py for tasks to queue
[2023-11-04T16:23:46.950+0000] {logging_mixin.py:151} INFO - [2023-11-04T16:23:46.949+0000] {dagbag.py:536} INFO - Filling up the DagBag from /home/airflow/.local/lib/python3.8/site-packages/airflow/example_dags/example_branch_operator.py
[2023-11-04T16:23:46.969+0000] {processor.py:839} INFO - DAG(s) dict_keys(['example_branch_operator']) retrieved from /home/airflow/.local/lib/python3.8/site-packages/airflow/example_dags/example_branch_operator.py
[2023-11-04T16:23:46.988+0000] {logging_mixin.py:151} INFO - [2023-11-04T16:23:46.988+0000] {dag.py:2941} INFO - Sync 1 DAGs
[2023-11-04T16:23:47.028+0000] {logging_mixin.py:151} INFO - [2023-11-04T16:23:47.027+0000] {dag.py:3722} INFO - Setting next_dagrun for example_branch_operator to 2023-11-03T00:00:00+00:00, run_after=2023-11-04T00:00:00+00:00
[2023-11-04T16:23:47.057+0000] {processor.py:179} INFO - Processing /home/airflow/.local/lib/python3.8/site-packages/airflow/example_dags/example_branch_operator.py took 0.117 seconds
[2023-11-04T16:24:17.547+0000] {processor.py:157} INFO - Started process (PID=551) to work on /home/airflow/.local/lib/python3.8/site-packages/airflow/example_dags/example_branch_operator.py
[2023-11-04T16:24:17.548+0000] {processor.py:829} INFO - Processing file /home/airflow/.local/lib/python3.8/site-packages/airflow/example_dags/example_branch_operator.py for tasks to queue
[2023-11-04T16:24:17.550+0000] {logging_mixin.py:151} INFO - [2023-11-04T16:24:17.550+0000] {dagbag.py:536} INFO - Filling up the DagBag from /home/airflow/.local/lib/python3.8/site-packages/airflow/example_dags/example_branch_operator.py
[2023-11-04T16:24:17.565+0000] {processor.py:839} INFO - DAG(s) dict_keys(['example_branch_operator']) retrieved from /home/airflow/.local/lib/python3.8/site-packages/airflow/example_dags/example_branch_operator.py
[2023-11-04T16:24:17.603+0000] {logging_mixin.py:151} INFO - [2023-11-04T16:24:17.602+0000] {dag.py:2941} INFO - Sync 1 DAGs
[2023-11-04T16:24:17.638+0000] {logging_mixin.py:151} INFO - [2023-11-04T16:24:17.638+0000] {dag.py:3722} INFO - Setting next_dagrun for example_branch_operator to 2023-11-03T00:00:00+00:00, run_after=2023-11-04T00:00:00+00:00
[2023-11-04T16:24:17.669+0000] {processor.py:179} INFO - Processing /home/airflow/.local/lib/python3.8/site-packages/airflow/example_dags/example_branch_operator.py took 0.127 seconds
[2023-11-04T16:24:48.214+0000] {processor.py:157} INFO - Started process (PID=789) to work on /home/airflow/.local/lib/python3.8/site-packages/airflow/example_dags/example_branch_operator.py
[2023-11-04T16:24:48.216+0000] {processor.py:829} INFO - Processing file /home/airflow/.local/lib/python3.8/site-packages/airflow/example_dags/example_branch_operator.py for tasks to queue
[2023-11-04T16:24:48.218+0000] {logging_mixin.py:151} INFO - [2023-11-04T16:24:48.217+0000] {dagbag.py:536} INFO - Filling up the DagBag from /home/airflow/.local/lib/python3.8/site-packages/airflow/example_dags/example_branch_operator.py
[2023-11-04T16:24:48.233+0000] {processor.py:839} INFO - DAG(s) dict_keys(['example_branch_operator']) retrieved from /home/airflow/.local/lib/python3.8/site-packages/airflow/example_dags/example_branch_operator.py
[2023-11-04T16:24:48.271+0000] {logging_mixin.py:151} INFO - [2023-11-04T16:24:48.270+0000] {dag.py:2941} INFO - Sync 1 DAGs
[2023-11-04T16:24:48.308+0000] {logging_mixin.py:151} INFO - [2023-11-04T16:24:48.308+0000] {dag.py:3722} INFO - Setting next_dagrun for example_branch_operator to 2023-11-03T00:00:00+00:00, run_after=2023-11-04T00:00:00+00:00
[2023-11-04T16:24:48.339+0000] {processor.py:179} INFO - Processing /home/airflow/.local/lib/python3.8/site-packages/airflow/example_dags/example_branch_operator.py took 0.129 seconds
[2023-11-04T16:25:18.484+0000] {processor.py:157} INFO - Started process (PID=1027) to work on /home/airflow/.local/lib/python3.8/site-packages/airflow/example_dags/example_branch_operator.py
[2023-11-04T16:25:18.486+0000] {processor.py:829} INFO - Processing file /home/airflow/.local/lib/python3.8/site-packages/airflow/example_dags/example_branch_operator.py for tasks to queue
[2023-11-04T16:25:18.488+0000] {logging_mixin.py:151} INFO - [2023-11-04T16:25:18.487+0000] {dagbag.py:536} INFO - Filling up the DagBag from /home/airflow/.local/lib/python3.8/site-packages/airflow/example_dags/example_branch_operator.py
[2023-11-04T16:25:18.503+0000] {processor.py:839} INFO - DAG(s) dict_keys(['example_branch_operator']) retrieved from /home/airflow/.local/lib/python3.8/site-packages/airflow/example_dags/example_branch_operator.py
[2023-11-04T16:25:18.542+0000] {logging_mixin.py:151} INFO - [2023-11-04T16:25:18.542+0000] {dag.py:2941} INFO - Sync 1 DAGs
[2023-11-04T16:25:18.581+0000] {logging_mixin.py:151} INFO - [2023-11-04T16:25:18.580+0000] {dag.py:3722} INFO - Setting next_dagrun for example_branch_operator to 2023-11-03T00:00:00+00:00, run_after=2023-11-04T00:00:00+00:00
[2023-11-04T16:25:18.609+0000] {processor.py:179} INFO - Processing /home/airflow/.local/lib/python3.8/site-packages/airflow/example_dags/example_branch_operator.py took 0.130 seconds
[2023-11-04T16:25:48.745+0000] {processor.py:157} INFO - Started process (PID=1265) to work on /home/airflow/.local/lib/python3.8/site-packages/airflow/example_dags/example_branch_operator.py
[2023-11-04T16:25:48.747+0000] {processor.py:829} INFO - Processing file /home/airflow/.local/lib/python3.8/site-packages/airflow/example_dags/example_branch_operator.py for tasks to queue
[2023-11-04T16:25:48.749+0000] {logging_mixin.py:151} INFO - [2023-11-04T16:25:48.748+0000] {dagbag.py:536} INFO - Filling up the DagBag from /home/airflow/.local/lib/python3.8/site-packages/airflow/example_dags/example_branch_operator.py
[2023-11-04T16:25:48.765+0000] {processor.py:839} INFO - DAG(s) dict_keys(['example_branch_operator']) retrieved from /home/airflow/.local/lib/python3.8/site-packages/airflow/example_dags/example_branch_operator.py
[2023-11-04T16:25:48.804+0000] {logging_mixin.py:151} INFO - [2023-11-04T16:25:48.803+0000] {dag.py:2941} INFO - Sync 1 DAGs
[2023-11-04T16:25:48.841+0000] {logging_mixin.py:151} INFO - [2023-11-04T16:25:48.841+0000] {dag.py:3722} INFO - Setting next_dagrun for example_branch_operator to 2023-11-03T00:00:00+00:00, run_after=2023-11-04T00:00:00+00:00
[2023-11-04T16:25:48.871+0000] {processor.py:179} INFO - Processing /home/airflow/.local/lib/python3.8/site-packages/airflow/example_dags/example_branch_operator.py took 0.132 seconds
[2023-11-04T16:26:19.188+0000] {processor.py:157} INFO - Started process (PID=1503) to work on /home/airflow/.local/lib/python3.8/site-packages/airflow/example_dags/example_branch_operator.py
[2023-11-04T16:26:19.190+0000] {processor.py:829} INFO - Processing file /home/airflow/.local/lib/python3.8/site-packages/airflow/example_dags/example_branch_operator.py for tasks to queue
[2023-11-04T16:26:19.191+0000] {logging_mixin.py:151} INFO - [2023-11-04T16:26:19.191+0000] {dagbag.py:536} INFO - Filling up the DagBag from /home/airflow/.local/lib/python3.8/site-packages/airflow/example_dags/example_branch_operator.py
[2023-11-04T16:26:19.208+0000] {processor.py:839} INFO - DAG(s) dict_keys(['example_branch_operator']) retrieved from /home/airflow/.local/lib/python3.8/site-packages/airflow/example_dags/example_branch_operator.py
[2023-11-04T16:26:19.227+0000] {logging_mixin.py:151} INFO - [2023-11-04T16:26:19.226+0000] {dag.py:2941} INFO - Sync 1 DAGs
[2023-11-04T16:26:19.268+0000] {logging_mixin.py:151} INFO - [2023-11-04T16:26:19.267+0000] {dag.py:3722} INFO - Setting next_dagrun for example_branch_operator to 2023-11-03T00:00:00+00:00, run_after=2023-11-04T00:00:00+00:00
[2023-11-04T16:26:19.301+0000] {processor.py:179} INFO - Processing /home/airflow/.local/lib/python3.8/site-packages/airflow/example_dags/example_branch_operator.py took 0.118 seconds
[2023-11-04T16:26:49.788+0000] {processor.py:157} INFO - Started process (PID=1741) to work on /home/airflow/.local/lib/python3.8/site-packages/airflow/example_dags/example_branch_operator.py
[2023-11-04T16:26:49.790+0000] {processor.py:829} INFO - Processing file /home/airflow/.local/lib/python3.8/site-packages/airflow/example_dags/example_branch_operator.py for tasks to queue
[2023-11-04T16:26:49.792+0000] {logging_mixin.py:151} INFO - [2023-11-04T16:26:49.791+0000] {dagbag.py:536} INFO - Filling up the DagBag from /home/airflow/.local/lib/python3.8/site-packages/airflow/example_dags/example_branch_operator.py
[2023-11-04T16:26:49.807+0000] {processor.py:839} INFO - DAG(s) dict_keys(['example_branch_operator']) retrieved from /home/airflow/.local/lib/python3.8/site-packages/airflow/example_dags/example_branch_operator.py
[2023-11-04T16:26:49.844+0000] {logging_mixin.py:151} INFO - [2023-11-04T16:26:49.843+0000] {dag.py:2941} INFO - Sync 1 DAGs
[2023-11-04T16:26:49.880+0000] {logging_mixin.py:151} INFO - [2023-11-04T16:26:49.880+0000] {dag.py:3722} INFO - Setting next_dagrun for example_branch_operator to 2023-11-03T00:00:00+00:00, run_after=2023-11-04T00:00:00+00:00
[2023-11-04T16:26:49.910+0000] {processor.py:179} INFO - Processing /home/airflow/.local/lib/python3.8/site-packages/airflow/example_dags/example_branch_operator.py took 0.126 seconds
[2023-11-04T16:27:20.603+0000] {processor.py:157} INFO - Started process (PID=1979) to work on /home/airflow/.local/lib/python3.8/site-packages/airflow/example_dags/example_branch_operator.py
[2023-11-04T16:27:20.605+0000] {processor.py:829} INFO - Processing file /home/airflow/.local/lib/python3.8/site-packages/airflow/example_dags/example_branch_operator.py for tasks to queue
[2023-11-04T16:27:20.607+0000] {logging_mixin.py:151} INFO - [2023-11-04T16:27:20.606+0000] {dagbag.py:536} INFO - Filling up the DagBag from /home/airflow/.local/lib/python3.8/site-packages/airflow/example_dags/example_branch_operator.py
[2023-11-04T16:27:20.623+0000] {processor.py:839} INFO - DAG(s) dict_keys(['example_branch_operator']) retrieved from /home/airflow/.local/lib/python3.8/site-packages/airflow/example_dags/example_branch_operator.py
[2023-11-04T16:27:20.661+0000] {logging_mixin.py:151} INFO - [2023-11-04T16:27:20.661+0000] {dag.py:2941} INFO - Sync 1 DAGs
[2023-11-04T16:27:20.697+0000] {logging_mixin.py:151} INFO - [2023-11-04T16:27:20.697+0000] {dag.py:3722} INFO - Setting next_dagrun for example_branch_operator to 2023-11-03T00:00:00+00:00, run_after=2023-11-04T00:00:00+00:00
[2023-11-04T16:27:20.730+0000] {processor.py:179} INFO - Processing /home/airflow/.local/lib/python3.8/site-packages/airflow/example_dags/example_branch_operator.py took 0.133 seconds
[2023-11-04T16:27:52.384+0000] {processor.py:157} INFO - Started process (PID=2218) to work on /home/airflow/.local/lib/python3.8/site-packages/airflow/example_dags/example_branch_operator.py
[2023-11-04T16:27:52.387+0000] {processor.py:829} INFO - Processing file /home/airflow/.local/lib/python3.8/site-packages/airflow/example_dags/example_branch_operator.py for tasks to queue
[2023-11-04T16:27:52.390+0000] {logging_mixin.py:151} INFO - [2023-11-04T16:27:52.390+0000] {dagbag.py:536} INFO - Filling up the DagBag from /home/airflow/.local/lib/python3.8/site-packages/airflow/example_dags/example_branch_operator.py
[2023-11-04T16:27:52.431+0000] {processor.py:839} INFO - DAG(s) dict_keys(['example_branch_operator']) retrieved from /home/airflow/.local/lib/python3.8/site-packages/airflow/example_dags/example_branch_operator.py
[2023-11-04T16:27:52.470+0000] {logging_mixin.py:151} INFO - [2023-11-04T16:27:52.469+0000] {dag.py:2941} INFO - Sync 1 DAGs
[2023-11-04T16:27:52.566+0000] {logging_mixin.py:151} INFO - [2023-11-04T16:27:52.566+0000] {dag.py:3722} INFO - Setting next_dagrun for example_branch_operator to 2023-11-03T00:00:00+00:00, run_after=2023-11-04T00:00:00+00:00
[2023-11-04T16:27:52.636+0000] {processor.py:179} INFO - Processing /home/airflow/.local/lib/python3.8/site-packages/airflow/example_dags/example_branch_operator.py took 0.260 seconds
[2023-11-04T16:28:22.793+0000] {processor.py:157} INFO - Started process (PID=2456) to work on /home/airflow/.local/lib/python3.8/site-packages/airflow/example_dags/example_branch_operator.py
[2023-11-04T16:28:22.795+0000] {processor.py:829} INFO - Processing file /home/airflow/.local/lib/python3.8/site-packages/airflow/example_dags/example_branch_operator.py for tasks to queue
[2023-11-04T16:28:22.796+0000] {logging_mixin.py:151} INFO - [2023-11-04T16:28:22.796+0000] {dagbag.py:536} INFO - Filling up the DagBag from /home/airflow/.local/lib/python3.8/site-packages/airflow/example_dags/example_branch_operator.py
[2023-11-04T16:28:22.812+0000] {processor.py:839} INFO - DAG(s) dict_keys(['example_branch_operator']) retrieved from /home/airflow/.local/lib/python3.8/site-packages/airflow/example_dags/example_branch_operator.py
[2023-11-04T16:28:22.849+0000] {logging_mixin.py:151} INFO - [2023-11-04T16:28:22.849+0000] {dag.py:2941} INFO - Sync 1 DAGs
[2023-11-04T16:28:22.884+0000] {logging_mixin.py:151} INFO - [2023-11-04T16:28:22.884+0000] {dag.py:3722} INFO - Setting next_dagrun for example_branch_operator to 2023-11-03T00:00:00+00:00, run_after=2023-11-04T00:00:00+00:00
[2023-11-04T16:28:22.911+0000] {processor.py:179} INFO - Processing /home/airflow/.local/lib/python3.8/site-packages/airflow/example_dags/example_branch_operator.py took 0.123 seconds
[2023-11-04T16:28:53.125+0000] {processor.py:157} INFO - Started process (PID=2694) to work on /home/airflow/.local/lib/python3.8/site-packages/airflow/example_dags/example_branch_operator.py
[2023-11-04T16:28:53.127+0000] {processor.py:829} INFO - Processing file /home/airflow/.local/lib/python3.8/site-packages/airflow/example_dags/example_branch_operator.py for tasks to queue
[2023-11-04T16:28:53.128+0000] {logging_mixin.py:151} INFO - [2023-11-04T16:28:53.128+0000] {dagbag.py:536} INFO - Filling up the DagBag from /home/airflow/.local/lib/python3.8/site-packages/airflow/example_dags/example_branch_operator.py
[2023-11-04T16:28:53.143+0000] {processor.py:839} INFO - DAG(s) dict_keys(['example_branch_operator']) retrieved from /home/airflow/.local/lib/python3.8/site-packages/airflow/example_dags/example_branch_operator.py
[2023-11-04T16:28:53.180+0000] {logging_mixin.py:151} INFO - [2023-11-04T16:28:53.180+0000] {dag.py:2941} INFO - Sync 1 DAGs
[2023-11-04T16:28:53.216+0000] {logging_mixin.py:151} INFO - [2023-11-04T16:28:53.216+0000] {dag.py:3722} INFO - Setting next_dagrun for example_branch_operator to 2023-11-03T00:00:00+00:00, run_after=2023-11-04T00:00:00+00:00
[2023-11-04T16:28:53.246+0000] {processor.py:179} INFO - Processing /home/airflow/.local/lib/python3.8/site-packages/airflow/example_dags/example_branch_operator.py took 0.127 seconds
[2023-11-04T16:29:23.925+0000] {processor.py:157} INFO - Started process (PID=2932) to work on /home/airflow/.local/lib/python3.8/site-packages/airflow/example_dags/example_branch_operator.py
[2023-11-04T16:29:23.926+0000] {processor.py:829} INFO - Processing file /home/airflow/.local/lib/python3.8/site-packages/airflow/example_dags/example_branch_operator.py for tasks to queue
[2023-11-04T16:29:23.928+0000] {logging_mixin.py:151} INFO - [2023-11-04T16:29:23.928+0000] {dagbag.py:536} INFO - Filling up the DagBag from /home/airflow/.local/lib/python3.8/site-packages/airflow/example_dags/example_branch_operator.py
[2023-11-04T16:29:23.944+0000] {processor.py:839} INFO - DAG(s) dict_keys(['example_branch_operator']) retrieved from /home/airflow/.local/lib/python3.8/site-packages/airflow/example_dags/example_branch_operator.py
[2023-11-04T16:29:23.985+0000] {logging_mixin.py:151} INFO - [2023-11-04T16:29:23.985+0000] {dag.py:2941} INFO - Sync 1 DAGs
[2023-11-04T16:29:24.021+0000] {logging_mixin.py:151} INFO - [2023-11-04T16:29:24.020+0000] {dag.py:3722} INFO - Setting next_dagrun for example_branch_operator to 2023-11-03T00:00:00+00:00, run_after=2023-11-04T00:00:00+00:00
[2023-11-04T16:29:24.052+0000] {processor.py:179} INFO - Processing /home/airflow/.local/lib/python3.8/site-packages/airflow/example_dags/example_branch_operator.py took 0.132 seconds
[2023-11-04T16:29:54.126+0000] {processor.py:157} INFO - Started process (PID=3170) to work on /home/airflow/.local/lib/python3.8/site-packages/airflow/example_dags/example_branch_operator.py
[2023-11-04T16:29:54.127+0000] {processor.py:829} INFO - Processing file /home/airflow/.local/lib/python3.8/site-packages/airflow/example_dags/example_branch_operator.py for tasks to queue
[2023-11-04T16:29:54.129+0000] {logging_mixin.py:151} INFO - [2023-11-04T16:29:54.129+0000] {dagbag.py:536} INFO - Filling up the DagBag from /home/airflow/.local/lib/python3.8/site-packages/airflow/example_dags/example_branch_operator.py
[2023-11-04T16:29:54.144+0000] {processor.py:839} INFO - DAG(s) dict_keys(['example_branch_operator']) retrieved from /home/airflow/.local/lib/python3.8/site-packages/airflow/example_dags/example_branch_operator.py
[2023-11-04T16:29:54.165+0000] {logging_mixin.py:151} INFO - [2023-11-04T16:29:54.165+0000] {dag.py:2941} INFO - Sync 1 DAGs
[2023-11-04T16:29:54.216+0000] {logging_mixin.py:151} INFO - [2023-11-04T16:29:54.216+0000] {dag.py:3722} INFO - Setting next_dagrun for example_branch_operator to 2023-11-03T00:00:00+00:00, run_after=2023-11-04T00:00:00+00:00
[2023-11-04T16:29:54.253+0000] {processor.py:179} INFO - Processing /home/airflow/.local/lib/python3.8/site-packages/airflow/example_dags/example_branch_operator.py took 0.132 seconds
[2023-11-04T16:30:24.849+0000] {processor.py:157} INFO - Started process (PID=3408) to work on /home/airflow/.local/lib/python3.8/site-packages/airflow/example_dags/example_branch_operator.py
[2023-11-04T16:30:24.851+0000] {processor.py:829} INFO - Processing file /home/airflow/.local/lib/python3.8/site-packages/airflow/example_dags/example_branch_operator.py for tasks to queue
[2023-11-04T16:30:24.852+0000] {logging_mixin.py:151} INFO - [2023-11-04T16:30:24.852+0000] {dagbag.py:536} INFO - Filling up the DagBag from /home/airflow/.local/lib/python3.8/site-packages/airflow/example_dags/example_branch_operator.py
[2023-11-04T16:30:24.867+0000] {processor.py:839} INFO - DAG(s) dict_keys(['example_branch_operator']) retrieved from /home/airflow/.local/lib/python3.8/site-packages/airflow/example_dags/example_branch_operator.py
[2023-11-04T16:30:24.905+0000] {logging_mixin.py:151} INFO - [2023-11-04T16:30:24.904+0000] {dag.py:2941} INFO - Sync 1 DAGs
[2023-11-04T16:30:24.940+0000] {logging_mixin.py:151} INFO - [2023-11-04T16:30:24.940+0000] {dag.py:3722} INFO - Setting next_dagrun for example_branch_operator to 2023-11-03T00:00:00+00:00, run_after=2023-11-04T00:00:00+00:00
[2023-11-04T16:30:24.970+0000] {processor.py:179} INFO - Processing /home/airflow/.local/lib/python3.8/site-packages/airflow/example_dags/example_branch_operator.py took 0.126 seconds
[2023-11-04T16:30:56.783+0000] {processor.py:157} INFO - Started process (PID=3646) to work on /home/airflow/.local/lib/python3.8/site-packages/airflow/example_dags/example_branch_operator.py
[2023-11-04T16:30:56.785+0000] {processor.py:829} INFO - Processing file /home/airflow/.local/lib/python3.8/site-packages/airflow/example_dags/example_branch_operator.py for tasks to queue
[2023-11-04T16:30:56.787+0000] {logging_mixin.py:151} INFO - [2023-11-04T16:30:56.787+0000] {dagbag.py:536} INFO - Filling up the DagBag from /home/airflow/.local/lib/python3.8/site-packages/airflow/example_dags/example_branch_operator.py
[2023-11-04T16:30:56.804+0000] {processor.py:839} INFO - DAG(s) dict_keys(['example_branch_operator']) retrieved from /home/airflow/.local/lib/python3.8/site-packages/airflow/example_dags/example_branch_operator.py
[2023-11-04T16:30:56.844+0000] {logging_mixin.py:151} INFO - [2023-11-04T16:30:56.844+0000] {dag.py:2941} INFO - Sync 1 DAGs
[2023-11-04T16:30:56.886+0000] {logging_mixin.py:151} INFO - [2023-11-04T16:30:56.886+0000] {dag.py:3722} INFO - Setting next_dagrun for example_branch_operator to 2023-11-03T00:00:00+00:00, run_after=2023-11-04T00:00:00+00:00
[2023-11-04T16:30:56.921+0000] {processor.py:179} INFO - Processing /home/airflow/.local/lib/python3.8/site-packages/airflow/example_dags/example_branch_operator.py took 0.143 seconds
[2023-11-04T16:31:27.736+0000] {processor.py:157} INFO - Started process (PID=3886) to work on /home/airflow/.local/lib/python3.8/site-packages/airflow/example_dags/example_branch_operator.py
[2023-11-04T16:31:27.739+0000] {processor.py:829} INFO - Processing file /home/airflow/.local/lib/python3.8/site-packages/airflow/example_dags/example_branch_operator.py for tasks to queue
[2023-11-04T16:31:27.742+0000] {logging_mixin.py:151} INFO - [2023-11-04T16:31:27.741+0000] {dagbag.py:536} INFO - Filling up the DagBag from /home/airflow/.local/lib/python3.8/site-packages/airflow/example_dags/example_branch_operator.py
[2023-11-04T16:31:27.761+0000] {processor.py:839} INFO - DAG(s) dict_keys(['example_branch_operator']) retrieved from /home/airflow/.local/lib/python3.8/site-packages/airflow/example_dags/example_branch_operator.py
[2023-11-04T16:31:27.784+0000] {logging_mixin.py:151} INFO - [2023-11-04T16:31:27.784+0000] {dag.py:2941} INFO - Sync 1 DAGs
[2023-11-04T16:31:27.828+0000] {logging_mixin.py:151} INFO - [2023-11-04T16:31:27.827+0000] {dag.py:3722} INFO - Setting next_dagrun for example_branch_operator to 2023-11-03T00:00:00+00:00, run_after=2023-11-04T00:00:00+00:00
[2023-11-04T16:31:27.865+0000] {processor.py:179} INFO - Processing /home/airflow/.local/lib/python3.8/site-packages/airflow/example_dags/example_branch_operator.py took 0.134 seconds
[2023-11-04T16:31:58.175+0000] {processor.py:157} INFO - Started process (PID=4122) to work on /home/airflow/.local/lib/python3.8/site-packages/airflow/example_dags/example_branch_operator.py
[2023-11-04T16:31:58.177+0000] {processor.py:829} INFO - Processing file /home/airflow/.local/lib/python3.8/site-packages/airflow/example_dags/example_branch_operator.py for tasks to queue
[2023-11-04T16:31:58.179+0000] {logging_mixin.py:151} INFO - [2023-11-04T16:31:58.178+0000] {dagbag.py:536} INFO - Filling up the DagBag from /home/airflow/.local/lib/python3.8/site-packages/airflow/example_dags/example_branch_operator.py
[2023-11-04T16:31:58.195+0000] {processor.py:839} INFO - DAG(s) dict_keys(['example_branch_operator']) retrieved from /home/airflow/.local/lib/python3.8/site-packages/airflow/example_dags/example_branch_operator.py
[2023-11-04T16:31:58.238+0000] {logging_mixin.py:151} INFO - [2023-11-04T16:31:58.237+0000] {dag.py:2941} INFO - Sync 1 DAGs
[2023-11-04T16:31:58.276+0000] {logging_mixin.py:151} INFO - [2023-11-04T16:31:58.275+0000] {dag.py:3722} INFO - Setting next_dagrun for example_branch_operator to 2023-11-03T00:00:00+00:00, run_after=2023-11-04T00:00:00+00:00
[2023-11-04T16:31:58.304+0000] {processor.py:179} INFO - Processing /home/airflow/.local/lib/python3.8/site-packages/airflow/example_dags/example_branch_operator.py took 0.134 seconds
[2023-11-04T16:32:28.762+0000] {processor.py:157} INFO - Started process (PID=4360) to work on /home/airflow/.local/lib/python3.8/site-packages/airflow/example_dags/example_branch_operator.py
[2023-11-04T16:32:28.764+0000] {processor.py:829} INFO - Processing file /home/airflow/.local/lib/python3.8/site-packages/airflow/example_dags/example_branch_operator.py for tasks to queue
[2023-11-04T16:32:28.765+0000] {logging_mixin.py:151} INFO - [2023-11-04T16:32:28.765+0000] {dagbag.py:536} INFO - Filling up the DagBag from /home/airflow/.local/lib/python3.8/site-packages/airflow/example_dags/example_branch_operator.py
[2023-11-04T16:32:28.781+0000] {processor.py:839} INFO - DAG(s) dict_keys(['example_branch_operator']) retrieved from /home/airflow/.local/lib/python3.8/site-packages/airflow/example_dags/example_branch_operator.py
[2023-11-04T16:32:28.819+0000] {logging_mixin.py:151} INFO - [2023-11-04T16:32:28.819+0000] {dag.py:2941} INFO - Sync 1 DAGs
[2023-11-04T16:32:28.862+0000] {logging_mixin.py:151} INFO - [2023-11-04T16:32:28.862+0000] {dag.py:3722} INFO - Setting next_dagrun for example_branch_operator to 2023-11-03T00:00:00+00:00, run_after=2023-11-04T00:00:00+00:00
[2023-11-04T16:32:28.894+0000] {processor.py:179} INFO - Processing /home/airflow/.local/lib/python3.8/site-packages/airflow/example_dags/example_branch_operator.py took 0.138 seconds
[2023-11-04T16:32:59.169+0000] {processor.py:157} INFO - Started process (PID=4604) to work on /home/airflow/.local/lib/python3.8/site-packages/airflow/example_dags/example_branch_operator.py
[2023-11-04T16:32:59.171+0000] {processor.py:829} INFO - Processing file /home/airflow/.local/lib/python3.8/site-packages/airflow/example_dags/example_branch_operator.py for tasks to queue
[2023-11-04T16:32:59.173+0000] {logging_mixin.py:151} INFO - [2023-11-04T16:32:59.172+0000] {dagbag.py:536} INFO - Filling up the DagBag from /home/airflow/.local/lib/python3.8/site-packages/airflow/example_dags/example_branch_operator.py
[2023-11-04T16:32:59.188+0000] {processor.py:839} INFO - DAG(s) dict_keys(['example_branch_operator']) retrieved from /home/airflow/.local/lib/python3.8/site-packages/airflow/example_dags/example_branch_operator.py
[2023-11-04T16:32:59.234+0000] {logging_mixin.py:151} INFO - [2023-11-04T16:32:59.234+0000] {dag.py:2941} INFO - Sync 1 DAGs
[2023-11-04T16:32:59.274+0000] {logging_mixin.py:151} INFO - [2023-11-04T16:32:59.273+0000] {dag.py:3722} INFO - Setting next_dagrun for example_branch_operator to 2023-11-03T00:00:00+00:00, run_after=2023-11-04T00:00:00+00:00
[2023-11-04T16:32:59.311+0000] {processor.py:179} INFO - Processing /home/airflow/.local/lib/python3.8/site-packages/airflow/example_dags/example_branch_operator.py took 0.152 seconds
[2023-11-04T16:33:29.409+0000] {processor.py:157} INFO - Started process (PID=4843) to work on /home/airflow/.local/lib/python3.8/site-packages/airflow/example_dags/example_branch_operator.py
[2023-11-04T16:33:29.411+0000] {processor.py:829} INFO - Processing file /home/airflow/.local/lib/python3.8/site-packages/airflow/example_dags/example_branch_operator.py for tasks to queue
[2023-11-04T16:33:29.413+0000] {logging_mixin.py:151} INFO - [2023-11-04T16:33:29.412+0000] {dagbag.py:536} INFO - Filling up the DagBag from /home/airflow/.local/lib/python3.8/site-packages/airflow/example_dags/example_branch_operator.py
[2023-11-04T16:33:29.428+0000] {processor.py:839} INFO - DAG(s) dict_keys(['example_branch_operator']) retrieved from /home/airflow/.local/lib/python3.8/site-packages/airflow/example_dags/example_branch_operator.py
[2023-11-04T16:33:29.472+0000] {logging_mixin.py:151} INFO - [2023-11-04T16:33:29.471+0000] {dag.py:2941} INFO - Sync 1 DAGs
[2023-11-04T16:33:29.510+0000] {logging_mixin.py:151} INFO - [2023-11-04T16:33:29.509+0000] {dag.py:3722} INFO - Setting next_dagrun for example_branch_operator to 2023-11-03T00:00:00+00:00, run_after=2023-11-04T00:00:00+00:00
[2023-11-04T16:33:29.541+0000] {processor.py:179} INFO - Processing /home/airflow/.local/lib/python3.8/site-packages/airflow/example_dags/example_branch_operator.py took 0.138 seconds
[2023-11-04T16:34:00.481+0000] {processor.py:157} INFO - Started process (PID=5083) to work on /home/airflow/.local/lib/python3.8/site-packages/airflow/example_dags/example_branch_operator.py
[2023-11-04T16:34:00.482+0000] {processor.py:829} INFO - Processing file /home/airflow/.local/lib/python3.8/site-packages/airflow/example_dags/example_branch_operator.py for tasks to queue
[2023-11-04T16:34:00.485+0000] {logging_mixin.py:151} INFO - [2023-11-04T16:34:00.484+0000] {dagbag.py:536} INFO - Filling up the DagBag from /home/airflow/.local/lib/python3.8/site-packages/airflow/example_dags/example_branch_operator.py
[2023-11-04T16:34:00.501+0000] {processor.py:839} INFO - DAG(s) dict_keys(['example_branch_operator']) retrieved from /home/airflow/.local/lib/python3.8/site-packages/airflow/example_dags/example_branch_operator.py
[2023-11-04T16:34:00.537+0000] {logging_mixin.py:151} INFO - [2023-11-04T16:34:00.537+0000] {dag.py:2941} INFO - Sync 1 DAGs
[2023-11-04T16:34:00.573+0000] {logging_mixin.py:151} INFO - [2023-11-04T16:34:00.573+0000] {dag.py:3722} INFO - Setting next_dagrun for example_branch_operator to 2023-11-03T00:00:00+00:00, run_after=2023-11-04T00:00:00+00:00
[2023-11-04T16:34:00.603+0000] {processor.py:179} INFO - Processing /home/airflow/.local/lib/python3.8/site-packages/airflow/example_dags/example_branch_operator.py took 0.126 seconds
[2023-11-04T16:34:30.791+0000] {processor.py:157} INFO - Started process (PID=5319) to work on /home/airflow/.local/lib/python3.8/site-packages/airflow/example_dags/example_branch_operator.py
[2023-11-04T16:34:30.793+0000] {processor.py:829} INFO - Processing file /home/airflow/.local/lib/python3.8/site-packages/airflow/example_dags/example_branch_operator.py for tasks to queue
[2023-11-04T16:34:30.795+0000] {logging_mixin.py:151} INFO - [2023-11-04T16:34:30.794+0000] {dagbag.py:536} INFO - Filling up the DagBag from /home/airflow/.local/lib/python3.8/site-packages/airflow/example_dags/example_branch_operator.py
[2023-11-04T16:34:30.818+0000] {processor.py:839} INFO - DAG(s) dict_keys(['example_branch_operator']) retrieved from /home/airflow/.local/lib/python3.8/site-packages/airflow/example_dags/example_branch_operator.py
[2023-11-04T16:34:30.863+0000] {logging_mixin.py:151} INFO - [2023-11-04T16:34:30.863+0000] {dag.py:2941} INFO - Sync 1 DAGs
[2023-11-04T16:34:30.906+0000] {logging_mixin.py:151} INFO - [2023-11-04T16:34:30.906+0000] {dag.py:3722} INFO - Setting next_dagrun for example_branch_operator to 2023-11-03T00:00:00+00:00, run_after=2023-11-04T00:00:00+00:00
[2023-11-04T16:34:30.941+0000] {processor.py:179} INFO - Processing /home/airflow/.local/lib/python3.8/site-packages/airflow/example_dags/example_branch_operator.py took 0.157 seconds
[2023-11-04T16:35:01.885+0000] {processor.py:157} INFO - Started process (PID=5557) to work on /home/airflow/.local/lib/python3.8/site-packages/airflow/example_dags/example_branch_operator.py
[2023-11-04T16:35:01.887+0000] {processor.py:829} INFO - Processing file /home/airflow/.local/lib/python3.8/site-packages/airflow/example_dags/example_branch_operator.py for tasks to queue
[2023-11-04T16:35:01.888+0000] {logging_mixin.py:151} INFO - [2023-11-04T16:35:01.888+0000] {dagbag.py:536} INFO - Filling up the DagBag from /home/airflow/.local/lib/python3.8/site-packages/airflow/example_dags/example_branch_operator.py
[2023-11-04T16:35:01.904+0000] {processor.py:839} INFO - DAG(s) dict_keys(['example_branch_operator']) retrieved from /home/airflow/.local/lib/python3.8/site-packages/airflow/example_dags/example_branch_operator.py
[2023-11-04T16:35:01.941+0000] {logging_mixin.py:151} INFO - [2023-11-04T16:35:01.941+0000] {dag.py:2941} INFO - Sync 1 DAGs
[2023-11-04T16:35:01.978+0000] {logging_mixin.py:151} INFO - [2023-11-04T16:35:01.978+0000] {dag.py:3722} INFO - Setting next_dagrun for example_branch_operator to 2023-11-03T00:00:00+00:00, run_after=2023-11-04T00:00:00+00:00
[2023-11-04T16:35:02.006+0000] {processor.py:179} INFO - Processing /home/airflow/.local/lib/python3.8/site-packages/airflow/example_dags/example_branch_operator.py took 0.126 seconds
[2023-11-04T16:35:32.746+0000] {processor.py:157} INFO - Started process (PID=5795) to work on /home/airflow/.local/lib/python3.8/site-packages/airflow/example_dags/example_branch_operator.py
[2023-11-04T16:35:32.748+0000] {processor.py:829} INFO - Processing file /home/airflow/.local/lib/python3.8/site-packages/airflow/example_dags/example_branch_operator.py for tasks to queue
[2023-11-04T16:35:32.750+0000] {logging_mixin.py:151} INFO - [2023-11-04T16:35:32.749+0000] {dagbag.py:536} INFO - Filling up the DagBag from /home/airflow/.local/lib/python3.8/site-packages/airflow/example_dags/example_branch_operator.py
[2023-11-04T16:35:32.770+0000] {processor.py:839} INFO - DAG(s) dict_keys(['example_branch_operator']) retrieved from /home/airflow/.local/lib/python3.8/site-packages/airflow/example_dags/example_branch_operator.py
[2023-11-04T16:35:32.827+0000] {logging_mixin.py:151} INFO - [2023-11-04T16:35:32.826+0000] {dag.py:2941} INFO - Sync 1 DAGs
[2023-11-04T16:35:32.878+0000] {logging_mixin.py:151} INFO - [2023-11-04T16:35:32.877+0000] {dag.py:3722} INFO - Setting next_dagrun for example_branch_operator to 2023-11-03T00:00:00+00:00, run_after=2023-11-04T00:00:00+00:00
[2023-11-04T16:35:32.938+0000] {processor.py:179} INFO - Processing /home/airflow/.local/lib/python3.8/site-packages/airflow/example_dags/example_branch_operator.py took 0.198 seconds
[2023-11-04T16:36:03.225+0000] {processor.py:157} INFO - Started process (PID=6033) to work on /home/airflow/.local/lib/python3.8/site-packages/airflow/example_dags/example_branch_operator.py
[2023-11-04T16:36:03.227+0000] {processor.py:829} INFO - Processing file /home/airflow/.local/lib/python3.8/site-packages/airflow/example_dags/example_branch_operator.py for tasks to queue
[2023-11-04T16:36:03.229+0000] {logging_mixin.py:151} INFO - [2023-11-04T16:36:03.228+0000] {dagbag.py:536} INFO - Filling up the DagBag from /home/airflow/.local/lib/python3.8/site-packages/airflow/example_dags/example_branch_operator.py
[2023-11-04T16:36:03.248+0000] {processor.py:839} INFO - DAG(s) dict_keys(['example_branch_operator']) retrieved from /home/airflow/.local/lib/python3.8/site-packages/airflow/example_dags/example_branch_operator.py
[2023-11-04T16:36:03.292+0000] {logging_mixin.py:151} INFO - [2023-11-04T16:36:03.291+0000] {dag.py:2941} INFO - Sync 1 DAGs
[2023-11-04T16:36:03.337+0000] {logging_mixin.py:151} INFO - [2023-11-04T16:36:03.337+0000] {dag.py:3722} INFO - Setting next_dagrun for example_branch_operator to 2023-11-03T00:00:00+00:00, run_after=2023-11-04T00:00:00+00:00
[2023-11-04T16:36:03.378+0000] {processor.py:179} INFO - Processing /home/airflow/.local/lib/python3.8/site-packages/airflow/example_dags/example_branch_operator.py took 0.158 seconds
[2023-11-04T16:36:33.489+0000] {processor.py:157} INFO - Started process (PID=6271) to work on /home/airflow/.local/lib/python3.8/site-packages/airflow/example_dags/example_branch_operator.py
[2023-11-04T16:36:33.491+0000] {processor.py:829} INFO - Processing file /home/airflow/.local/lib/python3.8/site-packages/airflow/example_dags/example_branch_operator.py for tasks to queue
[2023-11-04T16:36:33.492+0000] {logging_mixin.py:151} INFO - [2023-11-04T16:36:33.492+0000] {dagbag.py:536} INFO - Filling up the DagBag from /home/airflow/.local/lib/python3.8/site-packages/airflow/example_dags/example_branch_operator.py
[2023-11-04T16:36:33.507+0000] {processor.py:839} INFO - DAG(s) dict_keys(['example_branch_operator']) retrieved from /home/airflow/.local/lib/python3.8/site-packages/airflow/example_dags/example_branch_operator.py
[2023-11-04T16:36:33.549+0000] {logging_mixin.py:151} INFO - [2023-11-04T16:36:33.549+0000] {dag.py:2941} INFO - Sync 1 DAGs
[2023-11-04T16:36:33.585+0000] {logging_mixin.py:151} INFO - [2023-11-04T16:36:33.585+0000] {dag.py:3722} INFO - Setting next_dagrun for example_branch_operator to 2023-11-03T00:00:00+00:00, run_after=2023-11-04T00:00:00+00:00
[2023-11-04T16:36:33.617+0000] {processor.py:179} INFO - Processing /home/airflow/.local/lib/python3.8/site-packages/airflow/example_dags/example_branch_operator.py took 0.133 seconds
[2023-11-04T16:37:05.709+0000] {processor.py:157} INFO - Started process (PID=6509) to work on /home/airflow/.local/lib/python3.8/site-packages/airflow/example_dags/example_branch_operator.py
[2023-11-04T16:37:05.712+0000] {processor.py:829} INFO - Processing file /home/airflow/.local/lib/python3.8/site-packages/airflow/example_dags/example_branch_operator.py for tasks to queue
[2023-11-04T16:37:05.715+0000] {logging_mixin.py:151} INFO - [2023-11-04T16:37:05.714+0000] {dagbag.py:536} INFO - Filling up the DagBag from /home/airflow/.local/lib/python3.8/site-packages/airflow/example_dags/example_branch_operator.py
[2023-11-04T16:37:05.754+0000] {processor.py:839} INFO - DAG(s) dict_keys(['example_branch_operator']) retrieved from /home/airflow/.local/lib/python3.8/site-packages/airflow/example_dags/example_branch_operator.py
[2023-11-04T16:37:05.808+0000] {logging_mixin.py:151} INFO - [2023-11-04T16:37:05.807+0000] {dag.py:2941} INFO - Sync 1 DAGs
[2023-11-04T16:37:05.861+0000] {logging_mixin.py:151} INFO - [2023-11-04T16:37:05.861+0000] {dag.py:3722} INFO - Setting next_dagrun for example_branch_operator to 2023-11-03T00:00:00+00:00, run_after=2023-11-04T00:00:00+00:00
[2023-11-04T16:37:05.915+0000] {processor.py:179} INFO - Processing /home/airflow/.local/lib/python3.8/site-packages/airflow/example_dags/example_branch_operator.py took 0.214 seconds
[2023-11-04T16:37:36.148+0000] {processor.py:157} INFO - Started process (PID=6747) to work on /home/airflow/.local/lib/python3.8/site-packages/airflow/example_dags/example_branch_operator.py
[2023-11-04T16:37:36.150+0000] {processor.py:829} INFO - Processing file /home/airflow/.local/lib/python3.8/site-packages/airflow/example_dags/example_branch_operator.py for tasks to queue
[2023-11-04T16:37:36.151+0000] {logging_mixin.py:151} INFO - [2023-11-04T16:37:36.151+0000] {dagbag.py:536} INFO - Filling up the DagBag from /home/airflow/.local/lib/python3.8/site-packages/airflow/example_dags/example_branch_operator.py
[2023-11-04T16:37:36.166+0000] {processor.py:839} INFO - DAG(s) dict_keys(['example_branch_operator']) retrieved from /home/airflow/.local/lib/python3.8/site-packages/airflow/example_dags/example_branch_operator.py
[2023-11-04T16:37:36.204+0000] {logging_mixin.py:151} INFO - [2023-11-04T16:37:36.204+0000] {dag.py:2941} INFO - Sync 1 DAGs
[2023-11-04T16:37:36.240+0000] {logging_mixin.py:151} INFO - [2023-11-04T16:37:36.239+0000] {dag.py:3722} INFO - Setting next_dagrun for example_branch_operator to 2023-11-03T00:00:00+00:00, run_after=2023-11-04T00:00:00+00:00
[2023-11-04T16:37:36.268+0000] {processor.py:179} INFO - Processing /home/airflow/.local/lib/python3.8/site-packages/airflow/example_dags/example_branch_operator.py took 0.125 seconds
[2023-11-04T16:38:06.517+0000] {processor.py:157} INFO - Started process (PID=6985) to work on /home/airflow/.local/lib/python3.8/site-packages/airflow/example_dags/example_branch_operator.py
[2023-11-04T16:38:06.519+0000] {processor.py:829} INFO - Processing file /home/airflow/.local/lib/python3.8/site-packages/airflow/example_dags/example_branch_operator.py for tasks to queue
[2023-11-04T16:38:06.521+0000] {logging_mixin.py:151} INFO - [2023-11-04T16:38:06.520+0000] {dagbag.py:536} INFO - Filling up the DagBag from /home/airflow/.local/lib/python3.8/site-packages/airflow/example_dags/example_branch_operator.py
[2023-11-04T16:38:06.537+0000] {processor.py:839} INFO - DAG(s) dict_keys(['example_branch_operator']) retrieved from /home/airflow/.local/lib/python3.8/site-packages/airflow/example_dags/example_branch_operator.py
[2023-11-04T16:38:06.578+0000] {logging_mixin.py:151} INFO - [2023-11-04T16:38:06.577+0000] {dag.py:2941} INFO - Sync 1 DAGs
[2023-11-04T16:38:06.615+0000] {logging_mixin.py:151} INFO - [2023-11-04T16:38:06.615+0000] {dag.py:3722} INFO - Setting next_dagrun for example_branch_operator to 2023-11-03T00:00:00+00:00, run_after=2023-11-04T00:00:00+00:00
[2023-11-04T16:38:06.645+0000] {processor.py:179} INFO - Processing /home/airflow/.local/lib/python3.8/site-packages/airflow/example_dags/example_branch_operator.py took 0.132 seconds
[2023-11-04T16:38:36.727+0000] {processor.py:157} INFO - Started process (PID=7223) to work on /home/airflow/.local/lib/python3.8/site-packages/airflow/example_dags/example_branch_operator.py
[2023-11-04T16:38:36.728+0000] {processor.py:829} INFO - Processing file /home/airflow/.local/lib/python3.8/site-packages/airflow/example_dags/example_branch_operator.py for tasks to queue
[2023-11-04T16:38:36.730+0000] {logging_mixin.py:151} INFO - [2023-11-04T16:38:36.730+0000] {dagbag.py:536} INFO - Filling up the DagBag from /home/airflow/.local/lib/python3.8/site-packages/airflow/example_dags/example_branch_operator.py
[2023-11-04T16:38:36.750+0000] {processor.py:839} INFO - DAG(s) dict_keys(['example_branch_operator']) retrieved from /home/airflow/.local/lib/python3.8/site-packages/airflow/example_dags/example_branch_operator.py
[2023-11-04T16:38:36.792+0000] {logging_mixin.py:151} INFO - [2023-11-04T16:38:36.791+0000] {dag.py:2941} INFO - Sync 1 DAGs
[2023-11-04T16:38:36.829+0000] {logging_mixin.py:151} INFO - [2023-11-04T16:38:36.828+0000] {dag.py:3722} INFO - Setting next_dagrun for example_branch_operator to 2023-11-03T00:00:00+00:00, run_after=2023-11-04T00:00:00+00:00
[2023-11-04T16:38:36.859+0000] {processor.py:179} INFO - Processing /home/airflow/.local/lib/python3.8/site-packages/airflow/example_dags/example_branch_operator.py took 0.138 seconds
[2023-11-04T16:39:07.401+0000] {processor.py:157} INFO - Started process (PID=7461) to work on /home/airflow/.local/lib/python3.8/site-packages/airflow/example_dags/example_branch_operator.py
[2023-11-04T16:39:07.403+0000] {processor.py:829} INFO - Processing file /home/airflow/.local/lib/python3.8/site-packages/airflow/example_dags/example_branch_operator.py for tasks to queue
[2023-11-04T16:39:07.404+0000] {logging_mixin.py:151} INFO - [2023-11-04T16:39:07.404+0000] {dagbag.py:536} INFO - Filling up the DagBag from /home/airflow/.local/lib/python3.8/site-packages/airflow/example_dags/example_branch_operator.py
[2023-11-04T16:39:07.419+0000] {processor.py:839} INFO - DAG(s) dict_keys(['example_branch_operator']) retrieved from /home/airflow/.local/lib/python3.8/site-packages/airflow/example_dags/example_branch_operator.py
[2023-11-04T16:39:07.461+0000] {logging_mixin.py:151} INFO - [2023-11-04T16:39:07.461+0000] {dag.py:2941} INFO - Sync 1 DAGs
[2023-11-04T16:39:07.503+0000] {logging_mixin.py:151} INFO - [2023-11-04T16:39:07.503+0000] {dag.py:3722} INFO - Setting next_dagrun for example_branch_operator to 2023-11-03T00:00:00+00:00, run_after=2023-11-04T00:00:00+00:00
[2023-11-04T16:39:07.541+0000] {processor.py:179} INFO - Processing /home/airflow/.local/lib/python3.8/site-packages/airflow/example_dags/example_branch_operator.py took 0.148 seconds
[2023-11-04T16:39:37.843+0000] {processor.py:157} INFO - Started process (PID=7699) to work on /home/airflow/.local/lib/python3.8/site-packages/airflow/example_dags/example_branch_operator.py
[2023-11-04T16:39:37.846+0000] {processor.py:829} INFO - Processing file /home/airflow/.local/lib/python3.8/site-packages/airflow/example_dags/example_branch_operator.py for tasks to queue
[2023-11-04T16:39:37.848+0000] {logging_mixin.py:151} INFO - [2023-11-04T16:39:37.847+0000] {dagbag.py:536} INFO - Filling up the DagBag from /home/airflow/.local/lib/python3.8/site-packages/airflow/example_dags/example_branch_operator.py
[2023-11-04T16:39:37.864+0000] {processor.py:839} INFO - DAG(s) dict_keys(['example_branch_operator']) retrieved from /home/airflow/.local/lib/python3.8/site-packages/airflow/example_dags/example_branch_operator.py
[2023-11-04T16:39:37.902+0000] {logging_mixin.py:151} INFO - [2023-11-04T16:39:37.901+0000] {dag.py:2941} INFO - Sync 1 DAGs
[2023-11-04T16:39:37.938+0000] {logging_mixin.py:151} INFO - [2023-11-04T16:39:37.938+0000] {dag.py:3722} INFO - Setting next_dagrun for example_branch_operator to 2023-11-03T00:00:00+00:00, run_after=2023-11-04T00:00:00+00:00
[2023-11-04T16:39:37.967+0000] {processor.py:179} INFO - Processing /home/airflow/.local/lib/python3.8/site-packages/airflow/example_dags/example_branch_operator.py took 0.129 seconds
[2023-11-04T16:40:08.168+0000] {processor.py:157} INFO - Started process (PID=7937) to work on /home/airflow/.local/lib/python3.8/site-packages/airflow/example_dags/example_branch_operator.py
[2023-11-04T16:40:08.170+0000] {processor.py:829} INFO - Processing file /home/airflow/.local/lib/python3.8/site-packages/airflow/example_dags/example_branch_operator.py for tasks to queue
[2023-11-04T16:40:08.172+0000] {logging_mixin.py:151} INFO - [2023-11-04T16:40:08.171+0000] {dagbag.py:536} INFO - Filling up the DagBag from /home/airflow/.local/lib/python3.8/site-packages/airflow/example_dags/example_branch_operator.py
[2023-11-04T16:40:08.188+0000] {processor.py:839} INFO - DAG(s) dict_keys(['example_branch_operator']) retrieved from /home/airflow/.local/lib/python3.8/site-packages/airflow/example_dags/example_branch_operator.py
[2023-11-04T16:40:08.228+0000] {logging_mixin.py:151} INFO - [2023-11-04T16:40:08.228+0000] {dag.py:2941} INFO - Sync 1 DAGs
[2023-11-04T16:40:08.264+0000] {logging_mixin.py:151} INFO - [2023-11-04T16:40:08.263+0000] {dag.py:3722} INFO - Setting next_dagrun for example_branch_operator to 2023-11-03T00:00:00+00:00, run_after=2023-11-04T00:00:00+00:00
[2023-11-04T16:40:08.293+0000] {processor.py:179} INFO - Processing /home/airflow/.local/lib/python3.8/site-packages/airflow/example_dags/example_branch_operator.py took 0.130 seconds
[2023-11-04T16:40:38.865+0000] {processor.py:157} INFO - Started process (PID=8175) to work on /home/airflow/.local/lib/python3.8/site-packages/airflow/example_dags/example_branch_operator.py
[2023-11-04T16:40:38.867+0000] {processor.py:829} INFO - Processing file /home/airflow/.local/lib/python3.8/site-packages/airflow/example_dags/example_branch_operator.py for tasks to queue
[2023-11-04T16:40:38.869+0000] {logging_mixin.py:151} INFO - [2023-11-04T16:40:38.868+0000] {dagbag.py:536} INFO - Filling up the DagBag from /home/airflow/.local/lib/python3.8/site-packages/airflow/example_dags/example_branch_operator.py
[2023-11-04T16:40:38.887+0000] {processor.py:839} INFO - DAG(s) dict_keys(['example_branch_operator']) retrieved from /home/airflow/.local/lib/python3.8/site-packages/airflow/example_dags/example_branch_operator.py
[2023-11-04T16:40:38.933+0000] {logging_mixin.py:151} INFO - [2023-11-04T16:40:38.933+0000] {dag.py:2941} INFO - Sync 1 DAGs
[2023-11-04T16:40:38.971+0000] {logging_mixin.py:151} INFO - [2023-11-04T16:40:38.971+0000] {dag.py:3722} INFO - Setting next_dagrun for example_branch_operator to 2023-11-03T00:00:00+00:00, run_after=2023-11-04T00:00:00+00:00
[2023-11-04T16:40:39.002+0000] {processor.py:179} INFO - Processing /home/airflow/.local/lib/python3.8/site-packages/airflow/example_dags/example_branch_operator.py took 0.142 seconds
[2023-11-04T16:41:09.175+0000] {processor.py:157} INFO - Started process (PID=8413) to work on /home/airflow/.local/lib/python3.8/site-packages/airflow/example_dags/example_branch_operator.py
[2023-11-04T16:41:09.177+0000] {processor.py:829} INFO - Processing file /home/airflow/.local/lib/python3.8/site-packages/airflow/example_dags/example_branch_operator.py for tasks to queue
[2023-11-04T16:41:09.179+0000] {logging_mixin.py:151} INFO - [2023-11-04T16:41:09.179+0000] {dagbag.py:536} INFO - Filling up the DagBag from /home/airflow/.local/lib/python3.8/site-packages/airflow/example_dags/example_branch_operator.py
[2023-11-04T16:41:09.201+0000] {processor.py:839} INFO - DAG(s) dict_keys(['example_branch_operator']) retrieved from /home/airflow/.local/lib/python3.8/site-packages/airflow/example_dags/example_branch_operator.py
[2023-11-04T16:41:09.243+0000] {logging_mixin.py:151} INFO - [2023-11-04T16:41:09.243+0000] {dag.py:2941} INFO - Sync 1 DAGs
[2023-11-04T16:41:09.279+0000] {logging_mixin.py:151} INFO - [2023-11-04T16:41:09.279+0000] {dag.py:3722} INFO - Setting next_dagrun for example_branch_operator to 2023-11-03T00:00:00+00:00, run_after=2023-11-04T00:00:00+00:00
[2023-11-04T16:41:09.309+0000] {processor.py:179} INFO - Processing /home/airflow/.local/lib/python3.8/site-packages/airflow/example_dags/example_branch_operator.py took 0.140 seconds
[2023-11-04T16:41:39.820+0000] {processor.py:157} INFO - Started process (PID=8651) to work on /home/airflow/.local/lib/python3.8/site-packages/airflow/example_dags/example_branch_operator.py
[2023-11-04T16:41:39.822+0000] {processor.py:829} INFO - Processing file /home/airflow/.local/lib/python3.8/site-packages/airflow/example_dags/example_branch_operator.py for tasks to queue
[2023-11-04T16:41:39.824+0000] {logging_mixin.py:151} INFO - [2023-11-04T16:41:39.823+0000] {dagbag.py:536} INFO - Filling up the DagBag from /home/airflow/.local/lib/python3.8/site-packages/airflow/example_dags/example_branch_operator.py
[2023-11-04T16:41:39.839+0000] {processor.py:839} INFO - DAG(s) dict_keys(['example_branch_operator']) retrieved from /home/airflow/.local/lib/python3.8/site-packages/airflow/example_dags/example_branch_operator.py
[2023-11-04T16:41:39.876+0000] {logging_mixin.py:151} INFO - [2023-11-04T16:41:39.876+0000] {dag.py:2941} INFO - Sync 1 DAGs
[2023-11-04T16:41:39.912+0000] {logging_mixin.py:151} INFO - [2023-11-04T16:41:39.911+0000] {dag.py:3722} INFO - Setting next_dagrun for example_branch_operator to 2023-11-03T00:00:00+00:00, run_after=2023-11-04T00:00:00+00:00
[2023-11-04T16:41:39.940+0000] {processor.py:179} INFO - Processing /home/airflow/.local/lib/python3.8/site-packages/airflow/example_dags/example_branch_operator.py took 0.125 seconds
[2023-11-04T16:42:10.522+0000] {processor.py:157} INFO - Started process (PID=8889) to work on /home/airflow/.local/lib/python3.8/site-packages/airflow/example_dags/example_branch_operator.py
[2023-11-04T16:42:10.524+0000] {processor.py:829} INFO - Processing file /home/airflow/.local/lib/python3.8/site-packages/airflow/example_dags/example_branch_operator.py for tasks to queue
[2023-11-04T16:42:10.526+0000] {logging_mixin.py:151} INFO - [2023-11-04T16:42:10.525+0000] {dagbag.py:536} INFO - Filling up the DagBag from /home/airflow/.local/lib/python3.8/site-packages/airflow/example_dags/example_branch_operator.py
[2023-11-04T16:42:10.541+0000] {processor.py:839} INFO - DAG(s) dict_keys(['example_branch_operator']) retrieved from /home/airflow/.local/lib/python3.8/site-packages/airflow/example_dags/example_branch_operator.py
[2023-11-04T16:42:10.578+0000] {logging_mixin.py:151} INFO - [2023-11-04T16:42:10.577+0000] {dag.py:2941} INFO - Sync 1 DAGs
[2023-11-04T16:42:10.614+0000] {logging_mixin.py:151} INFO - [2023-11-04T16:42:10.614+0000] {dag.py:3722} INFO - Setting next_dagrun for example_branch_operator to 2023-11-03T00:00:00+00:00, run_after=2023-11-04T00:00:00+00:00
[2023-11-04T16:42:10.799+0000] {processor.py:179} INFO - Processing /home/airflow/.local/lib/python3.8/site-packages/airflow/example_dags/example_branch_operator.py took 0.282 seconds
[2023-11-04T17:13:30.481+0000] {processor.py:157} INFO - Started process (PID=312) to work on /home/airflow/.local/lib/python3.8/site-packages/airflow/example_dags/example_branch_operator.py
[2023-11-04T17:13:30.483+0000] {processor.py:829} INFO - Processing file /home/airflow/.local/lib/python3.8/site-packages/airflow/example_dags/example_branch_operator.py for tasks to queue
[2023-11-04T17:13:30.485+0000] {logging_mixin.py:151} INFO - [2023-11-04T17:13:30.484+0000] {dagbag.py:536} INFO - Filling up the DagBag from /home/airflow/.local/lib/python3.8/site-packages/airflow/example_dags/example_branch_operator.py
[2023-11-04T17:13:30.505+0000] {processor.py:839} INFO - DAG(s) dict_keys(['example_branch_operator']) retrieved from /home/airflow/.local/lib/python3.8/site-packages/airflow/example_dags/example_branch_operator.py
[2023-11-04T17:13:30.546+0000] {logging_mixin.py:151} INFO - [2023-11-04T17:13:30.545+0000] {dag.py:2941} INFO - Sync 1 DAGs
[2023-11-04T17:13:30.587+0000] {logging_mixin.py:151} INFO - [2023-11-04T17:13:30.586+0000] {dag.py:3722} INFO - Setting next_dagrun for example_branch_operator to 2023-11-03T00:00:00+00:00, run_after=2023-11-04T00:00:00+00:00
[2023-11-04T17:13:30.619+0000] {processor.py:179} INFO - Processing /home/airflow/.local/lib/python3.8/site-packages/airflow/example_dags/example_branch_operator.py took 0.143 seconds
[2023-11-04T17:14:00.745+0000] {processor.py:157} INFO - Started process (PID=552) to work on /home/airflow/.local/lib/python3.8/site-packages/airflow/example_dags/example_branch_operator.py
[2023-11-04T17:14:00.747+0000] {processor.py:829} INFO - Processing file /home/airflow/.local/lib/python3.8/site-packages/airflow/example_dags/example_branch_operator.py for tasks to queue
[2023-11-04T17:14:00.749+0000] {logging_mixin.py:151} INFO - [2023-11-04T17:14:00.748+0000] {dagbag.py:536} INFO - Filling up the DagBag from /home/airflow/.local/lib/python3.8/site-packages/airflow/example_dags/example_branch_operator.py
[2023-11-04T17:14:00.764+0000] {processor.py:839} INFO - DAG(s) dict_keys(['example_branch_operator']) retrieved from /home/airflow/.local/lib/python3.8/site-packages/airflow/example_dags/example_branch_operator.py
[2023-11-04T17:14:00.782+0000] {logging_mixin.py:151} INFO - [2023-11-04T17:14:00.782+0000] {dag.py:2941} INFO - Sync 1 DAGs
[2023-11-04T17:14:00.819+0000] {logging_mixin.py:151} INFO - [2023-11-04T17:14:00.819+0000] {dag.py:3722} INFO - Setting next_dagrun for example_branch_operator to 2023-11-03T00:00:00+00:00, run_after=2023-11-04T00:00:00+00:00
[2023-11-04T17:14:00.851+0000] {processor.py:179} INFO - Processing /home/airflow/.local/lib/python3.8/site-packages/airflow/example_dags/example_branch_operator.py took 0.111 seconds
[2023-11-04T17:14:31.771+0000] {processor.py:157} INFO - Started process (PID=790) to work on /home/airflow/.local/lib/python3.8/site-packages/airflow/example_dags/example_branch_operator.py
[2023-11-04T17:14:31.773+0000] {processor.py:829} INFO - Processing file /home/airflow/.local/lib/python3.8/site-packages/airflow/example_dags/example_branch_operator.py for tasks to queue
[2023-11-04T17:14:31.774+0000] {logging_mixin.py:151} INFO - [2023-11-04T17:14:31.774+0000] {dagbag.py:536} INFO - Filling up the DagBag from /home/airflow/.local/lib/python3.8/site-packages/airflow/example_dags/example_branch_operator.py
[2023-11-04T17:14:31.789+0000] {processor.py:839} INFO - DAG(s) dict_keys(['example_branch_operator']) retrieved from /home/airflow/.local/lib/python3.8/site-packages/airflow/example_dags/example_branch_operator.py
[2023-11-04T17:14:31.810+0000] {logging_mixin.py:151} INFO - [2023-11-04T17:14:31.810+0000] {dag.py:2941} INFO - Sync 1 DAGs
[2023-11-04T17:14:31.854+0000] {logging_mixin.py:151} INFO - [2023-11-04T17:14:31.854+0000] {dag.py:3722} INFO - Setting next_dagrun for example_branch_operator to 2023-11-03T00:00:00+00:00, run_after=2023-11-04T00:00:00+00:00
[2023-11-04T17:14:31.885+0000] {processor.py:179} INFO - Processing /home/airflow/.local/lib/python3.8/site-packages/airflow/example_dags/example_branch_operator.py took 0.118 seconds
[2023-11-04T17:15:02.477+0000] {processor.py:157} INFO - Started process (PID=1028) to work on /home/airflow/.local/lib/python3.8/site-packages/airflow/example_dags/example_branch_operator.py
[2023-11-04T17:15:02.479+0000] {processor.py:829} INFO - Processing file /home/airflow/.local/lib/python3.8/site-packages/airflow/example_dags/example_branch_operator.py for tasks to queue
[2023-11-04T17:15:02.480+0000] {logging_mixin.py:151} INFO - [2023-11-04T17:15:02.480+0000] {dagbag.py:536} INFO - Filling up the DagBag from /home/airflow/.local/lib/python3.8/site-packages/airflow/example_dags/example_branch_operator.py
[2023-11-04T17:15:02.503+0000] {processor.py:839} INFO - DAG(s) dict_keys(['example_branch_operator']) retrieved from /home/airflow/.local/lib/python3.8/site-packages/airflow/example_dags/example_branch_operator.py
[2023-11-04T17:15:02.549+0000] {logging_mixin.py:151} INFO - [2023-11-04T17:15:02.548+0000] {dag.py:2941} INFO - Sync 1 DAGs
[2023-11-04T17:15:02.584+0000] {logging_mixin.py:151} INFO - [2023-11-04T17:15:02.584+0000] {dag.py:3722} INFO - Setting next_dagrun for example_branch_operator to 2023-11-03T00:00:00+00:00, run_after=2023-11-04T00:00:00+00:00
[2023-11-04T17:15:02.620+0000] {processor.py:179} INFO - Processing /home/airflow/.local/lib/python3.8/site-packages/airflow/example_dags/example_branch_operator.py took 0.148 seconds
[2023-11-04T17:15:33.479+0000] {processor.py:157} INFO - Started process (PID=1266) to work on /home/airflow/.local/lib/python3.8/site-packages/airflow/example_dags/example_branch_operator.py
[2023-11-04T17:15:33.481+0000] {processor.py:829} INFO - Processing file /home/airflow/.local/lib/python3.8/site-packages/airflow/example_dags/example_branch_operator.py for tasks to queue
[2023-11-04T17:15:33.482+0000] {logging_mixin.py:151} INFO - [2023-11-04T17:15:33.482+0000] {dagbag.py:536} INFO - Filling up the DagBag from /home/airflow/.local/lib/python3.8/site-packages/airflow/example_dags/example_branch_operator.py
[2023-11-04T17:15:33.498+0000] {processor.py:839} INFO - DAG(s) dict_keys(['example_branch_operator']) retrieved from /home/airflow/.local/lib/python3.8/site-packages/airflow/example_dags/example_branch_operator.py
[2023-11-04T17:15:33.540+0000] {logging_mixin.py:151} INFO - [2023-11-04T17:15:33.539+0000] {dag.py:2941} INFO - Sync 1 DAGs
[2023-11-04T17:15:33.578+0000] {logging_mixin.py:151} INFO - [2023-11-04T17:15:33.578+0000] {dag.py:3722} INFO - Setting next_dagrun for example_branch_operator to 2023-11-03T00:00:00+00:00, run_after=2023-11-04T00:00:00+00:00
[2023-11-04T17:15:33.613+0000] {processor.py:179} INFO - Processing /home/airflow/.local/lib/python3.8/site-packages/airflow/example_dags/example_branch_operator.py took 0.139 seconds
[2023-11-04T17:16:03.772+0000] {processor.py:157} INFO - Started process (PID=1526) to work on /home/airflow/.local/lib/python3.8/site-packages/airflow/example_dags/example_branch_operator.py
[2023-11-04T17:16:03.774+0000] {processor.py:829} INFO - Processing file /home/airflow/.local/lib/python3.8/site-packages/airflow/example_dags/example_branch_operator.py for tasks to queue
[2023-11-04T17:16:03.776+0000] {logging_mixin.py:151} INFO - [2023-11-04T17:16:03.775+0000] {dagbag.py:536} INFO - Filling up the DagBag from /home/airflow/.local/lib/python3.8/site-packages/airflow/example_dags/example_branch_operator.py
[2023-11-04T17:16:03.795+0000] {processor.py:839} INFO - DAG(s) dict_keys(['example_branch_operator']) retrieved from /home/airflow/.local/lib/python3.8/site-packages/airflow/example_dags/example_branch_operator.py
[2023-11-04T17:16:03.837+0000] {logging_mixin.py:151} INFO - [2023-11-04T17:16:03.836+0000] {dag.py:2941} INFO - Sync 1 DAGs
[2023-11-04T17:16:03.878+0000] {logging_mixin.py:151} INFO - [2023-11-04T17:16:03.878+0000] {dag.py:3722} INFO - Setting next_dagrun for example_branch_operator to 2023-11-03T00:00:00+00:00, run_after=2023-11-04T00:00:00+00:00
[2023-11-04T17:16:03.910+0000] {processor.py:179} INFO - Processing /home/airflow/.local/lib/python3.8/site-packages/airflow/example_dags/example_branch_operator.py took 0.143 seconds
[2023-11-04T17:16:34.196+0000] {processor.py:157} INFO - Started process (PID=1767) to work on /home/airflow/.local/lib/python3.8/site-packages/airflow/example_dags/example_branch_operator.py
[2023-11-04T17:16:34.197+0000] {processor.py:829} INFO - Processing file /home/airflow/.local/lib/python3.8/site-packages/airflow/example_dags/example_branch_operator.py for tasks to queue
[2023-11-04T17:16:34.199+0000] {logging_mixin.py:151} INFO - [2023-11-04T17:16:34.199+0000] {dagbag.py:536} INFO - Filling up the DagBag from /home/airflow/.local/lib/python3.8/site-packages/airflow/example_dags/example_branch_operator.py
[2023-11-04T17:16:34.217+0000] {processor.py:839} INFO - DAG(s) dict_keys(['example_branch_operator']) retrieved from /home/airflow/.local/lib/python3.8/site-packages/airflow/example_dags/example_branch_operator.py
[2023-11-04T17:16:34.259+0000] {logging_mixin.py:151} INFO - [2023-11-04T17:16:34.258+0000] {dag.py:2941} INFO - Sync 1 DAGs
[2023-11-04T17:16:34.315+0000] {logging_mixin.py:151} INFO - [2023-11-04T17:16:34.315+0000] {dag.py:3722} INFO - Setting next_dagrun for example_branch_operator to 2023-11-03T00:00:00+00:00, run_after=2023-11-04T00:00:00+00:00
[2023-11-04T17:16:34.350+0000] {processor.py:179} INFO - Processing /home/airflow/.local/lib/python3.8/site-packages/airflow/example_dags/example_branch_operator.py took 0.159 seconds
[2023-11-04T17:17:04.905+0000] {processor.py:157} INFO - Started process (PID=2003) to work on /home/airflow/.local/lib/python3.8/site-packages/airflow/example_dags/example_branch_operator.py
[2023-11-04T17:17:04.906+0000] {processor.py:829} INFO - Processing file /home/airflow/.local/lib/python3.8/site-packages/airflow/example_dags/example_branch_operator.py for tasks to queue
[2023-11-04T17:17:04.908+0000] {logging_mixin.py:151} INFO - [2023-11-04T17:17:04.908+0000] {dagbag.py:536} INFO - Filling up the DagBag from /home/airflow/.local/lib/python3.8/site-packages/airflow/example_dags/example_branch_operator.py
[2023-11-04T17:17:04.923+0000] {processor.py:839} INFO - DAG(s) dict_keys(['example_branch_operator']) retrieved from /home/airflow/.local/lib/python3.8/site-packages/airflow/example_dags/example_branch_operator.py
[2023-11-04T17:17:04.960+0000] {logging_mixin.py:151} INFO - [2023-11-04T17:17:04.960+0000] {dag.py:2941} INFO - Sync 1 DAGs
[2023-11-04T17:17:04.994+0000] {logging_mixin.py:151} INFO - [2023-11-04T17:17:04.994+0000] {dag.py:3722} INFO - Setting next_dagrun for example_branch_operator to 2023-11-03T00:00:00+00:00, run_after=2023-11-04T00:00:00+00:00
[2023-11-04T17:17:05.022+0000] {processor.py:179} INFO - Processing /home/airflow/.local/lib/python3.8/site-packages/airflow/example_dags/example_branch_operator.py took 0.122 seconds
[2023-11-04T17:17:35.125+0000] {processor.py:157} INFO - Started process (PID=2241) to work on /home/airflow/.local/lib/python3.8/site-packages/airflow/example_dags/example_branch_operator.py
[2023-11-04T17:17:35.127+0000] {processor.py:829} INFO - Processing file /home/airflow/.local/lib/python3.8/site-packages/airflow/example_dags/example_branch_operator.py for tasks to queue
[2023-11-04T17:17:35.129+0000] {logging_mixin.py:151} INFO - [2023-11-04T17:17:35.128+0000] {dagbag.py:536} INFO - Filling up the DagBag from /home/airflow/.local/lib/python3.8/site-packages/airflow/example_dags/example_branch_operator.py
[2023-11-04T17:17:35.144+0000] {processor.py:839} INFO - DAG(s) dict_keys(['example_branch_operator']) retrieved from /home/airflow/.local/lib/python3.8/site-packages/airflow/example_dags/example_branch_operator.py
[2023-11-04T17:17:35.182+0000] {logging_mixin.py:151} INFO - [2023-11-04T17:17:35.181+0000] {dag.py:2941} INFO - Sync 1 DAGs
[2023-11-04T17:17:35.220+0000] {logging_mixin.py:151} INFO - [2023-11-04T17:17:35.219+0000] {dag.py:3722} INFO - Setting next_dagrun for example_branch_operator to 2023-11-03T00:00:00+00:00, run_after=2023-11-04T00:00:00+00:00
[2023-11-04T17:17:35.261+0000] {processor.py:179} INFO - Processing /home/airflow/.local/lib/python3.8/site-packages/airflow/example_dags/example_branch_operator.py took 0.140 seconds
[2023-11-04T17:18:05.357+0000] {processor.py:157} INFO - Started process (PID=2485) to work on /home/airflow/.local/lib/python3.8/site-packages/airflow/example_dags/example_branch_operator.py
[2023-11-04T17:18:05.359+0000] {processor.py:829} INFO - Processing file /home/airflow/.local/lib/python3.8/site-packages/airflow/example_dags/example_branch_operator.py for tasks to queue
[2023-11-04T17:18:05.360+0000] {logging_mixin.py:151} INFO - [2023-11-04T17:18:05.360+0000] {dagbag.py:536} INFO - Filling up the DagBag from /home/airflow/.local/lib/python3.8/site-packages/airflow/example_dags/example_branch_operator.py
[2023-11-04T17:18:05.379+0000] {processor.py:839} INFO - DAG(s) dict_keys(['example_branch_operator']) retrieved from /home/airflow/.local/lib/python3.8/site-packages/airflow/example_dags/example_branch_operator.py
[2023-11-04T17:18:05.415+0000] {logging_mixin.py:151} INFO - [2023-11-04T17:18:05.415+0000] {dag.py:2941} INFO - Sync 1 DAGs
[2023-11-04T17:18:05.450+0000] {logging_mixin.py:151} INFO - [2023-11-04T17:18:05.450+0000] {dag.py:3722} INFO - Setting next_dagrun for example_branch_operator to 2023-11-03T00:00:00+00:00, run_after=2023-11-04T00:00:00+00:00
[2023-11-04T17:18:05.486+0000] {processor.py:179} INFO - Processing /home/airflow/.local/lib/python3.8/site-packages/airflow/example_dags/example_branch_operator.py took 0.134 seconds
[2023-11-04T17:18:36.061+0000] {processor.py:157} INFO - Started process (PID=2724) to work on /home/airflow/.local/lib/python3.8/site-packages/airflow/example_dags/example_branch_operator.py
[2023-11-04T17:18:36.062+0000] {processor.py:829} INFO - Processing file /home/airflow/.local/lib/python3.8/site-packages/airflow/example_dags/example_branch_operator.py for tasks to queue
[2023-11-04T17:18:36.064+0000] {logging_mixin.py:151} INFO - [2023-11-04T17:18:36.064+0000] {dagbag.py:536} INFO - Filling up the DagBag from /home/airflow/.local/lib/python3.8/site-packages/airflow/example_dags/example_branch_operator.py
[2023-11-04T17:18:36.079+0000] {processor.py:839} INFO - DAG(s) dict_keys(['example_branch_operator']) retrieved from /home/airflow/.local/lib/python3.8/site-packages/airflow/example_dags/example_branch_operator.py
[2023-11-04T17:18:36.115+0000] {logging_mixin.py:151} INFO - [2023-11-04T17:18:36.114+0000] {dag.py:2941} INFO - Sync 1 DAGs
[2023-11-04T17:18:36.149+0000] {logging_mixin.py:151} INFO - [2023-11-04T17:18:36.149+0000] {dag.py:3722} INFO - Setting next_dagrun for example_branch_operator to 2023-11-03T00:00:00+00:00, run_after=2023-11-04T00:00:00+00:00
[2023-11-04T17:18:36.180+0000] {processor.py:179} INFO - Processing /home/airflow/.local/lib/python3.8/site-packages/airflow/example_dags/example_branch_operator.py took 0.124 seconds
[2023-11-04T17:19:06.404+0000] {processor.py:157} INFO - Started process (PID=2962) to work on /home/airflow/.local/lib/python3.8/site-packages/airflow/example_dags/example_branch_operator.py
[2023-11-04T17:19:06.406+0000] {processor.py:829} INFO - Processing file /home/airflow/.local/lib/python3.8/site-packages/airflow/example_dags/example_branch_operator.py for tasks to queue
[2023-11-04T17:19:06.408+0000] {logging_mixin.py:151} INFO - [2023-11-04T17:19:06.407+0000] {dagbag.py:536} INFO - Filling up the DagBag from /home/airflow/.local/lib/python3.8/site-packages/airflow/example_dags/example_branch_operator.py
[2023-11-04T17:19:06.424+0000] {processor.py:839} INFO - DAG(s) dict_keys(['example_branch_operator']) retrieved from /home/airflow/.local/lib/python3.8/site-packages/airflow/example_dags/example_branch_operator.py
[2023-11-04T17:19:06.462+0000] {logging_mixin.py:151} INFO - [2023-11-04T17:19:06.462+0000] {dag.py:2941} INFO - Sync 1 DAGs
[2023-11-04T17:19:06.498+0000] {logging_mixin.py:151} INFO - [2023-11-04T17:19:06.498+0000] {dag.py:3722} INFO - Setting next_dagrun for example_branch_operator to 2023-11-03T00:00:00+00:00, run_after=2023-11-04T00:00:00+00:00
[2023-11-04T17:19:06.528+0000] {processor.py:179} INFO - Processing /home/airflow/.local/lib/python3.8/site-packages/airflow/example_dags/example_branch_operator.py took 0.129 seconds
[2023-11-04T17:19:36.687+0000] {processor.py:157} INFO - Started process (PID=3200) to work on /home/airflow/.local/lib/python3.8/site-packages/airflow/example_dags/example_branch_operator.py
[2023-11-04T17:19:36.688+0000] {processor.py:829} INFO - Processing file /home/airflow/.local/lib/python3.8/site-packages/airflow/example_dags/example_branch_operator.py for tasks to queue
[2023-11-04T17:19:36.690+0000] {logging_mixin.py:151} INFO - [2023-11-04T17:19:36.689+0000] {dagbag.py:536} INFO - Filling up the DagBag from /home/airflow/.local/lib/python3.8/site-packages/airflow/example_dags/example_branch_operator.py
[2023-11-04T17:19:36.704+0000] {processor.py:839} INFO - DAG(s) dict_keys(['example_branch_operator']) retrieved from /home/airflow/.local/lib/python3.8/site-packages/airflow/example_dags/example_branch_operator.py
[2023-11-04T17:19:36.741+0000] {logging_mixin.py:151} INFO - [2023-11-04T17:19:36.741+0000] {dag.py:2941} INFO - Sync 1 DAGs
[2023-11-04T17:19:36.779+0000] {logging_mixin.py:151} INFO - [2023-11-04T17:19:36.779+0000] {dag.py:3722} INFO - Setting next_dagrun for example_branch_operator to 2023-11-03T00:00:00+00:00, run_after=2023-11-04T00:00:00+00:00
[2023-11-04T17:19:36.808+0000] {processor.py:179} INFO - Processing /home/airflow/.local/lib/python3.8/site-packages/airflow/example_dags/example_branch_operator.py took 0.127 seconds
[2023-11-04T17:20:07.375+0000] {processor.py:157} INFO - Started process (PID=3438) to work on /home/airflow/.local/lib/python3.8/site-packages/airflow/example_dags/example_branch_operator.py
[2023-11-04T17:20:07.377+0000] {processor.py:829} INFO - Processing file /home/airflow/.local/lib/python3.8/site-packages/airflow/example_dags/example_branch_operator.py for tasks to queue
[2023-11-04T17:20:07.379+0000] {logging_mixin.py:151} INFO - [2023-11-04T17:20:07.378+0000] {dagbag.py:536} INFO - Filling up the DagBag from /home/airflow/.local/lib/python3.8/site-packages/airflow/example_dags/example_branch_operator.py
[2023-11-04T17:20:07.394+0000] {processor.py:839} INFO - DAG(s) dict_keys(['example_branch_operator']) retrieved from /home/airflow/.local/lib/python3.8/site-packages/airflow/example_dags/example_branch_operator.py
[2023-11-04T17:20:07.431+0000] {logging_mixin.py:151} INFO - [2023-11-04T17:20:07.430+0000] {dag.py:2941} INFO - Sync 1 DAGs
[2023-11-04T17:20:07.471+0000] {logging_mixin.py:151} INFO - [2023-11-04T17:20:07.470+0000] {dag.py:3722} INFO - Setting next_dagrun for example_branch_operator to 2023-11-03T00:00:00+00:00, run_after=2023-11-04T00:00:00+00:00
[2023-11-04T17:20:07.500+0000] {processor.py:179} INFO - Processing /home/airflow/.local/lib/python3.8/site-packages/airflow/example_dags/example_branch_operator.py took 0.130 seconds
[2023-11-04T17:20:37.814+0000] {processor.py:157} INFO - Started process (PID=3676) to work on /home/airflow/.local/lib/python3.8/site-packages/airflow/example_dags/example_branch_operator.py
[2023-11-04T17:20:37.815+0000] {processor.py:829} INFO - Processing file /home/airflow/.local/lib/python3.8/site-packages/airflow/example_dags/example_branch_operator.py for tasks to queue
[2023-11-04T17:20:37.817+0000] {logging_mixin.py:151} INFO - [2023-11-04T17:20:37.817+0000] {dagbag.py:536} INFO - Filling up the DagBag from /home/airflow/.local/lib/python3.8/site-packages/airflow/example_dags/example_branch_operator.py
[2023-11-04T17:20:37.835+0000] {processor.py:839} INFO - DAG(s) dict_keys(['example_branch_operator']) retrieved from /home/airflow/.local/lib/python3.8/site-packages/airflow/example_dags/example_branch_operator.py
[2023-11-04T17:20:37.874+0000] {logging_mixin.py:151} INFO - [2023-11-04T17:20:37.874+0000] {dag.py:2941} INFO - Sync 1 DAGs
[2023-11-04T17:20:37.909+0000] {logging_mixin.py:151} INFO - [2023-11-04T17:20:37.909+0000] {dag.py:3722} INFO - Setting next_dagrun for example_branch_operator to 2023-11-03T00:00:00+00:00, run_after=2023-11-04T00:00:00+00:00
[2023-11-04T17:20:37.939+0000] {processor.py:179} INFO - Processing /home/airflow/.local/lib/python3.8/site-packages/airflow/example_dags/example_branch_operator.py took 0.130 seconds
[2023-11-04T17:21:09.287+0000] {processor.py:157} INFO - Started process (PID=3919) to work on /home/airflow/.local/lib/python3.8/site-packages/airflow/example_dags/example_branch_operator.py
[2023-11-04T17:21:09.293+0000] {processor.py:829} INFO - Processing file /home/airflow/.local/lib/python3.8/site-packages/airflow/example_dags/example_branch_operator.py for tasks to queue
[2023-11-04T17:21:09.311+0000] {logging_mixin.py:151} INFO - [2023-11-04T17:21:09.303+0000] {dagbag.py:536} INFO - Filling up the DagBag from /home/airflow/.local/lib/python3.8/site-packages/airflow/example_dags/example_branch_operator.py
[2023-11-04T17:21:09.423+0000] {processor.py:839} INFO - DAG(s) dict_keys(['example_branch_operator']) retrieved from /home/airflow/.local/lib/python3.8/site-packages/airflow/example_dags/example_branch_operator.py
[2023-11-04T17:21:09.575+0000] {logging_mixin.py:151} INFO - [2023-11-04T17:21:09.575+0000] {dag.py:2941} INFO - Sync 1 DAGs
[2023-11-04T17:21:09.703+0000] {logging_mixin.py:151} INFO - [2023-11-04T17:21:09.703+0000] {dag.py:3722} INFO - Setting next_dagrun for example_branch_operator to 2023-11-03T00:00:00+00:00, run_after=2023-11-04T00:00:00+00:00
[2023-11-04T17:21:09.782+0000] {processor.py:179} INFO - Processing /home/airflow/.local/lib/python3.8/site-packages/airflow/example_dags/example_branch_operator.py took 0.521 seconds
[2023-11-04T17:21:40.273+0000] {processor.py:157} INFO - Started process (PID=4196) to work on /home/airflow/.local/lib/python3.8/site-packages/airflow/example_dags/example_branch_operator.py
[2023-11-04T17:21:40.275+0000] {processor.py:829} INFO - Processing file /home/airflow/.local/lib/python3.8/site-packages/airflow/example_dags/example_branch_operator.py for tasks to queue
[2023-11-04T17:21:40.277+0000] {logging_mixin.py:151} INFO - [2023-11-04T17:21:40.276+0000] {dagbag.py:536} INFO - Filling up the DagBag from /home/airflow/.local/lib/python3.8/site-packages/airflow/example_dags/example_branch_operator.py
[2023-11-04T17:21:40.295+0000] {processor.py:839} INFO - DAG(s) dict_keys(['example_branch_operator']) retrieved from /home/airflow/.local/lib/python3.8/site-packages/airflow/example_dags/example_branch_operator.py
[2023-11-04T17:21:40.347+0000] {logging_mixin.py:151} INFO - [2023-11-04T17:21:40.346+0000] {dag.py:2941} INFO - Sync 1 DAGs
[2023-11-04T17:21:40.392+0000] {logging_mixin.py:151} INFO - [2023-11-04T17:21:40.392+0000] {dag.py:3722} INFO - Setting next_dagrun for example_branch_operator to 2023-11-03T00:00:00+00:00, run_after=2023-11-04T00:00:00+00:00
[2023-11-04T17:21:40.429+0000] {processor.py:179} INFO - Processing /home/airflow/.local/lib/python3.8/site-packages/airflow/example_dags/example_branch_operator.py took 0.162 seconds
[2023-11-04T17:22:11.141+0000] {processor.py:157} INFO - Started process (PID=4438) to work on /home/airflow/.local/lib/python3.8/site-packages/airflow/example_dags/example_branch_operator.py
[2023-11-04T17:22:11.143+0000] {processor.py:829} INFO - Processing file /home/airflow/.local/lib/python3.8/site-packages/airflow/example_dags/example_branch_operator.py for tasks to queue
[2023-11-04T17:22:11.145+0000] {logging_mixin.py:151} INFO - [2023-11-04T17:22:11.144+0000] {dagbag.py:536} INFO - Filling up the DagBag from /home/airflow/.local/lib/python3.8/site-packages/airflow/example_dags/example_branch_operator.py
[2023-11-04T17:22:11.170+0000] {processor.py:839} INFO - DAG(s) dict_keys(['example_branch_operator']) retrieved from /home/airflow/.local/lib/python3.8/site-packages/airflow/example_dags/example_branch_operator.py
[2023-11-04T17:22:11.228+0000] {logging_mixin.py:151} INFO - [2023-11-04T17:22:11.228+0000] {dag.py:2941} INFO - Sync 1 DAGs
[2023-11-04T17:22:11.283+0000] {logging_mixin.py:151} INFO - [2023-11-04T17:22:11.282+0000] {dag.py:3722} INFO - Setting next_dagrun for example_branch_operator to 2023-11-03T00:00:00+00:00, run_after=2023-11-04T00:00:00+00:00
[2023-11-04T17:22:11.333+0000] {processor.py:179} INFO - Processing /home/airflow/.local/lib/python3.8/site-packages/airflow/example_dags/example_branch_operator.py took 0.200 seconds
[2023-11-04T17:22:41.695+0000] {processor.py:157} INFO - Started process (PID=4676) to work on /home/airflow/.local/lib/python3.8/site-packages/airflow/example_dags/example_branch_operator.py
[2023-11-04T17:22:41.704+0000] {processor.py:829} INFO - Processing file /home/airflow/.local/lib/python3.8/site-packages/airflow/example_dags/example_branch_operator.py for tasks to queue
[2023-11-04T17:22:41.713+0000] {logging_mixin.py:151} INFO - [2023-11-04T17:22:41.712+0000] {dagbag.py:536} INFO - Filling up the DagBag from /home/airflow/.local/lib/python3.8/site-packages/airflow/example_dags/example_branch_operator.py
[2023-11-04T17:22:41.741+0000] {processor.py:839} INFO - DAG(s) dict_keys(['example_branch_operator']) retrieved from /home/airflow/.local/lib/python3.8/site-packages/airflow/example_dags/example_branch_operator.py
[2023-11-04T17:22:41.799+0000] {logging_mixin.py:151} INFO - [2023-11-04T17:22:41.799+0000] {dag.py:2941} INFO - Sync 1 DAGs
[2023-11-04T17:22:41.859+0000] {logging_mixin.py:151} INFO - [2023-11-04T17:22:41.859+0000] {dag.py:3722} INFO - Setting next_dagrun for example_branch_operator to 2023-11-03T00:00:00+00:00, run_after=2023-11-04T00:00:00+00:00
[2023-11-04T17:22:41.910+0000] {processor.py:179} INFO - Processing /home/airflow/.local/lib/python3.8/site-packages/airflow/example_dags/example_branch_operator.py took 0.240 seconds
