[2023-11-04T16:23:45.850+0000] {processor.py:157} INFO - Started process (PID=248) to work on /home/airflow/.local/lib/python3.8/site-packages/airflow/example_dags/example_params_ui_tutorial.py
[2023-11-04T16:23:45.851+0000] {processor.py:829} INFO - Processing file /home/airflow/.local/lib/python3.8/site-packages/airflow/example_dags/example_params_ui_tutorial.py for tasks to queue
[2023-11-04T16:23:45.853+0000] {logging_mixin.py:151} INFO - [2023-11-04T16:23:45.853+0000] {dagbag.py:536} INFO - Filling up the DagBag from /home/airflow/.local/lib/python3.8/site-packages/airflow/example_dags/example_params_ui_tutorial.py
[2023-11-04T16:23:45.926+0000] {processor.py:839} INFO - DAG(s) dict_keys(['example_params_ui_tutorial']) retrieved from /home/airflow/.local/lib/python3.8/site-packages/airflow/example_dags/example_params_ui_tutorial.py
[2023-11-04T16:23:45.945+0000] {logging_mixin.py:151} INFO - [2023-11-04T16:23:45.945+0000] {dag.py:2941} INFO - Sync 1 DAGs
[2023-11-04T16:23:45.970+0000] {logging_mixin.py:151} INFO - [2023-11-04T16:23:45.970+0000] {dag.py:3722} INFO - Setting next_dagrun for example_params_ui_tutorial to None, run_after=None
[2023-11-04T16:23:46.000+0000] {processor.py:179} INFO - Processing /home/airflow/.local/lib/python3.8/site-packages/airflow/example_dags/example_params_ui_tutorial.py took 0.155 seconds
[2023-11-04T16:24:16.384+0000] {processor.py:157} INFO - Started process (PID=486) to work on /home/airflow/.local/lib/python3.8/site-packages/airflow/example_dags/example_params_ui_tutorial.py
[2023-11-04T16:24:16.386+0000] {processor.py:829} INFO - Processing file /home/airflow/.local/lib/python3.8/site-packages/airflow/example_dags/example_params_ui_tutorial.py for tasks to queue
[2023-11-04T16:24:16.387+0000] {logging_mixin.py:151} INFO - [2023-11-04T16:24:16.387+0000] {dagbag.py:536} INFO - Filling up the DagBag from /home/airflow/.local/lib/python3.8/site-packages/airflow/example_dags/example_params_ui_tutorial.py
[2023-11-04T16:24:16.445+0000] {processor.py:839} INFO - DAG(s) dict_keys(['example_params_ui_tutorial']) retrieved from /home/airflow/.local/lib/python3.8/site-packages/airflow/example_dags/example_params_ui_tutorial.py
[2023-11-04T16:24:16.542+0000] {logging_mixin.py:151} INFO - [2023-11-04T16:24:16.542+0000] {dag.py:2941} INFO - Sync 1 DAGs
[2023-11-04T16:24:16.561+0000] {logging_mixin.py:151} INFO - [2023-11-04T16:24:16.561+0000] {dag.py:3722} INFO - Setting next_dagrun for example_params_ui_tutorial to None, run_after=None
[2023-11-04T16:24:16.590+0000] {processor.py:179} INFO - Processing /home/airflow/.local/lib/python3.8/site-packages/airflow/example_dags/example_params_ui_tutorial.py took 0.211 seconds
[2023-11-04T16:24:46.928+0000] {processor.py:157} INFO - Started process (PID=724) to work on /home/airflow/.local/lib/python3.8/site-packages/airflow/example_dags/example_params_ui_tutorial.py
[2023-11-04T16:24:46.929+0000] {processor.py:829} INFO - Processing file /home/airflow/.local/lib/python3.8/site-packages/airflow/example_dags/example_params_ui_tutorial.py for tasks to queue
[2023-11-04T16:24:46.931+0000] {logging_mixin.py:151} INFO - [2023-11-04T16:24:46.931+0000] {dagbag.py:536} INFO - Filling up the DagBag from /home/airflow/.local/lib/python3.8/site-packages/airflow/example_dags/example_params_ui_tutorial.py
[2023-11-04T16:24:46.997+0000] {processor.py:839} INFO - DAG(s) dict_keys(['example_params_ui_tutorial']) retrieved from /home/airflow/.local/lib/python3.8/site-packages/airflow/example_dags/example_params_ui_tutorial.py
[2023-11-04T16:24:47.099+0000] {logging_mixin.py:151} INFO - [2023-11-04T16:24:47.099+0000] {dag.py:2941} INFO - Sync 1 DAGs
[2023-11-04T16:24:47.120+0000] {logging_mixin.py:151} INFO - [2023-11-04T16:24:47.120+0000] {dag.py:3722} INFO - Setting next_dagrun for example_params_ui_tutorial to None, run_after=None
[2023-11-04T16:24:47.152+0000] {processor.py:179} INFO - Processing /home/airflow/.local/lib/python3.8/site-packages/airflow/example_dags/example_params_ui_tutorial.py took 0.229 seconds
[2023-11-04T16:25:17.193+0000] {processor.py:157} INFO - Started process (PID=962) to work on /home/airflow/.local/lib/python3.8/site-packages/airflow/example_dags/example_params_ui_tutorial.py
[2023-11-04T16:25:17.195+0000] {processor.py:829} INFO - Processing file /home/airflow/.local/lib/python3.8/site-packages/airflow/example_dags/example_params_ui_tutorial.py for tasks to queue
[2023-11-04T16:25:17.196+0000] {logging_mixin.py:151} INFO - [2023-11-04T16:25:17.196+0000] {dagbag.py:536} INFO - Filling up the DagBag from /home/airflow/.local/lib/python3.8/site-packages/airflow/example_dags/example_params_ui_tutorial.py
[2023-11-04T16:25:17.258+0000] {processor.py:839} INFO - DAG(s) dict_keys(['example_params_ui_tutorial']) retrieved from /home/airflow/.local/lib/python3.8/site-packages/airflow/example_dags/example_params_ui_tutorial.py
[2023-11-04T16:25:17.347+0000] {logging_mixin.py:151} INFO - [2023-11-04T16:25:17.347+0000] {dag.py:2941} INFO - Sync 1 DAGs
[2023-11-04T16:25:17.367+0000] {logging_mixin.py:151} INFO - [2023-11-04T16:25:17.367+0000] {dag.py:3722} INFO - Setting next_dagrun for example_params_ui_tutorial to None, run_after=None
[2023-11-04T16:25:17.396+0000] {processor.py:179} INFO - Processing /home/airflow/.local/lib/python3.8/site-packages/airflow/example_dags/example_params_ui_tutorial.py took 0.208 seconds
[2023-11-04T16:25:47.458+0000] {processor.py:157} INFO - Started process (PID=1200) to work on /home/airflow/.local/lib/python3.8/site-packages/airflow/example_dags/example_params_ui_tutorial.py
[2023-11-04T16:25:47.460+0000] {processor.py:829} INFO - Processing file /home/airflow/.local/lib/python3.8/site-packages/airflow/example_dags/example_params_ui_tutorial.py for tasks to queue
[2023-11-04T16:25:47.461+0000] {logging_mixin.py:151} INFO - [2023-11-04T16:25:47.461+0000] {dagbag.py:536} INFO - Filling up the DagBag from /home/airflow/.local/lib/python3.8/site-packages/airflow/example_dags/example_params_ui_tutorial.py
[2023-11-04T16:25:47.521+0000] {processor.py:839} INFO - DAG(s) dict_keys(['example_params_ui_tutorial']) retrieved from /home/airflow/.local/lib/python3.8/site-packages/airflow/example_dags/example_params_ui_tutorial.py
[2023-11-04T16:25:47.618+0000] {logging_mixin.py:151} INFO - [2023-11-04T16:25:47.617+0000] {dag.py:2941} INFO - Sync 1 DAGs
[2023-11-04T16:25:47.637+0000] {logging_mixin.py:151} INFO - [2023-11-04T16:25:47.637+0000] {dag.py:3722} INFO - Setting next_dagrun for example_params_ui_tutorial to None, run_after=None
[2023-11-04T16:25:47.669+0000] {processor.py:179} INFO - Processing /home/airflow/.local/lib/python3.8/site-packages/airflow/example_dags/example_params_ui_tutorial.py took 0.216 seconds
[2023-11-04T16:26:18.062+0000] {processor.py:157} INFO - Started process (PID=1438) to work on /home/airflow/.local/lib/python3.8/site-packages/airflow/example_dags/example_params_ui_tutorial.py
[2023-11-04T16:26:18.064+0000] {processor.py:829} INFO - Processing file /home/airflow/.local/lib/python3.8/site-packages/airflow/example_dags/example_params_ui_tutorial.py for tasks to queue
[2023-11-04T16:26:18.066+0000] {logging_mixin.py:151} INFO - [2023-11-04T16:26:18.065+0000] {dagbag.py:536} INFO - Filling up the DagBag from /home/airflow/.local/lib/python3.8/site-packages/airflow/example_dags/example_params_ui_tutorial.py
[2023-11-04T16:26:18.132+0000] {processor.py:839} INFO - DAG(s) dict_keys(['example_params_ui_tutorial']) retrieved from /home/airflow/.local/lib/python3.8/site-packages/airflow/example_dags/example_params_ui_tutorial.py
[2023-11-04T16:26:18.153+0000] {logging_mixin.py:151} INFO - [2023-11-04T16:26:18.152+0000] {dag.py:2941} INFO - Sync 1 DAGs
[2023-11-04T16:26:18.178+0000] {logging_mixin.py:151} INFO - [2023-11-04T16:26:18.178+0000] {dag.py:3722} INFO - Setting next_dagrun for example_params_ui_tutorial to None, run_after=None
[2023-11-04T16:26:18.210+0000] {processor.py:179} INFO - Processing /home/airflow/.local/lib/python3.8/site-packages/airflow/example_dags/example_params_ui_tutorial.py took 0.153 seconds
[2023-11-04T16:26:48.641+0000] {processor.py:157} INFO - Started process (PID=1678) to work on /home/airflow/.local/lib/python3.8/site-packages/airflow/example_dags/example_params_ui_tutorial.py
[2023-11-04T16:26:48.643+0000] {processor.py:829} INFO - Processing file /home/airflow/.local/lib/python3.8/site-packages/airflow/example_dags/example_params_ui_tutorial.py for tasks to queue
[2023-11-04T16:26:48.644+0000] {logging_mixin.py:151} INFO - [2023-11-04T16:26:48.644+0000] {dagbag.py:536} INFO - Filling up the DagBag from /home/airflow/.local/lib/python3.8/site-packages/airflow/example_dags/example_params_ui_tutorial.py
[2023-11-04T16:26:48.702+0000] {processor.py:839} INFO - DAG(s) dict_keys(['example_params_ui_tutorial']) retrieved from /home/airflow/.local/lib/python3.8/site-packages/airflow/example_dags/example_params_ui_tutorial.py
[2023-11-04T16:26:48.796+0000] {logging_mixin.py:151} INFO - [2023-11-04T16:26:48.795+0000] {dag.py:2941} INFO - Sync 1 DAGs
[2023-11-04T16:26:48.815+0000] {logging_mixin.py:151} INFO - [2023-11-04T16:26:48.815+0000] {dag.py:3722} INFO - Setting next_dagrun for example_params_ui_tutorial to None, run_after=None
[2023-11-04T16:26:48.844+0000] {processor.py:179} INFO - Processing /home/airflow/.local/lib/python3.8/site-packages/airflow/example_dags/example_params_ui_tutorial.py took 0.208 seconds
[2023-11-04T16:27:19.223+0000] {processor.py:157} INFO - Started process (PID=1916) to work on /home/airflow/.local/lib/python3.8/site-packages/airflow/example_dags/example_params_ui_tutorial.py
[2023-11-04T16:27:19.224+0000] {processor.py:829} INFO - Processing file /home/airflow/.local/lib/python3.8/site-packages/airflow/example_dags/example_params_ui_tutorial.py for tasks to queue
[2023-11-04T16:27:19.226+0000] {logging_mixin.py:151} INFO - [2023-11-04T16:27:19.225+0000] {dagbag.py:536} INFO - Filling up the DagBag from /home/airflow/.local/lib/python3.8/site-packages/airflow/example_dags/example_params_ui_tutorial.py
[2023-11-04T16:27:19.282+0000] {processor.py:839} INFO - DAG(s) dict_keys(['example_params_ui_tutorial']) retrieved from /home/airflow/.local/lib/python3.8/site-packages/airflow/example_dags/example_params_ui_tutorial.py
[2023-11-04T16:27:19.376+0000] {logging_mixin.py:151} INFO - [2023-11-04T16:27:19.375+0000] {dag.py:2941} INFO - Sync 1 DAGs
[2023-11-04T16:27:19.396+0000] {logging_mixin.py:151} INFO - [2023-11-04T16:27:19.396+0000] {dag.py:3722} INFO - Setting next_dagrun for example_params_ui_tutorial to None, run_after=None
[2023-11-04T16:27:19.426+0000] {processor.py:179} INFO - Processing /home/airflow/.local/lib/python3.8/site-packages/airflow/example_dags/example_params_ui_tutorial.py took 0.209 seconds
[2023-11-04T16:27:49.917+0000] {processor.py:157} INFO - Started process (PID=2153) to work on /home/airflow/.local/lib/python3.8/site-packages/airflow/example_dags/example_params_ui_tutorial.py
[2023-11-04T16:27:49.921+0000] {processor.py:829} INFO - Processing file /home/airflow/.local/lib/python3.8/site-packages/airflow/example_dags/example_params_ui_tutorial.py for tasks to queue
[2023-11-04T16:27:49.925+0000] {logging_mixin.py:151} INFO - [2023-11-04T16:27:49.924+0000] {dagbag.py:536} INFO - Filling up the DagBag from /home/airflow/.local/lib/python3.8/site-packages/airflow/example_dags/example_params_ui_tutorial.py
[2023-11-04T16:27:50.106+0000] {processor.py:839} INFO - DAG(s) dict_keys(['example_params_ui_tutorial']) retrieved from /home/airflow/.local/lib/python3.8/site-packages/airflow/example_dags/example_params_ui_tutorial.py
[2023-11-04T16:27:50.140+0000] {logging_mixin.py:151} INFO - [2023-11-04T16:27:50.139+0000] {dag.py:2941} INFO - Sync 1 DAGs
[2023-11-04T16:27:50.197+0000] {logging_mixin.py:151} INFO - [2023-11-04T16:27:50.197+0000] {dag.py:3722} INFO - Setting next_dagrun for example_params_ui_tutorial to None, run_after=None
[2023-11-04T16:27:50.273+0000] {processor.py:179} INFO - Processing /home/airflow/.local/lib/python3.8/site-packages/airflow/example_dags/example_params_ui_tutorial.py took 0.366 seconds
[2023-11-04T16:28:20.617+0000] {processor.py:157} INFO - Started process (PID=2391) to work on /home/airflow/.local/lib/python3.8/site-packages/airflow/example_dags/example_params_ui_tutorial.py
[2023-11-04T16:28:20.619+0000] {processor.py:829} INFO - Processing file /home/airflow/.local/lib/python3.8/site-packages/airflow/example_dags/example_params_ui_tutorial.py for tasks to queue
[2023-11-04T16:28:20.620+0000] {logging_mixin.py:151} INFO - [2023-11-04T16:28:20.620+0000] {dagbag.py:536} INFO - Filling up the DagBag from /home/airflow/.local/lib/python3.8/site-packages/airflow/example_dags/example_params_ui_tutorial.py
[2023-11-04T16:28:20.679+0000] {processor.py:839} INFO - DAG(s) dict_keys(['example_params_ui_tutorial']) retrieved from /home/airflow/.local/lib/python3.8/site-packages/airflow/example_dags/example_params_ui_tutorial.py
[2023-11-04T16:28:20.776+0000] {logging_mixin.py:151} INFO - [2023-11-04T16:28:20.776+0000] {dag.py:2941} INFO - Sync 1 DAGs
[2023-11-04T16:28:20.795+0000] {logging_mixin.py:151} INFO - [2023-11-04T16:28:20.795+0000] {dag.py:3722} INFO - Setting next_dagrun for example_params_ui_tutorial to None, run_after=None
[2023-11-04T16:28:20.832+0000] {processor.py:179} INFO - Processing /home/airflow/.local/lib/python3.8/site-packages/airflow/example_dags/example_params_ui_tutorial.py took 0.220 seconds
[2023-11-04T16:28:51.054+0000] {processor.py:157} INFO - Started process (PID=2629) to work on /home/airflow/.local/lib/python3.8/site-packages/airflow/example_dags/example_params_ui_tutorial.py
[2023-11-04T16:28:51.055+0000] {processor.py:829} INFO - Processing file /home/airflow/.local/lib/python3.8/site-packages/airflow/example_dags/example_params_ui_tutorial.py for tasks to queue
[2023-11-04T16:28:51.057+0000] {logging_mixin.py:151} INFO - [2023-11-04T16:28:51.056+0000] {dagbag.py:536} INFO - Filling up the DagBag from /home/airflow/.local/lib/python3.8/site-packages/airflow/example_dags/example_params_ui_tutorial.py
[2023-11-04T16:28:51.120+0000] {processor.py:839} INFO - DAG(s) dict_keys(['example_params_ui_tutorial']) retrieved from /home/airflow/.local/lib/python3.8/site-packages/airflow/example_dags/example_params_ui_tutorial.py
[2023-11-04T16:28:51.210+0000] {logging_mixin.py:151} INFO - [2023-11-04T16:28:51.210+0000] {dag.py:2941} INFO - Sync 1 DAGs
[2023-11-04T16:28:51.236+0000] {logging_mixin.py:151} INFO - [2023-11-04T16:28:51.235+0000] {dag.py:3722} INFO - Setting next_dagrun for example_params_ui_tutorial to None, run_after=None
[2023-11-04T16:28:51.265+0000] {processor.py:179} INFO - Processing /home/airflow/.local/lib/python3.8/site-packages/airflow/example_dags/example_params_ui_tutorial.py took 0.217 seconds
[2023-11-04T16:29:21.842+0000] {processor.py:157} INFO - Started process (PID=2867) to work on /home/airflow/.local/lib/python3.8/site-packages/airflow/example_dags/example_params_ui_tutorial.py
[2023-11-04T16:29:21.844+0000] {processor.py:829} INFO - Processing file /home/airflow/.local/lib/python3.8/site-packages/airflow/example_dags/example_params_ui_tutorial.py for tasks to queue
[2023-11-04T16:29:21.845+0000] {logging_mixin.py:151} INFO - [2023-11-04T16:29:21.845+0000] {dagbag.py:536} INFO - Filling up the DagBag from /home/airflow/.local/lib/python3.8/site-packages/airflow/example_dags/example_params_ui_tutorial.py
[2023-11-04T16:29:21.907+0000] {processor.py:839} INFO - DAG(s) dict_keys(['example_params_ui_tutorial']) retrieved from /home/airflow/.local/lib/python3.8/site-packages/airflow/example_dags/example_params_ui_tutorial.py
[2023-11-04T16:29:21.998+0000] {logging_mixin.py:151} INFO - [2023-11-04T16:29:21.998+0000] {dag.py:2941} INFO - Sync 1 DAGs
[2023-11-04T16:29:22.019+0000] {logging_mixin.py:151} INFO - [2023-11-04T16:29:22.019+0000] {dag.py:3722} INFO - Setting next_dagrun for example_params_ui_tutorial to None, run_after=None
[2023-11-04T16:29:22.049+0000] {processor.py:179} INFO - Processing /home/airflow/.local/lib/python3.8/site-packages/airflow/example_dags/example_params_ui_tutorial.py took 0.212 seconds
[2023-11-04T16:29:52.121+0000] {processor.py:157} INFO - Started process (PID=3105) to work on /home/airflow/.local/lib/python3.8/site-packages/airflow/example_dags/example_params_ui_tutorial.py
[2023-11-04T16:29:52.123+0000] {processor.py:829} INFO - Processing file /home/airflow/.local/lib/python3.8/site-packages/airflow/example_dags/example_params_ui_tutorial.py for tasks to queue
[2023-11-04T16:29:52.124+0000] {logging_mixin.py:151} INFO - [2023-11-04T16:29:52.124+0000] {dagbag.py:536} INFO - Filling up the DagBag from /home/airflow/.local/lib/python3.8/site-packages/airflow/example_dags/example_params_ui_tutorial.py
[2023-11-04T16:29:52.183+0000] {processor.py:839} INFO - DAG(s) dict_keys(['example_params_ui_tutorial']) retrieved from /home/airflow/.local/lib/python3.8/site-packages/airflow/example_dags/example_params_ui_tutorial.py
[2023-11-04T16:29:52.204+0000] {logging_mixin.py:151} INFO - [2023-11-04T16:29:52.203+0000] {dag.py:2941} INFO - Sync 1 DAGs
[2023-11-04T16:29:52.231+0000] {logging_mixin.py:151} INFO - [2023-11-04T16:29:52.230+0000] {dag.py:3722} INFO - Setting next_dagrun for example_params_ui_tutorial to None, run_after=None
[2023-11-04T16:29:52.262+0000] {processor.py:179} INFO - Processing /home/airflow/.local/lib/python3.8/site-packages/airflow/example_dags/example_params_ui_tutorial.py took 0.146 seconds
[2023-11-04T16:30:22.619+0000] {processor.py:157} INFO - Started process (PID=3343) to work on /home/airflow/.local/lib/python3.8/site-packages/airflow/example_dags/example_params_ui_tutorial.py
[2023-11-04T16:30:22.620+0000] {processor.py:829} INFO - Processing file /home/airflow/.local/lib/python3.8/site-packages/airflow/example_dags/example_params_ui_tutorial.py for tasks to queue
[2023-11-04T16:30:22.622+0000] {logging_mixin.py:151} INFO - [2023-11-04T16:30:22.622+0000] {dagbag.py:536} INFO - Filling up the DagBag from /home/airflow/.local/lib/python3.8/site-packages/airflow/example_dags/example_params_ui_tutorial.py
[2023-11-04T16:30:22.683+0000] {processor.py:839} INFO - DAG(s) dict_keys(['example_params_ui_tutorial']) retrieved from /home/airflow/.local/lib/python3.8/site-packages/airflow/example_dags/example_params_ui_tutorial.py
[2023-11-04T16:30:22.777+0000] {logging_mixin.py:151} INFO - [2023-11-04T16:30:22.777+0000] {dag.py:2941} INFO - Sync 1 DAGs
[2023-11-04T16:30:22.803+0000] {logging_mixin.py:151} INFO - [2023-11-04T16:30:22.802+0000] {dag.py:3722} INFO - Setting next_dagrun for example_params_ui_tutorial to None, run_after=None
[2023-11-04T16:30:22.833+0000] {processor.py:179} INFO - Processing /home/airflow/.local/lib/python3.8/site-packages/airflow/example_dags/example_params_ui_tutorial.py took 0.220 seconds
[2023-11-04T16:30:54.115+0000] {processor.py:157} INFO - Started process (PID=3583) to work on /home/airflow/.local/lib/python3.8/site-packages/airflow/example_dags/example_params_ui_tutorial.py
[2023-11-04T16:30:54.116+0000] {processor.py:829} INFO - Processing file /home/airflow/.local/lib/python3.8/site-packages/airflow/example_dags/example_params_ui_tutorial.py for tasks to queue
[2023-11-04T16:30:54.118+0000] {logging_mixin.py:151} INFO - [2023-11-04T16:30:54.118+0000] {dagbag.py:536} INFO - Filling up the DagBag from /home/airflow/.local/lib/python3.8/site-packages/airflow/example_dags/example_params_ui_tutorial.py
[2023-11-04T16:30:54.209+0000] {processor.py:839} INFO - DAG(s) dict_keys(['example_params_ui_tutorial']) retrieved from /home/airflow/.local/lib/python3.8/site-packages/airflow/example_dags/example_params_ui_tutorial.py
[2023-11-04T16:30:54.399+0000] {logging_mixin.py:151} INFO - [2023-11-04T16:30:54.399+0000] {dag.py:2941} INFO - Sync 1 DAGs
[2023-11-04T16:30:54.549+0000] {logging_mixin.py:151} INFO - [2023-11-04T16:30:54.549+0000] {dag.py:3722} INFO - Setting next_dagrun for example_params_ui_tutorial to None, run_after=None
[2023-11-04T16:30:54.698+0000] {processor.py:179} INFO - Processing /home/airflow/.local/lib/python3.8/site-packages/airflow/example_dags/example_params_ui_tutorial.py took 0.589 seconds
[2023-11-04T16:31:25.661+0000] {processor.py:157} INFO - Started process (PID=3821) to work on /home/airflow/.local/lib/python3.8/site-packages/airflow/example_dags/example_params_ui_tutorial.py
[2023-11-04T16:31:25.663+0000] {processor.py:829} INFO - Processing file /home/airflow/.local/lib/python3.8/site-packages/airflow/example_dags/example_params_ui_tutorial.py for tasks to queue
[2023-11-04T16:31:25.666+0000] {logging_mixin.py:151} INFO - [2023-11-04T16:31:25.665+0000] {dagbag.py:536} INFO - Filling up the DagBag from /home/airflow/.local/lib/python3.8/site-packages/airflow/example_dags/example_params_ui_tutorial.py
[2023-11-04T16:31:25.735+0000] {processor.py:839} INFO - DAG(s) dict_keys(['example_params_ui_tutorial']) retrieved from /home/airflow/.local/lib/python3.8/site-packages/airflow/example_dags/example_params_ui_tutorial.py
[2023-11-04T16:31:25.858+0000] {logging_mixin.py:151} INFO - [2023-11-04T16:31:25.858+0000] {dag.py:2941} INFO - Sync 1 DAGs
[2023-11-04T16:31:26.087+0000] {logging_mixin.py:151} INFO - [2023-11-04T16:31:26.087+0000] {dag.py:3722} INFO - Setting next_dagrun for example_params_ui_tutorial to None, run_after=None
[2023-11-04T16:31:26.122+0000] {processor.py:179} INFO - Processing /home/airflow/.local/lib/python3.8/site-packages/airflow/example_dags/example_params_ui_tutorial.py took 0.470 seconds
[2023-11-04T16:31:57.024+0000] {processor.py:157} INFO - Started process (PID=4064) to work on /home/airflow/.local/lib/python3.8/site-packages/airflow/example_dags/example_params_ui_tutorial.py
[2023-11-04T16:31:57.025+0000] {processor.py:829} INFO - Processing file /home/airflow/.local/lib/python3.8/site-packages/airflow/example_dags/example_params_ui_tutorial.py for tasks to queue
[2023-11-04T16:31:57.027+0000] {logging_mixin.py:151} INFO - [2023-11-04T16:31:57.026+0000] {dagbag.py:536} INFO - Filling up the DagBag from /home/airflow/.local/lib/python3.8/site-packages/airflow/example_dags/example_params_ui_tutorial.py
[2023-11-04T16:31:57.090+0000] {processor.py:839} INFO - DAG(s) dict_keys(['example_params_ui_tutorial']) retrieved from /home/airflow/.local/lib/python3.8/site-packages/airflow/example_dags/example_params_ui_tutorial.py
[2023-11-04T16:31:57.194+0000] {logging_mixin.py:151} INFO - [2023-11-04T16:31:57.194+0000] {dag.py:2941} INFO - Sync 1 DAGs
[2023-11-04T16:31:57.216+0000] {logging_mixin.py:151} INFO - [2023-11-04T16:31:57.216+0000] {dag.py:3722} INFO - Setting next_dagrun for example_params_ui_tutorial to None, run_after=None
[2023-11-04T16:31:57.247+0000] {processor.py:179} INFO - Processing /home/airflow/.local/lib/python3.8/site-packages/airflow/example_dags/example_params_ui_tutorial.py took 0.229 seconds
[2023-11-04T16:32:27.652+0000] {processor.py:157} INFO - Started process (PID=4302) to work on /home/airflow/.local/lib/python3.8/site-packages/airflow/example_dags/example_params_ui_tutorial.py
[2023-11-04T16:32:27.654+0000] {processor.py:829} INFO - Processing file /home/airflow/.local/lib/python3.8/site-packages/airflow/example_dags/example_params_ui_tutorial.py for tasks to queue
[2023-11-04T16:32:27.655+0000] {logging_mixin.py:151} INFO - [2023-11-04T16:32:27.655+0000] {dagbag.py:536} INFO - Filling up the DagBag from /home/airflow/.local/lib/python3.8/site-packages/airflow/example_dags/example_params_ui_tutorial.py
[2023-11-04T16:32:27.715+0000] {processor.py:839} INFO - DAG(s) dict_keys(['example_params_ui_tutorial']) retrieved from /home/airflow/.local/lib/python3.8/site-packages/airflow/example_dags/example_params_ui_tutorial.py
[2023-11-04T16:32:27.811+0000] {logging_mixin.py:151} INFO - [2023-11-04T16:32:27.811+0000] {dag.py:2941} INFO - Sync 1 DAGs
[2023-11-04T16:32:27.831+0000] {logging_mixin.py:151} INFO - [2023-11-04T16:32:27.831+0000] {dag.py:3722} INFO - Setting next_dagrun for example_params_ui_tutorial to None, run_after=None
[2023-11-04T16:32:27.862+0000] {processor.py:179} INFO - Processing /home/airflow/.local/lib/python3.8/site-packages/airflow/example_dags/example_params_ui_tutorial.py took 0.215 seconds
[2023-11-04T16:32:57.960+0000] {processor.py:157} INFO - Started process (PID=4545) to work on /home/airflow/.local/lib/python3.8/site-packages/airflow/example_dags/example_params_ui_tutorial.py
[2023-11-04T16:32:57.962+0000] {processor.py:829} INFO - Processing file /home/airflow/.local/lib/python3.8/site-packages/airflow/example_dags/example_params_ui_tutorial.py for tasks to queue
[2023-11-04T16:32:57.965+0000] {logging_mixin.py:151} INFO - [2023-11-04T16:32:57.964+0000] {dagbag.py:536} INFO - Filling up the DagBag from /home/airflow/.local/lib/python3.8/site-packages/airflow/example_dags/example_params_ui_tutorial.py
[2023-11-04T16:32:58.026+0000] {processor.py:839} INFO - DAG(s) dict_keys(['example_params_ui_tutorial']) retrieved from /home/airflow/.local/lib/python3.8/site-packages/airflow/example_dags/example_params_ui_tutorial.py
[2023-11-04T16:32:58.115+0000] {logging_mixin.py:151} INFO - [2023-11-04T16:32:58.115+0000] {dag.py:2941} INFO - Sync 1 DAGs
[2023-11-04T16:32:58.135+0000] {logging_mixin.py:151} INFO - [2023-11-04T16:32:58.135+0000] {dag.py:3722} INFO - Setting next_dagrun for example_params_ui_tutorial to None, run_after=None
[2023-11-04T16:32:58.170+0000] {processor.py:179} INFO - Processing /home/airflow/.local/lib/python3.8/site-packages/airflow/example_dags/example_params_ui_tutorial.py took 0.216 seconds
[2023-11-04T16:33:28.212+0000] {processor.py:157} INFO - Started process (PID=4783) to work on /home/airflow/.local/lib/python3.8/site-packages/airflow/example_dags/example_params_ui_tutorial.py
[2023-11-04T16:33:28.214+0000] {processor.py:829} INFO - Processing file /home/airflow/.local/lib/python3.8/site-packages/airflow/example_dags/example_params_ui_tutorial.py for tasks to queue
[2023-11-04T16:33:28.215+0000] {logging_mixin.py:151} INFO - [2023-11-04T16:33:28.215+0000] {dagbag.py:536} INFO - Filling up the DagBag from /home/airflow/.local/lib/python3.8/site-packages/airflow/example_dags/example_params_ui_tutorial.py
[2023-11-04T16:33:28.272+0000] {processor.py:839} INFO - DAG(s) dict_keys(['example_params_ui_tutorial']) retrieved from /home/airflow/.local/lib/python3.8/site-packages/airflow/example_dags/example_params_ui_tutorial.py
[2023-11-04T16:33:28.363+0000] {logging_mixin.py:151} INFO - [2023-11-04T16:33:28.362+0000] {dag.py:2941} INFO - Sync 1 DAGs
[2023-11-04T16:33:28.384+0000] {logging_mixin.py:151} INFO - [2023-11-04T16:33:28.383+0000] {dag.py:3722} INFO - Setting next_dagrun for example_params_ui_tutorial to None, run_after=None
[2023-11-04T16:33:28.421+0000] {processor.py:179} INFO - Processing /home/airflow/.local/lib/python3.8/site-packages/airflow/example_dags/example_params_ui_tutorial.py took 0.213 seconds
[2023-11-04T16:33:59.375+0000] {processor.py:157} INFO - Started process (PID=5028) to work on /home/airflow/.local/lib/python3.8/site-packages/airflow/example_dags/example_params_ui_tutorial.py
[2023-11-04T16:33:59.377+0000] {processor.py:829} INFO - Processing file /home/airflow/.local/lib/python3.8/site-packages/airflow/example_dags/example_params_ui_tutorial.py for tasks to queue
[2023-11-04T16:33:59.378+0000] {logging_mixin.py:151} INFO - [2023-11-04T16:33:59.378+0000] {dagbag.py:536} INFO - Filling up the DagBag from /home/airflow/.local/lib/python3.8/site-packages/airflow/example_dags/example_params_ui_tutorial.py
[2023-11-04T16:33:59.437+0000] {processor.py:839} INFO - DAG(s) dict_keys(['example_params_ui_tutorial']) retrieved from /home/airflow/.local/lib/python3.8/site-packages/airflow/example_dags/example_params_ui_tutorial.py
[2023-11-04T16:33:59.527+0000] {logging_mixin.py:151} INFO - [2023-11-04T16:33:59.527+0000] {dag.py:2941} INFO - Sync 1 DAGs
[2023-11-04T16:33:59.547+0000] {logging_mixin.py:151} INFO - [2023-11-04T16:33:59.546+0000] {dag.py:3722} INFO - Setting next_dagrun for example_params_ui_tutorial to None, run_after=None
[2023-11-04T16:33:59.582+0000] {processor.py:179} INFO - Processing /home/airflow/.local/lib/python3.8/site-packages/airflow/example_dags/example_params_ui_tutorial.py took 0.211 seconds
[2023-11-04T16:34:29.819+0000] {processor.py:157} INFO - Started process (PID=5266) to work on /home/airflow/.local/lib/python3.8/site-packages/airflow/example_dags/example_params_ui_tutorial.py
[2023-11-04T16:34:29.820+0000] {processor.py:829} INFO - Processing file /home/airflow/.local/lib/python3.8/site-packages/airflow/example_dags/example_params_ui_tutorial.py for tasks to queue
[2023-11-04T16:34:29.822+0000] {logging_mixin.py:151} INFO - [2023-11-04T16:34:29.822+0000] {dagbag.py:536} INFO - Filling up the DagBag from /home/airflow/.local/lib/python3.8/site-packages/airflow/example_dags/example_params_ui_tutorial.py
[2023-11-04T16:34:29.883+0000] {processor.py:839} INFO - DAG(s) dict_keys(['example_params_ui_tutorial']) retrieved from /home/airflow/.local/lib/python3.8/site-packages/airflow/example_dags/example_params_ui_tutorial.py
[2023-11-04T16:34:29.982+0000] {logging_mixin.py:151} INFO - [2023-11-04T16:34:29.981+0000] {dag.py:2941} INFO - Sync 1 DAGs
[2023-11-04T16:34:30.004+0000] {logging_mixin.py:151} INFO - [2023-11-04T16:34:30.004+0000] {dag.py:3722} INFO - Setting next_dagrun for example_params_ui_tutorial to None, run_after=None
[2023-11-04T16:34:30.036+0000] {processor.py:179} INFO - Processing /home/airflow/.local/lib/python3.8/site-packages/airflow/example_dags/example_params_ui_tutorial.py took 0.222 seconds
[2023-11-04T16:35:00.746+0000] {processor.py:157} INFO - Started process (PID=5504) to work on /home/airflow/.local/lib/python3.8/site-packages/airflow/example_dags/example_params_ui_tutorial.py
[2023-11-04T16:35:00.748+0000] {processor.py:829} INFO - Processing file /home/airflow/.local/lib/python3.8/site-packages/airflow/example_dags/example_params_ui_tutorial.py for tasks to queue
[2023-11-04T16:35:00.749+0000] {logging_mixin.py:151} INFO - [2023-11-04T16:35:00.749+0000] {dagbag.py:536} INFO - Filling up the DagBag from /home/airflow/.local/lib/python3.8/site-packages/airflow/example_dags/example_params_ui_tutorial.py
[2023-11-04T16:35:00.808+0000] {processor.py:839} INFO - DAG(s) dict_keys(['example_params_ui_tutorial']) retrieved from /home/airflow/.local/lib/python3.8/site-packages/airflow/example_dags/example_params_ui_tutorial.py
[2023-11-04T16:35:00.898+0000] {logging_mixin.py:151} INFO - [2023-11-04T16:35:00.898+0000] {dag.py:2941} INFO - Sync 1 DAGs
[2023-11-04T16:35:00.917+0000] {logging_mixin.py:151} INFO - [2023-11-04T16:35:00.917+0000] {dag.py:3722} INFO - Setting next_dagrun for example_params_ui_tutorial to None, run_after=None
[2023-11-04T16:35:00.949+0000] {processor.py:179} INFO - Processing /home/airflow/.local/lib/python3.8/site-packages/airflow/example_dags/example_params_ui_tutorial.py took 0.208 seconds
[2023-11-04T16:35:31.584+0000] {processor.py:157} INFO - Started process (PID=5742) to work on /home/airflow/.local/lib/python3.8/site-packages/airflow/example_dags/example_params_ui_tutorial.py
[2023-11-04T16:35:31.586+0000] {processor.py:829} INFO - Processing file /home/airflow/.local/lib/python3.8/site-packages/airflow/example_dags/example_params_ui_tutorial.py for tasks to queue
[2023-11-04T16:35:31.588+0000] {logging_mixin.py:151} INFO - [2023-11-04T16:35:31.587+0000] {dagbag.py:536} INFO - Filling up the DagBag from /home/airflow/.local/lib/python3.8/site-packages/airflow/example_dags/example_params_ui_tutorial.py
[2023-11-04T16:35:31.658+0000] {processor.py:839} INFO - DAG(s) dict_keys(['example_params_ui_tutorial']) retrieved from /home/airflow/.local/lib/python3.8/site-packages/airflow/example_dags/example_params_ui_tutorial.py
[2023-11-04T16:35:31.798+0000] {logging_mixin.py:151} INFO - [2023-11-04T16:35:31.798+0000] {dag.py:2941} INFO - Sync 1 DAGs
[2023-11-04T16:35:31.824+0000] {logging_mixin.py:151} INFO - [2023-11-04T16:35:31.823+0000] {dag.py:3722} INFO - Setting next_dagrun for example_params_ui_tutorial to None, run_after=None
[2023-11-04T16:35:31.857+0000] {processor.py:179} INFO - Processing /home/airflow/.local/lib/python3.8/site-packages/airflow/example_dags/example_params_ui_tutorial.py took 0.278 seconds
[2023-11-04T16:36:02.104+0000] {processor.py:157} INFO - Started process (PID=5980) to work on /home/airflow/.local/lib/python3.8/site-packages/airflow/example_dags/example_params_ui_tutorial.py
[2023-11-04T16:36:02.107+0000] {processor.py:829} INFO - Processing file /home/airflow/.local/lib/python3.8/site-packages/airflow/example_dags/example_params_ui_tutorial.py for tasks to queue
[2023-11-04T16:36:02.109+0000] {logging_mixin.py:151} INFO - [2023-11-04T16:36:02.109+0000] {dagbag.py:536} INFO - Filling up the DagBag from /home/airflow/.local/lib/python3.8/site-packages/airflow/example_dags/example_params_ui_tutorial.py
[2023-11-04T16:36:02.176+0000] {processor.py:839} INFO - DAG(s) dict_keys(['example_params_ui_tutorial']) retrieved from /home/airflow/.local/lib/python3.8/site-packages/airflow/example_dags/example_params_ui_tutorial.py
[2023-11-04T16:36:02.288+0000] {logging_mixin.py:151} INFO - [2023-11-04T16:36:02.288+0000] {dag.py:2941} INFO - Sync 1 DAGs
[2023-11-04T16:36:02.313+0000] {logging_mixin.py:151} INFO - [2023-11-04T16:36:02.313+0000] {dag.py:3722} INFO - Setting next_dagrun for example_params_ui_tutorial to None, run_after=None
[2023-11-04T16:36:02.351+0000] {processor.py:179} INFO - Processing /home/airflow/.local/lib/python3.8/site-packages/airflow/example_dags/example_params_ui_tutorial.py took 0.254 seconds
[2023-11-04T16:36:32.564+0000] {processor.py:157} INFO - Started process (PID=6223) to work on /home/airflow/.local/lib/python3.8/site-packages/airflow/example_dags/example_params_ui_tutorial.py
[2023-11-04T16:36:32.565+0000] {processor.py:829} INFO - Processing file /home/airflow/.local/lib/python3.8/site-packages/airflow/example_dags/example_params_ui_tutorial.py for tasks to queue
[2023-11-04T16:36:32.567+0000] {logging_mixin.py:151} INFO - [2023-11-04T16:36:32.566+0000] {dagbag.py:536} INFO - Filling up the DagBag from /home/airflow/.local/lib/python3.8/site-packages/airflow/example_dags/example_params_ui_tutorial.py
[2023-11-04T16:36:32.624+0000] {processor.py:839} INFO - DAG(s) dict_keys(['example_params_ui_tutorial']) retrieved from /home/airflow/.local/lib/python3.8/site-packages/airflow/example_dags/example_params_ui_tutorial.py
[2023-11-04T16:36:32.718+0000] {logging_mixin.py:151} INFO - [2023-11-04T16:36:32.717+0000] {dag.py:2941} INFO - Sync 1 DAGs
[2023-11-04T16:36:32.738+0000] {logging_mixin.py:151} INFO - [2023-11-04T16:36:32.738+0000] {dag.py:3722} INFO - Setting next_dagrun for example_params_ui_tutorial to None, run_after=None
[2023-11-04T16:36:32.768+0000] {processor.py:179} INFO - Processing /home/airflow/.local/lib/python3.8/site-packages/airflow/example_dags/example_params_ui_tutorial.py took 0.209 seconds
[2023-11-04T16:37:02.958+0000] {processor.py:157} INFO - Started process (PID=6461) to work on /home/airflow/.local/lib/python3.8/site-packages/airflow/example_dags/example_params_ui_tutorial.py
[2023-11-04T16:37:02.960+0000] {processor.py:829} INFO - Processing file /home/airflow/.local/lib/python3.8/site-packages/airflow/example_dags/example_params_ui_tutorial.py for tasks to queue
[2023-11-04T16:37:02.962+0000] {logging_mixin.py:151} INFO - [2023-11-04T16:37:02.961+0000] {dagbag.py:536} INFO - Filling up the DagBag from /home/airflow/.local/lib/python3.8/site-packages/airflow/example_dags/example_params_ui_tutorial.py
[2023-11-04T16:37:03.104+0000] {processor.py:839} INFO - DAG(s) dict_keys(['example_params_ui_tutorial']) retrieved from /home/airflow/.local/lib/python3.8/site-packages/airflow/example_dags/example_params_ui_tutorial.py
[2023-11-04T16:37:03.476+0000] {logging_mixin.py:151} INFO - [2023-11-04T16:37:03.475+0000] {dag.py:2941} INFO - Sync 1 DAGs
[2023-11-04T16:37:03.509+0000] {logging_mixin.py:151} INFO - [2023-11-04T16:37:03.509+0000] {dag.py:3722} INFO - Setting next_dagrun for example_params_ui_tutorial to None, run_after=None
[2023-11-04T16:37:03.578+0000] {processor.py:179} INFO - Processing /home/airflow/.local/lib/python3.8/site-packages/airflow/example_dags/example_params_ui_tutorial.py took 0.627 seconds
[2023-11-04T16:37:34.043+0000] {processor.py:157} INFO - Started process (PID=6699) to work on /home/airflow/.local/lib/python3.8/site-packages/airflow/example_dags/example_params_ui_tutorial.py
[2023-11-04T16:37:34.045+0000] {processor.py:829} INFO - Processing file /home/airflow/.local/lib/python3.8/site-packages/airflow/example_dags/example_params_ui_tutorial.py for tasks to queue
[2023-11-04T16:37:34.046+0000] {logging_mixin.py:151} INFO - [2023-11-04T16:37:34.046+0000] {dagbag.py:536} INFO - Filling up the DagBag from /home/airflow/.local/lib/python3.8/site-packages/airflow/example_dags/example_params_ui_tutorial.py
[2023-11-04T16:37:34.104+0000] {processor.py:839} INFO - DAG(s) dict_keys(['example_params_ui_tutorial']) retrieved from /home/airflow/.local/lib/python3.8/site-packages/airflow/example_dags/example_params_ui_tutorial.py
[2023-11-04T16:37:34.198+0000] {logging_mixin.py:151} INFO - [2023-11-04T16:37:34.197+0000] {dag.py:2941} INFO - Sync 1 DAGs
[2023-11-04T16:37:34.218+0000] {logging_mixin.py:151} INFO - [2023-11-04T16:37:34.218+0000] {dag.py:3722} INFO - Setting next_dagrun for example_params_ui_tutorial to None, run_after=None
[2023-11-04T16:37:34.247+0000] {processor.py:179} INFO - Processing /home/airflow/.local/lib/python3.8/site-packages/airflow/example_dags/example_params_ui_tutorial.py took 0.209 seconds
[2023-11-04T16:38:04.560+0000] {processor.py:157} INFO - Started process (PID=6937) to work on /home/airflow/.local/lib/python3.8/site-packages/airflow/example_dags/example_params_ui_tutorial.py
[2023-11-04T16:38:04.562+0000] {processor.py:829} INFO - Processing file /home/airflow/.local/lib/python3.8/site-packages/airflow/example_dags/example_params_ui_tutorial.py for tasks to queue
[2023-11-04T16:38:04.566+0000] {logging_mixin.py:151} INFO - [2023-11-04T16:38:04.565+0000] {dagbag.py:536} INFO - Filling up the DagBag from /home/airflow/.local/lib/python3.8/site-packages/airflow/example_dags/example_params_ui_tutorial.py
[2023-11-04T16:38:04.637+0000] {processor.py:839} INFO - DAG(s) dict_keys(['example_params_ui_tutorial']) retrieved from /home/airflow/.local/lib/python3.8/site-packages/airflow/example_dags/example_params_ui_tutorial.py
[2023-11-04T16:38:04.737+0000] {logging_mixin.py:151} INFO - [2023-11-04T16:38:04.737+0000] {dag.py:2941} INFO - Sync 1 DAGs
[2023-11-04T16:38:04.757+0000] {logging_mixin.py:151} INFO - [2023-11-04T16:38:04.757+0000] {dag.py:3722} INFO - Setting next_dagrun for example_params_ui_tutorial to None, run_after=None
[2023-11-04T16:38:04.787+0000] {processor.py:179} INFO - Processing /home/airflow/.local/lib/python3.8/site-packages/airflow/example_dags/example_params_ui_tutorial.py took 0.233 seconds
[2023-11-04T16:38:34.927+0000] {processor.py:157} INFO - Started process (PID=7178) to work on /home/airflow/.local/lib/python3.8/site-packages/airflow/example_dags/example_params_ui_tutorial.py
[2023-11-04T16:38:34.929+0000] {processor.py:829} INFO - Processing file /home/airflow/.local/lib/python3.8/site-packages/airflow/example_dags/example_params_ui_tutorial.py for tasks to queue
[2023-11-04T16:38:34.930+0000] {logging_mixin.py:151} INFO - [2023-11-04T16:38:34.930+0000] {dagbag.py:536} INFO - Filling up the DagBag from /home/airflow/.local/lib/python3.8/site-packages/airflow/example_dags/example_params_ui_tutorial.py
[2023-11-04T16:38:34.989+0000] {processor.py:839} INFO - DAG(s) dict_keys(['example_params_ui_tutorial']) retrieved from /home/airflow/.local/lib/python3.8/site-packages/airflow/example_dags/example_params_ui_tutorial.py
[2023-11-04T16:38:35.079+0000] {logging_mixin.py:151} INFO - [2023-11-04T16:38:35.079+0000] {dag.py:2941} INFO - Sync 1 DAGs
[2023-11-04T16:38:35.099+0000] {logging_mixin.py:151} INFO - [2023-11-04T16:38:35.098+0000] {dag.py:3722} INFO - Setting next_dagrun for example_params_ui_tutorial to None, run_after=None
[2023-11-04T16:38:35.127+0000] {processor.py:179} INFO - Processing /home/airflow/.local/lib/python3.8/site-packages/airflow/example_dags/example_params_ui_tutorial.py took 0.204 seconds
[2023-11-04T16:39:05.424+0000] {processor.py:157} INFO - Started process (PID=7413) to work on /home/airflow/.local/lib/python3.8/site-packages/airflow/example_dags/example_params_ui_tutorial.py
[2023-11-04T16:39:05.426+0000] {processor.py:829} INFO - Processing file /home/airflow/.local/lib/python3.8/site-packages/airflow/example_dags/example_params_ui_tutorial.py for tasks to queue
[2023-11-04T16:39:05.428+0000] {logging_mixin.py:151} INFO - [2023-11-04T16:39:05.427+0000] {dagbag.py:536} INFO - Filling up the DagBag from /home/airflow/.local/lib/python3.8/site-packages/airflow/example_dags/example_params_ui_tutorial.py
[2023-11-04T16:39:05.490+0000] {processor.py:839} INFO - DAG(s) dict_keys(['example_params_ui_tutorial']) retrieved from /home/airflow/.local/lib/python3.8/site-packages/airflow/example_dags/example_params_ui_tutorial.py
[2023-11-04T16:39:05.584+0000] {logging_mixin.py:151} INFO - [2023-11-04T16:39:05.584+0000] {dag.py:2941} INFO - Sync 1 DAGs
[2023-11-04T16:39:05.606+0000] {logging_mixin.py:151} INFO - [2023-11-04T16:39:05.605+0000] {dag.py:3722} INFO - Setting next_dagrun for example_params_ui_tutorial to None, run_after=None
[2023-11-04T16:39:05.635+0000] {processor.py:179} INFO - Processing /home/airflow/.local/lib/python3.8/site-packages/airflow/example_dags/example_params_ui_tutorial.py took 0.215 seconds
[2023-11-04T16:39:35.917+0000] {processor.py:157} INFO - Started process (PID=7651) to work on /home/airflow/.local/lib/python3.8/site-packages/airflow/example_dags/example_params_ui_tutorial.py
[2023-11-04T16:39:35.919+0000] {processor.py:829} INFO - Processing file /home/airflow/.local/lib/python3.8/site-packages/airflow/example_dags/example_params_ui_tutorial.py for tasks to queue
[2023-11-04T16:39:35.920+0000] {logging_mixin.py:151} INFO - [2023-11-04T16:39:35.920+0000] {dagbag.py:536} INFO - Filling up the DagBag from /home/airflow/.local/lib/python3.8/site-packages/airflow/example_dags/example_params_ui_tutorial.py
[2023-11-04T16:39:35.978+0000] {processor.py:839} INFO - DAG(s) dict_keys(['example_params_ui_tutorial']) retrieved from /home/airflow/.local/lib/python3.8/site-packages/airflow/example_dags/example_params_ui_tutorial.py
[2023-11-04T16:39:36.069+0000] {logging_mixin.py:151} INFO - [2023-11-04T16:39:36.069+0000] {dag.py:2941} INFO - Sync 1 DAGs
[2023-11-04T16:39:36.096+0000] {logging_mixin.py:151} INFO - [2023-11-04T16:39:36.095+0000] {dag.py:3722} INFO - Setting next_dagrun for example_params_ui_tutorial to None, run_after=None
[2023-11-04T16:39:36.124+0000] {processor.py:179} INFO - Processing /home/airflow/.local/lib/python3.8/site-packages/airflow/example_dags/example_params_ui_tutorial.py took 0.211 seconds
[2023-11-04T16:40:06.232+0000] {processor.py:157} INFO - Started process (PID=7892) to work on /home/airflow/.local/lib/python3.8/site-packages/airflow/example_dags/example_params_ui_tutorial.py
[2023-11-04T16:40:06.234+0000] {processor.py:829} INFO - Processing file /home/airflow/.local/lib/python3.8/site-packages/airflow/example_dags/example_params_ui_tutorial.py for tasks to queue
[2023-11-04T16:40:06.236+0000] {logging_mixin.py:151} INFO - [2023-11-04T16:40:06.235+0000] {dagbag.py:536} INFO - Filling up the DagBag from /home/airflow/.local/lib/python3.8/site-packages/airflow/example_dags/example_params_ui_tutorial.py
[2023-11-04T16:40:06.301+0000] {processor.py:839} INFO - DAG(s) dict_keys(['example_params_ui_tutorial']) retrieved from /home/airflow/.local/lib/python3.8/site-packages/airflow/example_dags/example_params_ui_tutorial.py
[2023-11-04T16:40:06.388+0000] {logging_mixin.py:151} INFO - [2023-11-04T16:40:06.388+0000] {dag.py:2941} INFO - Sync 1 DAGs
[2023-11-04T16:40:06.408+0000] {logging_mixin.py:151} INFO - [2023-11-04T16:40:06.408+0000] {dag.py:3722} INFO - Setting next_dagrun for example_params_ui_tutorial to None, run_after=None
[2023-11-04T16:40:06.438+0000] {processor.py:179} INFO - Processing /home/airflow/.local/lib/python3.8/site-packages/airflow/example_dags/example_params_ui_tutorial.py took 0.211 seconds
[2023-11-04T16:40:36.960+0000] {processor.py:157} INFO - Started process (PID=8127) to work on /home/airflow/.local/lib/python3.8/site-packages/airflow/example_dags/example_params_ui_tutorial.py
[2023-11-04T16:40:36.962+0000] {processor.py:829} INFO - Processing file /home/airflow/.local/lib/python3.8/site-packages/airflow/example_dags/example_params_ui_tutorial.py for tasks to queue
[2023-11-04T16:40:36.963+0000] {logging_mixin.py:151} INFO - [2023-11-04T16:40:36.963+0000] {dagbag.py:536} INFO - Filling up the DagBag from /home/airflow/.local/lib/python3.8/site-packages/airflow/example_dags/example_params_ui_tutorial.py
[2023-11-04T16:40:37.021+0000] {processor.py:839} INFO - DAG(s) dict_keys(['example_params_ui_tutorial']) retrieved from /home/airflow/.local/lib/python3.8/site-packages/airflow/example_dags/example_params_ui_tutorial.py
[2023-11-04T16:40:37.109+0000] {logging_mixin.py:151} INFO - [2023-11-04T16:40:37.109+0000] {dag.py:2941} INFO - Sync 1 DAGs
[2023-11-04T16:40:37.130+0000] {logging_mixin.py:151} INFO - [2023-11-04T16:40:37.130+0000] {dag.py:3722} INFO - Setting next_dagrun for example_params_ui_tutorial to None, run_after=None
[2023-11-04T16:40:37.158+0000] {processor.py:179} INFO - Processing /home/airflow/.local/lib/python3.8/site-packages/airflow/example_dags/example_params_ui_tutorial.py took 0.202 seconds
[2023-11-04T16:41:07.366+0000] {processor.py:157} INFO - Started process (PID=8365) to work on /home/airflow/.local/lib/python3.8/site-packages/airflow/example_dags/example_params_ui_tutorial.py
[2023-11-04T16:41:07.367+0000] {processor.py:829} INFO - Processing file /home/airflow/.local/lib/python3.8/site-packages/airflow/example_dags/example_params_ui_tutorial.py for tasks to queue
[2023-11-04T16:41:07.369+0000] {logging_mixin.py:151} INFO - [2023-11-04T16:41:07.369+0000] {dagbag.py:536} INFO - Filling up the DagBag from /home/airflow/.local/lib/python3.8/site-packages/airflow/example_dags/example_params_ui_tutorial.py
[2023-11-04T16:41:07.426+0000] {processor.py:839} INFO - DAG(s) dict_keys(['example_params_ui_tutorial']) retrieved from /home/airflow/.local/lib/python3.8/site-packages/airflow/example_dags/example_params_ui_tutorial.py
[2023-11-04T16:41:07.517+0000] {logging_mixin.py:151} INFO - [2023-11-04T16:41:07.516+0000] {dag.py:2941} INFO - Sync 1 DAGs
[2023-11-04T16:41:07.537+0000] {logging_mixin.py:151} INFO - [2023-11-04T16:41:07.536+0000] {dag.py:3722} INFO - Setting next_dagrun for example_params_ui_tutorial to None, run_after=None
[2023-11-04T16:41:07.565+0000] {processor.py:179} INFO - Processing /home/airflow/.local/lib/python3.8/site-packages/airflow/example_dags/example_params_ui_tutorial.py took 0.205 seconds
[2023-11-04T16:41:38.044+0000] {processor.py:157} INFO - Started process (PID=8603) to work on /home/airflow/.local/lib/python3.8/site-packages/airflow/example_dags/example_params_ui_tutorial.py
[2023-11-04T16:41:38.045+0000] {processor.py:829} INFO - Processing file /home/airflow/.local/lib/python3.8/site-packages/airflow/example_dags/example_params_ui_tutorial.py for tasks to queue
[2023-11-04T16:41:38.047+0000] {logging_mixin.py:151} INFO - [2023-11-04T16:41:38.046+0000] {dagbag.py:536} INFO - Filling up the DagBag from /home/airflow/.local/lib/python3.8/site-packages/airflow/example_dags/example_params_ui_tutorial.py
[2023-11-04T16:41:38.104+0000] {processor.py:839} INFO - DAG(s) dict_keys(['example_params_ui_tutorial']) retrieved from /home/airflow/.local/lib/python3.8/site-packages/airflow/example_dags/example_params_ui_tutorial.py
[2023-11-04T16:41:38.197+0000] {logging_mixin.py:151} INFO - [2023-11-04T16:41:38.197+0000] {dag.py:2941} INFO - Sync 1 DAGs
[2023-11-04T16:41:38.219+0000] {logging_mixin.py:151} INFO - [2023-11-04T16:41:38.219+0000] {dag.py:3722} INFO - Setting next_dagrun for example_params_ui_tutorial to None, run_after=None
[2023-11-04T16:41:38.251+0000] {processor.py:179} INFO - Processing /home/airflow/.local/lib/python3.8/site-packages/airflow/example_dags/example_params_ui_tutorial.py took 0.213 seconds
[2023-11-04T16:42:08.596+0000] {processor.py:157} INFO - Started process (PID=8841) to work on /home/airflow/.local/lib/python3.8/site-packages/airflow/example_dags/example_params_ui_tutorial.py
[2023-11-04T16:42:08.598+0000] {processor.py:829} INFO - Processing file /home/airflow/.local/lib/python3.8/site-packages/airflow/example_dags/example_params_ui_tutorial.py for tasks to queue
[2023-11-04T16:42:08.599+0000] {logging_mixin.py:151} INFO - [2023-11-04T16:42:08.599+0000] {dagbag.py:536} INFO - Filling up the DagBag from /home/airflow/.local/lib/python3.8/site-packages/airflow/example_dags/example_params_ui_tutorial.py
[2023-11-04T16:42:08.657+0000] {processor.py:839} INFO - DAG(s) dict_keys(['example_params_ui_tutorial']) retrieved from /home/airflow/.local/lib/python3.8/site-packages/airflow/example_dags/example_params_ui_tutorial.py
[2023-11-04T16:42:08.750+0000] {logging_mixin.py:151} INFO - [2023-11-04T16:42:08.749+0000] {dag.py:2941} INFO - Sync 1 DAGs
[2023-11-04T16:42:08.770+0000] {logging_mixin.py:151} INFO - [2023-11-04T16:42:08.770+0000] {dag.py:3722} INFO - Setting next_dagrun for example_params_ui_tutorial to None, run_after=None
[2023-11-04T16:42:08.800+0000] {processor.py:179} INFO - Processing /home/airflow/.local/lib/python3.8/site-packages/airflow/example_dags/example_params_ui_tutorial.py took 0.208 seconds
[2023-11-04T17:13:28.933+0000] {processor.py:157} INFO - Started process (PID=249) to work on /home/airflow/.local/lib/python3.8/site-packages/airflow/example_dags/example_params_ui_tutorial.py
[2023-11-04T17:13:28.935+0000] {processor.py:829} INFO - Processing file /home/airflow/.local/lib/python3.8/site-packages/airflow/example_dags/example_params_ui_tutorial.py for tasks to queue
[2023-11-04T17:13:28.937+0000] {logging_mixin.py:151} INFO - [2023-11-04T17:13:28.936+0000] {dagbag.py:536} INFO - Filling up the DagBag from /home/airflow/.local/lib/python3.8/site-packages/airflow/example_dags/example_params_ui_tutorial.py
[2023-11-04T17:13:29.017+0000] {processor.py:839} INFO - DAG(s) dict_keys(['example_params_ui_tutorial']) retrieved from /home/airflow/.local/lib/python3.8/site-packages/airflow/example_dags/example_params_ui_tutorial.py
[2023-11-04T17:13:29.119+0000] {logging_mixin.py:151} INFO - [2023-11-04T17:13:29.118+0000] {dag.py:2941} INFO - Sync 1 DAGs
[2023-11-04T17:13:29.138+0000] {logging_mixin.py:151} INFO - [2023-11-04T17:13:29.138+0000] {dag.py:3722} INFO - Setting next_dagrun for example_params_ui_tutorial to None, run_after=None
[2023-11-04T17:13:29.165+0000] {processor.py:179} INFO - Processing /home/airflow/.local/lib/python3.8/site-packages/airflow/example_dags/example_params_ui_tutorial.py took 0.238 seconds
[2023-11-04T17:13:59.490+0000] {processor.py:157} INFO - Started process (PID=485) to work on /home/airflow/.local/lib/python3.8/site-packages/airflow/example_dags/example_params_ui_tutorial.py
[2023-11-04T17:13:59.492+0000] {processor.py:829} INFO - Processing file /home/airflow/.local/lib/python3.8/site-packages/airflow/example_dags/example_params_ui_tutorial.py for tasks to queue
[2023-11-04T17:13:59.494+0000] {logging_mixin.py:151} INFO - [2023-11-04T17:13:59.494+0000] {dagbag.py:536} INFO - Filling up the DagBag from /home/airflow/.local/lib/python3.8/site-packages/airflow/example_dags/example_params_ui_tutorial.py
[2023-11-04T17:13:59.568+0000] {processor.py:839} INFO - DAG(s) dict_keys(['example_params_ui_tutorial']) retrieved from /home/airflow/.local/lib/python3.8/site-packages/airflow/example_dags/example_params_ui_tutorial.py
[2023-11-04T17:13:59.585+0000] {logging_mixin.py:151} INFO - [2023-11-04T17:13:59.585+0000] {dag.py:2941} INFO - Sync 1 DAGs
[2023-11-04T17:13:59.613+0000] {logging_mixin.py:151} INFO - [2023-11-04T17:13:59.613+0000] {dag.py:3722} INFO - Setting next_dagrun for example_params_ui_tutorial to None, run_after=None
[2023-11-04T17:13:59.650+0000] {processor.py:179} INFO - Processing /home/airflow/.local/lib/python3.8/site-packages/airflow/example_dags/example_params_ui_tutorial.py took 0.167 seconds
[2023-11-04T17:14:29.786+0000] {processor.py:157} INFO - Started process (PID=730) to work on /home/airflow/.local/lib/python3.8/site-packages/airflow/example_dags/example_params_ui_tutorial.py
[2023-11-04T17:14:29.787+0000] {processor.py:829} INFO - Processing file /home/airflow/.local/lib/python3.8/site-packages/airflow/example_dags/example_params_ui_tutorial.py for tasks to queue
[2023-11-04T17:14:29.789+0000] {logging_mixin.py:151} INFO - [2023-11-04T17:14:29.788+0000] {dagbag.py:536} INFO - Filling up the DagBag from /home/airflow/.local/lib/python3.8/site-packages/airflow/example_dags/example_params_ui_tutorial.py
[2023-11-04T17:14:29.843+0000] {processor.py:839} INFO - DAG(s) dict_keys(['example_params_ui_tutorial']) retrieved from /home/airflow/.local/lib/python3.8/site-packages/airflow/example_dags/example_params_ui_tutorial.py
[2023-11-04T17:14:29.861+0000] {logging_mixin.py:151} INFO - [2023-11-04T17:14:29.860+0000] {dag.py:2941} INFO - Sync 1 DAGs
[2023-11-04T17:14:29.881+0000] {logging_mixin.py:151} INFO - [2023-11-04T17:14:29.880+0000] {dag.py:3722} INFO - Setting next_dagrun for example_params_ui_tutorial to None, run_after=None
[2023-11-04T17:14:29.909+0000] {processor.py:179} INFO - Processing /home/airflow/.local/lib/python3.8/site-packages/airflow/example_dags/example_params_ui_tutorial.py took 0.128 seconds
[2023-11-04T17:15:00.400+0000] {processor.py:157} INFO - Started process (PID=966) to work on /home/airflow/.local/lib/python3.8/site-packages/airflow/example_dags/example_params_ui_tutorial.py
[2023-11-04T17:15:00.402+0000] {processor.py:829} INFO - Processing file /home/airflow/.local/lib/python3.8/site-packages/airflow/example_dags/example_params_ui_tutorial.py for tasks to queue
[2023-11-04T17:15:00.403+0000] {logging_mixin.py:151} INFO - [2023-11-04T17:15:00.403+0000] {dagbag.py:536} INFO - Filling up the DagBag from /home/airflow/.local/lib/python3.8/site-packages/airflow/example_dags/example_params_ui_tutorial.py
[2023-11-04T17:15:00.464+0000] {processor.py:839} INFO - DAG(s) dict_keys(['example_params_ui_tutorial']) retrieved from /home/airflow/.local/lib/python3.8/site-packages/airflow/example_dags/example_params_ui_tutorial.py
[2023-11-04T17:15:00.552+0000] {logging_mixin.py:151} INFO - [2023-11-04T17:15:00.552+0000] {dag.py:2941} INFO - Sync 1 DAGs
[2023-11-04T17:15:00.572+0000] {logging_mixin.py:151} INFO - [2023-11-04T17:15:00.572+0000] {dag.py:3722} INFO - Setting next_dagrun for example_params_ui_tutorial to None, run_after=None
[2023-11-04T17:15:00.603+0000] {processor.py:179} INFO - Processing /home/airflow/.local/lib/python3.8/site-packages/airflow/example_dags/example_params_ui_tutorial.py took 0.208 seconds
[2023-11-04T17:15:31.298+0000] {processor.py:157} INFO - Started process (PID=1206) to work on /home/airflow/.local/lib/python3.8/site-packages/airflow/example_dags/example_params_ui_tutorial.py
[2023-11-04T17:15:31.299+0000] {processor.py:829} INFO - Processing file /home/airflow/.local/lib/python3.8/site-packages/airflow/example_dags/example_params_ui_tutorial.py for tasks to queue
[2023-11-04T17:15:31.301+0000] {logging_mixin.py:151} INFO - [2023-11-04T17:15:31.300+0000] {dagbag.py:536} INFO - Filling up the DagBag from /home/airflow/.local/lib/python3.8/site-packages/airflow/example_dags/example_params_ui_tutorial.py
[2023-11-04T17:15:31.360+0000] {processor.py:839} INFO - DAG(s) dict_keys(['example_params_ui_tutorial']) retrieved from /home/airflow/.local/lib/python3.8/site-packages/airflow/example_dags/example_params_ui_tutorial.py
[2023-11-04T17:15:31.474+0000] {logging_mixin.py:151} INFO - [2023-11-04T17:15:31.474+0000] {dag.py:2941} INFO - Sync 1 DAGs
[2023-11-04T17:15:31.497+0000] {logging_mixin.py:151} INFO - [2023-11-04T17:15:31.497+0000] {dag.py:3722} INFO - Setting next_dagrun for example_params_ui_tutorial to None, run_after=None
[2023-11-04T17:15:31.537+0000] {processor.py:179} INFO - Processing /home/airflow/.local/lib/python3.8/site-packages/airflow/example_dags/example_params_ui_tutorial.py took 0.244 seconds
[2023-11-04T17:16:02.005+0000] {processor.py:157} INFO - Started process (PID=1459) to work on /home/airflow/.local/lib/python3.8/site-packages/airflow/example_dags/example_params_ui_tutorial.py
[2023-11-04T17:16:02.007+0000] {processor.py:829} INFO - Processing file /home/airflow/.local/lib/python3.8/site-packages/airflow/example_dags/example_params_ui_tutorial.py for tasks to queue
[2023-11-04T17:16:02.008+0000] {logging_mixin.py:151} INFO - [2023-11-04T17:16:02.008+0000] {dagbag.py:536} INFO - Filling up the DagBag from /home/airflow/.local/lib/python3.8/site-packages/airflow/example_dags/example_params_ui_tutorial.py
[2023-11-04T17:16:02.091+0000] {processor.py:839} INFO - DAG(s) dict_keys(['example_params_ui_tutorial']) retrieved from /home/airflow/.local/lib/python3.8/site-packages/airflow/example_dags/example_params_ui_tutorial.py
[2023-11-04T17:16:02.235+0000] {logging_mixin.py:151} INFO - [2023-11-04T17:16:02.234+0000] {dag.py:2941} INFO - Sync 1 DAGs
[2023-11-04T17:16:02.268+0000] {logging_mixin.py:151} INFO - [2023-11-04T17:16:02.268+0000] {dag.py:3722} INFO - Setting next_dagrun for example_params_ui_tutorial to None, run_after=None
[2023-11-04T17:16:02.311+0000] {processor.py:179} INFO - Processing /home/airflow/.local/lib/python3.8/site-packages/airflow/example_dags/example_params_ui_tutorial.py took 0.314 seconds
[2023-11-04T17:16:32.843+0000] {processor.py:157} INFO - Started process (PID=1700) to work on /home/airflow/.local/lib/python3.8/site-packages/airflow/example_dags/example_params_ui_tutorial.py
[2023-11-04T17:16:32.844+0000] {processor.py:829} INFO - Processing file /home/airflow/.local/lib/python3.8/site-packages/airflow/example_dags/example_params_ui_tutorial.py for tasks to queue
[2023-11-04T17:16:32.846+0000] {logging_mixin.py:151} INFO - [2023-11-04T17:16:32.845+0000] {dagbag.py:536} INFO - Filling up the DagBag from /home/airflow/.local/lib/python3.8/site-packages/airflow/example_dags/example_params_ui_tutorial.py
[2023-11-04T17:16:32.904+0000] {processor.py:839} INFO - DAG(s) dict_keys(['example_params_ui_tutorial']) retrieved from /home/airflow/.local/lib/python3.8/site-packages/airflow/example_dags/example_params_ui_tutorial.py
[2023-11-04T17:16:32.995+0000] {logging_mixin.py:151} INFO - [2023-11-04T17:16:32.995+0000] {dag.py:2941} INFO - Sync 1 DAGs
[2023-11-04T17:16:33.014+0000] {logging_mixin.py:151} INFO - [2023-11-04T17:16:33.014+0000] {dag.py:3722} INFO - Setting next_dagrun for example_params_ui_tutorial to None, run_after=None
[2023-11-04T17:16:33.042+0000] {processor.py:179} INFO - Processing /home/airflow/.local/lib/python3.8/site-packages/airflow/example_dags/example_params_ui_tutorial.py took 0.205 seconds
[2023-11-04T17:17:03.501+0000] {processor.py:157} INFO - Started process (PID=1938) to work on /home/airflow/.local/lib/python3.8/site-packages/airflow/example_dags/example_params_ui_tutorial.py
[2023-11-04T17:17:03.504+0000] {processor.py:829} INFO - Processing file /home/airflow/.local/lib/python3.8/site-packages/airflow/example_dags/example_params_ui_tutorial.py for tasks to queue
[2023-11-04T17:17:03.505+0000] {logging_mixin.py:151} INFO - [2023-11-04T17:17:03.505+0000] {dagbag.py:536} INFO - Filling up the DagBag from /home/airflow/.local/lib/python3.8/site-packages/airflow/example_dags/example_params_ui_tutorial.py
[2023-11-04T17:17:03.579+0000] {processor.py:839} INFO - DAG(s) dict_keys(['example_params_ui_tutorial']) retrieved from /home/airflow/.local/lib/python3.8/site-packages/airflow/example_dags/example_params_ui_tutorial.py
[2023-11-04T17:17:03.689+0000] {logging_mixin.py:151} INFO - [2023-11-04T17:17:03.689+0000] {dag.py:2941} INFO - Sync 1 DAGs
[2023-11-04T17:17:03.713+0000] {logging_mixin.py:151} INFO - [2023-11-04T17:17:03.713+0000] {dag.py:3722} INFO - Setting next_dagrun for example_params_ui_tutorial to None, run_after=None
[2023-11-04T17:17:03.742+0000] {processor.py:179} INFO - Processing /home/airflow/.local/lib/python3.8/site-packages/airflow/example_dags/example_params_ui_tutorial.py took 0.250 seconds
[2023-11-04T17:17:33.804+0000] {processor.py:157} INFO - Started process (PID=2178) to work on /home/airflow/.local/lib/python3.8/site-packages/airflow/example_dags/example_params_ui_tutorial.py
[2023-11-04T17:17:33.806+0000] {processor.py:829} INFO - Processing file /home/airflow/.local/lib/python3.8/site-packages/airflow/example_dags/example_params_ui_tutorial.py for tasks to queue
[2023-11-04T17:17:33.807+0000] {logging_mixin.py:151} INFO - [2023-11-04T17:17:33.807+0000] {dagbag.py:536} INFO - Filling up the DagBag from /home/airflow/.local/lib/python3.8/site-packages/airflow/example_dags/example_params_ui_tutorial.py
[2023-11-04T17:17:33.870+0000] {processor.py:839} INFO - DAG(s) dict_keys(['example_params_ui_tutorial']) retrieved from /home/airflow/.local/lib/python3.8/site-packages/airflow/example_dags/example_params_ui_tutorial.py
[2023-11-04T17:17:33.965+0000] {logging_mixin.py:151} INFO - [2023-11-04T17:17:33.965+0000] {dag.py:2941} INFO - Sync 1 DAGs
[2023-11-04T17:17:33.987+0000] {logging_mixin.py:151} INFO - [2023-11-04T17:17:33.987+0000] {dag.py:3722} INFO - Setting next_dagrun for example_params_ui_tutorial to None, run_after=None
[2023-11-04T17:17:34.018+0000] {processor.py:179} INFO - Processing /home/airflow/.local/lib/python3.8/site-packages/airflow/example_dags/example_params_ui_tutorial.py took 0.219 seconds
[2023-11-04T17:18:04.125+0000] {processor.py:157} INFO - Started process (PID=2421) to work on /home/airflow/.local/lib/python3.8/site-packages/airflow/example_dags/example_params_ui_tutorial.py
[2023-11-04T17:18:04.127+0000] {processor.py:829} INFO - Processing file /home/airflow/.local/lib/python3.8/site-packages/airflow/example_dags/example_params_ui_tutorial.py for tasks to queue
[2023-11-04T17:18:04.128+0000] {logging_mixin.py:151} INFO - [2023-11-04T17:18:04.128+0000] {dagbag.py:536} INFO - Filling up the DagBag from /home/airflow/.local/lib/python3.8/site-packages/airflow/example_dags/example_params_ui_tutorial.py
[2023-11-04T17:18:04.209+0000] {processor.py:839} INFO - DAG(s) dict_keys(['example_params_ui_tutorial']) retrieved from /home/airflow/.local/lib/python3.8/site-packages/airflow/example_dags/example_params_ui_tutorial.py
[2023-11-04T17:18:04.318+0000] {logging_mixin.py:151} INFO - [2023-11-04T17:18:04.317+0000] {dag.py:2941} INFO - Sync 1 DAGs
[2023-11-04T17:18:04.336+0000] {logging_mixin.py:151} INFO - [2023-11-04T17:18:04.336+0000] {dag.py:3722} INFO - Setting next_dagrun for example_params_ui_tutorial to None, run_after=None
[2023-11-04T17:18:04.364+0000] {processor.py:179} INFO - Processing /home/airflow/.local/lib/python3.8/site-packages/airflow/example_dags/example_params_ui_tutorial.py took 0.245 seconds
[2023-11-04T17:18:34.810+0000] {processor.py:157} INFO - Started process (PID=2652) to work on /home/airflow/.local/lib/python3.8/site-packages/airflow/example_dags/example_params_ui_tutorial.py
[2023-11-04T17:18:34.812+0000] {processor.py:829} INFO - Processing file /home/airflow/.local/lib/python3.8/site-packages/airflow/example_dags/example_params_ui_tutorial.py for tasks to queue
[2023-11-04T17:18:34.813+0000] {logging_mixin.py:151} INFO - [2023-11-04T17:18:34.813+0000] {dagbag.py:536} INFO - Filling up the DagBag from /home/airflow/.local/lib/python3.8/site-packages/airflow/example_dags/example_params_ui_tutorial.py
[2023-11-04T17:18:34.872+0000] {processor.py:839} INFO - DAG(s) dict_keys(['example_params_ui_tutorial']) retrieved from /home/airflow/.local/lib/python3.8/site-packages/airflow/example_dags/example_params_ui_tutorial.py
[2023-11-04T17:18:34.963+0000] {logging_mixin.py:151} INFO - [2023-11-04T17:18:34.962+0000] {dag.py:2941} INFO - Sync 1 DAGs
[2023-11-04T17:18:34.981+0000] {logging_mixin.py:151} INFO - [2023-11-04T17:18:34.981+0000] {dag.py:3722} INFO - Setting next_dagrun for example_params_ui_tutorial to None, run_after=None
[2023-11-04T17:18:35.012+0000] {processor.py:179} INFO - Processing /home/airflow/.local/lib/python3.8/site-packages/airflow/example_dags/example_params_ui_tutorial.py took 0.207 seconds
[2023-11-04T17:19:05.141+0000] {processor.py:157} INFO - Started process (PID=2895) to work on /home/airflow/.local/lib/python3.8/site-packages/airflow/example_dags/example_params_ui_tutorial.py
[2023-11-04T17:19:05.143+0000] {processor.py:829} INFO - Processing file /home/airflow/.local/lib/python3.8/site-packages/airflow/example_dags/example_params_ui_tutorial.py for tasks to queue
[2023-11-04T17:19:05.144+0000] {logging_mixin.py:151} INFO - [2023-11-04T17:19:05.144+0000] {dagbag.py:536} INFO - Filling up the DagBag from /home/airflow/.local/lib/python3.8/site-packages/airflow/example_dags/example_params_ui_tutorial.py
[2023-11-04T17:19:05.202+0000] {processor.py:839} INFO - DAG(s) dict_keys(['example_params_ui_tutorial']) retrieved from /home/airflow/.local/lib/python3.8/site-packages/airflow/example_dags/example_params_ui_tutorial.py
[2023-11-04T17:19:05.289+0000] {logging_mixin.py:151} INFO - [2023-11-04T17:19:05.289+0000] {dag.py:2941} INFO - Sync 1 DAGs
[2023-11-04T17:19:05.309+0000] {logging_mixin.py:151} INFO - [2023-11-04T17:19:05.308+0000] {dag.py:3722} INFO - Setting next_dagrun for example_params_ui_tutorial to None, run_after=None
[2023-11-04T17:19:05.334+0000] {processor.py:179} INFO - Processing /home/airflow/.local/lib/python3.8/site-packages/airflow/example_dags/example_params_ui_tutorial.py took 0.198 seconds
[2023-11-04T17:19:35.687+0000] {processor.py:157} INFO - Started process (PID=3140) to work on /home/airflow/.local/lib/python3.8/site-packages/airflow/example_dags/example_params_ui_tutorial.py
[2023-11-04T17:19:35.688+0000] {processor.py:829} INFO - Processing file /home/airflow/.local/lib/python3.8/site-packages/airflow/example_dags/example_params_ui_tutorial.py for tasks to queue
[2023-11-04T17:19:35.690+0000] {logging_mixin.py:151} INFO - [2023-11-04T17:19:35.689+0000] {dagbag.py:536} INFO - Filling up the DagBag from /home/airflow/.local/lib/python3.8/site-packages/airflow/example_dags/example_params_ui_tutorial.py
[2023-11-04T17:19:35.761+0000] {processor.py:839} INFO - DAG(s) dict_keys(['example_params_ui_tutorial']) retrieved from /home/airflow/.local/lib/python3.8/site-packages/airflow/example_dags/example_params_ui_tutorial.py
[2023-11-04T17:19:35.857+0000] {logging_mixin.py:151} INFO - [2023-11-04T17:19:35.857+0000] {dag.py:2941} INFO - Sync 1 DAGs
[2023-11-04T17:19:35.877+0000] {logging_mixin.py:151} INFO - [2023-11-04T17:19:35.877+0000] {dag.py:3722} INFO - Setting next_dagrun for example_params_ui_tutorial to None, run_after=None
[2023-11-04T17:19:35.907+0000] {processor.py:179} INFO - Processing /home/airflow/.local/lib/python3.8/site-packages/airflow/example_dags/example_params_ui_tutorial.py took 0.225 seconds
[2023-11-04T17:20:06.395+0000] {processor.py:157} INFO - Started process (PID=3380) to work on /home/airflow/.local/lib/python3.8/site-packages/airflow/example_dags/example_params_ui_tutorial.py
[2023-11-04T17:20:06.397+0000] {processor.py:829} INFO - Processing file /home/airflow/.local/lib/python3.8/site-packages/airflow/example_dags/example_params_ui_tutorial.py for tasks to queue
[2023-11-04T17:20:06.398+0000] {logging_mixin.py:151} INFO - [2023-11-04T17:20:06.398+0000] {dagbag.py:536} INFO - Filling up the DagBag from /home/airflow/.local/lib/python3.8/site-packages/airflow/example_dags/example_params_ui_tutorial.py
[2023-11-04T17:20:06.463+0000] {processor.py:839} INFO - DAG(s) dict_keys(['example_params_ui_tutorial']) retrieved from /home/airflow/.local/lib/python3.8/site-packages/airflow/example_dags/example_params_ui_tutorial.py
[2023-11-04T17:20:06.563+0000] {logging_mixin.py:151} INFO - [2023-11-04T17:20:06.563+0000] {dag.py:2941} INFO - Sync 1 DAGs
[2023-11-04T17:20:06.585+0000] {logging_mixin.py:151} INFO - [2023-11-04T17:20:06.584+0000] {dag.py:3722} INFO - Setting next_dagrun for example_params_ui_tutorial to None, run_after=None
[2023-11-04T17:20:06.612+0000] {processor.py:179} INFO - Processing /home/airflow/.local/lib/python3.8/site-packages/airflow/example_dags/example_params_ui_tutorial.py took 0.221 seconds
[2023-11-04T17:20:36.901+0000] {processor.py:157} INFO - Started process (PID=3623) to work on /home/airflow/.local/lib/python3.8/site-packages/airflow/example_dags/example_params_ui_tutorial.py
[2023-11-04T17:20:36.903+0000] {processor.py:829} INFO - Processing file /home/airflow/.local/lib/python3.8/site-packages/airflow/example_dags/example_params_ui_tutorial.py for tasks to queue
[2023-11-04T17:20:36.905+0000] {logging_mixin.py:151} INFO - [2023-11-04T17:20:36.904+0000] {dagbag.py:536} INFO - Filling up the DagBag from /home/airflow/.local/lib/python3.8/site-packages/airflow/example_dags/example_params_ui_tutorial.py
[2023-11-04T17:20:36.966+0000] {processor.py:839} INFO - DAG(s) dict_keys(['example_params_ui_tutorial']) retrieved from /home/airflow/.local/lib/python3.8/site-packages/airflow/example_dags/example_params_ui_tutorial.py
[2023-11-04T17:20:37.054+0000] {logging_mixin.py:151} INFO - [2023-11-04T17:20:37.053+0000] {dag.py:2941} INFO - Sync 1 DAGs
[2023-11-04T17:20:37.073+0000] {logging_mixin.py:151} INFO - [2023-11-04T17:20:37.073+0000] {dag.py:3722} INFO - Setting next_dagrun for example_params_ui_tutorial to None, run_after=None
[2023-11-04T17:20:37.101+0000] {processor.py:179} INFO - Processing /home/airflow/.local/lib/python3.8/site-packages/airflow/example_dags/example_params_ui_tutorial.py took 0.205 seconds
[2023-11-04T17:21:07.557+0000] {processor.py:157} INFO - Started process (PID=3854) to work on /home/airflow/.local/lib/python3.8/site-packages/airflow/example_dags/example_params_ui_tutorial.py
[2023-11-04T17:21:07.558+0000] {processor.py:829} INFO - Processing file /home/airflow/.local/lib/python3.8/site-packages/airflow/example_dags/example_params_ui_tutorial.py for tasks to queue
[2023-11-04T17:21:07.560+0000] {logging_mixin.py:151} INFO - [2023-11-04T17:21:07.560+0000] {dagbag.py:536} INFO - Filling up the DagBag from /home/airflow/.local/lib/python3.8/site-packages/airflow/example_dags/example_params_ui_tutorial.py
[2023-11-04T17:21:07.623+0000] {processor.py:839} INFO - DAG(s) dict_keys(['example_params_ui_tutorial']) retrieved from /home/airflow/.local/lib/python3.8/site-packages/airflow/example_dags/example_params_ui_tutorial.py
[2023-11-04T17:21:07.731+0000] {logging_mixin.py:151} INFO - [2023-11-04T17:21:07.730+0000] {dag.py:2941} INFO - Sync 1 DAGs
[2023-11-04T17:21:07.755+0000] {logging_mixin.py:151} INFO - [2023-11-04T17:21:07.755+0000] {dag.py:3722} INFO - Setting next_dagrun for example_params_ui_tutorial to None, run_after=None
[2023-11-04T17:21:07.792+0000] {processor.py:179} INFO - Processing /home/airflow/.local/lib/python3.8/site-packages/airflow/example_dags/example_params_ui_tutorial.py took 0.241 seconds
[2023-11-04T17:21:38.828+0000] {processor.py:157} INFO - Started process (PID=4135) to work on /home/airflow/.local/lib/python3.8/site-packages/airflow/example_dags/example_params_ui_tutorial.py
[2023-11-04T17:21:38.830+0000] {processor.py:829} INFO - Processing file /home/airflow/.local/lib/python3.8/site-packages/airflow/example_dags/example_params_ui_tutorial.py for tasks to queue
[2023-11-04T17:21:38.832+0000] {logging_mixin.py:151} INFO - [2023-11-04T17:21:38.831+0000] {dagbag.py:536} INFO - Filling up the DagBag from /home/airflow/.local/lib/python3.8/site-packages/airflow/example_dags/example_params_ui_tutorial.py
[2023-11-04T17:21:38.915+0000] {processor.py:839} INFO - DAG(s) dict_keys(['example_params_ui_tutorial']) retrieved from /home/airflow/.local/lib/python3.8/site-packages/airflow/example_dags/example_params_ui_tutorial.py
[2023-11-04T17:21:39.032+0000] {logging_mixin.py:151} INFO - [2023-11-04T17:21:39.032+0000] {dag.py:2941} INFO - Sync 1 DAGs
[2023-11-04T17:21:39.055+0000] {logging_mixin.py:151} INFO - [2023-11-04T17:21:39.055+0000] {dag.py:3722} INFO - Setting next_dagrun for example_params_ui_tutorial to None, run_after=None
[2023-11-04T17:21:39.089+0000] {processor.py:179} INFO - Processing /home/airflow/.local/lib/python3.8/site-packages/airflow/example_dags/example_params_ui_tutorial.py took 0.269 seconds
[2023-11-04T17:22:09.477+0000] {processor.py:157} INFO - Started process (PID=4380) to work on /home/airflow/.local/lib/python3.8/site-packages/airflow/example_dags/example_params_ui_tutorial.py
[2023-11-04T17:22:09.479+0000] {processor.py:829} INFO - Processing file /home/airflow/.local/lib/python3.8/site-packages/airflow/example_dags/example_params_ui_tutorial.py for tasks to queue
[2023-11-04T17:22:09.482+0000] {logging_mixin.py:151} INFO - [2023-11-04T17:22:09.482+0000] {dagbag.py:536} INFO - Filling up the DagBag from /home/airflow/.local/lib/python3.8/site-packages/airflow/example_dags/example_params_ui_tutorial.py
[2023-11-04T17:22:09.564+0000] {processor.py:839} INFO - DAG(s) dict_keys(['example_params_ui_tutorial']) retrieved from /home/airflow/.local/lib/python3.8/site-packages/airflow/example_dags/example_params_ui_tutorial.py
[2023-11-04T17:22:09.703+0000] {logging_mixin.py:151} INFO - [2023-11-04T17:22:09.702+0000] {dag.py:2941} INFO - Sync 1 DAGs
[2023-11-04T17:22:09.731+0000] {logging_mixin.py:151} INFO - [2023-11-04T17:22:09.730+0000] {dag.py:3722} INFO - Setting next_dagrun for example_params_ui_tutorial to None, run_after=None
[2023-11-04T17:22:09.771+0000] {processor.py:179} INFO - Processing /home/airflow/.local/lib/python3.8/site-packages/airflow/example_dags/example_params_ui_tutorial.py took 0.301 seconds
[2023-11-04T17:22:39.980+0000] {processor.py:157} INFO - Started process (PID=4623) to work on /home/airflow/.local/lib/python3.8/site-packages/airflow/example_dags/example_params_ui_tutorial.py
[2023-11-04T17:22:39.981+0000] {processor.py:829} INFO - Processing file /home/airflow/.local/lib/python3.8/site-packages/airflow/example_dags/example_params_ui_tutorial.py for tasks to queue
[2023-11-04T17:22:39.983+0000] {logging_mixin.py:151} INFO - [2023-11-04T17:22:39.983+0000] {dagbag.py:536} INFO - Filling up the DagBag from /home/airflow/.local/lib/python3.8/site-packages/airflow/example_dags/example_params_ui_tutorial.py
[2023-11-04T17:22:40.071+0000] {processor.py:839} INFO - DAG(s) dict_keys(['example_params_ui_tutorial']) retrieved from /home/airflow/.local/lib/python3.8/site-packages/airflow/example_dags/example_params_ui_tutorial.py
[2023-11-04T17:22:40.203+0000] {logging_mixin.py:151} INFO - [2023-11-04T17:22:40.203+0000] {dag.py:2941} INFO - Sync 1 DAGs
[2023-11-04T17:22:40.231+0000] {logging_mixin.py:151} INFO - [2023-11-04T17:22:40.231+0000] {dag.py:3722} INFO - Setting next_dagrun for example_params_ui_tutorial to None, run_after=None
[2023-11-04T17:22:40.274+0000] {processor.py:179} INFO - Processing /home/airflow/.local/lib/python3.8/site-packages/airflow/example_dags/example_params_ui_tutorial.py took 0.301 seconds
