[2023-11-04T16:23:44.310+0000] {processor.py:157} INFO - Started process (PID=169) to work on /home/airflow/.local/lib/python3.8/site-packages/airflow/example_dags/example_task_group.py
[2023-11-04T16:23:44.315+0000] {processor.py:829} INFO - Processing file /home/airflow/.local/lib/python3.8/site-packages/airflow/example_dags/example_task_group.py for tasks to queue
[2023-11-04T16:23:44.318+0000] {logging_mixin.py:151} INFO - [2023-11-04T16:23:44.317+0000] {dagbag.py:536} INFO - Filling up the DagBag from /home/airflow/.local/lib/python3.8/site-packages/airflow/example_dags/example_task_group.py
[2023-11-04T16:23:44.369+0000] {processor.py:839} INFO - DAG(s) dict_keys(['example_task_group']) retrieved from /home/airflow/.local/lib/python3.8/site-packages/airflow/example_dags/example_task_group.py
[2023-11-04T16:23:44.435+0000] {logging_mixin.py:151} INFO - [2023-11-04T16:23:44.435+0000] {dag.py:2941} INFO - Sync 1 DAGs
[2023-11-04T16:23:44.478+0000] {logging_mixin.py:151} INFO - [2023-11-04T16:23:44.478+0000] {dag.py:3722} INFO - Setting next_dagrun for example_task_group to 2023-11-03T16:23:44.477672+00:00, run_after=2023-11-04T16:23:44.477672+00:00
[2023-11-04T16:23:44.519+0000] {processor.py:179} INFO - Processing /home/airflow/.local/lib/python3.8/site-packages/airflow/example_dags/example_task_group.py took 0.224 seconds
[2023-11-04T16:24:14.981+0000] {processor.py:157} INFO - Started process (PID=408) to work on /home/airflow/.local/lib/python3.8/site-packages/airflow/example_dags/example_task_group.py
[2023-11-04T16:24:14.982+0000] {processor.py:829} INFO - Processing file /home/airflow/.local/lib/python3.8/site-packages/airflow/example_dags/example_task_group.py for tasks to queue
[2023-11-04T16:24:14.984+0000] {logging_mixin.py:151} INFO - [2023-11-04T16:24:14.984+0000] {dagbag.py:536} INFO - Filling up the DagBag from /home/airflow/.local/lib/python3.8/site-packages/airflow/example_dags/example_task_group.py
[2023-11-04T16:24:14.998+0000] {processor.py:839} INFO - DAG(s) dict_keys(['example_task_group']) retrieved from /home/airflow/.local/lib/python3.8/site-packages/airflow/example_dags/example_task_group.py
[2023-11-04T16:24:15.037+0000] {logging_mixin.py:151} INFO - [2023-11-04T16:24:15.037+0000] {dag.py:2941} INFO - Sync 1 DAGs
[2023-11-04T16:24:15.071+0000] {logging_mixin.py:151} INFO - [2023-11-04T16:24:15.071+0000] {dag.py:3722} INFO - Setting next_dagrun for example_task_group to 2023-11-03T16:24:15.071293+00:00, run_after=2023-11-04T16:24:15.071293+00:00
[2023-11-04T16:24:15.102+0000] {processor.py:179} INFO - Processing /home/airflow/.local/lib/python3.8/site-packages/airflow/example_dags/example_task_group.py took 0.128 seconds
[2023-11-04T16:24:45.326+0000] {processor.py:157} INFO - Started process (PID=646) to work on /home/airflow/.local/lib/python3.8/site-packages/airflow/example_dags/example_task_group.py
[2023-11-04T16:24:45.328+0000] {processor.py:829} INFO - Processing file /home/airflow/.local/lib/python3.8/site-packages/airflow/example_dags/example_task_group.py for tasks to queue
[2023-11-04T16:24:45.329+0000] {logging_mixin.py:151} INFO - [2023-11-04T16:24:45.329+0000] {dagbag.py:536} INFO - Filling up the DagBag from /home/airflow/.local/lib/python3.8/site-packages/airflow/example_dags/example_task_group.py
[2023-11-04T16:24:45.346+0000] {processor.py:839} INFO - DAG(s) dict_keys(['example_task_group']) retrieved from /home/airflow/.local/lib/python3.8/site-packages/airflow/example_dags/example_task_group.py
[2023-11-04T16:24:45.448+0000] {logging_mixin.py:151} INFO - [2023-11-04T16:24:45.446+0000] {dag.py:2941} INFO - Sync 1 DAGs
[2023-11-04T16:24:45.492+0000] {logging_mixin.py:151} INFO - [2023-11-04T16:24:45.492+0000] {dag.py:3722} INFO - Setting next_dagrun for example_task_group to 2023-11-03T16:24:45.491822+00:00, run_after=2023-11-04T16:24:45.491822+00:00
[2023-11-04T16:24:45.523+0000] {processor.py:179} INFO - Processing /home/airflow/.local/lib/python3.8/site-packages/airflow/example_dags/example_task_group.py took 0.203 seconds
[2023-11-04T16:25:15.691+0000] {processor.py:157} INFO - Started process (PID=884) to work on /home/airflow/.local/lib/python3.8/site-packages/airflow/example_dags/example_task_group.py
[2023-11-04T16:25:15.692+0000] {processor.py:829} INFO - Processing file /home/airflow/.local/lib/python3.8/site-packages/airflow/example_dags/example_task_group.py for tasks to queue
[2023-11-04T16:25:15.694+0000] {logging_mixin.py:151} INFO - [2023-11-04T16:25:15.694+0000] {dagbag.py:536} INFO - Filling up the DagBag from /home/airflow/.local/lib/python3.8/site-packages/airflow/example_dags/example_task_group.py
[2023-11-04T16:25:15.707+0000] {processor.py:839} INFO - DAG(s) dict_keys(['example_task_group']) retrieved from /home/airflow/.local/lib/python3.8/site-packages/airflow/example_dags/example_task_group.py
[2023-11-04T16:25:15.741+0000] {logging_mixin.py:151} INFO - [2023-11-04T16:25:15.741+0000] {dag.py:2941} INFO - Sync 1 DAGs
[2023-11-04T16:25:15.774+0000] {logging_mixin.py:151} INFO - [2023-11-04T16:25:15.774+0000] {dag.py:3722} INFO - Setting next_dagrun for example_task_group to 2023-11-03T16:25:15.773829+00:00, run_after=2023-11-04T16:25:15.773829+00:00
[2023-11-04T16:25:15.808+0000] {processor.py:179} INFO - Processing /home/airflow/.local/lib/python3.8/site-packages/airflow/example_dags/example_task_group.py took 0.122 seconds
[2023-11-04T16:25:46.235+0000] {processor.py:157} INFO - Started process (PID=1122) to work on /home/airflow/.local/lib/python3.8/site-packages/airflow/example_dags/example_task_group.py
[2023-11-04T16:25:46.237+0000] {processor.py:829} INFO - Processing file /home/airflow/.local/lib/python3.8/site-packages/airflow/example_dags/example_task_group.py for tasks to queue
[2023-11-04T16:25:46.239+0000] {logging_mixin.py:151} INFO - [2023-11-04T16:25:46.238+0000] {dagbag.py:536} INFO - Filling up the DagBag from /home/airflow/.local/lib/python3.8/site-packages/airflow/example_dags/example_task_group.py
[2023-11-04T16:25:46.253+0000] {processor.py:839} INFO - DAG(s) dict_keys(['example_task_group']) retrieved from /home/airflow/.local/lib/python3.8/site-packages/airflow/example_dags/example_task_group.py
[2023-11-04T16:25:46.291+0000] {logging_mixin.py:151} INFO - [2023-11-04T16:25:46.290+0000] {dag.py:2941} INFO - Sync 1 DAGs
[2023-11-04T16:25:46.330+0000] {logging_mixin.py:151} INFO - [2023-11-04T16:25:46.330+0000] {dag.py:3722} INFO - Setting next_dagrun for example_task_group to 2023-11-03T16:25:46.329423+00:00, run_after=2023-11-04T16:25:46.329423+00:00
[2023-11-04T16:25:46.363+0000] {processor.py:179} INFO - Processing /home/airflow/.local/lib/python3.8/site-packages/airflow/example_dags/example_task_group.py took 0.133 seconds
[2023-11-04T16:26:16.538+0000] {processor.py:157} INFO - Started process (PID=1360) to work on /home/airflow/.local/lib/python3.8/site-packages/airflow/example_dags/example_task_group.py
[2023-11-04T16:26:16.539+0000] {processor.py:829} INFO - Processing file /home/airflow/.local/lib/python3.8/site-packages/airflow/example_dags/example_task_group.py for tasks to queue
[2023-11-04T16:26:16.541+0000] {logging_mixin.py:151} INFO - [2023-11-04T16:26:16.540+0000] {dagbag.py:536} INFO - Filling up the DagBag from /home/airflow/.local/lib/python3.8/site-packages/airflow/example_dags/example_task_group.py
[2023-11-04T16:26:16.555+0000] {processor.py:839} INFO - DAG(s) dict_keys(['example_task_group']) retrieved from /home/airflow/.local/lib/python3.8/site-packages/airflow/example_dags/example_task_group.py
[2023-11-04T16:26:16.577+0000] {logging_mixin.py:151} INFO - [2023-11-04T16:26:16.577+0000] {dag.py:2941} INFO - Sync 1 DAGs
[2023-11-04T16:26:16.615+0000] {logging_mixin.py:151} INFO - [2023-11-04T16:26:16.614+0000] {dag.py:3722} INFO - Setting next_dagrun for example_task_group to 2023-11-03T16:26:16.614425+00:00, run_after=2023-11-04T16:26:16.614425+00:00
[2023-11-04T16:26:16.652+0000] {processor.py:179} INFO - Processing /home/airflow/.local/lib/python3.8/site-packages/airflow/example_dags/example_task_group.py took 0.121 seconds
[2023-11-04T16:26:47.097+0000] {processor.py:157} INFO - Started process (PID=1598) to work on /home/airflow/.local/lib/python3.8/site-packages/airflow/example_dags/example_task_group.py
[2023-11-04T16:26:47.099+0000] {processor.py:829} INFO - Processing file /home/airflow/.local/lib/python3.8/site-packages/airflow/example_dags/example_task_group.py for tasks to queue
[2023-11-04T16:26:47.101+0000] {logging_mixin.py:151} INFO - [2023-11-04T16:26:47.100+0000] {dagbag.py:536} INFO - Filling up the DagBag from /home/airflow/.local/lib/python3.8/site-packages/airflow/example_dags/example_task_group.py
[2023-11-04T16:26:47.114+0000] {processor.py:839} INFO - DAG(s) dict_keys(['example_task_group']) retrieved from /home/airflow/.local/lib/python3.8/site-packages/airflow/example_dags/example_task_group.py
[2023-11-04T16:26:47.151+0000] {logging_mixin.py:151} INFO - [2023-11-04T16:26:47.151+0000] {dag.py:2941} INFO - Sync 1 DAGs
[2023-11-04T16:26:47.185+0000] {logging_mixin.py:151} INFO - [2023-11-04T16:26:47.185+0000] {dag.py:3722} INFO - Setting next_dagrun for example_task_group to 2023-11-03T16:26:47.184837+00:00, run_after=2023-11-04T16:26:47.184837+00:00
[2023-11-04T16:26:47.213+0000] {processor.py:179} INFO - Processing /home/airflow/.local/lib/python3.8/site-packages/airflow/example_dags/example_task_group.py took 0.120 seconds
[2023-11-04T16:27:17.526+0000] {processor.py:157} INFO - Started process (PID=1836) to work on /home/airflow/.local/lib/python3.8/site-packages/airflow/example_dags/example_task_group.py
[2023-11-04T16:27:17.528+0000] {processor.py:829} INFO - Processing file /home/airflow/.local/lib/python3.8/site-packages/airflow/example_dags/example_task_group.py for tasks to queue
[2023-11-04T16:27:17.529+0000] {logging_mixin.py:151} INFO - [2023-11-04T16:27:17.529+0000] {dagbag.py:536} INFO - Filling up the DagBag from /home/airflow/.local/lib/python3.8/site-packages/airflow/example_dags/example_task_group.py
[2023-11-04T16:27:17.542+0000] {processor.py:839} INFO - DAG(s) dict_keys(['example_task_group']) retrieved from /home/airflow/.local/lib/python3.8/site-packages/airflow/example_dags/example_task_group.py
[2023-11-04T16:27:17.590+0000] {logging_mixin.py:151} INFO - [2023-11-04T16:27:17.590+0000] {dag.py:2941} INFO - Sync 1 DAGs
[2023-11-04T16:27:17.668+0000] {logging_mixin.py:151} INFO - [2023-11-04T16:27:17.667+0000] {dag.py:3722} INFO - Setting next_dagrun for example_task_group to 2023-11-03T16:27:17.666789+00:00, run_after=2023-11-04T16:27:17.666789+00:00
[2023-11-04T16:27:17.729+0000] {processor.py:179} INFO - Processing /home/airflow/.local/lib/python3.8/site-packages/airflow/example_dags/example_task_group.py took 0.208 seconds
[2023-11-04T16:27:48.097+0000] {processor.py:157} INFO - Started process (PID=2075) to work on /home/airflow/.local/lib/python3.8/site-packages/airflow/example_dags/example_task_group.py
[2023-11-04T16:27:48.099+0000] {processor.py:829} INFO - Processing file /home/airflow/.local/lib/python3.8/site-packages/airflow/example_dags/example_task_group.py for tasks to queue
[2023-11-04T16:27:48.101+0000] {logging_mixin.py:151} INFO - [2023-11-04T16:27:48.100+0000] {dagbag.py:536} INFO - Filling up the DagBag from /home/airflow/.local/lib/python3.8/site-packages/airflow/example_dags/example_task_group.py
[2023-11-04T16:27:48.114+0000] {processor.py:839} INFO - DAG(s) dict_keys(['example_task_group']) retrieved from /home/airflow/.local/lib/python3.8/site-packages/airflow/example_dags/example_task_group.py
[2023-11-04T16:27:48.133+0000] {logging_mixin.py:151} INFO - [2023-11-04T16:27:48.133+0000] {dag.py:2941} INFO - Sync 1 DAGs
[2023-11-04T16:27:48.171+0000] {logging_mixin.py:151} INFO - [2023-11-04T16:27:48.171+0000] {dag.py:3722} INFO - Setting next_dagrun for example_task_group to 2023-11-03T16:27:48.170784+00:00, run_after=2023-11-04T16:27:48.170784+00:00
[2023-11-04T16:27:48.206+0000] {processor.py:179} INFO - Processing /home/airflow/.local/lib/python3.8/site-packages/airflow/example_dags/example_task_group.py took 0.114 seconds
[2023-11-04T16:28:19.024+0000] {processor.py:157} INFO - Started process (PID=2313) to work on /home/airflow/.local/lib/python3.8/site-packages/airflow/example_dags/example_task_group.py
[2023-11-04T16:28:19.025+0000] {processor.py:829} INFO - Processing file /home/airflow/.local/lib/python3.8/site-packages/airflow/example_dags/example_task_group.py for tasks to queue
[2023-11-04T16:28:19.027+0000] {logging_mixin.py:151} INFO - [2023-11-04T16:28:19.027+0000] {dagbag.py:536} INFO - Filling up the DagBag from /home/airflow/.local/lib/python3.8/site-packages/airflow/example_dags/example_task_group.py
[2023-11-04T16:28:19.041+0000] {processor.py:839} INFO - DAG(s) dict_keys(['example_task_group']) retrieved from /home/airflow/.local/lib/python3.8/site-packages/airflow/example_dags/example_task_group.py
[2023-11-04T16:28:19.080+0000] {logging_mixin.py:151} INFO - [2023-11-04T16:28:19.080+0000] {dag.py:2941} INFO - Sync 1 DAGs
[2023-11-04T16:28:19.117+0000] {logging_mixin.py:151} INFO - [2023-11-04T16:28:19.117+0000] {dag.py:3722} INFO - Setting next_dagrun for example_task_group to 2023-11-03T16:28:19.117105+00:00, run_after=2023-11-04T16:28:19.117105+00:00
[2023-11-04T16:28:19.158+0000] {processor.py:179} INFO - Processing /home/airflow/.local/lib/python3.8/site-packages/airflow/example_dags/example_task_group.py took 0.140 seconds
[2023-11-04T16:28:49.825+0000] {processor.py:157} INFO - Started process (PID=2551) to work on /home/airflow/.local/lib/python3.8/site-packages/airflow/example_dags/example_task_group.py
[2023-11-04T16:28:49.826+0000] {processor.py:829} INFO - Processing file /home/airflow/.local/lib/python3.8/site-packages/airflow/example_dags/example_task_group.py for tasks to queue
[2023-11-04T16:28:49.828+0000] {logging_mixin.py:151} INFO - [2023-11-04T16:28:49.827+0000] {dagbag.py:536} INFO - Filling up the DagBag from /home/airflow/.local/lib/python3.8/site-packages/airflow/example_dags/example_task_group.py
[2023-11-04T16:28:49.840+0000] {processor.py:839} INFO - DAG(s) dict_keys(['example_task_group']) retrieved from /home/airflow/.local/lib/python3.8/site-packages/airflow/example_dags/example_task_group.py
[2023-11-04T16:28:49.875+0000] {logging_mixin.py:151} INFO - [2023-11-04T16:28:49.874+0000] {dag.py:2941} INFO - Sync 1 DAGs
[2023-11-04T16:28:49.908+0000] {logging_mixin.py:151} INFO - [2023-11-04T16:28:49.908+0000] {dag.py:3722} INFO - Setting next_dagrun for example_task_group to 2023-11-03T16:28:49.908093+00:00, run_after=2023-11-04T16:28:49.908093+00:00
[2023-11-04T16:28:49.942+0000] {processor.py:179} INFO - Processing /home/airflow/.local/lib/python3.8/site-packages/airflow/example_dags/example_task_group.py took 0.123 seconds
[2023-11-04T16:29:20.475+0000] {processor.py:157} INFO - Started process (PID=2789) to work on /home/airflow/.local/lib/python3.8/site-packages/airflow/example_dags/example_task_group.py
[2023-11-04T16:29:20.477+0000] {processor.py:829} INFO - Processing file /home/airflow/.local/lib/python3.8/site-packages/airflow/example_dags/example_task_group.py for tasks to queue
[2023-11-04T16:29:20.478+0000] {logging_mixin.py:151} INFO - [2023-11-04T16:29:20.478+0000] {dagbag.py:536} INFO - Filling up the DagBag from /home/airflow/.local/lib/python3.8/site-packages/airflow/example_dags/example_task_group.py
[2023-11-04T16:29:20.491+0000] {processor.py:839} INFO - DAG(s) dict_keys(['example_task_group']) retrieved from /home/airflow/.local/lib/python3.8/site-packages/airflow/example_dags/example_task_group.py
[2023-11-04T16:29:20.526+0000] {logging_mixin.py:151} INFO - [2023-11-04T16:29:20.525+0000] {dag.py:2941} INFO - Sync 1 DAGs
[2023-11-04T16:29:20.560+0000] {logging_mixin.py:151} INFO - [2023-11-04T16:29:20.559+0000] {dag.py:3722} INFO - Setting next_dagrun for example_task_group to 2023-11-03T16:29:20.559391+00:00, run_after=2023-11-04T16:29:20.559391+00:00
[2023-11-04T16:29:20.595+0000] {processor.py:179} INFO - Processing /home/airflow/.local/lib/python3.8/site-packages/airflow/example_dags/example_task_group.py took 0.125 seconds
[2023-11-04T16:29:50.722+0000] {processor.py:157} INFO - Started process (PID=3027) to work on /home/airflow/.local/lib/python3.8/site-packages/airflow/example_dags/example_task_group.py
[2023-11-04T16:29:50.723+0000] {processor.py:829} INFO - Processing file /home/airflow/.local/lib/python3.8/site-packages/airflow/example_dags/example_task_group.py for tasks to queue
[2023-11-04T16:29:50.726+0000] {logging_mixin.py:151} INFO - [2023-11-04T16:29:50.725+0000] {dagbag.py:536} INFO - Filling up the DagBag from /home/airflow/.local/lib/python3.8/site-packages/airflow/example_dags/example_task_group.py
[2023-11-04T16:29:50.739+0000] {processor.py:839} INFO - DAG(s) dict_keys(['example_task_group']) retrieved from /home/airflow/.local/lib/python3.8/site-packages/airflow/example_dags/example_task_group.py
[2023-11-04T16:29:50.758+0000] {logging_mixin.py:151} INFO - [2023-11-04T16:29:50.758+0000] {dag.py:2941} INFO - Sync 1 DAGs
[2023-11-04T16:29:50.794+0000] {logging_mixin.py:151} INFO - [2023-11-04T16:29:50.794+0000] {dag.py:3722} INFO - Setting next_dagrun for example_task_group to 2023-11-03T16:29:50.793924+00:00, run_after=2023-11-04T16:29:50.793924+00:00
[2023-11-04T16:29:50.827+0000] {processor.py:179} INFO - Processing /home/airflow/.local/lib/python3.8/site-packages/airflow/example_dags/example_task_group.py took 0.109 seconds
[2023-11-04T16:30:21.194+0000] {processor.py:157} INFO - Started process (PID=3265) to work on /home/airflow/.local/lib/python3.8/site-packages/airflow/example_dags/example_task_group.py
[2023-11-04T16:30:21.195+0000] {processor.py:829} INFO - Processing file /home/airflow/.local/lib/python3.8/site-packages/airflow/example_dags/example_task_group.py for tasks to queue
[2023-11-04T16:30:21.196+0000] {logging_mixin.py:151} INFO - [2023-11-04T16:30:21.196+0000] {dagbag.py:536} INFO - Filling up the DagBag from /home/airflow/.local/lib/python3.8/site-packages/airflow/example_dags/example_task_group.py
[2023-11-04T16:30:21.209+0000] {processor.py:839} INFO - DAG(s) dict_keys(['example_task_group']) retrieved from /home/airflow/.local/lib/python3.8/site-packages/airflow/example_dags/example_task_group.py
[2023-11-04T16:30:21.246+0000] {logging_mixin.py:151} INFO - [2023-11-04T16:30:21.246+0000] {dag.py:2941} INFO - Sync 1 DAGs
[2023-11-04T16:30:21.280+0000] {logging_mixin.py:151} INFO - [2023-11-04T16:30:21.279+0000] {dag.py:3722} INFO - Setting next_dagrun for example_task_group to 2023-11-03T16:30:21.279436+00:00, run_after=2023-11-04T16:30:21.279436+00:00
[2023-11-04T16:30:21.314+0000] {processor.py:179} INFO - Processing /home/airflow/.local/lib/python3.8/site-packages/airflow/example_dags/example_task_group.py took 0.125 seconds
[2023-11-04T16:30:51.670+0000] {processor.py:157} INFO - Started process (PID=3503) to work on /home/airflow/.local/lib/python3.8/site-packages/airflow/example_dags/example_task_group.py
[2023-11-04T16:30:51.671+0000] {processor.py:829} INFO - Processing file /home/airflow/.local/lib/python3.8/site-packages/airflow/example_dags/example_task_group.py for tasks to queue
[2023-11-04T16:30:51.673+0000] {logging_mixin.py:151} INFO - [2023-11-04T16:30:51.673+0000] {dagbag.py:536} INFO - Filling up the DagBag from /home/airflow/.local/lib/python3.8/site-packages/airflow/example_dags/example_task_group.py
[2023-11-04T16:30:51.687+0000] {processor.py:839} INFO - DAG(s) dict_keys(['example_task_group']) retrieved from /home/airflow/.local/lib/python3.8/site-packages/airflow/example_dags/example_task_group.py
[2023-11-04T16:30:51.728+0000] {logging_mixin.py:151} INFO - [2023-11-04T16:30:51.727+0000] {dag.py:2941} INFO - Sync 1 DAGs
[2023-11-04T16:30:51.764+0000] {logging_mixin.py:151} INFO - [2023-11-04T16:30:51.764+0000] {dag.py:3722} INFO - Setting next_dagrun for example_task_group to 2023-11-03T16:30:51.763642+00:00, run_after=2023-11-04T16:30:51.763642+00:00
[2023-11-04T16:30:51.803+0000] {processor.py:179} INFO - Processing /home/airflow/.local/lib/python3.8/site-packages/airflow/example_dags/example_task_group.py took 0.139 seconds
[2023-11-04T16:31:21.908+0000] {processor.py:157} INFO - Started process (PID=3741) to work on /home/airflow/.local/lib/python3.8/site-packages/airflow/example_dags/example_task_group.py
[2023-11-04T16:31:21.911+0000] {processor.py:829} INFO - Processing file /home/airflow/.local/lib/python3.8/site-packages/airflow/example_dags/example_task_group.py for tasks to queue
[2023-11-04T16:31:21.913+0000] {logging_mixin.py:151} INFO - [2023-11-04T16:31:21.912+0000] {dagbag.py:536} INFO - Filling up the DagBag from /home/airflow/.local/lib/python3.8/site-packages/airflow/example_dags/example_task_group.py
[2023-11-04T16:31:21.928+0000] {processor.py:839} INFO - DAG(s) dict_keys(['example_task_group']) retrieved from /home/airflow/.local/lib/python3.8/site-packages/airflow/example_dags/example_task_group.py
[2023-11-04T16:31:21.967+0000] {logging_mixin.py:151} INFO - [2023-11-04T16:31:21.967+0000] {dag.py:2941} INFO - Sync 1 DAGs
[2023-11-04T16:31:22.005+0000] {logging_mixin.py:151} INFO - [2023-11-04T16:31:22.004+0000] {dag.py:3722} INFO - Setting next_dagrun for example_task_group to 2023-11-03T16:31:22.004234+00:00, run_after=2023-11-04T16:31:22.004234+00:00
[2023-11-04T16:31:22.038+0000] {processor.py:179} INFO - Processing /home/airflow/.local/lib/python3.8/site-packages/airflow/example_dags/example_task_group.py took 0.135 seconds
[2023-11-04T16:31:52.497+0000] {processor.py:157} INFO - Started process (PID=3979) to work on /home/airflow/.local/lib/python3.8/site-packages/airflow/example_dags/example_task_group.py
[2023-11-04T16:31:52.499+0000] {processor.py:829} INFO - Processing file /home/airflow/.local/lib/python3.8/site-packages/airflow/example_dags/example_task_group.py for tasks to queue
[2023-11-04T16:31:52.501+0000] {logging_mixin.py:151} INFO - [2023-11-04T16:31:52.501+0000] {dagbag.py:536} INFO - Filling up the DagBag from /home/airflow/.local/lib/python3.8/site-packages/airflow/example_dags/example_task_group.py
[2023-11-04T16:31:52.518+0000] {processor.py:839} INFO - DAG(s) dict_keys(['example_task_group']) retrieved from /home/airflow/.local/lib/python3.8/site-packages/airflow/example_dags/example_task_group.py
[2023-11-04T16:31:52.541+0000] {logging_mixin.py:151} INFO - [2023-11-04T16:31:52.541+0000] {dag.py:2941} INFO - Sync 1 DAGs
[2023-11-04T16:31:52.580+0000] {logging_mixin.py:151} INFO - [2023-11-04T16:31:52.579+0000] {dag.py:3722} INFO - Setting next_dagrun for example_task_group to 2023-11-03T16:31:52.579568+00:00, run_after=2023-11-04T16:31:52.579568+00:00
[2023-11-04T16:31:52.612+0000] {processor.py:179} INFO - Processing /home/airflow/.local/lib/python3.8/site-packages/airflow/example_dags/example_task_group.py took 0.122 seconds
[2023-11-04T16:32:23.010+0000] {processor.py:157} INFO - Started process (PID=4217) to work on /home/airflow/.local/lib/python3.8/site-packages/airflow/example_dags/example_task_group.py
[2023-11-04T16:32:23.012+0000] {processor.py:829} INFO - Processing file /home/airflow/.local/lib/python3.8/site-packages/airflow/example_dags/example_task_group.py for tasks to queue
[2023-11-04T16:32:23.014+0000] {logging_mixin.py:151} INFO - [2023-11-04T16:32:23.013+0000] {dagbag.py:536} INFO - Filling up the DagBag from /home/airflow/.local/lib/python3.8/site-packages/airflow/example_dags/example_task_group.py
[2023-11-04T16:32:23.032+0000] {processor.py:839} INFO - DAG(s) dict_keys(['example_task_group']) retrieved from /home/airflow/.local/lib/python3.8/site-packages/airflow/example_dags/example_task_group.py
[2023-11-04T16:32:23.077+0000] {logging_mixin.py:151} INFO - [2023-11-04T16:32:23.077+0000] {dag.py:2941} INFO - Sync 1 DAGs
[2023-11-04T16:32:23.138+0000] {logging_mixin.py:151} INFO - [2023-11-04T16:32:23.138+0000] {dag.py:3722} INFO - Setting next_dagrun for example_task_group to 2023-11-03T16:32:23.135828+00:00, run_after=2023-11-04T16:32:23.135828+00:00
[2023-11-04T16:32:23.177+0000] {processor.py:179} INFO - Processing /home/airflow/.local/lib/python3.8/site-packages/airflow/example_dags/example_task_group.py took 0.173 seconds
[2023-11-04T16:32:53.226+0000] {processor.py:157} INFO - Started process (PID=4455) to work on /home/airflow/.local/lib/python3.8/site-packages/airflow/example_dags/example_task_group.py
[2023-11-04T16:32:53.228+0000] {processor.py:829} INFO - Processing file /home/airflow/.local/lib/python3.8/site-packages/airflow/example_dags/example_task_group.py for tasks to queue
[2023-11-04T16:32:53.229+0000] {logging_mixin.py:151} INFO - [2023-11-04T16:32:53.229+0000] {dagbag.py:536} INFO - Filling up the DagBag from /home/airflow/.local/lib/python3.8/site-packages/airflow/example_dags/example_task_group.py
[2023-11-04T16:32:53.242+0000] {processor.py:839} INFO - DAG(s) dict_keys(['example_task_group']) retrieved from /home/airflow/.local/lib/python3.8/site-packages/airflow/example_dags/example_task_group.py
[2023-11-04T16:32:53.276+0000] {logging_mixin.py:151} INFO - [2023-11-04T16:32:53.276+0000] {dag.py:2941} INFO - Sync 1 DAGs
[2023-11-04T16:32:53.310+0000] {logging_mixin.py:151} INFO - [2023-11-04T16:32:53.310+0000] {dag.py:3722} INFO - Setting next_dagrun for example_task_group to 2023-11-03T16:32:53.309660+00:00, run_after=2023-11-04T16:32:53.309660+00:00
[2023-11-04T16:32:53.340+0000] {processor.py:179} INFO - Processing /home/airflow/.local/lib/python3.8/site-packages/airflow/example_dags/example_task_group.py took 0.119 seconds
[2023-11-04T16:33:23.462+0000] {processor.py:157} INFO - Started process (PID=4693) to work on /home/airflow/.local/lib/python3.8/site-packages/airflow/example_dags/example_task_group.py
[2023-11-04T16:33:23.463+0000] {processor.py:829} INFO - Processing file /home/airflow/.local/lib/python3.8/site-packages/airflow/example_dags/example_task_group.py for tasks to queue
[2023-11-04T16:33:23.465+0000] {logging_mixin.py:151} INFO - [2023-11-04T16:33:23.465+0000] {dagbag.py:536} INFO - Filling up the DagBag from /home/airflow/.local/lib/python3.8/site-packages/airflow/example_dags/example_task_group.py
[2023-11-04T16:33:23.478+0000] {processor.py:839} INFO - DAG(s) dict_keys(['example_task_group']) retrieved from /home/airflow/.local/lib/python3.8/site-packages/airflow/example_dags/example_task_group.py
[2023-11-04T16:33:23.512+0000] {logging_mixin.py:151} INFO - [2023-11-04T16:33:23.512+0000] {dag.py:2941} INFO - Sync 1 DAGs
[2023-11-04T16:33:23.546+0000] {logging_mixin.py:151} INFO - [2023-11-04T16:33:23.546+0000] {dag.py:3722} INFO - Setting next_dagrun for example_task_group to 2023-11-03T16:33:23.545793+00:00, run_after=2023-11-04T16:33:23.545793+00:00
[2023-11-04T16:33:23.582+0000] {processor.py:179} INFO - Processing /home/airflow/.local/lib/python3.8/site-packages/airflow/example_dags/example_task_group.py took 0.125 seconds
[2023-11-04T16:33:53.752+0000] {processor.py:157} INFO - Started process (PID=4931) to work on /home/airflow/.local/lib/python3.8/site-packages/airflow/example_dags/example_task_group.py
[2023-11-04T16:33:53.754+0000] {processor.py:829} INFO - Processing file /home/airflow/.local/lib/python3.8/site-packages/airflow/example_dags/example_task_group.py for tasks to queue
[2023-11-04T16:33:53.755+0000] {logging_mixin.py:151} INFO - [2023-11-04T16:33:53.755+0000] {dagbag.py:536} INFO - Filling up the DagBag from /home/airflow/.local/lib/python3.8/site-packages/airflow/example_dags/example_task_group.py
[2023-11-04T16:33:53.771+0000] {processor.py:839} INFO - DAG(s) dict_keys(['example_task_group']) retrieved from /home/airflow/.local/lib/python3.8/site-packages/airflow/example_dags/example_task_group.py
[2023-11-04T16:33:53.811+0000] {logging_mixin.py:151} INFO - [2023-11-04T16:33:53.810+0000] {dag.py:2941} INFO - Sync 1 DAGs
[2023-11-04T16:33:53.851+0000] {logging_mixin.py:151} INFO - [2023-11-04T16:33:53.850+0000] {dag.py:3722} INFO - Setting next_dagrun for example_task_group to 2023-11-03T16:33:53.850529+00:00, run_after=2023-11-04T16:33:53.850529+00:00
[2023-11-04T16:33:53.891+0000] {processor.py:179} INFO - Processing /home/airflow/.local/lib/python3.8/site-packages/airflow/example_dags/example_task_group.py took 0.145 seconds
[2023-11-04T16:34:24.311+0000] {processor.py:157} INFO - Started process (PID=5169) to work on /home/airflow/.local/lib/python3.8/site-packages/airflow/example_dags/example_task_group.py
[2023-11-04T16:34:24.313+0000] {processor.py:829} INFO - Processing file /home/airflow/.local/lib/python3.8/site-packages/airflow/example_dags/example_task_group.py for tasks to queue
[2023-11-04T16:34:24.315+0000] {logging_mixin.py:151} INFO - [2023-11-04T16:34:24.315+0000] {dagbag.py:536} INFO - Filling up the DagBag from /home/airflow/.local/lib/python3.8/site-packages/airflow/example_dags/example_task_group.py
[2023-11-04T16:34:24.330+0000] {processor.py:839} INFO - DAG(s) dict_keys(['example_task_group']) retrieved from /home/airflow/.local/lib/python3.8/site-packages/airflow/example_dags/example_task_group.py
[2023-11-04T16:34:24.373+0000] {logging_mixin.py:151} INFO - [2023-11-04T16:34:24.373+0000] {dag.py:2941} INFO - Sync 1 DAGs
[2023-11-04T16:34:24.420+0000] {logging_mixin.py:151} INFO - [2023-11-04T16:34:24.420+0000] {dag.py:3722} INFO - Setting next_dagrun for example_task_group to 2023-11-03T16:34:24.419969+00:00, run_after=2023-11-04T16:34:24.419969+00:00
[2023-11-04T16:34:24.458+0000] {processor.py:179} INFO - Processing /home/airflow/.local/lib/python3.8/site-packages/airflow/example_dags/example_task_group.py took 0.153 seconds
[2023-11-04T16:34:55.325+0000] {processor.py:157} INFO - Started process (PID=5407) to work on /home/airflow/.local/lib/python3.8/site-packages/airflow/example_dags/example_task_group.py
[2023-11-04T16:34:55.327+0000] {processor.py:829} INFO - Processing file /home/airflow/.local/lib/python3.8/site-packages/airflow/example_dags/example_task_group.py for tasks to queue
[2023-11-04T16:34:55.329+0000] {logging_mixin.py:151} INFO - [2023-11-04T16:34:55.328+0000] {dagbag.py:536} INFO - Filling up the DagBag from /home/airflow/.local/lib/python3.8/site-packages/airflow/example_dags/example_task_group.py
[2023-11-04T16:34:55.341+0000] {processor.py:839} INFO - DAG(s) dict_keys(['example_task_group']) retrieved from /home/airflow/.local/lib/python3.8/site-packages/airflow/example_dags/example_task_group.py
[2023-11-04T16:34:55.377+0000] {logging_mixin.py:151} INFO - [2023-11-04T16:34:55.376+0000] {dag.py:2941} INFO - Sync 1 DAGs
[2023-11-04T16:34:55.411+0000] {logging_mixin.py:151} INFO - [2023-11-04T16:34:55.411+0000] {dag.py:3722} INFO - Setting next_dagrun for example_task_group to 2023-11-03T16:34:55.411203+00:00, run_after=2023-11-04T16:34:55.411203+00:00
[2023-11-04T16:34:55.446+0000] {processor.py:179} INFO - Processing /home/airflow/.local/lib/python3.8/site-packages/airflow/example_dags/example_task_group.py took 0.125 seconds
[2023-11-04T16:35:26.184+0000] {processor.py:157} INFO - Started process (PID=5645) to work on /home/airflow/.local/lib/python3.8/site-packages/airflow/example_dags/example_task_group.py
[2023-11-04T16:35:26.186+0000] {processor.py:829} INFO - Processing file /home/airflow/.local/lib/python3.8/site-packages/airflow/example_dags/example_task_group.py for tasks to queue
[2023-11-04T16:35:26.187+0000] {logging_mixin.py:151} INFO - [2023-11-04T16:35:26.187+0000] {dagbag.py:536} INFO - Filling up the DagBag from /home/airflow/.local/lib/python3.8/site-packages/airflow/example_dags/example_task_group.py
[2023-11-04T16:35:26.200+0000] {processor.py:839} INFO - DAG(s) dict_keys(['example_task_group']) retrieved from /home/airflow/.local/lib/python3.8/site-packages/airflow/example_dags/example_task_group.py
[2023-11-04T16:35:26.237+0000] {logging_mixin.py:151} INFO - [2023-11-04T16:35:26.236+0000] {dag.py:2941} INFO - Sync 1 DAGs
[2023-11-04T16:35:26.279+0000] {logging_mixin.py:151} INFO - [2023-11-04T16:35:26.279+0000] {dag.py:3722} INFO - Setting next_dagrun for example_task_group to 2023-11-03T16:35:26.279316+00:00, run_after=2023-11-04T16:35:26.279316+00:00
[2023-11-04T16:35:26.315+0000] {processor.py:179} INFO - Processing /home/airflow/.local/lib/python3.8/site-packages/airflow/example_dags/example_task_group.py took 0.136 seconds
[2023-11-04T16:35:57.253+0000] {processor.py:157} INFO - Started process (PID=5883) to work on /home/airflow/.local/lib/python3.8/site-packages/airflow/example_dags/example_task_group.py
[2023-11-04T16:35:57.255+0000] {processor.py:829} INFO - Processing file /home/airflow/.local/lib/python3.8/site-packages/airflow/example_dags/example_task_group.py for tasks to queue
[2023-11-04T16:35:57.256+0000] {logging_mixin.py:151} INFO - [2023-11-04T16:35:57.256+0000] {dagbag.py:536} INFO - Filling up the DagBag from /home/airflow/.local/lib/python3.8/site-packages/airflow/example_dags/example_task_group.py
[2023-11-04T16:35:57.269+0000] {processor.py:839} INFO - DAG(s) dict_keys(['example_task_group']) retrieved from /home/airflow/.local/lib/python3.8/site-packages/airflow/example_dags/example_task_group.py
[2023-11-04T16:35:57.304+0000] {logging_mixin.py:151} INFO - [2023-11-04T16:35:57.303+0000] {dag.py:2941} INFO - Sync 1 DAGs
[2023-11-04T16:35:57.337+0000] {logging_mixin.py:151} INFO - [2023-11-04T16:35:57.337+0000] {dag.py:3722} INFO - Setting next_dagrun for example_task_group to 2023-11-03T16:35:57.337098+00:00, run_after=2023-11-04T16:35:57.337098+00:00
[2023-11-04T16:35:57.371+0000] {processor.py:179} INFO - Processing /home/airflow/.local/lib/python3.8/site-packages/airflow/example_dags/example_task_group.py took 0.123 seconds
[2023-11-04T16:36:27.642+0000] {processor.py:157} INFO - Started process (PID=6121) to work on /home/airflow/.local/lib/python3.8/site-packages/airflow/example_dags/example_task_group.py
[2023-11-04T16:36:27.644+0000] {processor.py:829} INFO - Processing file /home/airflow/.local/lib/python3.8/site-packages/airflow/example_dags/example_task_group.py for tasks to queue
[2023-11-04T16:36:27.645+0000] {logging_mixin.py:151} INFO - [2023-11-04T16:36:27.645+0000] {dagbag.py:536} INFO - Filling up the DagBag from /home/airflow/.local/lib/python3.8/site-packages/airflow/example_dags/example_task_group.py
[2023-11-04T16:36:27.658+0000] {processor.py:839} INFO - DAG(s) dict_keys(['example_task_group']) retrieved from /home/airflow/.local/lib/python3.8/site-packages/airflow/example_dags/example_task_group.py
[2023-11-04T16:36:27.694+0000] {logging_mixin.py:151} INFO - [2023-11-04T16:36:27.694+0000] {dag.py:2941} INFO - Sync 1 DAGs
[2023-11-04T16:36:27.728+0000] {logging_mixin.py:151} INFO - [2023-11-04T16:36:27.728+0000] {dag.py:3722} INFO - Setting next_dagrun for example_task_group to 2023-11-03T16:36:27.727714+00:00, run_after=2023-11-04T16:36:27.727714+00:00
[2023-11-04T16:36:27.757+0000] {processor.py:179} INFO - Processing /home/airflow/.local/lib/python3.8/site-packages/airflow/example_dags/example_task_group.py took 0.121 seconds
[2023-11-04T16:36:58.241+0000] {processor.py:157} INFO - Started process (PID=6359) to work on /home/airflow/.local/lib/python3.8/site-packages/airflow/example_dags/example_task_group.py
[2023-11-04T16:36:58.242+0000] {processor.py:829} INFO - Processing file /home/airflow/.local/lib/python3.8/site-packages/airflow/example_dags/example_task_group.py for tasks to queue
[2023-11-04T16:36:58.244+0000] {logging_mixin.py:151} INFO - [2023-11-04T16:36:58.244+0000] {dagbag.py:536} INFO - Filling up the DagBag from /home/airflow/.local/lib/python3.8/site-packages/airflow/example_dags/example_task_group.py
[2023-11-04T16:36:58.258+0000] {processor.py:839} INFO - DAG(s) dict_keys(['example_task_group']) retrieved from /home/airflow/.local/lib/python3.8/site-packages/airflow/example_dags/example_task_group.py
[2023-11-04T16:36:58.294+0000] {logging_mixin.py:151} INFO - [2023-11-04T16:36:58.294+0000] {dag.py:2941} INFO - Sync 1 DAGs
[2023-11-04T16:36:58.333+0000] {logging_mixin.py:151} INFO - [2023-11-04T16:36:58.333+0000] {dag.py:3722} INFO - Setting next_dagrun for example_task_group to 2023-11-03T16:36:58.332802+00:00, run_after=2023-11-04T16:36:58.332802+00:00
[2023-11-04T16:36:58.381+0000] {processor.py:179} INFO - Processing /home/airflow/.local/lib/python3.8/site-packages/airflow/example_dags/example_task_group.py took 0.146 seconds
[2023-11-04T16:37:28.481+0000] {processor.py:157} INFO - Started process (PID=6597) to work on /home/airflow/.local/lib/python3.8/site-packages/airflow/example_dags/example_task_group.py
[2023-11-04T16:37:28.483+0000] {processor.py:829} INFO - Processing file /home/airflow/.local/lib/python3.8/site-packages/airflow/example_dags/example_task_group.py for tasks to queue
[2023-11-04T16:37:28.484+0000] {logging_mixin.py:151} INFO - [2023-11-04T16:37:28.484+0000] {dagbag.py:536} INFO - Filling up the DagBag from /home/airflow/.local/lib/python3.8/site-packages/airflow/example_dags/example_task_group.py
[2023-11-04T16:37:28.497+0000] {processor.py:839} INFO - DAG(s) dict_keys(['example_task_group']) retrieved from /home/airflow/.local/lib/python3.8/site-packages/airflow/example_dags/example_task_group.py
[2023-11-04T16:37:28.532+0000] {logging_mixin.py:151} INFO - [2023-11-04T16:37:28.532+0000] {dag.py:2941} INFO - Sync 1 DAGs
[2023-11-04T16:37:28.565+0000] {logging_mixin.py:151} INFO - [2023-11-04T16:37:28.565+0000] {dag.py:3722} INFO - Setting next_dagrun for example_task_group to 2023-11-03T16:37:28.564780+00:00, run_after=2023-11-04T16:37:28.564780+00:00
[2023-11-04T16:37:28.595+0000] {processor.py:179} INFO - Processing /home/airflow/.local/lib/python3.8/site-packages/airflow/example_dags/example_task_group.py took 0.119 seconds
[2023-11-04T16:37:59.154+0000] {processor.py:157} INFO - Started process (PID=6835) to work on /home/airflow/.local/lib/python3.8/site-packages/airflow/example_dags/example_task_group.py
[2023-11-04T16:37:59.156+0000] {processor.py:829} INFO - Processing file /home/airflow/.local/lib/python3.8/site-packages/airflow/example_dags/example_task_group.py for tasks to queue
[2023-11-04T16:37:59.158+0000] {logging_mixin.py:151} INFO - [2023-11-04T16:37:59.157+0000] {dagbag.py:536} INFO - Filling up the DagBag from /home/airflow/.local/lib/python3.8/site-packages/airflow/example_dags/example_task_group.py
[2023-11-04T16:37:59.171+0000] {processor.py:839} INFO - DAG(s) dict_keys(['example_task_group']) retrieved from /home/airflow/.local/lib/python3.8/site-packages/airflow/example_dags/example_task_group.py
[2023-11-04T16:37:59.206+0000] {logging_mixin.py:151} INFO - [2023-11-04T16:37:59.206+0000] {dag.py:2941} INFO - Sync 1 DAGs
[2023-11-04T16:37:59.243+0000] {logging_mixin.py:151} INFO - [2023-11-04T16:37:59.242+0000] {dag.py:3722} INFO - Setting next_dagrun for example_task_group to 2023-11-03T16:37:59.242560+00:00, run_after=2023-11-04T16:37:59.242560+00:00
[2023-11-04T16:37:59.277+0000] {processor.py:179} INFO - Processing /home/airflow/.local/lib/python3.8/site-packages/airflow/example_dags/example_task_group.py took 0.130 seconds
[2023-11-04T16:38:30.145+0000] {processor.py:157} INFO - Started process (PID=7079) to work on /home/airflow/.local/lib/python3.8/site-packages/airflow/example_dags/example_task_group.py
[2023-11-04T16:38:30.147+0000] {processor.py:829} INFO - Processing file /home/airflow/.local/lib/python3.8/site-packages/airflow/example_dags/example_task_group.py for tasks to queue
[2023-11-04T16:38:30.149+0000] {logging_mixin.py:151} INFO - [2023-11-04T16:38:30.149+0000] {dagbag.py:536} INFO - Filling up the DagBag from /home/airflow/.local/lib/python3.8/site-packages/airflow/example_dags/example_task_group.py
[2023-11-04T16:38:30.168+0000] {processor.py:839} INFO - DAG(s) dict_keys(['example_task_group']) retrieved from /home/airflow/.local/lib/python3.8/site-packages/airflow/example_dags/example_task_group.py
[2023-11-04T16:38:30.212+0000] {logging_mixin.py:151} INFO - [2023-11-04T16:38:30.211+0000] {dag.py:2941} INFO - Sync 1 DAGs
[2023-11-04T16:38:30.249+0000] {logging_mixin.py:151} INFO - [2023-11-04T16:38:30.248+0000] {dag.py:3722} INFO - Setting next_dagrun for example_task_group to 2023-11-03T16:38:30.248484+00:00, run_after=2023-11-04T16:38:30.248484+00:00
[2023-11-04T16:38:30.285+0000] {processor.py:179} INFO - Processing /home/airflow/.local/lib/python3.8/site-packages/airflow/example_dags/example_task_group.py took 0.147 seconds
[2023-11-04T16:39:00.874+0000] {processor.py:157} INFO - Started process (PID=7318) to work on /home/airflow/.local/lib/python3.8/site-packages/airflow/example_dags/example_task_group.py
[2023-11-04T16:39:00.876+0000] {processor.py:829} INFO - Processing file /home/airflow/.local/lib/python3.8/site-packages/airflow/example_dags/example_task_group.py for tasks to queue
[2023-11-04T16:39:00.877+0000] {logging_mixin.py:151} INFO - [2023-11-04T16:39:00.877+0000] {dagbag.py:536} INFO - Filling up the DagBag from /home/airflow/.local/lib/python3.8/site-packages/airflow/example_dags/example_task_group.py
[2023-11-04T16:39:00.890+0000] {processor.py:839} INFO - DAG(s) dict_keys(['example_task_group']) retrieved from /home/airflow/.local/lib/python3.8/site-packages/airflow/example_dags/example_task_group.py
[2023-11-04T16:39:00.925+0000] {logging_mixin.py:151} INFO - [2023-11-04T16:39:00.925+0000] {dag.py:2941} INFO - Sync 1 DAGs
[2023-11-04T16:39:00.959+0000] {logging_mixin.py:151} INFO - [2023-11-04T16:39:00.959+0000] {dag.py:3722} INFO - Setting next_dagrun for example_task_group to 2023-11-03T16:39:00.959069+00:00, run_after=2023-11-04T16:39:00.959069+00:00
[2023-11-04T16:39:00.993+0000] {processor.py:179} INFO - Processing /home/airflow/.local/lib/python3.8/site-packages/airflow/example_dags/example_task_group.py took 0.124 seconds
[2023-11-04T16:39:31.448+0000] {processor.py:157} INFO - Started process (PID=7556) to work on /home/airflow/.local/lib/python3.8/site-packages/airflow/example_dags/example_task_group.py
[2023-11-04T16:39:31.450+0000] {processor.py:829} INFO - Processing file /home/airflow/.local/lib/python3.8/site-packages/airflow/example_dags/example_task_group.py for tasks to queue
[2023-11-04T16:39:31.451+0000] {logging_mixin.py:151} INFO - [2023-11-04T16:39:31.451+0000] {dagbag.py:536} INFO - Filling up the DagBag from /home/airflow/.local/lib/python3.8/site-packages/airflow/example_dags/example_task_group.py
[2023-11-04T16:39:31.464+0000] {processor.py:839} INFO - DAG(s) dict_keys(['example_task_group']) retrieved from /home/airflow/.local/lib/python3.8/site-packages/airflow/example_dags/example_task_group.py
[2023-11-04T16:39:31.499+0000] {logging_mixin.py:151} INFO - [2023-11-04T16:39:31.499+0000] {dag.py:2941} INFO - Sync 1 DAGs
[2023-11-04T16:39:31.540+0000] {logging_mixin.py:151} INFO - [2023-11-04T16:39:31.540+0000] {dag.py:3722} INFO - Setting next_dagrun for example_task_group to 2023-11-03T16:39:31.539631+00:00, run_after=2023-11-04T16:39:31.539631+00:00
[2023-11-04T16:39:31.573+0000] {processor.py:179} INFO - Processing /home/airflow/.local/lib/python3.8/site-packages/airflow/example_dags/example_task_group.py took 0.130 seconds
[2023-11-04T16:40:01.689+0000] {processor.py:157} INFO - Started process (PID=7794) to work on /home/airflow/.local/lib/python3.8/site-packages/airflow/example_dags/example_task_group.py
[2023-11-04T16:40:01.691+0000] {processor.py:829} INFO - Processing file /home/airflow/.local/lib/python3.8/site-packages/airflow/example_dags/example_task_group.py for tasks to queue
[2023-11-04T16:40:01.693+0000] {logging_mixin.py:151} INFO - [2023-11-04T16:40:01.692+0000] {dagbag.py:536} INFO - Filling up the DagBag from /home/airflow/.local/lib/python3.8/site-packages/airflow/example_dags/example_task_group.py
[2023-11-04T16:40:01.706+0000] {processor.py:839} INFO - DAG(s) dict_keys(['example_task_group']) retrieved from /home/airflow/.local/lib/python3.8/site-packages/airflow/example_dags/example_task_group.py
[2023-11-04T16:40:01.744+0000] {logging_mixin.py:151} INFO - [2023-11-04T16:40:01.743+0000] {dag.py:2941} INFO - Sync 1 DAGs
[2023-11-04T16:40:01.787+0000] {logging_mixin.py:151} INFO - [2023-11-04T16:40:01.787+0000] {dag.py:3722} INFO - Setting next_dagrun for example_task_group to 2023-11-03T16:40:01.786777+00:00, run_after=2023-11-04T16:40:01.786777+00:00
[2023-11-04T16:40:01.846+0000] {processor.py:179} INFO - Processing /home/airflow/.local/lib/python3.8/site-packages/airflow/example_dags/example_task_group.py took 0.162 seconds
[2023-11-04T16:40:32.347+0000] {processor.py:157} INFO - Started process (PID=8032) to work on /home/airflow/.local/lib/python3.8/site-packages/airflow/example_dags/example_task_group.py
[2023-11-04T16:40:32.348+0000] {processor.py:829} INFO - Processing file /home/airflow/.local/lib/python3.8/site-packages/airflow/example_dags/example_task_group.py for tasks to queue
[2023-11-04T16:40:32.350+0000] {logging_mixin.py:151} INFO - [2023-11-04T16:40:32.350+0000] {dagbag.py:536} INFO - Filling up the DagBag from /home/airflow/.local/lib/python3.8/site-packages/airflow/example_dags/example_task_group.py
[2023-11-04T16:40:32.364+0000] {processor.py:839} INFO - DAG(s) dict_keys(['example_task_group']) retrieved from /home/airflow/.local/lib/python3.8/site-packages/airflow/example_dags/example_task_group.py
[2023-11-04T16:40:32.401+0000] {logging_mixin.py:151} INFO - [2023-11-04T16:40:32.401+0000] {dag.py:2941} INFO - Sync 1 DAGs
[2023-11-04T16:40:32.435+0000] {logging_mixin.py:151} INFO - [2023-11-04T16:40:32.435+0000] {dag.py:3722} INFO - Setting next_dagrun for example_task_group to 2023-11-03T16:40:32.435405+00:00, run_after=2023-11-04T16:40:32.435405+00:00
[2023-11-04T16:40:32.471+0000] {processor.py:179} INFO - Processing /home/airflow/.local/lib/python3.8/site-packages/airflow/example_dags/example_task_group.py took 0.130 seconds
[2023-11-04T16:41:02.890+0000] {processor.py:157} INFO - Started process (PID=8270) to work on /home/airflow/.local/lib/python3.8/site-packages/airflow/example_dags/example_task_group.py
[2023-11-04T16:41:02.892+0000] {processor.py:829} INFO - Processing file /home/airflow/.local/lib/python3.8/site-packages/airflow/example_dags/example_task_group.py for tasks to queue
[2023-11-04T16:41:02.894+0000] {logging_mixin.py:151} INFO - [2023-11-04T16:41:02.893+0000] {dagbag.py:536} INFO - Filling up the DagBag from /home/airflow/.local/lib/python3.8/site-packages/airflow/example_dags/example_task_group.py
[2023-11-04T16:41:02.908+0000] {processor.py:839} INFO - DAG(s) dict_keys(['example_task_group']) retrieved from /home/airflow/.local/lib/python3.8/site-packages/airflow/example_dags/example_task_group.py
[2023-11-04T16:41:02.944+0000] {logging_mixin.py:151} INFO - [2023-11-04T16:41:02.944+0000] {dag.py:2941} INFO - Sync 1 DAGs
[2023-11-04T16:41:02.977+0000] {logging_mixin.py:151} INFO - [2023-11-04T16:41:02.977+0000] {dag.py:3722} INFO - Setting next_dagrun for example_task_group to 2023-11-03T16:41:02.976695+00:00, run_after=2023-11-04T16:41:02.976695+00:00
[2023-11-04T16:41:03.009+0000] {processor.py:179} INFO - Processing /home/airflow/.local/lib/python3.8/site-packages/airflow/example_dags/example_task_group.py took 0.124 seconds
[2023-11-04T16:41:33.625+0000] {processor.py:157} INFO - Started process (PID=8508) to work on /home/airflow/.local/lib/python3.8/site-packages/airflow/example_dags/example_task_group.py
[2023-11-04T16:41:33.626+0000] {processor.py:829} INFO - Processing file /home/airflow/.local/lib/python3.8/site-packages/airflow/example_dags/example_task_group.py for tasks to queue
[2023-11-04T16:41:33.628+0000] {logging_mixin.py:151} INFO - [2023-11-04T16:41:33.627+0000] {dagbag.py:536} INFO - Filling up the DagBag from /home/airflow/.local/lib/python3.8/site-packages/airflow/example_dags/example_task_group.py
[2023-11-04T16:41:33.641+0000] {processor.py:839} INFO - DAG(s) dict_keys(['example_task_group']) retrieved from /home/airflow/.local/lib/python3.8/site-packages/airflow/example_dags/example_task_group.py
[2023-11-04T16:41:33.677+0000] {logging_mixin.py:151} INFO - [2023-11-04T16:41:33.677+0000] {dag.py:2941} INFO - Sync 1 DAGs
[2023-11-04T16:41:33.713+0000] {logging_mixin.py:151} INFO - [2023-11-04T16:41:33.713+0000] {dag.py:3722} INFO - Setting next_dagrun for example_task_group to 2023-11-03T16:41:33.713000+00:00, run_after=2023-11-04T16:41:33.713000+00:00
[2023-11-04T16:41:33.749+0000] {processor.py:179} INFO - Processing /home/airflow/.local/lib/python3.8/site-packages/airflow/example_dags/example_task_group.py took 0.129 seconds
[2023-11-04T16:42:03.856+0000] {processor.py:157} INFO - Started process (PID=8746) to work on /home/airflow/.local/lib/python3.8/site-packages/airflow/example_dags/example_task_group.py
[2023-11-04T16:42:03.857+0000] {processor.py:829} INFO - Processing file /home/airflow/.local/lib/python3.8/site-packages/airflow/example_dags/example_task_group.py for tasks to queue
[2023-11-04T16:42:03.859+0000] {logging_mixin.py:151} INFO - [2023-11-04T16:42:03.858+0000] {dagbag.py:536} INFO - Filling up the DagBag from /home/airflow/.local/lib/python3.8/site-packages/airflow/example_dags/example_task_group.py
[2023-11-04T16:42:03.871+0000] {processor.py:839} INFO - DAG(s) dict_keys(['example_task_group']) retrieved from /home/airflow/.local/lib/python3.8/site-packages/airflow/example_dags/example_task_group.py
[2023-11-04T16:42:03.913+0000] {logging_mixin.py:151} INFO - [2023-11-04T16:42:03.913+0000] {dag.py:2941} INFO - Sync 1 DAGs
[2023-11-04T16:42:03.946+0000] {logging_mixin.py:151} INFO - [2023-11-04T16:42:03.946+0000] {dag.py:3722} INFO - Setting next_dagrun for example_task_group to 2023-11-03T16:42:03.945751+00:00, run_after=2023-11-04T16:42:03.945751+00:00
[2023-11-04T16:42:03.973+0000] {processor.py:179} INFO - Processing /home/airflow/.local/lib/python3.8/site-packages/airflow/example_dags/example_task_group.py took 0.123 seconds
[2023-11-04T17:13:27.082+0000] {processor.py:157} INFO - Started process (PID=168) to work on /home/airflow/.local/lib/python3.8/site-packages/airflow/example_dags/example_task_group.py
[2023-11-04T17:13:27.086+0000] {processor.py:829} INFO - Processing file /home/airflow/.local/lib/python3.8/site-packages/airflow/example_dags/example_task_group.py for tasks to queue
[2023-11-04T17:13:27.088+0000] {logging_mixin.py:151} INFO - [2023-11-04T17:13:27.088+0000] {dagbag.py:536} INFO - Filling up the DagBag from /home/airflow/.local/lib/python3.8/site-packages/airflow/example_dags/example_task_group.py
[2023-11-04T17:13:27.149+0000] {processor.py:839} INFO - DAG(s) dict_keys(['example_task_group']) retrieved from /home/airflow/.local/lib/python3.8/site-packages/airflow/example_dags/example_task_group.py
[2023-11-04T17:13:27.272+0000] {logging_mixin.py:151} INFO - [2023-11-04T17:13:27.272+0000] {dag.py:2941} INFO - Sync 1 DAGs
[2023-11-04T17:13:27.318+0000] {logging_mixin.py:151} INFO - [2023-11-04T17:13:27.318+0000] {dag.py:3722} INFO - Setting next_dagrun for example_task_group to 2023-11-03T17:13:27.317415+00:00, run_after=2023-11-04T17:13:27.317415+00:00
[2023-11-04T17:13:27.357+0000] {processor.py:179} INFO - Processing /home/airflow/.local/lib/python3.8/site-packages/airflow/example_dags/example_task_group.py took 0.287 seconds
[2023-11-04T17:13:57.998+0000] {processor.py:157} INFO - Started process (PID=407) to work on /home/airflow/.local/lib/python3.8/site-packages/airflow/example_dags/example_task_group.py
[2023-11-04T17:13:58.000+0000] {processor.py:829} INFO - Processing file /home/airflow/.local/lib/python3.8/site-packages/airflow/example_dags/example_task_group.py for tasks to queue
[2023-11-04T17:13:58.001+0000] {logging_mixin.py:151} INFO - [2023-11-04T17:13:58.001+0000] {dagbag.py:536} INFO - Filling up the DagBag from /home/airflow/.local/lib/python3.8/site-packages/airflow/example_dags/example_task_group.py
[2023-11-04T17:13:58.015+0000] {processor.py:839} INFO - DAG(s) dict_keys(['example_task_group']) retrieved from /home/airflow/.local/lib/python3.8/site-packages/airflow/example_dags/example_task_group.py
[2023-11-04T17:13:58.034+0000] {logging_mixin.py:151} INFO - [2023-11-04T17:13:58.034+0000] {dag.py:2941} INFO - Sync 1 DAGs
[2023-11-04T17:13:58.083+0000] {logging_mixin.py:151} INFO - [2023-11-04T17:13:58.083+0000] {dag.py:3722} INFO - Setting next_dagrun for example_task_group to 2023-11-03T17:13:58.083060+00:00, run_after=2023-11-04T17:13:58.083060+00:00
[2023-11-04T17:13:58.118+0000] {processor.py:179} INFO - Processing /home/airflow/.local/lib/python3.8/site-packages/airflow/example_dags/example_task_group.py took 0.126 seconds
[2023-11-04T17:14:28.190+0000] {processor.py:157} INFO - Started process (PID=645) to work on /home/airflow/.local/lib/python3.8/site-packages/airflow/example_dags/example_task_group.py
[2023-11-04T17:14:28.191+0000] {processor.py:829} INFO - Processing file /home/airflow/.local/lib/python3.8/site-packages/airflow/example_dags/example_task_group.py for tasks to queue
[2023-11-04T17:14:28.194+0000] {logging_mixin.py:151} INFO - [2023-11-04T17:14:28.193+0000] {dagbag.py:536} INFO - Filling up the DagBag from /home/airflow/.local/lib/python3.8/site-packages/airflow/example_dags/example_task_group.py
[2023-11-04T17:14:28.209+0000] {processor.py:839} INFO - DAG(s) dict_keys(['example_task_group']) retrieved from /home/airflow/.local/lib/python3.8/site-packages/airflow/example_dags/example_task_group.py
[2023-11-04T17:14:28.227+0000] {logging_mixin.py:151} INFO - [2023-11-04T17:14:28.227+0000] {dag.py:2941} INFO - Sync 1 DAGs
[2023-11-04T17:14:28.276+0000] {logging_mixin.py:151} INFO - [2023-11-04T17:14:28.276+0000] {dag.py:3722} INFO - Setting next_dagrun for example_task_group to 2023-11-03T17:14:28.275796+00:00, run_after=2023-11-04T17:14:28.275796+00:00
[2023-11-04T17:14:28.312+0000] {processor.py:179} INFO - Processing /home/airflow/.local/lib/python3.8/site-packages/airflow/example_dags/example_task_group.py took 0.128 seconds
[2023-11-04T17:14:58.829+0000] {processor.py:157} INFO - Started process (PID=883) to work on /home/airflow/.local/lib/python3.8/site-packages/airflow/example_dags/example_task_group.py
[2023-11-04T17:14:58.831+0000] {processor.py:829} INFO - Processing file /home/airflow/.local/lib/python3.8/site-packages/airflow/example_dags/example_task_group.py for tasks to queue
[2023-11-04T17:14:58.832+0000] {logging_mixin.py:151} INFO - [2023-11-04T17:14:58.832+0000] {dagbag.py:536} INFO - Filling up the DagBag from /home/airflow/.local/lib/python3.8/site-packages/airflow/example_dags/example_task_group.py
[2023-11-04T17:14:58.849+0000] {processor.py:839} INFO - DAG(s) dict_keys(['example_task_group']) retrieved from /home/airflow/.local/lib/python3.8/site-packages/airflow/example_dags/example_task_group.py
[2023-11-04T17:14:58.885+0000] {logging_mixin.py:151} INFO - [2023-11-04T17:14:58.884+0000] {dag.py:2941} INFO - Sync 1 DAGs
[2023-11-04T17:14:58.925+0000] {logging_mixin.py:151} INFO - [2023-11-04T17:14:58.925+0000] {dag.py:3722} INFO - Setting next_dagrun for example_task_group to 2023-11-03T17:14:58.925049+00:00, run_after=2023-11-04T17:14:58.925049+00:00
[2023-11-04T17:14:59.026+0000] {processor.py:179} INFO - Processing /home/airflow/.local/lib/python3.8/site-packages/airflow/example_dags/example_task_group.py took 0.201 seconds
[2023-11-04T17:15:29.638+0000] {processor.py:157} INFO - Started process (PID=1121) to work on /home/airflow/.local/lib/python3.8/site-packages/airflow/example_dags/example_task_group.py
[2023-11-04T17:15:29.640+0000] {processor.py:829} INFO - Processing file /home/airflow/.local/lib/python3.8/site-packages/airflow/example_dags/example_task_group.py for tasks to queue
[2023-11-04T17:15:29.642+0000] {logging_mixin.py:151} INFO - [2023-11-04T17:15:29.642+0000] {dagbag.py:536} INFO - Filling up the DagBag from /home/airflow/.local/lib/python3.8/site-packages/airflow/example_dags/example_task_group.py
[2023-11-04T17:15:29.660+0000] {processor.py:839} INFO - DAG(s) dict_keys(['example_task_group']) retrieved from /home/airflow/.local/lib/python3.8/site-packages/airflow/example_dags/example_task_group.py
[2023-11-04T17:15:29.699+0000] {logging_mixin.py:151} INFO - [2023-11-04T17:15:29.699+0000] {dag.py:2941} INFO - Sync 1 DAGs
[2023-11-04T17:15:29.735+0000] {logging_mixin.py:151} INFO - [2023-11-04T17:15:29.735+0000] {dag.py:3722} INFO - Setting next_dagrun for example_task_group to 2023-11-03T17:15:29.734805+00:00, run_after=2023-11-04T17:15:29.734805+00:00
[2023-11-04T17:15:29.775+0000] {processor.py:179} INFO - Processing /home/airflow/.local/lib/python3.8/site-packages/airflow/example_dags/example_task_group.py took 0.142 seconds
[2023-11-04T17:16:00.085+0000] {processor.py:157} INFO - Started process (PID=1380) to work on /home/airflow/.local/lib/python3.8/site-packages/airflow/example_dags/example_task_group.py
[2023-11-04T17:16:00.087+0000] {processor.py:829} INFO - Processing file /home/airflow/.local/lib/python3.8/site-packages/airflow/example_dags/example_task_group.py for tasks to queue
[2023-11-04T17:16:00.091+0000] {logging_mixin.py:151} INFO - [2023-11-04T17:16:00.089+0000] {dagbag.py:536} INFO - Filling up the DagBag from /home/airflow/.local/lib/python3.8/site-packages/airflow/example_dags/example_task_group.py
[2023-11-04T17:16:00.116+0000] {processor.py:839} INFO - DAG(s) dict_keys(['example_task_group']) retrieved from /home/airflow/.local/lib/python3.8/site-packages/airflow/example_dags/example_task_group.py
[2023-11-04T17:16:00.169+0000] {logging_mixin.py:151} INFO - [2023-11-04T17:16:00.169+0000] {dag.py:2941} INFO - Sync 1 DAGs
[2023-11-04T17:16:00.376+0000] {logging_mixin.py:151} INFO - [2023-11-04T17:16:00.376+0000] {dag.py:3722} INFO - Setting next_dagrun for example_task_group to 2023-11-03T17:16:00.375740+00:00, run_after=2023-11-04T17:16:00.375740+00:00
[2023-11-04T17:16:00.420+0000] {processor.py:179} INFO - Processing /home/airflow/.local/lib/python3.8/site-packages/airflow/example_dags/example_task_group.py took 0.343 seconds
[2023-11-04T17:16:30.585+0000] {processor.py:157} INFO - Started process (PID=1622) to work on /home/airflow/.local/lib/python3.8/site-packages/airflow/example_dags/example_task_group.py
[2023-11-04T17:16:30.587+0000] {processor.py:829} INFO - Processing file /home/airflow/.local/lib/python3.8/site-packages/airflow/example_dags/example_task_group.py for tasks to queue
[2023-11-04T17:16:30.588+0000] {logging_mixin.py:151} INFO - [2023-11-04T17:16:30.588+0000] {dagbag.py:536} INFO - Filling up the DagBag from /home/airflow/.local/lib/python3.8/site-packages/airflow/example_dags/example_task_group.py
[2023-11-04T17:16:30.601+0000] {processor.py:839} INFO - DAG(s) dict_keys(['example_task_group']) retrieved from /home/airflow/.local/lib/python3.8/site-packages/airflow/example_dags/example_task_group.py
[2023-11-04T17:16:30.635+0000] {logging_mixin.py:151} INFO - [2023-11-04T17:16:30.635+0000] {dag.py:2941} INFO - Sync 1 DAGs
[2023-11-04T17:16:30.668+0000] {logging_mixin.py:151} INFO - [2023-11-04T17:16:30.667+0000] {dag.py:3722} INFO - Setting next_dagrun for example_task_group to 2023-11-03T17:16:30.667515+00:00, run_after=2023-11-04T17:16:30.667515+00:00
[2023-11-04T17:16:30.701+0000] {processor.py:179} INFO - Processing /home/airflow/.local/lib/python3.8/site-packages/airflow/example_dags/example_task_group.py took 0.121 seconds
[2023-11-04T17:17:01.003+0000] {processor.py:157} INFO - Started process (PID=1860) to work on /home/airflow/.local/lib/python3.8/site-packages/airflow/example_dags/example_task_group.py
[2023-11-04T17:17:01.004+0000] {processor.py:829} INFO - Processing file /home/airflow/.local/lib/python3.8/site-packages/airflow/example_dags/example_task_group.py for tasks to queue
[2023-11-04T17:17:01.006+0000] {logging_mixin.py:151} INFO - [2023-11-04T17:17:01.006+0000] {dagbag.py:536} INFO - Filling up the DagBag from /home/airflow/.local/lib/python3.8/site-packages/airflow/example_dags/example_task_group.py
[2023-11-04T17:17:01.019+0000] {processor.py:839} INFO - DAG(s) dict_keys(['example_task_group']) retrieved from /home/airflow/.local/lib/python3.8/site-packages/airflow/example_dags/example_task_group.py
[2023-11-04T17:17:01.055+0000] {logging_mixin.py:151} INFO - [2023-11-04T17:17:01.055+0000] {dag.py:2941} INFO - Sync 1 DAGs
[2023-11-04T17:17:01.089+0000] {logging_mixin.py:151} INFO - [2023-11-04T17:17:01.089+0000] {dag.py:3722} INFO - Setting next_dagrun for example_task_group to 2023-11-03T17:17:01.089162+00:00, run_after=2023-11-04T17:17:01.089162+00:00
[2023-11-04T17:17:01.120+0000] {processor.py:179} INFO - Processing /home/airflow/.local/lib/python3.8/site-packages/airflow/example_dags/example_task_group.py took 0.122 seconds
[2023-11-04T17:17:31.269+0000] {processor.py:157} INFO - Started process (PID=2098) to work on /home/airflow/.local/lib/python3.8/site-packages/airflow/example_dags/example_task_group.py
[2023-11-04T17:17:31.271+0000] {processor.py:829} INFO - Processing file /home/airflow/.local/lib/python3.8/site-packages/airflow/example_dags/example_task_group.py for tasks to queue
[2023-11-04T17:17:31.272+0000] {logging_mixin.py:151} INFO - [2023-11-04T17:17:31.272+0000] {dagbag.py:536} INFO - Filling up the DagBag from /home/airflow/.local/lib/python3.8/site-packages/airflow/example_dags/example_task_group.py
[2023-11-04T17:17:31.285+0000] {processor.py:839} INFO - DAG(s) dict_keys(['example_task_group']) retrieved from /home/airflow/.local/lib/python3.8/site-packages/airflow/example_dags/example_task_group.py
[2023-11-04T17:17:31.320+0000] {logging_mixin.py:151} INFO - [2023-11-04T17:17:31.320+0000] {dag.py:2941} INFO - Sync 1 DAGs
[2023-11-04T17:17:31.353+0000] {logging_mixin.py:151} INFO - [2023-11-04T17:17:31.353+0000] {dag.py:3722} INFO - Setting next_dagrun for example_task_group to 2023-11-03T17:17:31.353098+00:00, run_after=2023-11-04T17:17:31.353098+00:00
[2023-11-04T17:17:31.388+0000] {processor.py:179} INFO - Processing /home/airflow/.local/lib/python3.8/site-packages/airflow/example_dags/example_task_group.py took 0.124 seconds
[2023-11-04T17:18:01.540+0000] {processor.py:157} INFO - Started process (PID=2336) to work on /home/airflow/.local/lib/python3.8/site-packages/airflow/example_dags/example_task_group.py
[2023-11-04T17:18:01.542+0000] {processor.py:829} INFO - Processing file /home/airflow/.local/lib/python3.8/site-packages/airflow/example_dags/example_task_group.py for tasks to queue
[2023-11-04T17:18:01.543+0000] {logging_mixin.py:151} INFO - [2023-11-04T17:18:01.543+0000] {dagbag.py:536} INFO - Filling up the DagBag from /home/airflow/.local/lib/python3.8/site-packages/airflow/example_dags/example_task_group.py
[2023-11-04T17:18:01.557+0000] {processor.py:839} INFO - DAG(s) dict_keys(['example_task_group']) retrieved from /home/airflow/.local/lib/python3.8/site-packages/airflow/example_dags/example_task_group.py
[2023-11-04T17:18:01.590+0000] {logging_mixin.py:151} INFO - [2023-11-04T17:18:01.590+0000] {dag.py:2941} INFO - Sync 1 DAGs
[2023-11-04T17:18:01.621+0000] {logging_mixin.py:151} INFO - [2023-11-04T17:18:01.621+0000] {dag.py:3722} INFO - Setting next_dagrun for example_task_group to 2023-11-03T17:18:01.621207+00:00, run_after=2023-11-04T17:18:01.621207+00:00
[2023-11-04T17:18:01.656+0000] {processor.py:179} INFO - Processing /home/airflow/.local/lib/python3.8/site-packages/airflow/example_dags/example_task_group.py took 0.122 seconds
[2023-11-04T17:18:32.525+0000] {processor.py:157} INFO - Started process (PID=2574) to work on /home/airflow/.local/lib/python3.8/site-packages/airflow/example_dags/example_task_group.py
[2023-11-04T17:18:32.527+0000] {processor.py:829} INFO - Processing file /home/airflow/.local/lib/python3.8/site-packages/airflow/example_dags/example_task_group.py for tasks to queue
[2023-11-04T17:18:32.529+0000] {logging_mixin.py:151} INFO - [2023-11-04T17:18:32.528+0000] {dagbag.py:536} INFO - Filling up the DagBag from /home/airflow/.local/lib/python3.8/site-packages/airflow/example_dags/example_task_group.py
[2023-11-04T17:18:32.561+0000] {processor.py:839} INFO - DAG(s) dict_keys(['example_task_group']) retrieved from /home/airflow/.local/lib/python3.8/site-packages/airflow/example_dags/example_task_group.py
[2023-11-04T17:18:32.596+0000] {logging_mixin.py:151} INFO - [2023-11-04T17:18:32.596+0000] {dag.py:2941} INFO - Sync 1 DAGs
[2023-11-04T17:18:32.628+0000] {logging_mixin.py:151} INFO - [2023-11-04T17:18:32.628+0000] {dag.py:3722} INFO - Setting next_dagrun for example_task_group to 2023-11-03T17:18:32.628330+00:00, run_after=2023-11-04T17:18:32.628330+00:00
[2023-11-04T17:18:32.656+0000] {processor.py:179} INFO - Processing /home/airflow/.local/lib/python3.8/site-packages/airflow/example_dags/example_task_group.py took 0.135 seconds
[2023-11-04T17:19:03.542+0000] {processor.py:157} INFO - Started process (PID=2812) to work on /home/airflow/.local/lib/python3.8/site-packages/airflow/example_dags/example_task_group.py
[2023-11-04T17:19:03.544+0000] {processor.py:829} INFO - Processing file /home/airflow/.local/lib/python3.8/site-packages/airflow/example_dags/example_task_group.py for tasks to queue
[2023-11-04T17:19:03.545+0000] {logging_mixin.py:151} INFO - [2023-11-04T17:19:03.545+0000] {dagbag.py:536} INFO - Filling up the DagBag from /home/airflow/.local/lib/python3.8/site-packages/airflow/example_dags/example_task_group.py
[2023-11-04T17:19:03.558+0000] {processor.py:839} INFO - DAG(s) dict_keys(['example_task_group']) retrieved from /home/airflow/.local/lib/python3.8/site-packages/airflow/example_dags/example_task_group.py
[2023-11-04T17:19:03.598+0000] {logging_mixin.py:151} INFO - [2023-11-04T17:19:03.598+0000] {dag.py:2941} INFO - Sync 1 DAGs
[2023-11-04T17:19:03.634+0000] {logging_mixin.py:151} INFO - [2023-11-04T17:19:03.633+0000] {dag.py:3722} INFO - Setting next_dagrun for example_task_group to 2023-11-03T17:19:03.633303+00:00, run_after=2023-11-04T17:19:03.633303+00:00
[2023-11-04T17:19:03.662+0000] {processor.py:179} INFO - Processing /home/airflow/.local/lib/python3.8/site-packages/airflow/example_dags/example_task_group.py took 0.125 seconds
[2023-11-04T17:19:34.268+0000] {processor.py:157} INFO - Started process (PID=3050) to work on /home/airflow/.local/lib/python3.8/site-packages/airflow/example_dags/example_task_group.py
[2023-11-04T17:19:34.270+0000] {processor.py:829} INFO - Processing file /home/airflow/.local/lib/python3.8/site-packages/airflow/example_dags/example_task_group.py for tasks to queue
[2023-11-04T17:19:34.272+0000] {logging_mixin.py:151} INFO - [2023-11-04T17:19:34.271+0000] {dagbag.py:536} INFO - Filling up the DagBag from /home/airflow/.local/lib/python3.8/site-packages/airflow/example_dags/example_task_group.py
[2023-11-04T17:19:34.309+0000] {processor.py:839} INFO - DAG(s) dict_keys(['example_task_group']) retrieved from /home/airflow/.local/lib/python3.8/site-packages/airflow/example_dags/example_task_group.py
[2023-11-04T17:19:34.361+0000] {logging_mixin.py:151} INFO - [2023-11-04T17:19:34.361+0000] {dag.py:2941} INFO - Sync 1 DAGs
[2023-11-04T17:19:34.399+0000] {logging_mixin.py:151} INFO - [2023-11-04T17:19:34.399+0000] {dag.py:3722} INFO - Setting next_dagrun for example_task_group to 2023-11-03T17:19:34.398791+00:00, run_after=2023-11-04T17:19:34.398791+00:00
[2023-11-04T17:19:34.427+0000] {processor.py:179} INFO - Processing /home/airflow/.local/lib/python3.8/site-packages/airflow/example_dags/example_task_group.py took 0.164 seconds
[2023-11-04T17:20:04.789+0000] {processor.py:157} INFO - Started process (PID=3288) to work on /home/airflow/.local/lib/python3.8/site-packages/airflow/example_dags/example_task_group.py
[2023-11-04T17:20:04.791+0000] {processor.py:829} INFO - Processing file /home/airflow/.local/lib/python3.8/site-packages/airflow/example_dags/example_task_group.py for tasks to queue
[2023-11-04T17:20:04.792+0000] {logging_mixin.py:151} INFO - [2023-11-04T17:20:04.792+0000] {dagbag.py:536} INFO - Filling up the DagBag from /home/airflow/.local/lib/python3.8/site-packages/airflow/example_dags/example_task_group.py
[2023-11-04T17:20:04.805+0000] {processor.py:839} INFO - DAG(s) dict_keys(['example_task_group']) retrieved from /home/airflow/.local/lib/python3.8/site-packages/airflow/example_dags/example_task_group.py
[2023-11-04T17:20:04.838+0000] {logging_mixin.py:151} INFO - [2023-11-04T17:20:04.838+0000] {dag.py:2941} INFO - Sync 1 DAGs
[2023-11-04T17:20:04.871+0000] {logging_mixin.py:151} INFO - [2023-11-04T17:20:04.871+0000] {dag.py:3722} INFO - Setting next_dagrun for example_task_group to 2023-11-03T17:20:04.870794+00:00, run_after=2023-11-04T17:20:04.870794+00:00
[2023-11-04T17:20:04.904+0000] {processor.py:179} INFO - Processing /home/airflow/.local/lib/python3.8/site-packages/airflow/example_dags/example_task_group.py took 0.120 seconds
[2023-11-04T17:20:35.288+0000] {processor.py:157} INFO - Started process (PID=3526) to work on /home/airflow/.local/lib/python3.8/site-packages/airflow/example_dags/example_task_group.py
[2023-11-04T17:20:35.290+0000] {processor.py:829} INFO - Processing file /home/airflow/.local/lib/python3.8/site-packages/airflow/example_dags/example_task_group.py for tasks to queue
[2023-11-04T17:20:35.291+0000] {logging_mixin.py:151} INFO - [2023-11-04T17:20:35.291+0000] {dagbag.py:536} INFO - Filling up the DagBag from /home/airflow/.local/lib/python3.8/site-packages/airflow/example_dags/example_task_group.py
[2023-11-04T17:20:35.304+0000] {processor.py:839} INFO - DAG(s) dict_keys(['example_task_group']) retrieved from /home/airflow/.local/lib/python3.8/site-packages/airflow/example_dags/example_task_group.py
[2023-11-04T17:20:35.338+0000] {logging_mixin.py:151} INFO - [2023-11-04T17:20:35.338+0000] {dag.py:2941} INFO - Sync 1 DAGs
[2023-11-04T17:20:35.371+0000] {logging_mixin.py:151} INFO - [2023-11-04T17:20:35.371+0000] {dag.py:3722} INFO - Setting next_dagrun for example_task_group to 2023-11-03T17:20:35.370581+00:00, run_after=2023-11-04T17:20:35.370581+00:00
[2023-11-04T17:20:35.403+0000] {processor.py:179} INFO - Processing /home/airflow/.local/lib/python3.8/site-packages/airflow/example_dags/example_task_group.py took 0.119 seconds
[2023-11-04T17:21:06.052+0000] {processor.py:157} INFO - Started process (PID=3771) to work on /home/airflow/.local/lib/python3.8/site-packages/airflow/example_dags/example_task_group.py
[2023-11-04T17:21:06.054+0000] {processor.py:829} INFO - Processing file /home/airflow/.local/lib/python3.8/site-packages/airflow/example_dags/example_task_group.py for tasks to queue
[2023-11-04T17:21:06.057+0000] {logging_mixin.py:151} INFO - [2023-11-04T17:21:06.056+0000] {dagbag.py:536} INFO - Filling up the DagBag from /home/airflow/.local/lib/python3.8/site-packages/airflow/example_dags/example_task_group.py
[2023-11-04T17:21:06.073+0000] {processor.py:839} INFO - DAG(s) dict_keys(['example_task_group']) retrieved from /home/airflow/.local/lib/python3.8/site-packages/airflow/example_dags/example_task_group.py
[2023-11-04T17:21:06.108+0000] {logging_mixin.py:151} INFO - [2023-11-04T17:21:06.107+0000] {dag.py:2941} INFO - Sync 1 DAGs
[2023-11-04T17:21:06.141+0000] {logging_mixin.py:151} INFO - [2023-11-04T17:21:06.141+0000] {dag.py:3722} INFO - Setting next_dagrun for example_task_group to 2023-11-03T17:21:06.140907+00:00, run_after=2023-11-04T17:21:06.140907+00:00
[2023-11-04T17:21:06.170+0000] {processor.py:179} INFO - Processing /home/airflow/.local/lib/python3.8/site-packages/airflow/example_dags/example_task_group.py took 0.122 seconds
[2023-11-04T17:21:36.469+0000] {processor.py:157} INFO - Started process (PID=4038) to work on /home/airflow/.local/lib/python3.8/site-packages/airflow/example_dags/example_task_group.py
[2023-11-04T17:21:36.473+0000] {processor.py:829} INFO - Processing file /home/airflow/.local/lib/python3.8/site-packages/airflow/example_dags/example_task_group.py for tasks to queue
[2023-11-04T17:21:36.477+0000] {logging_mixin.py:151} INFO - [2023-11-04T17:21:36.477+0000] {dagbag.py:536} INFO - Filling up the DagBag from /home/airflow/.local/lib/python3.8/site-packages/airflow/example_dags/example_task_group.py
[2023-11-04T17:21:36.511+0000] {processor.py:839} INFO - DAG(s) dict_keys(['example_task_group']) retrieved from /home/airflow/.local/lib/python3.8/site-packages/airflow/example_dags/example_task_group.py
[2023-11-04T17:21:36.593+0000] {logging_mixin.py:151} INFO - [2023-11-04T17:21:36.592+0000] {dag.py:2941} INFO - Sync 1 DAGs
[2023-11-04T17:21:36.665+0000] {logging_mixin.py:151} INFO - [2023-11-04T17:21:36.664+0000] {dag.py:3722} INFO - Setting next_dagrun for example_task_group to 2023-11-03T17:21:36.664155+00:00, run_after=2023-11-04T17:21:36.664155+00:00
[2023-11-04T17:21:36.726+0000] {processor.py:179} INFO - Processing /home/airflow/.local/lib/python3.8/site-packages/airflow/example_dags/example_task_group.py took 0.266 seconds
[2023-11-04T17:22:06.899+0000] {processor.py:157} INFO - Started process (PID=4295) to work on /home/airflow/.local/lib/python3.8/site-packages/airflow/example_dags/example_task_group.py
[2023-11-04T17:22:06.902+0000] {processor.py:829} INFO - Processing file /home/airflow/.local/lib/python3.8/site-packages/airflow/example_dags/example_task_group.py for tasks to queue
[2023-11-04T17:22:06.905+0000] {logging_mixin.py:151} INFO - [2023-11-04T17:22:06.904+0000] {dagbag.py:536} INFO - Filling up the DagBag from /home/airflow/.local/lib/python3.8/site-packages/airflow/example_dags/example_task_group.py
[2023-11-04T17:22:06.934+0000] {processor.py:839} INFO - DAG(s) dict_keys(['example_task_group']) retrieved from /home/airflow/.local/lib/python3.8/site-packages/airflow/example_dags/example_task_group.py
[2023-11-04T17:22:06.986+0000] {logging_mixin.py:151} INFO - [2023-11-04T17:22:06.986+0000] {dag.py:2941} INFO - Sync 1 DAGs
[2023-11-04T17:22:07.033+0000] {logging_mixin.py:151} INFO - [2023-11-04T17:22:07.033+0000] {dag.py:3722} INFO - Setting next_dagrun for example_task_group to 2023-11-03T17:22:07.032891+00:00, run_after=2023-11-04T17:22:07.032891+00:00
[2023-11-04T17:22:07.078+0000] {processor.py:179} INFO - Processing /home/airflow/.local/lib/python3.8/site-packages/airflow/example_dags/example_task_group.py took 0.188 seconds
[2023-11-04T17:22:37.203+0000] {processor.py:157} INFO - Started process (PID=4533) to work on /home/airflow/.local/lib/python3.8/site-packages/airflow/example_dags/example_task_group.py
[2023-11-04T17:22:37.207+0000] {processor.py:829} INFO - Processing file /home/airflow/.local/lib/python3.8/site-packages/airflow/example_dags/example_task_group.py for tasks to queue
[2023-11-04T17:22:37.209+0000] {logging_mixin.py:151} INFO - [2023-11-04T17:22:37.209+0000] {dagbag.py:536} INFO - Filling up the DagBag from /home/airflow/.local/lib/python3.8/site-packages/airflow/example_dags/example_task_group.py
[2023-11-04T17:22:37.233+0000] {processor.py:839} INFO - DAG(s) dict_keys(['example_task_group']) retrieved from /home/airflow/.local/lib/python3.8/site-packages/airflow/example_dags/example_task_group.py
[2023-11-04T17:22:37.307+0000] {logging_mixin.py:151} INFO - [2023-11-04T17:22:37.307+0000] {dag.py:2941} INFO - Sync 1 DAGs
[2023-11-04T17:22:37.371+0000] {logging_mixin.py:151} INFO - [2023-11-04T17:22:37.371+0000] {dag.py:3722} INFO - Setting next_dagrun for example_task_group to 2023-11-03T17:22:37.370898+00:00, run_after=2023-11-04T17:22:37.370898+00:00
[2023-11-04T17:22:37.423+0000] {processor.py:179} INFO - Processing /home/airflow/.local/lib/python3.8/site-packages/airflow/example_dags/example_task_group.py took 0.229 seconds
