[2023-11-04T16:23:46.503+0000] {processor.py:157} INFO - Started process (PID=285) to work on /home/airflow/.local/lib/python3.8/site-packages/airflow/example_dags/example_params_trigger_ui.py
[2023-11-04T16:23:46.505+0000] {processor.py:829} INFO - Processing file /home/airflow/.local/lib/python3.8/site-packages/airflow/example_dags/example_params_trigger_ui.py for tasks to queue
[2023-11-04T16:23:46.507+0000] {logging_mixin.py:151} INFO - [2023-11-04T16:23:46.506+0000] {dagbag.py:536} INFO - Filling up the DagBag from /home/airflow/.local/lib/python3.8/site-packages/airflow/example_dags/example_params_trigger_ui.py
[2023-11-04T16:23:46.536+0000] {processor.py:839} INFO - DAG(s) dict_keys(['example_params_trigger_ui']) retrieved from /home/airflow/.local/lib/python3.8/site-packages/airflow/example_dags/example_params_trigger_ui.py
[2023-11-04T16:23:46.556+0000] {logging_mixin.py:151} INFO - [2023-11-04T16:23:46.556+0000] {dag.py:2941} INFO - Sync 1 DAGs
[2023-11-04T16:23:46.579+0000] {logging_mixin.py:151} INFO - [2023-11-04T16:23:46.579+0000] {dag.py:3722} INFO - Setting next_dagrun for example_params_trigger_ui to None, run_after=None
[2023-11-04T16:23:46.611+0000] {processor.py:179} INFO - Processing /home/airflow/.local/lib/python3.8/site-packages/airflow/example_dags/example_params_trigger_ui.py took 0.113 seconds
[2023-11-04T16:24:17.061+0000] {processor.py:157} INFO - Started process (PID=521) to work on /home/airflow/.local/lib/python3.8/site-packages/airflow/example_dags/example_params_trigger_ui.py
[2023-11-04T16:24:17.063+0000] {processor.py:829} INFO - Processing file /home/airflow/.local/lib/python3.8/site-packages/airflow/example_dags/example_params_trigger_ui.py for tasks to queue
[2023-11-04T16:24:17.064+0000] {logging_mixin.py:151} INFO - [2023-11-04T16:24:17.064+0000] {dagbag.py:536} INFO - Filling up the DagBag from /home/airflow/.local/lib/python3.8/site-packages/airflow/example_dags/example_params_trigger_ui.py
[2023-11-04T16:24:17.092+0000] {processor.py:839} INFO - DAG(s) dict_keys(['example_params_trigger_ui']) retrieved from /home/airflow/.local/lib/python3.8/site-packages/airflow/example_dags/example_params_trigger_ui.py
[2023-11-04T16:24:17.174+0000] {logging_mixin.py:151} INFO - [2023-11-04T16:24:17.174+0000] {dag.py:2941} INFO - Sync 1 DAGs
[2023-11-04T16:24:17.193+0000] {logging_mixin.py:151} INFO - [2023-11-04T16:24:17.193+0000] {dag.py:3722} INFO - Setting next_dagrun for example_params_trigger_ui to None, run_after=None
[2023-11-04T16:24:17.222+0000] {processor.py:179} INFO - Processing /home/airflow/.local/lib/python3.8/site-packages/airflow/example_dags/example_params_trigger_ui.py took 0.166 seconds
[2023-11-04T16:24:47.678+0000] {processor.py:157} INFO - Started process (PID=759) to work on /home/airflow/.local/lib/python3.8/site-packages/airflow/example_dags/example_params_trigger_ui.py
[2023-11-04T16:24:47.680+0000] {processor.py:829} INFO - Processing file /home/airflow/.local/lib/python3.8/site-packages/airflow/example_dags/example_params_trigger_ui.py for tasks to queue
[2023-11-04T16:24:47.682+0000] {logging_mixin.py:151} INFO - [2023-11-04T16:24:47.681+0000] {dagbag.py:536} INFO - Filling up the DagBag from /home/airflow/.local/lib/python3.8/site-packages/airflow/example_dags/example_params_trigger_ui.py
[2023-11-04T16:24:47.713+0000] {processor.py:839} INFO - DAG(s) dict_keys(['example_params_trigger_ui']) retrieved from /home/airflow/.local/lib/python3.8/site-packages/airflow/example_dags/example_params_trigger_ui.py
[2023-11-04T16:24:47.812+0000] {logging_mixin.py:151} INFO - [2023-11-04T16:24:47.812+0000] {dag.py:2941} INFO - Sync 1 DAGs
[2023-11-04T16:24:47.835+0000] {logging_mixin.py:151} INFO - [2023-11-04T16:24:47.835+0000] {dag.py:3722} INFO - Setting next_dagrun for example_params_trigger_ui to None, run_after=None
[2023-11-04T16:24:47.873+0000] {processor.py:179} INFO - Processing /home/airflow/.local/lib/python3.8/site-packages/airflow/example_dags/example_params_trigger_ui.py took 0.201 seconds
[2023-11-04T16:25:18.037+0000] {processor.py:157} INFO - Started process (PID=999) to work on /home/airflow/.local/lib/python3.8/site-packages/airflow/example_dags/example_params_trigger_ui.py
[2023-11-04T16:25:18.039+0000] {processor.py:829} INFO - Processing file /home/airflow/.local/lib/python3.8/site-packages/airflow/example_dags/example_params_trigger_ui.py for tasks to queue
[2023-11-04T16:25:18.041+0000] {logging_mixin.py:151} INFO - [2023-11-04T16:25:18.041+0000] {dagbag.py:536} INFO - Filling up the DagBag from /home/airflow/.local/lib/python3.8/site-packages/airflow/example_dags/example_params_trigger_ui.py
[2023-11-04T16:25:18.069+0000] {processor.py:839} INFO - DAG(s) dict_keys(['example_params_trigger_ui']) retrieved from /home/airflow/.local/lib/python3.8/site-packages/airflow/example_dags/example_params_trigger_ui.py
[2023-11-04T16:25:18.151+0000] {logging_mixin.py:151} INFO - [2023-11-04T16:25:18.151+0000] {dag.py:2941} INFO - Sync 1 DAGs
[2023-11-04T16:25:18.171+0000] {logging_mixin.py:151} INFO - [2023-11-04T16:25:18.170+0000] {dag.py:3722} INFO - Setting next_dagrun for example_params_trigger_ui to None, run_after=None
[2023-11-04T16:25:18.201+0000] {processor.py:179} INFO - Processing /home/airflow/.local/lib/python3.8/site-packages/airflow/example_dags/example_params_trigger_ui.py took 0.169 seconds
[2023-11-04T16:25:48.273+0000] {processor.py:157} INFO - Started process (PID=1237) to work on /home/airflow/.local/lib/python3.8/site-packages/airflow/example_dags/example_params_trigger_ui.py
[2023-11-04T16:25:48.275+0000] {processor.py:829} INFO - Processing file /home/airflow/.local/lib/python3.8/site-packages/airflow/example_dags/example_params_trigger_ui.py for tasks to queue
[2023-11-04T16:25:48.276+0000] {logging_mixin.py:151} INFO - [2023-11-04T16:25:48.276+0000] {dagbag.py:536} INFO - Filling up the DagBag from /home/airflow/.local/lib/python3.8/site-packages/airflow/example_dags/example_params_trigger_ui.py
[2023-11-04T16:25:48.305+0000] {processor.py:839} INFO - DAG(s) dict_keys(['example_params_trigger_ui']) retrieved from /home/airflow/.local/lib/python3.8/site-packages/airflow/example_dags/example_params_trigger_ui.py
[2023-11-04T16:25:48.391+0000] {logging_mixin.py:151} INFO - [2023-11-04T16:25:48.391+0000] {dag.py:2941} INFO - Sync 1 DAGs
[2023-11-04T16:25:48.413+0000] {logging_mixin.py:151} INFO - [2023-11-04T16:25:48.412+0000] {dag.py:3722} INFO - Setting next_dagrun for example_params_trigger_ui to None, run_after=None
[2023-11-04T16:25:48.446+0000] {processor.py:179} INFO - Processing /home/airflow/.local/lib/python3.8/site-packages/airflow/example_dags/example_params_trigger_ui.py took 0.178 seconds
[2023-11-04T16:26:18.674+0000] {processor.py:157} INFO - Started process (PID=1475) to work on /home/airflow/.local/lib/python3.8/site-packages/airflow/example_dags/example_params_trigger_ui.py
[2023-11-04T16:26:18.675+0000] {processor.py:829} INFO - Processing file /home/airflow/.local/lib/python3.8/site-packages/airflow/example_dags/example_params_trigger_ui.py for tasks to queue
[2023-11-04T16:26:18.677+0000] {logging_mixin.py:151} INFO - [2023-11-04T16:26:18.676+0000] {dagbag.py:536} INFO - Filling up the DagBag from /home/airflow/.local/lib/python3.8/site-packages/airflow/example_dags/example_params_trigger_ui.py
[2023-11-04T16:26:18.703+0000] {processor.py:839} INFO - DAG(s) dict_keys(['example_params_trigger_ui']) retrieved from /home/airflow/.local/lib/python3.8/site-packages/airflow/example_dags/example_params_trigger_ui.py
[2023-11-04T16:26:18.722+0000] {logging_mixin.py:151} INFO - [2023-11-04T16:26:18.722+0000] {dag.py:2941} INFO - Sync 1 DAGs
[2023-11-04T16:26:18.744+0000] {logging_mixin.py:151} INFO - [2023-11-04T16:26:18.743+0000] {dag.py:3722} INFO - Setting next_dagrun for example_params_trigger_ui to None, run_after=None
[2023-11-04T16:26:18.777+0000] {processor.py:179} INFO - Processing /home/airflow/.local/lib/python3.8/site-packages/airflow/example_dags/example_params_trigger_ui.py took 0.108 seconds
[2023-11-04T16:26:49.301+0000] {processor.py:157} INFO - Started process (PID=1711) to work on /home/airflow/.local/lib/python3.8/site-packages/airflow/example_dags/example_params_trigger_ui.py
[2023-11-04T16:26:49.303+0000] {processor.py:829} INFO - Processing file /home/airflow/.local/lib/python3.8/site-packages/airflow/example_dags/example_params_trigger_ui.py for tasks to queue
[2023-11-04T16:26:49.305+0000] {logging_mixin.py:151} INFO - [2023-11-04T16:26:49.304+0000] {dagbag.py:536} INFO - Filling up the DagBag from /home/airflow/.local/lib/python3.8/site-packages/airflow/example_dags/example_params_trigger_ui.py
[2023-11-04T16:26:49.332+0000] {processor.py:839} INFO - DAG(s) dict_keys(['example_params_trigger_ui']) retrieved from /home/airflow/.local/lib/python3.8/site-packages/airflow/example_dags/example_params_trigger_ui.py
[2023-11-04T16:26:49.417+0000] {logging_mixin.py:151} INFO - [2023-11-04T16:26:49.416+0000] {dag.py:2941} INFO - Sync 1 DAGs
[2023-11-04T16:26:49.438+0000] {logging_mixin.py:151} INFO - [2023-11-04T16:26:49.438+0000] {dag.py:3722} INFO - Setting next_dagrun for example_params_trigger_ui to None, run_after=None
[2023-11-04T16:26:49.466+0000] {processor.py:179} INFO - Processing /home/airflow/.local/lib/python3.8/site-packages/airflow/example_dags/example_params_trigger_ui.py took 0.169 seconds
[2023-11-04T16:27:20.054+0000] {processor.py:157} INFO - Started process (PID=1949) to work on /home/airflow/.local/lib/python3.8/site-packages/airflow/example_dags/example_params_trigger_ui.py
[2023-11-04T16:27:20.056+0000] {processor.py:829} INFO - Processing file /home/airflow/.local/lib/python3.8/site-packages/airflow/example_dags/example_params_trigger_ui.py for tasks to queue
[2023-11-04T16:27:20.057+0000] {logging_mixin.py:151} INFO - [2023-11-04T16:27:20.057+0000] {dagbag.py:536} INFO - Filling up the DagBag from /home/airflow/.local/lib/python3.8/site-packages/airflow/example_dags/example_params_trigger_ui.py
[2023-11-04T16:27:20.090+0000] {processor.py:839} INFO - DAG(s) dict_keys(['example_params_trigger_ui']) retrieved from /home/airflow/.local/lib/python3.8/site-packages/airflow/example_dags/example_params_trigger_ui.py
[2023-11-04T16:27:20.179+0000] {logging_mixin.py:151} INFO - [2023-11-04T16:27:20.179+0000] {dag.py:2941} INFO - Sync 1 DAGs
[2023-11-04T16:27:20.201+0000] {logging_mixin.py:151} INFO - [2023-11-04T16:27:20.200+0000] {dag.py:3722} INFO - Setting next_dagrun for example_params_trigger_ui to None, run_after=None
[2023-11-04T16:27:20.234+0000] {processor.py:179} INFO - Processing /home/airflow/.local/lib/python3.8/site-packages/airflow/example_dags/example_params_trigger_ui.py took 0.185 seconds
[2023-11-04T16:27:51.309+0000] {processor.py:157} INFO - Started process (PID=2188) to work on /home/airflow/.local/lib/python3.8/site-packages/airflow/example_dags/example_params_trigger_ui.py
[2023-11-04T16:27:51.316+0000] {processor.py:829} INFO - Processing file /home/airflow/.local/lib/python3.8/site-packages/airflow/example_dags/example_params_trigger_ui.py for tasks to queue
[2023-11-04T16:27:51.320+0000] {logging_mixin.py:151} INFO - [2023-11-04T16:27:51.319+0000] {dagbag.py:536} INFO - Filling up the DagBag from /home/airflow/.local/lib/python3.8/site-packages/airflow/example_dags/example_params_trigger_ui.py
[2023-11-04T16:27:51.387+0000] {processor.py:839} INFO - DAG(s) dict_keys(['example_params_trigger_ui']) retrieved from /home/airflow/.local/lib/python3.8/site-packages/airflow/example_dags/example_params_trigger_ui.py
[2023-11-04T16:27:51.443+0000] {logging_mixin.py:151} INFO - [2023-11-04T16:27:51.442+0000] {dag.py:2941} INFO - Sync 1 DAGs
[2023-11-04T16:27:51.502+0000] {logging_mixin.py:151} INFO - [2023-11-04T16:27:51.501+0000] {dag.py:3722} INFO - Setting next_dagrun for example_params_trigger_ui to None, run_after=None
[2023-11-04T16:27:51.596+0000] {processor.py:179} INFO - Processing /home/airflow/.local/lib/python3.8/site-packages/airflow/example_dags/example_params_trigger_ui.py took 0.296 seconds
[2023-11-04T16:28:22.295+0000] {processor.py:157} INFO - Started process (PID=2426) to work on /home/airflow/.local/lib/python3.8/site-packages/airflow/example_dags/example_params_trigger_ui.py
[2023-11-04T16:28:22.297+0000] {processor.py:829} INFO - Processing file /home/airflow/.local/lib/python3.8/site-packages/airflow/example_dags/example_params_trigger_ui.py for tasks to queue
[2023-11-04T16:28:22.298+0000] {logging_mixin.py:151} INFO - [2023-11-04T16:28:22.298+0000] {dagbag.py:536} INFO - Filling up the DagBag from /home/airflow/.local/lib/python3.8/site-packages/airflow/example_dags/example_params_trigger_ui.py
[2023-11-04T16:28:22.326+0000] {processor.py:839} INFO - DAG(s) dict_keys(['example_params_trigger_ui']) retrieved from /home/airflow/.local/lib/python3.8/site-packages/airflow/example_dags/example_params_trigger_ui.py
[2023-11-04T16:28:22.418+0000] {logging_mixin.py:151} INFO - [2023-11-04T16:28:22.418+0000] {dag.py:2941} INFO - Sync 1 DAGs
[2023-11-04T16:28:22.437+0000] {logging_mixin.py:151} INFO - [2023-11-04T16:28:22.437+0000] {dag.py:3722} INFO - Setting next_dagrun for example_params_trigger_ui to None, run_after=None
[2023-11-04T16:28:22.467+0000] {processor.py:179} INFO - Processing /home/airflow/.local/lib/python3.8/site-packages/airflow/example_dags/example_params_trigger_ui.py took 0.177 seconds
[2023-11-04T16:28:52.629+0000] {processor.py:157} INFO - Started process (PID=2664) to work on /home/airflow/.local/lib/python3.8/site-packages/airflow/example_dags/example_params_trigger_ui.py
[2023-11-04T16:28:52.631+0000] {processor.py:829} INFO - Processing file /home/airflow/.local/lib/python3.8/site-packages/airflow/example_dags/example_params_trigger_ui.py for tasks to queue
[2023-11-04T16:28:52.633+0000] {logging_mixin.py:151} INFO - [2023-11-04T16:28:52.632+0000] {dagbag.py:536} INFO - Filling up the DagBag from /home/airflow/.local/lib/python3.8/site-packages/airflow/example_dags/example_params_trigger_ui.py
[2023-11-04T16:28:52.660+0000] {processor.py:839} INFO - DAG(s) dict_keys(['example_params_trigger_ui']) retrieved from /home/airflow/.local/lib/python3.8/site-packages/airflow/example_dags/example_params_trigger_ui.py
[2023-11-04T16:28:52.757+0000] {logging_mixin.py:151} INFO - [2023-11-04T16:28:52.756+0000] {dag.py:2941} INFO - Sync 1 DAGs
[2023-11-04T16:28:52.775+0000] {logging_mixin.py:151} INFO - [2023-11-04T16:28:52.775+0000] {dag.py:3722} INFO - Setting next_dagrun for example_params_trigger_ui to None, run_after=None
[2023-11-04T16:28:52.804+0000] {processor.py:179} INFO - Processing /home/airflow/.local/lib/python3.8/site-packages/airflow/example_dags/example_params_trigger_ui.py took 0.180 seconds
[2023-11-04T16:29:23.424+0000] {processor.py:157} INFO - Started process (PID=2902) to work on /home/airflow/.local/lib/python3.8/site-packages/airflow/example_dags/example_params_trigger_ui.py
[2023-11-04T16:29:23.425+0000] {processor.py:829} INFO - Processing file /home/airflow/.local/lib/python3.8/site-packages/airflow/example_dags/example_params_trigger_ui.py for tasks to queue
[2023-11-04T16:29:23.427+0000] {logging_mixin.py:151} INFO - [2023-11-04T16:29:23.426+0000] {dagbag.py:536} INFO - Filling up the DagBag from /home/airflow/.local/lib/python3.8/site-packages/airflow/example_dags/example_params_trigger_ui.py
[2023-11-04T16:29:23.454+0000] {processor.py:839} INFO - DAG(s) dict_keys(['example_params_trigger_ui']) retrieved from /home/airflow/.local/lib/python3.8/site-packages/airflow/example_dags/example_params_trigger_ui.py
[2023-11-04T16:29:23.543+0000] {logging_mixin.py:151} INFO - [2023-11-04T16:29:23.543+0000] {dag.py:2941} INFO - Sync 1 DAGs
[2023-11-04T16:29:23.564+0000] {logging_mixin.py:151} INFO - [2023-11-04T16:29:23.564+0000] {dag.py:3722} INFO - Setting next_dagrun for example_params_trigger_ui to None, run_after=None
[2023-11-04T16:29:23.595+0000] {processor.py:179} INFO - Processing /home/airflow/.local/lib/python3.8/site-packages/airflow/example_dags/example_params_trigger_ui.py took 0.176 seconds
[2023-11-04T16:29:53.690+0000] {processor.py:157} INFO - Started process (PID=3140) to work on /home/airflow/.local/lib/python3.8/site-packages/airflow/example_dags/example_params_trigger_ui.py
[2023-11-04T16:29:53.691+0000] {processor.py:829} INFO - Processing file /home/airflow/.local/lib/python3.8/site-packages/airflow/example_dags/example_params_trigger_ui.py for tasks to queue
[2023-11-04T16:29:53.693+0000] {logging_mixin.py:151} INFO - [2023-11-04T16:29:53.693+0000] {dagbag.py:536} INFO - Filling up the DagBag from /home/airflow/.local/lib/python3.8/site-packages/airflow/example_dags/example_params_trigger_ui.py
[2023-11-04T16:29:53.721+0000] {processor.py:839} INFO - DAG(s) dict_keys(['example_params_trigger_ui']) retrieved from /home/airflow/.local/lib/python3.8/site-packages/airflow/example_dags/example_params_trigger_ui.py
[2023-11-04T16:29:53.744+0000] {logging_mixin.py:151} INFO - [2023-11-04T16:29:53.743+0000] {dag.py:2941} INFO - Sync 1 DAGs
[2023-11-04T16:29:53.772+0000] {logging_mixin.py:151} INFO - [2023-11-04T16:29:53.772+0000] {dag.py:3722} INFO - Setting next_dagrun for example_params_trigger_ui to None, run_after=None
[2023-11-04T16:29:53.806+0000] {processor.py:179} INFO - Processing /home/airflow/.local/lib/python3.8/site-packages/airflow/example_dags/example_params_trigger_ui.py took 0.121 seconds
[2023-11-04T16:30:24.318+0000] {processor.py:157} INFO - Started process (PID=3378) to work on /home/airflow/.local/lib/python3.8/site-packages/airflow/example_dags/example_params_trigger_ui.py
[2023-11-04T16:30:24.319+0000] {processor.py:829} INFO - Processing file /home/airflow/.local/lib/python3.8/site-packages/airflow/example_dags/example_params_trigger_ui.py for tasks to queue
[2023-11-04T16:30:24.321+0000] {logging_mixin.py:151} INFO - [2023-11-04T16:30:24.321+0000] {dagbag.py:536} INFO - Filling up the DagBag from /home/airflow/.local/lib/python3.8/site-packages/airflow/example_dags/example_params_trigger_ui.py
[2023-11-04T16:30:24.351+0000] {processor.py:839} INFO - DAG(s) dict_keys(['example_params_trigger_ui']) retrieved from /home/airflow/.local/lib/python3.8/site-packages/airflow/example_dags/example_params_trigger_ui.py
[2023-11-04T16:30:24.469+0000] {logging_mixin.py:151} INFO - [2023-11-04T16:30:24.469+0000] {dag.py:2941} INFO - Sync 1 DAGs
[2023-11-04T16:30:24.489+0000] {logging_mixin.py:151} INFO - [2023-11-04T16:30:24.489+0000] {dag.py:3722} INFO - Setting next_dagrun for example_params_trigger_ui to None, run_after=None
[2023-11-04T16:30:24.524+0000] {processor.py:179} INFO - Processing /home/airflow/.local/lib/python3.8/site-packages/airflow/example_dags/example_params_trigger_ui.py took 0.212 seconds
[2023-11-04T16:30:56.053+0000] {processor.py:157} INFO - Started process (PID=3618) to work on /home/airflow/.local/lib/python3.8/site-packages/airflow/example_dags/example_params_trigger_ui.py
[2023-11-04T16:30:56.054+0000] {processor.py:829} INFO - Processing file /home/airflow/.local/lib/python3.8/site-packages/airflow/example_dags/example_params_trigger_ui.py for tasks to queue
[2023-11-04T16:30:56.056+0000] {logging_mixin.py:151} INFO - [2023-11-04T16:30:56.055+0000] {dagbag.py:536} INFO - Filling up the DagBag from /home/airflow/.local/lib/python3.8/site-packages/airflow/example_dags/example_params_trigger_ui.py
[2023-11-04T16:30:56.083+0000] {processor.py:839} INFO - DAG(s) dict_keys(['example_params_trigger_ui']) retrieved from /home/airflow/.local/lib/python3.8/site-packages/airflow/example_dags/example_params_trigger_ui.py
[2023-11-04T16:30:56.170+0000] {logging_mixin.py:151} INFO - [2023-11-04T16:30:56.170+0000] {dag.py:2941} INFO - Sync 1 DAGs
[2023-11-04T16:30:56.191+0000] {logging_mixin.py:151} INFO - [2023-11-04T16:30:56.191+0000] {dag.py:3722} INFO - Setting next_dagrun for example_params_trigger_ui to None, run_after=None
[2023-11-04T16:30:56.235+0000] {processor.py:179} INFO - Processing /home/airflow/.local/lib/python3.8/site-packages/airflow/example_dags/example_params_trigger_ui.py took 0.188 seconds
[2023-11-04T16:31:27.007+0000] {processor.py:157} INFO - Started process (PID=3856) to work on /home/airflow/.local/lib/python3.8/site-packages/airflow/example_dags/example_params_trigger_ui.py
[2023-11-04T16:31:27.009+0000] {processor.py:829} INFO - Processing file /home/airflow/.local/lib/python3.8/site-packages/airflow/example_dags/example_params_trigger_ui.py for tasks to queue
[2023-11-04T16:31:27.012+0000] {logging_mixin.py:151} INFO - [2023-11-04T16:31:27.011+0000] {dagbag.py:536} INFO - Filling up the DagBag from /home/airflow/.local/lib/python3.8/site-packages/airflow/example_dags/example_params_trigger_ui.py
[2023-11-04T16:31:27.047+0000] {processor.py:839} INFO - DAG(s) dict_keys(['example_params_trigger_ui']) retrieved from /home/airflow/.local/lib/python3.8/site-packages/airflow/example_dags/example_params_trigger_ui.py
[2023-11-04T16:31:27.069+0000] {logging_mixin.py:151} INFO - [2023-11-04T16:31:27.069+0000] {dag.py:2941} INFO - Sync 1 DAGs
[2023-11-04T16:31:27.093+0000] {logging_mixin.py:151} INFO - [2023-11-04T16:31:27.093+0000] {dag.py:3722} INFO - Setting next_dagrun for example_params_trigger_ui to None, run_after=None
[2023-11-04T16:31:27.128+0000] {processor.py:179} INFO - Processing /home/airflow/.local/lib/python3.8/site-packages/airflow/example_dags/example_params_trigger_ui.py took 0.128 seconds
[2023-11-04T16:31:57.639+0000] {processor.py:157} INFO - Started process (PID=4094) to work on /home/airflow/.local/lib/python3.8/site-packages/airflow/example_dags/example_params_trigger_ui.py
[2023-11-04T16:31:57.641+0000] {processor.py:829} INFO - Processing file /home/airflow/.local/lib/python3.8/site-packages/airflow/example_dags/example_params_trigger_ui.py for tasks to queue
[2023-11-04T16:31:57.643+0000] {logging_mixin.py:151} INFO - [2023-11-04T16:31:57.642+0000] {dagbag.py:536} INFO - Filling up the DagBag from /home/airflow/.local/lib/python3.8/site-packages/airflow/example_dags/example_params_trigger_ui.py
[2023-11-04T16:31:57.673+0000] {processor.py:839} INFO - DAG(s) dict_keys(['example_params_trigger_ui']) retrieved from /home/airflow/.local/lib/python3.8/site-packages/airflow/example_dags/example_params_trigger_ui.py
[2023-11-04T16:31:57.781+0000] {logging_mixin.py:151} INFO - [2023-11-04T16:31:57.781+0000] {dag.py:2941} INFO - Sync 1 DAGs
[2023-11-04T16:31:57.804+0000] {logging_mixin.py:151} INFO - [2023-11-04T16:31:57.804+0000] {dag.py:3722} INFO - Setting next_dagrun for example_params_trigger_ui to None, run_after=None
[2023-11-04T16:31:57.842+0000] {processor.py:179} INFO - Processing /home/airflow/.local/lib/python3.8/site-packages/airflow/example_dags/example_params_trigger_ui.py took 0.208 seconds
[2023-11-04T16:32:28.233+0000] {processor.py:157} INFO - Started process (PID=4332) to work on /home/airflow/.local/lib/python3.8/site-packages/airflow/example_dags/example_params_trigger_ui.py
[2023-11-04T16:32:28.235+0000] {processor.py:829} INFO - Processing file /home/airflow/.local/lib/python3.8/site-packages/airflow/example_dags/example_params_trigger_ui.py for tasks to queue
[2023-11-04T16:32:28.236+0000] {logging_mixin.py:151} INFO - [2023-11-04T16:32:28.236+0000] {dagbag.py:536} INFO - Filling up the DagBag from /home/airflow/.local/lib/python3.8/site-packages/airflow/example_dags/example_params_trigger_ui.py
[2023-11-04T16:32:28.263+0000] {processor.py:839} INFO - DAG(s) dict_keys(['example_params_trigger_ui']) retrieved from /home/airflow/.local/lib/python3.8/site-packages/airflow/example_dags/example_params_trigger_ui.py
[2023-11-04T16:32:28.347+0000] {logging_mixin.py:151} INFO - [2023-11-04T16:32:28.347+0000] {dag.py:2941} INFO - Sync 1 DAGs
[2023-11-04T16:32:28.368+0000] {logging_mixin.py:151} INFO - [2023-11-04T16:32:28.368+0000] {dag.py:3722} INFO - Setting next_dagrun for example_params_trigger_ui to None, run_after=None
[2023-11-04T16:32:28.398+0000] {processor.py:179} INFO - Processing /home/airflow/.local/lib/python3.8/site-packages/airflow/example_dags/example_params_trigger_ui.py took 0.170 seconds
[2023-11-04T16:32:58.605+0000] {processor.py:157} INFO - Started process (PID=4568) to work on /home/airflow/.local/lib/python3.8/site-packages/airflow/example_dags/example_params_trigger_ui.py
[2023-11-04T16:32:58.607+0000] {processor.py:829} INFO - Processing file /home/airflow/.local/lib/python3.8/site-packages/airflow/example_dags/example_params_trigger_ui.py for tasks to queue
[2023-11-04T16:32:58.609+0000] {logging_mixin.py:151} INFO - [2023-11-04T16:32:58.608+0000] {dagbag.py:536} INFO - Filling up the DagBag from /home/airflow/.local/lib/python3.8/site-packages/airflow/example_dags/example_params_trigger_ui.py
[2023-11-04T16:32:58.636+0000] {processor.py:839} INFO - DAG(s) dict_keys(['example_params_trigger_ui']) retrieved from /home/airflow/.local/lib/python3.8/site-packages/airflow/example_dags/example_params_trigger_ui.py
[2023-11-04T16:32:58.727+0000] {logging_mixin.py:151} INFO - [2023-11-04T16:32:58.727+0000] {dag.py:2941} INFO - Sync 1 DAGs
[2023-11-04T16:32:58.755+0000] {logging_mixin.py:151} INFO - [2023-11-04T16:32:58.755+0000] {dag.py:3722} INFO - Setting next_dagrun for example_params_trigger_ui to None, run_after=None
[2023-11-04T16:32:58.785+0000] {processor.py:179} INFO - Processing /home/airflow/.local/lib/python3.8/site-packages/airflow/example_dags/example_params_trigger_ui.py took 0.185 seconds
[2023-11-04T16:33:28.911+0000] {processor.py:157} INFO - Started process (PID=4808) to work on /home/airflow/.local/lib/python3.8/site-packages/airflow/example_dags/example_params_trigger_ui.py
[2023-11-04T16:33:28.912+0000] {processor.py:829} INFO - Processing file /home/airflow/.local/lib/python3.8/site-packages/airflow/example_dags/example_params_trigger_ui.py for tasks to queue
[2023-11-04T16:33:28.914+0000] {logging_mixin.py:151} INFO - [2023-11-04T16:33:28.914+0000] {dagbag.py:536} INFO - Filling up the DagBag from /home/airflow/.local/lib/python3.8/site-packages/airflow/example_dags/example_params_trigger_ui.py
[2023-11-04T16:33:28.943+0000] {processor.py:839} INFO - DAG(s) dict_keys(['example_params_trigger_ui']) retrieved from /home/airflow/.local/lib/python3.8/site-packages/airflow/example_dags/example_params_trigger_ui.py
[2023-11-04T16:33:29.032+0000] {logging_mixin.py:151} INFO - [2023-11-04T16:33:29.031+0000] {dag.py:2941} INFO - Sync 1 DAGs
[2023-11-04T16:33:29.053+0000] {logging_mixin.py:151} INFO - [2023-11-04T16:33:29.053+0000] {dag.py:3722} INFO - Setting next_dagrun for example_params_trigger_ui to None, run_after=None
[2023-11-04T16:33:29.084+0000] {processor.py:179} INFO - Processing /home/airflow/.local/lib/python3.8/site-packages/airflow/example_dags/example_params_trigger_ui.py took 0.179 seconds
[2023-11-04T16:33:59.846+0000] {processor.py:157} INFO - Started process (PID=5051) to work on /home/airflow/.local/lib/python3.8/site-packages/airflow/example_dags/example_params_trigger_ui.py
[2023-11-04T16:33:59.848+0000] {processor.py:829} INFO - Processing file /home/airflow/.local/lib/python3.8/site-packages/airflow/example_dags/example_params_trigger_ui.py for tasks to queue
[2023-11-04T16:33:59.849+0000] {logging_mixin.py:151} INFO - [2023-11-04T16:33:59.849+0000] {dagbag.py:536} INFO - Filling up the DagBag from /home/airflow/.local/lib/python3.8/site-packages/airflow/example_dags/example_params_trigger_ui.py
[2023-11-04T16:33:59.882+0000] {processor.py:839} INFO - DAG(s) dict_keys(['example_params_trigger_ui']) retrieved from /home/airflow/.local/lib/python3.8/site-packages/airflow/example_dags/example_params_trigger_ui.py
[2023-11-04T16:33:59.968+0000] {logging_mixin.py:151} INFO - [2023-11-04T16:33:59.968+0000] {dag.py:2941} INFO - Sync 1 DAGs
[2023-11-04T16:33:59.987+0000] {logging_mixin.py:151} INFO - [2023-11-04T16:33:59.987+0000] {dag.py:3722} INFO - Setting next_dagrun for example_params_trigger_ui to None, run_after=None
[2023-11-04T16:34:00.019+0000] {processor.py:179} INFO - Processing /home/airflow/.local/lib/python3.8/site-packages/airflow/example_dags/example_params_trigger_ui.py took 0.178 seconds
[2023-11-04T16:34:30.318+0000] {processor.py:157} INFO - Started process (PID=5289) to work on /home/airflow/.local/lib/python3.8/site-packages/airflow/example_dags/example_params_trigger_ui.py
[2023-11-04T16:34:30.320+0000] {processor.py:829} INFO - Processing file /home/airflow/.local/lib/python3.8/site-packages/airflow/example_dags/example_params_trigger_ui.py for tasks to queue
[2023-11-04T16:34:30.321+0000] {logging_mixin.py:151} INFO - [2023-11-04T16:34:30.321+0000] {dagbag.py:536} INFO - Filling up the DagBag from /home/airflow/.local/lib/python3.8/site-packages/airflow/example_dags/example_params_trigger_ui.py
[2023-11-04T16:34:30.350+0000] {processor.py:839} INFO - DAG(s) dict_keys(['example_params_trigger_ui']) retrieved from /home/airflow/.local/lib/python3.8/site-packages/airflow/example_dags/example_params_trigger_ui.py
[2023-11-04T16:34:30.432+0000] {logging_mixin.py:151} INFO - [2023-11-04T16:34:30.431+0000] {dag.py:2941} INFO - Sync 1 DAGs
[2023-11-04T16:34:30.451+0000] {logging_mixin.py:151} INFO - [2023-11-04T16:34:30.451+0000] {dag.py:3722} INFO - Setting next_dagrun for example_params_trigger_ui to None, run_after=None
[2023-11-04T16:34:30.480+0000] {processor.py:179} INFO - Processing /home/airflow/.local/lib/python3.8/site-packages/airflow/example_dags/example_params_trigger_ui.py took 0.168 seconds
[2023-11-04T16:35:01.224+0000] {processor.py:157} INFO - Started process (PID=5527) to work on /home/airflow/.local/lib/python3.8/site-packages/airflow/example_dags/example_params_trigger_ui.py
[2023-11-04T16:35:01.226+0000] {processor.py:829} INFO - Processing file /home/airflow/.local/lib/python3.8/site-packages/airflow/example_dags/example_params_trigger_ui.py for tasks to queue
[2023-11-04T16:35:01.228+0000] {logging_mixin.py:151} INFO - [2023-11-04T16:35:01.227+0000] {dagbag.py:536} INFO - Filling up the DagBag from /home/airflow/.local/lib/python3.8/site-packages/airflow/example_dags/example_params_trigger_ui.py
[2023-11-04T16:35:01.257+0000] {processor.py:839} INFO - DAG(s) dict_keys(['example_params_trigger_ui']) retrieved from /home/airflow/.local/lib/python3.8/site-packages/airflow/example_dags/example_params_trigger_ui.py
[2023-11-04T16:35:01.343+0000] {logging_mixin.py:151} INFO - [2023-11-04T16:35:01.343+0000] {dag.py:2941} INFO - Sync 1 DAGs
[2023-11-04T16:35:01.362+0000] {logging_mixin.py:151} INFO - [2023-11-04T16:35:01.362+0000] {dag.py:3722} INFO - Setting next_dagrun for example_params_trigger_ui to None, run_after=None
[2023-11-04T16:35:01.390+0000] {processor.py:179} INFO - Processing /home/airflow/.local/lib/python3.8/site-packages/airflow/example_dags/example_params_trigger_ui.py took 0.172 seconds
[2023-11-04T16:35:32.139+0000] {processor.py:157} INFO - Started process (PID=5765) to work on /home/airflow/.local/lib/python3.8/site-packages/airflow/example_dags/example_params_trigger_ui.py
[2023-11-04T16:35:32.140+0000] {processor.py:829} INFO - Processing file /home/airflow/.local/lib/python3.8/site-packages/airflow/example_dags/example_params_trigger_ui.py for tasks to queue
[2023-11-04T16:35:32.142+0000] {logging_mixin.py:151} INFO - [2023-11-04T16:35:32.142+0000] {dagbag.py:536} INFO - Filling up the DagBag from /home/airflow/.local/lib/python3.8/site-packages/airflow/example_dags/example_params_trigger_ui.py
[2023-11-04T16:35:32.173+0000] {processor.py:839} INFO - DAG(s) dict_keys(['example_params_trigger_ui']) retrieved from /home/airflow/.local/lib/python3.8/site-packages/airflow/example_dags/example_params_trigger_ui.py
[2023-11-04T16:35:32.260+0000] {logging_mixin.py:151} INFO - [2023-11-04T16:35:32.259+0000] {dag.py:2941} INFO - Sync 1 DAGs
[2023-11-04T16:35:32.281+0000] {logging_mixin.py:151} INFO - [2023-11-04T16:35:32.280+0000] {dag.py:3722} INFO - Setting next_dagrun for example_params_trigger_ui to None, run_after=None
[2023-11-04T16:35:32.319+0000] {processor.py:179} INFO - Processing /home/airflow/.local/lib/python3.8/site-packages/airflow/example_dags/example_params_trigger_ui.py took 0.186 seconds
[2023-11-04T16:36:02.654+0000] {processor.py:157} INFO - Started process (PID=6003) to work on /home/airflow/.local/lib/python3.8/site-packages/airflow/example_dags/example_params_trigger_ui.py
[2023-11-04T16:36:02.655+0000] {processor.py:829} INFO - Processing file /home/airflow/.local/lib/python3.8/site-packages/airflow/example_dags/example_params_trigger_ui.py for tasks to queue
[2023-11-04T16:36:02.657+0000] {logging_mixin.py:151} INFO - [2023-11-04T16:36:02.657+0000] {dagbag.py:536} INFO - Filling up the DagBag from /home/airflow/.local/lib/python3.8/site-packages/airflow/example_dags/example_params_trigger_ui.py
[2023-11-04T16:36:02.691+0000] {processor.py:839} INFO - DAG(s) dict_keys(['example_params_trigger_ui']) retrieved from /home/airflow/.local/lib/python3.8/site-packages/airflow/example_dags/example_params_trigger_ui.py
[2023-11-04T16:36:02.793+0000] {logging_mixin.py:151} INFO - [2023-11-04T16:36:02.792+0000] {dag.py:2941} INFO - Sync 1 DAGs
[2023-11-04T16:36:02.818+0000] {logging_mixin.py:151} INFO - [2023-11-04T16:36:02.818+0000] {dag.py:3722} INFO - Setting next_dagrun for example_params_trigger_ui to None, run_after=None
[2023-11-04T16:36:02.855+0000] {processor.py:179} INFO - Processing /home/airflow/.local/lib/python3.8/site-packages/airflow/example_dags/example_params_trigger_ui.py took 0.207 seconds
[2023-11-04T16:36:32.977+0000] {processor.py:157} INFO - Started process (PID=6243) to work on /home/airflow/.local/lib/python3.8/site-packages/airflow/example_dags/example_params_trigger_ui.py
[2023-11-04T16:36:32.979+0000] {processor.py:829} INFO - Processing file /home/airflow/.local/lib/python3.8/site-packages/airflow/example_dags/example_params_trigger_ui.py for tasks to queue
[2023-11-04T16:36:32.980+0000] {logging_mixin.py:151} INFO - [2023-11-04T16:36:32.980+0000] {dagbag.py:536} INFO - Filling up the DagBag from /home/airflow/.local/lib/python3.8/site-packages/airflow/example_dags/example_params_trigger_ui.py
[2023-11-04T16:36:33.017+0000] {processor.py:839} INFO - DAG(s) dict_keys(['example_params_trigger_ui']) retrieved from /home/airflow/.local/lib/python3.8/site-packages/airflow/example_dags/example_params_trigger_ui.py
[2023-11-04T16:36:33.130+0000] {logging_mixin.py:151} INFO - [2023-11-04T16:36:33.130+0000] {dag.py:2941} INFO - Sync 1 DAGs
[2023-11-04T16:36:33.161+0000] {logging_mixin.py:151} INFO - [2023-11-04T16:36:33.161+0000] {dag.py:3722} INFO - Setting next_dagrun for example_params_trigger_ui to None, run_after=None
[2023-11-04T16:36:33.196+0000] {processor.py:179} INFO - Processing /home/airflow/.local/lib/python3.8/site-packages/airflow/example_dags/example_params_trigger_ui.py took 0.225 seconds
[2023-11-04T16:37:03.841+0000] {processor.py:157} INFO - Started process (PID=6479) to work on /home/airflow/.local/lib/python3.8/site-packages/airflow/example_dags/example_params_trigger_ui.py
[2023-11-04T16:37:03.843+0000] {processor.py:829} INFO - Processing file /home/airflow/.local/lib/python3.8/site-packages/airflow/example_dags/example_params_trigger_ui.py for tasks to queue
[2023-11-04T16:37:03.845+0000] {logging_mixin.py:151} INFO - [2023-11-04T16:37:03.845+0000] {dagbag.py:536} INFO - Filling up the DagBag from /home/airflow/.local/lib/python3.8/site-packages/airflow/example_dags/example_params_trigger_ui.py
[2023-11-04T16:37:03.885+0000] {processor.py:839} INFO - DAG(s) dict_keys(['example_params_trigger_ui']) retrieved from /home/airflow/.local/lib/python3.8/site-packages/airflow/example_dags/example_params_trigger_ui.py
[2023-11-04T16:37:04.016+0000] {logging_mixin.py:151} INFO - [2023-11-04T16:37:04.015+0000] {dag.py:2941} INFO - Sync 1 DAGs
[2023-11-04T16:37:04.062+0000] {logging_mixin.py:151} INFO - [2023-11-04T16:37:04.061+0000] {dag.py:3722} INFO - Setting next_dagrun for example_params_trigger_ui to None, run_after=None
[2023-11-04T16:37:04.155+0000] {processor.py:179} INFO - Processing /home/airflow/.local/lib/python3.8/site-packages/airflow/example_dags/example_params_trigger_ui.py took 0.319 seconds
[2023-11-04T16:37:34.500+0000] {processor.py:157} INFO - Started process (PID=6719) to work on /home/airflow/.local/lib/python3.8/site-packages/airflow/example_dags/example_params_trigger_ui.py
[2023-11-04T16:37:34.502+0000] {processor.py:829} INFO - Processing file /home/airflow/.local/lib/python3.8/site-packages/airflow/example_dags/example_params_trigger_ui.py for tasks to queue
[2023-11-04T16:37:34.503+0000] {logging_mixin.py:151} INFO - [2023-11-04T16:37:34.503+0000] {dagbag.py:536} INFO - Filling up the DagBag from /home/airflow/.local/lib/python3.8/site-packages/airflow/example_dags/example_params_trigger_ui.py
[2023-11-04T16:37:34.548+0000] {processor.py:839} INFO - DAG(s) dict_keys(['example_params_trigger_ui']) retrieved from /home/airflow/.local/lib/python3.8/site-packages/airflow/example_dags/example_params_trigger_ui.py
[2023-11-04T16:37:34.658+0000] {logging_mixin.py:151} INFO - [2023-11-04T16:37:34.658+0000] {dag.py:2941} INFO - Sync 1 DAGs
[2023-11-04T16:37:34.689+0000] {logging_mixin.py:151} INFO - [2023-11-04T16:37:34.689+0000] {dag.py:3722} INFO - Setting next_dagrun for example_params_trigger_ui to None, run_after=None
[2023-11-04T16:37:34.734+0000] {processor.py:179} INFO - Processing /home/airflow/.local/lib/python3.8/site-packages/airflow/example_dags/example_params_trigger_ui.py took 0.240 seconds
[2023-11-04T16:38:04.984+0000] {processor.py:157} INFO - Started process (PID=6957) to work on /home/airflow/.local/lib/python3.8/site-packages/airflow/example_dags/example_params_trigger_ui.py
[2023-11-04T16:38:04.986+0000] {processor.py:829} INFO - Processing file /home/airflow/.local/lib/python3.8/site-packages/airflow/example_dags/example_params_trigger_ui.py for tasks to queue
[2023-11-04T16:38:04.987+0000] {logging_mixin.py:151} INFO - [2023-11-04T16:38:04.987+0000] {dagbag.py:536} INFO - Filling up the DagBag from /home/airflow/.local/lib/python3.8/site-packages/airflow/example_dags/example_params_trigger_ui.py
[2023-11-04T16:38:05.013+0000] {processor.py:839} INFO - DAG(s) dict_keys(['example_params_trigger_ui']) retrieved from /home/airflow/.local/lib/python3.8/site-packages/airflow/example_dags/example_params_trigger_ui.py
[2023-11-04T16:38:05.098+0000] {logging_mixin.py:151} INFO - [2023-11-04T16:38:05.098+0000] {dag.py:2941} INFO - Sync 1 DAGs
[2023-11-04T16:38:05.117+0000] {logging_mixin.py:151} INFO - [2023-11-04T16:38:05.117+0000] {dag.py:3722} INFO - Setting next_dagrun for example_params_trigger_ui to None, run_after=None
[2023-11-04T16:38:05.153+0000] {processor.py:179} INFO - Processing /home/airflow/.local/lib/python3.8/site-packages/airflow/example_dags/example_params_trigger_ui.py took 0.175 seconds
[2023-11-04T16:38:35.326+0000] {processor.py:157} INFO - Started process (PID=7193) to work on /home/airflow/.local/lib/python3.8/site-packages/airflow/example_dags/example_params_trigger_ui.py
[2023-11-04T16:38:35.327+0000] {processor.py:829} INFO - Processing file /home/airflow/.local/lib/python3.8/site-packages/airflow/example_dags/example_params_trigger_ui.py for tasks to queue
[2023-11-04T16:38:35.329+0000] {logging_mixin.py:151} INFO - [2023-11-04T16:38:35.329+0000] {dagbag.py:536} INFO - Filling up the DagBag from /home/airflow/.local/lib/python3.8/site-packages/airflow/example_dags/example_params_trigger_ui.py
[2023-11-04T16:38:35.356+0000] {processor.py:839} INFO - DAG(s) dict_keys(['example_params_trigger_ui']) retrieved from /home/airflow/.local/lib/python3.8/site-packages/airflow/example_dags/example_params_trigger_ui.py
[2023-11-04T16:38:35.447+0000] {logging_mixin.py:151} INFO - [2023-11-04T16:38:35.447+0000] {dag.py:2941} INFO - Sync 1 DAGs
[2023-11-04T16:38:35.469+0000] {logging_mixin.py:151} INFO - [2023-11-04T16:38:35.468+0000] {dag.py:3722} INFO - Setting next_dagrun for example_params_trigger_ui to None, run_after=None
[2023-11-04T16:38:35.500+0000] {processor.py:179} INFO - Processing /home/airflow/.local/lib/python3.8/site-packages/airflow/example_dags/example_params_trigger_ui.py took 0.179 seconds
[2023-11-04T16:39:05.856+0000] {processor.py:157} INFO - Started process (PID=7433) to work on /home/airflow/.local/lib/python3.8/site-packages/airflow/example_dags/example_params_trigger_ui.py
[2023-11-04T16:39:05.858+0000] {processor.py:829} INFO - Processing file /home/airflow/.local/lib/python3.8/site-packages/airflow/example_dags/example_params_trigger_ui.py for tasks to queue
[2023-11-04T16:39:05.860+0000] {logging_mixin.py:151} INFO - [2023-11-04T16:39:05.860+0000] {dagbag.py:536} INFO - Filling up the DagBag from /home/airflow/.local/lib/python3.8/site-packages/airflow/example_dags/example_params_trigger_ui.py
[2023-11-04T16:39:05.888+0000] {processor.py:839} INFO - DAG(s) dict_keys(['example_params_trigger_ui']) retrieved from /home/airflow/.local/lib/python3.8/site-packages/airflow/example_dags/example_params_trigger_ui.py
[2023-11-04T16:39:05.972+0000] {logging_mixin.py:151} INFO - [2023-11-04T16:39:05.971+0000] {dag.py:2941} INFO - Sync 1 DAGs
[2023-11-04T16:39:05.995+0000] {logging_mixin.py:151} INFO - [2023-11-04T16:39:05.995+0000] {dag.py:3722} INFO - Setting next_dagrun for example_params_trigger_ui to None, run_after=None
[2023-11-04T16:39:06.024+0000] {processor.py:179} INFO - Processing /home/airflow/.local/lib/python3.8/site-packages/airflow/example_dags/example_params_trigger_ui.py took 0.176 seconds
[2023-11-04T16:39:36.322+0000] {processor.py:157} INFO - Started process (PID=7671) to work on /home/airflow/.local/lib/python3.8/site-packages/airflow/example_dags/example_params_trigger_ui.py
[2023-11-04T16:39:36.324+0000] {processor.py:829} INFO - Processing file /home/airflow/.local/lib/python3.8/site-packages/airflow/example_dags/example_params_trigger_ui.py for tasks to queue
[2023-11-04T16:39:36.325+0000] {logging_mixin.py:151} INFO - [2023-11-04T16:39:36.325+0000] {dagbag.py:536} INFO - Filling up the DagBag from /home/airflow/.local/lib/python3.8/site-packages/airflow/example_dags/example_params_trigger_ui.py
[2023-11-04T16:39:36.352+0000] {processor.py:839} INFO - DAG(s) dict_keys(['example_params_trigger_ui']) retrieved from /home/airflow/.local/lib/python3.8/site-packages/airflow/example_dags/example_params_trigger_ui.py
[2023-11-04T16:39:36.438+0000] {logging_mixin.py:151} INFO - [2023-11-04T16:39:36.438+0000] {dag.py:2941} INFO - Sync 1 DAGs
[2023-11-04T16:39:36.457+0000] {logging_mixin.py:151} INFO - [2023-11-04T16:39:36.457+0000] {dag.py:3722} INFO - Setting next_dagrun for example_params_trigger_ui to None, run_after=None
[2023-11-04T16:39:36.495+0000] {processor.py:179} INFO - Processing /home/airflow/.local/lib/python3.8/site-packages/airflow/example_dags/example_params_trigger_ui.py took 0.177 seconds
[2023-11-04T16:40:06.702+0000] {processor.py:157} INFO - Started process (PID=7907) to work on /home/airflow/.local/lib/python3.8/site-packages/airflow/example_dags/example_params_trigger_ui.py
[2023-11-04T16:40:06.705+0000] {processor.py:829} INFO - Processing file /home/airflow/.local/lib/python3.8/site-packages/airflow/example_dags/example_params_trigger_ui.py for tasks to queue
[2023-11-04T16:40:06.707+0000] {logging_mixin.py:151} INFO - [2023-11-04T16:40:06.706+0000] {dagbag.py:536} INFO - Filling up the DagBag from /home/airflow/.local/lib/python3.8/site-packages/airflow/example_dags/example_params_trigger_ui.py
[2023-11-04T16:40:06.739+0000] {processor.py:839} INFO - DAG(s) dict_keys(['example_params_trigger_ui']) retrieved from /home/airflow/.local/lib/python3.8/site-packages/airflow/example_dags/example_params_trigger_ui.py
[2023-11-04T16:40:06.852+0000] {logging_mixin.py:151} INFO - [2023-11-04T16:40:06.852+0000] {dag.py:2941} INFO - Sync 1 DAGs
[2023-11-04T16:40:06.875+0000] {logging_mixin.py:151} INFO - [2023-11-04T16:40:06.875+0000] {dag.py:3722} INFO - Setting next_dagrun for example_params_trigger_ui to None, run_after=None
[2023-11-04T16:40:06.908+0000] {processor.py:179} INFO - Processing /home/airflow/.local/lib/python3.8/site-packages/airflow/example_dags/example_params_trigger_ui.py took 0.210 seconds
[2023-11-04T16:40:37.365+0000] {processor.py:157} INFO - Started process (PID=8145) to work on /home/airflow/.local/lib/python3.8/site-packages/airflow/example_dags/example_params_trigger_ui.py
[2023-11-04T16:40:37.366+0000] {processor.py:829} INFO - Processing file /home/airflow/.local/lib/python3.8/site-packages/airflow/example_dags/example_params_trigger_ui.py for tasks to queue
[2023-11-04T16:40:37.368+0000] {logging_mixin.py:151} INFO - [2023-11-04T16:40:37.368+0000] {dagbag.py:536} INFO - Filling up the DagBag from /home/airflow/.local/lib/python3.8/site-packages/airflow/example_dags/example_params_trigger_ui.py
[2023-11-04T16:40:37.397+0000] {processor.py:839} INFO - DAG(s) dict_keys(['example_params_trigger_ui']) retrieved from /home/airflow/.local/lib/python3.8/site-packages/airflow/example_dags/example_params_trigger_ui.py
[2023-11-04T16:40:37.484+0000] {logging_mixin.py:151} INFO - [2023-11-04T16:40:37.484+0000] {dag.py:2941} INFO - Sync 1 DAGs
[2023-11-04T16:40:37.508+0000] {logging_mixin.py:151} INFO - [2023-11-04T16:40:37.508+0000] {dag.py:3722} INFO - Setting next_dagrun for example_params_trigger_ui to None, run_after=None
[2023-11-04T16:40:37.537+0000] {processor.py:179} INFO - Processing /home/airflow/.local/lib/python3.8/site-packages/airflow/example_dags/example_params_trigger_ui.py took 0.177 seconds
[2023-11-04T16:41:07.677+0000] {processor.py:157} INFO - Started process (PID=8383) to work on /home/airflow/.local/lib/python3.8/site-packages/airflow/example_dags/example_params_trigger_ui.py
[2023-11-04T16:41:07.679+0000] {processor.py:829} INFO - Processing file /home/airflow/.local/lib/python3.8/site-packages/airflow/example_dags/example_params_trigger_ui.py for tasks to queue
[2023-11-04T16:41:07.680+0000] {logging_mixin.py:151} INFO - [2023-11-04T16:41:07.680+0000] {dagbag.py:536} INFO - Filling up the DagBag from /home/airflow/.local/lib/python3.8/site-packages/airflow/example_dags/example_params_trigger_ui.py
[2023-11-04T16:41:07.707+0000] {processor.py:839} INFO - DAG(s) dict_keys(['example_params_trigger_ui']) retrieved from /home/airflow/.local/lib/python3.8/site-packages/airflow/example_dags/example_params_trigger_ui.py
[2023-11-04T16:41:07.790+0000] {logging_mixin.py:151} INFO - [2023-11-04T16:41:07.790+0000] {dag.py:2941} INFO - Sync 1 DAGs
[2023-11-04T16:41:07.816+0000] {logging_mixin.py:151} INFO - [2023-11-04T16:41:07.815+0000] {dag.py:3722} INFO - Setting next_dagrun for example_params_trigger_ui to None, run_after=None
[2023-11-04T16:41:07.847+0000] {processor.py:179} INFO - Processing /home/airflow/.local/lib/python3.8/site-packages/airflow/example_dags/example_params_trigger_ui.py took 0.175 seconds
[2023-11-04T16:41:38.445+0000] {processor.py:157} INFO - Started process (PID=8623) to work on /home/airflow/.local/lib/python3.8/site-packages/airflow/example_dags/example_params_trigger_ui.py
[2023-11-04T16:41:38.446+0000] {processor.py:829} INFO - Processing file /home/airflow/.local/lib/python3.8/site-packages/airflow/example_dags/example_params_trigger_ui.py for tasks to queue
[2023-11-04T16:41:38.448+0000] {logging_mixin.py:151} INFO - [2023-11-04T16:41:38.447+0000] {dagbag.py:536} INFO - Filling up the DagBag from /home/airflow/.local/lib/python3.8/site-packages/airflow/example_dags/example_params_trigger_ui.py
[2023-11-04T16:41:38.475+0000] {processor.py:839} INFO - DAG(s) dict_keys(['example_params_trigger_ui']) retrieved from /home/airflow/.local/lib/python3.8/site-packages/airflow/example_dags/example_params_trigger_ui.py
[2023-11-04T16:41:38.568+0000] {logging_mixin.py:151} INFO - [2023-11-04T16:41:38.567+0000] {dag.py:2941} INFO - Sync 1 DAGs
[2023-11-04T16:41:38.587+0000] {logging_mixin.py:151} INFO - [2023-11-04T16:41:38.587+0000] {dag.py:3722} INFO - Setting next_dagrun for example_params_trigger_ui to None, run_after=None
[2023-11-04T16:41:38.617+0000] {processor.py:179} INFO - Processing /home/airflow/.local/lib/python3.8/site-packages/airflow/example_dags/example_params_trigger_ui.py took 0.178 seconds
[2023-11-04T16:42:08.989+0000] {processor.py:157} INFO - Started process (PID=8859) to work on /home/airflow/.local/lib/python3.8/site-packages/airflow/example_dags/example_params_trigger_ui.py
[2023-11-04T16:42:08.991+0000] {processor.py:829} INFO - Processing file /home/airflow/.local/lib/python3.8/site-packages/airflow/example_dags/example_params_trigger_ui.py for tasks to queue
[2023-11-04T16:42:08.993+0000] {logging_mixin.py:151} INFO - [2023-11-04T16:42:08.992+0000] {dagbag.py:536} INFO - Filling up the DagBag from /home/airflow/.local/lib/python3.8/site-packages/airflow/example_dags/example_params_trigger_ui.py
[2023-11-04T16:42:09.022+0000] {processor.py:839} INFO - DAG(s) dict_keys(['example_params_trigger_ui']) retrieved from /home/airflow/.local/lib/python3.8/site-packages/airflow/example_dags/example_params_trigger_ui.py
[2023-11-04T16:42:09.109+0000] {logging_mixin.py:151} INFO - [2023-11-04T16:42:09.108+0000] {dag.py:2941} INFO - Sync 1 DAGs
[2023-11-04T16:42:09.128+0000] {logging_mixin.py:151} INFO - [2023-11-04T16:42:09.128+0000] {dag.py:3722} INFO - Setting next_dagrun for example_params_trigger_ui to None, run_after=None
[2023-11-04T16:42:09.321+0000] {processor.py:179} INFO - Processing /home/airflow/.local/lib/python3.8/site-packages/airflow/example_dags/example_params_trigger_ui.py took 0.337 seconds
[2023-11-04T17:13:29.862+0000] {processor.py:157} INFO - Started process (PID=282) to work on /home/airflow/.local/lib/python3.8/site-packages/airflow/example_dags/example_params_trigger_ui.py
[2023-11-04T17:13:29.864+0000] {processor.py:829} INFO - Processing file /home/airflow/.local/lib/python3.8/site-packages/airflow/example_dags/example_params_trigger_ui.py for tasks to queue
[2023-11-04T17:13:29.866+0000] {logging_mixin.py:151} INFO - [2023-11-04T17:13:29.865+0000] {dagbag.py:536} INFO - Filling up the DagBag from /home/airflow/.local/lib/python3.8/site-packages/airflow/example_dags/example_params_trigger_ui.py
[2023-11-04T17:13:29.896+0000] {processor.py:839} INFO - DAG(s) dict_keys(['example_params_trigger_ui']) retrieved from /home/airflow/.local/lib/python3.8/site-packages/airflow/example_dags/example_params_trigger_ui.py
[2023-11-04T17:13:30.010+0000] {logging_mixin.py:151} INFO - [2023-11-04T17:13:30.010+0000] {dag.py:2941} INFO - Sync 1 DAGs
[2023-11-04T17:13:30.033+0000] {logging_mixin.py:151} INFO - [2023-11-04T17:13:30.033+0000] {dag.py:3722} INFO - Setting next_dagrun for example_params_trigger_ui to None, run_after=None
[2023-11-04T17:13:30.067+0000] {processor.py:179} INFO - Processing /home/airflow/.local/lib/python3.8/site-packages/airflow/example_dags/example_params_trigger_ui.py took 0.211 seconds
[2023-11-04T17:14:00.193+0000] {processor.py:157} INFO - Started process (PID=520) to work on /home/airflow/.local/lib/python3.8/site-packages/airflow/example_dags/example_params_trigger_ui.py
[2023-11-04T17:14:00.197+0000] {processor.py:829} INFO - Processing file /home/airflow/.local/lib/python3.8/site-packages/airflow/example_dags/example_params_trigger_ui.py for tasks to queue
[2023-11-04T17:14:00.199+0000] {logging_mixin.py:151} INFO - [2023-11-04T17:14:00.198+0000] {dagbag.py:536} INFO - Filling up the DagBag from /home/airflow/.local/lib/python3.8/site-packages/airflow/example_dags/example_params_trigger_ui.py
[2023-11-04T17:14:00.230+0000] {processor.py:839} INFO - DAG(s) dict_keys(['example_params_trigger_ui']) retrieved from /home/airflow/.local/lib/python3.8/site-packages/airflow/example_dags/example_params_trigger_ui.py
[2023-11-04T17:14:00.256+0000] {logging_mixin.py:151} INFO - [2023-11-04T17:14:00.256+0000] {dag.py:2941} INFO - Sync 1 DAGs
[2023-11-04T17:14:00.277+0000] {logging_mixin.py:151} INFO - [2023-11-04T17:14:00.277+0000] {dag.py:3722} INFO - Setting next_dagrun for example_params_trigger_ui to None, run_after=None
[2023-11-04T17:14:00.315+0000] {processor.py:179} INFO - Processing /home/airflow/.local/lib/python3.8/site-packages/airflow/example_dags/example_params_trigger_ui.py took 0.129 seconds
[2023-11-04T17:14:30.381+0000] {processor.py:157} INFO - Started process (PID=758) to work on /home/airflow/.local/lib/python3.8/site-packages/airflow/example_dags/example_params_trigger_ui.py
[2023-11-04T17:14:30.382+0000] {processor.py:829} INFO - Processing file /home/airflow/.local/lib/python3.8/site-packages/airflow/example_dags/example_params_trigger_ui.py for tasks to queue
[2023-11-04T17:14:30.384+0000] {logging_mixin.py:151} INFO - [2023-11-04T17:14:30.384+0000] {dagbag.py:536} INFO - Filling up the DagBag from /home/airflow/.local/lib/python3.8/site-packages/airflow/example_dags/example_params_trigger_ui.py
[2023-11-04T17:14:30.411+0000] {processor.py:839} INFO - DAG(s) dict_keys(['example_params_trigger_ui']) retrieved from /home/airflow/.local/lib/python3.8/site-packages/airflow/example_dags/example_params_trigger_ui.py
[2023-11-04T17:14:30.430+0000] {logging_mixin.py:151} INFO - [2023-11-04T17:14:30.429+0000] {dag.py:2941} INFO - Sync 1 DAGs
[2023-11-04T17:14:30.451+0000] {logging_mixin.py:151} INFO - [2023-11-04T17:14:30.451+0000] {dag.py:3722} INFO - Setting next_dagrun for example_params_trigger_ui to None, run_after=None
[2023-11-04T17:14:30.481+0000] {processor.py:179} INFO - Processing /home/airflow/.local/lib/python3.8/site-packages/airflow/example_dags/example_params_trigger_ui.py took 0.105 seconds
[2023-11-04T17:15:00.908+0000] {processor.py:157} INFO - Started process (PID=996) to work on /home/airflow/.local/lib/python3.8/site-packages/airflow/example_dags/example_params_trigger_ui.py
[2023-11-04T17:15:00.910+0000] {processor.py:829} INFO - Processing file /home/airflow/.local/lib/python3.8/site-packages/airflow/example_dags/example_params_trigger_ui.py for tasks to queue
[2023-11-04T17:15:00.912+0000] {logging_mixin.py:151} INFO - [2023-11-04T17:15:00.912+0000] {dagbag.py:536} INFO - Filling up the DagBag from /home/airflow/.local/lib/python3.8/site-packages/airflow/example_dags/example_params_trigger_ui.py
[2023-11-04T17:15:00.944+0000] {processor.py:839} INFO - DAG(s) dict_keys(['example_params_trigger_ui']) retrieved from /home/airflow/.local/lib/python3.8/site-packages/airflow/example_dags/example_params_trigger_ui.py
[2023-11-04T17:15:01.037+0000] {logging_mixin.py:151} INFO - [2023-11-04T17:15:01.036+0000] {dag.py:2941} INFO - Sync 1 DAGs
[2023-11-04T17:15:01.058+0000] {logging_mixin.py:151} INFO - [2023-11-04T17:15:01.058+0000] {dag.py:3722} INFO - Setting next_dagrun for example_params_trigger_ui to None, run_after=None
[2023-11-04T17:15:01.087+0000] {processor.py:179} INFO - Processing /home/airflow/.local/lib/python3.8/site-packages/airflow/example_dags/example_params_trigger_ui.py took 0.186 seconds
[2023-11-04T17:15:32.020+0000] {processor.py:157} INFO - Started process (PID=1234) to work on /home/airflow/.local/lib/python3.8/site-packages/airflow/example_dags/example_params_trigger_ui.py
[2023-11-04T17:15:32.021+0000] {processor.py:829} INFO - Processing file /home/airflow/.local/lib/python3.8/site-packages/airflow/example_dags/example_params_trigger_ui.py for tasks to queue
[2023-11-04T17:15:32.023+0000] {logging_mixin.py:151} INFO - [2023-11-04T17:15:32.023+0000] {dagbag.py:536} INFO - Filling up the DagBag from /home/airflow/.local/lib/python3.8/site-packages/airflow/example_dags/example_params_trigger_ui.py
[2023-11-04T17:15:32.052+0000] {processor.py:839} INFO - DAG(s) dict_keys(['example_params_trigger_ui']) retrieved from /home/airflow/.local/lib/python3.8/site-packages/airflow/example_dags/example_params_trigger_ui.py
[2023-11-04T17:15:32.134+0000] {logging_mixin.py:151} INFO - [2023-11-04T17:15:32.134+0000] {dag.py:2941} INFO - Sync 1 DAGs
[2023-11-04T17:15:32.154+0000] {logging_mixin.py:151} INFO - [2023-11-04T17:15:32.153+0000] {dag.py:3722} INFO - Setting next_dagrun for example_params_trigger_ui to None, run_after=None
[2023-11-04T17:15:32.182+0000] {processor.py:179} INFO - Processing /home/airflow/.local/lib/python3.8/site-packages/airflow/example_dags/example_params_trigger_ui.py took 0.168 seconds
[2023-11-04T17:16:02.977+0000] {processor.py:157} INFO - Started process (PID=1498) to work on /home/airflow/.local/lib/python3.8/site-packages/airflow/example_dags/example_params_trigger_ui.py
[2023-11-04T17:16:02.979+0000] {processor.py:829} INFO - Processing file /home/airflow/.local/lib/python3.8/site-packages/airflow/example_dags/example_params_trigger_ui.py for tasks to queue
[2023-11-04T17:16:02.980+0000] {logging_mixin.py:151} INFO - [2023-11-04T17:16:02.979+0000] {dagbag.py:536} INFO - Filling up the DagBag from /home/airflow/.local/lib/python3.8/site-packages/airflow/example_dags/example_params_trigger_ui.py
[2023-11-04T17:16:03.011+0000] {processor.py:839} INFO - DAG(s) dict_keys(['example_params_trigger_ui']) retrieved from /home/airflow/.local/lib/python3.8/site-packages/airflow/example_dags/example_params_trigger_ui.py
[2023-11-04T17:16:03.110+0000] {logging_mixin.py:151} INFO - [2023-11-04T17:16:03.110+0000] {dag.py:2941} INFO - Sync 1 DAGs
[2023-11-04T17:16:03.135+0000] {logging_mixin.py:151} INFO - [2023-11-04T17:16:03.134+0000] {dag.py:3722} INFO - Setting next_dagrun for example_params_trigger_ui to None, run_after=None
[2023-11-04T17:16:03.166+0000] {processor.py:179} INFO - Processing /home/airflow/.local/lib/python3.8/site-packages/airflow/example_dags/example_params_trigger_ui.py took 0.195 seconds
[2023-11-04T17:16:33.532+0000] {processor.py:157} INFO - Started process (PID=1735) to work on /home/airflow/.local/lib/python3.8/site-packages/airflow/example_dags/example_params_trigger_ui.py
[2023-11-04T17:16:33.534+0000] {processor.py:829} INFO - Processing file /home/airflow/.local/lib/python3.8/site-packages/airflow/example_dags/example_params_trigger_ui.py for tasks to queue
[2023-11-04T17:16:33.535+0000] {logging_mixin.py:151} INFO - [2023-11-04T17:16:33.535+0000] {dagbag.py:536} INFO - Filling up the DagBag from /home/airflow/.local/lib/python3.8/site-packages/airflow/example_dags/example_params_trigger_ui.py
[2023-11-04T17:16:33.567+0000] {processor.py:839} INFO - DAG(s) dict_keys(['example_params_trigger_ui']) retrieved from /home/airflow/.local/lib/python3.8/site-packages/airflow/example_dags/example_params_trigger_ui.py
[2023-11-04T17:16:33.650+0000] {logging_mixin.py:151} INFO - [2023-11-04T17:16:33.650+0000] {dag.py:2941} INFO - Sync 1 DAGs
[2023-11-04T17:16:33.669+0000] {logging_mixin.py:151} INFO - [2023-11-04T17:16:33.668+0000] {dag.py:3722} INFO - Setting next_dagrun for example_params_trigger_ui to None, run_after=None
[2023-11-04T17:16:33.703+0000] {processor.py:179} INFO - Processing /home/airflow/.local/lib/python3.8/site-packages/airflow/example_dags/example_params_trigger_ui.py took 0.176 seconds
[2023-11-04T17:17:04.269+0000] {processor.py:157} INFO - Started process (PID=1975) to work on /home/airflow/.local/lib/python3.8/site-packages/airflow/example_dags/example_params_trigger_ui.py
[2023-11-04T17:17:04.270+0000] {processor.py:829} INFO - Processing file /home/airflow/.local/lib/python3.8/site-packages/airflow/example_dags/example_params_trigger_ui.py for tasks to queue
[2023-11-04T17:17:04.272+0000] {logging_mixin.py:151} INFO - [2023-11-04T17:17:04.272+0000] {dagbag.py:536} INFO - Filling up the DagBag from /home/airflow/.local/lib/python3.8/site-packages/airflow/example_dags/example_params_trigger_ui.py
[2023-11-04T17:17:04.308+0000] {processor.py:839} INFO - DAG(s) dict_keys(['example_params_trigger_ui']) retrieved from /home/airflow/.local/lib/python3.8/site-packages/airflow/example_dags/example_params_trigger_ui.py
[2023-11-04T17:17:04.400+0000] {logging_mixin.py:151} INFO - [2023-11-04T17:17:04.400+0000] {dag.py:2941} INFO - Sync 1 DAGs
[2023-11-04T17:17:04.419+0000] {logging_mixin.py:151} INFO - [2023-11-04T17:17:04.418+0000] {dag.py:3722} INFO - Setting next_dagrun for example_params_trigger_ui to None, run_after=None
[2023-11-04T17:17:04.445+0000] {processor.py:179} INFO - Processing /home/airflow/.local/lib/python3.8/site-packages/airflow/example_dags/example_params_trigger_ui.py took 0.184 seconds
[2023-11-04T17:17:34.657+0000] {processor.py:157} INFO - Started process (PID=2213) to work on /home/airflow/.local/lib/python3.8/site-packages/airflow/example_dags/example_params_trigger_ui.py
[2023-11-04T17:17:34.659+0000] {processor.py:829} INFO - Processing file /home/airflow/.local/lib/python3.8/site-packages/airflow/example_dags/example_params_trigger_ui.py for tasks to queue
[2023-11-04T17:17:34.661+0000] {logging_mixin.py:151} INFO - [2023-11-04T17:17:34.660+0000] {dagbag.py:536} INFO - Filling up the DagBag from /home/airflow/.local/lib/python3.8/site-packages/airflow/example_dags/example_params_trigger_ui.py
[2023-11-04T17:17:34.697+0000] {processor.py:839} INFO - DAG(s) dict_keys(['example_params_trigger_ui']) retrieved from /home/airflow/.local/lib/python3.8/site-packages/airflow/example_dags/example_params_trigger_ui.py
[2023-11-04T17:17:34.785+0000] {logging_mixin.py:151} INFO - [2023-11-04T17:17:34.785+0000] {dag.py:2941} INFO - Sync 1 DAGs
[2023-11-04T17:17:34.807+0000] {logging_mixin.py:151} INFO - [2023-11-04T17:17:34.806+0000] {dag.py:3722} INFO - Setting next_dagrun for example_params_trigger_ui to None, run_after=None
[2023-11-04T17:17:34.837+0000] {processor.py:179} INFO - Processing /home/airflow/.local/lib/python3.8/site-packages/airflow/example_dags/example_params_trigger_ui.py took 0.185 seconds
[2023-11-04T17:18:04.898+0000] {processor.py:157} INFO - Started process (PID=2451) to work on /home/airflow/.local/lib/python3.8/site-packages/airflow/example_dags/example_params_trigger_ui.py
[2023-11-04T17:18:04.899+0000] {processor.py:829} INFO - Processing file /home/airflow/.local/lib/python3.8/site-packages/airflow/example_dags/example_params_trigger_ui.py for tasks to queue
[2023-11-04T17:18:04.901+0000] {logging_mixin.py:151} INFO - [2023-11-04T17:18:04.901+0000] {dagbag.py:536} INFO - Filling up the DagBag from /home/airflow/.local/lib/python3.8/site-packages/airflow/example_dags/example_params_trigger_ui.py
[2023-11-04T17:18:04.928+0000] {processor.py:839} INFO - DAG(s) dict_keys(['example_params_trigger_ui']) retrieved from /home/airflow/.local/lib/python3.8/site-packages/airflow/example_dags/example_params_trigger_ui.py
[2023-11-04T17:18:05.010+0000] {logging_mixin.py:151} INFO - [2023-11-04T17:18:05.010+0000] {dag.py:2941} INFO - Sync 1 DAGs
[2023-11-04T17:18:05.035+0000] {logging_mixin.py:151} INFO - [2023-11-04T17:18:05.035+0000] {dag.py:3722} INFO - Setting next_dagrun for example_params_trigger_ui to None, run_after=None
[2023-11-04T17:18:05.071+0000] {processor.py:179} INFO - Processing /home/airflow/.local/lib/python3.8/site-packages/airflow/example_dags/example_params_trigger_ui.py took 0.178 seconds
[2023-11-04T17:18:35.555+0000] {processor.py:157} INFO - Started process (PID=2694) to work on /home/airflow/.local/lib/python3.8/site-packages/airflow/example_dags/example_params_trigger_ui.py
[2023-11-04T17:18:35.557+0000] {processor.py:829} INFO - Processing file /home/airflow/.local/lib/python3.8/site-packages/airflow/example_dags/example_params_trigger_ui.py for tasks to queue
[2023-11-04T17:18:35.559+0000] {logging_mixin.py:151} INFO - [2023-11-04T17:18:35.558+0000] {dagbag.py:536} INFO - Filling up the DagBag from /home/airflow/.local/lib/python3.8/site-packages/airflow/example_dags/example_params_trigger_ui.py
[2023-11-04T17:18:35.590+0000] {processor.py:839} INFO - DAG(s) dict_keys(['example_params_trigger_ui']) retrieved from /home/airflow/.local/lib/python3.8/site-packages/airflow/example_dags/example_params_trigger_ui.py
[2023-11-04T17:18:35.680+0000] {logging_mixin.py:151} INFO - [2023-11-04T17:18:35.680+0000] {dag.py:2941} INFO - Sync 1 DAGs
[2023-11-04T17:18:35.699+0000] {logging_mixin.py:151} INFO - [2023-11-04T17:18:35.699+0000] {dag.py:3722} INFO - Setting next_dagrun for example_params_trigger_ui to None, run_after=None
[2023-11-04T17:18:35.729+0000] {processor.py:179} INFO - Processing /home/airflow/.local/lib/python3.8/site-packages/airflow/example_dags/example_params_trigger_ui.py took 0.179 seconds
[2023-11-04T17:19:05.783+0000] {processor.py:157} INFO - Started process (PID=2932) to work on /home/airflow/.local/lib/python3.8/site-packages/airflow/example_dags/example_params_trigger_ui.py
[2023-11-04T17:19:05.785+0000] {processor.py:829} INFO - Processing file /home/airflow/.local/lib/python3.8/site-packages/airflow/example_dags/example_params_trigger_ui.py for tasks to queue
[2023-11-04T17:19:05.788+0000] {logging_mixin.py:151} INFO - [2023-11-04T17:19:05.787+0000] {dagbag.py:536} INFO - Filling up the DagBag from /home/airflow/.local/lib/python3.8/site-packages/airflow/example_dags/example_params_trigger_ui.py
[2023-11-04T17:19:05.818+0000] {processor.py:839} INFO - DAG(s) dict_keys(['example_params_trigger_ui']) retrieved from /home/airflow/.local/lib/python3.8/site-packages/airflow/example_dags/example_params_trigger_ui.py
[2023-11-04T17:19:05.914+0000] {logging_mixin.py:151} INFO - [2023-11-04T17:19:05.913+0000] {dag.py:2941} INFO - Sync 1 DAGs
[2023-11-04T17:19:05.935+0000] {logging_mixin.py:151} INFO - [2023-11-04T17:19:05.934+0000] {dag.py:3722} INFO - Setting next_dagrun for example_params_trigger_ui to None, run_after=None
[2023-11-04T17:19:05.964+0000] {processor.py:179} INFO - Processing /home/airflow/.local/lib/python3.8/site-packages/airflow/example_dags/example_params_trigger_ui.py took 0.187 seconds
[2023-11-04T17:19:36.212+0000] {processor.py:157} INFO - Started process (PID=3170) to work on /home/airflow/.local/lib/python3.8/site-packages/airflow/example_dags/example_params_trigger_ui.py
[2023-11-04T17:19:36.213+0000] {processor.py:829} INFO - Processing file /home/airflow/.local/lib/python3.8/site-packages/airflow/example_dags/example_params_trigger_ui.py for tasks to queue
[2023-11-04T17:19:36.215+0000] {logging_mixin.py:151} INFO - [2023-11-04T17:19:36.215+0000] {dagbag.py:536} INFO - Filling up the DagBag from /home/airflow/.local/lib/python3.8/site-packages/airflow/example_dags/example_params_trigger_ui.py
[2023-11-04T17:19:36.245+0000] {processor.py:839} INFO - DAG(s) dict_keys(['example_params_trigger_ui']) retrieved from /home/airflow/.local/lib/python3.8/site-packages/airflow/example_dags/example_params_trigger_ui.py
[2023-11-04T17:19:36.328+0000] {logging_mixin.py:151} INFO - [2023-11-04T17:19:36.328+0000] {dag.py:2941} INFO - Sync 1 DAGs
[2023-11-04T17:19:36.348+0000] {logging_mixin.py:151} INFO - [2023-11-04T17:19:36.347+0000] {dag.py:3722} INFO - Setting next_dagrun for example_params_trigger_ui to None, run_after=None
[2023-11-04T17:19:36.377+0000] {processor.py:179} INFO - Processing /home/airflow/.local/lib/python3.8/site-packages/airflow/example_dags/example_params_trigger_ui.py took 0.170 seconds
[2023-11-04T17:20:06.943+0000] {processor.py:157} INFO - Started process (PID=3410) to work on /home/airflow/.local/lib/python3.8/site-packages/airflow/example_dags/example_params_trigger_ui.py
[2023-11-04T17:20:06.945+0000] {processor.py:829} INFO - Processing file /home/airflow/.local/lib/python3.8/site-packages/airflow/example_dags/example_params_trigger_ui.py for tasks to queue
[2023-11-04T17:20:06.947+0000] {logging_mixin.py:151} INFO - [2023-11-04T17:20:06.946+0000] {dagbag.py:536} INFO - Filling up the DagBag from /home/airflow/.local/lib/python3.8/site-packages/airflow/example_dags/example_params_trigger_ui.py
[2023-11-04T17:20:06.973+0000] {processor.py:839} INFO - DAG(s) dict_keys(['example_params_trigger_ui']) retrieved from /home/airflow/.local/lib/python3.8/site-packages/airflow/example_dags/example_params_trigger_ui.py
[2023-11-04T17:20:07.052+0000] {logging_mixin.py:151} INFO - [2023-11-04T17:20:07.052+0000] {dag.py:2941} INFO - Sync 1 DAGs
[2023-11-04T17:20:07.071+0000] {logging_mixin.py:151} INFO - [2023-11-04T17:20:07.070+0000] {dag.py:3722} INFO - Setting next_dagrun for example_params_trigger_ui to None, run_after=None
[2023-11-04T17:20:07.100+0000] {processor.py:179} INFO - Processing /home/airflow/.local/lib/python3.8/site-packages/airflow/example_dags/example_params_trigger_ui.py took 0.162 seconds
[2023-11-04T17:20:37.356+0000] {processor.py:157} INFO - Started process (PID=3646) to work on /home/airflow/.local/lib/python3.8/site-packages/airflow/example_dags/example_params_trigger_ui.py
[2023-11-04T17:20:37.358+0000] {processor.py:829} INFO - Processing file /home/airflow/.local/lib/python3.8/site-packages/airflow/example_dags/example_params_trigger_ui.py for tasks to queue
[2023-11-04T17:20:37.360+0000] {logging_mixin.py:151} INFO - [2023-11-04T17:20:37.359+0000] {dagbag.py:536} INFO - Filling up the DagBag from /home/airflow/.local/lib/python3.8/site-packages/airflow/example_dags/example_params_trigger_ui.py
[2023-11-04T17:20:37.388+0000] {processor.py:839} INFO - DAG(s) dict_keys(['example_params_trigger_ui']) retrieved from /home/airflow/.local/lib/python3.8/site-packages/airflow/example_dags/example_params_trigger_ui.py
[2023-11-04T17:20:37.477+0000] {logging_mixin.py:151} INFO - [2023-11-04T17:20:37.476+0000] {dag.py:2941} INFO - Sync 1 DAGs
[2023-11-04T17:20:37.496+0000] {logging_mixin.py:151} INFO - [2023-11-04T17:20:37.496+0000] {dag.py:3722} INFO - Setting next_dagrun for example_params_trigger_ui to None, run_after=None
[2023-11-04T17:20:37.524+0000] {processor.py:179} INFO - Processing /home/airflow/.local/lib/python3.8/site-packages/airflow/example_dags/example_params_trigger_ui.py took 0.173 seconds
[2023-11-04T17:21:08.515+0000] {processor.py:157} INFO - Started process (PID=3894) to work on /home/airflow/.local/lib/python3.8/site-packages/airflow/example_dags/example_params_trigger_ui.py
[2023-11-04T17:21:08.521+0000] {processor.py:829} INFO - Processing file /home/airflow/.local/lib/python3.8/site-packages/airflow/example_dags/example_params_trigger_ui.py for tasks to queue
[2023-11-04T17:21:08.522+0000] {logging_mixin.py:151} INFO - [2023-11-04T17:21:08.522+0000] {dagbag.py:536} INFO - Filling up the DagBag from /home/airflow/.local/lib/python3.8/site-packages/airflow/example_dags/example_params_trigger_ui.py
[2023-11-04T17:21:08.584+0000] {processor.py:839} INFO - DAG(s) dict_keys(['example_params_trigger_ui']) retrieved from /home/airflow/.local/lib/python3.8/site-packages/airflow/example_dags/example_params_trigger_ui.py
[2023-11-04T17:21:08.743+0000] {logging_mixin.py:151} INFO - [2023-11-04T17:21:08.743+0000] {dag.py:2941} INFO - Sync 1 DAGs
[2023-11-04T17:21:08.779+0000] {logging_mixin.py:151} INFO - [2023-11-04T17:21:08.779+0000] {dag.py:3722} INFO - Setting next_dagrun for example_params_trigger_ui to None, run_after=None
[2023-11-04T17:21:08.841+0000] {processor.py:179} INFO - Processing /home/airflow/.local/lib/python3.8/site-packages/airflow/example_dags/example_params_trigger_ui.py took 0.338 seconds
[2023-11-04T17:21:39.758+0000] {processor.py:157} INFO - Started process (PID=4172) to work on /home/airflow/.local/lib/python3.8/site-packages/airflow/example_dags/example_params_trigger_ui.py
[2023-11-04T17:21:39.760+0000] {processor.py:829} INFO - Processing file /home/airflow/.local/lib/python3.8/site-packages/airflow/example_dags/example_params_trigger_ui.py for tasks to queue
[2023-11-04T17:21:39.762+0000] {logging_mixin.py:151} INFO - [2023-11-04T17:21:39.761+0000] {dagbag.py:536} INFO - Filling up the DagBag from /home/airflow/.local/lib/python3.8/site-packages/airflow/example_dags/example_params_trigger_ui.py
[2023-11-04T17:21:39.812+0000] {processor.py:839} INFO - DAG(s) dict_keys(['example_params_trigger_ui']) retrieved from /home/airflow/.local/lib/python3.8/site-packages/airflow/example_dags/example_params_trigger_ui.py
[2023-11-04T17:21:39.966+0000] {logging_mixin.py:151} INFO - [2023-11-04T17:21:39.966+0000] {dag.py:2941} INFO - Sync 1 DAGs
[2023-11-04T17:21:39.997+0000] {logging_mixin.py:151} INFO - [2023-11-04T17:21:39.997+0000] {dag.py:3722} INFO - Setting next_dagrun for example_params_trigger_ui to None, run_after=None
[2023-11-04T17:21:40.045+0000] {processor.py:179} INFO - Processing /home/airflow/.local/lib/python3.8/site-packages/airflow/example_dags/example_params_trigger_ui.py took 0.297 seconds
[2023-11-04T17:22:10.580+0000] {processor.py:157} INFO - Started process (PID=4420) to work on /home/airflow/.local/lib/python3.8/site-packages/airflow/example_dags/example_params_trigger_ui.py
[2023-11-04T17:22:10.582+0000] {processor.py:829} INFO - Processing file /home/airflow/.local/lib/python3.8/site-packages/airflow/example_dags/example_params_trigger_ui.py for tasks to queue
[2023-11-04T17:22:10.583+0000] {logging_mixin.py:151} INFO - [2023-11-04T17:22:10.583+0000] {dagbag.py:536} INFO - Filling up the DagBag from /home/airflow/.local/lib/python3.8/site-packages/airflow/example_dags/example_params_trigger_ui.py
[2023-11-04T17:22:10.620+0000] {processor.py:839} INFO - DAG(s) dict_keys(['example_params_trigger_ui']) retrieved from /home/airflow/.local/lib/python3.8/site-packages/airflow/example_dags/example_params_trigger_ui.py
[2023-11-04T17:22:10.755+0000] {logging_mixin.py:151} INFO - [2023-11-04T17:22:10.755+0000] {dag.py:2941} INFO - Sync 1 DAGs
[2023-11-04T17:22:10.788+0000] {logging_mixin.py:151} INFO - [2023-11-04T17:22:10.787+0000] {dag.py:3722} INFO - Setting next_dagrun for example_params_trigger_ui to None, run_after=None
[2023-11-04T17:22:10.830+0000] {processor.py:179} INFO - Processing /home/airflow/.local/lib/python3.8/site-packages/airflow/example_dags/example_params_trigger_ui.py took 0.257 seconds
[2023-11-04T17:22:40.987+0000] {processor.py:157} INFO - Started process (PID=4651) to work on /home/airflow/.local/lib/python3.8/site-packages/airflow/example_dags/example_params_trigger_ui.py
[2023-11-04T17:22:40.990+0000] {processor.py:829} INFO - Processing file /home/airflow/.local/lib/python3.8/site-packages/airflow/example_dags/example_params_trigger_ui.py for tasks to queue
[2023-11-04T17:22:40.991+0000] {logging_mixin.py:151} INFO - [2023-11-04T17:22:40.991+0000] {dagbag.py:536} INFO - Filling up the DagBag from /home/airflow/.local/lib/python3.8/site-packages/airflow/example_dags/example_params_trigger_ui.py
[2023-11-04T17:22:41.039+0000] {processor.py:839} INFO - DAG(s) dict_keys(['example_params_trigger_ui']) retrieved from /home/airflow/.local/lib/python3.8/site-packages/airflow/example_dags/example_params_trigger_ui.py
[2023-11-04T17:22:41.170+0000] {logging_mixin.py:151} INFO - [2023-11-04T17:22:41.170+0000] {dag.py:2941} INFO - Sync 1 DAGs
[2023-11-04T17:22:41.201+0000] {logging_mixin.py:151} INFO - [2023-11-04T17:22:41.200+0000] {dag.py:3722} INFO - Setting next_dagrun for example_params_trigger_ui to None, run_after=None
[2023-11-04T17:22:41.241+0000] {processor.py:179} INFO - Processing /home/airflow/.local/lib/python3.8/site-packages/airflow/example_dags/example_params_trigger_ui.py took 0.262 seconds
