[2023-11-04T16:23:45.221+0000] {processor.py:157} INFO - Started process (PID=213) to work on /home/airflow/.local/lib/python3.8/site-packages/airflow/example_dags/example_sensor_decorator.py
[2023-11-04T16:23:45.222+0000] {processor.py:829} INFO - Processing file /home/airflow/.local/lib/python3.8/site-packages/airflow/example_dags/example_sensor_decorator.py for tasks to queue
[2023-11-04T16:23:45.225+0000] {logging_mixin.py:151} INFO - [2023-11-04T16:23:45.224+0000] {dagbag.py:536} INFO - Filling up the DagBag from /home/airflow/.local/lib/python3.8/site-packages/airflow/example_dags/example_sensor_decorator.py
[2023-11-04T16:23:45.239+0000] {processor.py:839} INFO - DAG(s) dict_keys(['example_sensor_decorator']) retrieved from /home/airflow/.local/lib/python3.8/site-packages/airflow/example_dags/example_sensor_decorator.py
[2023-11-04T16:23:45.258+0000] {logging_mixin.py:151} INFO - [2023-11-04T16:23:45.258+0000] {dag.py:2941} INFO - Sync 1 DAGs
[2023-11-04T16:23:45.280+0000] {logging_mixin.py:151} INFO - [2023-11-04T16:23:45.280+0000] {dag.py:3722} INFO - Setting next_dagrun for example_sensor_decorator to None, run_after=None
[2023-11-04T16:23:45.311+0000] {processor.py:179} INFO - Processing /home/airflow/.local/lib/python3.8/site-packages/airflow/example_dags/example_sensor_decorator.py took 0.095 seconds
[2023-11-04T16:24:15.764+0000] {processor.py:157} INFO - Started process (PID=451) to work on /home/airflow/.local/lib/python3.8/site-packages/airflow/example_dags/example_sensor_decorator.py
[2023-11-04T16:24:15.766+0000] {processor.py:829} INFO - Processing file /home/airflow/.local/lib/python3.8/site-packages/airflow/example_dags/example_sensor_decorator.py for tasks to queue
[2023-11-04T16:24:15.767+0000] {logging_mixin.py:151} INFO - [2023-11-04T16:24:15.767+0000] {dagbag.py:536} INFO - Filling up the DagBag from /home/airflow/.local/lib/python3.8/site-packages/airflow/example_dags/example_sensor_decorator.py
[2023-11-04T16:24:15.776+0000] {processor.py:839} INFO - DAG(s) dict_keys(['example_sensor_decorator']) retrieved from /home/airflow/.local/lib/python3.8/site-packages/airflow/example_dags/example_sensor_decorator.py
[2023-11-04T16:24:15.808+0000] {logging_mixin.py:151} INFO - [2023-11-04T16:24:15.807+0000] {dag.py:2941} INFO - Sync 1 DAGs
[2023-11-04T16:24:15.828+0000] {logging_mixin.py:151} INFO - [2023-11-04T16:24:15.828+0000] {dag.py:3722} INFO - Setting next_dagrun for example_sensor_decorator to None, run_after=None
[2023-11-04T16:24:15.858+0000] {processor.py:179} INFO - Processing /home/airflow/.local/lib/python3.8/site-packages/airflow/example_dags/example_sensor_decorator.py took 0.099 seconds
[2023-11-04T16:24:46.236+0000] {processor.py:157} INFO - Started process (PID=689) to work on /home/airflow/.local/lib/python3.8/site-packages/airflow/example_dags/example_sensor_decorator.py
[2023-11-04T16:24:46.239+0000] {processor.py:829} INFO - Processing file /home/airflow/.local/lib/python3.8/site-packages/airflow/example_dags/example_sensor_decorator.py for tasks to queue
[2023-11-04T16:24:46.241+0000] {logging_mixin.py:151} INFO - [2023-11-04T16:24:46.240+0000] {dagbag.py:536} INFO - Filling up the DagBag from /home/airflow/.local/lib/python3.8/site-packages/airflow/example_dags/example_sensor_decorator.py
[2023-11-04T16:24:46.252+0000] {processor.py:839} INFO - DAG(s) dict_keys(['example_sensor_decorator']) retrieved from /home/airflow/.local/lib/python3.8/site-packages/airflow/example_dags/example_sensor_decorator.py
[2023-11-04T16:24:46.291+0000] {logging_mixin.py:151} INFO - [2023-11-04T16:24:46.291+0000] {dag.py:2941} INFO - Sync 1 DAGs
[2023-11-04T16:24:46.315+0000] {logging_mixin.py:151} INFO - [2023-11-04T16:24:46.315+0000] {dag.py:3722} INFO - Setting next_dagrun for example_sensor_decorator to None, run_after=None
[2023-11-04T16:24:46.345+0000] {processor.py:179} INFO - Processing /home/airflow/.local/lib/python3.8/site-packages/airflow/example_dags/example_sensor_decorator.py took 0.114 seconds
[2023-11-04T16:25:16.601+0000] {processor.py:157} INFO - Started process (PID=927) to work on /home/airflow/.local/lib/python3.8/site-packages/airflow/example_dags/example_sensor_decorator.py
[2023-11-04T16:25:16.603+0000] {processor.py:829} INFO - Processing file /home/airflow/.local/lib/python3.8/site-packages/airflow/example_dags/example_sensor_decorator.py for tasks to queue
[2023-11-04T16:25:16.604+0000] {logging_mixin.py:151} INFO - [2023-11-04T16:25:16.604+0000] {dagbag.py:536} INFO - Filling up the DagBag from /home/airflow/.local/lib/python3.8/site-packages/airflow/example_dags/example_sensor_decorator.py
[2023-11-04T16:25:16.614+0000] {processor.py:839} INFO - DAG(s) dict_keys(['example_sensor_decorator']) retrieved from /home/airflow/.local/lib/python3.8/site-packages/airflow/example_dags/example_sensor_decorator.py
[2023-11-04T16:25:16.646+0000] {logging_mixin.py:151} INFO - [2023-11-04T16:25:16.645+0000] {dag.py:2941} INFO - Sync 1 DAGs
[2023-11-04T16:25:16.665+0000] {logging_mixin.py:151} INFO - [2023-11-04T16:25:16.665+0000] {dag.py:3722} INFO - Setting next_dagrun for example_sensor_decorator to None, run_after=None
[2023-11-04T16:25:16.698+0000] {processor.py:179} INFO - Processing /home/airflow/.local/lib/python3.8/site-packages/airflow/example_dags/example_sensor_decorator.py took 0.102 seconds
[2023-11-04T16:25:46.844+0000] {processor.py:157} INFO - Started process (PID=1160) to work on /home/airflow/.local/lib/python3.8/site-packages/airflow/example_dags/example_sensor_decorator.py
[2023-11-04T16:25:46.846+0000] {processor.py:829} INFO - Processing file /home/airflow/.local/lib/python3.8/site-packages/airflow/example_dags/example_sensor_decorator.py for tasks to queue
[2023-11-04T16:25:46.847+0000] {logging_mixin.py:151} INFO - [2023-11-04T16:25:46.847+0000] {dagbag.py:536} INFO - Filling up the DagBag from /home/airflow/.local/lib/python3.8/site-packages/airflow/example_dags/example_sensor_decorator.py
[2023-11-04T16:25:46.857+0000] {processor.py:839} INFO - DAG(s) dict_keys(['example_sensor_decorator']) retrieved from /home/airflow/.local/lib/python3.8/site-packages/airflow/example_dags/example_sensor_decorator.py
[2023-11-04T16:25:46.892+0000] {logging_mixin.py:151} INFO - [2023-11-04T16:25:46.892+0000] {dag.py:2941} INFO - Sync 1 DAGs
[2023-11-04T16:25:46.912+0000] {logging_mixin.py:151} INFO - [2023-11-04T16:25:46.912+0000] {dag.py:3722} INFO - Setting next_dagrun for example_sensor_decorator to None, run_after=None
[2023-11-04T16:25:46.943+0000] {processor.py:179} INFO - Processing /home/airflow/.local/lib/python3.8/site-packages/airflow/example_dags/example_sensor_decorator.py took 0.105 seconds
[2023-11-04T16:26:17.423+0000] {processor.py:157} INFO - Started process (PID=1398) to work on /home/airflow/.local/lib/python3.8/site-packages/airflow/example_dags/example_sensor_decorator.py
[2023-11-04T16:26:17.425+0000] {processor.py:829} INFO - Processing file /home/airflow/.local/lib/python3.8/site-packages/airflow/example_dags/example_sensor_decorator.py for tasks to queue
[2023-11-04T16:26:17.428+0000] {logging_mixin.py:151} INFO - [2023-11-04T16:26:17.427+0000] {dagbag.py:536} INFO - Filling up the DagBag from /home/airflow/.local/lib/python3.8/site-packages/airflow/example_dags/example_sensor_decorator.py
[2023-11-04T16:26:17.445+0000] {processor.py:839} INFO - DAG(s) dict_keys(['example_sensor_decorator']) retrieved from /home/airflow/.local/lib/python3.8/site-packages/airflow/example_dags/example_sensor_decorator.py
[2023-11-04T16:26:17.476+0000] {logging_mixin.py:151} INFO - [2023-11-04T16:26:17.475+0000] {dag.py:2941} INFO - Sync 1 DAGs
[2023-11-04T16:26:17.507+0000] {logging_mixin.py:151} INFO - [2023-11-04T16:26:17.506+0000] {dag.py:3722} INFO - Setting next_dagrun for example_sensor_decorator to None, run_after=None
[2023-11-04T16:26:17.548+0000] {processor.py:179} INFO - Processing /home/airflow/.local/lib/python3.8/site-packages/airflow/example_dags/example_sensor_decorator.py took 0.132 seconds
[2023-11-04T16:26:47.991+0000] {processor.py:157} INFO - Started process (PID=1641) to work on /home/airflow/.local/lib/python3.8/site-packages/airflow/example_dags/example_sensor_decorator.py
[2023-11-04T16:26:47.993+0000] {processor.py:829} INFO - Processing file /home/airflow/.local/lib/python3.8/site-packages/airflow/example_dags/example_sensor_decorator.py for tasks to queue
[2023-11-04T16:26:47.995+0000] {logging_mixin.py:151} INFO - [2023-11-04T16:26:47.994+0000] {dagbag.py:536} INFO - Filling up the DagBag from /home/airflow/.local/lib/python3.8/site-packages/airflow/example_dags/example_sensor_decorator.py
[2023-11-04T16:26:48.005+0000] {processor.py:839} INFO - DAG(s) dict_keys(['example_sensor_decorator']) retrieved from /home/airflow/.local/lib/python3.8/site-packages/airflow/example_dags/example_sensor_decorator.py
[2023-11-04T16:26:48.051+0000] {logging_mixin.py:151} INFO - [2023-11-04T16:26:48.051+0000] {dag.py:2941} INFO - Sync 1 DAGs
[2023-11-04T16:26:48.070+0000] {logging_mixin.py:151} INFO - [2023-11-04T16:26:48.070+0000] {dag.py:3722} INFO - Setting next_dagrun for example_sensor_decorator to None, run_after=None
[2023-11-04T16:26:48.099+0000] {processor.py:179} INFO - Processing /home/airflow/.local/lib/python3.8/site-packages/airflow/example_dags/example_sensor_decorator.py took 0.113 seconds
[2023-11-04T16:27:18.548+0000] {processor.py:157} INFO - Started process (PID=1879) to work on /home/airflow/.local/lib/python3.8/site-packages/airflow/example_dags/example_sensor_decorator.py
[2023-11-04T16:27:18.550+0000] {processor.py:829} INFO - Processing file /home/airflow/.local/lib/python3.8/site-packages/airflow/example_dags/example_sensor_decorator.py for tasks to queue
[2023-11-04T16:27:18.552+0000] {logging_mixin.py:151} INFO - [2023-11-04T16:27:18.551+0000] {dagbag.py:536} INFO - Filling up the DagBag from /home/airflow/.local/lib/python3.8/site-packages/airflow/example_dags/example_sensor_decorator.py
[2023-11-04T16:27:18.562+0000] {processor.py:839} INFO - DAG(s) dict_keys(['example_sensor_decorator']) retrieved from /home/airflow/.local/lib/python3.8/site-packages/airflow/example_dags/example_sensor_decorator.py
[2023-11-04T16:27:18.598+0000] {logging_mixin.py:151} INFO - [2023-11-04T16:27:18.597+0000] {dag.py:2941} INFO - Sync 1 DAGs
[2023-11-04T16:27:18.619+0000] {logging_mixin.py:151} INFO - [2023-11-04T16:27:18.618+0000] {dag.py:3722} INFO - Setting next_dagrun for example_sensor_decorator to None, run_after=None
[2023-11-04T16:27:18.650+0000] {processor.py:179} INFO - Processing /home/airflow/.local/lib/python3.8/site-packages/airflow/example_dags/example_sensor_decorator.py took 0.107 seconds
[2023-11-04T16:27:48.863+0000] {processor.py:157} INFO - Started process (PID=2118) to work on /home/airflow/.local/lib/python3.8/site-packages/airflow/example_dags/example_sensor_decorator.py
[2023-11-04T16:27:48.864+0000] {processor.py:829} INFO - Processing file /home/airflow/.local/lib/python3.8/site-packages/airflow/example_dags/example_sensor_decorator.py for tasks to queue
[2023-11-04T16:27:48.866+0000] {logging_mixin.py:151} INFO - [2023-11-04T16:27:48.865+0000] {dagbag.py:536} INFO - Filling up the DagBag from /home/airflow/.local/lib/python3.8/site-packages/airflow/example_dags/example_sensor_decorator.py
[2023-11-04T16:27:48.875+0000] {processor.py:839} INFO - DAG(s) dict_keys(['example_sensor_decorator']) retrieved from /home/airflow/.local/lib/python3.8/site-packages/airflow/example_dags/example_sensor_decorator.py
[2023-11-04T16:27:48.897+0000] {logging_mixin.py:151} INFO - [2023-11-04T16:27:48.897+0000] {dag.py:2941} INFO - Sync 1 DAGs
[2023-11-04T16:27:48.923+0000] {logging_mixin.py:151} INFO - [2023-11-04T16:27:48.922+0000] {dag.py:3722} INFO - Setting next_dagrun for example_sensor_decorator to None, run_after=None
[2023-11-04T16:27:48.956+0000] {processor.py:179} INFO - Processing /home/airflow/.local/lib/python3.8/site-packages/airflow/example_dags/example_sensor_decorator.py took 0.099 seconds
[2023-11-04T16:28:19.819+0000] {processor.py:157} INFO - Started process (PID=2351) to work on /home/airflow/.local/lib/python3.8/site-packages/airflow/example_dags/example_sensor_decorator.py
[2023-11-04T16:28:19.821+0000] {processor.py:829} INFO - Processing file /home/airflow/.local/lib/python3.8/site-packages/airflow/example_dags/example_sensor_decorator.py for tasks to queue
[2023-11-04T16:28:19.824+0000] {logging_mixin.py:151} INFO - [2023-11-04T16:28:19.823+0000] {dagbag.py:536} INFO - Filling up the DagBag from /home/airflow/.local/lib/python3.8/site-packages/airflow/example_dags/example_sensor_decorator.py
[2023-11-04T16:28:19.837+0000] {processor.py:839} INFO - DAG(s) dict_keys(['example_sensor_decorator']) retrieved from /home/airflow/.local/lib/python3.8/site-packages/airflow/example_dags/example_sensor_decorator.py
[2023-11-04T16:28:19.878+0000] {logging_mixin.py:151} INFO - [2023-11-04T16:28:19.878+0000] {dag.py:2941} INFO - Sync 1 DAGs
[2023-11-04T16:28:19.901+0000] {logging_mixin.py:151} INFO - [2023-11-04T16:28:19.901+0000] {dag.py:3722} INFO - Setting next_dagrun for example_sensor_decorator to None, run_after=None
[2023-11-04T16:28:19.932+0000] {processor.py:179} INFO - Processing /home/airflow/.local/lib/python3.8/site-packages/airflow/example_dags/example_sensor_decorator.py took 0.119 seconds
[2023-11-04T16:28:50.472+0000] {processor.py:157} INFO - Started process (PID=2594) to work on /home/airflow/.local/lib/python3.8/site-packages/airflow/example_dags/example_sensor_decorator.py
[2023-11-04T16:28:50.474+0000] {processor.py:829} INFO - Processing file /home/airflow/.local/lib/python3.8/site-packages/airflow/example_dags/example_sensor_decorator.py for tasks to queue
[2023-11-04T16:28:50.476+0000] {logging_mixin.py:151} INFO - [2023-11-04T16:28:50.475+0000] {dagbag.py:536} INFO - Filling up the DagBag from /home/airflow/.local/lib/python3.8/site-packages/airflow/example_dags/example_sensor_decorator.py
[2023-11-04T16:28:50.485+0000] {processor.py:839} INFO - DAG(s) dict_keys(['example_sensor_decorator']) retrieved from /home/airflow/.local/lib/python3.8/site-packages/airflow/example_dags/example_sensor_decorator.py
[2023-11-04T16:28:50.517+0000] {logging_mixin.py:151} INFO - [2023-11-04T16:28:50.517+0000] {dag.py:2941} INFO - Sync 1 DAGs
[2023-11-04T16:28:50.537+0000] {logging_mixin.py:151} INFO - [2023-11-04T16:28:50.537+0000] {dag.py:3722} INFO - Setting next_dagrun for example_sensor_decorator to None, run_after=None
[2023-11-04T16:28:50.568+0000] {processor.py:179} INFO - Processing /home/airflow/.local/lib/python3.8/site-packages/airflow/example_dags/example_sensor_decorator.py took 0.101 seconds
[2023-11-04T16:29:21.132+0000] {processor.py:157} INFO - Started process (PID=2832) to work on /home/airflow/.local/lib/python3.8/site-packages/airflow/example_dags/example_sensor_decorator.py
[2023-11-04T16:29:21.133+0000] {processor.py:829} INFO - Processing file /home/airflow/.local/lib/python3.8/site-packages/airflow/example_dags/example_sensor_decorator.py for tasks to queue
[2023-11-04T16:29:21.136+0000] {logging_mixin.py:151} INFO - [2023-11-04T16:29:21.135+0000] {dagbag.py:536} INFO - Filling up the DagBag from /home/airflow/.local/lib/python3.8/site-packages/airflow/example_dags/example_sensor_decorator.py
[2023-11-04T16:29:21.146+0000] {processor.py:839} INFO - DAG(s) dict_keys(['example_sensor_decorator']) retrieved from /home/airflow/.local/lib/python3.8/site-packages/airflow/example_dags/example_sensor_decorator.py
[2023-11-04T16:29:21.179+0000] {logging_mixin.py:151} INFO - [2023-11-04T16:29:21.179+0000] {dag.py:2941} INFO - Sync 1 DAGs
[2023-11-04T16:29:21.200+0000] {logging_mixin.py:151} INFO - [2023-11-04T16:29:21.199+0000] {dag.py:3722} INFO - Setting next_dagrun for example_sensor_decorator to None, run_after=None
[2023-11-04T16:29:21.233+0000] {processor.py:179} INFO - Processing /home/airflow/.local/lib/python3.8/site-packages/airflow/example_dags/example_sensor_decorator.py took 0.106 seconds
[2023-11-04T16:29:51.482+0000] {processor.py:157} INFO - Started process (PID=3070) to work on /home/airflow/.local/lib/python3.8/site-packages/airflow/example_dags/example_sensor_decorator.py
[2023-11-04T16:29:51.484+0000] {processor.py:829} INFO - Processing file /home/airflow/.local/lib/python3.8/site-packages/airflow/example_dags/example_sensor_decorator.py for tasks to queue
[2023-11-04T16:29:51.486+0000] {logging_mixin.py:151} INFO - [2023-11-04T16:29:51.485+0000] {dagbag.py:536} INFO - Filling up the DagBag from /home/airflow/.local/lib/python3.8/site-packages/airflow/example_dags/example_sensor_decorator.py
[2023-11-04T16:29:51.496+0000] {processor.py:839} INFO - DAG(s) dict_keys(['example_sensor_decorator']) retrieved from /home/airflow/.local/lib/python3.8/site-packages/airflow/example_dags/example_sensor_decorator.py
[2023-11-04T16:29:51.516+0000] {logging_mixin.py:151} INFO - [2023-11-04T16:29:51.516+0000] {dag.py:2941} INFO - Sync 1 DAGs
[2023-11-04T16:29:51.540+0000] {logging_mixin.py:151} INFO - [2023-11-04T16:29:51.540+0000] {dag.py:3722} INFO - Setting next_dagrun for example_sensor_decorator to None, run_after=None
[2023-11-04T16:29:51.576+0000] {processor.py:179} INFO - Processing /home/airflow/.local/lib/python3.8/site-packages/airflow/example_dags/example_sensor_decorator.py took 0.099 seconds
[2023-11-04T16:30:22.119+0000] {processor.py:157} INFO - Started process (PID=3308) to work on /home/airflow/.local/lib/python3.8/site-packages/airflow/example_dags/example_sensor_decorator.py
[2023-11-04T16:30:22.120+0000] {processor.py:829} INFO - Processing file /home/airflow/.local/lib/python3.8/site-packages/airflow/example_dags/example_sensor_decorator.py for tasks to queue
[2023-11-04T16:30:22.122+0000] {logging_mixin.py:151} INFO - [2023-11-04T16:30:22.122+0000] {dagbag.py:536} INFO - Filling up the DagBag from /home/airflow/.local/lib/python3.8/site-packages/airflow/example_dags/example_sensor_decorator.py
[2023-11-04T16:30:22.132+0000] {processor.py:839} INFO - DAG(s) dict_keys(['example_sensor_decorator']) retrieved from /home/airflow/.local/lib/python3.8/site-packages/airflow/example_dags/example_sensor_decorator.py
[2023-11-04T16:30:22.165+0000] {logging_mixin.py:151} INFO - [2023-11-04T16:30:22.164+0000] {dag.py:2941} INFO - Sync 1 DAGs
[2023-11-04T16:30:22.184+0000] {logging_mixin.py:151} INFO - [2023-11-04T16:30:22.184+0000] {dag.py:3722} INFO - Setting next_dagrun for example_sensor_decorator to None, run_after=None
[2023-11-04T16:30:22.214+0000] {processor.py:179} INFO - Processing /home/airflow/.local/lib/python3.8/site-packages/airflow/example_dags/example_sensor_decorator.py took 0.100 seconds
[2023-11-04T16:30:53.220+0000] {processor.py:157} INFO - Started process (PID=3546) to work on /home/airflow/.local/lib/python3.8/site-packages/airflow/example_dags/example_sensor_decorator.py
[2023-11-04T16:30:53.222+0000] {processor.py:829} INFO - Processing file /home/airflow/.local/lib/python3.8/site-packages/airflow/example_dags/example_sensor_decorator.py for tasks to queue
[2023-11-04T16:30:53.223+0000] {logging_mixin.py:151} INFO - [2023-11-04T16:30:53.223+0000] {dagbag.py:536} INFO - Filling up the DagBag from /home/airflow/.local/lib/python3.8/site-packages/airflow/example_dags/example_sensor_decorator.py
[2023-11-04T16:30:53.237+0000] {processor.py:839} INFO - DAG(s) dict_keys(['example_sensor_decorator']) retrieved from /home/airflow/.local/lib/python3.8/site-packages/airflow/example_dags/example_sensor_decorator.py
[2023-11-04T16:30:53.273+0000] {logging_mixin.py:151} INFO - [2023-11-04T16:30:53.273+0000] {dag.py:2941} INFO - Sync 1 DAGs
[2023-11-04T16:30:53.295+0000] {logging_mixin.py:151} INFO - [2023-11-04T16:30:53.294+0000] {dag.py:3722} INFO - Setting next_dagrun for example_sensor_decorator to None, run_after=None
[2023-11-04T16:30:53.328+0000] {processor.py:179} INFO - Processing /home/airflow/.local/lib/python3.8/site-packages/airflow/example_dags/example_sensor_decorator.py took 0.115 seconds
[2023-11-04T16:31:23.794+0000] {processor.py:157} INFO - Started process (PID=3784) to work on /home/airflow/.local/lib/python3.8/site-packages/airflow/example_dags/example_sensor_decorator.py
[2023-11-04T16:31:23.796+0000] {processor.py:829} INFO - Processing file /home/airflow/.local/lib/python3.8/site-packages/airflow/example_dags/example_sensor_decorator.py for tasks to queue
[2023-11-04T16:31:23.798+0000] {logging_mixin.py:151} INFO - [2023-11-04T16:31:23.797+0000] {dagbag.py:536} INFO - Filling up the DagBag from /home/airflow/.local/lib/python3.8/site-packages/airflow/example_dags/example_sensor_decorator.py
[2023-11-04T16:31:23.812+0000] {processor.py:839} INFO - DAG(s) dict_keys(['example_sensor_decorator']) retrieved from /home/airflow/.local/lib/python3.8/site-packages/airflow/example_dags/example_sensor_decorator.py
[2023-11-04T16:31:23.849+0000] {logging_mixin.py:151} INFO - [2023-11-04T16:31:23.848+0000] {dag.py:2941} INFO - Sync 1 DAGs
[2023-11-04T16:31:23.870+0000] {logging_mixin.py:151} INFO - [2023-11-04T16:31:23.870+0000] {dag.py:3722} INFO - Setting next_dagrun for example_sensor_decorator to None, run_after=None
[2023-11-04T16:31:23.902+0000] {processor.py:179} INFO - Processing /home/airflow/.local/lib/python3.8/site-packages/airflow/example_dags/example_sensor_decorator.py took 0.115 seconds
[2023-11-04T16:31:54.280+0000] {processor.py:157} INFO - Started process (PID=4022) to work on /home/airflow/.local/lib/python3.8/site-packages/airflow/example_dags/example_sensor_decorator.py
[2023-11-04T16:31:54.282+0000] {processor.py:829} INFO - Processing file /home/airflow/.local/lib/python3.8/site-packages/airflow/example_dags/example_sensor_decorator.py for tasks to queue
[2023-11-04T16:31:54.284+0000] {logging_mixin.py:151} INFO - [2023-11-04T16:31:54.283+0000] {dagbag.py:536} INFO - Filling up the DagBag from /home/airflow/.local/lib/python3.8/site-packages/airflow/example_dags/example_sensor_decorator.py
[2023-11-04T16:31:54.298+0000] {processor.py:839} INFO - DAG(s) dict_keys(['example_sensor_decorator']) retrieved from /home/airflow/.local/lib/python3.8/site-packages/airflow/example_dags/example_sensor_decorator.py
[2023-11-04T16:31:54.339+0000] {logging_mixin.py:151} INFO - [2023-11-04T16:31:54.339+0000] {dag.py:2941} INFO - Sync 1 DAGs
[2023-11-04T16:31:54.392+0000] {logging_mixin.py:151} INFO - [2023-11-04T16:31:54.392+0000] {dag.py:3722} INFO - Setting next_dagrun for example_sensor_decorator to None, run_after=None
[2023-11-04T16:31:54.430+0000] {processor.py:179} INFO - Processing /home/airflow/.local/lib/python3.8/site-packages/airflow/example_dags/example_sensor_decorator.py took 0.157 seconds
[2023-11-04T16:32:24.945+0000] {processor.py:157} INFO - Started process (PID=4260) to work on /home/airflow/.local/lib/python3.8/site-packages/airflow/example_dags/example_sensor_decorator.py
[2023-11-04T16:32:24.947+0000] {processor.py:829} INFO - Processing file /home/airflow/.local/lib/python3.8/site-packages/airflow/example_dags/example_sensor_decorator.py for tasks to queue
[2023-11-04T16:32:24.948+0000] {logging_mixin.py:151} INFO - [2023-11-04T16:32:24.948+0000] {dagbag.py:536} INFO - Filling up the DagBag from /home/airflow/.local/lib/python3.8/site-packages/airflow/example_dags/example_sensor_decorator.py
[2023-11-04T16:32:24.958+0000] {processor.py:839} INFO - DAG(s) dict_keys(['example_sensor_decorator']) retrieved from /home/airflow/.local/lib/python3.8/site-packages/airflow/example_dags/example_sensor_decorator.py
[2023-11-04T16:32:24.990+0000] {logging_mixin.py:151} INFO - [2023-11-04T16:32:24.990+0000] {dag.py:2941} INFO - Sync 1 DAGs
[2023-11-04T16:32:25.010+0000] {logging_mixin.py:151} INFO - [2023-11-04T16:32:25.010+0000] {dag.py:3722} INFO - Setting next_dagrun for example_sensor_decorator to None, run_after=None
[2023-11-04T16:32:25.042+0000] {processor.py:179} INFO - Processing /home/airflow/.local/lib/python3.8/site-packages/airflow/example_dags/example_sensor_decorator.py took 0.102 seconds
[2023-11-04T16:32:55.154+0000] {processor.py:157} INFO - Started process (PID=4498) to work on /home/airflow/.local/lib/python3.8/site-packages/airflow/example_dags/example_sensor_decorator.py
[2023-11-04T16:32:55.156+0000] {processor.py:829} INFO - Processing file /home/airflow/.local/lib/python3.8/site-packages/airflow/example_dags/example_sensor_decorator.py for tasks to queue
[2023-11-04T16:32:55.158+0000] {logging_mixin.py:151} INFO - [2023-11-04T16:32:55.158+0000] {dagbag.py:536} INFO - Filling up the DagBag from /home/airflow/.local/lib/python3.8/site-packages/airflow/example_dags/example_sensor_decorator.py
[2023-11-04T16:32:55.169+0000] {processor.py:839} INFO - DAG(s) dict_keys(['example_sensor_decorator']) retrieved from /home/airflow/.local/lib/python3.8/site-packages/airflow/example_dags/example_sensor_decorator.py
[2023-11-04T16:32:55.201+0000] {logging_mixin.py:151} INFO - [2023-11-04T16:32:55.200+0000] {dag.py:2941} INFO - Sync 1 DAGs
[2023-11-04T16:32:55.222+0000] {logging_mixin.py:151} INFO - [2023-11-04T16:32:55.222+0000] {dag.py:3722} INFO - Setting next_dagrun for example_sensor_decorator to None, run_after=None
[2023-11-04T16:32:55.255+0000] {processor.py:179} INFO - Processing /home/airflow/.local/lib/python3.8/site-packages/airflow/example_dags/example_sensor_decorator.py took 0.106 seconds
[2023-11-04T16:33:25.395+0000] {processor.py:157} INFO - Started process (PID=4736) to work on /home/airflow/.local/lib/python3.8/site-packages/airflow/example_dags/example_sensor_decorator.py
[2023-11-04T16:33:25.396+0000] {processor.py:829} INFO - Processing file /home/airflow/.local/lib/python3.8/site-packages/airflow/example_dags/example_sensor_decorator.py for tasks to queue
[2023-11-04T16:33:25.398+0000] {logging_mixin.py:151} INFO - [2023-11-04T16:33:25.398+0000] {dagbag.py:536} INFO - Filling up the DagBag from /home/airflow/.local/lib/python3.8/site-packages/airflow/example_dags/example_sensor_decorator.py
[2023-11-04T16:33:25.408+0000] {processor.py:839} INFO - DAG(s) dict_keys(['example_sensor_decorator']) retrieved from /home/airflow/.local/lib/python3.8/site-packages/airflow/example_dags/example_sensor_decorator.py
[2023-11-04T16:33:25.441+0000] {logging_mixin.py:151} INFO - [2023-11-04T16:33:25.440+0000] {dag.py:2941} INFO - Sync 1 DAGs
[2023-11-04T16:33:25.461+0000] {logging_mixin.py:151} INFO - [2023-11-04T16:33:25.460+0000] {dag.py:3722} INFO - Setting next_dagrun for example_sensor_decorator to None, run_after=None
[2023-11-04T16:33:25.489+0000] {processor.py:179} INFO - Processing /home/airflow/.local/lib/python3.8/site-packages/airflow/example_dags/example_sensor_decorator.py took 0.099 seconds
[2023-11-04T16:33:55.558+0000] {processor.py:157} INFO - Started process (PID=4974) to work on /home/airflow/.local/lib/python3.8/site-packages/airflow/example_dags/example_sensor_decorator.py
[2023-11-04T16:33:55.560+0000] {processor.py:829} INFO - Processing file /home/airflow/.local/lib/python3.8/site-packages/airflow/example_dags/example_sensor_decorator.py for tasks to queue
[2023-11-04T16:33:55.562+0000] {logging_mixin.py:151} INFO - [2023-11-04T16:33:55.561+0000] {dagbag.py:536} INFO - Filling up the DagBag from /home/airflow/.local/lib/python3.8/site-packages/airflow/example_dags/example_sensor_decorator.py
[2023-11-04T16:33:55.572+0000] {processor.py:839} INFO - DAG(s) dict_keys(['example_sensor_decorator']) retrieved from /home/airflow/.local/lib/python3.8/site-packages/airflow/example_dags/example_sensor_decorator.py
[2023-11-04T16:33:55.604+0000] {logging_mixin.py:151} INFO - [2023-11-04T16:33:55.604+0000] {dag.py:2941} INFO - Sync 1 DAGs
[2023-11-04T16:33:55.624+0000] {logging_mixin.py:151} INFO - [2023-11-04T16:33:55.624+0000] {dag.py:3722} INFO - Setting next_dagrun for example_sensor_decorator to None, run_after=None
[2023-11-04T16:33:55.657+0000] {processor.py:179} INFO - Processing /home/airflow/.local/lib/python3.8/site-packages/airflow/example_dags/example_sensor_decorator.py took 0.104 seconds
[2023-11-04T16:34:26.072+0000] {processor.py:157} INFO - Started process (PID=5212) to work on /home/airflow/.local/lib/python3.8/site-packages/airflow/example_dags/example_sensor_decorator.py
[2023-11-04T16:34:26.073+0000] {processor.py:829} INFO - Processing file /home/airflow/.local/lib/python3.8/site-packages/airflow/example_dags/example_sensor_decorator.py for tasks to queue
[2023-11-04T16:34:26.077+0000] {logging_mixin.py:151} INFO - [2023-11-04T16:34:26.076+0000] {dagbag.py:536} INFO - Filling up the DagBag from /home/airflow/.local/lib/python3.8/site-packages/airflow/example_dags/example_sensor_decorator.py
[2023-11-04T16:34:26.089+0000] {processor.py:839} INFO - DAG(s) dict_keys(['example_sensor_decorator']) retrieved from /home/airflow/.local/lib/python3.8/site-packages/airflow/example_dags/example_sensor_decorator.py
[2023-11-04T16:34:26.130+0000] {logging_mixin.py:151} INFO - [2023-11-04T16:34:26.130+0000] {dag.py:2941} INFO - Sync 1 DAGs
[2023-11-04T16:34:26.155+0000] {logging_mixin.py:151} INFO - [2023-11-04T16:34:26.154+0000] {dag.py:3722} INFO - Setting next_dagrun for example_sensor_decorator to None, run_after=None
[2023-11-04T16:34:26.191+0000] {processor.py:179} INFO - Processing /home/airflow/.local/lib/python3.8/site-packages/airflow/example_dags/example_sensor_decorator.py took 0.124 seconds
[2023-11-04T16:34:56.980+0000] {processor.py:157} INFO - Started process (PID=5450) to work on /home/airflow/.local/lib/python3.8/site-packages/airflow/example_dags/example_sensor_decorator.py
[2023-11-04T16:34:56.982+0000] {processor.py:829} INFO - Processing file /home/airflow/.local/lib/python3.8/site-packages/airflow/example_dags/example_sensor_decorator.py for tasks to queue
[2023-11-04T16:34:56.983+0000] {logging_mixin.py:151} INFO - [2023-11-04T16:34:56.983+0000] {dagbag.py:536} INFO - Filling up the DagBag from /home/airflow/.local/lib/python3.8/site-packages/airflow/example_dags/example_sensor_decorator.py
[2023-11-04T16:34:56.995+0000] {processor.py:839} INFO - DAG(s) dict_keys(['example_sensor_decorator']) retrieved from /home/airflow/.local/lib/python3.8/site-packages/airflow/example_dags/example_sensor_decorator.py
[2023-11-04T16:34:57.031+0000] {logging_mixin.py:151} INFO - [2023-11-04T16:34:57.030+0000] {dag.py:2941} INFO - Sync 1 DAGs
[2023-11-04T16:34:57.051+0000] {logging_mixin.py:151} INFO - [2023-11-04T16:34:57.051+0000] {dag.py:3722} INFO - Setting next_dagrun for example_sensor_decorator to None, run_after=None
[2023-11-04T16:34:57.081+0000] {processor.py:179} INFO - Processing /home/airflow/.local/lib/python3.8/site-packages/airflow/example_dags/example_sensor_decorator.py took 0.107 seconds
[2023-11-04T16:35:27.835+0000] {processor.py:157} INFO - Started process (PID=5688) to work on /home/airflow/.local/lib/python3.8/site-packages/airflow/example_dags/example_sensor_decorator.py
[2023-11-04T16:35:27.836+0000] {processor.py:829} INFO - Processing file /home/airflow/.local/lib/python3.8/site-packages/airflow/example_dags/example_sensor_decorator.py for tasks to queue
[2023-11-04T16:35:27.838+0000] {logging_mixin.py:151} INFO - [2023-11-04T16:35:27.838+0000] {dagbag.py:536} INFO - Filling up the DagBag from /home/airflow/.local/lib/python3.8/site-packages/airflow/example_dags/example_sensor_decorator.py
[2023-11-04T16:35:27.848+0000] {processor.py:839} INFO - DAG(s) dict_keys(['example_sensor_decorator']) retrieved from /home/airflow/.local/lib/python3.8/site-packages/airflow/example_dags/example_sensor_decorator.py
[2023-11-04T16:35:27.881+0000] {logging_mixin.py:151} INFO - [2023-11-04T16:35:27.880+0000] {dag.py:2941} INFO - Sync 1 DAGs
[2023-11-04T16:35:27.901+0000] {logging_mixin.py:151} INFO - [2023-11-04T16:35:27.900+0000] {dag.py:3722} INFO - Setting next_dagrun for example_sensor_decorator to None, run_after=None
[2023-11-04T16:35:27.934+0000] {processor.py:179} INFO - Processing /home/airflow/.local/lib/python3.8/site-packages/airflow/example_dags/example_sensor_decorator.py took 0.105 seconds
[2023-11-04T16:35:58.021+0000] {processor.py:157} INFO - Started process (PID=5926) to work on /home/airflow/.local/lib/python3.8/site-packages/airflow/example_dags/example_sensor_decorator.py
[2023-11-04T16:35:58.023+0000] {processor.py:829} INFO - Processing file /home/airflow/.local/lib/python3.8/site-packages/airflow/example_dags/example_sensor_decorator.py for tasks to queue
[2023-11-04T16:35:58.024+0000] {logging_mixin.py:151} INFO - [2023-11-04T16:35:58.024+0000] {dagbag.py:536} INFO - Filling up the DagBag from /home/airflow/.local/lib/python3.8/site-packages/airflow/example_dags/example_sensor_decorator.py
[2023-11-04T16:35:58.034+0000] {processor.py:839} INFO - DAG(s) dict_keys(['example_sensor_decorator']) retrieved from /home/airflow/.local/lib/python3.8/site-packages/airflow/example_dags/example_sensor_decorator.py
[2023-11-04T16:35:58.069+0000] {logging_mixin.py:151} INFO - [2023-11-04T16:35:58.069+0000] {dag.py:2941} INFO - Sync 1 DAGs
[2023-11-04T16:35:58.091+0000] {logging_mixin.py:151} INFO - [2023-11-04T16:35:58.091+0000] {dag.py:3722} INFO - Setting next_dagrun for example_sensor_decorator to None, run_after=None
[2023-11-04T16:35:58.123+0000] {processor.py:179} INFO - Processing /home/airflow/.local/lib/python3.8/site-packages/airflow/example_dags/example_sensor_decorator.py took 0.107 seconds
[2023-11-04T16:36:28.408+0000] {processor.py:157} INFO - Started process (PID=6164) to work on /home/airflow/.local/lib/python3.8/site-packages/airflow/example_dags/example_sensor_decorator.py
[2023-11-04T16:36:28.409+0000] {processor.py:829} INFO - Processing file /home/airflow/.local/lib/python3.8/site-packages/airflow/example_dags/example_sensor_decorator.py for tasks to queue
[2023-11-04T16:36:28.411+0000] {logging_mixin.py:151} INFO - [2023-11-04T16:36:28.410+0000] {dagbag.py:536} INFO - Filling up the DagBag from /home/airflow/.local/lib/python3.8/site-packages/airflow/example_dags/example_sensor_decorator.py
[2023-11-04T16:36:28.421+0000] {processor.py:839} INFO - DAG(s) dict_keys(['example_sensor_decorator']) retrieved from /home/airflow/.local/lib/python3.8/site-packages/airflow/example_dags/example_sensor_decorator.py
[2023-11-04T16:36:28.453+0000] {logging_mixin.py:151} INFO - [2023-11-04T16:36:28.453+0000] {dag.py:2941} INFO - Sync 1 DAGs
[2023-11-04T16:36:28.473+0000] {logging_mixin.py:151} INFO - [2023-11-04T16:36:28.473+0000] {dag.py:3722} INFO - Setting next_dagrun for example_sensor_decorator to None, run_after=None
[2023-11-04T16:36:28.506+0000] {processor.py:179} INFO - Processing /home/airflow/.local/lib/python3.8/site-packages/airflow/example_dags/example_sensor_decorator.py took 0.103 seconds
[2023-11-04T16:36:59.300+0000] {processor.py:157} INFO - Started process (PID=6402) to work on /home/airflow/.local/lib/python3.8/site-packages/airflow/example_dags/example_sensor_decorator.py
[2023-11-04T16:36:59.301+0000] {processor.py:829} INFO - Processing file /home/airflow/.local/lib/python3.8/site-packages/airflow/example_dags/example_sensor_decorator.py for tasks to queue
[2023-11-04T16:36:59.303+0000] {logging_mixin.py:151} INFO - [2023-11-04T16:36:59.303+0000] {dagbag.py:536} INFO - Filling up the DagBag from /home/airflow/.local/lib/python3.8/site-packages/airflow/example_dags/example_sensor_decorator.py
[2023-11-04T16:36:59.314+0000] {processor.py:839} INFO - DAG(s) dict_keys(['example_sensor_decorator']) retrieved from /home/airflow/.local/lib/python3.8/site-packages/airflow/example_dags/example_sensor_decorator.py
[2023-11-04T16:36:59.352+0000] {logging_mixin.py:151} INFO - [2023-11-04T16:36:59.352+0000] {dag.py:2941} INFO - Sync 1 DAGs
[2023-11-04T16:36:59.376+0000] {logging_mixin.py:151} INFO - [2023-11-04T16:36:59.375+0000] {dag.py:3722} INFO - Setting next_dagrun for example_sensor_decorator to None, run_after=None
[2023-11-04T16:36:59.412+0000] {processor.py:179} INFO - Processing /home/airflow/.local/lib/python3.8/site-packages/airflow/example_dags/example_sensor_decorator.py took 0.118 seconds
[2023-11-04T16:37:30.107+0000] {processor.py:157} INFO - Started process (PID=6647) to work on /home/airflow/.local/lib/python3.8/site-packages/airflow/example_dags/example_sensor_decorator.py
[2023-11-04T16:37:30.109+0000] {processor.py:829} INFO - Processing file /home/airflow/.local/lib/python3.8/site-packages/airflow/example_dags/example_sensor_decorator.py for tasks to queue
[2023-11-04T16:37:30.112+0000] {logging_mixin.py:151} INFO - [2023-11-04T16:37:30.111+0000] {dagbag.py:536} INFO - Filling up the DagBag from /home/airflow/.local/lib/python3.8/site-packages/airflow/example_dags/example_sensor_decorator.py
[2023-11-04T16:37:30.126+0000] {processor.py:839} INFO - DAG(s) dict_keys(['example_sensor_decorator']) retrieved from /home/airflow/.local/lib/python3.8/site-packages/airflow/example_dags/example_sensor_decorator.py
[2023-11-04T16:37:30.170+0000] {logging_mixin.py:151} INFO - [2023-11-04T16:37:30.170+0000] {dag.py:2941} INFO - Sync 1 DAGs
[2023-11-04T16:37:30.196+0000] {logging_mixin.py:151} INFO - [2023-11-04T16:37:30.196+0000] {dag.py:3722} INFO - Setting next_dagrun for example_sensor_decorator to None, run_after=None
[2023-11-04T16:37:30.239+0000] {processor.py:179} INFO - Processing /home/airflow/.local/lib/python3.8/site-packages/airflow/example_dags/example_sensor_decorator.py took 0.140 seconds
[2023-11-04T16:38:00.747+0000] {processor.py:157} INFO - Started process (PID=6885) to work on /home/airflow/.local/lib/python3.8/site-packages/airflow/example_dags/example_sensor_decorator.py
[2023-11-04T16:38:00.749+0000] {processor.py:829} INFO - Processing file /home/airflow/.local/lib/python3.8/site-packages/airflow/example_dags/example_sensor_decorator.py for tasks to queue
[2023-11-04T16:38:00.751+0000] {logging_mixin.py:151} INFO - [2023-11-04T16:38:00.750+0000] {dagbag.py:536} INFO - Filling up the DagBag from /home/airflow/.local/lib/python3.8/site-packages/airflow/example_dags/example_sensor_decorator.py
[2023-11-04T16:38:00.760+0000] {processor.py:839} INFO - DAG(s) dict_keys(['example_sensor_decorator']) retrieved from /home/airflow/.local/lib/python3.8/site-packages/airflow/example_dags/example_sensor_decorator.py
[2023-11-04T16:38:00.793+0000] {logging_mixin.py:151} INFO - [2023-11-04T16:38:00.793+0000] {dag.py:2941} INFO - Sync 1 DAGs
[2023-11-04T16:38:00.813+0000] {logging_mixin.py:151} INFO - [2023-11-04T16:38:00.812+0000] {dag.py:3722} INFO - Setting next_dagrun for example_sensor_decorator to None, run_after=None
[2023-11-04T16:38:00.841+0000] {processor.py:179} INFO - Processing /home/airflow/.local/lib/python3.8/site-packages/airflow/example_dags/example_sensor_decorator.py took 0.099 seconds
[2023-11-04T16:38:31.924+0000] {processor.py:157} INFO - Started process (PID=7123) to work on /home/airflow/.local/lib/python3.8/site-packages/airflow/example_dags/example_sensor_decorator.py
[2023-11-04T16:38:31.926+0000] {processor.py:829} INFO - Processing file /home/airflow/.local/lib/python3.8/site-packages/airflow/example_dags/example_sensor_decorator.py for tasks to queue
[2023-11-04T16:38:31.928+0000] {logging_mixin.py:151} INFO - [2023-11-04T16:38:31.927+0000] {dagbag.py:536} INFO - Filling up the DagBag from /home/airflow/.local/lib/python3.8/site-packages/airflow/example_dags/example_sensor_decorator.py
[2023-11-04T16:38:31.939+0000] {processor.py:839} INFO - DAG(s) dict_keys(['example_sensor_decorator']) retrieved from /home/airflow/.local/lib/python3.8/site-packages/airflow/example_dags/example_sensor_decorator.py
[2023-11-04T16:38:31.974+0000] {logging_mixin.py:151} INFO - [2023-11-04T16:38:31.973+0000] {dag.py:2941} INFO - Sync 1 DAGs
[2023-11-04T16:38:31.996+0000] {logging_mixin.py:151} INFO - [2023-11-04T16:38:31.995+0000] {dag.py:3722} INFO - Setting next_dagrun for example_sensor_decorator to None, run_after=None
[2023-11-04T16:38:32.025+0000] {processor.py:179} INFO - Processing /home/airflow/.local/lib/python3.8/site-packages/airflow/example_dags/example_sensor_decorator.py took 0.110 seconds
[2023-11-04T16:39:02.494+0000] {processor.py:157} INFO - Started process (PID=7361) to work on /home/airflow/.local/lib/python3.8/site-packages/airflow/example_dags/example_sensor_decorator.py
[2023-11-04T16:39:02.496+0000] {processor.py:829} INFO - Processing file /home/airflow/.local/lib/python3.8/site-packages/airflow/example_dags/example_sensor_decorator.py for tasks to queue
[2023-11-04T16:39:02.498+0000] {logging_mixin.py:151} INFO - [2023-11-04T16:39:02.497+0000] {dagbag.py:536} INFO - Filling up the DagBag from /home/airflow/.local/lib/python3.8/site-packages/airflow/example_dags/example_sensor_decorator.py
[2023-11-04T16:39:02.508+0000] {processor.py:839} INFO - DAG(s) dict_keys(['example_sensor_decorator']) retrieved from /home/airflow/.local/lib/python3.8/site-packages/airflow/example_dags/example_sensor_decorator.py
[2023-11-04T16:39:02.546+0000] {logging_mixin.py:151} INFO - [2023-11-04T16:39:02.546+0000] {dag.py:2941} INFO - Sync 1 DAGs
[2023-11-04T16:39:02.568+0000] {logging_mixin.py:151} INFO - [2023-11-04T16:39:02.567+0000] {dag.py:3722} INFO - Setting next_dagrun for example_sensor_decorator to None, run_after=None
[2023-11-04T16:39:02.599+0000] {processor.py:179} INFO - Processing /home/airflow/.local/lib/python3.8/site-packages/airflow/example_dags/example_sensor_decorator.py took 0.110 seconds
[2023-11-04T16:39:32.981+0000] {processor.py:157} INFO - Started process (PID=7599) to work on /home/airflow/.local/lib/python3.8/site-packages/airflow/example_dags/example_sensor_decorator.py
[2023-11-04T16:39:32.983+0000] {processor.py:829} INFO - Processing file /home/airflow/.local/lib/python3.8/site-packages/airflow/example_dags/example_sensor_decorator.py for tasks to queue
[2023-11-04T16:39:32.985+0000] {logging_mixin.py:151} INFO - [2023-11-04T16:39:32.985+0000] {dagbag.py:536} INFO - Filling up the DagBag from /home/airflow/.local/lib/python3.8/site-packages/airflow/example_dags/example_sensor_decorator.py
[2023-11-04T16:39:32.997+0000] {processor.py:839} INFO - DAG(s) dict_keys(['example_sensor_decorator']) retrieved from /home/airflow/.local/lib/python3.8/site-packages/airflow/example_dags/example_sensor_decorator.py
[2023-11-04T16:39:33.034+0000] {logging_mixin.py:151} INFO - [2023-11-04T16:39:33.033+0000] {dag.py:2941} INFO - Sync 1 DAGs
[2023-11-04T16:39:33.057+0000] {logging_mixin.py:151} INFO - [2023-11-04T16:39:33.056+0000] {dag.py:3722} INFO - Setting next_dagrun for example_sensor_decorator to None, run_after=None
[2023-11-04T16:39:33.089+0000] {processor.py:179} INFO - Processing /home/airflow/.local/lib/python3.8/site-packages/airflow/example_dags/example_sensor_decorator.py took 0.116 seconds
[2023-11-04T16:40:03.202+0000] {processor.py:157} INFO - Started process (PID=7837) to work on /home/airflow/.local/lib/python3.8/site-packages/airflow/example_dags/example_sensor_decorator.py
[2023-11-04T16:40:03.203+0000] {processor.py:829} INFO - Processing file /home/airflow/.local/lib/python3.8/site-packages/airflow/example_dags/example_sensor_decorator.py for tasks to queue
[2023-11-04T16:40:03.205+0000] {logging_mixin.py:151} INFO - [2023-11-04T16:40:03.204+0000] {dagbag.py:536} INFO - Filling up the DagBag from /home/airflow/.local/lib/python3.8/site-packages/airflow/example_dags/example_sensor_decorator.py
[2023-11-04T16:40:03.214+0000] {processor.py:839} INFO - DAG(s) dict_keys(['example_sensor_decorator']) retrieved from /home/airflow/.local/lib/python3.8/site-packages/airflow/example_dags/example_sensor_decorator.py
[2023-11-04T16:40:03.246+0000] {logging_mixin.py:151} INFO - [2023-11-04T16:40:03.246+0000] {dag.py:2941} INFO - Sync 1 DAGs
[2023-11-04T16:40:03.266+0000] {logging_mixin.py:151} INFO - [2023-11-04T16:40:03.266+0000] {dag.py:3722} INFO - Setting next_dagrun for example_sensor_decorator to None, run_after=None
[2023-11-04T16:40:03.295+0000] {processor.py:179} INFO - Processing /home/airflow/.local/lib/python3.8/site-packages/airflow/example_dags/example_sensor_decorator.py took 0.098 seconds
[2023-11-04T16:40:33.948+0000] {processor.py:157} INFO - Started process (PID=8075) to work on /home/airflow/.local/lib/python3.8/site-packages/airflow/example_dags/example_sensor_decorator.py
[2023-11-04T16:40:33.949+0000] {processor.py:829} INFO - Processing file /home/airflow/.local/lib/python3.8/site-packages/airflow/example_dags/example_sensor_decorator.py for tasks to queue
[2023-11-04T16:40:33.951+0000] {logging_mixin.py:151} INFO - [2023-11-04T16:40:33.951+0000] {dagbag.py:536} INFO - Filling up the DagBag from /home/airflow/.local/lib/python3.8/site-packages/airflow/example_dags/example_sensor_decorator.py
[2023-11-04T16:40:33.961+0000] {processor.py:839} INFO - DAG(s) dict_keys(['example_sensor_decorator']) retrieved from /home/airflow/.local/lib/python3.8/site-packages/airflow/example_dags/example_sensor_decorator.py
[2023-11-04T16:40:33.993+0000] {logging_mixin.py:151} INFO - [2023-11-04T16:40:33.993+0000] {dag.py:2941} INFO - Sync 1 DAGs
[2023-11-04T16:40:34.013+0000] {logging_mixin.py:151} INFO - [2023-11-04T16:40:34.013+0000] {dag.py:3722} INFO - Setting next_dagrun for example_sensor_decorator to None, run_after=None
[2023-11-04T16:40:34.043+0000] {processor.py:179} INFO - Processing /home/airflow/.local/lib/python3.8/site-packages/airflow/example_dags/example_sensor_decorator.py took 0.100 seconds
[2023-11-04T16:41:04.411+0000] {processor.py:157} INFO - Started process (PID=8313) to work on /home/airflow/.local/lib/python3.8/site-packages/airflow/example_dags/example_sensor_decorator.py
[2023-11-04T16:41:04.413+0000] {processor.py:829} INFO - Processing file /home/airflow/.local/lib/python3.8/site-packages/airflow/example_dags/example_sensor_decorator.py for tasks to queue
[2023-11-04T16:41:04.415+0000] {logging_mixin.py:151} INFO - [2023-11-04T16:41:04.414+0000] {dagbag.py:536} INFO - Filling up the DagBag from /home/airflow/.local/lib/python3.8/site-packages/airflow/example_dags/example_sensor_decorator.py
[2023-11-04T16:41:04.426+0000] {processor.py:839} INFO - DAG(s) dict_keys(['example_sensor_decorator']) retrieved from /home/airflow/.local/lib/python3.8/site-packages/airflow/example_dags/example_sensor_decorator.py
[2023-11-04T16:41:04.461+0000] {logging_mixin.py:151} INFO - [2023-11-04T16:41:04.461+0000] {dag.py:2941} INFO - Sync 1 DAGs
[2023-11-04T16:41:04.488+0000] {logging_mixin.py:151} INFO - [2023-11-04T16:41:04.488+0000] {dag.py:3722} INFO - Setting next_dagrun for example_sensor_decorator to None, run_after=None
[2023-11-04T16:41:04.571+0000] {processor.py:179} INFO - Processing /home/airflow/.local/lib/python3.8/site-packages/airflow/example_dags/example_sensor_decorator.py took 0.166 seconds
[2023-11-04T16:41:35.247+0000] {processor.py:157} INFO - Started process (PID=8551) to work on /home/airflow/.local/lib/python3.8/site-packages/airflow/example_dags/example_sensor_decorator.py
[2023-11-04T16:41:35.249+0000] {processor.py:829} INFO - Processing file /home/airflow/.local/lib/python3.8/site-packages/airflow/example_dags/example_sensor_decorator.py for tasks to queue
[2023-11-04T16:41:35.250+0000] {logging_mixin.py:151} INFO - [2023-11-04T16:41:35.250+0000] {dagbag.py:536} INFO - Filling up the DagBag from /home/airflow/.local/lib/python3.8/site-packages/airflow/example_dags/example_sensor_decorator.py
[2023-11-04T16:41:35.260+0000] {processor.py:839} INFO - DAG(s) dict_keys(['example_sensor_decorator']) retrieved from /home/airflow/.local/lib/python3.8/site-packages/airflow/example_dags/example_sensor_decorator.py
[2023-11-04T16:41:35.293+0000] {logging_mixin.py:151} INFO - [2023-11-04T16:41:35.293+0000] {dag.py:2941} INFO - Sync 1 DAGs
[2023-11-04T16:41:35.315+0000] {logging_mixin.py:151} INFO - [2023-11-04T16:41:35.315+0000] {dag.py:3722} INFO - Setting next_dagrun for example_sensor_decorator to None, run_after=None
[2023-11-04T16:41:35.345+0000] {processor.py:179} INFO - Processing /home/airflow/.local/lib/python3.8/site-packages/airflow/example_dags/example_sensor_decorator.py took 0.103 seconds
[2023-11-04T16:42:05.550+0000] {processor.py:157} INFO - Started process (PID=8789) to work on /home/airflow/.local/lib/python3.8/site-packages/airflow/example_dags/example_sensor_decorator.py
[2023-11-04T16:42:05.551+0000] {processor.py:829} INFO - Processing file /home/airflow/.local/lib/python3.8/site-packages/airflow/example_dags/example_sensor_decorator.py for tasks to queue
[2023-11-04T16:42:05.553+0000] {logging_mixin.py:151} INFO - [2023-11-04T16:42:05.553+0000] {dagbag.py:536} INFO - Filling up the DagBag from /home/airflow/.local/lib/python3.8/site-packages/airflow/example_dags/example_sensor_decorator.py
[2023-11-04T16:42:05.564+0000] {processor.py:839} INFO - DAG(s) dict_keys(['example_sensor_decorator']) retrieved from /home/airflow/.local/lib/python3.8/site-packages/airflow/example_dags/example_sensor_decorator.py
[2023-11-04T16:42:05.603+0000] {logging_mixin.py:151} INFO - [2023-11-04T16:42:05.602+0000] {dag.py:2941} INFO - Sync 1 DAGs
[2023-11-04T16:42:05.627+0000] {logging_mixin.py:151} INFO - [2023-11-04T16:42:05.626+0000] {dag.py:3722} INFO - Setting next_dagrun for example_sensor_decorator to None, run_after=None
[2023-11-04T16:42:05.659+0000] {processor.py:179} INFO - Processing /home/airflow/.local/lib/python3.8/site-packages/airflow/example_dags/example_sensor_decorator.py took 0.116 seconds
[2023-11-04T17:13:28.223+0000] {processor.py:157} INFO - Started process (PID=212) to work on /home/airflow/.local/lib/python3.8/site-packages/airflow/example_dags/example_sensor_decorator.py
[2023-11-04T17:13:28.225+0000] {processor.py:829} INFO - Processing file /home/airflow/.local/lib/python3.8/site-packages/airflow/example_dags/example_sensor_decorator.py for tasks to queue
[2023-11-04T17:13:28.227+0000] {logging_mixin.py:151} INFO - [2023-11-04T17:13:28.226+0000] {dagbag.py:536} INFO - Filling up the DagBag from /home/airflow/.local/lib/python3.8/site-packages/airflow/example_dags/example_sensor_decorator.py
[2023-11-04T17:13:28.241+0000] {processor.py:839} INFO - DAG(s) dict_keys(['example_sensor_decorator']) retrieved from /home/airflow/.local/lib/python3.8/site-packages/airflow/example_dags/example_sensor_decorator.py
[2023-11-04T17:13:28.287+0000] {logging_mixin.py:151} INFO - [2023-11-04T17:13:28.287+0000] {dag.py:2941} INFO - Sync 1 DAGs
[2023-11-04T17:13:28.310+0000] {logging_mixin.py:151} INFO - [2023-11-04T17:13:28.310+0000] {dag.py:3722} INFO - Setting next_dagrun for example_sensor_decorator to None, run_after=None
[2023-11-04T17:13:28.339+0000] {processor.py:179} INFO - Processing /home/airflow/.local/lib/python3.8/site-packages/airflow/example_dags/example_sensor_decorator.py took 0.121 seconds
[2023-11-04T17:13:58.812+0000] {processor.py:157} INFO - Started process (PID=450) to work on /home/airflow/.local/lib/python3.8/site-packages/airflow/example_dags/example_sensor_decorator.py
[2023-11-04T17:13:58.813+0000] {processor.py:829} INFO - Processing file /home/airflow/.local/lib/python3.8/site-packages/airflow/example_dags/example_sensor_decorator.py for tasks to queue
[2023-11-04T17:13:58.814+0000] {logging_mixin.py:151} INFO - [2023-11-04T17:13:58.814+0000] {dagbag.py:536} INFO - Filling up the DagBag from /home/airflow/.local/lib/python3.8/site-packages/airflow/example_dags/example_sensor_decorator.py
[2023-11-04T17:13:58.824+0000] {processor.py:839} INFO - DAG(s) dict_keys(['example_sensor_decorator']) retrieved from /home/airflow/.local/lib/python3.8/site-packages/airflow/example_dags/example_sensor_decorator.py
[2023-11-04T17:13:58.851+0000] {logging_mixin.py:151} INFO - [2023-11-04T17:13:58.850+0000] {dag.py:2941} INFO - Sync 1 DAGs
[2023-11-04T17:13:58.874+0000] {logging_mixin.py:151} INFO - [2023-11-04T17:13:58.874+0000] {dag.py:3722} INFO - Setting next_dagrun for example_sensor_decorator to None, run_after=None
[2023-11-04T17:13:58.913+0000] {processor.py:179} INFO - Processing /home/airflow/.local/lib/python3.8/site-packages/airflow/example_dags/example_sensor_decorator.py took 0.106 seconds
[2023-11-04T17:14:29.029+0000] {processor.py:157} INFO - Started process (PID=688) to work on /home/airflow/.local/lib/python3.8/site-packages/airflow/example_dags/example_sensor_decorator.py
[2023-11-04T17:14:29.031+0000] {processor.py:829} INFO - Processing file /home/airflow/.local/lib/python3.8/site-packages/airflow/example_dags/example_sensor_decorator.py for tasks to queue
[2023-11-04T17:14:29.032+0000] {logging_mixin.py:151} INFO - [2023-11-04T17:14:29.032+0000] {dagbag.py:536} INFO - Filling up the DagBag from /home/airflow/.local/lib/python3.8/site-packages/airflow/example_dags/example_sensor_decorator.py
[2023-11-04T17:14:29.041+0000] {processor.py:839} INFO - DAG(s) dict_keys(['example_sensor_decorator']) retrieved from /home/airflow/.local/lib/python3.8/site-packages/airflow/example_dags/example_sensor_decorator.py
[2023-11-04T17:14:29.060+0000] {logging_mixin.py:151} INFO - [2023-11-04T17:14:29.059+0000] {dag.py:2941} INFO - Sync 1 DAGs
[2023-11-04T17:14:29.081+0000] {logging_mixin.py:151} INFO - [2023-11-04T17:14:29.081+0000] {dag.py:3722} INFO - Setting next_dagrun for example_sensor_decorator to None, run_after=None
[2023-11-04T17:14:29.111+0000] {processor.py:179} INFO - Processing /home/airflow/.local/lib/python3.8/site-packages/airflow/example_dags/example_sensor_decorator.py took 0.087 seconds
[2023-11-04T17:14:59.677+0000] {processor.py:157} INFO - Started process (PID=926) to work on /home/airflow/.local/lib/python3.8/site-packages/airflow/example_dags/example_sensor_decorator.py
[2023-11-04T17:14:59.679+0000] {processor.py:829} INFO - Processing file /home/airflow/.local/lib/python3.8/site-packages/airflow/example_dags/example_sensor_decorator.py for tasks to queue
[2023-11-04T17:14:59.680+0000] {logging_mixin.py:151} INFO - [2023-11-04T17:14:59.680+0000] {dagbag.py:536} INFO - Filling up the DagBag from /home/airflow/.local/lib/python3.8/site-packages/airflow/example_dags/example_sensor_decorator.py
[2023-11-04T17:14:59.690+0000] {processor.py:839} INFO - DAG(s) dict_keys(['example_sensor_decorator']) retrieved from /home/airflow/.local/lib/python3.8/site-packages/airflow/example_dags/example_sensor_decorator.py
[2023-11-04T17:14:59.724+0000] {logging_mixin.py:151} INFO - [2023-11-04T17:14:59.723+0000] {dag.py:2941} INFO - Sync 1 DAGs
[2023-11-04T17:14:59.744+0000] {logging_mixin.py:151} INFO - [2023-11-04T17:14:59.744+0000] {dag.py:3722} INFO - Setting next_dagrun for example_sensor_decorator to None, run_after=None
[2023-11-04T17:14:59.779+0000] {processor.py:179} INFO - Processing /home/airflow/.local/lib/python3.8/site-packages/airflow/example_dags/example_sensor_decorator.py took 0.106 seconds
[2023-11-04T17:15:30.650+0000] {processor.py:157} INFO - Started process (PID=1164) to work on /home/airflow/.local/lib/python3.8/site-packages/airflow/example_dags/example_sensor_decorator.py
[2023-11-04T17:15:30.652+0000] {processor.py:829} INFO - Processing file /home/airflow/.local/lib/python3.8/site-packages/airflow/example_dags/example_sensor_decorator.py for tasks to queue
[2023-11-04T17:15:30.653+0000] {logging_mixin.py:151} INFO - [2023-11-04T17:15:30.653+0000] {dagbag.py:536} INFO - Filling up the DagBag from /home/airflow/.local/lib/python3.8/site-packages/airflow/example_dags/example_sensor_decorator.py
[2023-11-04T17:15:30.662+0000] {processor.py:839} INFO - DAG(s) dict_keys(['example_sensor_decorator']) retrieved from /home/airflow/.local/lib/python3.8/site-packages/airflow/example_dags/example_sensor_decorator.py
[2023-11-04T17:15:30.694+0000] {logging_mixin.py:151} INFO - [2023-11-04T17:15:30.694+0000] {dag.py:2941} INFO - Sync 1 DAGs
[2023-11-04T17:15:30.713+0000] {logging_mixin.py:151} INFO - [2023-11-04T17:15:30.713+0000] {dag.py:3722} INFO - Setting next_dagrun for example_sensor_decorator to None, run_after=None
[2023-11-04T17:15:30.743+0000] {processor.py:179} INFO - Processing /home/airflow/.local/lib/python3.8/site-packages/airflow/example_dags/example_sensor_decorator.py took 0.097 seconds
[2023-11-04T17:16:01.100+0000] {processor.py:157} INFO - Started process (PID=1423) to work on /home/airflow/.local/lib/python3.8/site-packages/airflow/example_dags/example_sensor_decorator.py
[2023-11-04T17:16:01.102+0000] {processor.py:829} INFO - Processing file /home/airflow/.local/lib/python3.8/site-packages/airflow/example_dags/example_sensor_decorator.py for tasks to queue
[2023-11-04T17:16:01.105+0000] {logging_mixin.py:151} INFO - [2023-11-04T17:16:01.104+0000] {dagbag.py:536} INFO - Filling up the DagBag from /home/airflow/.local/lib/python3.8/site-packages/airflow/example_dags/example_sensor_decorator.py
[2023-11-04T17:16:01.116+0000] {processor.py:839} INFO - DAG(s) dict_keys(['example_sensor_decorator']) retrieved from /home/airflow/.local/lib/python3.8/site-packages/airflow/example_dags/example_sensor_decorator.py
[2023-11-04T17:16:01.155+0000] {logging_mixin.py:151} INFO - [2023-11-04T17:16:01.155+0000] {dag.py:2941} INFO - Sync 1 DAGs
[2023-11-04T17:16:01.178+0000] {logging_mixin.py:151} INFO - [2023-11-04T17:16:01.178+0000] {dag.py:3722} INFO - Setting next_dagrun for example_sensor_decorator to None, run_after=None
[2023-11-04T17:16:01.213+0000] {processor.py:179} INFO - Processing /home/airflow/.local/lib/python3.8/site-packages/airflow/example_dags/example_sensor_decorator.py took 0.118 seconds
[2023-11-04T17:16:31.325+0000] {processor.py:157} INFO - Started process (PID=1665) to work on /home/airflow/.local/lib/python3.8/site-packages/airflow/example_dags/example_sensor_decorator.py
[2023-11-04T17:16:31.326+0000] {processor.py:829} INFO - Processing file /home/airflow/.local/lib/python3.8/site-packages/airflow/example_dags/example_sensor_decorator.py for tasks to queue
[2023-11-04T17:16:31.328+0000] {logging_mixin.py:151} INFO - [2023-11-04T17:16:31.327+0000] {dagbag.py:536} INFO - Filling up the DagBag from /home/airflow/.local/lib/python3.8/site-packages/airflow/example_dags/example_sensor_decorator.py
[2023-11-04T17:16:31.337+0000] {processor.py:839} INFO - DAG(s) dict_keys(['example_sensor_decorator']) retrieved from /home/airflow/.local/lib/python3.8/site-packages/airflow/example_dags/example_sensor_decorator.py
[2023-11-04T17:16:31.368+0000] {logging_mixin.py:151} INFO - [2023-11-04T17:16:31.368+0000] {dag.py:2941} INFO - Sync 1 DAGs
[2023-11-04T17:16:31.387+0000] {logging_mixin.py:151} INFO - [2023-11-04T17:16:31.386+0000] {dag.py:3722} INFO - Setting next_dagrun for example_sensor_decorator to None, run_after=None
[2023-11-04T17:16:31.424+0000] {processor.py:179} INFO - Processing /home/airflow/.local/lib/python3.8/site-packages/airflow/example_dags/example_sensor_decorator.py took 0.104 seconds
[2023-11-04T17:17:01.784+0000] {processor.py:157} INFO - Started process (PID=1898) to work on /home/airflow/.local/lib/python3.8/site-packages/airflow/example_dags/example_sensor_decorator.py
[2023-11-04T17:17:01.786+0000] {processor.py:829} INFO - Processing file /home/airflow/.local/lib/python3.8/site-packages/airflow/example_dags/example_sensor_decorator.py for tasks to queue
[2023-11-04T17:17:01.787+0000] {logging_mixin.py:151} INFO - [2023-11-04T17:17:01.787+0000] {dagbag.py:536} INFO - Filling up the DagBag from /home/airflow/.local/lib/python3.8/site-packages/airflow/example_dags/example_sensor_decorator.py
[2023-11-04T17:17:01.797+0000] {processor.py:839} INFO - DAG(s) dict_keys(['example_sensor_decorator']) retrieved from /home/airflow/.local/lib/python3.8/site-packages/airflow/example_dags/example_sensor_decorator.py
[2023-11-04T17:17:01.830+0000] {logging_mixin.py:151} INFO - [2023-11-04T17:17:01.829+0000] {dag.py:2941} INFO - Sync 1 DAGs
[2023-11-04T17:17:01.851+0000] {logging_mixin.py:151} INFO - [2023-11-04T17:17:01.851+0000] {dag.py:3722} INFO - Setting next_dagrun for example_sensor_decorator to None, run_after=None
[2023-11-04T17:17:01.885+0000] {processor.py:179} INFO - Processing /home/airflow/.local/lib/python3.8/site-packages/airflow/example_dags/example_sensor_decorator.py took 0.105 seconds
[2023-11-04T17:17:32.030+0000] {processor.py:157} INFO - Started process (PID=2136) to work on /home/airflow/.local/lib/python3.8/site-packages/airflow/example_dags/example_sensor_decorator.py
[2023-11-04T17:17:32.031+0000] {processor.py:829} INFO - Processing file /home/airflow/.local/lib/python3.8/site-packages/airflow/example_dags/example_sensor_decorator.py for tasks to queue
[2023-11-04T17:17:32.033+0000] {logging_mixin.py:151} INFO - [2023-11-04T17:17:32.032+0000] {dagbag.py:536} INFO - Filling up the DagBag from /home/airflow/.local/lib/python3.8/site-packages/airflow/example_dags/example_sensor_decorator.py
[2023-11-04T17:17:32.042+0000] {processor.py:839} INFO - DAG(s) dict_keys(['example_sensor_decorator']) retrieved from /home/airflow/.local/lib/python3.8/site-packages/airflow/example_dags/example_sensor_decorator.py
[2023-11-04T17:17:32.073+0000] {logging_mixin.py:151} INFO - [2023-11-04T17:17:32.073+0000] {dag.py:2941} INFO - Sync 1 DAGs
[2023-11-04T17:17:32.092+0000] {logging_mixin.py:151} INFO - [2023-11-04T17:17:32.092+0000] {dag.py:3722} INFO - Setting next_dagrun for example_sensor_decorator to None, run_after=None
[2023-11-04T17:17:32.122+0000] {processor.py:179} INFO - Processing /home/airflow/.local/lib/python3.8/site-packages/airflow/example_dags/example_sensor_decorator.py took 0.097 seconds
[2023-11-04T17:18:02.261+0000] {processor.py:157} INFO - Started process (PID=2374) to work on /home/airflow/.local/lib/python3.8/site-packages/airflow/example_dags/example_sensor_decorator.py
[2023-11-04T17:18:02.262+0000] {processor.py:829} INFO - Processing file /home/airflow/.local/lib/python3.8/site-packages/airflow/example_dags/example_sensor_decorator.py for tasks to queue
[2023-11-04T17:18:02.264+0000] {logging_mixin.py:151} INFO - [2023-11-04T17:18:02.263+0000] {dagbag.py:536} INFO - Filling up the DagBag from /home/airflow/.local/lib/python3.8/site-packages/airflow/example_dags/example_sensor_decorator.py
[2023-11-04T17:18:02.273+0000] {processor.py:839} INFO - DAG(s) dict_keys(['example_sensor_decorator']) retrieved from /home/airflow/.local/lib/python3.8/site-packages/airflow/example_dags/example_sensor_decorator.py
[2023-11-04T17:18:02.304+0000] {logging_mixin.py:151} INFO - [2023-11-04T17:18:02.304+0000] {dag.py:2941} INFO - Sync 1 DAGs
[2023-11-04T17:18:02.323+0000] {logging_mixin.py:151} INFO - [2023-11-04T17:18:02.322+0000] {dag.py:3722} INFO - Setting next_dagrun for example_sensor_decorator to None, run_after=None
[2023-11-04T17:18:02.352+0000] {processor.py:179} INFO - Processing /home/airflow/.local/lib/python3.8/site-packages/airflow/example_dags/example_sensor_decorator.py took 0.096 seconds
[2023-11-04T17:18:33.269+0000] {processor.py:157} INFO - Started process (PID=2612) to work on /home/airflow/.local/lib/python3.8/site-packages/airflow/example_dags/example_sensor_decorator.py
[2023-11-04T17:18:33.271+0000] {processor.py:829} INFO - Processing file /home/airflow/.local/lib/python3.8/site-packages/airflow/example_dags/example_sensor_decorator.py for tasks to queue
[2023-11-04T17:18:33.272+0000] {logging_mixin.py:151} INFO - [2023-11-04T17:18:33.272+0000] {dagbag.py:536} INFO - Filling up the DagBag from /home/airflow/.local/lib/python3.8/site-packages/airflow/example_dags/example_sensor_decorator.py
[2023-11-04T17:18:33.283+0000] {processor.py:839} INFO - DAG(s) dict_keys(['example_sensor_decorator']) retrieved from /home/airflow/.local/lib/python3.8/site-packages/airflow/example_dags/example_sensor_decorator.py
[2023-11-04T17:18:33.313+0000] {logging_mixin.py:151} INFO - [2023-11-04T17:18:33.313+0000] {dag.py:2941} INFO - Sync 1 DAGs
[2023-11-04T17:18:33.332+0000] {logging_mixin.py:151} INFO - [2023-11-04T17:18:33.332+0000] {dag.py:3722} INFO - Setting next_dagrun for example_sensor_decorator to None, run_after=None
[2023-11-04T17:18:33.361+0000] {processor.py:179} INFO - Processing /home/airflow/.local/lib/python3.8/site-packages/airflow/example_dags/example_sensor_decorator.py took 0.096 seconds
[2023-11-04T17:19:04.388+0000] {processor.py:157} INFO - Started process (PID=2855) to work on /home/airflow/.local/lib/python3.8/site-packages/airflow/example_dags/example_sensor_decorator.py
[2023-11-04T17:19:04.389+0000] {processor.py:829} INFO - Processing file /home/airflow/.local/lib/python3.8/site-packages/airflow/example_dags/example_sensor_decorator.py for tasks to queue
[2023-11-04T17:19:04.391+0000] {logging_mixin.py:151} INFO - [2023-11-04T17:19:04.391+0000] {dagbag.py:536} INFO - Filling up the DagBag from /home/airflow/.local/lib/python3.8/site-packages/airflow/example_dags/example_sensor_decorator.py
[2023-11-04T17:19:04.401+0000] {processor.py:839} INFO - DAG(s) dict_keys(['example_sensor_decorator']) retrieved from /home/airflow/.local/lib/python3.8/site-packages/airflow/example_dags/example_sensor_decorator.py
[2023-11-04T17:19:04.432+0000] {logging_mixin.py:151} INFO - [2023-11-04T17:19:04.432+0000] {dag.py:2941} INFO - Sync 1 DAGs
[2023-11-04T17:19:04.457+0000] {logging_mixin.py:151} INFO - [2023-11-04T17:19:04.457+0000] {dag.py:3722} INFO - Setting next_dagrun for example_sensor_decorator to None, run_after=None
[2023-11-04T17:19:04.486+0000] {processor.py:179} INFO - Processing /home/airflow/.local/lib/python3.8/site-packages/airflow/example_dags/example_sensor_decorator.py took 0.103 seconds
[2023-11-04T17:19:34.948+0000] {processor.py:157} INFO - Started process (PID=3093) to work on /home/airflow/.local/lib/python3.8/site-packages/airflow/example_dags/example_sensor_decorator.py
[2023-11-04T17:19:34.950+0000] {processor.py:829} INFO - Processing file /home/airflow/.local/lib/python3.8/site-packages/airflow/example_dags/example_sensor_decorator.py for tasks to queue
[2023-11-04T17:19:34.952+0000] {logging_mixin.py:151} INFO - [2023-11-04T17:19:34.952+0000] {dagbag.py:536} INFO - Filling up the DagBag from /home/airflow/.local/lib/python3.8/site-packages/airflow/example_dags/example_sensor_decorator.py
[2023-11-04T17:19:34.963+0000] {processor.py:839} INFO - DAG(s) dict_keys(['example_sensor_decorator']) retrieved from /home/airflow/.local/lib/python3.8/site-packages/airflow/example_dags/example_sensor_decorator.py
[2023-11-04T17:19:34.995+0000] {logging_mixin.py:151} INFO - [2023-11-04T17:19:34.995+0000] {dag.py:2941} INFO - Sync 1 DAGs
[2023-11-04T17:19:35.016+0000] {logging_mixin.py:151} INFO - [2023-11-04T17:19:35.016+0000] {dag.py:3722} INFO - Setting next_dagrun for example_sensor_decorator to None, run_after=None
[2023-11-04T17:19:35.047+0000] {processor.py:179} INFO - Processing /home/airflow/.local/lib/python3.8/site-packages/airflow/example_dags/example_sensor_decorator.py took 0.104 seconds
[2023-11-04T17:20:05.522+0000] {processor.py:157} INFO - Started process (PID=3331) to work on /home/airflow/.local/lib/python3.8/site-packages/airflow/example_dags/example_sensor_decorator.py
[2023-11-04T17:20:05.524+0000] {processor.py:829} INFO - Processing file /home/airflow/.local/lib/python3.8/site-packages/airflow/example_dags/example_sensor_decorator.py for tasks to queue
[2023-11-04T17:20:05.525+0000] {logging_mixin.py:151} INFO - [2023-11-04T17:20:05.525+0000] {dagbag.py:536} INFO - Filling up the DagBag from /home/airflow/.local/lib/python3.8/site-packages/airflow/example_dags/example_sensor_decorator.py
[2023-11-04T17:20:05.535+0000] {processor.py:839} INFO - DAG(s) dict_keys(['example_sensor_decorator']) retrieved from /home/airflow/.local/lib/python3.8/site-packages/airflow/example_dags/example_sensor_decorator.py
[2023-11-04T17:20:05.566+0000] {logging_mixin.py:151} INFO - [2023-11-04T17:20:05.566+0000] {dag.py:2941} INFO - Sync 1 DAGs
[2023-11-04T17:20:05.586+0000] {logging_mixin.py:151} INFO - [2023-11-04T17:20:05.585+0000] {dag.py:3722} INFO - Setting next_dagrun for example_sensor_decorator to None, run_after=None
[2023-11-04T17:20:05.617+0000] {processor.py:179} INFO - Processing /home/airflow/.local/lib/python3.8/site-packages/airflow/example_dags/example_sensor_decorator.py took 0.100 seconds
[2023-11-04T17:20:35.922+0000] {processor.py:157} INFO - Started process (PID=3576) to work on /home/airflow/.local/lib/python3.8/site-packages/airflow/example_dags/example_sensor_decorator.py
[2023-11-04T17:20:35.924+0000] {processor.py:829} INFO - Processing file /home/airflow/.local/lib/python3.8/site-packages/airflow/example_dags/example_sensor_decorator.py for tasks to queue
[2023-11-04T17:20:35.926+0000] {logging_mixin.py:151} INFO - [2023-11-04T17:20:35.925+0000] {dagbag.py:536} INFO - Filling up the DagBag from /home/airflow/.local/lib/python3.8/site-packages/airflow/example_dags/example_sensor_decorator.py
[2023-11-04T17:20:35.938+0000] {processor.py:839} INFO - DAG(s) dict_keys(['example_sensor_decorator']) retrieved from /home/airflow/.local/lib/python3.8/site-packages/airflow/example_dags/example_sensor_decorator.py
[2023-11-04T17:20:35.972+0000] {logging_mixin.py:151} INFO - [2023-11-04T17:20:35.971+0000] {dag.py:2941} INFO - Sync 1 DAGs
[2023-11-04T17:20:35.995+0000] {logging_mixin.py:151} INFO - [2023-11-04T17:20:35.995+0000] {dag.py:3722} INFO - Setting next_dagrun for example_sensor_decorator to None, run_after=None
[2023-11-04T17:20:36.023+0000] {processor.py:179} INFO - Processing /home/airflow/.local/lib/python3.8/site-packages/airflow/example_dags/example_sensor_decorator.py took 0.109 seconds
[2023-11-04T17:21:06.797+0000] {processor.py:157} INFO - Started process (PID=3814) to work on /home/airflow/.local/lib/python3.8/site-packages/airflow/example_dags/example_sensor_decorator.py
[2023-11-04T17:21:06.798+0000] {processor.py:829} INFO - Processing file /home/airflow/.local/lib/python3.8/site-packages/airflow/example_dags/example_sensor_decorator.py for tasks to queue
[2023-11-04T17:21:06.800+0000] {logging_mixin.py:151} INFO - [2023-11-04T17:21:06.800+0000] {dagbag.py:536} INFO - Filling up the DagBag from /home/airflow/.local/lib/python3.8/site-packages/airflow/example_dags/example_sensor_decorator.py
[2023-11-04T17:21:06.810+0000] {processor.py:839} INFO - DAG(s) dict_keys(['example_sensor_decorator']) retrieved from /home/airflow/.local/lib/python3.8/site-packages/airflow/example_dags/example_sensor_decorator.py
[2023-11-04T17:21:06.842+0000] {logging_mixin.py:151} INFO - [2023-11-04T17:21:06.842+0000] {dag.py:2941} INFO - Sync 1 DAGs
[2023-11-04T17:21:06.862+0000] {logging_mixin.py:151} INFO - [2023-11-04T17:21:06.861+0000] {dag.py:3722} INFO - Setting next_dagrun for example_sensor_decorator to None, run_after=None
[2023-11-04T17:21:06.895+0000] {processor.py:179} INFO - Processing /home/airflow/.local/lib/python3.8/site-packages/airflow/example_dags/example_sensor_decorator.py took 0.103 seconds
[2023-11-04T17:21:37.796+0000] {processor.py:157} INFO - Started process (PID=4086) to work on /home/airflow/.local/lib/python3.8/site-packages/airflow/example_dags/example_sensor_decorator.py
[2023-11-04T17:21:37.798+0000] {processor.py:829} INFO - Processing file /home/airflow/.local/lib/python3.8/site-packages/airflow/example_dags/example_sensor_decorator.py for tasks to queue
[2023-11-04T17:21:37.800+0000] {logging_mixin.py:151} INFO - [2023-11-04T17:21:37.800+0000] {dagbag.py:536} INFO - Filling up the DagBag from /home/airflow/.local/lib/python3.8/site-packages/airflow/example_dags/example_sensor_decorator.py
[2023-11-04T17:21:37.815+0000] {processor.py:839} INFO - DAG(s) dict_keys(['example_sensor_decorator']) retrieved from /home/airflow/.local/lib/python3.8/site-packages/airflow/example_dags/example_sensor_decorator.py
[2023-11-04T17:21:37.859+0000] {logging_mixin.py:151} INFO - [2023-11-04T17:21:37.858+0000] {dag.py:2941} INFO - Sync 1 DAGs
[2023-11-04T17:21:37.888+0000] {logging_mixin.py:151} INFO - [2023-11-04T17:21:37.887+0000] {dag.py:3722} INFO - Setting next_dagrun for example_sensor_decorator to None, run_after=None
[2023-11-04T17:21:37.926+0000] {processor.py:179} INFO - Processing /home/airflow/.local/lib/python3.8/site-packages/airflow/example_dags/example_sensor_decorator.py took 0.138 seconds
[2023-11-04T17:22:08.048+0000] {processor.py:157} INFO - Started process (PID=4338) to work on /home/airflow/.local/lib/python3.8/site-packages/airflow/example_dags/example_sensor_decorator.py
[2023-11-04T17:22:08.050+0000] {processor.py:829} INFO - Processing file /home/airflow/.local/lib/python3.8/site-packages/airflow/example_dags/example_sensor_decorator.py for tasks to queue
[2023-11-04T17:22:08.052+0000] {logging_mixin.py:151} INFO - [2023-11-04T17:22:08.051+0000] {dagbag.py:536} INFO - Filling up the DagBag from /home/airflow/.local/lib/python3.8/site-packages/airflow/example_dags/example_sensor_decorator.py
[2023-11-04T17:22:08.067+0000] {processor.py:839} INFO - DAG(s) dict_keys(['example_sensor_decorator']) retrieved from /home/airflow/.local/lib/python3.8/site-packages/airflow/example_dags/example_sensor_decorator.py
[2023-11-04T17:22:08.112+0000] {logging_mixin.py:151} INFO - [2023-11-04T17:22:08.111+0000] {dag.py:2941} INFO - Sync 1 DAGs
[2023-11-04T17:22:08.138+0000] {logging_mixin.py:151} INFO - [2023-11-04T17:22:08.137+0000] {dag.py:3722} INFO - Setting next_dagrun for example_sensor_decorator to None, run_after=None
[2023-11-04T17:22:08.174+0000] {processor.py:179} INFO - Processing /home/airflow/.local/lib/python3.8/site-packages/airflow/example_dags/example_sensor_decorator.py took 0.132 seconds
[2023-11-04T17:22:38.541+0000] {processor.py:157} INFO - Started process (PID=4576) to work on /home/airflow/.local/lib/python3.8/site-packages/airflow/example_dags/example_sensor_decorator.py
[2023-11-04T17:22:38.543+0000] {processor.py:829} INFO - Processing file /home/airflow/.local/lib/python3.8/site-packages/airflow/example_dags/example_sensor_decorator.py for tasks to queue
[2023-11-04T17:22:38.547+0000] {logging_mixin.py:151} INFO - [2023-11-04T17:22:38.546+0000] {dagbag.py:536} INFO - Filling up the DagBag from /home/airflow/.local/lib/python3.8/site-packages/airflow/example_dags/example_sensor_decorator.py
[2023-11-04T17:22:38.571+0000] {processor.py:839} INFO - DAG(s) dict_keys(['example_sensor_decorator']) retrieved from /home/airflow/.local/lib/python3.8/site-packages/airflow/example_dags/example_sensor_decorator.py
[2023-11-04T17:22:38.620+0000] {logging_mixin.py:151} INFO - [2023-11-04T17:22:38.620+0000] {dag.py:2941} INFO - Sync 1 DAGs
[2023-11-04T17:22:38.649+0000] {logging_mixin.py:151} INFO - [2023-11-04T17:22:38.649+0000] {dag.py:3722} INFO - Setting next_dagrun for example_sensor_decorator to None, run_after=None
[2023-11-04T17:22:38.689+0000] {processor.py:179} INFO - Processing /home/airflow/.local/lib/python3.8/site-packages/airflow/example_dags/example_sensor_decorator.py took 0.155 seconds
