[2023-11-04T16:23:47.056+0000] {processor.py:157} INFO - Started process (PID=318) to work on /home/airflow/.local/lib/python3.8/site-packages/airflow/example_dags/example_bash_operator.py
[2023-11-04T16:23:47.058+0000] {processor.py:829} INFO - Processing file /home/airflow/.local/lib/python3.8/site-packages/airflow/example_dags/example_bash_operator.py for tasks to queue
[2023-11-04T16:23:47.060+0000] {logging_mixin.py:151} INFO - [2023-11-04T16:23:47.059+0000] {dagbag.py:536} INFO - Filling up the DagBag from /home/airflow/.local/lib/python3.8/site-packages/airflow/example_dags/example_bash_operator.py
[2023-11-04T16:23:47.085+0000] {processor.py:839} INFO - DAG(s) dict_keys(['example_bash_operator']) retrieved from /home/airflow/.local/lib/python3.8/site-packages/airflow/example_dags/example_bash_operator.py
[2023-11-04T16:23:47.103+0000] {logging_mixin.py:151} INFO - [2023-11-04T16:23:47.103+0000] {dag.py:2941} INFO - Sync 1 DAGs
[2023-11-04T16:23:47.145+0000] {logging_mixin.py:151} INFO - [2023-11-04T16:23:47.145+0000] {dag.py:3722} INFO - Setting next_dagrun for example_bash_operator to 2023-11-03T00:00:00+00:00, run_after=2023-11-04T00:00:00+00:00
[2023-11-04T16:23:47.173+0000] {processor.py:179} INFO - Processing /home/airflow/.local/lib/python3.8/site-packages/airflow/example_dags/example_bash_operator.py took 0.122 seconds
[2023-11-04T16:24:17.675+0000] {processor.py:157} INFO - Started process (PID=556) to work on /home/airflow/.local/lib/python3.8/site-packages/airflow/example_dags/example_bash_operator.py
[2023-11-04T16:24:17.677+0000] {processor.py:829} INFO - Processing file /home/airflow/.local/lib/python3.8/site-packages/airflow/example_dags/example_bash_operator.py for tasks to queue
[2023-11-04T16:24:17.679+0000] {logging_mixin.py:151} INFO - [2023-11-04T16:24:17.678+0000] {dagbag.py:536} INFO - Filling up the DagBag from /home/airflow/.local/lib/python3.8/site-packages/airflow/example_dags/example_bash_operator.py
[2023-11-04T16:24:17.699+0000] {processor.py:839} INFO - DAG(s) dict_keys(['example_bash_operator']) retrieved from /home/airflow/.local/lib/python3.8/site-packages/airflow/example_dags/example_bash_operator.py
[2023-11-04T16:24:17.747+0000] {logging_mixin.py:151} INFO - [2023-11-04T16:24:17.746+0000] {dag.py:2941} INFO - Sync 1 DAGs
[2023-11-04T16:24:17.781+0000] {logging_mixin.py:151} INFO - [2023-11-04T16:24:17.781+0000] {dag.py:3722} INFO - Setting next_dagrun for example_bash_operator to 2023-11-03T00:00:00+00:00, run_after=2023-11-04T00:00:00+00:00
[2023-11-04T16:24:17.811+0000] {processor.py:179} INFO - Processing /home/airflow/.local/lib/python3.8/site-packages/airflow/example_dags/example_bash_operator.py took 0.141 seconds
[2023-11-04T16:24:48.347+0000] {processor.py:157} INFO - Started process (PID=794) to work on /home/airflow/.local/lib/python3.8/site-packages/airflow/example_dags/example_bash_operator.py
[2023-11-04T16:24:48.348+0000] {processor.py:829} INFO - Processing file /home/airflow/.local/lib/python3.8/site-packages/airflow/example_dags/example_bash_operator.py for tasks to queue
[2023-11-04T16:24:48.350+0000] {logging_mixin.py:151} INFO - [2023-11-04T16:24:48.349+0000] {dagbag.py:536} INFO - Filling up the DagBag from /home/airflow/.local/lib/python3.8/site-packages/airflow/example_dags/example_bash_operator.py
[2023-11-04T16:24:48.370+0000] {processor.py:839} INFO - DAG(s) dict_keys(['example_bash_operator']) retrieved from /home/airflow/.local/lib/python3.8/site-packages/airflow/example_dags/example_bash_operator.py
[2023-11-04T16:24:48.419+0000] {logging_mixin.py:151} INFO - [2023-11-04T16:24:48.418+0000] {dag.py:2941} INFO - Sync 1 DAGs
[2023-11-04T16:24:48.456+0000] {logging_mixin.py:151} INFO - [2023-11-04T16:24:48.455+0000] {dag.py:3722} INFO - Setting next_dagrun for example_bash_operator to 2023-11-03T00:00:00+00:00, run_after=2023-11-04T00:00:00+00:00
[2023-11-04T16:24:48.489+0000] {processor.py:179} INFO - Processing /home/airflow/.local/lib/python3.8/site-packages/airflow/example_dags/example_bash_operator.py took 0.147 seconds
[2023-11-04T16:25:18.533+0000] {processor.py:157} INFO - Started process (PID=1032) to work on /home/airflow/.local/lib/python3.8/site-packages/airflow/example_dags/example_bash_operator.py
[2023-11-04T16:25:18.534+0000] {processor.py:829} INFO - Processing file /home/airflow/.local/lib/python3.8/site-packages/airflow/example_dags/example_bash_operator.py for tasks to queue
[2023-11-04T16:25:18.536+0000] {logging_mixin.py:151} INFO - [2023-11-04T16:25:18.536+0000] {dagbag.py:536} INFO - Filling up the DagBag from /home/airflow/.local/lib/python3.8/site-packages/airflow/example_dags/example_bash_operator.py
[2023-11-04T16:25:18.555+0000] {processor.py:839} INFO - DAG(s) dict_keys(['example_bash_operator']) retrieved from /home/airflow/.local/lib/python3.8/site-packages/airflow/example_dags/example_bash_operator.py
[2023-11-04T16:25:18.605+0000] {logging_mixin.py:151} INFO - [2023-11-04T16:25:18.605+0000] {dag.py:2941} INFO - Sync 1 DAGs
[2023-11-04T16:25:18.643+0000] {logging_mixin.py:151} INFO - [2023-11-04T16:25:18.643+0000] {dag.py:3722} INFO - Setting next_dagrun for example_bash_operator to 2023-11-03T00:00:00+00:00, run_after=2023-11-04T00:00:00+00:00
[2023-11-04T16:25:18.672+0000] {processor.py:179} INFO - Processing /home/airflow/.local/lib/python3.8/site-packages/airflow/example_dags/example_bash_operator.py took 0.144 seconds
[2023-11-04T16:25:48.798+0000] {processor.py:157} INFO - Started process (PID=1270) to work on /home/airflow/.local/lib/python3.8/site-packages/airflow/example_dags/example_bash_operator.py
[2023-11-04T16:25:48.799+0000] {processor.py:829} INFO - Processing file /home/airflow/.local/lib/python3.8/site-packages/airflow/example_dags/example_bash_operator.py for tasks to queue
[2023-11-04T16:25:48.801+0000] {logging_mixin.py:151} INFO - [2023-11-04T16:25:48.801+0000] {dagbag.py:536} INFO - Filling up the DagBag from /home/airflow/.local/lib/python3.8/site-packages/airflow/example_dags/example_bash_operator.py
[2023-11-04T16:25:48.821+0000] {processor.py:839} INFO - DAG(s) dict_keys(['example_bash_operator']) retrieved from /home/airflow/.local/lib/python3.8/site-packages/airflow/example_dags/example_bash_operator.py
[2023-11-04T16:25:48.870+0000] {logging_mixin.py:151} INFO - [2023-11-04T16:25:48.870+0000] {dag.py:2941} INFO - Sync 1 DAGs
[2023-11-04T16:25:48.910+0000] {logging_mixin.py:151} INFO - [2023-11-04T16:25:48.909+0000] {dag.py:3722} INFO - Setting next_dagrun for example_bash_operator to 2023-11-03T00:00:00+00:00, run_after=2023-11-04T00:00:00+00:00
[2023-11-04T16:25:48.942+0000] {processor.py:179} INFO - Processing /home/airflow/.local/lib/python3.8/site-packages/airflow/example_dags/example_bash_operator.py took 0.149 seconds
[2023-11-04T16:26:19.216+0000] {processor.py:157} INFO - Started process (PID=1508) to work on /home/airflow/.local/lib/python3.8/site-packages/airflow/example_dags/example_bash_operator.py
[2023-11-04T16:26:19.218+0000] {processor.py:829} INFO - Processing file /home/airflow/.local/lib/python3.8/site-packages/airflow/example_dags/example_bash_operator.py for tasks to queue
[2023-11-04T16:26:19.220+0000] {logging_mixin.py:151} INFO - [2023-11-04T16:26:19.219+0000] {dagbag.py:536} INFO - Filling up the DagBag from /home/airflow/.local/lib/python3.8/site-packages/airflow/example_dags/example_bash_operator.py
[2023-11-04T16:26:19.240+0000] {processor.py:839} INFO - DAG(s) dict_keys(['example_bash_operator']) retrieved from /home/airflow/.local/lib/python3.8/site-packages/airflow/example_dags/example_bash_operator.py
[2023-11-04T16:26:19.260+0000] {logging_mixin.py:151} INFO - [2023-11-04T16:26:19.259+0000] {dag.py:2941} INFO - Sync 1 DAGs
[2023-11-04T16:26:19.300+0000] {logging_mixin.py:151} INFO - [2023-11-04T16:26:19.300+0000] {dag.py:3722} INFO - Setting next_dagrun for example_bash_operator to 2023-11-03T00:00:00+00:00, run_after=2023-11-04T00:00:00+00:00
[2023-11-04T16:26:19.334+0000] {processor.py:179} INFO - Processing /home/airflow/.local/lib/python3.8/site-packages/airflow/example_dags/example_bash_operator.py took 0.123 seconds
[2023-11-04T16:26:49.895+0000] {processor.py:157} INFO - Started process (PID=1746) to work on /home/airflow/.local/lib/python3.8/site-packages/airflow/example_dags/example_bash_operator.py
[2023-11-04T16:26:49.897+0000] {processor.py:829} INFO - Processing file /home/airflow/.local/lib/python3.8/site-packages/airflow/example_dags/example_bash_operator.py for tasks to queue
[2023-11-04T16:26:49.898+0000] {logging_mixin.py:151} INFO - [2023-11-04T16:26:49.898+0000] {dagbag.py:536} INFO - Filling up the DagBag from /home/airflow/.local/lib/python3.8/site-packages/airflow/example_dags/example_bash_operator.py
[2023-11-04T16:26:49.918+0000] {processor.py:839} INFO - DAG(s) dict_keys(['example_bash_operator']) retrieved from /home/airflow/.local/lib/python3.8/site-packages/airflow/example_dags/example_bash_operator.py
[2023-11-04T16:26:49.966+0000] {logging_mixin.py:151} INFO - [2023-11-04T16:26:49.966+0000] {dag.py:2941} INFO - Sync 1 DAGs
[2023-11-04T16:26:50.001+0000] {logging_mixin.py:151} INFO - [2023-11-04T16:26:50.001+0000] {dag.py:3722} INFO - Setting next_dagrun for example_bash_operator to 2023-11-03T00:00:00+00:00, run_after=2023-11-04T00:00:00+00:00
[2023-11-04T16:26:50.030+0000] {processor.py:179} INFO - Processing /home/airflow/.local/lib/python3.8/site-packages/airflow/example_dags/example_bash_operator.py took 0.140 seconds
[2023-11-04T16:27:20.737+0000] {processor.py:157} INFO - Started process (PID=1984) to work on /home/airflow/.local/lib/python3.8/site-packages/airflow/example_dags/example_bash_operator.py
[2023-11-04T16:27:20.738+0000] {processor.py:829} INFO - Processing file /home/airflow/.local/lib/python3.8/site-packages/airflow/example_dags/example_bash_operator.py for tasks to queue
[2023-11-04T16:27:20.740+0000] {logging_mixin.py:151} INFO - [2023-11-04T16:27:20.740+0000] {dagbag.py:536} INFO - Filling up the DagBag from /home/airflow/.local/lib/python3.8/site-packages/airflow/example_dags/example_bash_operator.py
[2023-11-04T16:27:20.760+0000] {processor.py:839} INFO - DAG(s) dict_keys(['example_bash_operator']) retrieved from /home/airflow/.local/lib/python3.8/site-packages/airflow/example_dags/example_bash_operator.py
[2023-11-04T16:27:20.810+0000] {logging_mixin.py:151} INFO - [2023-11-04T16:27:20.810+0000] {dag.py:2941} INFO - Sync 1 DAGs
[2023-11-04T16:27:20.847+0000] {logging_mixin.py:151} INFO - [2023-11-04T16:27:20.847+0000] {dag.py:3722} INFO - Setting next_dagrun for example_bash_operator to 2023-11-03T00:00:00+00:00, run_after=2023-11-04T00:00:00+00:00
[2023-11-04T16:27:20.882+0000] {processor.py:179} INFO - Processing /home/airflow/.local/lib/python3.8/site-packages/airflow/example_dags/example_bash_operator.py took 0.150 seconds
[2023-11-04T16:27:52.549+0000] {processor.py:157} INFO - Started process (PID=2223) to work on /home/airflow/.local/lib/python3.8/site-packages/airflow/example_dags/example_bash_operator.py
[2023-11-04T16:27:52.551+0000] {processor.py:829} INFO - Processing file /home/airflow/.local/lib/python3.8/site-packages/airflow/example_dags/example_bash_operator.py for tasks to queue
[2023-11-04T16:27:52.554+0000] {logging_mixin.py:151} INFO - [2023-11-04T16:27:52.554+0000] {dagbag.py:536} INFO - Filling up the DagBag from /home/airflow/.local/lib/python3.8/site-packages/airflow/example_dags/example_bash_operator.py
[2023-11-04T16:27:52.593+0000] {processor.py:839} INFO - DAG(s) dict_keys(['example_bash_operator']) retrieved from /home/airflow/.local/lib/python3.8/site-packages/airflow/example_dags/example_bash_operator.py
[2023-11-04T16:27:52.634+0000] {logging_mixin.py:151} INFO - [2023-11-04T16:27:52.634+0000] {dag.py:2941} INFO - Sync 1 DAGs
[2023-11-04T16:27:52.733+0000] {logging_mixin.py:151} INFO - [2023-11-04T16:27:52.733+0000] {dag.py:3722} INFO - Setting next_dagrun for example_bash_operator to 2023-11-03T00:00:00+00:00, run_after=2023-11-04T00:00:00+00:00
[2023-11-04T16:27:52.851+0000] {processor.py:179} INFO - Processing /home/airflow/.local/lib/python3.8/site-packages/airflow/example_dags/example_bash_operator.py took 0.313 seconds
[2023-11-04T16:28:22.948+0000] {processor.py:157} INFO - Started process (PID=2463) to work on /home/airflow/.local/lib/python3.8/site-packages/airflow/example_dags/example_bash_operator.py
[2023-11-04T16:28:22.950+0000] {processor.py:829} INFO - Processing file /home/airflow/.local/lib/python3.8/site-packages/airflow/example_dags/example_bash_operator.py for tasks to queue
[2023-11-04T16:28:22.951+0000] {logging_mixin.py:151} INFO - [2023-11-04T16:28:22.951+0000] {dagbag.py:536} INFO - Filling up the DagBag from /home/airflow/.local/lib/python3.8/site-packages/airflow/example_dags/example_bash_operator.py
[2023-11-04T16:28:22.969+0000] {processor.py:839} INFO - DAG(s) dict_keys(['example_bash_operator']) retrieved from /home/airflow/.local/lib/python3.8/site-packages/airflow/example_dags/example_bash_operator.py
[2023-11-04T16:28:23.017+0000] {logging_mixin.py:151} INFO - [2023-11-04T16:28:23.017+0000] {dag.py:2941} INFO - Sync 1 DAGs
[2023-11-04T16:28:23.052+0000] {logging_mixin.py:151} INFO - [2023-11-04T16:28:23.052+0000] {dag.py:3722} INFO - Setting next_dagrun for example_bash_operator to 2023-11-03T00:00:00+00:00, run_after=2023-11-04T00:00:00+00:00
[2023-11-04T16:28:23.085+0000] {processor.py:179} INFO - Processing /home/airflow/.local/lib/python3.8/site-packages/airflow/example_dags/example_bash_operator.py took 0.142 seconds
[2023-11-04T16:28:53.165+0000] {processor.py:157} INFO - Started process (PID=2699) to work on /home/airflow/.local/lib/python3.8/site-packages/airflow/example_dags/example_bash_operator.py
[2023-11-04T16:28:53.167+0000] {processor.py:829} INFO - Processing file /home/airflow/.local/lib/python3.8/site-packages/airflow/example_dags/example_bash_operator.py for tasks to queue
[2023-11-04T16:28:53.168+0000] {logging_mixin.py:151} INFO - [2023-11-04T16:28:53.168+0000] {dagbag.py:536} INFO - Filling up the DagBag from /home/airflow/.local/lib/python3.8/site-packages/airflow/example_dags/example_bash_operator.py
[2023-11-04T16:28:53.186+0000] {processor.py:839} INFO - DAG(s) dict_keys(['example_bash_operator']) retrieved from /home/airflow/.local/lib/python3.8/site-packages/airflow/example_dags/example_bash_operator.py
[2023-11-04T16:28:53.237+0000] {logging_mixin.py:151} INFO - [2023-11-04T16:28:53.236+0000] {dag.py:2941} INFO - Sync 1 DAGs
[2023-11-04T16:28:53.275+0000] {logging_mixin.py:151} INFO - [2023-11-04T16:28:53.274+0000] {dag.py:3722} INFO - Setting next_dagrun for example_bash_operator to 2023-11-03T00:00:00+00:00, run_after=2023-11-04T00:00:00+00:00
[2023-11-04T16:28:53.303+0000] {processor.py:179} INFO - Processing /home/airflow/.local/lib/python3.8/site-packages/airflow/example_dags/example_bash_operator.py took 0.143 seconds
[2023-11-04T16:29:23.975+0000] {processor.py:157} INFO - Started process (PID=2937) to work on /home/airflow/.local/lib/python3.8/site-packages/airflow/example_dags/example_bash_operator.py
[2023-11-04T16:29:23.976+0000] {processor.py:829} INFO - Processing file /home/airflow/.local/lib/python3.8/site-packages/airflow/example_dags/example_bash_operator.py for tasks to queue
[2023-11-04T16:29:23.978+0000] {logging_mixin.py:151} INFO - [2023-11-04T16:29:23.977+0000] {dagbag.py:536} INFO - Filling up the DagBag from /home/airflow/.local/lib/python3.8/site-packages/airflow/example_dags/example_bash_operator.py
[2023-11-04T16:29:23.997+0000] {processor.py:839} INFO - DAG(s) dict_keys(['example_bash_operator']) retrieved from /home/airflow/.local/lib/python3.8/site-packages/airflow/example_dags/example_bash_operator.py
[2023-11-04T16:29:24.046+0000] {logging_mixin.py:151} INFO - [2023-11-04T16:29:24.046+0000] {dag.py:2941} INFO - Sync 1 DAGs
[2023-11-04T16:29:24.090+0000] {logging_mixin.py:151} INFO - [2023-11-04T16:29:24.090+0000] {dag.py:3722} INFO - Setting next_dagrun for example_bash_operator to 2023-11-03T00:00:00+00:00, run_after=2023-11-04T00:00:00+00:00
[2023-11-04T16:29:24.118+0000] {processor.py:179} INFO - Processing /home/airflow/.local/lib/python3.8/site-packages/airflow/example_dags/example_bash_operator.py took 0.148 seconds
[2023-11-04T16:29:54.196+0000] {processor.py:157} INFO - Started process (PID=3175) to work on /home/airflow/.local/lib/python3.8/site-packages/airflow/example_dags/example_bash_operator.py
[2023-11-04T16:29:54.199+0000] {processor.py:829} INFO - Processing file /home/airflow/.local/lib/python3.8/site-packages/airflow/example_dags/example_bash_operator.py for tasks to queue
[2023-11-04T16:29:54.201+0000] {logging_mixin.py:151} INFO - [2023-11-04T16:29:54.200+0000] {dagbag.py:536} INFO - Filling up the DagBag from /home/airflow/.local/lib/python3.8/site-packages/airflow/example_dags/example_bash_operator.py
[2023-11-04T16:29:54.221+0000] {processor.py:839} INFO - DAG(s) dict_keys(['example_bash_operator']) retrieved from /home/airflow/.local/lib/python3.8/site-packages/airflow/example_dags/example_bash_operator.py
[2023-11-04T16:29:54.244+0000] {logging_mixin.py:151} INFO - [2023-11-04T16:29:54.244+0000] {dag.py:2941} INFO - Sync 1 DAGs
[2023-11-04T16:29:54.295+0000] {logging_mixin.py:151} INFO - [2023-11-04T16:29:54.295+0000] {dag.py:3722} INFO - Setting next_dagrun for example_bash_operator to 2023-11-03T00:00:00+00:00, run_after=2023-11-04T00:00:00+00:00
[2023-11-04T16:29:54.354+0000] {processor.py:179} INFO - Processing /home/airflow/.local/lib/python3.8/site-packages/airflow/example_dags/example_bash_operator.py took 0.163 seconds
[2023-11-04T16:30:24.890+0000] {processor.py:157} INFO - Started process (PID=3413) to work on /home/airflow/.local/lib/python3.8/site-packages/airflow/example_dags/example_bash_operator.py
[2023-11-04T16:30:24.891+0000] {processor.py:829} INFO - Processing file /home/airflow/.local/lib/python3.8/site-packages/airflow/example_dags/example_bash_operator.py for tasks to queue
[2023-11-04T16:30:24.893+0000] {logging_mixin.py:151} INFO - [2023-11-04T16:30:24.892+0000] {dagbag.py:536} INFO - Filling up the DagBag from /home/airflow/.local/lib/python3.8/site-packages/airflow/example_dags/example_bash_operator.py
[2023-11-04T16:30:24.911+0000] {processor.py:839} INFO - DAG(s) dict_keys(['example_bash_operator']) retrieved from /home/airflow/.local/lib/python3.8/site-packages/airflow/example_dags/example_bash_operator.py
[2023-11-04T16:30:24.959+0000] {logging_mixin.py:151} INFO - [2023-11-04T16:30:24.959+0000] {dag.py:2941} INFO - Sync 1 DAGs
[2023-11-04T16:30:24.996+0000] {logging_mixin.py:151} INFO - [2023-11-04T16:30:24.996+0000] {dag.py:3722} INFO - Setting next_dagrun for example_bash_operator to 2023-11-03T00:00:00+00:00, run_after=2023-11-04T00:00:00+00:00
[2023-11-04T16:30:25.025+0000] {processor.py:179} INFO - Processing /home/airflow/.local/lib/python3.8/site-packages/airflow/example_dags/example_bash_operator.py took 0.140 seconds
[2023-11-04T16:30:56.904+0000] {processor.py:157} INFO - Started process (PID=3651) to work on /home/airflow/.local/lib/python3.8/site-packages/airflow/example_dags/example_bash_operator.py
[2023-11-04T16:30:56.905+0000] {processor.py:829} INFO - Processing file /home/airflow/.local/lib/python3.8/site-packages/airflow/example_dags/example_bash_operator.py for tasks to queue
[2023-11-04T16:30:56.907+0000] {logging_mixin.py:151} INFO - [2023-11-04T16:30:56.907+0000] {dagbag.py:536} INFO - Filling up the DagBag from /home/airflow/.local/lib/python3.8/site-packages/airflow/example_dags/example_bash_operator.py
[2023-11-04T16:30:56.928+0000] {processor.py:839} INFO - DAG(s) dict_keys(['example_bash_operator']) retrieved from /home/airflow/.local/lib/python3.8/site-packages/airflow/example_dags/example_bash_operator.py
[2023-11-04T16:30:57.001+0000] {logging_mixin.py:151} INFO - [2023-11-04T16:30:57.001+0000] {dag.py:2941} INFO - Sync 1 DAGs
[2023-11-04T16:30:57.047+0000] {logging_mixin.py:151} INFO - [2023-11-04T16:30:57.047+0000] {dag.py:3722} INFO - Setting next_dagrun for example_bash_operator to 2023-11-03T00:00:00+00:00, run_after=2023-11-04T00:00:00+00:00
[2023-11-04T16:30:57.078+0000] {processor.py:179} INFO - Processing /home/airflow/.local/lib/python3.8/site-packages/airflow/example_dags/example_bash_operator.py took 0.181 seconds
[2023-11-04T16:31:27.925+0000] {processor.py:157} INFO - Started process (PID=3891) to work on /home/airflow/.local/lib/python3.8/site-packages/airflow/example_dags/example_bash_operator.py
[2023-11-04T16:31:27.927+0000] {processor.py:829} INFO - Processing file /home/airflow/.local/lib/python3.8/site-packages/airflow/example_dags/example_bash_operator.py for tasks to queue
[2023-11-04T16:31:27.929+0000] {logging_mixin.py:151} INFO - [2023-11-04T16:31:27.928+0000] {dagbag.py:536} INFO - Filling up the DagBag from /home/airflow/.local/lib/python3.8/site-packages/airflow/example_dags/example_bash_operator.py
[2023-11-04T16:31:27.956+0000] {processor.py:839} INFO - DAG(s) dict_keys(['example_bash_operator']) retrieved from /home/airflow/.local/lib/python3.8/site-packages/airflow/example_dags/example_bash_operator.py
[2023-11-04T16:31:27.979+0000] {logging_mixin.py:151} INFO - [2023-11-04T16:31:27.979+0000] {dag.py:2941} INFO - Sync 1 DAGs
[2023-11-04T16:31:28.040+0000] {logging_mixin.py:151} INFO - [2023-11-04T16:31:28.039+0000] {dag.py:3722} INFO - Setting next_dagrun for example_bash_operator to 2023-11-03T00:00:00+00:00, run_after=2023-11-04T00:00:00+00:00
[2023-11-04T16:31:28.076+0000] {processor.py:179} INFO - Processing /home/airflow/.local/lib/python3.8/site-packages/airflow/example_dags/example_bash_operator.py took 0.158 seconds
[2023-11-04T16:31:58.221+0000] {processor.py:157} INFO - Started process (PID=4127) to work on /home/airflow/.local/lib/python3.8/site-packages/airflow/example_dags/example_bash_operator.py
[2023-11-04T16:31:58.222+0000] {processor.py:829} INFO - Processing file /home/airflow/.local/lib/python3.8/site-packages/airflow/example_dags/example_bash_operator.py for tasks to queue
[2023-11-04T16:31:58.224+0000] {logging_mixin.py:151} INFO - [2023-11-04T16:31:58.223+0000] {dagbag.py:536} INFO - Filling up the DagBag from /home/airflow/.local/lib/python3.8/site-packages/airflow/example_dags/example_bash_operator.py
[2023-11-04T16:31:58.245+0000] {processor.py:839} INFO - DAG(s) dict_keys(['example_bash_operator']) retrieved from /home/airflow/.local/lib/python3.8/site-packages/airflow/example_dags/example_bash_operator.py
[2023-11-04T16:31:58.294+0000] {logging_mixin.py:151} INFO - [2023-11-04T16:31:58.294+0000] {dag.py:2941} INFO - Sync 1 DAGs
[2023-11-04T16:31:58.333+0000] {logging_mixin.py:151} INFO - [2023-11-04T16:31:58.332+0000] {dag.py:3722} INFO - Setting next_dagrun for example_bash_operator to 2023-11-03T00:00:00+00:00, run_after=2023-11-04T00:00:00+00:00
[2023-11-04T16:31:58.364+0000] {processor.py:179} INFO - Processing /home/airflow/.local/lib/python3.8/site-packages/airflow/example_dags/example_bash_operator.py took 0.149 seconds
[2023-11-04T16:32:28.881+0000] {processor.py:157} INFO - Started process (PID=4365) to work on /home/airflow/.local/lib/python3.8/site-packages/airflow/example_dags/example_bash_operator.py
[2023-11-04T16:32:28.883+0000] {processor.py:829} INFO - Processing file /home/airflow/.local/lib/python3.8/site-packages/airflow/example_dags/example_bash_operator.py for tasks to queue
[2023-11-04T16:32:28.885+0000] {logging_mixin.py:151} INFO - [2023-11-04T16:32:28.884+0000] {dagbag.py:536} INFO - Filling up the DagBag from /home/airflow/.local/lib/python3.8/site-packages/airflow/example_dags/example_bash_operator.py
[2023-11-04T16:32:28.905+0000] {processor.py:839} INFO - DAG(s) dict_keys(['example_bash_operator']) retrieved from /home/airflow/.local/lib/python3.8/site-packages/airflow/example_dags/example_bash_operator.py
[2023-11-04T16:32:28.954+0000] {logging_mixin.py:151} INFO - [2023-11-04T16:32:28.953+0000] {dag.py:2941} INFO - Sync 1 DAGs
[2023-11-04T16:32:28.991+0000] {logging_mixin.py:151} INFO - [2023-11-04T16:32:28.991+0000] {dag.py:3722} INFO - Setting next_dagrun for example_bash_operator to 2023-11-03T00:00:00+00:00, run_after=2023-11-04T00:00:00+00:00
[2023-11-04T16:32:29.025+0000] {processor.py:179} INFO - Processing /home/airflow/.local/lib/python3.8/site-packages/airflow/example_dags/example_bash_operator.py took 0.148 seconds
[2023-11-04T16:32:59.317+0000] {processor.py:157} INFO - Started process (PID=4610) to work on /home/airflow/.local/lib/python3.8/site-packages/airflow/example_dags/example_bash_operator.py
[2023-11-04T16:32:59.319+0000] {processor.py:829} INFO - Processing file /home/airflow/.local/lib/python3.8/site-packages/airflow/example_dags/example_bash_operator.py for tasks to queue
[2023-11-04T16:32:59.321+0000] {logging_mixin.py:151} INFO - [2023-11-04T16:32:59.321+0000] {dagbag.py:536} INFO - Filling up the DagBag from /home/airflow/.local/lib/python3.8/site-packages/airflow/example_dags/example_bash_operator.py
[2023-11-04T16:32:59.344+0000] {processor.py:839} INFO - DAG(s) dict_keys(['example_bash_operator']) retrieved from /home/airflow/.local/lib/python3.8/site-packages/airflow/example_dags/example_bash_operator.py
[2023-11-04T16:32:59.391+0000] {logging_mixin.py:151} INFO - [2023-11-04T16:32:59.391+0000] {dag.py:2941} INFO - Sync 1 DAGs
[2023-11-04T16:32:59.426+0000] {logging_mixin.py:151} INFO - [2023-11-04T16:32:59.426+0000] {dag.py:3722} INFO - Setting next_dagrun for example_bash_operator to 2023-11-03T00:00:00+00:00, run_after=2023-11-04T00:00:00+00:00
[2023-11-04T16:32:59.459+0000] {processor.py:179} INFO - Processing /home/airflow/.local/lib/python3.8/site-packages/airflow/example_dags/example_bash_operator.py took 0.148 seconds
[2023-11-04T16:33:29.576+0000] {processor.py:157} INFO - Started process (PID=4850) to work on /home/airflow/.local/lib/python3.8/site-packages/airflow/example_dags/example_bash_operator.py
[2023-11-04T16:33:29.577+0000] {processor.py:829} INFO - Processing file /home/airflow/.local/lib/python3.8/site-packages/airflow/example_dags/example_bash_operator.py for tasks to queue
[2023-11-04T16:33:29.579+0000] {logging_mixin.py:151} INFO - [2023-11-04T16:33:29.579+0000] {dagbag.py:536} INFO - Filling up the DagBag from /home/airflow/.local/lib/python3.8/site-packages/airflow/example_dags/example_bash_operator.py
[2023-11-04T16:33:29.598+0000] {processor.py:839} INFO - DAG(s) dict_keys(['example_bash_operator']) retrieved from /home/airflow/.local/lib/python3.8/site-packages/airflow/example_dags/example_bash_operator.py
[2023-11-04T16:33:29.648+0000] {logging_mixin.py:151} INFO - [2023-11-04T16:33:29.648+0000] {dag.py:2941} INFO - Sync 1 DAGs
[2023-11-04T16:33:29.684+0000] {logging_mixin.py:151} INFO - [2023-11-04T16:33:29.684+0000] {dag.py:3722} INFO - Setting next_dagrun for example_bash_operator to 2023-11-03T00:00:00+00:00, run_after=2023-11-04T00:00:00+00:00
[2023-11-04T16:33:29.721+0000] {processor.py:179} INFO - Processing /home/airflow/.local/lib/python3.8/site-packages/airflow/example_dags/example_bash_operator.py took 0.152 seconds
[2023-11-04T16:34:00.504+0000] {processor.py:157} INFO - Started process (PID=5086) to work on /home/airflow/.local/lib/python3.8/site-packages/airflow/example_dags/example_bash_operator.py
[2023-11-04T16:34:00.506+0000] {processor.py:829} INFO - Processing file /home/airflow/.local/lib/python3.8/site-packages/airflow/example_dags/example_bash_operator.py for tasks to queue
[2023-11-04T16:34:00.508+0000] {logging_mixin.py:151} INFO - [2023-11-04T16:34:00.508+0000] {dagbag.py:536} INFO - Filling up the DagBag from /home/airflow/.local/lib/python3.8/site-packages/airflow/example_dags/example_bash_operator.py
[2023-11-04T16:34:00.527+0000] {processor.py:839} INFO - DAG(s) dict_keys(['example_bash_operator']) retrieved from /home/airflow/.local/lib/python3.8/site-packages/airflow/example_dags/example_bash_operator.py
[2023-11-04T16:34:00.577+0000] {logging_mixin.py:151} INFO - [2023-11-04T16:34:00.577+0000] {dag.py:2941} INFO - Sync 1 DAGs
[2023-11-04T16:34:00.614+0000] {logging_mixin.py:151} INFO - [2023-11-04T16:34:00.614+0000] {dag.py:3722} INFO - Setting next_dagrun for example_bash_operator to 2023-11-03T00:00:00+00:00, run_after=2023-11-04T00:00:00+00:00
[2023-11-04T16:34:00.649+0000] {processor.py:179} INFO - Processing /home/airflow/.local/lib/python3.8/site-packages/airflow/example_dags/example_bash_operator.py took 0.150 seconds
[2023-11-04T16:34:30.838+0000] {processor.py:157} INFO - Started process (PID=5324) to work on /home/airflow/.local/lib/python3.8/site-packages/airflow/example_dags/example_bash_operator.py
[2023-11-04T16:34:30.841+0000] {processor.py:829} INFO - Processing file /home/airflow/.local/lib/python3.8/site-packages/airflow/example_dags/example_bash_operator.py for tasks to queue
[2023-11-04T16:34:30.843+0000] {logging_mixin.py:151} INFO - [2023-11-04T16:34:30.843+0000] {dagbag.py:536} INFO - Filling up the DagBag from /home/airflow/.local/lib/python3.8/site-packages/airflow/example_dags/example_bash_operator.py
[2023-11-04T16:34:30.865+0000] {processor.py:839} INFO - DAG(s) dict_keys(['example_bash_operator']) retrieved from /home/airflow/.local/lib/python3.8/site-packages/airflow/example_dags/example_bash_operator.py
[2023-11-04T16:34:30.923+0000] {logging_mixin.py:151} INFO - [2023-11-04T16:34:30.923+0000] {dag.py:2941} INFO - Sync 1 DAGs
[2023-11-04T16:34:30.967+0000] {logging_mixin.py:151} INFO - [2023-11-04T16:34:30.967+0000] {dag.py:3722} INFO - Setting next_dagrun for example_bash_operator to 2023-11-03T00:00:00+00:00, run_after=2023-11-04T00:00:00+00:00
[2023-11-04T16:34:31.006+0000] {processor.py:179} INFO - Processing /home/airflow/.local/lib/python3.8/site-packages/airflow/example_dags/example_bash_operator.py took 0.173 seconds
[2023-11-04T16:35:01.919+0000] {processor.py:157} INFO - Started process (PID=5562) to work on /home/airflow/.local/lib/python3.8/site-packages/airflow/example_dags/example_bash_operator.py
[2023-11-04T16:35:01.921+0000] {processor.py:829} INFO - Processing file /home/airflow/.local/lib/python3.8/site-packages/airflow/example_dags/example_bash_operator.py for tasks to queue
[2023-11-04T16:35:01.923+0000] {logging_mixin.py:151} INFO - [2023-11-04T16:35:01.922+0000] {dagbag.py:536} INFO - Filling up the DagBag from /home/airflow/.local/lib/python3.8/site-packages/airflow/example_dags/example_bash_operator.py
[2023-11-04T16:35:01.942+0000] {processor.py:839} INFO - DAG(s) dict_keys(['example_bash_operator']) retrieved from /home/airflow/.local/lib/python3.8/site-packages/airflow/example_dags/example_bash_operator.py
[2023-11-04T16:35:01.992+0000] {logging_mixin.py:151} INFO - [2023-11-04T16:35:01.991+0000] {dag.py:2941} INFO - Sync 1 DAGs
[2023-11-04T16:35:02.029+0000] {logging_mixin.py:151} INFO - [2023-11-04T16:35:02.028+0000] {dag.py:3722} INFO - Setting next_dagrun for example_bash_operator to 2023-11-03T00:00:00+00:00, run_after=2023-11-04T00:00:00+00:00
[2023-11-04T16:35:02.060+0000] {processor.py:179} INFO - Processing /home/airflow/.local/lib/python3.8/site-packages/airflow/example_dags/example_bash_operator.py took 0.146 seconds
[2023-11-04T16:35:32.955+0000] {processor.py:157} INFO - Started process (PID=5800) to work on /home/airflow/.local/lib/python3.8/site-packages/airflow/example_dags/example_bash_operator.py
[2023-11-04T16:35:32.956+0000] {processor.py:829} INFO - Processing file /home/airflow/.local/lib/python3.8/site-packages/airflow/example_dags/example_bash_operator.py for tasks to queue
[2023-11-04T16:35:32.959+0000] {logging_mixin.py:151} INFO - [2023-11-04T16:35:32.958+0000] {dagbag.py:536} INFO - Filling up the DagBag from /home/airflow/.local/lib/python3.8/site-packages/airflow/example_dags/example_bash_operator.py
[2023-11-04T16:35:32.988+0000] {processor.py:839} INFO - DAG(s) dict_keys(['example_bash_operator']) retrieved from /home/airflow/.local/lib/python3.8/site-packages/airflow/example_dags/example_bash_operator.py
[2023-11-04T16:35:33.053+0000] {logging_mixin.py:151} INFO - [2023-11-04T16:35:33.053+0000] {dag.py:2941} INFO - Sync 1 DAGs
[2023-11-04T16:35:33.103+0000] {logging_mixin.py:151} INFO - [2023-11-04T16:35:33.102+0000] {dag.py:3722} INFO - Setting next_dagrun for example_bash_operator to 2023-11-03T00:00:00+00:00, run_after=2023-11-04T00:00:00+00:00
[2023-11-04T16:35:33.144+0000] {processor.py:179} INFO - Processing /home/airflow/.local/lib/python3.8/site-packages/airflow/example_dags/example_bash_operator.py took 0.195 seconds
[2023-11-04T16:36:03.386+0000] {processor.py:157} INFO - Started process (PID=6038) to work on /home/airflow/.local/lib/python3.8/site-packages/airflow/example_dags/example_bash_operator.py
[2023-11-04T16:36:03.388+0000] {processor.py:829} INFO - Processing file /home/airflow/.local/lib/python3.8/site-packages/airflow/example_dags/example_bash_operator.py for tasks to queue
[2023-11-04T16:36:03.391+0000] {logging_mixin.py:151} INFO - [2023-11-04T16:36:03.390+0000] {dagbag.py:536} INFO - Filling up the DagBag from /home/airflow/.local/lib/python3.8/site-packages/airflow/example_dags/example_bash_operator.py
[2023-11-04T16:36:03.418+0000] {processor.py:839} INFO - DAG(s) dict_keys(['example_bash_operator']) retrieved from /home/airflow/.local/lib/python3.8/site-packages/airflow/example_dags/example_bash_operator.py
[2023-11-04T16:36:03.472+0000] {logging_mixin.py:151} INFO - [2023-11-04T16:36:03.472+0000] {dag.py:2941} INFO - Sync 1 DAGs
[2023-11-04T16:36:03.525+0000] {logging_mixin.py:151} INFO - [2023-11-04T16:36:03.524+0000] {dag.py:3722} INFO - Setting next_dagrun for example_bash_operator to 2023-11-03T00:00:00+00:00, run_after=2023-11-04T00:00:00+00:00
[2023-11-04T16:36:03.561+0000] {processor.py:179} INFO - Processing /home/airflow/.local/lib/python3.8/site-packages/airflow/example_dags/example_bash_operator.py took 0.181 seconds
[2023-11-04T16:36:33.657+0000] {processor.py:157} INFO - Started process (PID=6278) to work on /home/airflow/.local/lib/python3.8/site-packages/airflow/example_dags/example_bash_operator.py
[2023-11-04T16:36:33.658+0000] {processor.py:829} INFO - Processing file /home/airflow/.local/lib/python3.8/site-packages/airflow/example_dags/example_bash_operator.py for tasks to queue
[2023-11-04T16:36:33.660+0000] {logging_mixin.py:151} INFO - [2023-11-04T16:36:33.659+0000] {dagbag.py:536} INFO - Filling up the DagBag from /home/airflow/.local/lib/python3.8/site-packages/airflow/example_dags/example_bash_operator.py
[2023-11-04T16:36:33.679+0000] {processor.py:839} INFO - DAG(s) dict_keys(['example_bash_operator']) retrieved from /home/airflow/.local/lib/python3.8/site-packages/airflow/example_dags/example_bash_operator.py
[2023-11-04T16:36:33.728+0000] {logging_mixin.py:151} INFO - [2023-11-04T16:36:33.727+0000] {dag.py:2941} INFO - Sync 1 DAGs
[2023-11-04T16:36:33.765+0000] {logging_mixin.py:151} INFO - [2023-11-04T16:36:33.765+0000] {dag.py:3722} INFO - Setting next_dagrun for example_bash_operator to 2023-11-03T00:00:00+00:00, run_after=2023-11-04T00:00:00+00:00
[2023-11-04T16:36:33.795+0000] {processor.py:179} INFO - Processing /home/airflow/.local/lib/python3.8/site-packages/airflow/example_dags/example_bash_operator.py took 0.144 seconds
[2023-11-04T16:37:05.832+0000] {processor.py:157} INFO - Started process (PID=6514) to work on /home/airflow/.local/lib/python3.8/site-packages/airflow/example_dags/example_bash_operator.py
[2023-11-04T16:37:05.834+0000] {processor.py:829} INFO - Processing file /home/airflow/.local/lib/python3.8/site-packages/airflow/example_dags/example_bash_operator.py for tasks to queue
[2023-11-04T16:37:05.837+0000] {logging_mixin.py:151} INFO - [2023-11-04T16:37:05.837+0000] {dagbag.py:536} INFO - Filling up the DagBag from /home/airflow/.local/lib/python3.8/site-packages/airflow/example_dags/example_bash_operator.py
[2023-11-04T16:37:05.864+0000] {processor.py:839} INFO - DAG(s) dict_keys(['example_bash_operator']) retrieved from /home/airflow/.local/lib/python3.8/site-packages/airflow/example_dags/example_bash_operator.py
[2023-11-04T16:37:06.044+0000] {logging_mixin.py:151} INFO - [2023-11-04T16:37:06.041+0000] {dag.py:2941} INFO - Sync 1 DAGs
[2023-11-04T16:37:06.187+0000] {logging_mixin.py:151} INFO - [2023-11-04T16:37:06.186+0000] {dag.py:3722} INFO - Setting next_dagrun for example_bash_operator to 2023-11-03T00:00:00+00:00, run_after=2023-11-04T00:00:00+00:00
[2023-11-04T16:37:06.285+0000] {processor.py:179} INFO - Processing /home/airflow/.local/lib/python3.8/site-packages/airflow/example_dags/example_bash_operator.py took 0.460 seconds
[2023-11-04T16:37:37.295+0000] {processor.py:157} INFO - Started process (PID=6754) to work on /home/airflow/.local/lib/python3.8/site-packages/airflow/example_dags/example_bash_operator.py
[2023-11-04T16:37:37.296+0000] {processor.py:829} INFO - Processing file /home/airflow/.local/lib/python3.8/site-packages/airflow/example_dags/example_bash_operator.py for tasks to queue
[2023-11-04T16:37:37.298+0000] {logging_mixin.py:151} INFO - [2023-11-04T16:37:37.298+0000] {dagbag.py:536} INFO - Filling up the DagBag from /home/airflow/.local/lib/python3.8/site-packages/airflow/example_dags/example_bash_operator.py
[2023-11-04T16:37:37.318+0000] {processor.py:839} INFO - DAG(s) dict_keys(['example_bash_operator']) retrieved from /home/airflow/.local/lib/python3.8/site-packages/airflow/example_dags/example_bash_operator.py
[2023-11-04T16:37:37.365+0000] {logging_mixin.py:151} INFO - [2023-11-04T16:37:37.365+0000] {dag.py:2941} INFO - Sync 1 DAGs
[2023-11-04T16:37:37.400+0000] {logging_mixin.py:151} INFO - [2023-11-04T16:37:37.400+0000] {dag.py:3722} INFO - Setting next_dagrun for example_bash_operator to 2023-11-03T00:00:00+00:00, run_after=2023-11-04T00:00:00+00:00
[2023-11-04T16:37:37.429+0000] {processor.py:179} INFO - Processing /home/airflow/.local/lib/python3.8/site-packages/airflow/example_dags/example_bash_operator.py took 0.139 seconds
[2023-11-04T16:38:07.671+0000] {processor.py:157} INFO - Started process (PID=6992) to work on /home/airflow/.local/lib/python3.8/site-packages/airflow/example_dags/example_bash_operator.py
[2023-11-04T16:38:07.672+0000] {processor.py:829} INFO - Processing file /home/airflow/.local/lib/python3.8/site-packages/airflow/example_dags/example_bash_operator.py for tasks to queue
[2023-11-04T16:38:07.674+0000] {logging_mixin.py:151} INFO - [2023-11-04T16:38:07.673+0000] {dagbag.py:536} INFO - Filling up the DagBag from /home/airflow/.local/lib/python3.8/site-packages/airflow/example_dags/example_bash_operator.py
[2023-11-04T16:38:07.693+0000] {processor.py:839} INFO - DAG(s) dict_keys(['example_bash_operator']) retrieved from /home/airflow/.local/lib/python3.8/site-packages/airflow/example_dags/example_bash_operator.py
[2023-11-04T16:38:07.740+0000] {logging_mixin.py:151} INFO - [2023-11-04T16:38:07.740+0000] {dag.py:2941} INFO - Sync 1 DAGs
[2023-11-04T16:38:07.776+0000] {logging_mixin.py:151} INFO - [2023-11-04T16:38:07.776+0000] {dag.py:3722} INFO - Setting next_dagrun for example_bash_operator to 2023-11-03T00:00:00+00:00, run_after=2023-11-04T00:00:00+00:00
[2023-11-04T16:38:07.806+0000] {processor.py:179} INFO - Processing /home/airflow/.local/lib/python3.8/site-packages/airflow/example_dags/example_bash_operator.py took 0.140 seconds
[2023-11-04T16:38:37.871+0000] {processor.py:157} INFO - Started process (PID=7230) to work on /home/airflow/.local/lib/python3.8/site-packages/airflow/example_dags/example_bash_operator.py
[2023-11-04T16:38:37.873+0000] {processor.py:829} INFO - Processing file /home/airflow/.local/lib/python3.8/site-packages/airflow/example_dags/example_bash_operator.py for tasks to queue
[2023-11-04T16:38:37.875+0000] {logging_mixin.py:151} INFO - [2023-11-04T16:38:37.874+0000] {dagbag.py:536} INFO - Filling up the DagBag from /home/airflow/.local/lib/python3.8/site-packages/airflow/example_dags/example_bash_operator.py
[2023-11-04T16:38:37.894+0000] {processor.py:839} INFO - DAG(s) dict_keys(['example_bash_operator']) retrieved from /home/airflow/.local/lib/python3.8/site-packages/airflow/example_dags/example_bash_operator.py
[2023-11-04T16:38:37.940+0000] {logging_mixin.py:151} INFO - [2023-11-04T16:38:37.940+0000] {dag.py:2941} INFO - Sync 1 DAGs
[2023-11-04T16:38:37.976+0000] {logging_mixin.py:151} INFO - [2023-11-04T16:38:37.975+0000] {dag.py:3722} INFO - Setting next_dagrun for example_bash_operator to 2023-11-03T00:00:00+00:00, run_after=2023-11-04T00:00:00+00:00
[2023-11-04T16:38:38.003+0000] {processor.py:179} INFO - Processing /home/airflow/.local/lib/python3.8/site-packages/airflow/example_dags/example_bash_operator.py took 0.137 seconds
[2023-11-04T16:39:08.557+0000] {processor.py:157} INFO - Started process (PID=7468) to work on /home/airflow/.local/lib/python3.8/site-packages/airflow/example_dags/example_bash_operator.py
[2023-11-04T16:39:08.558+0000] {processor.py:829} INFO - Processing file /home/airflow/.local/lib/python3.8/site-packages/airflow/example_dags/example_bash_operator.py for tasks to queue
[2023-11-04T16:39:08.560+0000] {logging_mixin.py:151} INFO - [2023-11-04T16:39:08.560+0000] {dagbag.py:536} INFO - Filling up the DagBag from /home/airflow/.local/lib/python3.8/site-packages/airflow/example_dags/example_bash_operator.py
[2023-11-04T16:39:08.582+0000] {processor.py:839} INFO - DAG(s) dict_keys(['example_bash_operator']) retrieved from /home/airflow/.local/lib/python3.8/site-packages/airflow/example_dags/example_bash_operator.py
[2023-11-04T16:39:08.630+0000] {logging_mixin.py:151} INFO - [2023-11-04T16:39:08.630+0000] {dag.py:2941} INFO - Sync 1 DAGs
[2023-11-04T16:39:08.667+0000] {logging_mixin.py:151} INFO - [2023-11-04T16:39:08.667+0000] {dag.py:3722} INFO - Setting next_dagrun for example_bash_operator to 2023-11-03T00:00:00+00:00, run_after=2023-11-04T00:00:00+00:00
[2023-11-04T16:39:08.696+0000] {processor.py:179} INFO - Processing /home/airflow/.local/lib/python3.8/site-packages/airflow/example_dags/example_bash_operator.py took 0.144 seconds
[2023-11-04T16:39:39.005+0000] {processor.py:157} INFO - Started process (PID=7706) to work on /home/airflow/.local/lib/python3.8/site-packages/airflow/example_dags/example_bash_operator.py
[2023-11-04T16:39:39.007+0000] {processor.py:829} INFO - Processing file /home/airflow/.local/lib/python3.8/site-packages/airflow/example_dags/example_bash_operator.py for tasks to queue
[2023-11-04T16:39:39.009+0000] {logging_mixin.py:151} INFO - [2023-11-04T16:39:39.008+0000] {dagbag.py:536} INFO - Filling up the DagBag from /home/airflow/.local/lib/python3.8/site-packages/airflow/example_dags/example_bash_operator.py
[2023-11-04T16:39:39.027+0000] {processor.py:839} INFO - DAG(s) dict_keys(['example_bash_operator']) retrieved from /home/airflow/.local/lib/python3.8/site-packages/airflow/example_dags/example_bash_operator.py
[2023-11-04T16:39:39.076+0000] {logging_mixin.py:151} INFO - [2023-11-04T16:39:39.075+0000] {dag.py:2941} INFO - Sync 1 DAGs
[2023-11-04T16:39:39.120+0000] {logging_mixin.py:151} INFO - [2023-11-04T16:39:39.120+0000] {dag.py:3722} INFO - Setting next_dagrun for example_bash_operator to 2023-11-03T00:00:00+00:00, run_after=2023-11-04T00:00:00+00:00
[2023-11-04T16:39:39.148+0000] {processor.py:179} INFO - Processing /home/airflow/.local/lib/python3.8/site-packages/airflow/example_dags/example_bash_operator.py took 0.149 seconds
[2023-11-04T16:40:09.310+0000] {processor.py:157} INFO - Started process (PID=7944) to work on /home/airflow/.local/lib/python3.8/site-packages/airflow/example_dags/example_bash_operator.py
[2023-11-04T16:40:09.312+0000] {processor.py:829} INFO - Processing file /home/airflow/.local/lib/python3.8/site-packages/airflow/example_dags/example_bash_operator.py for tasks to queue
[2023-11-04T16:40:09.318+0000] {logging_mixin.py:151} INFO - [2023-11-04T16:40:09.317+0000] {dagbag.py:536} INFO - Filling up the DagBag from /home/airflow/.local/lib/python3.8/site-packages/airflow/example_dags/example_bash_operator.py
[2023-11-04T16:40:09.342+0000] {processor.py:839} INFO - DAG(s) dict_keys(['example_bash_operator']) retrieved from /home/airflow/.local/lib/python3.8/site-packages/airflow/example_dags/example_bash_operator.py
[2023-11-04T16:40:09.406+0000] {logging_mixin.py:151} INFO - [2023-11-04T16:40:09.405+0000] {dag.py:2941} INFO - Sync 1 DAGs
[2023-11-04T16:40:09.464+0000] {logging_mixin.py:151} INFO - [2023-11-04T16:40:09.463+0000] {dag.py:3722} INFO - Setting next_dagrun for example_bash_operator to 2023-11-03T00:00:00+00:00, run_after=2023-11-04T00:00:00+00:00
[2023-11-04T16:40:09.505+0000] {processor.py:179} INFO - Processing /home/airflow/.local/lib/python3.8/site-packages/airflow/example_dags/example_bash_operator.py took 0.202 seconds
[2023-11-04T16:40:40.023+0000] {processor.py:157} INFO - Started process (PID=8182) to work on /home/airflow/.local/lib/python3.8/site-packages/airflow/example_dags/example_bash_operator.py
[2023-11-04T16:40:40.025+0000] {processor.py:829} INFO - Processing file /home/airflow/.local/lib/python3.8/site-packages/airflow/example_dags/example_bash_operator.py for tasks to queue
[2023-11-04T16:40:40.027+0000] {logging_mixin.py:151} INFO - [2023-11-04T16:40:40.026+0000] {dagbag.py:536} INFO - Filling up the DagBag from /home/airflow/.local/lib/python3.8/site-packages/airflow/example_dags/example_bash_operator.py
[2023-11-04T16:40:40.048+0000] {processor.py:839} INFO - DAG(s) dict_keys(['example_bash_operator']) retrieved from /home/airflow/.local/lib/python3.8/site-packages/airflow/example_dags/example_bash_operator.py
[2023-11-04T16:40:40.103+0000] {logging_mixin.py:151} INFO - [2023-11-04T16:40:40.103+0000] {dag.py:2941} INFO - Sync 1 DAGs
[2023-11-04T16:40:40.146+0000] {logging_mixin.py:151} INFO - [2023-11-04T16:40:40.146+0000] {dag.py:3722} INFO - Setting next_dagrun for example_bash_operator to 2023-11-03T00:00:00+00:00, run_after=2023-11-04T00:00:00+00:00
[2023-11-04T16:40:40.178+0000] {processor.py:179} INFO - Processing /home/airflow/.local/lib/python3.8/site-packages/airflow/example_dags/example_bash_operator.py took 0.160 seconds
[2023-11-04T16:41:10.324+0000] {processor.py:157} INFO - Started process (PID=8420) to work on /home/airflow/.local/lib/python3.8/site-packages/airflow/example_dags/example_bash_operator.py
[2023-11-04T16:41:10.325+0000] {processor.py:829} INFO - Processing file /home/airflow/.local/lib/python3.8/site-packages/airflow/example_dags/example_bash_operator.py for tasks to queue
[2023-11-04T16:41:10.326+0000] {logging_mixin.py:151} INFO - [2023-11-04T16:41:10.326+0000] {dagbag.py:536} INFO - Filling up the DagBag from /home/airflow/.local/lib/python3.8/site-packages/airflow/example_dags/example_bash_operator.py
[2023-11-04T16:41:10.346+0000] {processor.py:839} INFO - DAG(s) dict_keys(['example_bash_operator']) retrieved from /home/airflow/.local/lib/python3.8/site-packages/airflow/example_dags/example_bash_operator.py
[2023-11-04T16:41:10.394+0000] {logging_mixin.py:151} INFO - [2023-11-04T16:41:10.394+0000] {dag.py:2941} INFO - Sync 1 DAGs
[2023-11-04T16:41:10.429+0000] {logging_mixin.py:151} INFO - [2023-11-04T16:41:10.428+0000] {dag.py:3722} INFO - Setting next_dagrun for example_bash_operator to 2023-11-03T00:00:00+00:00, run_after=2023-11-04T00:00:00+00:00
[2023-11-04T16:41:10.457+0000] {processor.py:179} INFO - Processing /home/airflow/.local/lib/python3.8/site-packages/airflow/example_dags/example_bash_operator.py took 0.138 seconds
[2023-11-04T16:41:40.964+0000] {processor.py:157} INFO - Started process (PID=8658) to work on /home/airflow/.local/lib/python3.8/site-packages/airflow/example_dags/example_bash_operator.py
[2023-11-04T16:41:40.965+0000] {processor.py:829} INFO - Processing file /home/airflow/.local/lib/python3.8/site-packages/airflow/example_dags/example_bash_operator.py for tasks to queue
[2023-11-04T16:41:40.967+0000] {logging_mixin.py:151} INFO - [2023-11-04T16:41:40.966+0000] {dagbag.py:536} INFO - Filling up the DagBag from /home/airflow/.local/lib/python3.8/site-packages/airflow/example_dags/example_bash_operator.py
[2023-11-04T16:41:40.987+0000] {processor.py:839} INFO - DAG(s) dict_keys(['example_bash_operator']) retrieved from /home/airflow/.local/lib/python3.8/site-packages/airflow/example_dags/example_bash_operator.py
[2023-11-04T16:41:41.033+0000] {logging_mixin.py:151} INFO - [2023-11-04T16:41:41.033+0000] {dag.py:2941} INFO - Sync 1 DAGs
[2023-11-04T16:41:41.067+0000] {logging_mixin.py:151} INFO - [2023-11-04T16:41:41.067+0000] {dag.py:3722} INFO - Setting next_dagrun for example_bash_operator to 2023-11-03T00:00:00+00:00, run_after=2023-11-04T00:00:00+00:00
[2023-11-04T16:41:41.096+0000] {processor.py:179} INFO - Processing /home/airflow/.local/lib/python3.8/site-packages/airflow/example_dags/example_bash_operator.py took 0.137 seconds
[2023-11-04T16:42:11.841+0000] {processor.py:157} INFO - Started process (PID=8896) to work on /home/airflow/.local/lib/python3.8/site-packages/airflow/example_dags/example_bash_operator.py
[2023-11-04T16:42:11.843+0000] {processor.py:829} INFO - Processing file /home/airflow/.local/lib/python3.8/site-packages/airflow/example_dags/example_bash_operator.py for tasks to queue
[2023-11-04T16:42:11.845+0000] {logging_mixin.py:151} INFO - [2023-11-04T16:42:11.845+0000] {dagbag.py:536} INFO - Filling up the DagBag from /home/airflow/.local/lib/python3.8/site-packages/airflow/example_dags/example_bash_operator.py
[2023-11-04T16:42:11.873+0000] {processor.py:839} INFO - DAG(s) dict_keys(['example_bash_operator']) retrieved from /home/airflow/.local/lib/python3.8/site-packages/airflow/example_dags/example_bash_operator.py
[2023-11-04T16:42:11.941+0000] {logging_mixin.py:151} INFO - [2023-11-04T16:42:11.941+0000] {dag.py:2941} INFO - Sync 1 DAGs
[2023-11-04T16:42:11.976+0000] {logging_mixin.py:151} INFO - [2023-11-04T16:42:11.976+0000] {dag.py:3722} INFO - Setting next_dagrun for example_bash_operator to 2023-11-03T00:00:00+00:00, run_after=2023-11-04T00:00:00+00:00
[2023-11-04T16:42:12.159+0000] {processor.py:179} INFO - Processing /home/airflow/.local/lib/python3.8/site-packages/airflow/example_dags/example_bash_operator.py took 0.326 seconds
[2023-11-04T17:13:30.583+0000] {processor.py:157} INFO - Started process (PID=317) to work on /home/airflow/.local/lib/python3.8/site-packages/airflow/example_dags/example_bash_operator.py
[2023-11-04T17:13:30.585+0000] {processor.py:829} INFO - Processing file /home/airflow/.local/lib/python3.8/site-packages/airflow/example_dags/example_bash_operator.py for tasks to queue
[2023-11-04T17:13:30.587+0000] {logging_mixin.py:151} INFO - [2023-11-04T17:13:30.587+0000] {dagbag.py:536} INFO - Filling up the DagBag from /home/airflow/.local/lib/python3.8/site-packages/airflow/example_dags/example_bash_operator.py
[2023-11-04T17:13:30.614+0000] {processor.py:839} INFO - DAG(s) dict_keys(['example_bash_operator']) retrieved from /home/airflow/.local/lib/python3.8/site-packages/airflow/example_dags/example_bash_operator.py
[2023-11-04T17:13:30.672+0000] {logging_mixin.py:151} INFO - [2023-11-04T17:13:30.672+0000] {dag.py:2941} INFO - Sync 1 DAGs
[2023-11-04T17:13:30.714+0000] {logging_mixin.py:151} INFO - [2023-11-04T17:13:30.714+0000] {dag.py:3722} INFO - Setting next_dagrun for example_bash_operator to 2023-11-03T00:00:00+00:00, run_after=2023-11-04T00:00:00+00:00
[2023-11-04T17:13:30.748+0000] {processor.py:179} INFO - Processing /home/airflow/.local/lib/python3.8/site-packages/airflow/example_dags/example_bash_operator.py took 0.169 seconds
[2023-11-04T17:14:00.888+0000] {processor.py:157} INFO - Started process (PID=557) to work on /home/airflow/.local/lib/python3.8/site-packages/airflow/example_dags/example_bash_operator.py
[2023-11-04T17:14:00.890+0000] {processor.py:829} INFO - Processing file /home/airflow/.local/lib/python3.8/site-packages/airflow/example_dags/example_bash_operator.py for tasks to queue
[2023-11-04T17:14:00.891+0000] {logging_mixin.py:151} INFO - [2023-11-04T17:14:00.891+0000] {dagbag.py:536} INFO - Filling up the DagBag from /home/airflow/.local/lib/python3.8/site-packages/airflow/example_dags/example_bash_operator.py
[2023-11-04T17:14:00.910+0000] {processor.py:839} INFO - DAG(s) dict_keys(['example_bash_operator']) retrieved from /home/airflow/.local/lib/python3.8/site-packages/airflow/example_dags/example_bash_operator.py
[2023-11-04T17:14:00.931+0000] {logging_mixin.py:151} INFO - [2023-11-04T17:14:00.931+0000] {dag.py:2941} INFO - Sync 1 DAGs
[2023-11-04T17:14:00.972+0000] {logging_mixin.py:151} INFO - [2023-11-04T17:14:00.971+0000] {dag.py:3722} INFO - Setting next_dagrun for example_bash_operator to 2023-11-03T00:00:00+00:00, run_after=2023-11-04T00:00:00+00:00
[2023-11-04T17:14:01.001+0000] {processor.py:179} INFO - Processing /home/airflow/.local/lib/python3.8/site-packages/airflow/example_dags/example_bash_operator.py took 0.119 seconds
[2023-11-04T17:14:31.779+0000] {processor.py:157} INFO - Started process (PID=793) to work on /home/airflow/.local/lib/python3.8/site-packages/airflow/example_dags/example_bash_operator.py
[2023-11-04T17:14:31.781+0000] {processor.py:829} INFO - Processing file /home/airflow/.local/lib/python3.8/site-packages/airflow/example_dags/example_bash_operator.py for tasks to queue
[2023-11-04T17:14:31.783+0000] {logging_mixin.py:151} INFO - [2023-11-04T17:14:31.782+0000] {dagbag.py:536} INFO - Filling up the DagBag from /home/airflow/.local/lib/python3.8/site-packages/airflow/example_dags/example_bash_operator.py
[2023-11-04T17:14:31.805+0000] {processor.py:839} INFO - DAG(s) dict_keys(['example_bash_operator']) retrieved from /home/airflow/.local/lib/python3.8/site-packages/airflow/example_dags/example_bash_operator.py
[2023-11-04T17:14:31.823+0000] {logging_mixin.py:151} INFO - [2023-11-04T17:14:31.823+0000] {dag.py:2941} INFO - Sync 1 DAGs
[2023-11-04T17:14:31.866+0000] {logging_mixin.py:151} INFO - [2023-11-04T17:14:31.866+0000] {dag.py:3722} INFO - Setting next_dagrun for example_bash_operator to 2023-11-03T00:00:00+00:00, run_after=2023-11-04T00:00:00+00:00
[2023-11-04T17:14:31.900+0000] {processor.py:179} INFO - Processing /home/airflow/.local/lib/python3.8/site-packages/airflow/example_dags/example_bash_operator.py took 0.126 seconds
[2023-11-04T17:15:02.485+0000] {processor.py:157} INFO - Started process (PID=1031) to work on /home/airflow/.local/lib/python3.8/site-packages/airflow/example_dags/example_bash_operator.py
[2023-11-04T17:15:02.487+0000] {processor.py:829} INFO - Processing file /home/airflow/.local/lib/python3.8/site-packages/airflow/example_dags/example_bash_operator.py for tasks to queue
[2023-11-04T17:15:02.490+0000] {logging_mixin.py:151} INFO - [2023-11-04T17:15:02.488+0000] {dagbag.py:536} INFO - Filling up the DagBag from /home/airflow/.local/lib/python3.8/site-packages/airflow/example_dags/example_bash_operator.py
[2023-11-04T17:15:02.513+0000] {processor.py:839} INFO - DAG(s) dict_keys(['example_bash_operator']) retrieved from /home/airflow/.local/lib/python3.8/site-packages/airflow/example_dags/example_bash_operator.py
[2023-11-04T17:15:02.571+0000] {logging_mixin.py:151} INFO - [2023-11-04T17:15:02.571+0000] {dag.py:2941} INFO - Sync 1 DAGs
[2023-11-04T17:15:02.609+0000] {logging_mixin.py:151} INFO - [2023-11-04T17:15:02.609+0000] {dag.py:3722} INFO - Setting next_dagrun for example_bash_operator to 2023-11-03T00:00:00+00:00, run_after=2023-11-04T00:00:00+00:00
[2023-11-04T17:15:02.641+0000] {processor.py:179} INFO - Processing /home/airflow/.local/lib/python3.8/site-packages/airflow/example_dags/example_bash_operator.py took 0.162 seconds
[2023-11-04T17:15:33.486+0000] {processor.py:157} INFO - Started process (PID=1269) to work on /home/airflow/.local/lib/python3.8/site-packages/airflow/example_dags/example_bash_operator.py
[2023-11-04T17:15:33.488+0000] {processor.py:829} INFO - Processing file /home/airflow/.local/lib/python3.8/site-packages/airflow/example_dags/example_bash_operator.py for tasks to queue
[2023-11-04T17:15:33.490+0000] {logging_mixin.py:151} INFO - [2023-11-04T17:15:33.489+0000] {dagbag.py:536} INFO - Filling up the DagBag from /home/airflow/.local/lib/python3.8/site-packages/airflow/example_dags/example_bash_operator.py
[2023-11-04T17:15:33.511+0000] {processor.py:839} INFO - DAG(s) dict_keys(['example_bash_operator']) retrieved from /home/airflow/.local/lib/python3.8/site-packages/airflow/example_dags/example_bash_operator.py
[2023-11-04T17:15:33.564+0000] {logging_mixin.py:151} INFO - [2023-11-04T17:15:33.564+0000] {dag.py:2941} INFO - Sync 1 DAGs
[2023-11-04T17:15:33.607+0000] {logging_mixin.py:151} INFO - [2023-11-04T17:15:33.607+0000] {dag.py:3722} INFO - Setting next_dagrun for example_bash_operator to 2023-11-03T00:00:00+00:00, run_after=2023-11-04T00:00:00+00:00
[2023-11-04T17:15:33.637+0000] {processor.py:179} INFO - Processing /home/airflow/.local/lib/python3.8/site-packages/airflow/example_dags/example_bash_operator.py took 0.155 seconds
[2023-11-04T17:16:03.801+0000] {processor.py:157} INFO - Started process (PID=1531) to work on /home/airflow/.local/lib/python3.8/site-packages/airflow/example_dags/example_bash_operator.py
[2023-11-04T17:16:03.803+0000] {processor.py:829} INFO - Processing file /home/airflow/.local/lib/python3.8/site-packages/airflow/example_dags/example_bash_operator.py for tasks to queue
[2023-11-04T17:16:03.806+0000] {logging_mixin.py:151} INFO - [2023-11-04T17:16:03.805+0000] {dagbag.py:536} INFO - Filling up the DagBag from /home/airflow/.local/lib/python3.8/site-packages/airflow/example_dags/example_bash_operator.py
[2023-11-04T17:16:03.827+0000] {processor.py:839} INFO - DAG(s) dict_keys(['example_bash_operator']) retrieved from /home/airflow/.local/lib/python3.8/site-packages/airflow/example_dags/example_bash_operator.py
[2023-11-04T17:16:03.882+0000] {logging_mixin.py:151} INFO - [2023-11-04T17:16:03.881+0000] {dag.py:2941} INFO - Sync 1 DAGs
[2023-11-04T17:16:03.926+0000] {logging_mixin.py:151} INFO - [2023-11-04T17:16:03.925+0000] {dag.py:3722} INFO - Setting next_dagrun for example_bash_operator to 2023-11-04T00:00:00+00:00, run_after=2023-11-05T00:00:00+00:00
[2023-11-04T17:16:03.958+0000] {processor.py:179} INFO - Processing /home/airflow/.local/lib/python3.8/site-packages/airflow/example_dags/example_bash_operator.py took 0.163 seconds
[2023-11-04T17:16:34.203+0000] {processor.py:157} INFO - Started process (PID=1770) to work on /home/airflow/.local/lib/python3.8/site-packages/airflow/example_dags/example_bash_operator.py
[2023-11-04T17:16:34.205+0000] {processor.py:829} INFO - Processing file /home/airflow/.local/lib/python3.8/site-packages/airflow/example_dags/example_bash_operator.py for tasks to queue
[2023-11-04T17:16:34.209+0000] {logging_mixin.py:151} INFO - [2023-11-04T17:16:34.209+0000] {dagbag.py:536} INFO - Filling up the DagBag from /home/airflow/.local/lib/python3.8/site-packages/airflow/example_dags/example_bash_operator.py
[2023-11-04T17:16:34.234+0000] {processor.py:839} INFO - DAG(s) dict_keys(['example_bash_operator']) retrieved from /home/airflow/.local/lib/python3.8/site-packages/airflow/example_dags/example_bash_operator.py
[2023-11-04T17:16:34.303+0000] {logging_mixin.py:151} INFO - [2023-11-04T17:16:34.302+0000] {dag.py:2941} INFO - Sync 1 DAGs
[2023-11-04T17:16:34.344+0000] {logging_mixin.py:151} INFO - [2023-11-04T17:16:34.343+0000] {dag.py:3722} INFO - Setting next_dagrun for example_bash_operator to 2023-11-04T00:00:00+00:00, run_after=2023-11-05T00:00:00+00:00
[2023-11-04T17:16:34.372+0000] {processor.py:179} INFO - Processing /home/airflow/.local/lib/python3.8/site-packages/airflow/example_dags/example_bash_operator.py took 0.174 seconds
[2023-11-04T17:17:05.046+0000] {processor.py:157} INFO - Started process (PID=2010) to work on /home/airflow/.local/lib/python3.8/site-packages/airflow/example_dags/example_bash_operator.py
[2023-11-04T17:17:05.047+0000] {processor.py:829} INFO - Processing file /home/airflow/.local/lib/python3.8/site-packages/airflow/example_dags/example_bash_operator.py for tasks to queue
[2023-11-04T17:17:05.049+0000] {logging_mixin.py:151} INFO - [2023-11-04T17:17:05.048+0000] {dagbag.py:536} INFO - Filling up the DagBag from /home/airflow/.local/lib/python3.8/site-packages/airflow/example_dags/example_bash_operator.py
[2023-11-04T17:17:05.067+0000] {processor.py:839} INFO - DAG(s) dict_keys(['example_bash_operator']) retrieved from /home/airflow/.local/lib/python3.8/site-packages/airflow/example_dags/example_bash_operator.py
[2023-11-04T17:17:05.112+0000] {logging_mixin.py:151} INFO - [2023-11-04T17:17:05.112+0000] {dag.py:2941} INFO - Sync 1 DAGs
[2023-11-04T17:17:05.147+0000] {logging_mixin.py:151} INFO - [2023-11-04T17:17:05.146+0000] {dag.py:3722} INFO - Setting next_dagrun for example_bash_operator to 2023-11-04T00:00:00+00:00, run_after=2023-11-05T00:00:00+00:00
[2023-11-04T17:17:05.183+0000] {processor.py:179} INFO - Processing /home/airflow/.local/lib/python3.8/site-packages/airflow/example_dags/example_bash_operator.py took 0.142 seconds
[2023-11-04T17:17:35.294+0000] {processor.py:157} INFO - Started process (PID=2254) to work on /home/airflow/.local/lib/python3.8/site-packages/airflow/example_dags/example_bash_operator.py
[2023-11-04T17:17:35.303+0000] {processor.py:829} INFO - Processing file /home/airflow/.local/lib/python3.8/site-packages/airflow/example_dags/example_bash_operator.py for tasks to queue
[2023-11-04T17:17:35.305+0000] {logging_mixin.py:151} INFO - [2023-11-04T17:17:35.305+0000] {dagbag.py:536} INFO - Filling up the DagBag from /home/airflow/.local/lib/python3.8/site-packages/airflow/example_dags/example_bash_operator.py
[2023-11-04T17:17:35.324+0000] {processor.py:839} INFO - DAG(s) dict_keys(['example_bash_operator']) retrieved from /home/airflow/.local/lib/python3.8/site-packages/airflow/example_dags/example_bash_operator.py
[2023-11-04T17:17:35.373+0000] {logging_mixin.py:151} INFO - [2023-11-04T17:17:35.372+0000] {dag.py:2941} INFO - Sync 1 DAGs
[2023-11-04T17:17:35.419+0000] {logging_mixin.py:151} INFO - [2023-11-04T17:17:35.418+0000] {dag.py:3722} INFO - Setting next_dagrun for example_bash_operator to 2023-11-04T00:00:00+00:00, run_after=2023-11-05T00:00:00+00:00
[2023-11-04T17:17:35.461+0000] {processor.py:179} INFO - Processing /home/airflow/.local/lib/python3.8/site-packages/airflow/example_dags/example_bash_operator.py took 0.174 seconds
[2023-11-04T17:18:05.514+0000] {processor.py:157} INFO - Started process (PID=2493) to work on /home/airflow/.local/lib/python3.8/site-packages/airflow/example_dags/example_bash_operator.py
[2023-11-04T17:18:05.515+0000] {processor.py:829} INFO - Processing file /home/airflow/.local/lib/python3.8/site-packages/airflow/example_dags/example_bash_operator.py for tasks to queue
[2023-11-04T17:18:05.517+0000] {logging_mixin.py:151} INFO - [2023-11-04T17:18:05.517+0000] {dagbag.py:536} INFO - Filling up the DagBag from /home/airflow/.local/lib/python3.8/site-packages/airflow/example_dags/example_bash_operator.py
[2023-11-04T17:18:05.541+0000] {processor.py:839} INFO - DAG(s) dict_keys(['example_bash_operator']) retrieved from /home/airflow/.local/lib/python3.8/site-packages/airflow/example_dags/example_bash_operator.py
[2023-11-04T17:18:05.587+0000] {logging_mixin.py:151} INFO - [2023-11-04T17:18:05.587+0000] {dag.py:2941} INFO - Sync 1 DAGs
[2023-11-04T17:18:05.621+0000] {logging_mixin.py:151} INFO - [2023-11-04T17:18:05.621+0000] {dag.py:3722} INFO - Setting next_dagrun for example_bash_operator to 2023-11-04T00:00:00+00:00, run_after=2023-11-05T00:00:00+00:00
[2023-11-04T17:18:05.654+0000] {processor.py:179} INFO - Processing /home/airflow/.local/lib/python3.8/site-packages/airflow/example_dags/example_bash_operator.py took 0.147 seconds
[2023-11-04T17:18:36.192+0000] {processor.py:157} INFO - Started process (PID=2729) to work on /home/airflow/.local/lib/python3.8/site-packages/airflow/example_dags/example_bash_operator.py
[2023-11-04T17:18:36.194+0000] {processor.py:829} INFO - Processing file /home/airflow/.local/lib/python3.8/site-packages/airflow/example_dags/example_bash_operator.py for tasks to queue
[2023-11-04T17:18:36.196+0000] {logging_mixin.py:151} INFO - [2023-11-04T17:18:36.196+0000] {dagbag.py:536} INFO - Filling up the DagBag from /home/airflow/.local/lib/python3.8/site-packages/airflow/example_dags/example_bash_operator.py
[2023-11-04T17:18:36.218+0000] {processor.py:839} INFO - DAG(s) dict_keys(['example_bash_operator']) retrieved from /home/airflow/.local/lib/python3.8/site-packages/airflow/example_dags/example_bash_operator.py
[2023-11-04T17:18:36.265+0000] {logging_mixin.py:151} INFO - [2023-11-04T17:18:36.264+0000] {dag.py:2941} INFO - Sync 1 DAGs
[2023-11-04T17:18:36.301+0000] {logging_mixin.py:151} INFO - [2023-11-04T17:18:36.300+0000] {dag.py:3722} INFO - Setting next_dagrun for example_bash_operator to 2023-11-04T00:00:00+00:00, run_after=2023-11-05T00:00:00+00:00
[2023-11-04T17:18:36.333+0000] {processor.py:179} INFO - Processing /home/airflow/.local/lib/python3.8/site-packages/airflow/example_dags/example_bash_operator.py took 0.148 seconds
[2023-11-04T17:19:06.553+0000] {processor.py:157} INFO - Started process (PID=2969) to work on /home/airflow/.local/lib/python3.8/site-packages/airflow/example_dags/example_bash_operator.py
[2023-11-04T17:19:06.555+0000] {processor.py:829} INFO - Processing file /home/airflow/.local/lib/python3.8/site-packages/airflow/example_dags/example_bash_operator.py for tasks to queue
[2023-11-04T17:19:06.556+0000] {logging_mixin.py:151} INFO - [2023-11-04T17:19:06.556+0000] {dagbag.py:536} INFO - Filling up the DagBag from /home/airflow/.local/lib/python3.8/site-packages/airflow/example_dags/example_bash_operator.py
[2023-11-04T17:19:06.576+0000] {processor.py:839} INFO - DAG(s) dict_keys(['example_bash_operator']) retrieved from /home/airflow/.local/lib/python3.8/site-packages/airflow/example_dags/example_bash_operator.py
[2023-11-04T17:19:06.625+0000] {logging_mixin.py:151} INFO - [2023-11-04T17:19:06.624+0000] {dag.py:2941} INFO - Sync 1 DAGs
[2023-11-04T17:19:06.663+0000] {logging_mixin.py:151} INFO - [2023-11-04T17:19:06.663+0000] {dag.py:3722} INFO - Setting next_dagrun for example_bash_operator to 2023-11-04T00:00:00+00:00, run_after=2023-11-05T00:00:00+00:00
[2023-11-04T17:19:06.693+0000] {processor.py:179} INFO - Processing /home/airflow/.local/lib/python3.8/site-packages/airflow/example_dags/example_bash_operator.py took 0.145 seconds
[2023-11-04T17:19:36.777+0000] {processor.py:157} INFO - Started process (PID=3205) to work on /home/airflow/.local/lib/python3.8/site-packages/airflow/example_dags/example_bash_operator.py
[2023-11-04T17:19:36.779+0000] {processor.py:829} INFO - Processing file /home/airflow/.local/lib/python3.8/site-packages/airflow/example_dags/example_bash_operator.py for tasks to queue
[2023-11-04T17:19:36.780+0000] {logging_mixin.py:151} INFO - [2023-11-04T17:19:36.780+0000] {dagbag.py:536} INFO - Filling up the DagBag from /home/airflow/.local/lib/python3.8/site-packages/airflow/example_dags/example_bash_operator.py
[2023-11-04T17:19:36.799+0000] {processor.py:839} INFO - DAG(s) dict_keys(['example_bash_operator']) retrieved from /home/airflow/.local/lib/python3.8/site-packages/airflow/example_dags/example_bash_operator.py
[2023-11-04T17:19:36.848+0000] {logging_mixin.py:151} INFO - [2023-11-04T17:19:36.848+0000] {dag.py:2941} INFO - Sync 1 DAGs
[2023-11-04T17:19:36.884+0000] {logging_mixin.py:151} INFO - [2023-11-04T17:19:36.884+0000] {dag.py:3722} INFO - Setting next_dagrun for example_bash_operator to 2023-11-04T00:00:00+00:00, run_after=2023-11-05T00:00:00+00:00
[2023-11-04T17:19:36.914+0000] {processor.py:179} INFO - Processing /home/airflow/.local/lib/python3.8/site-packages/airflow/example_dags/example_bash_operator.py took 0.141 seconds
[2023-11-04T17:20:07.420+0000] {processor.py:157} INFO - Started process (PID=3443) to work on /home/airflow/.local/lib/python3.8/site-packages/airflow/example_dags/example_bash_operator.py
[2023-11-04T17:20:07.421+0000] {processor.py:829} INFO - Processing file /home/airflow/.local/lib/python3.8/site-packages/airflow/example_dags/example_bash_operator.py for tasks to queue
[2023-11-04T17:20:07.423+0000] {logging_mixin.py:151} INFO - [2023-11-04T17:20:07.422+0000] {dagbag.py:536} INFO - Filling up the DagBag from /home/airflow/.local/lib/python3.8/site-packages/airflow/example_dags/example_bash_operator.py
[2023-11-04T17:20:07.443+0000] {processor.py:839} INFO - DAG(s) dict_keys(['example_bash_operator']) retrieved from /home/airflow/.local/lib/python3.8/site-packages/airflow/example_dags/example_bash_operator.py
[2023-11-04T17:20:07.494+0000] {logging_mixin.py:151} INFO - [2023-11-04T17:20:07.494+0000] {dag.py:2941} INFO - Sync 1 DAGs
[2023-11-04T17:20:07.533+0000] {logging_mixin.py:151} INFO - [2023-11-04T17:20:07.533+0000] {dag.py:3722} INFO - Setting next_dagrun for example_bash_operator to 2023-11-04T00:00:00+00:00, run_after=2023-11-05T00:00:00+00:00
[2023-11-04T17:20:07.560+0000] {processor.py:179} INFO - Processing /home/airflow/.local/lib/python3.8/site-packages/airflow/example_dags/example_bash_operator.py took 0.146 seconds
[2023-11-04T17:20:37.849+0000] {processor.py:157} INFO - Started process (PID=3681) to work on /home/airflow/.local/lib/python3.8/site-packages/airflow/example_dags/example_bash_operator.py
[2023-11-04T17:20:37.851+0000] {processor.py:829} INFO - Processing file /home/airflow/.local/lib/python3.8/site-packages/airflow/example_dags/example_bash_operator.py for tasks to queue
[2023-11-04T17:20:37.853+0000] {logging_mixin.py:151} INFO - [2023-11-04T17:20:37.852+0000] {dagbag.py:536} INFO - Filling up the DagBag from /home/airflow/.local/lib/python3.8/site-packages/airflow/example_dags/example_bash_operator.py
[2023-11-04T17:20:37.872+0000] {processor.py:839} INFO - DAG(s) dict_keys(['example_bash_operator']) retrieved from /home/airflow/.local/lib/python3.8/site-packages/airflow/example_dags/example_bash_operator.py
[2023-11-04T17:20:37.920+0000] {logging_mixin.py:151} INFO - [2023-11-04T17:20:37.920+0000] {dag.py:2941} INFO - Sync 1 DAGs
[2023-11-04T17:20:37.957+0000] {logging_mixin.py:151} INFO - [2023-11-04T17:20:37.956+0000] {dag.py:3722} INFO - Setting next_dagrun for example_bash_operator to 2023-11-04T00:00:00+00:00, run_after=2023-11-05T00:00:00+00:00
[2023-11-04T17:20:37.986+0000] {processor.py:179} INFO - Processing /home/airflow/.local/lib/python3.8/site-packages/airflow/example_dags/example_bash_operator.py took 0.143 seconds
[2023-11-04T17:21:09.704+0000] {processor.py:157} INFO - Started process (PID=3924) to work on /home/airflow/.local/lib/python3.8/site-packages/airflow/example_dags/example_bash_operator.py
[2023-11-04T17:21:09.711+0000] {processor.py:829} INFO - Processing file /home/airflow/.local/lib/python3.8/site-packages/airflow/example_dags/example_bash_operator.py for tasks to queue
[2023-11-04T17:21:09.717+0000] {logging_mixin.py:151} INFO - [2023-11-04T17:21:09.715+0000] {dagbag.py:536} INFO - Filling up the DagBag from /home/airflow/.local/lib/python3.8/site-packages/airflow/example_dags/example_bash_operator.py
[2023-11-04T17:21:09.774+0000] {processor.py:839} INFO - DAG(s) dict_keys(['example_bash_operator']) retrieved from /home/airflow/.local/lib/python3.8/site-packages/airflow/example_dags/example_bash_operator.py
[2023-11-04T17:21:09.914+0000] {logging_mixin.py:151} INFO - [2023-11-04T17:21:09.913+0000] {dag.py:2941} INFO - Sync 1 DAGs
[2023-11-04T17:21:10.020+0000] {logging_mixin.py:151} INFO - [2023-11-04T17:21:10.019+0000] {dag.py:3722} INFO - Setting next_dagrun for example_bash_operator to 2023-11-04T00:00:00+00:00, run_after=2023-11-05T00:00:00+00:00
[2023-11-04T17:21:10.135+0000] {processor.py:179} INFO - Processing /home/airflow/.local/lib/python3.8/site-packages/airflow/example_dags/example_bash_operator.py took 0.456 seconds
[2023-11-04T17:21:40.373+0000] {processor.py:157} INFO - Started process (PID=4201) to work on /home/airflow/.local/lib/python3.8/site-packages/airflow/example_dags/example_bash_operator.py
[2023-11-04T17:21:40.375+0000] {processor.py:829} INFO - Processing file /home/airflow/.local/lib/python3.8/site-packages/airflow/example_dags/example_bash_operator.py for tasks to queue
[2023-11-04T17:21:40.377+0000] {logging_mixin.py:151} INFO - [2023-11-04T17:21:40.376+0000] {dagbag.py:536} INFO - Filling up the DagBag from /home/airflow/.local/lib/python3.8/site-packages/airflow/example_dags/example_bash_operator.py
[2023-11-04T17:21:40.398+0000] {processor.py:839} INFO - DAG(s) dict_keys(['example_bash_operator']) retrieved from /home/airflow/.local/lib/python3.8/site-packages/airflow/example_dags/example_bash_operator.py
[2023-11-04T17:21:40.459+0000] {logging_mixin.py:151} INFO - [2023-11-04T17:21:40.459+0000] {dag.py:2941} INFO - Sync 1 DAGs
[2023-11-04T17:21:40.505+0000] {logging_mixin.py:151} INFO - [2023-11-04T17:21:40.505+0000] {dag.py:3722} INFO - Setting next_dagrun for example_bash_operator to 2023-11-04T00:00:00+00:00, run_after=2023-11-05T00:00:00+00:00
[2023-11-04T17:21:40.538+0000] {processor.py:179} INFO - Processing /home/airflow/.local/lib/python3.8/site-packages/airflow/example_dags/example_bash_operator.py took 0.171 seconds
[2023-11-04T17:22:11.336+0000] {processor.py:157} INFO - Started process (PID=4443) to work on /home/airflow/.local/lib/python3.8/site-packages/airflow/example_dags/example_bash_operator.py
[2023-11-04T17:22:11.340+0000] {processor.py:829} INFO - Processing file /home/airflow/.local/lib/python3.8/site-packages/airflow/example_dags/example_bash_operator.py for tasks to queue
[2023-11-04T17:22:11.342+0000] {logging_mixin.py:151} INFO - [2023-11-04T17:22:11.342+0000] {dagbag.py:536} INFO - Filling up the DagBag from /home/airflow/.local/lib/python3.8/site-packages/airflow/example_dags/example_bash_operator.py
[2023-11-04T17:22:11.377+0000] {processor.py:839} INFO - DAG(s) dict_keys(['example_bash_operator']) retrieved from /home/airflow/.local/lib/python3.8/site-packages/airflow/example_dags/example_bash_operator.py
[2023-11-04T17:22:11.455+0000] {logging_mixin.py:151} INFO - [2023-11-04T17:22:11.455+0000] {dag.py:2941} INFO - Sync 1 DAGs
[2023-11-04T17:22:11.530+0000] {logging_mixin.py:151} INFO - [2023-11-04T17:22:11.529+0000] {dag.py:3722} INFO - Setting next_dagrun for example_bash_operator to 2023-11-04T00:00:00+00:00, run_after=2023-11-05T00:00:00+00:00
[2023-11-04T17:22:11.579+0000] {processor.py:179} INFO - Processing /home/airflow/.local/lib/python3.8/site-packages/airflow/example_dags/example_bash_operator.py took 0.248 seconds
[2023-11-04T17:22:41.899+0000] {processor.py:157} INFO - Started process (PID=4681) to work on /home/airflow/.local/lib/python3.8/site-packages/airflow/example_dags/example_bash_operator.py
[2023-11-04T17:22:41.901+0000] {processor.py:829} INFO - Processing file /home/airflow/.local/lib/python3.8/site-packages/airflow/example_dags/example_bash_operator.py for tasks to queue
[2023-11-04T17:22:41.902+0000] {logging_mixin.py:151} INFO - [2023-11-04T17:22:41.902+0000] {dagbag.py:536} INFO - Filling up the DagBag from /home/airflow/.local/lib/python3.8/site-packages/airflow/example_dags/example_bash_operator.py
[2023-11-04T17:22:41.938+0000] {processor.py:839} INFO - DAG(s) dict_keys(['example_bash_operator']) retrieved from /home/airflow/.local/lib/python3.8/site-packages/airflow/example_dags/example_bash_operator.py
[2023-11-04T17:22:42.018+0000] {logging_mixin.py:151} INFO - [2023-11-04T17:22:42.018+0000] {dag.py:2941} INFO - Sync 1 DAGs
[2023-11-04T17:22:42.085+0000] {logging_mixin.py:151} INFO - [2023-11-04T17:22:42.085+0000] {dag.py:3722} INFO - Setting next_dagrun for example_bash_operator to 2023-11-04T00:00:00+00:00, run_after=2023-11-05T00:00:00+00:00
[2023-11-04T17:22:42.132+0000] {processor.py:179} INFO - Processing /home/airflow/.local/lib/python3.8/site-packages/airflow/example_dags/example_bash_operator.py took 0.241 seconds
