[2023-11-04T16:23:46.903+0000] {processor.py:157} INFO - Started process (PID=308) to work on /home/airflow/.local/lib/python3.8/site-packages/airflow/example_dags/example_setup_teardown_taskflow.py
[2023-11-04T16:23:46.905+0000] {processor.py:829} INFO - Processing file /home/airflow/.local/lib/python3.8/site-packages/airflow/example_dags/example_setup_teardown_taskflow.py for tasks to queue
[2023-11-04T16:23:46.907+0000] {logging_mixin.py:151} INFO - [2023-11-04T16:23:46.907+0000] {dagbag.py:536} INFO - Filling up the DagBag from /home/airflow/.local/lib/python3.8/site-packages/airflow/example_dags/example_setup_teardown_taskflow.py
[2023-11-04T16:23:46.927+0000] {processor.py:839} INFO - DAG(s) dict_keys(['example_setup_teardown_taskflow']) retrieved from /home/airflow/.local/lib/python3.8/site-packages/airflow/example_dags/example_setup_teardown_taskflow.py
[2023-11-04T16:23:46.947+0000] {logging_mixin.py:151} INFO - [2023-11-04T16:23:46.947+0000] {dag.py:2941} INFO - Sync 1 DAGs
[2023-11-04T16:23:46.985+0000] {logging_mixin.py:151} INFO - [2023-11-04T16:23:46.985+0000] {dag.py:3722} INFO - Setting next_dagrun for example_setup_teardown_taskflow to 2023-11-03T16:23:46.984827+00:00, run_after=2023-11-04T16:23:46.984827+00:00
[2023-11-04T16:23:47.016+0000] {processor.py:179} INFO - Processing /home/airflow/.local/lib/python3.8/site-packages/airflow/example_dags/example_setup_teardown_taskflow.py took 0.118 seconds
[2023-11-04T16:24:17.522+0000] {processor.py:157} INFO - Started process (PID=546) to work on /home/airflow/.local/lib/python3.8/site-packages/airflow/example_dags/example_setup_teardown_taskflow.py
[2023-11-04T16:24:17.523+0000] {processor.py:829} INFO - Processing file /home/airflow/.local/lib/python3.8/site-packages/airflow/example_dags/example_setup_teardown_taskflow.py for tasks to queue
[2023-11-04T16:24:17.525+0000] {logging_mixin.py:151} INFO - [2023-11-04T16:24:17.524+0000] {dagbag.py:536} INFO - Filling up the DagBag from /home/airflow/.local/lib/python3.8/site-packages/airflow/example_dags/example_setup_teardown_taskflow.py
[2023-11-04T16:24:17.542+0000] {processor.py:839} INFO - DAG(s) dict_keys(['example_setup_teardown_taskflow']) retrieved from /home/airflow/.local/lib/python3.8/site-packages/airflow/example_dags/example_setup_teardown_taskflow.py
[2023-11-04T16:24:17.576+0000] {logging_mixin.py:151} INFO - [2023-11-04T16:24:17.575+0000] {dag.py:2941} INFO - Sync 1 DAGs
[2023-11-04T16:24:17.609+0000] {logging_mixin.py:151} INFO - [2023-11-04T16:24:17.608+0000] {dag.py:3722} INFO - Setting next_dagrun for example_setup_teardown_taskflow to 2023-11-03T16:24:17.608565+00:00, run_after=2023-11-04T16:24:17.608565+00:00
[2023-11-04T16:24:17.637+0000] {processor.py:179} INFO - Processing /home/airflow/.local/lib/python3.8/site-packages/airflow/example_dags/example_setup_teardown_taskflow.py took 0.120 seconds
[2023-11-04T16:24:48.188+0000] {processor.py:157} INFO - Started process (PID=784) to work on /home/airflow/.local/lib/python3.8/site-packages/airflow/example_dags/example_setup_teardown_taskflow.py
[2023-11-04T16:24:48.189+0000] {processor.py:829} INFO - Processing file /home/airflow/.local/lib/python3.8/site-packages/airflow/example_dags/example_setup_teardown_taskflow.py for tasks to queue
[2023-11-04T16:24:48.191+0000] {logging_mixin.py:151} INFO - [2023-11-04T16:24:48.190+0000] {dagbag.py:536} INFO - Filling up the DagBag from /home/airflow/.local/lib/python3.8/site-packages/airflow/example_dags/example_setup_teardown_taskflow.py
[2023-11-04T16:24:48.209+0000] {processor.py:839} INFO - DAG(s) dict_keys(['example_setup_teardown_taskflow']) retrieved from /home/airflow/.local/lib/python3.8/site-packages/airflow/example_dags/example_setup_teardown_taskflow.py
[2023-11-04T16:24:48.243+0000] {logging_mixin.py:151} INFO - [2023-11-04T16:24:48.243+0000] {dag.py:2941} INFO - Sync 1 DAGs
[2023-11-04T16:24:48.277+0000] {logging_mixin.py:151} INFO - [2023-11-04T16:24:48.277+0000] {dag.py:3722} INFO - Setting next_dagrun for example_setup_teardown_taskflow to 2023-11-03T16:24:48.277001+00:00, run_after=2023-11-04T16:24:48.277001+00:00
[2023-11-04T16:24:48.308+0000] {processor.py:179} INFO - Processing /home/airflow/.local/lib/python3.8/site-packages/airflow/example_dags/example_setup_teardown_taskflow.py took 0.125 seconds
[2023-11-04T16:25:18.376+0000] {processor.py:157} INFO - Started process (PID=1022) to work on /home/airflow/.local/lib/python3.8/site-packages/airflow/example_dags/example_setup_teardown_taskflow.py
[2023-11-04T16:25:18.378+0000] {processor.py:829} INFO - Processing file /home/airflow/.local/lib/python3.8/site-packages/airflow/example_dags/example_setup_teardown_taskflow.py for tasks to queue
[2023-11-04T16:25:18.379+0000] {logging_mixin.py:151} INFO - [2023-11-04T16:25:18.379+0000] {dagbag.py:536} INFO - Filling up the DagBag from /home/airflow/.local/lib/python3.8/site-packages/airflow/example_dags/example_setup_teardown_taskflow.py
[2023-11-04T16:25:18.395+0000] {processor.py:839} INFO - DAG(s) dict_keys(['example_setup_teardown_taskflow']) retrieved from /home/airflow/.local/lib/python3.8/site-packages/airflow/example_dags/example_setup_teardown_taskflow.py
[2023-11-04T16:25:18.429+0000] {logging_mixin.py:151} INFO - [2023-11-04T16:25:18.429+0000] {dag.py:2941} INFO - Sync 1 DAGs
[2023-11-04T16:25:18.462+0000] {logging_mixin.py:151} INFO - [2023-11-04T16:25:18.462+0000] {dag.py:3722} INFO - Setting next_dagrun for example_setup_teardown_taskflow to 2023-11-03T16:25:18.461972+00:00, run_after=2023-11-04T16:25:18.461972+00:00
[2023-11-04T16:25:18.492+0000] {processor.py:179} INFO - Processing /home/airflow/.local/lib/python3.8/site-packages/airflow/example_dags/example_setup_teardown_taskflow.py took 0.121 seconds
[2023-11-04T16:25:48.633+0000] {processor.py:157} INFO - Started process (PID=1260) to work on /home/airflow/.local/lib/python3.8/site-packages/airflow/example_dags/example_setup_teardown_taskflow.py
[2023-11-04T16:25:48.635+0000] {processor.py:829} INFO - Processing file /home/airflow/.local/lib/python3.8/site-packages/airflow/example_dags/example_setup_teardown_taskflow.py for tasks to queue
[2023-11-04T16:25:48.636+0000] {logging_mixin.py:151} INFO - [2023-11-04T16:25:48.636+0000] {dagbag.py:536} INFO - Filling up the DagBag from /home/airflow/.local/lib/python3.8/site-packages/airflow/example_dags/example_setup_teardown_taskflow.py
[2023-11-04T16:25:48.653+0000] {processor.py:839} INFO - DAG(s) dict_keys(['example_setup_teardown_taskflow']) retrieved from /home/airflow/.local/lib/python3.8/site-packages/airflow/example_dags/example_setup_teardown_taskflow.py
[2023-11-04T16:25:48.689+0000] {logging_mixin.py:151} INFO - [2023-11-04T16:25:48.689+0000] {dag.py:2941} INFO - Sync 1 DAGs
[2023-11-04T16:25:48.725+0000] {logging_mixin.py:151} INFO - [2023-11-04T16:25:48.724+0000] {dag.py:3722} INFO - Setting next_dagrun for example_setup_teardown_taskflow to 2023-11-03T16:25:48.724519+00:00, run_after=2023-11-04T16:25:48.724519+00:00
[2023-11-04T16:25:48.758+0000] {processor.py:179} INFO - Processing /home/airflow/.local/lib/python3.8/site-packages/airflow/example_dags/example_setup_teardown_taskflow.py took 0.130 seconds
[2023-11-04T16:26:19.064+0000] {processor.py:157} INFO - Started process (PID=1498) to work on /home/airflow/.local/lib/python3.8/site-packages/airflow/example_dags/example_setup_teardown_taskflow.py
[2023-11-04T16:26:19.066+0000] {processor.py:829} INFO - Processing file /home/airflow/.local/lib/python3.8/site-packages/airflow/example_dags/example_setup_teardown_taskflow.py for tasks to queue
[2023-11-04T16:26:19.068+0000] {logging_mixin.py:151} INFO - [2023-11-04T16:26:19.067+0000] {dagbag.py:536} INFO - Filling up the DagBag from /home/airflow/.local/lib/python3.8/site-packages/airflow/example_dags/example_setup_teardown_taskflow.py
[2023-11-04T16:26:19.084+0000] {processor.py:839} INFO - DAG(s) dict_keys(['example_setup_teardown_taskflow']) retrieved from /home/airflow/.local/lib/python3.8/site-packages/airflow/example_dags/example_setup_teardown_taskflow.py
[2023-11-04T16:26:19.103+0000] {logging_mixin.py:151} INFO - [2023-11-04T16:26:19.103+0000] {dag.py:2941} INFO - Sync 1 DAGs
[2023-11-04T16:26:19.138+0000] {logging_mixin.py:151} INFO - [2023-11-04T16:26:19.137+0000] {dag.py:3722} INFO - Setting next_dagrun for example_setup_teardown_taskflow to 2023-11-03T16:26:19.137599+00:00, run_after=2023-11-04T16:26:19.137599+00:00
[2023-11-04T16:26:19.169+0000] {processor.py:179} INFO - Processing /home/airflow/.local/lib/python3.8/site-packages/airflow/example_dags/example_setup_teardown_taskflow.py took 0.110 seconds
[2023-11-04T16:26:49.738+0000] {processor.py:157} INFO - Started process (PID=1736) to work on /home/airflow/.local/lib/python3.8/site-packages/airflow/example_dags/example_setup_teardown_taskflow.py
[2023-11-04T16:26:49.739+0000] {processor.py:829} INFO - Processing file /home/airflow/.local/lib/python3.8/site-packages/airflow/example_dags/example_setup_teardown_taskflow.py for tasks to queue
[2023-11-04T16:26:49.741+0000] {logging_mixin.py:151} INFO - [2023-11-04T16:26:49.741+0000] {dagbag.py:536} INFO - Filling up the DagBag from /home/airflow/.local/lib/python3.8/site-packages/airflow/example_dags/example_setup_teardown_taskflow.py
[2023-11-04T16:26:49.757+0000] {processor.py:839} INFO - DAG(s) dict_keys(['example_setup_teardown_taskflow']) retrieved from /home/airflow/.local/lib/python3.8/site-packages/airflow/example_dags/example_setup_teardown_taskflow.py
[2023-11-04T16:26:49.794+0000] {logging_mixin.py:151} INFO - [2023-11-04T16:26:49.794+0000] {dag.py:2941} INFO - Sync 1 DAGs
[2023-11-04T16:26:49.827+0000] {logging_mixin.py:151} INFO - [2023-11-04T16:26:49.826+0000] {dag.py:3722} INFO - Setting next_dagrun for example_setup_teardown_taskflow to 2023-11-03T16:26:49.826464+00:00, run_after=2023-11-04T16:26:49.826464+00:00
[2023-11-04T16:26:49.856+0000] {processor.py:179} INFO - Processing /home/airflow/.local/lib/python3.8/site-packages/airflow/example_dags/example_setup_teardown_taskflow.py took 0.124 seconds
[2023-11-04T16:27:20.574+0000] {processor.py:157} INFO - Started process (PID=1974) to work on /home/airflow/.local/lib/python3.8/site-packages/airflow/example_dags/example_setup_teardown_taskflow.py
[2023-11-04T16:27:20.576+0000] {processor.py:829} INFO - Processing file /home/airflow/.local/lib/python3.8/site-packages/airflow/example_dags/example_setup_teardown_taskflow.py for tasks to queue
[2023-11-04T16:27:20.578+0000] {logging_mixin.py:151} INFO - [2023-11-04T16:27:20.577+0000] {dagbag.py:536} INFO - Filling up the DagBag from /home/airflow/.local/lib/python3.8/site-packages/airflow/example_dags/example_setup_teardown_taskflow.py
[2023-11-04T16:27:20.597+0000] {processor.py:839} INFO - DAG(s) dict_keys(['example_setup_teardown_taskflow']) retrieved from /home/airflow/.local/lib/python3.8/site-packages/airflow/example_dags/example_setup_teardown_taskflow.py
[2023-11-04T16:27:20.633+0000] {logging_mixin.py:151} INFO - [2023-11-04T16:27:20.633+0000] {dag.py:2941} INFO - Sync 1 DAGs
[2023-11-04T16:27:20.666+0000] {logging_mixin.py:151} INFO - [2023-11-04T16:27:20.666+0000] {dag.py:3722} INFO - Setting next_dagrun for example_setup_teardown_taskflow to 2023-11-03T16:27:20.665969+00:00, run_after=2023-11-04T16:27:20.665969+00:00
[2023-11-04T16:27:20.697+0000] {processor.py:179} INFO - Processing /home/airflow/.local/lib/python3.8/site-packages/airflow/example_dags/example_setup_teardown_taskflow.py took 0.127 seconds
[2023-11-04T16:27:52.229+0000] {processor.py:157} INFO - Started process (PID=2213) to work on /home/airflow/.local/lib/python3.8/site-packages/airflow/example_dags/example_setup_teardown_taskflow.py
[2023-11-04T16:27:52.231+0000] {processor.py:829} INFO - Processing file /home/airflow/.local/lib/python3.8/site-packages/airflow/example_dags/example_setup_teardown_taskflow.py for tasks to queue
[2023-11-04T16:27:52.236+0000] {logging_mixin.py:151} INFO - [2023-11-04T16:27:52.235+0000] {dagbag.py:536} INFO - Filling up the DagBag from /home/airflow/.local/lib/python3.8/site-packages/airflow/example_dags/example_setup_teardown_taskflow.py
[2023-11-04T16:27:52.263+0000] {processor.py:839} INFO - DAG(s) dict_keys(['example_setup_teardown_taskflow']) retrieved from /home/airflow/.local/lib/python3.8/site-packages/airflow/example_dags/example_setup_teardown_taskflow.py
[2023-11-04T16:27:52.308+0000] {logging_mixin.py:151} INFO - [2023-11-04T16:27:52.308+0000] {dag.py:2941} INFO - Sync 1 DAGs
[2023-11-04T16:27:52.399+0000] {logging_mixin.py:151} INFO - [2023-11-04T16:27:52.398+0000] {dag.py:3722} INFO - Setting next_dagrun for example_setup_teardown_taskflow to 2023-11-03T16:27:52.397704+00:00, run_after=2023-11-04T16:27:52.397704+00:00
[2023-11-04T16:27:52.474+0000] {processor.py:179} INFO - Processing /home/airflow/.local/lib/python3.8/site-packages/airflow/example_dags/example_setup_teardown_taskflow.py took 0.252 seconds
[2023-11-04T16:28:22.681+0000] {processor.py:157} INFO - Started process (PID=2451) to work on /home/airflow/.local/lib/python3.8/site-packages/airflow/example_dags/example_setup_teardown_taskflow.py
[2023-11-04T16:28:22.683+0000] {processor.py:829} INFO - Processing file /home/airflow/.local/lib/python3.8/site-packages/airflow/example_dags/example_setup_teardown_taskflow.py for tasks to queue
[2023-11-04T16:28:22.685+0000] {logging_mixin.py:151} INFO - [2023-11-04T16:28:22.684+0000] {dagbag.py:536} INFO - Filling up the DagBag from /home/airflow/.local/lib/python3.8/site-packages/airflow/example_dags/example_setup_teardown_taskflow.py
[2023-11-04T16:28:22.701+0000] {processor.py:839} INFO - DAG(s) dict_keys(['example_setup_teardown_taskflow']) retrieved from /home/airflow/.local/lib/python3.8/site-packages/airflow/example_dags/example_setup_teardown_taskflow.py
[2023-11-04T16:28:22.735+0000] {logging_mixin.py:151} INFO - [2023-11-04T16:28:22.735+0000] {dag.py:2941} INFO - Sync 1 DAGs
[2023-11-04T16:28:22.769+0000] {logging_mixin.py:151} INFO - [2023-11-04T16:28:22.769+0000] {dag.py:3722} INFO - Setting next_dagrun for example_setup_teardown_taskflow to 2023-11-03T16:28:22.768890+00:00, run_after=2023-11-04T16:28:22.768890+00:00
[2023-11-04T16:28:22.801+0000] {processor.py:179} INFO - Processing /home/airflow/.local/lib/python3.8/site-packages/airflow/example_dags/example_setup_teardown_taskflow.py took 0.125 seconds
[2023-11-04T16:28:53.009+0000] {processor.py:157} INFO - Started process (PID=2689) to work on /home/airflow/.local/lib/python3.8/site-packages/airflow/example_dags/example_setup_teardown_taskflow.py
[2023-11-04T16:28:53.010+0000] {processor.py:829} INFO - Processing file /home/airflow/.local/lib/python3.8/site-packages/airflow/example_dags/example_setup_teardown_taskflow.py for tasks to queue
[2023-11-04T16:28:53.012+0000] {logging_mixin.py:151} INFO - [2023-11-04T16:28:53.011+0000] {dagbag.py:536} INFO - Filling up the DagBag from /home/airflow/.local/lib/python3.8/site-packages/airflow/example_dags/example_setup_teardown_taskflow.py
[2023-11-04T16:28:53.028+0000] {processor.py:839} INFO - DAG(s) dict_keys(['example_setup_teardown_taskflow']) retrieved from /home/airflow/.local/lib/python3.8/site-packages/airflow/example_dags/example_setup_teardown_taskflow.py
[2023-11-04T16:28:53.062+0000] {logging_mixin.py:151} INFO - [2023-11-04T16:28:53.061+0000] {dag.py:2941} INFO - Sync 1 DAGs
[2023-11-04T16:28:53.095+0000] {logging_mixin.py:151} INFO - [2023-11-04T16:28:53.095+0000] {dag.py:3722} INFO - Setting next_dagrun for example_setup_teardown_taskflow to 2023-11-03T16:28:53.094608+00:00, run_after=2023-11-04T16:28:53.094608+00:00
[2023-11-04T16:28:53.125+0000] {processor.py:179} INFO - Processing /home/airflow/.local/lib/python3.8/site-packages/airflow/example_dags/example_setup_teardown_taskflow.py took 0.121 seconds
[2023-11-04T16:29:23.811+0000] {processor.py:157} INFO - Started process (PID=2927) to work on /home/airflow/.local/lib/python3.8/site-packages/airflow/example_dags/example_setup_teardown_taskflow.py
[2023-11-04T16:29:23.813+0000] {processor.py:829} INFO - Processing file /home/airflow/.local/lib/python3.8/site-packages/airflow/example_dags/example_setup_teardown_taskflow.py for tasks to queue
[2023-11-04T16:29:23.814+0000] {logging_mixin.py:151} INFO - [2023-11-04T16:29:23.814+0000] {dagbag.py:536} INFO - Filling up the DagBag from /home/airflow/.local/lib/python3.8/site-packages/airflow/example_dags/example_setup_teardown_taskflow.py
[2023-11-04T16:29:23.830+0000] {processor.py:839} INFO - DAG(s) dict_keys(['example_setup_teardown_taskflow']) retrieved from /home/airflow/.local/lib/python3.8/site-packages/airflow/example_dags/example_setup_teardown_taskflow.py
[2023-11-04T16:29:23.866+0000] {logging_mixin.py:151} INFO - [2023-11-04T16:29:23.866+0000] {dag.py:2941} INFO - Sync 1 DAGs
[2023-11-04T16:29:23.901+0000] {logging_mixin.py:151} INFO - [2023-11-04T16:29:23.901+0000] {dag.py:3722} INFO - Setting next_dagrun for example_setup_teardown_taskflow to 2023-11-03T16:29:23.900922+00:00, run_after=2023-11-04T16:29:23.900922+00:00
[2023-11-04T16:29:23.932+0000] {processor.py:179} INFO - Processing /home/airflow/.local/lib/python3.8/site-packages/airflow/example_dags/example_setup_teardown_taskflow.py took 0.126 seconds
[2023-11-04T16:29:54.040+0000] {processor.py:157} INFO - Started process (PID=3165) to work on /home/airflow/.local/lib/python3.8/site-packages/airflow/example_dags/example_setup_teardown_taskflow.py
[2023-11-04T16:29:54.041+0000] {processor.py:829} INFO - Processing file /home/airflow/.local/lib/python3.8/site-packages/airflow/example_dags/example_setup_teardown_taskflow.py for tasks to queue
[2023-11-04T16:29:54.043+0000] {logging_mixin.py:151} INFO - [2023-11-04T16:29:54.043+0000] {dagbag.py:536} INFO - Filling up the DagBag from /home/airflow/.local/lib/python3.8/site-packages/airflow/example_dags/example_setup_teardown_taskflow.py
[2023-11-04T16:29:54.061+0000] {processor.py:839} INFO - DAG(s) dict_keys(['example_setup_teardown_taskflow']) retrieved from /home/airflow/.local/lib/python3.8/site-packages/airflow/example_dags/example_setup_teardown_taskflow.py
[2023-11-04T16:29:54.080+0000] {logging_mixin.py:151} INFO - [2023-11-04T16:29:54.080+0000] {dag.py:2941} INFO - Sync 1 DAGs
[2023-11-04T16:29:54.119+0000] {logging_mixin.py:151} INFO - [2023-11-04T16:29:54.119+0000] {dag.py:3722} INFO - Setting next_dagrun for example_setup_teardown_taskflow to 2023-11-03T16:29:54.119364+00:00, run_after=2023-11-04T16:29:54.119364+00:00
[2023-11-04T16:29:54.150+0000] {processor.py:179} INFO - Processing /home/airflow/.local/lib/python3.8/site-packages/airflow/example_dags/example_setup_teardown_taskflow.py took 0.115 seconds
[2023-11-04T16:30:24.732+0000] {processor.py:157} INFO - Started process (PID=3403) to work on /home/airflow/.local/lib/python3.8/site-packages/airflow/example_dags/example_setup_teardown_taskflow.py
[2023-11-04T16:30:24.733+0000] {processor.py:829} INFO - Processing file /home/airflow/.local/lib/python3.8/site-packages/airflow/example_dags/example_setup_teardown_taskflow.py for tasks to queue
[2023-11-04T16:30:24.735+0000] {logging_mixin.py:151} INFO - [2023-11-04T16:30:24.734+0000] {dagbag.py:536} INFO - Filling up the DagBag from /home/airflow/.local/lib/python3.8/site-packages/airflow/example_dags/example_setup_teardown_taskflow.py
[2023-11-04T16:30:24.751+0000] {processor.py:839} INFO - DAG(s) dict_keys(['example_setup_teardown_taskflow']) retrieved from /home/airflow/.local/lib/python3.8/site-packages/airflow/example_dags/example_setup_teardown_taskflow.py
[2023-11-04T16:30:24.785+0000] {logging_mixin.py:151} INFO - [2023-11-04T16:30:24.785+0000] {dag.py:2941} INFO - Sync 1 DAGs
[2023-11-04T16:30:24.818+0000] {logging_mixin.py:151} INFO - [2023-11-04T16:30:24.818+0000] {dag.py:3722} INFO - Setting next_dagrun for example_setup_teardown_taskflow to 2023-11-03T16:30:24.818033+00:00, run_after=2023-11-04T16:30:24.818033+00:00
[2023-11-04T16:30:24.849+0000] {processor.py:179} INFO - Processing /home/airflow/.local/lib/python3.8/site-packages/airflow/example_dags/example_setup_teardown_taskflow.py took 0.123 seconds
[2023-11-04T16:30:56.725+0000] {processor.py:157} INFO - Started process (PID=3641) to work on /home/airflow/.local/lib/python3.8/site-packages/airflow/example_dags/example_setup_teardown_taskflow.py
[2023-11-04T16:30:56.727+0000] {processor.py:829} INFO - Processing file /home/airflow/.local/lib/python3.8/site-packages/airflow/example_dags/example_setup_teardown_taskflow.py for tasks to queue
[2023-11-04T16:30:56.730+0000] {logging_mixin.py:151} INFO - [2023-11-04T16:30:56.729+0000] {dagbag.py:536} INFO - Filling up the DagBag from /home/airflow/.local/lib/python3.8/site-packages/airflow/example_dags/example_setup_teardown_taskflow.py
[2023-11-04T16:30:56.749+0000] {processor.py:839} INFO - DAG(s) dict_keys(['example_setup_teardown_taskflow']) retrieved from /home/airflow/.local/lib/python3.8/site-packages/airflow/example_dags/example_setup_teardown_taskflow.py
[2023-11-04T16:30:56.790+0000] {logging_mixin.py:151} INFO - [2023-11-04T16:30:56.790+0000] {dag.py:2941} INFO - Sync 1 DAGs
[2023-11-04T16:30:56.826+0000] {logging_mixin.py:151} INFO - [2023-11-04T16:30:56.826+0000] {dag.py:3722} INFO - Setting next_dagrun for example_setup_teardown_taskflow to 2023-11-03T16:30:56.825982+00:00, run_after=2023-11-04T16:30:56.825982+00:00
[2023-11-04T16:30:56.859+0000] {processor.py:179} INFO - Processing /home/airflow/.local/lib/python3.8/site-packages/airflow/example_dags/example_setup_teardown_taskflow.py took 0.139 seconds
[2023-11-04T16:31:27.541+0000] {processor.py:157} INFO - Started process (PID=3881) to work on /home/airflow/.local/lib/python3.8/site-packages/airflow/example_dags/example_setup_teardown_taskflow.py
[2023-11-04T16:31:27.545+0000] {processor.py:829} INFO - Processing file /home/airflow/.local/lib/python3.8/site-packages/airflow/example_dags/example_setup_teardown_taskflow.py for tasks to queue
[2023-11-04T16:31:27.547+0000] {logging_mixin.py:151} INFO - [2023-11-04T16:31:27.547+0000] {dagbag.py:536} INFO - Filling up the DagBag from /home/airflow/.local/lib/python3.8/site-packages/airflow/example_dags/example_setup_teardown_taskflow.py
[2023-11-04T16:31:27.565+0000] {processor.py:839} INFO - DAG(s) dict_keys(['example_setup_teardown_taskflow']) retrieved from /home/airflow/.local/lib/python3.8/site-packages/airflow/example_dags/example_setup_teardown_taskflow.py
[2023-11-04T16:31:27.605+0000] {logging_mixin.py:151} INFO - [2023-11-04T16:31:27.604+0000] {dag.py:2941} INFO - Sync 1 DAGs
[2023-11-04T16:31:27.648+0000] {logging_mixin.py:151} INFO - [2023-11-04T16:31:27.647+0000] {dag.py:3722} INFO - Setting next_dagrun for example_setup_teardown_taskflow to 2023-11-03T16:31:27.647448+00:00, run_after=2023-11-04T16:31:27.647448+00:00
[2023-11-04T16:31:27.688+0000] {processor.py:179} INFO - Processing /home/airflow/.local/lib/python3.8/site-packages/airflow/example_dags/example_setup_teardown_taskflow.py took 0.156 seconds
[2023-11-04T16:31:58.048+0000] {processor.py:157} INFO - Started process (PID=4117) to work on /home/airflow/.local/lib/python3.8/site-packages/airflow/example_dags/example_setup_teardown_taskflow.py
[2023-11-04T16:31:58.050+0000] {processor.py:829} INFO - Processing file /home/airflow/.local/lib/python3.8/site-packages/airflow/example_dags/example_setup_teardown_taskflow.py for tasks to queue
[2023-11-04T16:31:58.052+0000] {logging_mixin.py:151} INFO - [2023-11-04T16:31:58.051+0000] {dagbag.py:536} INFO - Filling up the DagBag from /home/airflow/.local/lib/python3.8/site-packages/airflow/example_dags/example_setup_teardown_taskflow.py
[2023-11-04T16:31:58.068+0000] {processor.py:839} INFO - DAG(s) dict_keys(['example_setup_teardown_taskflow']) retrieved from /home/airflow/.local/lib/python3.8/site-packages/airflow/example_dags/example_setup_teardown_taskflow.py
[2023-11-04T16:31:58.104+0000] {logging_mixin.py:151} INFO - [2023-11-04T16:31:58.104+0000] {dag.py:2941} INFO - Sync 1 DAGs
[2023-11-04T16:31:58.141+0000] {logging_mixin.py:151} INFO - [2023-11-04T16:31:58.141+0000] {dag.py:3722} INFO - Setting next_dagrun for example_setup_teardown_taskflow to 2023-11-03T16:31:58.140798+00:00, run_after=2023-11-04T16:31:58.140798+00:00
[2023-11-04T16:31:58.175+0000] {processor.py:179} INFO - Processing /home/airflow/.local/lib/python3.8/site-packages/airflow/example_dags/example_setup_teardown_taskflow.py took 0.132 seconds
[2023-11-04T16:32:28.720+0000] {processor.py:157} INFO - Started process (PID=4355) to work on /home/airflow/.local/lib/python3.8/site-packages/airflow/example_dags/example_setup_teardown_taskflow.py
[2023-11-04T16:32:28.722+0000] {processor.py:829} INFO - Processing file /home/airflow/.local/lib/python3.8/site-packages/airflow/example_dags/example_setup_teardown_taskflow.py for tasks to queue
[2023-11-04T16:32:28.724+0000] {logging_mixin.py:151} INFO - [2023-11-04T16:32:28.724+0000] {dagbag.py:536} INFO - Filling up the DagBag from /home/airflow/.local/lib/python3.8/site-packages/airflow/example_dags/example_setup_teardown_taskflow.py
[2023-11-04T16:32:28.740+0000] {processor.py:839} INFO - DAG(s) dict_keys(['example_setup_teardown_taskflow']) retrieved from /home/airflow/.local/lib/python3.8/site-packages/airflow/example_dags/example_setup_teardown_taskflow.py
[2023-11-04T16:32:28.776+0000] {logging_mixin.py:151} INFO - [2023-11-04T16:32:28.776+0000] {dag.py:2941} INFO - Sync 1 DAGs
[2023-11-04T16:32:28.812+0000] {logging_mixin.py:151} INFO - [2023-11-04T16:32:28.811+0000] {dag.py:3722} INFO - Setting next_dagrun for example_setup_teardown_taskflow to 2023-11-03T16:32:28.811317+00:00, run_after=2023-11-04T16:32:28.811317+00:00
[2023-11-04T16:32:28.843+0000] {processor.py:179} INFO - Processing /home/airflow/.local/lib/python3.8/site-packages/airflow/example_dags/example_setup_teardown_taskflow.py took 0.129 seconds
[2023-11-04T16:32:59.132+0000] {processor.py:157} INFO - Started process (PID=4593) to work on /home/airflow/.local/lib/python3.8/site-packages/airflow/example_dags/example_setup_teardown_taskflow.py
[2023-11-04T16:32:59.133+0000] {processor.py:829} INFO - Processing file /home/airflow/.local/lib/python3.8/site-packages/airflow/example_dags/example_setup_teardown_taskflow.py for tasks to queue
[2023-11-04T16:32:59.135+0000] {logging_mixin.py:151} INFO - [2023-11-04T16:32:59.134+0000] {dagbag.py:536} INFO - Filling up the DagBag from /home/airflow/.local/lib/python3.8/site-packages/airflow/example_dags/example_setup_teardown_taskflow.py
[2023-11-04T16:32:59.157+0000] {processor.py:839} INFO - DAG(s) dict_keys(['example_setup_teardown_taskflow']) retrieved from /home/airflow/.local/lib/python3.8/site-packages/airflow/example_dags/example_setup_teardown_taskflow.py
[2023-11-04T16:32:59.196+0000] {logging_mixin.py:151} INFO - [2023-11-04T16:32:59.195+0000] {dag.py:2941} INFO - Sync 1 DAGs
[2023-11-04T16:32:59.237+0000] {logging_mixin.py:151} INFO - [2023-11-04T16:32:59.236+0000] {dag.py:3722} INFO - Setting next_dagrun for example_setup_teardown_taskflow to 2023-11-03T16:32:59.236483+00:00, run_after=2023-11-04T16:32:59.236483+00:00
[2023-11-04T16:32:59.270+0000] {processor.py:179} INFO - Processing /home/airflow/.local/lib/python3.8/site-packages/airflow/example_dags/example_setup_teardown_taskflow.py took 0.145 seconds
[2023-11-04T16:33:29.400+0000] {processor.py:157} INFO - Started process (PID=4840) to work on /home/airflow/.local/lib/python3.8/site-packages/airflow/example_dags/example_setup_teardown_taskflow.py
[2023-11-04T16:33:29.401+0000] {processor.py:829} INFO - Processing file /home/airflow/.local/lib/python3.8/site-packages/airflow/example_dags/example_setup_teardown_taskflow.py for tasks to queue
[2023-11-04T16:33:29.403+0000] {logging_mixin.py:151} INFO - [2023-11-04T16:33:29.402+0000] {dagbag.py:536} INFO - Filling up the DagBag from /home/airflow/.local/lib/python3.8/site-packages/airflow/example_dags/example_setup_teardown_taskflow.py
[2023-11-04T16:33:29.421+0000] {processor.py:839} INFO - DAG(s) dict_keys(['example_setup_teardown_taskflow']) retrieved from /home/airflow/.local/lib/python3.8/site-packages/airflow/example_dags/example_setup_teardown_taskflow.py
[2023-11-04T16:33:29.461+0000] {logging_mixin.py:151} INFO - [2023-11-04T16:33:29.460+0000] {dag.py:2941} INFO - Sync 1 DAGs
[2023-11-04T16:33:29.496+0000] {logging_mixin.py:151} INFO - [2023-11-04T16:33:29.496+0000] {dag.py:3722} INFO - Setting next_dagrun for example_setup_teardown_taskflow to 2023-11-03T16:33:29.496022+00:00, run_after=2023-11-04T16:33:29.496022+00:00
[2023-11-04T16:33:29.529+0000] {processor.py:179} INFO - Processing /home/airflow/.local/lib/python3.8/site-packages/airflow/example_dags/example_setup_teardown_taskflow.py took 0.135 seconds
[2023-11-04T16:34:00.341+0000] {processor.py:157} INFO - Started process (PID=5076) to work on /home/airflow/.local/lib/python3.8/site-packages/airflow/example_dags/example_setup_teardown_taskflow.py
[2023-11-04T16:34:00.343+0000] {processor.py:829} INFO - Processing file /home/airflow/.local/lib/python3.8/site-packages/airflow/example_dags/example_setup_teardown_taskflow.py for tasks to queue
[2023-11-04T16:34:00.344+0000] {logging_mixin.py:151} INFO - [2023-11-04T16:34:00.344+0000] {dagbag.py:536} INFO - Filling up the DagBag from /home/airflow/.local/lib/python3.8/site-packages/airflow/example_dags/example_setup_teardown_taskflow.py
[2023-11-04T16:34:00.361+0000] {processor.py:839} INFO - DAG(s) dict_keys(['example_setup_teardown_taskflow']) retrieved from /home/airflow/.local/lib/python3.8/site-packages/airflow/example_dags/example_setup_teardown_taskflow.py
[2023-11-04T16:34:00.396+0000] {logging_mixin.py:151} INFO - [2023-11-04T16:34:00.396+0000] {dag.py:2941} INFO - Sync 1 DAGs
[2023-11-04T16:34:00.430+0000] {logging_mixin.py:151} INFO - [2023-11-04T16:34:00.430+0000] {dag.py:3722} INFO - Setting next_dagrun for example_setup_teardown_taskflow to 2023-11-03T16:34:00.429742+00:00, run_after=2023-11-04T16:34:00.429742+00:00
[2023-11-04T16:34:00.459+0000] {processor.py:179} INFO - Processing /home/airflow/.local/lib/python3.8/site-packages/airflow/example_dags/example_setup_teardown_taskflow.py took 0.123 seconds
[2023-11-04T16:34:30.662+0000] {processor.py:157} INFO - Started process (PID=5314) to work on /home/airflow/.local/lib/python3.8/site-packages/airflow/example_dags/example_setup_teardown_taskflow.py
[2023-11-04T16:34:30.664+0000] {processor.py:829} INFO - Processing file /home/airflow/.local/lib/python3.8/site-packages/airflow/example_dags/example_setup_teardown_taskflow.py for tasks to queue
[2023-11-04T16:34:30.665+0000] {logging_mixin.py:151} INFO - [2023-11-04T16:34:30.665+0000] {dagbag.py:536} INFO - Filling up the DagBag from /home/airflow/.local/lib/python3.8/site-packages/airflow/example_dags/example_setup_teardown_taskflow.py
[2023-11-04T16:34:30.681+0000] {processor.py:839} INFO - DAG(s) dict_keys(['example_setup_teardown_taskflow']) retrieved from /home/airflow/.local/lib/python3.8/site-packages/airflow/example_dags/example_setup_teardown_taskflow.py
[2023-11-04T16:34:30.715+0000] {logging_mixin.py:151} INFO - [2023-11-04T16:34:30.715+0000] {dag.py:2941} INFO - Sync 1 DAGs
[2023-11-04T16:34:30.749+0000] {logging_mixin.py:151} INFO - [2023-11-04T16:34:30.749+0000] {dag.py:3722} INFO - Setting next_dagrun for example_setup_teardown_taskflow to 2023-11-03T16:34:30.748862+00:00, run_after=2023-11-04T16:34:30.748862+00:00
[2023-11-04T16:34:30.786+0000] {processor.py:179} INFO - Processing /home/airflow/.local/lib/python3.8/site-packages/airflow/example_dags/example_setup_teardown_taskflow.py took 0.129 seconds
[2023-11-04T16:35:01.724+0000] {processor.py:157} INFO - Started process (PID=5552) to work on /home/airflow/.local/lib/python3.8/site-packages/airflow/example_dags/example_setup_teardown_taskflow.py
[2023-11-04T16:35:01.725+0000] {processor.py:829} INFO - Processing file /home/airflow/.local/lib/python3.8/site-packages/airflow/example_dags/example_setup_teardown_taskflow.py for tasks to queue
[2023-11-04T16:35:01.728+0000] {logging_mixin.py:151} INFO - [2023-11-04T16:35:01.727+0000] {dagbag.py:536} INFO - Filling up the DagBag from /home/airflow/.local/lib/python3.8/site-packages/airflow/example_dags/example_setup_teardown_taskflow.py
[2023-11-04T16:35:01.750+0000] {processor.py:839} INFO - DAG(s) dict_keys(['example_setup_teardown_taskflow']) retrieved from /home/airflow/.local/lib/python3.8/site-packages/airflow/example_dags/example_setup_teardown_taskflow.py
[2023-11-04T16:35:01.814+0000] {logging_mixin.py:151} INFO - [2023-11-04T16:35:01.813+0000] {dag.py:2941} INFO - Sync 1 DAGs
[2023-11-04T16:35:01.847+0000] {logging_mixin.py:151} INFO - [2023-11-04T16:35:01.847+0000] {dag.py:3722} INFO - Setting next_dagrun for example_setup_teardown_taskflow to 2023-11-03T16:35:01.846847+00:00, run_after=2023-11-04T16:35:01.846847+00:00
[2023-11-04T16:35:01.879+0000] {processor.py:179} INFO - Processing /home/airflow/.local/lib/python3.8/site-packages/airflow/example_dags/example_setup_teardown_taskflow.py took 0.161 seconds
[2023-11-04T16:35:32.714+0000] {processor.py:157} INFO - Started process (PID=5792) to work on /home/airflow/.local/lib/python3.8/site-packages/airflow/example_dags/example_setup_teardown_taskflow.py
[2023-11-04T16:35:32.717+0000] {processor.py:829} INFO - Processing file /home/airflow/.local/lib/python3.8/site-packages/airflow/example_dags/example_setup_teardown_taskflow.py for tasks to queue
[2023-11-04T16:35:32.719+0000] {logging_mixin.py:151} INFO - [2023-11-04T16:35:32.719+0000] {dagbag.py:536} INFO - Filling up the DagBag from /home/airflow/.local/lib/python3.8/site-packages/airflow/example_dags/example_setup_teardown_taskflow.py
[2023-11-04T16:35:32.746+0000] {processor.py:839} INFO - DAG(s) dict_keys(['example_setup_teardown_taskflow']) retrieved from /home/airflow/.local/lib/python3.8/site-packages/airflow/example_dags/example_setup_teardown_taskflow.py
[2023-11-04T16:35:32.795+0000] {logging_mixin.py:151} INFO - [2023-11-04T16:35:32.794+0000] {dag.py:2941} INFO - Sync 1 DAGs
[2023-11-04T16:35:32.847+0000] {logging_mixin.py:151} INFO - [2023-11-04T16:35:32.847+0000] {dag.py:3722} INFO - Setting next_dagrun for example_setup_teardown_taskflow to 2023-11-03T16:35:32.846684+00:00, run_after=2023-11-04T16:35:32.846684+00:00
[2023-11-04T16:35:32.889+0000] {processor.py:179} INFO - Processing /home/airflow/.local/lib/python3.8/site-packages/airflow/example_dags/example_setup_teardown_taskflow.py took 0.183 seconds
[2023-11-04T16:36:03.202+0000] {processor.py:157} INFO - Started process (PID=6030) to work on /home/airflow/.local/lib/python3.8/site-packages/airflow/example_dags/example_setup_teardown_taskflow.py
[2023-11-04T16:36:03.204+0000] {processor.py:829} INFO - Processing file /home/airflow/.local/lib/python3.8/site-packages/airflow/example_dags/example_setup_teardown_taskflow.py for tasks to queue
[2023-11-04T16:36:03.207+0000] {logging_mixin.py:151} INFO - [2023-11-04T16:36:03.206+0000] {dagbag.py:536} INFO - Filling up the DagBag from /home/airflow/.local/lib/python3.8/site-packages/airflow/example_dags/example_setup_teardown_taskflow.py
[2023-11-04T16:36:03.224+0000] {processor.py:839} INFO - DAG(s) dict_keys(['example_setup_teardown_taskflow']) retrieved from /home/airflow/.local/lib/python3.8/site-packages/airflow/example_dags/example_setup_teardown_taskflow.py
[2023-11-04T16:36:03.264+0000] {logging_mixin.py:151} INFO - [2023-11-04T16:36:03.263+0000] {dag.py:2941} INFO - Sync 1 DAGs
[2023-11-04T16:36:03.305+0000] {logging_mixin.py:151} INFO - [2023-11-04T16:36:03.305+0000] {dag.py:3722} INFO - Setting next_dagrun for example_setup_teardown_taskflow to 2023-11-03T16:36:03.304869+00:00, run_after=2023-11-04T16:36:03.304869+00:00
[2023-11-04T16:36:03.340+0000] {processor.py:179} INFO - Processing /home/airflow/.local/lib/python3.8/site-packages/airflow/example_dags/example_setup_teardown_taskflow.py took 0.143 seconds
[2023-11-04T16:36:33.389+0000] {processor.py:157} INFO - Started process (PID=6266) to work on /home/airflow/.local/lib/python3.8/site-packages/airflow/example_dags/example_setup_teardown_taskflow.py
[2023-11-04T16:36:33.390+0000] {processor.py:829} INFO - Processing file /home/airflow/.local/lib/python3.8/site-packages/airflow/example_dags/example_setup_teardown_taskflow.py for tasks to queue
[2023-11-04T16:36:33.392+0000] {logging_mixin.py:151} INFO - [2023-11-04T16:36:33.391+0000] {dagbag.py:536} INFO - Filling up the DagBag from /home/airflow/.local/lib/python3.8/site-packages/airflow/example_dags/example_setup_teardown_taskflow.py
[2023-11-04T16:36:33.408+0000] {processor.py:839} INFO - DAG(s) dict_keys(['example_setup_teardown_taskflow']) retrieved from /home/airflow/.local/lib/python3.8/site-packages/airflow/example_dags/example_setup_teardown_taskflow.py
[2023-11-04T16:36:33.443+0000] {logging_mixin.py:151} INFO - [2023-11-04T16:36:33.442+0000] {dag.py:2941} INFO - Sync 1 DAGs
[2023-11-04T16:36:33.487+0000] {logging_mixin.py:151} INFO - [2023-11-04T16:36:33.487+0000] {dag.py:3722} INFO - Setting next_dagrun for example_setup_teardown_taskflow to 2023-11-03T16:36:33.486662+00:00, run_after=2023-11-04T16:36:33.486662+00:00
[2023-11-04T16:36:33.516+0000] {processor.py:179} INFO - Processing /home/airflow/.local/lib/python3.8/site-packages/airflow/example_dags/example_setup_teardown_taskflow.py took 0.132 seconds
[2023-11-04T16:37:05.518+0000] {processor.py:157} INFO - Started process (PID=6504) to work on /home/airflow/.local/lib/python3.8/site-packages/airflow/example_dags/example_setup_teardown_taskflow.py
[2023-11-04T16:37:05.520+0000] {processor.py:829} INFO - Processing file /home/airflow/.local/lib/python3.8/site-packages/airflow/example_dags/example_setup_teardown_taskflow.py for tasks to queue
[2023-11-04T16:37:05.524+0000] {logging_mixin.py:151} INFO - [2023-11-04T16:37:05.522+0000] {dagbag.py:536} INFO - Filling up the DagBag from /home/airflow/.local/lib/python3.8/site-packages/airflow/example_dags/example_setup_teardown_taskflow.py
[2023-11-04T16:37:05.558+0000] {processor.py:839} INFO - DAG(s) dict_keys(['example_setup_teardown_taskflow']) retrieved from /home/airflow/.local/lib/python3.8/site-packages/airflow/example_dags/example_setup_teardown_taskflow.py
[2023-11-04T16:37:05.653+0000] {logging_mixin.py:151} INFO - [2023-11-04T16:37:05.653+0000] {dag.py:2941} INFO - Sync 1 DAGs
[2023-11-04T16:37:05.731+0000] {logging_mixin.py:151} INFO - [2023-11-04T16:37:05.729+0000] {dag.py:3722} INFO - Setting next_dagrun for example_setup_teardown_taskflow to 2023-11-03T16:37:05.727567+00:00, run_after=2023-11-04T16:37:05.727567+00:00
[2023-11-04T16:37:05.777+0000] {processor.py:179} INFO - Processing /home/airflow/.local/lib/python3.8/site-packages/airflow/example_dags/example_setup_teardown_taskflow.py took 0.270 seconds
[2023-11-04T16:37:36.128+0000] {processor.py:157} INFO - Started process (PID=6744) to work on /home/airflow/.local/lib/python3.8/site-packages/airflow/example_dags/example_setup_teardown_taskflow.py
[2023-11-04T16:37:36.130+0000] {processor.py:829} INFO - Processing file /home/airflow/.local/lib/python3.8/site-packages/airflow/example_dags/example_setup_teardown_taskflow.py for tasks to queue
[2023-11-04T16:37:36.132+0000] {logging_mixin.py:151} INFO - [2023-11-04T16:37:36.131+0000] {dagbag.py:536} INFO - Filling up the DagBag from /home/airflow/.local/lib/python3.8/site-packages/airflow/example_dags/example_setup_teardown_taskflow.py
[2023-11-04T16:37:36.148+0000] {processor.py:839} INFO - DAG(s) dict_keys(['example_setup_teardown_taskflow']) retrieved from /home/airflow/.local/lib/python3.8/site-packages/airflow/example_dags/example_setup_teardown_taskflow.py
[2023-11-04T16:37:36.181+0000] {logging_mixin.py:151} INFO - [2023-11-04T16:37:36.180+0000] {dag.py:2941} INFO - Sync 1 DAGs
[2023-11-04T16:37:36.214+0000] {logging_mixin.py:151} INFO - [2023-11-04T16:37:36.214+0000] {dag.py:3722} INFO - Setting next_dagrun for example_setup_teardown_taskflow to 2023-11-03T16:37:36.214282+00:00, run_after=2023-11-04T16:37:36.214282+00:00
[2023-11-04T16:37:36.248+0000] {processor.py:179} INFO - Processing /home/airflow/.local/lib/python3.8/site-packages/airflow/example_dags/example_setup_teardown_taskflow.py took 0.125 seconds
[2023-11-04T16:38:06.500+0000] {processor.py:157} INFO - Started process (PID=6982) to work on /home/airflow/.local/lib/python3.8/site-packages/airflow/example_dags/example_setup_teardown_taskflow.py
[2023-11-04T16:38:06.501+0000] {processor.py:829} INFO - Processing file /home/airflow/.local/lib/python3.8/site-packages/airflow/example_dags/example_setup_teardown_taskflow.py for tasks to queue
[2023-11-04T16:38:06.503+0000] {logging_mixin.py:151} INFO - [2023-11-04T16:38:06.502+0000] {dagbag.py:536} INFO - Filling up the DagBag from /home/airflow/.local/lib/python3.8/site-packages/airflow/example_dags/example_setup_teardown_taskflow.py
[2023-11-04T16:38:06.520+0000] {processor.py:839} INFO - DAG(s) dict_keys(['example_setup_teardown_taskflow']) retrieved from /home/airflow/.local/lib/python3.8/site-packages/airflow/example_dags/example_setup_teardown_taskflow.py
[2023-11-04T16:38:06.554+0000] {logging_mixin.py:151} INFO - [2023-11-04T16:38:06.553+0000] {dag.py:2941} INFO - Sync 1 DAGs
[2023-11-04T16:38:06.590+0000] {logging_mixin.py:151} INFO - [2023-11-04T16:38:06.589+0000] {dag.py:3722} INFO - Setting next_dagrun for example_setup_teardown_taskflow to 2023-11-03T16:38:06.589443+00:00, run_after=2023-11-04T16:38:06.589443+00:00
[2023-11-04T16:38:06.624+0000] {processor.py:179} INFO - Processing /home/airflow/.local/lib/python3.8/site-packages/airflow/example_dags/example_setup_teardown_taskflow.py took 0.129 seconds
[2023-11-04T16:38:36.700+0000] {processor.py:157} INFO - Started process (PID=7218) to work on /home/airflow/.local/lib/python3.8/site-packages/airflow/example_dags/example_setup_teardown_taskflow.py
[2023-11-04T16:38:36.701+0000] {processor.py:829} INFO - Processing file /home/airflow/.local/lib/python3.8/site-packages/airflow/example_dags/example_setup_teardown_taskflow.py for tasks to queue
[2023-11-04T16:38:36.703+0000] {logging_mixin.py:151} INFO - [2023-11-04T16:38:36.703+0000] {dagbag.py:536} INFO - Filling up the DagBag from /home/airflow/.local/lib/python3.8/site-packages/airflow/example_dags/example_setup_teardown_taskflow.py
[2023-11-04T16:38:36.721+0000] {processor.py:839} INFO - DAG(s) dict_keys(['example_setup_teardown_taskflow']) retrieved from /home/airflow/.local/lib/python3.8/site-packages/airflow/example_dags/example_setup_teardown_taskflow.py
[2023-11-04T16:38:36.760+0000] {logging_mixin.py:151} INFO - [2023-11-04T16:38:36.760+0000] {dag.py:2941} INFO - Sync 1 DAGs
[2023-11-04T16:38:36.797+0000] {logging_mixin.py:151} INFO - [2023-11-04T16:38:36.797+0000] {dag.py:3722} INFO - Setting next_dagrun for example_setup_teardown_taskflow to 2023-11-03T16:38:36.797258+00:00, run_after=2023-11-04T16:38:36.797258+00:00
[2023-11-04T16:38:36.827+0000] {processor.py:179} INFO - Processing /home/airflow/.local/lib/python3.8/site-packages/airflow/example_dags/example_setup_teardown_taskflow.py took 0.132 seconds
[2023-11-04T16:39:07.376+0000] {processor.py:157} INFO - Started process (PID=7458) to work on /home/airflow/.local/lib/python3.8/site-packages/airflow/example_dags/example_setup_teardown_taskflow.py
[2023-11-04T16:39:07.378+0000] {processor.py:829} INFO - Processing file /home/airflow/.local/lib/python3.8/site-packages/airflow/example_dags/example_setup_teardown_taskflow.py for tasks to queue
[2023-11-04T16:39:07.381+0000] {logging_mixin.py:151} INFO - [2023-11-04T16:39:07.380+0000] {dagbag.py:536} INFO - Filling up the DagBag from /home/airflow/.local/lib/python3.8/site-packages/airflow/example_dags/example_setup_teardown_taskflow.py
[2023-11-04T16:39:07.401+0000] {processor.py:839} INFO - DAG(s) dict_keys(['example_setup_teardown_taskflow']) retrieved from /home/airflow/.local/lib/python3.8/site-packages/airflow/example_dags/example_setup_teardown_taskflow.py
[2023-11-04T16:39:07.435+0000] {logging_mixin.py:151} INFO - [2023-11-04T16:39:07.435+0000] {dag.py:2941} INFO - Sync 1 DAGs
[2023-11-04T16:39:07.474+0000] {logging_mixin.py:151} INFO - [2023-11-04T16:39:07.474+0000] {dag.py:3722} INFO - Setting next_dagrun for example_setup_teardown_taskflow to 2023-11-03T16:39:07.473910+00:00, run_after=2023-11-04T16:39:07.473910+00:00
[2023-11-04T16:39:07.510+0000] {processor.py:179} INFO - Processing /home/airflow/.local/lib/python3.8/site-packages/airflow/example_dags/example_setup_teardown_taskflow.py took 0.138 seconds
[2023-11-04T16:39:37.826+0000] {processor.py:157} INFO - Started process (PID=7696) to work on /home/airflow/.local/lib/python3.8/site-packages/airflow/example_dags/example_setup_teardown_taskflow.py
[2023-11-04T16:39:37.827+0000] {processor.py:829} INFO - Processing file /home/airflow/.local/lib/python3.8/site-packages/airflow/example_dags/example_setup_teardown_taskflow.py for tasks to queue
[2023-11-04T16:39:37.829+0000] {logging_mixin.py:151} INFO - [2023-11-04T16:39:37.829+0000] {dagbag.py:536} INFO - Filling up the DagBag from /home/airflow/.local/lib/python3.8/site-packages/airflow/example_dags/example_setup_teardown_taskflow.py
[2023-11-04T16:39:37.846+0000] {processor.py:839} INFO - DAG(s) dict_keys(['example_setup_teardown_taskflow']) retrieved from /home/airflow/.local/lib/python3.8/site-packages/airflow/example_dags/example_setup_teardown_taskflow.py
[2023-11-04T16:39:37.880+0000] {logging_mixin.py:151} INFO - [2023-11-04T16:39:37.879+0000] {dag.py:2941} INFO - Sync 1 DAGs
[2023-11-04T16:39:37.913+0000] {logging_mixin.py:151} INFO - [2023-11-04T16:39:37.913+0000] {dag.py:3722} INFO - Setting next_dagrun for example_setup_teardown_taskflow to 2023-11-03T16:39:37.912963+00:00, run_after=2023-11-04T16:39:37.912963+00:00
[2023-11-04T16:39:37.947+0000] {processor.py:179} INFO - Processing /home/airflow/.local/lib/python3.8/site-packages/airflow/example_dags/example_setup_teardown_taskflow.py took 0.127 seconds
[2023-11-04T16:40:08.133+0000] {processor.py:157} INFO - Started process (PID=7932) to work on /home/airflow/.local/lib/python3.8/site-packages/airflow/example_dags/example_setup_teardown_taskflow.py
[2023-11-04T16:40:08.134+0000] {processor.py:829} INFO - Processing file /home/airflow/.local/lib/python3.8/site-packages/airflow/example_dags/example_setup_teardown_taskflow.py for tasks to queue
[2023-11-04T16:40:08.136+0000] {logging_mixin.py:151} INFO - [2023-11-04T16:40:08.136+0000] {dagbag.py:536} INFO - Filling up the DagBag from /home/airflow/.local/lib/python3.8/site-packages/airflow/example_dags/example_setup_teardown_taskflow.py
[2023-11-04T16:40:08.156+0000] {processor.py:839} INFO - DAG(s) dict_keys(['example_setup_teardown_taskflow']) retrieved from /home/airflow/.local/lib/python3.8/site-packages/airflow/example_dags/example_setup_teardown_taskflow.py
[2023-11-04T16:40:08.190+0000] {logging_mixin.py:151} INFO - [2023-11-04T16:40:08.190+0000] {dag.py:2941} INFO - Sync 1 DAGs
[2023-11-04T16:40:08.227+0000] {logging_mixin.py:151} INFO - [2023-11-04T16:40:08.227+0000] {dag.py:3722} INFO - Setting next_dagrun for example_setup_teardown_taskflow to 2023-11-03T16:40:08.226767+00:00, run_after=2023-11-04T16:40:08.226767+00:00
[2023-11-04T16:40:08.261+0000] {processor.py:179} INFO - Processing /home/airflow/.local/lib/python3.8/site-packages/airflow/example_dags/example_setup_teardown_taskflow.py took 0.134 seconds
[2023-11-04T16:40:38.838+0000] {processor.py:157} INFO - Started process (PID=8170) to work on /home/airflow/.local/lib/python3.8/site-packages/airflow/example_dags/example_setup_teardown_taskflow.py
[2023-11-04T16:40:38.839+0000] {processor.py:829} INFO - Processing file /home/airflow/.local/lib/python3.8/site-packages/airflow/example_dags/example_setup_teardown_taskflow.py for tasks to queue
[2023-11-04T16:40:38.841+0000] {logging_mixin.py:151} INFO - [2023-11-04T16:40:38.840+0000] {dagbag.py:536} INFO - Filling up the DagBag from /home/airflow/.local/lib/python3.8/site-packages/airflow/example_dags/example_setup_teardown_taskflow.py
[2023-11-04T16:40:38.861+0000] {processor.py:839} INFO - DAG(s) dict_keys(['example_setup_teardown_taskflow']) retrieved from /home/airflow/.local/lib/python3.8/site-packages/airflow/example_dags/example_setup_teardown_taskflow.py
[2023-11-04T16:40:38.903+0000] {logging_mixin.py:151} INFO - [2023-11-04T16:40:38.902+0000] {dag.py:2941} INFO - Sync 1 DAGs
[2023-11-04T16:40:38.944+0000] {logging_mixin.py:151} INFO - [2023-11-04T16:40:38.944+0000] {dag.py:3722} INFO - Setting next_dagrun for example_setup_teardown_taskflow to 2023-11-03T16:40:38.944169+00:00, run_after=2023-11-04T16:40:38.944169+00:00
[2023-11-04T16:40:38.977+0000] {processor.py:179} INFO - Processing /home/airflow/.local/lib/python3.8/site-packages/airflow/example_dags/example_setup_teardown_taskflow.py took 0.144 seconds
[2023-11-04T16:41:09.151+0000] {processor.py:157} INFO - Started process (PID=8409) to work on /home/airflow/.local/lib/python3.8/site-packages/airflow/example_dags/example_setup_teardown_taskflow.py
[2023-11-04T16:41:09.153+0000] {processor.py:829} INFO - Processing file /home/airflow/.local/lib/python3.8/site-packages/airflow/example_dags/example_setup_teardown_taskflow.py for tasks to queue
[2023-11-04T16:41:09.154+0000] {logging_mixin.py:151} INFO - [2023-11-04T16:41:09.154+0000] {dagbag.py:536} INFO - Filling up the DagBag from /home/airflow/.local/lib/python3.8/site-packages/airflow/example_dags/example_setup_teardown_taskflow.py
[2023-11-04T16:41:09.171+0000] {processor.py:839} INFO - DAG(s) dict_keys(['example_setup_teardown_taskflow']) retrieved from /home/airflow/.local/lib/python3.8/site-packages/airflow/example_dags/example_setup_teardown_taskflow.py
[2023-11-04T16:41:09.215+0000] {logging_mixin.py:151} INFO - [2023-11-04T16:41:09.215+0000] {dag.py:2941} INFO - Sync 1 DAGs
[2023-11-04T16:41:09.251+0000] {logging_mixin.py:151} INFO - [2023-11-04T16:41:09.250+0000] {dag.py:3722} INFO - Setting next_dagrun for example_setup_teardown_taskflow to 2023-11-03T16:41:09.250325+00:00, run_after=2023-11-04T16:41:09.250325+00:00
[2023-11-04T16:41:09.281+0000] {processor.py:179} INFO - Processing /home/airflow/.local/lib/python3.8/site-packages/airflow/example_dags/example_setup_teardown_taskflow.py took 0.136 seconds
[2023-11-04T16:41:39.799+0000] {processor.py:157} INFO - Started process (PID=8648) to work on /home/airflow/.local/lib/python3.8/site-packages/airflow/example_dags/example_setup_teardown_taskflow.py
[2023-11-04T16:41:39.801+0000] {processor.py:829} INFO - Processing file /home/airflow/.local/lib/python3.8/site-packages/airflow/example_dags/example_setup_teardown_taskflow.py for tasks to queue
[2023-11-04T16:41:39.802+0000] {logging_mixin.py:151} INFO - [2023-11-04T16:41:39.802+0000] {dagbag.py:536} INFO - Filling up the DagBag from /home/airflow/.local/lib/python3.8/site-packages/airflow/example_dags/example_setup_teardown_taskflow.py
[2023-11-04T16:41:39.819+0000] {processor.py:839} INFO - DAG(s) dict_keys(['example_setup_teardown_taskflow']) retrieved from /home/airflow/.local/lib/python3.8/site-packages/airflow/example_dags/example_setup_teardown_taskflow.py
[2023-11-04T16:41:39.852+0000] {logging_mixin.py:151} INFO - [2023-11-04T16:41:39.852+0000] {dag.py:2941} INFO - Sync 1 DAGs
[2023-11-04T16:41:39.885+0000] {logging_mixin.py:151} INFO - [2023-11-04T16:41:39.885+0000] {dag.py:3722} INFO - Setting next_dagrun for example_setup_teardown_taskflow to 2023-11-03T16:41:39.885160+00:00, run_after=2023-11-04T16:41:39.885160+00:00
[2023-11-04T16:41:39.918+0000] {processor.py:179} INFO - Processing /home/airflow/.local/lib/python3.8/site-packages/airflow/example_dags/example_setup_teardown_taskflow.py took 0.123 seconds
[2023-11-04T16:42:10.503+0000] {processor.py:157} INFO - Started process (PID=8886) to work on /home/airflow/.local/lib/python3.8/site-packages/airflow/example_dags/example_setup_teardown_taskflow.py
[2023-11-04T16:42:10.504+0000] {processor.py:829} INFO - Processing file /home/airflow/.local/lib/python3.8/site-packages/airflow/example_dags/example_setup_teardown_taskflow.py for tasks to queue
[2023-11-04T16:42:10.506+0000] {logging_mixin.py:151} INFO - [2023-11-04T16:42:10.505+0000] {dagbag.py:536} INFO - Filling up the DagBag from /home/airflow/.local/lib/python3.8/site-packages/airflow/example_dags/example_setup_teardown_taskflow.py
[2023-11-04T16:42:10.523+0000] {processor.py:839} INFO - DAG(s) dict_keys(['example_setup_teardown_taskflow']) retrieved from /home/airflow/.local/lib/python3.8/site-packages/airflow/example_dags/example_setup_teardown_taskflow.py
[2023-11-04T16:42:10.555+0000] {logging_mixin.py:151} INFO - [2023-11-04T16:42:10.555+0000] {dag.py:2941} INFO - Sync 1 DAGs
[2023-11-04T16:42:10.589+0000] {logging_mixin.py:151} INFO - [2023-11-04T16:42:10.589+0000] {dag.py:3722} INFO - Setting next_dagrun for example_setup_teardown_taskflow to 2023-11-03T16:42:10.589058+00:00, run_after=2023-11-04T16:42:10.589058+00:00
[2023-11-04T16:42:10.783+0000] {processor.py:179} INFO - Processing /home/airflow/.local/lib/python3.8/site-packages/airflow/example_dags/example_setup_teardown_taskflow.py took 0.285 seconds
[2023-11-04T17:13:30.406+0000] {processor.py:157} INFO - Started process (PID=307) to work on /home/airflow/.local/lib/python3.8/site-packages/airflow/example_dags/example_setup_teardown_taskflow.py
[2023-11-04T17:13:30.408+0000] {processor.py:829} INFO - Processing file /home/airflow/.local/lib/python3.8/site-packages/airflow/example_dags/example_setup_teardown_taskflow.py for tasks to queue
[2023-11-04T17:13:30.410+0000] {logging_mixin.py:151} INFO - [2023-11-04T17:13:30.409+0000] {dagbag.py:536} INFO - Filling up the DagBag from /home/airflow/.local/lib/python3.8/site-packages/airflow/example_dags/example_setup_teardown_taskflow.py
[2023-11-04T17:13:30.428+0000] {processor.py:839} INFO - DAG(s) dict_keys(['example_setup_teardown_taskflow']) retrieved from /home/airflow/.local/lib/python3.8/site-packages/airflow/example_dags/example_setup_teardown_taskflow.py
[2023-11-04T17:13:30.473+0000] {logging_mixin.py:151} INFO - [2023-11-04T17:13:30.472+0000] {dag.py:2941} INFO - Sync 1 DAGs
[2023-11-04T17:13:30.511+0000] {logging_mixin.py:151} INFO - [2023-11-04T17:13:30.511+0000] {dag.py:3722} INFO - Setting next_dagrun for example_setup_teardown_taskflow to 2023-11-03T17:13:30.511047+00:00, run_after=2023-11-04T17:13:30.511047+00:00
[2023-11-04T17:13:30.542+0000] {processor.py:179} INFO - Processing /home/airflow/.local/lib/python3.8/site-packages/airflow/example_dags/example_setup_teardown_taskflow.py took 0.141 seconds
[2023-11-04T17:14:00.606+0000] {processor.py:157} INFO - Started process (PID=547) to work on /home/airflow/.local/lib/python3.8/site-packages/airflow/example_dags/example_setup_teardown_taskflow.py
[2023-11-04T17:14:00.608+0000] {processor.py:829} INFO - Processing file /home/airflow/.local/lib/python3.8/site-packages/airflow/example_dags/example_setup_teardown_taskflow.py for tasks to queue
[2023-11-04T17:14:00.610+0000] {logging_mixin.py:151} INFO - [2023-11-04T17:14:00.609+0000] {dagbag.py:536} INFO - Filling up the DagBag from /home/airflow/.local/lib/python3.8/site-packages/airflow/example_dags/example_setup_teardown_taskflow.py
[2023-11-04T17:14:00.626+0000] {processor.py:839} INFO - DAG(s) dict_keys(['example_setup_teardown_taskflow']) retrieved from /home/airflow/.local/lib/python3.8/site-packages/airflow/example_dags/example_setup_teardown_taskflow.py
[2023-11-04T17:14:00.643+0000] {logging_mixin.py:151} INFO - [2023-11-04T17:14:00.643+0000] {dag.py:2941} INFO - Sync 1 DAGs
[2023-11-04T17:14:00.678+0000] {logging_mixin.py:151} INFO - [2023-11-04T17:14:00.678+0000] {dag.py:3722} INFO - Setting next_dagrun for example_setup_teardown_taskflow to 2023-11-03T17:14:00.678077+00:00, run_after=2023-11-04T17:14:00.678077+00:00
[2023-11-04T17:14:00.710+0000] {processor.py:179} INFO - Processing /home/airflow/.local/lib/python3.8/site-packages/airflow/example_dags/example_setup_teardown_taskflow.py took 0.109 seconds
[2023-11-04T17:14:30.745+0000] {processor.py:157} INFO - Started process (PID=785) to work on /home/airflow/.local/lib/python3.8/site-packages/airflow/example_dags/example_setup_teardown_taskflow.py
[2023-11-04T17:14:30.747+0000] {processor.py:829} INFO - Processing file /home/airflow/.local/lib/python3.8/site-packages/airflow/example_dags/example_setup_teardown_taskflow.py for tasks to queue
[2023-11-04T17:14:30.748+0000] {logging_mixin.py:151} INFO - [2023-11-04T17:14:30.748+0000] {dagbag.py:536} INFO - Filling up the DagBag from /home/airflow/.local/lib/python3.8/site-packages/airflow/example_dags/example_setup_teardown_taskflow.py
[2023-11-04T17:14:30.763+0000] {processor.py:839} INFO - DAG(s) dict_keys(['example_setup_teardown_taskflow']) retrieved from /home/airflow/.local/lib/python3.8/site-packages/airflow/example_dags/example_setup_teardown_taskflow.py
[2023-11-04T17:14:30.780+0000] {logging_mixin.py:151} INFO - [2023-11-04T17:14:30.780+0000] {dag.py:2941} INFO - Sync 1 DAGs
[2023-11-04T17:14:30.813+0000] {logging_mixin.py:151} INFO - [2023-11-04T17:14:30.813+0000] {dag.py:3722} INFO - Setting next_dagrun for example_setup_teardown_taskflow to 2023-11-03T17:14:30.812597+00:00, run_after=2023-11-04T17:14:30.812597+00:00
[2023-11-04T17:14:30.839+0000] {processor.py:179} INFO - Processing /home/airflow/.local/lib/python3.8/site-packages/airflow/example_dags/example_setup_teardown_taskflow.py took 0.098 seconds
[2023-11-04T17:15:01.368+0000] {processor.py:157} INFO - Started process (PID=1021) to work on /home/airflow/.local/lib/python3.8/site-packages/airflow/example_dags/example_setup_teardown_taskflow.py
[2023-11-04T17:15:01.370+0000] {processor.py:829} INFO - Processing file /home/airflow/.local/lib/python3.8/site-packages/airflow/example_dags/example_setup_teardown_taskflow.py for tasks to queue
[2023-11-04T17:15:01.373+0000] {logging_mixin.py:151} INFO - [2023-11-04T17:15:01.372+0000] {dagbag.py:536} INFO - Filling up the DagBag from /home/airflow/.local/lib/python3.8/site-packages/airflow/example_dags/example_setup_teardown_taskflow.py
[2023-11-04T17:15:01.393+0000] {processor.py:839} INFO - DAG(s) dict_keys(['example_setup_teardown_taskflow']) retrieved from /home/airflow/.local/lib/python3.8/site-packages/airflow/example_dags/example_setup_teardown_taskflow.py
[2023-11-04T17:15:01.435+0000] {logging_mixin.py:151} INFO - [2023-11-04T17:15:01.434+0000] {dag.py:2941} INFO - Sync 1 DAGs
[2023-11-04T17:15:01.482+0000] {logging_mixin.py:151} INFO - [2023-11-04T17:15:01.482+0000] {dag.py:3722} INFO - Setting next_dagrun for example_setup_teardown_taskflow to 2023-11-03T17:15:01.482077+00:00, run_after=2023-11-04T17:15:01.482077+00:00
[2023-11-04T17:15:01.530+0000] {processor.py:179} INFO - Processing /home/airflow/.local/lib/python3.8/site-packages/airflow/example_dags/example_setup_teardown_taskflow.py took 0.168 seconds
[2023-11-04T17:15:32.356+0000] {processor.py:157} INFO - Started process (PID=1259) to work on /home/airflow/.local/lib/python3.8/site-packages/airflow/example_dags/example_setup_teardown_taskflow.py
[2023-11-04T17:15:32.358+0000] {processor.py:829} INFO - Processing file /home/airflow/.local/lib/python3.8/site-packages/airflow/example_dags/example_setup_teardown_taskflow.py for tasks to queue
[2023-11-04T17:15:32.359+0000] {logging_mixin.py:151} INFO - [2023-11-04T17:15:32.359+0000] {dagbag.py:536} INFO - Filling up the DagBag from /home/airflow/.local/lib/python3.8/site-packages/airflow/example_dags/example_setup_teardown_taskflow.py
[2023-11-04T17:15:32.375+0000] {processor.py:839} INFO - DAG(s) dict_keys(['example_setup_teardown_taskflow']) retrieved from /home/airflow/.local/lib/python3.8/site-packages/airflow/example_dags/example_setup_teardown_taskflow.py
[2023-11-04T17:15:32.408+0000] {logging_mixin.py:151} INFO - [2023-11-04T17:15:32.408+0000] {dag.py:2941} INFO - Sync 1 DAGs
[2023-11-04T17:15:32.443+0000] {logging_mixin.py:151} INFO - [2023-11-04T17:15:32.443+0000] {dag.py:3722} INFO - Setting next_dagrun for example_setup_teardown_taskflow to 2023-11-03T17:15:32.443221+00:00, run_after=2023-11-04T17:15:32.443221+00:00
[2023-11-04T17:15:32.475+0000] {processor.py:179} INFO - Processing /home/airflow/.local/lib/python3.8/site-packages/airflow/example_dags/example_setup_teardown_taskflow.py took 0.124 seconds
[2023-11-04T17:16:03.611+0000] {processor.py:157} INFO - Started process (PID=1521) to work on /home/airflow/.local/lib/python3.8/site-packages/airflow/example_dags/example_setup_teardown_taskflow.py
[2023-11-04T17:16:03.616+0000] {processor.py:829} INFO - Processing file /home/airflow/.local/lib/python3.8/site-packages/airflow/example_dags/example_setup_teardown_taskflow.py for tasks to queue
[2023-11-04T17:16:03.618+0000] {logging_mixin.py:151} INFO - [2023-11-04T17:16:03.618+0000] {dagbag.py:536} INFO - Filling up the DagBag from /home/airflow/.local/lib/python3.8/site-packages/airflow/example_dags/example_setup_teardown_taskflow.py
[2023-11-04T17:16:03.642+0000] {processor.py:839} INFO - DAG(s) dict_keys(['example_setup_teardown_taskflow']) retrieved from /home/airflow/.local/lib/python3.8/site-packages/airflow/example_dags/example_setup_teardown_taskflow.py
[2023-11-04T17:16:03.680+0000] {logging_mixin.py:151} INFO - [2023-11-04T17:16:03.680+0000] {dag.py:2941} INFO - Sync 1 DAGs
[2023-11-04T17:16:03.720+0000] {logging_mixin.py:151} INFO - [2023-11-04T17:16:03.720+0000] {dag.py:3722} INFO - Setting next_dagrun for example_setup_teardown_taskflow to 2023-11-03T17:16:03.719915+00:00, run_after=2023-11-04T17:16:03.719915+00:00
[2023-11-04T17:16:03.756+0000] {processor.py:179} INFO - Processing /home/airflow/.local/lib/python3.8/site-packages/airflow/example_dags/example_setup_teardown_taskflow.py took 0.151 seconds
[2023-11-04T17:16:34.025+0000] {processor.py:157} INFO - Started process (PID=1762) to work on /home/airflow/.local/lib/python3.8/site-packages/airflow/example_dags/example_setup_teardown_taskflow.py
[2023-11-04T17:16:34.027+0000] {processor.py:829} INFO - Processing file /home/airflow/.local/lib/python3.8/site-packages/airflow/example_dags/example_setup_teardown_taskflow.py for tasks to queue
[2023-11-04T17:16:34.029+0000] {logging_mixin.py:151} INFO - [2023-11-04T17:16:34.028+0000] {dagbag.py:536} INFO - Filling up the DagBag from /home/airflow/.local/lib/python3.8/site-packages/airflow/example_dags/example_setup_teardown_taskflow.py
[2023-11-04T17:16:34.045+0000] {processor.py:839} INFO - DAG(s) dict_keys(['example_setup_teardown_taskflow']) retrieved from /home/airflow/.local/lib/python3.8/site-packages/airflow/example_dags/example_setup_teardown_taskflow.py
[2023-11-04T17:16:34.082+0000] {logging_mixin.py:151} INFO - [2023-11-04T17:16:34.081+0000] {dag.py:2941} INFO - Sync 1 DAGs
[2023-11-04T17:16:34.117+0000] {logging_mixin.py:151} INFO - [2023-11-04T17:16:34.117+0000] {dag.py:3722} INFO - Setting next_dagrun for example_setup_teardown_taskflow to 2023-11-03T17:16:34.117309+00:00, run_after=2023-11-04T17:16:34.117309+00:00
[2023-11-04T17:16:34.152+0000] {processor.py:179} INFO - Processing /home/airflow/.local/lib/python3.8/site-packages/airflow/example_dags/example_setup_teardown_taskflow.py took 0.131 seconds
[2023-11-04T17:17:04.897+0000] {processor.py:157} INFO - Started process (PID=2000) to work on /home/airflow/.local/lib/python3.8/site-packages/airflow/example_dags/example_setup_teardown_taskflow.py
[2023-11-04T17:17:04.898+0000] {processor.py:829} INFO - Processing file /home/airflow/.local/lib/python3.8/site-packages/airflow/example_dags/example_setup_teardown_taskflow.py for tasks to queue
[2023-11-04T17:17:04.900+0000] {logging_mixin.py:151} INFO - [2023-11-04T17:17:04.899+0000] {dagbag.py:536} INFO - Filling up the DagBag from /home/airflow/.local/lib/python3.8/site-packages/airflow/example_dags/example_setup_teardown_taskflow.py
[2023-11-04T17:17:04.916+0000] {processor.py:839} INFO - DAG(s) dict_keys(['example_setup_teardown_taskflow']) retrieved from /home/airflow/.local/lib/python3.8/site-packages/airflow/example_dags/example_setup_teardown_taskflow.py
[2023-11-04T17:17:04.950+0000] {logging_mixin.py:151} INFO - [2023-11-04T17:17:04.950+0000] {dag.py:2941} INFO - Sync 1 DAGs
[2023-11-04T17:17:04.982+0000] {logging_mixin.py:151} INFO - [2023-11-04T17:17:04.982+0000] {dag.py:3722} INFO - Setting next_dagrun for example_setup_teardown_taskflow to 2023-11-03T17:17:04.981808+00:00, run_after=2023-11-04T17:17:04.981808+00:00
[2023-11-04T17:17:05.011+0000] {processor.py:179} INFO - Processing /home/airflow/.local/lib/python3.8/site-packages/airflow/example_dags/example_setup_teardown_taskflow.py took 0.119 seconds
[2023-11-04T17:17:35.117+0000] {processor.py:157} INFO - Started process (PID=2238) to work on /home/airflow/.local/lib/python3.8/site-packages/airflow/example_dags/example_setup_teardown_taskflow.py
[2023-11-04T17:17:35.119+0000] {processor.py:829} INFO - Processing file /home/airflow/.local/lib/python3.8/site-packages/airflow/example_dags/example_setup_teardown_taskflow.py for tasks to queue
[2023-11-04T17:17:35.121+0000] {logging_mixin.py:151} INFO - [2023-11-04T17:17:35.120+0000] {dagbag.py:536} INFO - Filling up the DagBag from /home/airflow/.local/lib/python3.8/site-packages/airflow/example_dags/example_setup_teardown_taskflow.py
[2023-11-04T17:17:35.136+0000] {processor.py:839} INFO - DAG(s) dict_keys(['example_setup_teardown_taskflow']) retrieved from /home/airflow/.local/lib/python3.8/site-packages/airflow/example_dags/example_setup_teardown_taskflow.py
[2023-11-04T17:17:35.172+0000] {logging_mixin.py:151} INFO - [2023-11-04T17:17:35.172+0000] {dag.py:2941} INFO - Sync 1 DAGs
[2023-11-04T17:17:35.207+0000] {logging_mixin.py:151} INFO - [2023-11-04T17:17:35.207+0000] {dag.py:3722} INFO - Setting next_dagrun for example_setup_teardown_taskflow to 2023-11-03T17:17:35.206850+00:00, run_after=2023-11-04T17:17:35.206850+00:00
[2023-11-04T17:17:35.248+0000] {processor.py:179} INFO - Processing /home/airflow/.local/lib/python3.8/site-packages/airflow/example_dags/example_setup_teardown_taskflow.py took 0.135 seconds
[2023-11-04T17:18:05.348+0000] {processor.py:157} INFO - Started process (PID=2476) to work on /home/airflow/.local/lib/python3.8/site-packages/airflow/example_dags/example_setup_teardown_taskflow.py
[2023-11-04T17:18:05.350+0000] {processor.py:829} INFO - Processing file /home/airflow/.local/lib/python3.8/site-packages/airflow/example_dags/example_setup_teardown_taskflow.py for tasks to queue
[2023-11-04T17:18:05.352+0000] {logging_mixin.py:151} INFO - [2023-11-04T17:18:05.351+0000] {dagbag.py:536} INFO - Filling up the DagBag from /home/airflow/.local/lib/python3.8/site-packages/airflow/example_dags/example_setup_teardown_taskflow.py
[2023-11-04T17:18:05.372+0000] {processor.py:839} INFO - DAG(s) dict_keys(['example_setup_teardown_taskflow']) retrieved from /home/airflow/.local/lib/python3.8/site-packages/airflow/example_dags/example_setup_teardown_taskflow.py
[2023-11-04T17:18:05.406+0000] {logging_mixin.py:151} INFO - [2023-11-04T17:18:05.406+0000] {dag.py:2941} INFO - Sync 1 DAGs
[2023-11-04T17:18:05.439+0000] {logging_mixin.py:151} INFO - [2023-11-04T17:18:05.438+0000] {dag.py:3722} INFO - Setting next_dagrun for example_setup_teardown_taskflow to 2023-11-03T17:18:05.438336+00:00, run_after=2023-11-04T17:18:05.438336+00:00
[2023-11-04T17:18:05.472+0000] {processor.py:179} INFO - Processing /home/airflow/.local/lib/python3.8/site-packages/airflow/example_dags/example_setup_teardown_taskflow.py took 0.130 seconds
[2023-11-04T17:18:36.031+0000] {processor.py:157} INFO - Started process (PID=2719) to work on /home/airflow/.local/lib/python3.8/site-packages/airflow/example_dags/example_setup_teardown_taskflow.py
[2023-11-04T17:18:36.033+0000] {processor.py:829} INFO - Processing file /home/airflow/.local/lib/python3.8/site-packages/airflow/example_dags/example_setup_teardown_taskflow.py for tasks to queue
[2023-11-04T17:18:36.035+0000] {logging_mixin.py:151} INFO - [2023-11-04T17:18:36.034+0000] {dagbag.py:536} INFO - Filling up the DagBag from /home/airflow/.local/lib/python3.8/site-packages/airflow/example_dags/example_setup_teardown_taskflow.py
[2023-11-04T17:18:36.056+0000] {processor.py:839} INFO - DAG(s) dict_keys(['example_setup_teardown_taskflow']) retrieved from /home/airflow/.local/lib/python3.8/site-packages/airflow/example_dags/example_setup_teardown_taskflow.py
[2023-11-04T17:18:36.088+0000] {logging_mixin.py:151} INFO - [2023-11-04T17:18:36.088+0000] {dag.py:2941} INFO - Sync 1 DAGs
[2023-11-04T17:18:36.120+0000] {logging_mixin.py:151} INFO - [2023-11-04T17:18:36.120+0000] {dag.py:3722} INFO - Setting next_dagrun for example_setup_teardown_taskflow to 2023-11-03T17:18:36.119927+00:00, run_after=2023-11-04T17:18:36.119927+00:00
[2023-11-04T17:18:36.153+0000] {processor.py:179} INFO - Processing /home/airflow/.local/lib/python3.8/site-packages/airflow/example_dags/example_setup_teardown_taskflow.py took 0.128 seconds
[2023-11-04T17:19:06.397+0000] {processor.py:157} INFO - Started process (PID=2959) to work on /home/airflow/.local/lib/python3.8/site-packages/airflow/example_dags/example_setup_teardown_taskflow.py
[2023-11-04T17:19:06.398+0000] {processor.py:829} INFO - Processing file /home/airflow/.local/lib/python3.8/site-packages/airflow/example_dags/example_setup_teardown_taskflow.py for tasks to queue
[2023-11-04T17:19:06.400+0000] {logging_mixin.py:151} INFO - [2023-11-04T17:19:06.399+0000] {dagbag.py:536} INFO - Filling up the DagBag from /home/airflow/.local/lib/python3.8/site-packages/airflow/example_dags/example_setup_teardown_taskflow.py
[2023-11-04T17:19:06.418+0000] {processor.py:839} INFO - DAG(s) dict_keys(['example_setup_teardown_taskflow']) retrieved from /home/airflow/.local/lib/python3.8/site-packages/airflow/example_dags/example_setup_teardown_taskflow.py
[2023-11-04T17:19:06.454+0000] {logging_mixin.py:151} INFO - [2023-11-04T17:19:06.454+0000] {dag.py:2941} INFO - Sync 1 DAGs
[2023-11-04T17:19:06.487+0000] {logging_mixin.py:151} INFO - [2023-11-04T17:19:06.487+0000] {dag.py:3722} INFO - Setting next_dagrun for example_setup_teardown_taskflow to 2023-11-03T17:19:06.487069+00:00, run_after=2023-11-04T17:19:06.487069+00:00
[2023-11-04T17:19:06.516+0000] {processor.py:179} INFO - Processing /home/airflow/.local/lib/python3.8/site-packages/airflow/example_dags/example_setup_teardown_taskflow.py took 0.124 seconds
[2023-11-04T17:19:36.625+0000] {processor.py:157} INFO - Started process (PID=3195) to work on /home/airflow/.local/lib/python3.8/site-packages/airflow/example_dags/example_setup_teardown_taskflow.py
[2023-11-04T17:19:36.626+0000] {processor.py:829} INFO - Processing file /home/airflow/.local/lib/python3.8/site-packages/airflow/example_dags/example_setup_teardown_taskflow.py for tasks to queue
[2023-11-04T17:19:36.628+0000] {logging_mixin.py:151} INFO - [2023-11-04T17:19:36.628+0000] {dagbag.py:536} INFO - Filling up the DagBag from /home/airflow/.local/lib/python3.8/site-packages/airflow/example_dags/example_setup_teardown_taskflow.py
[2023-11-04T17:19:36.644+0000] {processor.py:839} INFO - DAG(s) dict_keys(['example_setup_teardown_taskflow']) retrieved from /home/airflow/.local/lib/python3.8/site-packages/airflow/example_dags/example_setup_teardown_taskflow.py
[2023-11-04T17:19:36.679+0000] {logging_mixin.py:151} INFO - [2023-11-04T17:19:36.679+0000] {dag.py:2941} INFO - Sync 1 DAGs
[2023-11-04T17:19:36.713+0000] {logging_mixin.py:151} INFO - [2023-11-04T17:19:36.712+0000] {dag.py:3722} INFO - Setting next_dagrun for example_setup_teardown_taskflow to 2023-11-03T17:19:36.712539+00:00, run_after=2023-11-04T17:19:36.712539+00:00
[2023-11-04T17:19:36.740+0000] {processor.py:179} INFO - Processing /home/airflow/.local/lib/python3.8/site-packages/airflow/example_dags/example_setup_teardown_taskflow.py took 0.120 seconds
[2023-11-04T17:20:07.268+0000] {processor.py:157} INFO - Started process (PID=3433) to work on /home/airflow/.local/lib/python3.8/site-packages/airflow/example_dags/example_setup_teardown_taskflow.py
[2023-11-04T17:20:07.270+0000] {processor.py:829} INFO - Processing file /home/airflow/.local/lib/python3.8/site-packages/airflow/example_dags/example_setup_teardown_taskflow.py for tasks to queue
[2023-11-04T17:20:07.271+0000] {logging_mixin.py:151} INFO - [2023-11-04T17:20:07.271+0000] {dagbag.py:536} INFO - Filling up the DagBag from /home/airflow/.local/lib/python3.8/site-packages/airflow/example_dags/example_setup_teardown_taskflow.py
[2023-11-04T17:20:07.287+0000] {processor.py:839} INFO - DAG(s) dict_keys(['example_setup_teardown_taskflow']) retrieved from /home/airflow/.local/lib/python3.8/site-packages/airflow/example_dags/example_setup_teardown_taskflow.py
[2023-11-04T17:20:07.320+0000] {logging_mixin.py:151} INFO - [2023-11-04T17:20:07.320+0000] {dag.py:2941} INFO - Sync 1 DAGs
[2023-11-04T17:20:07.353+0000] {logging_mixin.py:151} INFO - [2023-11-04T17:20:07.353+0000] {dag.py:3722} INFO - Setting next_dagrun for example_setup_teardown_taskflow to 2023-11-03T17:20:07.352933+00:00, run_after=2023-11-04T17:20:07.352933+00:00
[2023-11-04T17:20:07.382+0000] {processor.py:179} INFO - Processing /home/airflow/.local/lib/python3.8/site-packages/airflow/example_dags/example_setup_teardown_taskflow.py took 0.118 seconds
[2023-11-04T17:20:37.693+0000] {processor.py:157} INFO - Started process (PID=3671) to work on /home/airflow/.local/lib/python3.8/site-packages/airflow/example_dags/example_setup_teardown_taskflow.py
[2023-11-04T17:20:37.694+0000] {processor.py:829} INFO - Processing file /home/airflow/.local/lib/python3.8/site-packages/airflow/example_dags/example_setup_teardown_taskflow.py for tasks to queue
[2023-11-04T17:20:37.696+0000] {logging_mixin.py:151} INFO - [2023-11-04T17:20:37.696+0000] {dagbag.py:536} INFO - Filling up the DagBag from /home/airflow/.local/lib/python3.8/site-packages/airflow/example_dags/example_setup_teardown_taskflow.py
[2023-11-04T17:20:37.712+0000] {processor.py:839} INFO - DAG(s) dict_keys(['example_setup_teardown_taskflow']) retrieved from /home/airflow/.local/lib/python3.8/site-packages/airflow/example_dags/example_setup_teardown_taskflow.py
[2023-11-04T17:20:37.745+0000] {logging_mixin.py:151} INFO - [2023-11-04T17:20:37.745+0000] {dag.py:2941} INFO - Sync 1 DAGs
[2023-11-04T17:20:37.777+0000] {logging_mixin.py:151} INFO - [2023-11-04T17:20:37.777+0000] {dag.py:3722} INFO - Setting next_dagrun for example_setup_teardown_taskflow to 2023-11-03T17:20:37.777050+00:00, run_after=2023-11-04T17:20:37.777050+00:00
[2023-11-04T17:20:37.806+0000] {processor.py:179} INFO - Processing /home/airflow/.local/lib/python3.8/site-packages/airflow/example_dags/example_setup_teardown_taskflow.py took 0.118 seconds
[2023-11-04T17:21:09.156+0000] {processor.py:157} INFO - Started process (PID=3914) to work on /home/airflow/.local/lib/python3.8/site-packages/airflow/example_dags/example_setup_teardown_taskflow.py
[2023-11-04T17:21:09.161+0000] {processor.py:829} INFO - Processing file /home/airflow/.local/lib/python3.8/site-packages/airflow/example_dags/example_setup_teardown_taskflow.py for tasks to queue
[2023-11-04T17:21:09.164+0000] {logging_mixin.py:151} INFO - [2023-11-04T17:21:09.163+0000] {dagbag.py:536} INFO - Filling up the DagBag from /home/airflow/.local/lib/python3.8/site-packages/airflow/example_dags/example_setup_teardown_taskflow.py
[2023-11-04T17:21:09.195+0000] {processor.py:839} INFO - DAG(s) dict_keys(['example_setup_teardown_taskflow']) retrieved from /home/airflow/.local/lib/python3.8/site-packages/airflow/example_dags/example_setup_teardown_taskflow.py
[2023-11-04T17:21:09.290+0000] {logging_mixin.py:151} INFO - [2023-11-04T17:21:09.290+0000] {dag.py:2941} INFO - Sync 1 DAGs
[2023-11-04T17:21:09.389+0000] {logging_mixin.py:151} INFO - [2023-11-04T17:21:09.388+0000] {dag.py:3722} INFO - Setting next_dagrun for example_setup_teardown_taskflow to 2023-11-03T17:21:09.386946+00:00, run_after=2023-11-04T17:21:09.386946+00:00
[2023-11-04T17:21:09.510+0000] {processor.py:179} INFO - Processing /home/airflow/.local/lib/python3.8/site-packages/airflow/example_dags/example_setup_teardown_taskflow.py took 0.361 seconds
[2023-11-04T17:21:40.189+0000] {processor.py:157} INFO - Started process (PID=4191) to work on /home/airflow/.local/lib/python3.8/site-packages/airflow/example_dags/example_setup_teardown_taskflow.py
[2023-11-04T17:21:40.191+0000] {processor.py:829} INFO - Processing file /home/airflow/.local/lib/python3.8/site-packages/airflow/example_dags/example_setup_teardown_taskflow.py for tasks to queue
[2023-11-04T17:21:40.193+0000] {logging_mixin.py:151} INFO - [2023-11-04T17:21:40.193+0000] {dagbag.py:536} INFO - Filling up the DagBag from /home/airflow/.local/lib/python3.8/site-packages/airflow/example_dags/example_setup_teardown_taskflow.py
[2023-11-04T17:21:40.211+0000] {processor.py:839} INFO - DAG(s) dict_keys(['example_setup_teardown_taskflow']) retrieved from /home/airflow/.local/lib/python3.8/site-packages/airflow/example_dags/example_setup_teardown_taskflow.py
[2023-11-04T17:21:40.251+0000] {logging_mixin.py:151} INFO - [2023-11-04T17:21:40.251+0000] {dag.py:2941} INFO - Sync 1 DAGs
[2023-11-04T17:21:40.294+0000] {logging_mixin.py:151} INFO - [2023-11-04T17:21:40.293+0000] {dag.py:3722} INFO - Setting next_dagrun for example_setup_teardown_taskflow to 2023-11-03T17:21:40.292858+00:00, run_after=2023-11-04T17:21:40.292858+00:00
[2023-11-04T17:21:40.328+0000] {processor.py:179} INFO - Processing /home/airflow/.local/lib/python3.8/site-packages/airflow/example_dags/example_setup_teardown_taskflow.py took 0.146 seconds
[2023-11-04T17:22:11.096+0000] {processor.py:157} INFO - Started process (PID=4433) to work on /home/airflow/.local/lib/python3.8/site-packages/airflow/example_dags/example_setup_teardown_taskflow.py
[2023-11-04T17:22:11.100+0000] {processor.py:829} INFO - Processing file /home/airflow/.local/lib/python3.8/site-packages/airflow/example_dags/example_setup_teardown_taskflow.py for tasks to queue
[2023-11-04T17:22:11.101+0000] {logging_mixin.py:151} INFO - [2023-11-04T17:22:11.101+0000] {dagbag.py:536} INFO - Filling up the DagBag from /home/airflow/.local/lib/python3.8/site-packages/airflow/example_dags/example_setup_teardown_taskflow.py
[2023-11-04T17:22:11.126+0000] {processor.py:839} INFO - DAG(s) dict_keys(['example_setup_teardown_taskflow']) retrieved from /home/airflow/.local/lib/python3.8/site-packages/airflow/example_dags/example_setup_teardown_taskflow.py
[2023-11-04T17:22:11.175+0000] {logging_mixin.py:151} INFO - [2023-11-04T17:22:11.174+0000] {dag.py:2941} INFO - Sync 1 DAGs
[2023-11-04T17:22:11.232+0000] {logging_mixin.py:151} INFO - [2023-11-04T17:22:11.232+0000] {dag.py:3722} INFO - Setting next_dagrun for example_setup_teardown_taskflow to 2023-11-03T17:22:11.232166+00:00, run_after=2023-11-04T17:22:11.232166+00:00
[2023-11-04T17:22:11.281+0000] {processor.py:179} INFO - Processing /home/airflow/.local/lib/python3.8/site-packages/airflow/example_dags/example_setup_teardown_taskflow.py took 0.191 seconds
[2023-11-04T17:22:41.575+0000] {processor.py:157} INFO - Started process (PID=4671) to work on /home/airflow/.local/lib/python3.8/site-packages/airflow/example_dags/example_setup_teardown_taskflow.py
[2023-11-04T17:22:41.578+0000] {processor.py:829} INFO - Processing file /home/airflow/.local/lib/python3.8/site-packages/airflow/example_dags/example_setup_teardown_taskflow.py for tasks to queue
[2023-11-04T17:22:41.581+0000] {logging_mixin.py:151} INFO - [2023-11-04T17:22:41.580+0000] {dagbag.py:536} INFO - Filling up the DagBag from /home/airflow/.local/lib/python3.8/site-packages/airflow/example_dags/example_setup_teardown_taskflow.py
[2023-11-04T17:22:41.623+0000] {processor.py:839} INFO - DAG(s) dict_keys(['example_setup_teardown_taskflow']) retrieved from /home/airflow/.local/lib/python3.8/site-packages/airflow/example_dags/example_setup_teardown_taskflow.py
[2023-11-04T17:22:41.733+0000] {logging_mixin.py:151} INFO - [2023-11-04T17:22:41.732+0000] {dag.py:2941} INFO - Sync 1 DAGs
[2023-11-04T17:22:41.792+0000] {logging_mixin.py:151} INFO - [2023-11-04T17:22:41.792+0000] {dag.py:3722} INFO - Setting next_dagrun for example_setup_teardown_taskflow to 2023-11-03T17:22:41.792024+00:00, run_after=2023-11-04T17:22:41.792024+00:00
[2023-11-04T17:22:41.840+0000] {processor.py:179} INFO - Processing /home/airflow/.local/lib/python3.8/site-packages/airflow/example_dags/example_setup_teardown_taskflow.py took 0.272 seconds
