[2023-11-04T16:23:45.960+0000] {processor.py:157} INFO - Started process (PID=253) to work on /home/airflow/.local/lib/python3.8/site-packages/airflow/example_dags/example_trigger_target_dag.py
[2023-11-04T16:23:45.962+0000] {processor.py:829} INFO - Processing file /home/airflow/.local/lib/python3.8/site-packages/airflow/example_dags/example_trigger_target_dag.py for tasks to queue
[2023-11-04T16:23:45.964+0000] {logging_mixin.py:151} INFO - [2023-11-04T16:23:45.963+0000] {dagbag.py:536} INFO - Filling up the DagBag from /home/airflow/.local/lib/python3.8/site-packages/airflow/example_dags/example_trigger_target_dag.py
[2023-11-04T16:23:45.978+0000] {processor.py:839} INFO - DAG(s) dict_keys(['example_trigger_target_dag']) retrieved from /home/airflow/.local/lib/python3.8/site-packages/airflow/example_dags/example_trigger_target_dag.py
[2023-11-04T16:23:45.997+0000] {logging_mixin.py:151} INFO - [2023-11-04T16:23:45.997+0000] {dag.py:2941} INFO - Sync 1 DAGs
[2023-11-04T16:23:46.022+0000] {logging_mixin.py:151} INFO - [2023-11-04T16:23:46.021+0000] {dag.py:3722} INFO - Setting next_dagrun for example_trigger_target_dag to None, run_after=None
[2023-11-04T16:23:46.053+0000] {processor.py:179} INFO - Processing /home/airflow/.local/lib/python3.8/site-packages/airflow/example_dags/example_trigger_target_dag.py took 0.098 seconds
[2023-11-04T16:24:16.511+0000] {processor.py:157} INFO - Started process (PID=491) to work on /home/airflow/.local/lib/python3.8/site-packages/airflow/example_dags/example_trigger_target_dag.py
[2023-11-04T16:24:16.512+0000] {processor.py:829} INFO - Processing file /home/airflow/.local/lib/python3.8/site-packages/airflow/example_dags/example_trigger_target_dag.py for tasks to queue
[2023-11-04T16:24:16.514+0000] {logging_mixin.py:151} INFO - [2023-11-04T16:24:16.513+0000] {dagbag.py:536} INFO - Filling up the DagBag from /home/airflow/.local/lib/python3.8/site-packages/airflow/example_dags/example_trigger_target_dag.py
[2023-11-04T16:24:16.523+0000] {processor.py:839} INFO - DAG(s) dict_keys(['example_trigger_target_dag']) retrieved from /home/airflow/.local/lib/python3.8/site-packages/airflow/example_dags/example_trigger_target_dag.py
[2023-11-04T16:24:16.554+0000] {logging_mixin.py:151} INFO - [2023-11-04T16:24:16.554+0000] {dag.py:2941} INFO - Sync 1 DAGs
[2023-11-04T16:24:16.575+0000] {logging_mixin.py:151} INFO - [2023-11-04T16:24:16.574+0000] {dag.py:3722} INFO - Setting next_dagrun for example_trigger_target_dag to None, run_after=None
[2023-11-04T16:24:16.604+0000] {processor.py:179} INFO - Processing /home/airflow/.local/lib/python3.8/site-packages/airflow/example_dags/example_trigger_target_dag.py took 0.099 seconds
[2023-11-04T16:24:47.044+0000] {processor.py:157} INFO - Started process (PID=729) to work on /home/airflow/.local/lib/python3.8/site-packages/airflow/example_dags/example_trigger_target_dag.py
[2023-11-04T16:24:47.045+0000] {processor.py:829} INFO - Processing file /home/airflow/.local/lib/python3.8/site-packages/airflow/example_dags/example_trigger_target_dag.py for tasks to queue
[2023-11-04T16:24:47.047+0000] {logging_mixin.py:151} INFO - [2023-11-04T16:24:47.046+0000] {dagbag.py:536} INFO - Filling up the DagBag from /home/airflow/.local/lib/python3.8/site-packages/airflow/example_dags/example_trigger_target_dag.py
[2023-11-04T16:24:47.057+0000] {processor.py:839} INFO - DAG(s) dict_keys(['example_trigger_target_dag']) retrieved from /home/airflow/.local/lib/python3.8/site-packages/airflow/example_dags/example_trigger_target_dag.py
[2023-11-04T16:24:47.089+0000] {logging_mixin.py:151} INFO - [2023-11-04T16:24:47.089+0000] {dag.py:2941} INFO - Sync 1 DAGs
[2023-11-04T16:24:47.110+0000] {logging_mixin.py:151} INFO - [2023-11-04T16:24:47.110+0000] {dag.py:3722} INFO - Setting next_dagrun for example_trigger_target_dag to None, run_after=None
[2023-11-04T16:24:47.141+0000] {processor.py:179} INFO - Processing /home/airflow/.local/lib/python3.8/site-packages/airflow/example_dags/example_trigger_target_dag.py took 0.103 seconds
[2023-11-04T16:25:17.252+0000] {processor.py:157} INFO - Started process (PID=967) to work on /home/airflow/.local/lib/python3.8/site-packages/airflow/example_dags/example_trigger_target_dag.py
[2023-11-04T16:25:17.254+0000] {processor.py:829} INFO - Processing file /home/airflow/.local/lib/python3.8/site-packages/airflow/example_dags/example_trigger_target_dag.py for tasks to queue
[2023-11-04T16:25:17.256+0000] {logging_mixin.py:151} INFO - [2023-11-04T16:25:17.256+0000] {dagbag.py:536} INFO - Filling up the DagBag from /home/airflow/.local/lib/python3.8/site-packages/airflow/example_dags/example_trigger_target_dag.py
[2023-11-04T16:25:17.265+0000] {processor.py:839} INFO - DAG(s) dict_keys(['example_trigger_target_dag']) retrieved from /home/airflow/.local/lib/python3.8/site-packages/airflow/example_dags/example_trigger_target_dag.py
[2023-11-04T16:25:17.296+0000] {logging_mixin.py:151} INFO - [2023-11-04T16:25:17.296+0000] {dag.py:2941} INFO - Sync 1 DAGs
[2023-11-04T16:25:17.316+0000] {logging_mixin.py:151} INFO - [2023-11-04T16:25:17.316+0000] {dag.py:3722} INFO - Setting next_dagrun for example_trigger_target_dag to None, run_after=None
[2023-11-04T16:25:17.344+0000] {processor.py:179} INFO - Processing /home/airflow/.local/lib/python3.8/site-packages/airflow/example_dags/example_trigger_target_dag.py took 0.096 seconds
[2023-11-04T16:25:47.569+0000] {processor.py:157} INFO - Started process (PID=1205) to work on /home/airflow/.local/lib/python3.8/site-packages/airflow/example_dags/example_trigger_target_dag.py
[2023-11-04T16:25:47.571+0000] {processor.py:829} INFO - Processing file /home/airflow/.local/lib/python3.8/site-packages/airflow/example_dags/example_trigger_target_dag.py for tasks to queue
[2023-11-04T16:25:47.572+0000] {logging_mixin.py:151} INFO - [2023-11-04T16:25:47.572+0000] {dagbag.py:536} INFO - Filling up the DagBag from /home/airflow/.local/lib/python3.8/site-packages/airflow/example_dags/example_trigger_target_dag.py
[2023-11-04T16:25:47.581+0000] {processor.py:839} INFO - DAG(s) dict_keys(['example_trigger_target_dag']) retrieved from /home/airflow/.local/lib/python3.8/site-packages/airflow/example_dags/example_trigger_target_dag.py
[2023-11-04T16:25:47.613+0000] {logging_mixin.py:151} INFO - [2023-11-04T16:25:47.613+0000] {dag.py:2941} INFO - Sync 1 DAGs
[2023-11-04T16:25:47.634+0000] {logging_mixin.py:151} INFO - [2023-11-04T16:25:47.634+0000] {dag.py:3722} INFO - Setting next_dagrun for example_trigger_target_dag to None, run_after=None
[2023-11-04T16:25:47.669+0000] {processor.py:179} INFO - Processing /home/airflow/.local/lib/python3.8/site-packages/airflow/example_dags/example_trigger_target_dag.py took 0.106 seconds
[2023-11-04T16:26:18.162+0000] {processor.py:157} INFO - Started process (PID=1443) to work on /home/airflow/.local/lib/python3.8/site-packages/airflow/example_dags/example_trigger_target_dag.py
[2023-11-04T16:26:18.164+0000] {processor.py:829} INFO - Processing file /home/airflow/.local/lib/python3.8/site-packages/airflow/example_dags/example_trigger_target_dag.py for tasks to queue
[2023-11-04T16:26:18.166+0000] {logging_mixin.py:151} INFO - [2023-11-04T16:26:18.165+0000] {dagbag.py:536} INFO - Filling up the DagBag from /home/airflow/.local/lib/python3.8/site-packages/airflow/example_dags/example_trigger_target_dag.py
[2023-11-04T16:26:18.177+0000] {processor.py:839} INFO - DAG(s) dict_keys(['example_trigger_target_dag']) retrieved from /home/airflow/.local/lib/python3.8/site-packages/airflow/example_dags/example_trigger_target_dag.py
[2023-11-04T16:26:18.196+0000] {logging_mixin.py:151} INFO - [2023-11-04T16:26:18.196+0000] {dag.py:2941} INFO - Sync 1 DAGs
[2023-11-04T16:26:18.221+0000] {logging_mixin.py:151} INFO - [2023-11-04T16:26:18.220+0000] {dag.py:3722} INFO - Setting next_dagrun for example_trigger_target_dag to None, run_after=None
[2023-11-04T16:26:18.253+0000] {processor.py:179} INFO - Processing /home/airflow/.local/lib/python3.8/site-packages/airflow/example_dags/example_trigger_target_dag.py took 0.098 seconds
[2023-11-04T16:26:48.650+0000] {processor.py:157} INFO - Started process (PID=1681) to work on /home/airflow/.local/lib/python3.8/site-packages/airflow/example_dags/example_trigger_target_dag.py
[2023-11-04T16:26:48.651+0000] {processor.py:829} INFO - Processing file /home/airflow/.local/lib/python3.8/site-packages/airflow/example_dags/example_trigger_target_dag.py for tasks to queue
[2023-11-04T16:26:48.653+0000] {logging_mixin.py:151} INFO - [2023-11-04T16:26:48.652+0000] {dagbag.py:536} INFO - Filling up the DagBag from /home/airflow/.local/lib/python3.8/site-packages/airflow/example_dags/example_trigger_target_dag.py
[2023-11-04T16:26:48.662+0000] {processor.py:839} INFO - DAG(s) dict_keys(['example_trigger_target_dag']) retrieved from /home/airflow/.local/lib/python3.8/site-packages/airflow/example_dags/example_trigger_target_dag.py
[2023-11-04T16:26:48.693+0000] {logging_mixin.py:151} INFO - [2023-11-04T16:26:48.693+0000] {dag.py:2941} INFO - Sync 1 DAGs
[2023-11-04T16:26:48.713+0000] {logging_mixin.py:151} INFO - [2023-11-04T16:26:48.712+0000] {dag.py:3722} INFO - Setting next_dagrun for example_trigger_target_dag to None, run_after=None
[2023-11-04T16:26:48.742+0000] {processor.py:179} INFO - Processing /home/airflow/.local/lib/python3.8/site-packages/airflow/example_dags/example_trigger_target_dag.py took 0.097 seconds
[2023-11-04T16:27:19.464+0000] {processor.py:157} INFO - Started process (PID=1921) to work on /home/airflow/.local/lib/python3.8/site-packages/airflow/example_dags/example_trigger_target_dag.py
[2023-11-04T16:27:19.466+0000] {processor.py:829} INFO - Processing file /home/airflow/.local/lib/python3.8/site-packages/airflow/example_dags/example_trigger_target_dag.py for tasks to queue
[2023-11-04T16:27:19.467+0000] {logging_mixin.py:151} INFO - [2023-11-04T16:27:19.467+0000] {dagbag.py:536} INFO - Filling up the DagBag from /home/airflow/.local/lib/python3.8/site-packages/airflow/example_dags/example_trigger_target_dag.py
[2023-11-04T16:27:19.476+0000] {processor.py:839} INFO - DAG(s) dict_keys(['example_trigger_target_dag']) retrieved from /home/airflow/.local/lib/python3.8/site-packages/airflow/example_dags/example_trigger_target_dag.py
[2023-11-04T16:27:19.509+0000] {logging_mixin.py:151} INFO - [2023-11-04T16:27:19.509+0000] {dag.py:2941} INFO - Sync 1 DAGs
[2023-11-04T16:27:19.530+0000] {logging_mixin.py:151} INFO - [2023-11-04T16:27:19.529+0000] {dag.py:3722} INFO - Setting next_dagrun for example_trigger_target_dag to None, run_after=None
[2023-11-04T16:27:19.558+0000] {processor.py:179} INFO - Processing /home/airflow/.local/lib/python3.8/site-packages/airflow/example_dags/example_trigger_target_dag.py took 0.099 seconds
[2023-11-04T16:27:50.087+0000] {processor.py:157} INFO - Started process (PID=2158) to work on /home/airflow/.local/lib/python3.8/site-packages/airflow/example_dags/example_trigger_target_dag.py
[2023-11-04T16:27:50.091+0000] {processor.py:829} INFO - Processing file /home/airflow/.local/lib/python3.8/site-packages/airflow/example_dags/example_trigger_target_dag.py for tasks to queue
[2023-11-04T16:27:50.095+0000] {logging_mixin.py:151} INFO - [2023-11-04T16:27:50.094+0000] {dagbag.py:536} INFO - Filling up the DagBag from /home/airflow/.local/lib/python3.8/site-packages/airflow/example_dags/example_trigger_target_dag.py
[2023-11-04T16:27:50.119+0000] {processor.py:839} INFO - DAG(s) dict_keys(['example_trigger_target_dag']) retrieved from /home/airflow/.local/lib/python3.8/site-packages/airflow/example_dags/example_trigger_target_dag.py
[2023-11-04T16:27:50.156+0000] {logging_mixin.py:151} INFO - [2023-11-04T16:27:50.155+0000] {dag.py:2941} INFO - Sync 1 DAGs
[2023-11-04T16:27:50.206+0000] {logging_mixin.py:151} INFO - [2023-11-04T16:27:50.205+0000] {dag.py:3722} INFO - Setting next_dagrun for example_trigger_target_dag to None, run_after=None
[2023-11-04T16:27:50.279+0000] {processor.py:179} INFO - Processing /home/airflow/.local/lib/python3.8/site-packages/airflow/example_dags/example_trigger_target_dag.py took 0.202 seconds
[2023-11-04T16:28:20.751+0000] {processor.py:157} INFO - Started process (PID=2396) to work on /home/airflow/.local/lib/python3.8/site-packages/airflow/example_dags/example_trigger_target_dag.py
[2023-11-04T16:28:20.753+0000] {processor.py:829} INFO - Processing file /home/airflow/.local/lib/python3.8/site-packages/airflow/example_dags/example_trigger_target_dag.py for tasks to queue
[2023-11-04T16:28:20.755+0000] {logging_mixin.py:151} INFO - [2023-11-04T16:28:20.754+0000] {dagbag.py:536} INFO - Filling up the DagBag from /home/airflow/.local/lib/python3.8/site-packages/airflow/example_dags/example_trigger_target_dag.py
[2023-11-04T16:28:20.764+0000] {processor.py:839} INFO - DAG(s) dict_keys(['example_trigger_target_dag']) retrieved from /home/airflow/.local/lib/python3.8/site-packages/airflow/example_dags/example_trigger_target_dag.py
[2023-11-04T16:28:20.797+0000] {logging_mixin.py:151} INFO - [2023-11-04T16:28:20.797+0000] {dag.py:2941} INFO - Sync 1 DAGs
[2023-11-04T16:28:20.817+0000] {logging_mixin.py:151} INFO - [2023-11-04T16:28:20.817+0000] {dag.py:3722} INFO - Setting next_dagrun for example_trigger_target_dag to None, run_after=None
[2023-11-04T16:28:20.858+0000] {processor.py:179} INFO - Processing /home/airflow/.local/lib/python3.8/site-packages/airflow/example_dags/example_trigger_target_dag.py took 0.111 seconds
[2023-11-04T16:28:51.107+0000] {processor.py:157} INFO - Started process (PID=2634) to work on /home/airflow/.local/lib/python3.8/site-packages/airflow/example_dags/example_trigger_target_dag.py
[2023-11-04T16:28:51.108+0000] {processor.py:829} INFO - Processing file /home/airflow/.local/lib/python3.8/site-packages/airflow/example_dags/example_trigger_target_dag.py for tasks to queue
[2023-11-04T16:28:51.110+0000] {logging_mixin.py:151} INFO - [2023-11-04T16:28:51.110+0000] {dagbag.py:536} INFO - Filling up the DagBag from /home/airflow/.local/lib/python3.8/site-packages/airflow/example_dags/example_trigger_target_dag.py
[2023-11-04T16:28:51.119+0000] {processor.py:839} INFO - DAG(s) dict_keys(['example_trigger_target_dag']) retrieved from /home/airflow/.local/lib/python3.8/site-packages/airflow/example_dags/example_trigger_target_dag.py
[2023-11-04T16:28:51.150+0000] {logging_mixin.py:151} INFO - [2023-11-04T16:28:51.150+0000] {dag.py:2941} INFO - Sync 1 DAGs
[2023-11-04T16:28:51.169+0000] {logging_mixin.py:151} INFO - [2023-11-04T16:28:51.168+0000] {dag.py:3722} INFO - Setting next_dagrun for example_trigger_target_dag to None, run_after=None
[2023-11-04T16:28:51.196+0000] {processor.py:179} INFO - Processing /home/airflow/.local/lib/python3.8/site-packages/airflow/example_dags/example_trigger_target_dag.py took 0.094 seconds
[2023-11-04T16:29:21.891+0000] {processor.py:157} INFO - Started process (PID=2872) to work on /home/airflow/.local/lib/python3.8/site-packages/airflow/example_dags/example_trigger_target_dag.py
[2023-11-04T16:29:21.892+0000] {processor.py:829} INFO - Processing file /home/airflow/.local/lib/python3.8/site-packages/airflow/example_dags/example_trigger_target_dag.py for tasks to queue
[2023-11-04T16:29:21.894+0000] {logging_mixin.py:151} INFO - [2023-11-04T16:29:21.894+0000] {dagbag.py:536} INFO - Filling up the DagBag from /home/airflow/.local/lib/python3.8/site-packages/airflow/example_dags/example_trigger_target_dag.py
[2023-11-04T16:29:21.903+0000] {processor.py:839} INFO - DAG(s) dict_keys(['example_trigger_target_dag']) retrieved from /home/airflow/.local/lib/python3.8/site-packages/airflow/example_dags/example_trigger_target_dag.py
[2023-11-04T16:29:21.935+0000] {logging_mixin.py:151} INFO - [2023-11-04T16:29:21.935+0000] {dag.py:2941} INFO - Sync 1 DAGs
[2023-11-04T16:29:21.955+0000] {logging_mixin.py:151} INFO - [2023-11-04T16:29:21.955+0000] {dag.py:3722} INFO - Setting next_dagrun for example_trigger_target_dag to None, run_after=None
[2023-11-04T16:29:21.990+0000] {processor.py:179} INFO - Processing /home/airflow/.local/lib/python3.8/site-packages/airflow/example_dags/example_trigger_target_dag.py took 0.104 seconds
[2023-11-04T16:29:52.229+0000] {processor.py:157} INFO - Started process (PID=3110) to work on /home/airflow/.local/lib/python3.8/site-packages/airflow/example_dags/example_trigger_target_dag.py
[2023-11-04T16:29:52.231+0000] {processor.py:829} INFO - Processing file /home/airflow/.local/lib/python3.8/site-packages/airflow/example_dags/example_trigger_target_dag.py for tasks to queue
[2023-11-04T16:29:52.233+0000] {logging_mixin.py:151} INFO - [2023-11-04T16:29:52.232+0000] {dagbag.py:536} INFO - Filling up the DagBag from /home/airflow/.local/lib/python3.8/site-packages/airflow/example_dags/example_trigger_target_dag.py
[2023-11-04T16:29:52.242+0000] {processor.py:839} INFO - DAG(s) dict_keys(['example_trigger_target_dag']) retrieved from /home/airflow/.local/lib/python3.8/site-packages/airflow/example_dags/example_trigger_target_dag.py
[2023-11-04T16:29:52.262+0000] {logging_mixin.py:151} INFO - [2023-11-04T16:29:52.261+0000] {dag.py:2941} INFO - Sync 1 DAGs
[2023-11-04T16:29:52.285+0000] {logging_mixin.py:151} INFO - [2023-11-04T16:29:52.284+0000] {dag.py:3722} INFO - Setting next_dagrun for example_trigger_target_dag to None, run_after=None
[2023-11-04T16:29:52.317+0000] {processor.py:179} INFO - Processing /home/airflow/.local/lib/python3.8/site-packages/airflow/example_dags/example_trigger_target_dag.py took 0.094 seconds
[2023-11-04T16:30:22.741+0000] {processor.py:157} INFO - Started process (PID=3348) to work on /home/airflow/.local/lib/python3.8/site-packages/airflow/example_dags/example_trigger_target_dag.py
[2023-11-04T16:30:22.742+0000] {processor.py:829} INFO - Processing file /home/airflow/.local/lib/python3.8/site-packages/airflow/example_dags/example_trigger_target_dag.py for tasks to queue
[2023-11-04T16:30:22.744+0000] {logging_mixin.py:151} INFO - [2023-11-04T16:30:22.743+0000] {dagbag.py:536} INFO - Filling up the DagBag from /home/airflow/.local/lib/python3.8/site-packages/airflow/example_dags/example_trigger_target_dag.py
[2023-11-04T16:30:22.753+0000] {processor.py:839} INFO - DAG(s) dict_keys(['example_trigger_target_dag']) retrieved from /home/airflow/.local/lib/python3.8/site-packages/airflow/example_dags/example_trigger_target_dag.py
[2023-11-04T16:30:22.788+0000] {logging_mixin.py:151} INFO - [2023-11-04T16:30:22.788+0000] {dag.py:2941} INFO - Sync 1 DAGs
[2023-11-04T16:30:22.815+0000] {logging_mixin.py:151} INFO - [2023-11-04T16:30:22.814+0000] {dag.py:3722} INFO - Setting next_dagrun for example_trigger_target_dag to None, run_after=None
[2023-11-04T16:30:22.844+0000] {processor.py:179} INFO - Processing /home/airflow/.local/lib/python3.8/site-packages/airflow/example_dags/example_trigger_target_dag.py took 0.109 seconds
[2023-11-04T16:30:54.760+0000] {processor.py:157} INFO - Started process (PID=3588) to work on /home/airflow/.local/lib/python3.8/site-packages/airflow/example_dags/example_trigger_target_dag.py
[2023-11-04T16:30:54.763+0000] {processor.py:829} INFO - Processing file /home/airflow/.local/lib/python3.8/site-packages/airflow/example_dags/example_trigger_target_dag.py for tasks to queue
[2023-11-04T16:30:54.765+0000] {logging_mixin.py:151} INFO - [2023-11-04T16:30:54.765+0000] {dagbag.py:536} INFO - Filling up the DagBag from /home/airflow/.local/lib/python3.8/site-packages/airflow/example_dags/example_trigger_target_dag.py
[2023-11-04T16:30:54.779+0000] {processor.py:839} INFO - DAG(s) dict_keys(['example_trigger_target_dag']) retrieved from /home/airflow/.local/lib/python3.8/site-packages/airflow/example_dags/example_trigger_target_dag.py
[2023-11-04T16:30:54.884+0000] {logging_mixin.py:151} INFO - [2023-11-04T16:30:54.883+0000] {dag.py:2941} INFO - Sync 1 DAGs
[2023-11-04T16:30:54.919+0000] {logging_mixin.py:151} INFO - [2023-11-04T16:30:54.919+0000] {dag.py:3722} INFO - Setting next_dagrun for example_trigger_target_dag to None, run_after=None
[2023-11-04T16:30:54.981+0000] {processor.py:179} INFO - Processing /home/airflow/.local/lib/python3.8/site-packages/airflow/example_dags/example_trigger_target_dag.py took 0.227 seconds
[2023-11-04T16:31:25.670+0000] {processor.py:157} INFO - Started process (PID=3824) to work on /home/airflow/.local/lib/python3.8/site-packages/airflow/example_dags/example_trigger_target_dag.py
[2023-11-04T16:31:25.672+0000] {processor.py:829} INFO - Processing file /home/airflow/.local/lib/python3.8/site-packages/airflow/example_dags/example_trigger_target_dag.py for tasks to queue
[2023-11-04T16:31:25.675+0000] {logging_mixin.py:151} INFO - [2023-11-04T16:31:25.674+0000] {dagbag.py:536} INFO - Filling up the DagBag from /home/airflow/.local/lib/python3.8/site-packages/airflow/example_dags/example_trigger_target_dag.py
[2023-11-04T16:31:25.685+0000] {processor.py:839} INFO - DAG(s) dict_keys(['example_trigger_target_dag']) retrieved from /home/airflow/.local/lib/python3.8/site-packages/airflow/example_dags/example_trigger_target_dag.py
[2023-11-04T16:31:25.723+0000] {logging_mixin.py:151} INFO - [2023-11-04T16:31:25.723+0000] {dag.py:2941} INFO - Sync 1 DAGs
[2023-11-04T16:31:25.745+0000] {logging_mixin.py:151} INFO - [2023-11-04T16:31:25.744+0000] {dag.py:3722} INFO - Setting next_dagrun for example_trigger_target_dag to None, run_after=None
[2023-11-04T16:31:25.781+0000] {processor.py:179} INFO - Processing /home/airflow/.local/lib/python3.8/site-packages/airflow/example_dags/example_trigger_target_dag.py took 0.116 seconds
[2023-11-04T16:31:55.997+0000] {processor.py:157} INFO - Started process (PID=4059) to work on /home/airflow/.local/lib/python3.8/site-packages/airflow/example_dags/example_trigger_target_dag.py
[2023-11-04T16:31:55.999+0000] {processor.py:829} INFO - Processing file /home/airflow/.local/lib/python3.8/site-packages/airflow/example_dags/example_trigger_target_dag.py for tasks to queue
[2023-11-04T16:31:56.001+0000] {logging_mixin.py:151} INFO - [2023-11-04T16:31:56.000+0000] {dagbag.py:536} INFO - Filling up the DagBag from /home/airflow/.local/lib/python3.8/site-packages/airflow/example_dags/example_trigger_target_dag.py
[2023-11-04T16:31:56.010+0000] {processor.py:839} INFO - DAG(s) dict_keys(['example_trigger_target_dag']) retrieved from /home/airflow/.local/lib/python3.8/site-packages/airflow/example_dags/example_trigger_target_dag.py
[2023-11-04T16:31:56.041+0000] {logging_mixin.py:151} INFO - [2023-11-04T16:31:56.040+0000] {dag.py:2941} INFO - Sync 1 DAGs
[2023-11-04T16:31:56.061+0000] {logging_mixin.py:151} INFO - [2023-11-04T16:31:56.060+0000] {dag.py:3722} INFO - Setting next_dagrun for example_trigger_target_dag to None, run_after=None
[2023-11-04T16:31:56.090+0000] {processor.py:179} INFO - Processing /home/airflow/.local/lib/python3.8/site-packages/airflow/example_dags/example_trigger_target_dag.py took 0.097 seconds
[2023-11-04T16:32:26.627+0000] {processor.py:157} INFO - Started process (PID=4297) to work on /home/airflow/.local/lib/python3.8/site-packages/airflow/example_dags/example_trigger_target_dag.py
[2023-11-04T16:32:26.629+0000] {processor.py:829} INFO - Processing file /home/airflow/.local/lib/python3.8/site-packages/airflow/example_dags/example_trigger_target_dag.py for tasks to queue
[2023-11-04T16:32:26.630+0000] {logging_mixin.py:151} INFO - [2023-11-04T16:32:26.630+0000] {dagbag.py:536} INFO - Filling up the DagBag from /home/airflow/.local/lib/python3.8/site-packages/airflow/example_dags/example_trigger_target_dag.py
[2023-11-04T16:32:26.639+0000] {processor.py:839} INFO - DAG(s) dict_keys(['example_trigger_target_dag']) retrieved from /home/airflow/.local/lib/python3.8/site-packages/airflow/example_dags/example_trigger_target_dag.py
[2023-11-04T16:32:26.669+0000] {logging_mixin.py:151} INFO - [2023-11-04T16:32:26.669+0000] {dag.py:2941} INFO - Sync 1 DAGs
[2023-11-04T16:32:26.688+0000] {logging_mixin.py:151} INFO - [2023-11-04T16:32:26.687+0000] {dag.py:3722} INFO - Setting next_dagrun for example_trigger_target_dag to None, run_after=None
[2023-11-04T16:32:26.717+0000] {processor.py:179} INFO - Processing /home/airflow/.local/lib/python3.8/site-packages/airflow/example_dags/example_trigger_target_dag.py took 0.094 seconds
[2023-11-04T16:32:56.811+0000] {processor.py:157} INFO - Started process (PID=4535) to work on /home/airflow/.local/lib/python3.8/site-packages/airflow/example_dags/example_trigger_target_dag.py
[2023-11-04T16:32:56.813+0000] {processor.py:829} INFO - Processing file /home/airflow/.local/lib/python3.8/site-packages/airflow/example_dags/example_trigger_target_dag.py for tasks to queue
[2023-11-04T16:32:56.815+0000] {logging_mixin.py:151} INFO - [2023-11-04T16:32:56.814+0000] {dagbag.py:536} INFO - Filling up the DagBag from /home/airflow/.local/lib/python3.8/site-packages/airflow/example_dags/example_trigger_target_dag.py
[2023-11-04T16:32:56.824+0000] {processor.py:839} INFO - DAG(s) dict_keys(['example_trigger_target_dag']) retrieved from /home/airflow/.local/lib/python3.8/site-packages/airflow/example_dags/example_trigger_target_dag.py
[2023-11-04T16:32:56.858+0000] {logging_mixin.py:151} INFO - [2023-11-04T16:32:56.858+0000] {dag.py:2941} INFO - Sync 1 DAGs
[2023-11-04T16:32:56.879+0000] {logging_mixin.py:151} INFO - [2023-11-04T16:32:56.878+0000] {dag.py:3722} INFO - Setting next_dagrun for example_trigger_target_dag to None, run_after=None
[2023-11-04T16:32:56.913+0000] {processor.py:179} INFO - Processing /home/airflow/.local/lib/python3.8/site-packages/airflow/example_dags/example_trigger_target_dag.py took 0.107 seconds
[2023-11-04T16:33:27.047+0000] {processor.py:157} INFO - Started process (PID=4773) to work on /home/airflow/.local/lib/python3.8/site-packages/airflow/example_dags/example_trigger_target_dag.py
[2023-11-04T16:33:27.049+0000] {processor.py:829} INFO - Processing file /home/airflow/.local/lib/python3.8/site-packages/airflow/example_dags/example_trigger_target_dag.py for tasks to queue
[2023-11-04T16:33:27.050+0000] {logging_mixin.py:151} INFO - [2023-11-04T16:33:27.050+0000] {dagbag.py:536} INFO - Filling up the DagBag from /home/airflow/.local/lib/python3.8/site-packages/airflow/example_dags/example_trigger_target_dag.py
[2023-11-04T16:33:27.060+0000] {processor.py:839} INFO - DAG(s) dict_keys(['example_trigger_target_dag']) retrieved from /home/airflow/.local/lib/python3.8/site-packages/airflow/example_dags/example_trigger_target_dag.py
[2023-11-04T16:33:27.091+0000] {logging_mixin.py:151} INFO - [2023-11-04T16:33:27.091+0000] {dag.py:2941} INFO - Sync 1 DAGs
[2023-11-04T16:33:27.111+0000] {logging_mixin.py:151} INFO - [2023-11-04T16:33:27.111+0000] {dag.py:3722} INFO - Setting next_dagrun for example_trigger_target_dag to None, run_after=None
[2023-11-04T16:33:27.147+0000] {processor.py:179} INFO - Processing /home/airflow/.local/lib/python3.8/site-packages/airflow/example_dags/example_trigger_target_dag.py took 0.105 seconds
[2023-11-04T16:33:57.235+0000] {processor.py:157} INFO - Started process (PID=5011) to work on /home/airflow/.local/lib/python3.8/site-packages/airflow/example_dags/example_trigger_target_dag.py
[2023-11-04T16:33:57.237+0000] {processor.py:829} INFO - Processing file /home/airflow/.local/lib/python3.8/site-packages/airflow/example_dags/example_trigger_target_dag.py for tasks to queue
[2023-11-04T16:33:57.239+0000] {logging_mixin.py:151} INFO - [2023-11-04T16:33:57.238+0000] {dagbag.py:536} INFO - Filling up the DagBag from /home/airflow/.local/lib/python3.8/site-packages/airflow/example_dags/example_trigger_target_dag.py
[2023-11-04T16:33:57.248+0000] {processor.py:839} INFO - DAG(s) dict_keys(['example_trigger_target_dag']) retrieved from /home/airflow/.local/lib/python3.8/site-packages/airflow/example_dags/example_trigger_target_dag.py
[2023-11-04T16:33:57.278+0000] {logging_mixin.py:151} INFO - [2023-11-04T16:33:57.278+0000] {dag.py:2941} INFO - Sync 1 DAGs
[2023-11-04T16:33:57.297+0000] {logging_mixin.py:151} INFO - [2023-11-04T16:33:57.297+0000] {dag.py:3722} INFO - Setting next_dagrun for example_trigger_target_dag to None, run_after=None
[2023-11-04T16:33:57.326+0000] {processor.py:179} INFO - Processing /home/airflow/.local/lib/python3.8/site-packages/airflow/example_dags/example_trigger_target_dag.py took 0.095 seconds
[2023-11-04T16:34:27.754+0000] {processor.py:157} INFO - Started process (PID=5249) to work on /home/airflow/.local/lib/python3.8/site-packages/airflow/example_dags/example_trigger_target_dag.py
[2023-11-04T16:34:27.757+0000] {processor.py:829} INFO - Processing file /home/airflow/.local/lib/python3.8/site-packages/airflow/example_dags/example_trigger_target_dag.py for tasks to queue
[2023-11-04T16:34:27.760+0000] {logging_mixin.py:151} INFO - [2023-11-04T16:34:27.760+0000] {dagbag.py:536} INFO - Filling up the DagBag from /home/airflow/.local/lib/python3.8/site-packages/airflow/example_dags/example_trigger_target_dag.py
[2023-11-04T16:34:27.778+0000] {processor.py:839} INFO - DAG(s) dict_keys(['example_trigger_target_dag']) retrieved from /home/airflow/.local/lib/python3.8/site-packages/airflow/example_dags/example_trigger_target_dag.py
[2023-11-04T16:34:27.831+0000] {logging_mixin.py:151} INFO - [2023-11-04T16:34:27.830+0000] {dag.py:2941} INFO - Sync 1 DAGs
[2023-11-04T16:34:27.880+0000] {logging_mixin.py:151} INFO - [2023-11-04T16:34:27.880+0000] {dag.py:3722} INFO - Setting next_dagrun for example_trigger_target_dag to None, run_after=None
[2023-11-04T16:34:27.923+0000] {processor.py:179} INFO - Processing /home/airflow/.local/lib/python3.8/site-packages/airflow/example_dags/example_trigger_target_dag.py took 0.178 seconds
[2023-11-04T16:34:58.595+0000] {processor.py:157} INFO - Started process (PID=5487) to work on /home/airflow/.local/lib/python3.8/site-packages/airflow/example_dags/example_trigger_target_dag.py
[2023-11-04T16:34:58.597+0000] {processor.py:829} INFO - Processing file /home/airflow/.local/lib/python3.8/site-packages/airflow/example_dags/example_trigger_target_dag.py for tasks to queue
[2023-11-04T16:34:58.599+0000] {logging_mixin.py:151} INFO - [2023-11-04T16:34:58.598+0000] {dagbag.py:536} INFO - Filling up the DagBag from /home/airflow/.local/lib/python3.8/site-packages/airflow/example_dags/example_trigger_target_dag.py
[2023-11-04T16:34:58.608+0000] {processor.py:839} INFO - DAG(s) dict_keys(['example_trigger_target_dag']) retrieved from /home/airflow/.local/lib/python3.8/site-packages/airflow/example_dags/example_trigger_target_dag.py
[2023-11-04T16:34:58.643+0000] {logging_mixin.py:151} INFO - [2023-11-04T16:34:58.643+0000] {dag.py:2941} INFO - Sync 1 DAGs
[2023-11-04T16:34:58.663+0000] {logging_mixin.py:151} INFO - [2023-11-04T16:34:58.662+0000] {dag.py:3722} INFO - Setting next_dagrun for example_trigger_target_dag to None, run_after=None
[2023-11-04T16:34:58.695+0000] {processor.py:179} INFO - Processing /home/airflow/.local/lib/python3.8/site-packages/airflow/example_dags/example_trigger_target_dag.py took 0.105 seconds
[2023-11-04T16:35:29.438+0000] {processor.py:157} INFO - Started process (PID=5725) to work on /home/airflow/.local/lib/python3.8/site-packages/airflow/example_dags/example_trigger_target_dag.py
[2023-11-04T16:35:29.440+0000] {processor.py:829} INFO - Processing file /home/airflow/.local/lib/python3.8/site-packages/airflow/example_dags/example_trigger_target_dag.py for tasks to queue
[2023-11-04T16:35:29.442+0000] {logging_mixin.py:151} INFO - [2023-11-04T16:35:29.441+0000] {dagbag.py:536} INFO - Filling up the DagBag from /home/airflow/.local/lib/python3.8/site-packages/airflow/example_dags/example_trigger_target_dag.py
[2023-11-04T16:35:29.451+0000] {processor.py:839} INFO - DAG(s) dict_keys(['example_trigger_target_dag']) retrieved from /home/airflow/.local/lib/python3.8/site-packages/airflow/example_dags/example_trigger_target_dag.py
[2023-11-04T16:35:29.481+0000] {logging_mixin.py:151} INFO - [2023-11-04T16:35:29.481+0000] {dag.py:2941} INFO - Sync 1 DAGs
[2023-11-04T16:35:29.500+0000] {logging_mixin.py:151} INFO - [2023-11-04T16:35:29.500+0000] {dag.py:3722} INFO - Setting next_dagrun for example_trigger_target_dag to None, run_after=None
[2023-11-04T16:35:29.529+0000] {processor.py:179} INFO - Processing /home/airflow/.local/lib/python3.8/site-packages/airflow/example_dags/example_trigger_target_dag.py took 0.096 seconds
[2023-11-04T16:35:59.938+0000] {processor.py:157} INFO - Started process (PID=5970) to work on /home/airflow/.local/lib/python3.8/site-packages/airflow/example_dags/example_trigger_target_dag.py
[2023-11-04T16:35:59.940+0000] {processor.py:829} INFO - Processing file /home/airflow/.local/lib/python3.8/site-packages/airflow/example_dags/example_trigger_target_dag.py for tasks to queue
[2023-11-04T16:35:59.942+0000] {logging_mixin.py:151} INFO - [2023-11-04T16:35:59.942+0000] {dagbag.py:536} INFO - Filling up the DagBag from /home/airflow/.local/lib/python3.8/site-packages/airflow/example_dags/example_trigger_target_dag.py
[2023-11-04T16:35:59.952+0000] {processor.py:839} INFO - DAG(s) dict_keys(['example_trigger_target_dag']) retrieved from /home/airflow/.local/lib/python3.8/site-packages/airflow/example_dags/example_trigger_target_dag.py
[2023-11-04T16:35:59.984+0000] {logging_mixin.py:151} INFO - [2023-11-04T16:35:59.984+0000] {dag.py:2941} INFO - Sync 1 DAGs
[2023-11-04T16:36:00.007+0000] {logging_mixin.py:151} INFO - [2023-11-04T16:36:00.007+0000] {dag.py:3722} INFO - Setting next_dagrun for example_trigger_target_dag to None, run_after=None
[2023-11-04T16:36:00.043+0000] {processor.py:179} INFO - Processing /home/airflow/.local/lib/python3.8/site-packages/airflow/example_dags/example_trigger_target_dag.py took 0.110 seconds
[2023-11-04T16:36:30.180+0000] {processor.py:157} INFO - Started process (PID=6208) to work on /home/airflow/.local/lib/python3.8/site-packages/airflow/example_dags/example_trigger_target_dag.py
[2023-11-04T16:36:30.182+0000] {processor.py:829} INFO - Processing file /home/airflow/.local/lib/python3.8/site-packages/airflow/example_dags/example_trigger_target_dag.py for tasks to queue
[2023-11-04T16:36:30.185+0000] {logging_mixin.py:151} INFO - [2023-11-04T16:36:30.184+0000] {dagbag.py:536} INFO - Filling up the DagBag from /home/airflow/.local/lib/python3.8/site-packages/airflow/example_dags/example_trigger_target_dag.py
[2023-11-04T16:36:30.194+0000] {processor.py:839} INFO - DAG(s) dict_keys(['example_trigger_target_dag']) retrieved from /home/airflow/.local/lib/python3.8/site-packages/airflow/example_dags/example_trigger_target_dag.py
[2023-11-04T16:36:30.225+0000] {logging_mixin.py:151} INFO - [2023-11-04T16:36:30.224+0000] {dag.py:2941} INFO - Sync 1 DAGs
[2023-11-04T16:36:30.244+0000] {logging_mixin.py:151} INFO - [2023-11-04T16:36:30.243+0000] {dag.py:3722} INFO - Setting next_dagrun for example_trigger_target_dag to None, run_after=None
[2023-11-04T16:36:30.271+0000] {processor.py:179} INFO - Processing /home/airflow/.local/lib/python3.8/site-packages/airflow/example_dags/example_trigger_target_dag.py took 0.098 seconds
[2023-11-04T16:37:00.388+0000] {processor.py:157} INFO - Started process (PID=6446) to work on /home/airflow/.local/lib/python3.8/site-packages/airflow/example_dags/example_trigger_target_dag.py
[2023-11-04T16:37:00.390+0000] {processor.py:829} INFO - Processing file /home/airflow/.local/lib/python3.8/site-packages/airflow/example_dags/example_trigger_target_dag.py for tasks to queue
[2023-11-04T16:37:00.391+0000] {logging_mixin.py:151} INFO - [2023-11-04T16:37:00.391+0000] {dagbag.py:536} INFO - Filling up the DagBag from /home/airflow/.local/lib/python3.8/site-packages/airflow/example_dags/example_trigger_target_dag.py
[2023-11-04T16:37:00.402+0000] {processor.py:839} INFO - DAG(s) dict_keys(['example_trigger_target_dag']) retrieved from /home/airflow/.local/lib/python3.8/site-packages/airflow/example_dags/example_trigger_target_dag.py
[2023-11-04T16:37:00.443+0000] {logging_mixin.py:151} INFO - [2023-11-04T16:37:00.442+0000] {dag.py:2941} INFO - Sync 1 DAGs
[2023-11-04T16:37:00.469+0000] {logging_mixin.py:151} INFO - [2023-11-04T16:37:00.469+0000] {dag.py:3722} INFO - Setting next_dagrun for example_trigger_target_dag to None, run_after=None
[2023-11-04T16:37:00.510+0000] {processor.py:179} INFO - Processing /home/airflow/.local/lib/python3.8/site-packages/airflow/example_dags/example_trigger_target_dag.py took 0.128 seconds
[2023-11-04T16:37:30.745+0000] {processor.py:157} INFO - Started process (PID=6682) to work on /home/airflow/.local/lib/python3.8/site-packages/airflow/example_dags/example_trigger_target_dag.py
[2023-11-04T16:37:30.747+0000] {processor.py:829} INFO - Processing file /home/airflow/.local/lib/python3.8/site-packages/airflow/example_dags/example_trigger_target_dag.py for tasks to queue
[2023-11-04T16:37:30.748+0000] {logging_mixin.py:151} INFO - [2023-11-04T16:37:30.748+0000] {dagbag.py:536} INFO - Filling up the DagBag from /home/airflow/.local/lib/python3.8/site-packages/airflow/example_dags/example_trigger_target_dag.py
[2023-11-04T16:37:30.758+0000] {processor.py:839} INFO - DAG(s) dict_keys(['example_trigger_target_dag']) retrieved from /home/airflow/.local/lib/python3.8/site-packages/airflow/example_dags/example_trigger_target_dag.py
[2023-11-04T16:37:30.792+0000] {logging_mixin.py:151} INFO - [2023-11-04T16:37:30.791+0000] {dag.py:2941} INFO - Sync 1 DAGs
[2023-11-04T16:37:30.811+0000] {logging_mixin.py:151} INFO - [2023-11-04T16:37:30.810+0000] {dag.py:3722} INFO - Setting next_dagrun for example_trigger_target_dag to None, run_after=None
[2023-11-04T16:37:30.839+0000] {processor.py:179} INFO - Processing /home/airflow/.local/lib/python3.8/site-packages/airflow/example_dags/example_trigger_target_dag.py took 0.099 seconds
[2023-11-04T16:38:01.348+0000] {processor.py:157} INFO - Started process (PID=6920) to work on /home/airflow/.local/lib/python3.8/site-packages/airflow/example_dags/example_trigger_target_dag.py
[2023-11-04T16:38:01.350+0000] {processor.py:829} INFO - Processing file /home/airflow/.local/lib/python3.8/site-packages/airflow/example_dags/example_trigger_target_dag.py for tasks to queue
[2023-11-04T16:38:01.351+0000] {logging_mixin.py:151} INFO - [2023-11-04T16:38:01.351+0000] {dagbag.py:536} INFO - Filling up the DagBag from /home/airflow/.local/lib/python3.8/site-packages/airflow/example_dags/example_trigger_target_dag.py
[2023-11-04T16:38:01.361+0000] {processor.py:839} INFO - DAG(s) dict_keys(['example_trigger_target_dag']) retrieved from /home/airflow/.local/lib/python3.8/site-packages/airflow/example_dags/example_trigger_target_dag.py
[2023-11-04T16:38:01.394+0000] {logging_mixin.py:151} INFO - [2023-11-04T16:38:01.393+0000] {dag.py:2941} INFO - Sync 1 DAGs
[2023-11-04T16:38:01.413+0000] {logging_mixin.py:151} INFO - [2023-11-04T16:38:01.412+0000] {dag.py:3722} INFO - Setting next_dagrun for example_trigger_target_dag to None, run_after=None
[2023-11-04T16:38:01.441+0000] {processor.py:179} INFO - Processing /home/airflow/.local/lib/python3.8/site-packages/airflow/example_dags/example_trigger_target_dag.py took 0.098 seconds
[2023-11-04T16:38:32.580+0000] {processor.py:157} INFO - Started process (PID=7158) to work on /home/airflow/.local/lib/python3.8/site-packages/airflow/example_dags/example_trigger_target_dag.py
[2023-11-04T16:38:32.582+0000] {processor.py:829} INFO - Processing file /home/airflow/.local/lib/python3.8/site-packages/airflow/example_dags/example_trigger_target_dag.py for tasks to queue
[2023-11-04T16:38:32.584+0000] {logging_mixin.py:151} INFO - [2023-11-04T16:38:32.583+0000] {dagbag.py:536} INFO - Filling up the DagBag from /home/airflow/.local/lib/python3.8/site-packages/airflow/example_dags/example_trigger_target_dag.py
[2023-11-04T16:38:32.596+0000] {processor.py:839} INFO - DAG(s) dict_keys(['example_trigger_target_dag']) retrieved from /home/airflow/.local/lib/python3.8/site-packages/airflow/example_dags/example_trigger_target_dag.py
[2023-11-04T16:38:32.628+0000] {logging_mixin.py:151} INFO - [2023-11-04T16:38:32.628+0000] {dag.py:2941} INFO - Sync 1 DAGs
[2023-11-04T16:38:32.650+0000] {logging_mixin.py:151} INFO - [2023-11-04T16:38:32.650+0000] {dag.py:3722} INFO - Setting next_dagrun for example_trigger_target_dag to None, run_after=None
[2023-11-04T16:38:32.682+0000] {processor.py:179} INFO - Processing /home/airflow/.local/lib/python3.8/site-packages/airflow/example_dags/example_trigger_target_dag.py took 0.107 seconds
[2023-11-04T16:39:03.161+0000] {processor.py:157} INFO - Started process (PID=7396) to work on /home/airflow/.local/lib/python3.8/site-packages/airflow/example_dags/example_trigger_target_dag.py
[2023-11-04T16:39:03.163+0000] {processor.py:829} INFO - Processing file /home/airflow/.local/lib/python3.8/site-packages/airflow/example_dags/example_trigger_target_dag.py for tasks to queue
[2023-11-04T16:39:03.164+0000] {logging_mixin.py:151} INFO - [2023-11-04T16:39:03.164+0000] {dagbag.py:536} INFO - Filling up the DagBag from /home/airflow/.local/lib/python3.8/site-packages/airflow/example_dags/example_trigger_target_dag.py
[2023-11-04T16:39:03.174+0000] {processor.py:839} INFO - DAG(s) dict_keys(['example_trigger_target_dag']) retrieved from /home/airflow/.local/lib/python3.8/site-packages/airflow/example_dags/example_trigger_target_dag.py
[2023-11-04T16:39:03.206+0000] {logging_mixin.py:151} INFO - [2023-11-04T16:39:03.206+0000] {dag.py:2941} INFO - Sync 1 DAGs
[2023-11-04T16:39:03.225+0000] {logging_mixin.py:151} INFO - [2023-11-04T16:39:03.225+0000] {dag.py:3722} INFO - Setting next_dagrun for example_trigger_target_dag to None, run_after=None
[2023-11-04T16:39:03.255+0000] {processor.py:179} INFO - Processing /home/airflow/.local/lib/python3.8/site-packages/airflow/example_dags/example_trigger_target_dag.py took 0.099 seconds
[2023-11-04T16:39:33.631+0000] {processor.py:157} INFO - Started process (PID=7634) to work on /home/airflow/.local/lib/python3.8/site-packages/airflow/example_dags/example_trigger_target_dag.py
[2023-11-04T16:39:33.632+0000] {processor.py:829} INFO - Processing file /home/airflow/.local/lib/python3.8/site-packages/airflow/example_dags/example_trigger_target_dag.py for tasks to queue
[2023-11-04T16:39:33.634+0000] {logging_mixin.py:151} INFO - [2023-11-04T16:39:33.633+0000] {dagbag.py:536} INFO - Filling up the DagBag from /home/airflow/.local/lib/python3.8/site-packages/airflow/example_dags/example_trigger_target_dag.py
[2023-11-04T16:39:33.646+0000] {processor.py:839} INFO - DAG(s) dict_keys(['example_trigger_target_dag']) retrieved from /home/airflow/.local/lib/python3.8/site-packages/airflow/example_dags/example_trigger_target_dag.py
[2023-11-04T16:39:33.687+0000] {logging_mixin.py:151} INFO - [2023-11-04T16:39:33.687+0000] {dag.py:2941} INFO - Sync 1 DAGs
[2023-11-04T16:39:33.707+0000] {logging_mixin.py:151} INFO - [2023-11-04T16:39:33.707+0000] {dag.py:3722} INFO - Setting next_dagrun for example_trigger_target_dag to None, run_after=None
[2023-11-04T16:39:33.741+0000] {processor.py:179} INFO - Processing /home/airflow/.local/lib/python3.8/site-packages/airflow/example_dags/example_trigger_target_dag.py took 0.115 seconds
[2023-11-04T16:40:03.865+0000] {processor.py:157} INFO - Started process (PID=7872) to work on /home/airflow/.local/lib/python3.8/site-packages/airflow/example_dags/example_trigger_target_dag.py
[2023-11-04T16:40:03.867+0000] {processor.py:829} INFO - Processing file /home/airflow/.local/lib/python3.8/site-packages/airflow/example_dags/example_trigger_target_dag.py for tasks to queue
[2023-11-04T16:40:03.868+0000] {logging_mixin.py:151} INFO - [2023-11-04T16:40:03.868+0000] {dagbag.py:536} INFO - Filling up the DagBag from /home/airflow/.local/lib/python3.8/site-packages/airflow/example_dags/example_trigger_target_dag.py
[2023-11-04T16:40:03.878+0000] {processor.py:839} INFO - DAG(s) dict_keys(['example_trigger_target_dag']) retrieved from /home/airflow/.local/lib/python3.8/site-packages/airflow/example_dags/example_trigger_target_dag.py
[2023-11-04T16:40:03.915+0000] {logging_mixin.py:151} INFO - [2023-11-04T16:40:03.915+0000] {dag.py:2941} INFO - Sync 1 DAGs
[2023-11-04T16:40:03.936+0000] {logging_mixin.py:151} INFO - [2023-11-04T16:40:03.935+0000] {dag.py:3722} INFO - Setting next_dagrun for example_trigger_target_dag to None, run_after=None
[2023-11-04T16:40:03.966+0000] {processor.py:179} INFO - Processing /home/airflow/.local/lib/python3.8/site-packages/airflow/example_dags/example_trigger_target_dag.py took 0.106 seconds
[2023-11-04T16:40:34.685+0000] {processor.py:157} INFO - Started process (PID=8110) to work on /home/airflow/.local/lib/python3.8/site-packages/airflow/example_dags/example_trigger_target_dag.py
[2023-11-04T16:40:34.687+0000] {processor.py:829} INFO - Processing file /home/airflow/.local/lib/python3.8/site-packages/airflow/example_dags/example_trigger_target_dag.py for tasks to queue
[2023-11-04T16:40:34.688+0000] {logging_mixin.py:151} INFO - [2023-11-04T16:40:34.688+0000] {dagbag.py:536} INFO - Filling up the DagBag from /home/airflow/.local/lib/python3.8/site-packages/airflow/example_dags/example_trigger_target_dag.py
[2023-11-04T16:40:34.699+0000] {processor.py:839} INFO - DAG(s) dict_keys(['example_trigger_target_dag']) retrieved from /home/airflow/.local/lib/python3.8/site-packages/airflow/example_dags/example_trigger_target_dag.py
[2023-11-04T16:40:34.733+0000] {logging_mixin.py:151} INFO - [2023-11-04T16:40:34.733+0000] {dag.py:2941} INFO - Sync 1 DAGs
[2023-11-04T16:40:34.753+0000] {logging_mixin.py:151} INFO - [2023-11-04T16:40:34.753+0000] {dag.py:3722} INFO - Setting next_dagrun for example_trigger_target_dag to None, run_after=None
[2023-11-04T16:40:34.785+0000] {processor.py:179} INFO - Processing /home/airflow/.local/lib/python3.8/site-packages/airflow/example_dags/example_trigger_target_dag.py took 0.106 seconds
[2023-11-04T16:41:05.115+0000] {processor.py:157} INFO - Started process (PID=8348) to work on /home/airflow/.local/lib/python3.8/site-packages/airflow/example_dags/example_trigger_target_dag.py
[2023-11-04T16:41:05.117+0000] {processor.py:829} INFO - Processing file /home/airflow/.local/lib/python3.8/site-packages/airflow/example_dags/example_trigger_target_dag.py for tasks to queue
[2023-11-04T16:41:05.119+0000] {logging_mixin.py:151} INFO - [2023-11-04T16:41:05.118+0000] {dagbag.py:536} INFO - Filling up the DagBag from /home/airflow/.local/lib/python3.8/site-packages/airflow/example_dags/example_trigger_target_dag.py
[2023-11-04T16:41:05.130+0000] {processor.py:839} INFO - DAG(s) dict_keys(['example_trigger_target_dag']) retrieved from /home/airflow/.local/lib/python3.8/site-packages/airflow/example_dags/example_trigger_target_dag.py
[2023-11-04T16:41:05.168+0000] {logging_mixin.py:151} INFO - [2023-11-04T16:41:05.168+0000] {dag.py:2941} INFO - Sync 1 DAGs
[2023-11-04T16:41:05.190+0000] {logging_mixin.py:151} INFO - [2023-11-04T16:41:05.190+0000] {dag.py:3722} INFO - Setting next_dagrun for example_trigger_target_dag to None, run_after=None
[2023-11-04T16:41:05.221+0000] {processor.py:179} INFO - Processing /home/airflow/.local/lib/python3.8/site-packages/airflow/example_dags/example_trigger_target_dag.py took 0.111 seconds
[2023-11-04T16:41:35.821+0000] {processor.py:157} INFO - Started process (PID=8586) to work on /home/airflow/.local/lib/python3.8/site-packages/airflow/example_dags/example_trigger_target_dag.py
[2023-11-04T16:41:35.823+0000] {processor.py:829} INFO - Processing file /home/airflow/.local/lib/python3.8/site-packages/airflow/example_dags/example_trigger_target_dag.py for tasks to queue
[2023-11-04T16:41:35.824+0000] {logging_mixin.py:151} INFO - [2023-11-04T16:41:35.824+0000] {dagbag.py:536} INFO - Filling up the DagBag from /home/airflow/.local/lib/python3.8/site-packages/airflow/example_dags/example_trigger_target_dag.py
[2023-11-04T16:41:35.834+0000] {processor.py:839} INFO - DAG(s) dict_keys(['example_trigger_target_dag']) retrieved from /home/airflow/.local/lib/python3.8/site-packages/airflow/example_dags/example_trigger_target_dag.py
[2023-11-04T16:41:35.867+0000] {logging_mixin.py:151} INFO - [2023-11-04T16:41:35.867+0000] {dag.py:2941} INFO - Sync 1 DAGs
[2023-11-04T16:41:35.892+0000] {logging_mixin.py:151} INFO - [2023-11-04T16:41:35.892+0000] {dag.py:3722} INFO - Setting next_dagrun for example_trigger_target_dag to None, run_after=None
[2023-11-04T16:41:35.922+0000] {processor.py:179} INFO - Processing /home/airflow/.local/lib/python3.8/site-packages/airflow/example_dags/example_trigger_target_dag.py took 0.106 seconds
[2023-11-04T16:42:06.363+0000] {processor.py:157} INFO - Started process (PID=8824) to work on /home/airflow/.local/lib/python3.8/site-packages/airflow/example_dags/example_trigger_target_dag.py
[2023-11-04T16:42:06.365+0000] {processor.py:829} INFO - Processing file /home/airflow/.local/lib/python3.8/site-packages/airflow/example_dags/example_trigger_target_dag.py for tasks to queue
[2023-11-04T16:42:06.367+0000] {logging_mixin.py:151} INFO - [2023-11-04T16:42:06.366+0000] {dagbag.py:536} INFO - Filling up the DagBag from /home/airflow/.local/lib/python3.8/site-packages/airflow/example_dags/example_trigger_target_dag.py
[2023-11-04T16:42:06.378+0000] {processor.py:839} INFO - DAG(s) dict_keys(['example_trigger_target_dag']) retrieved from /home/airflow/.local/lib/python3.8/site-packages/airflow/example_dags/example_trigger_target_dag.py
[2023-11-04T16:42:06.425+0000] {logging_mixin.py:151} INFO - [2023-11-04T16:42:06.425+0000] {dag.py:2941} INFO - Sync 1 DAGs
[2023-11-04T16:42:06.447+0000] {logging_mixin.py:151} INFO - [2023-11-04T16:42:06.446+0000] {dag.py:3722} INFO - Setting next_dagrun for example_trigger_target_dag to None, run_after=None
[2023-11-04T16:42:06.481+0000] {processor.py:179} INFO - Processing /home/airflow/.local/lib/python3.8/site-packages/airflow/example_dags/example_trigger_target_dag.py took 0.123 seconds
[2023-11-04T17:13:29.199+0000] {processor.py:157} INFO - Started process (PID=254) to work on /home/airflow/.local/lib/python3.8/site-packages/airflow/example_dags/example_trigger_target_dag.py
[2023-11-04T17:13:29.201+0000] {processor.py:829} INFO - Processing file /home/airflow/.local/lib/python3.8/site-packages/airflow/example_dags/example_trigger_target_dag.py for tasks to queue
[2023-11-04T17:13:29.203+0000] {logging_mixin.py:151} INFO - [2023-11-04T17:13:29.203+0000] {dagbag.py:536} INFO - Filling up the DagBag from /home/airflow/.local/lib/python3.8/site-packages/airflow/example_dags/example_trigger_target_dag.py
[2023-11-04T17:13:29.216+0000] {processor.py:839} INFO - DAG(s) dict_keys(['example_trigger_target_dag']) retrieved from /home/airflow/.local/lib/python3.8/site-packages/airflow/example_dags/example_trigger_target_dag.py
[2023-11-04T17:13:29.257+0000] {logging_mixin.py:151} INFO - [2023-11-04T17:13:29.257+0000] {dag.py:2941} INFO - Sync 1 DAGs
[2023-11-04T17:13:29.276+0000] {logging_mixin.py:151} INFO - [2023-11-04T17:13:29.275+0000] {dag.py:3722} INFO - Setting next_dagrun for example_trigger_target_dag to None, run_after=None
[2023-11-04T17:13:29.306+0000] {processor.py:179} INFO - Processing /home/airflow/.local/lib/python3.8/site-packages/airflow/example_dags/example_trigger_target_dag.py took 0.111 seconds
[2023-11-04T17:13:59.531+0000] {processor.py:157} INFO - Started process (PID=490) to work on /home/airflow/.local/lib/python3.8/site-packages/airflow/example_dags/example_trigger_target_dag.py
[2023-11-04T17:13:59.533+0000] {processor.py:829} INFO - Processing file /home/airflow/.local/lib/python3.8/site-packages/airflow/example_dags/example_trigger_target_dag.py for tasks to queue
[2023-11-04T17:13:59.535+0000] {logging_mixin.py:151} INFO - [2023-11-04T17:13:59.534+0000] {dagbag.py:536} INFO - Filling up the DagBag from /home/airflow/.local/lib/python3.8/site-packages/airflow/example_dags/example_trigger_target_dag.py
[2023-11-04T17:13:59.549+0000] {processor.py:839} INFO - DAG(s) dict_keys(['example_trigger_target_dag']) retrieved from /home/airflow/.local/lib/python3.8/site-packages/airflow/example_dags/example_trigger_target_dag.py
[2023-11-04T17:13:59.570+0000] {logging_mixin.py:151} INFO - [2023-11-04T17:13:59.570+0000] {dag.py:2941} INFO - Sync 1 DAGs
[2023-11-04T17:13:59.594+0000] {logging_mixin.py:151} INFO - [2023-11-04T17:13:59.593+0000] {dag.py:3722} INFO - Setting next_dagrun for example_trigger_target_dag to None, run_after=None
[2023-11-04T17:13:59.633+0000] {processor.py:179} INFO - Processing /home/airflow/.local/lib/python3.8/site-packages/airflow/example_dags/example_trigger_target_dag.py took 0.106 seconds
[2023-11-04T17:14:29.670+0000] {processor.py:157} INFO - Started process (PID=725) to work on /home/airflow/.local/lib/python3.8/site-packages/airflow/example_dags/example_trigger_target_dag.py
[2023-11-04T17:14:29.672+0000] {processor.py:829} INFO - Processing file /home/airflow/.local/lib/python3.8/site-packages/airflow/example_dags/example_trigger_target_dag.py for tasks to queue
[2023-11-04T17:14:29.674+0000] {logging_mixin.py:151} INFO - [2023-11-04T17:14:29.673+0000] {dagbag.py:536} INFO - Filling up the DagBag from /home/airflow/.local/lib/python3.8/site-packages/airflow/example_dags/example_trigger_target_dag.py
[2023-11-04T17:14:29.683+0000] {processor.py:839} INFO - DAG(s) dict_keys(['example_trigger_target_dag']) retrieved from /home/airflow/.local/lib/python3.8/site-packages/airflow/example_dags/example_trigger_target_dag.py
[2023-11-04T17:14:29.702+0000] {logging_mixin.py:151} INFO - [2023-11-04T17:14:29.702+0000] {dag.py:2941} INFO - Sync 1 DAGs
[2023-11-04T17:14:29.723+0000] {logging_mixin.py:151} INFO - [2023-11-04T17:14:29.722+0000] {dag.py:3722} INFO - Setting next_dagrun for example_trigger_target_dag to None, run_after=None
[2023-11-04T17:14:29.751+0000] {processor.py:179} INFO - Processing /home/airflow/.local/lib/python3.8/site-packages/airflow/example_dags/example_trigger_target_dag.py took 0.086 seconds
[2023-11-04T17:15:00.293+0000] {processor.py:157} INFO - Started process (PID=961) to work on /home/airflow/.local/lib/python3.8/site-packages/airflow/example_dags/example_trigger_target_dag.py
[2023-11-04T17:15:00.295+0000] {processor.py:829} INFO - Processing file /home/airflow/.local/lib/python3.8/site-packages/airflow/example_dags/example_trigger_target_dag.py for tasks to queue
[2023-11-04T17:15:00.297+0000] {logging_mixin.py:151} INFO - [2023-11-04T17:15:00.296+0000] {dagbag.py:536} INFO - Filling up the DagBag from /home/airflow/.local/lib/python3.8/site-packages/airflow/example_dags/example_trigger_target_dag.py
[2023-11-04T17:15:00.306+0000] {processor.py:839} INFO - DAG(s) dict_keys(['example_trigger_target_dag']) retrieved from /home/airflow/.local/lib/python3.8/site-packages/airflow/example_dags/example_trigger_target_dag.py
[2023-11-04T17:15:00.341+0000] {logging_mixin.py:151} INFO - [2023-11-04T17:15:00.341+0000] {dag.py:2941} INFO - Sync 1 DAGs
[2023-11-04T17:15:00.361+0000] {logging_mixin.py:151} INFO - [2023-11-04T17:15:00.361+0000] {dag.py:3722} INFO - Setting next_dagrun for example_trigger_target_dag to None, run_after=None
[2023-11-04T17:15:00.394+0000] {processor.py:179} INFO - Processing /home/airflow/.local/lib/python3.8/site-packages/airflow/example_dags/example_trigger_target_dag.py took 0.105 seconds
[2023-11-04T17:15:31.159+0000] {processor.py:157} INFO - Started process (PID=1199) to work on /home/airflow/.local/lib/python3.8/site-packages/airflow/example_dags/example_trigger_target_dag.py
[2023-11-04T17:15:31.162+0000] {processor.py:829} INFO - Processing file /home/airflow/.local/lib/python3.8/site-packages/airflow/example_dags/example_trigger_target_dag.py for tasks to queue
[2023-11-04T17:15:31.164+0000] {logging_mixin.py:151} INFO - [2023-11-04T17:15:31.163+0000] {dagbag.py:536} INFO - Filling up the DagBag from /home/airflow/.local/lib/python3.8/site-packages/airflow/example_dags/example_trigger_target_dag.py
[2023-11-04T17:15:31.175+0000] {processor.py:839} INFO - DAG(s) dict_keys(['example_trigger_target_dag']) retrieved from /home/airflow/.local/lib/python3.8/site-packages/airflow/example_dags/example_trigger_target_dag.py
[2023-11-04T17:15:31.212+0000] {logging_mixin.py:151} INFO - [2023-11-04T17:15:31.212+0000] {dag.py:2941} INFO - Sync 1 DAGs
[2023-11-04T17:15:31.235+0000] {logging_mixin.py:151} INFO - [2023-11-04T17:15:31.235+0000] {dag.py:3722} INFO - Setting next_dagrun for example_trigger_target_dag to None, run_after=None
[2023-11-04T17:15:31.269+0000] {processor.py:179} INFO - Processing /home/airflow/.local/lib/python3.8/site-packages/airflow/example_dags/example_trigger_target_dag.py took 0.117 seconds
[2023-11-04T17:16:02.136+0000] {processor.py:157} INFO - Started process (PID=1464) to work on /home/airflow/.local/lib/python3.8/site-packages/airflow/example_dags/example_trigger_target_dag.py
[2023-11-04T17:16:02.138+0000] {processor.py:829} INFO - Processing file /home/airflow/.local/lib/python3.8/site-packages/airflow/example_dags/example_trigger_target_dag.py for tasks to queue
[2023-11-04T17:16:02.141+0000] {logging_mixin.py:151} INFO - [2023-11-04T17:16:02.141+0000] {dagbag.py:536} INFO - Filling up the DagBag from /home/airflow/.local/lib/python3.8/site-packages/airflow/example_dags/example_trigger_target_dag.py
[2023-11-04T17:16:02.158+0000] {processor.py:839} INFO - DAG(s) dict_keys(['example_trigger_target_dag']) retrieved from /home/airflow/.local/lib/python3.8/site-packages/airflow/example_dags/example_trigger_target_dag.py
[2023-11-04T17:16:02.201+0000] {logging_mixin.py:151} INFO - [2023-11-04T17:16:02.201+0000] {dag.py:2941} INFO - Sync 1 DAGs
[2023-11-04T17:16:02.227+0000] {logging_mixin.py:151} INFO - [2023-11-04T17:16:02.227+0000] {dag.py:3722} INFO - Setting next_dagrun for example_trigger_target_dag to None, run_after=None
[2023-11-04T17:16:02.270+0000] {processor.py:179} INFO - Processing /home/airflow/.local/lib/python3.8/site-packages/airflow/example_dags/example_trigger_target_dag.py took 0.140 seconds
[2023-11-04T17:16:32.938+0000] {processor.py:157} INFO - Started process (PID=1705) to work on /home/airflow/.local/lib/python3.8/site-packages/airflow/example_dags/example_trigger_target_dag.py
[2023-11-04T17:16:32.939+0000] {processor.py:829} INFO - Processing file /home/airflow/.local/lib/python3.8/site-packages/airflow/example_dags/example_trigger_target_dag.py for tasks to queue
[2023-11-04T17:16:32.940+0000] {logging_mixin.py:151} INFO - [2023-11-04T17:16:32.940+0000] {dagbag.py:536} INFO - Filling up the DagBag from /home/airflow/.local/lib/python3.8/site-packages/airflow/example_dags/example_trigger_target_dag.py
[2023-11-04T17:16:32.949+0000] {processor.py:839} INFO - DAG(s) dict_keys(['example_trigger_target_dag']) retrieved from /home/airflow/.local/lib/python3.8/site-packages/airflow/example_dags/example_trigger_target_dag.py
[2023-11-04T17:16:32.980+0000] {logging_mixin.py:151} INFO - [2023-11-04T17:16:32.980+0000] {dag.py:2941} INFO - Sync 1 DAGs
[2023-11-04T17:16:32.999+0000] {logging_mixin.py:151} INFO - [2023-11-04T17:16:32.999+0000] {dag.py:3722} INFO - Setting next_dagrun for example_trigger_target_dag to None, run_after=None
[2023-11-04T17:16:33.032+0000] {processor.py:179} INFO - Processing /home/airflow/.local/lib/python3.8/site-packages/airflow/example_dags/example_trigger_target_dag.py took 0.099 seconds
[2023-11-04T17:17:03.616+0000] {processor.py:157} INFO - Started process (PID=1943) to work on /home/airflow/.local/lib/python3.8/site-packages/airflow/example_dags/example_trigger_target_dag.py
[2023-11-04T17:17:03.618+0000] {processor.py:829} INFO - Processing file /home/airflow/.local/lib/python3.8/site-packages/airflow/example_dags/example_trigger_target_dag.py for tasks to queue
[2023-11-04T17:17:03.619+0000] {logging_mixin.py:151} INFO - [2023-11-04T17:17:03.619+0000] {dagbag.py:536} INFO - Filling up the DagBag from /home/airflow/.local/lib/python3.8/site-packages/airflow/example_dags/example_trigger_target_dag.py
[2023-11-04T17:17:03.628+0000] {processor.py:839} INFO - DAG(s) dict_keys(['example_trigger_target_dag']) retrieved from /home/airflow/.local/lib/python3.8/site-packages/airflow/example_dags/example_trigger_target_dag.py
[2023-11-04T17:17:03.665+0000] {logging_mixin.py:151} INFO - [2023-11-04T17:17:03.665+0000] {dag.py:2941} INFO - Sync 1 DAGs
[2023-11-04T17:17:03.684+0000] {logging_mixin.py:151} INFO - [2023-11-04T17:17:03.684+0000] {dag.py:3722} INFO - Setting next_dagrun for example_trigger_target_dag to None, run_after=None
[2023-11-04T17:17:03.722+0000] {processor.py:179} INFO - Processing /home/airflow/.local/lib/python3.8/site-packages/airflow/example_dags/example_trigger_target_dag.py took 0.111 seconds
[2023-11-04T17:17:33.811+0000] {processor.py:157} INFO - Started process (PID=2181) to work on /home/airflow/.local/lib/python3.8/site-packages/airflow/example_dags/example_trigger_target_dag.py
[2023-11-04T17:17:33.813+0000] {processor.py:829} INFO - Processing file /home/airflow/.local/lib/python3.8/site-packages/airflow/example_dags/example_trigger_target_dag.py for tasks to queue
[2023-11-04T17:17:33.814+0000] {logging_mixin.py:151} INFO - [2023-11-04T17:17:33.814+0000] {dagbag.py:536} INFO - Filling up the DagBag from /home/airflow/.local/lib/python3.8/site-packages/airflow/example_dags/example_trigger_target_dag.py
[2023-11-04T17:17:33.823+0000] {processor.py:839} INFO - DAG(s) dict_keys(['example_trigger_target_dag']) retrieved from /home/airflow/.local/lib/python3.8/site-packages/airflow/example_dags/example_trigger_target_dag.py
[2023-11-04T17:17:33.859+0000] {logging_mixin.py:151} INFO - [2023-11-04T17:17:33.858+0000] {dag.py:2941} INFO - Sync 1 DAGs
[2023-11-04T17:17:33.880+0000] {logging_mixin.py:151} INFO - [2023-11-04T17:17:33.879+0000] {dag.py:3722} INFO - Setting next_dagrun for example_trigger_target_dag to None, run_after=None
[2023-11-04T17:17:33.908+0000] {processor.py:179} INFO - Processing /home/airflow/.local/lib/python3.8/site-packages/airflow/example_dags/example_trigger_target_dag.py took 0.102 seconds
[2023-11-04T17:18:03.995+0000] {processor.py:157} INFO - Started process (PID=2416) to work on /home/airflow/.local/lib/python3.8/site-packages/airflow/example_dags/example_trigger_target_dag.py
[2023-11-04T17:18:03.996+0000] {processor.py:829} INFO - Processing file /home/airflow/.local/lib/python3.8/site-packages/airflow/example_dags/example_trigger_target_dag.py for tasks to queue
[2023-11-04T17:18:03.998+0000] {logging_mixin.py:151} INFO - [2023-11-04T17:18:03.997+0000] {dagbag.py:536} INFO - Filling up the DagBag from /home/airflow/.local/lib/python3.8/site-packages/airflow/example_dags/example_trigger_target_dag.py
[2023-11-04T17:18:04.007+0000] {processor.py:839} INFO - DAG(s) dict_keys(['example_trigger_target_dag']) retrieved from /home/airflow/.local/lib/python3.8/site-packages/airflow/example_dags/example_trigger_target_dag.py
[2023-11-04T17:18:04.037+0000] {logging_mixin.py:151} INFO - [2023-11-04T17:18:04.037+0000] {dag.py:2941} INFO - Sync 1 DAGs
[2023-11-04T17:18:04.056+0000] {logging_mixin.py:151} INFO - [2023-11-04T17:18:04.055+0000] {dag.py:3722} INFO - Setting next_dagrun for example_trigger_target_dag to None, run_after=None
[2023-11-04T17:18:04.084+0000] {processor.py:179} INFO - Processing /home/airflow/.local/lib/python3.8/site-packages/airflow/example_dags/example_trigger_target_dag.py took 0.094 seconds
[2023-11-04T17:18:34.908+0000] {processor.py:157} INFO - Started process (PID=2657) to work on /home/airflow/.local/lib/python3.8/site-packages/airflow/example_dags/example_trigger_target_dag.py
[2023-11-04T17:18:34.910+0000] {processor.py:829} INFO - Processing file /home/airflow/.local/lib/python3.8/site-packages/airflow/example_dags/example_trigger_target_dag.py for tasks to queue
[2023-11-04T17:18:34.911+0000] {logging_mixin.py:151} INFO - [2023-11-04T17:18:34.911+0000] {dagbag.py:536} INFO - Filling up the DagBag from /home/airflow/.local/lib/python3.8/site-packages/airflow/example_dags/example_trigger_target_dag.py
[2023-11-04T17:18:34.921+0000] {processor.py:839} INFO - DAG(s) dict_keys(['example_trigger_target_dag']) retrieved from /home/airflow/.local/lib/python3.8/site-packages/airflow/example_dags/example_trigger_target_dag.py
[2023-11-04T17:18:34.954+0000] {logging_mixin.py:151} INFO - [2023-11-04T17:18:34.953+0000] {dag.py:2941} INFO - Sync 1 DAGs
[2023-11-04T17:18:34.974+0000] {logging_mixin.py:151} INFO - [2023-11-04T17:18:34.973+0000] {dag.py:3722} INFO - Setting next_dagrun for example_trigger_target_dag to None, run_after=None
[2023-11-04T17:18:35.003+0000] {processor.py:179} INFO - Processing /home/airflow/.local/lib/python3.8/site-packages/airflow/example_dags/example_trigger_target_dag.py took 0.099 seconds
[2023-11-04T17:19:05.038+0000] {processor.py:157} INFO - Started process (PID=2890) to work on /home/airflow/.local/lib/python3.8/site-packages/airflow/example_dags/example_trigger_target_dag.py
[2023-11-04T17:19:05.040+0000] {processor.py:829} INFO - Processing file /home/airflow/.local/lib/python3.8/site-packages/airflow/example_dags/example_trigger_target_dag.py for tasks to queue
[2023-11-04T17:19:05.041+0000] {logging_mixin.py:151} INFO - [2023-11-04T17:19:05.041+0000] {dagbag.py:536} INFO - Filling up the DagBag from /home/airflow/.local/lib/python3.8/site-packages/airflow/example_dags/example_trigger_target_dag.py
[2023-11-04T17:19:05.051+0000] {processor.py:839} INFO - DAG(s) dict_keys(['example_trigger_target_dag']) retrieved from /home/airflow/.local/lib/python3.8/site-packages/airflow/example_dags/example_trigger_target_dag.py
[2023-11-04T17:19:05.083+0000] {logging_mixin.py:151} INFO - [2023-11-04T17:19:05.082+0000] {dag.py:2941} INFO - Sync 1 DAGs
[2023-11-04T17:19:05.103+0000] {logging_mixin.py:151} INFO - [2023-11-04T17:19:05.103+0000] {dag.py:3722} INFO - Setting next_dagrun for example_trigger_target_dag to None, run_after=None
[2023-11-04T17:19:05.135+0000] {processor.py:179} INFO - Processing /home/airflow/.local/lib/python3.8/site-packages/airflow/example_dags/example_trigger_target_dag.py took 0.101 seconds
[2023-11-04T17:19:35.572+0000] {processor.py:157} INFO - Started process (PID=3128) to work on /home/airflow/.local/lib/python3.8/site-packages/airflow/example_dags/example_trigger_target_dag.py
[2023-11-04T17:19:35.573+0000] {processor.py:829} INFO - Processing file /home/airflow/.local/lib/python3.8/site-packages/airflow/example_dags/example_trigger_target_dag.py for tasks to queue
[2023-11-04T17:19:35.575+0000] {logging_mixin.py:151} INFO - [2023-11-04T17:19:35.574+0000] {dagbag.py:536} INFO - Filling up the DagBag from /home/airflow/.local/lib/python3.8/site-packages/airflow/example_dags/example_trigger_target_dag.py
[2023-11-04T17:19:35.585+0000] {processor.py:839} INFO - DAG(s) dict_keys(['example_trigger_target_dag']) retrieved from /home/airflow/.local/lib/python3.8/site-packages/airflow/example_dags/example_trigger_target_dag.py
[2023-11-04T17:19:35.623+0000] {logging_mixin.py:151} INFO - [2023-11-04T17:19:35.622+0000] {dag.py:2941} INFO - Sync 1 DAGs
[2023-11-04T17:19:35.642+0000] {logging_mixin.py:151} INFO - [2023-11-04T17:19:35.642+0000] {dag.py:3722} INFO - Setting next_dagrun for example_trigger_target_dag to None, run_after=None
[2023-11-04T17:19:35.672+0000] {processor.py:179} INFO - Processing /home/airflow/.local/lib/python3.8/site-packages/airflow/example_dags/example_trigger_target_dag.py took 0.105 seconds
[2023-11-04T17:20:06.271+0000] {processor.py:157} INFO - Started process (PID=3375) to work on /home/airflow/.local/lib/python3.8/site-packages/airflow/example_dags/example_trigger_target_dag.py
[2023-11-04T17:20:06.273+0000] {processor.py:829} INFO - Processing file /home/airflow/.local/lib/python3.8/site-packages/airflow/example_dags/example_trigger_target_dag.py for tasks to queue
[2023-11-04T17:20:06.274+0000] {logging_mixin.py:151} INFO - [2023-11-04T17:20:06.274+0000] {dagbag.py:536} INFO - Filling up the DagBag from /home/airflow/.local/lib/python3.8/site-packages/airflow/example_dags/example_trigger_target_dag.py
[2023-11-04T17:20:06.283+0000] {processor.py:839} INFO - DAG(s) dict_keys(['example_trigger_target_dag']) retrieved from /home/airflow/.local/lib/python3.8/site-packages/airflow/example_dags/example_trigger_target_dag.py
[2023-11-04T17:20:06.314+0000] {logging_mixin.py:151} INFO - [2023-11-04T17:20:06.313+0000] {dag.py:2941} INFO - Sync 1 DAGs
[2023-11-04T17:20:06.332+0000] {logging_mixin.py:151} INFO - [2023-11-04T17:20:06.332+0000] {dag.py:3722} INFO - Setting next_dagrun for example_trigger_target_dag to None, run_after=None
[2023-11-04T17:20:06.360+0000] {processor.py:179} INFO - Processing /home/airflow/.local/lib/python3.8/site-packages/airflow/example_dags/example_trigger_target_dag.py took 0.093 seconds
[2023-11-04T17:20:36.630+0000] {processor.py:157} INFO - Started process (PID=3613) to work on /home/airflow/.local/lib/python3.8/site-packages/airflow/example_dags/example_trigger_target_dag.py
[2023-11-04T17:20:36.632+0000] {processor.py:829} INFO - Processing file /home/airflow/.local/lib/python3.8/site-packages/airflow/example_dags/example_trigger_target_dag.py for tasks to queue
[2023-11-04T17:20:36.633+0000] {logging_mixin.py:151} INFO - [2023-11-04T17:20:36.633+0000] {dagbag.py:536} INFO - Filling up the DagBag from /home/airflow/.local/lib/python3.8/site-packages/airflow/example_dags/example_trigger_target_dag.py
[2023-11-04T17:20:36.642+0000] {processor.py:839} INFO - DAG(s) dict_keys(['example_trigger_target_dag']) retrieved from /home/airflow/.local/lib/python3.8/site-packages/airflow/example_dags/example_trigger_target_dag.py
[2023-11-04T17:20:36.672+0000] {logging_mixin.py:151} INFO - [2023-11-04T17:20:36.672+0000] {dag.py:2941} INFO - Sync 1 DAGs
[2023-11-04T17:20:36.691+0000] {logging_mixin.py:151} INFO - [2023-11-04T17:20:36.691+0000] {dag.py:3722} INFO - Setting next_dagrun for example_trigger_target_dag to None, run_after=None
[2023-11-04T17:20:36.720+0000] {processor.py:179} INFO - Processing /home/airflow/.local/lib/python3.8/site-packages/airflow/example_dags/example_trigger_target_dag.py took 0.094 seconds
[2023-11-04T17:21:07.447+0000] {processor.py:157} INFO - Started process (PID=3849) to work on /home/airflow/.local/lib/python3.8/site-packages/airflow/example_dags/example_trigger_target_dag.py
[2023-11-04T17:21:07.449+0000] {processor.py:829} INFO - Processing file /home/airflow/.local/lib/python3.8/site-packages/airflow/example_dags/example_trigger_target_dag.py for tasks to queue
[2023-11-04T17:21:07.451+0000] {logging_mixin.py:151} INFO - [2023-11-04T17:21:07.451+0000] {dagbag.py:536} INFO - Filling up the DagBag from /home/airflow/.local/lib/python3.8/site-packages/airflow/example_dags/example_trigger_target_dag.py
[2023-11-04T17:21:07.462+0000] {processor.py:839} INFO - DAG(s) dict_keys(['example_trigger_target_dag']) retrieved from /home/airflow/.local/lib/python3.8/site-packages/airflow/example_dags/example_trigger_target_dag.py
[2023-11-04T17:21:07.496+0000] {logging_mixin.py:151} INFO - [2023-11-04T17:21:07.496+0000] {dag.py:2941} INFO - Sync 1 DAGs
[2023-11-04T17:21:07.516+0000] {logging_mixin.py:151} INFO - [2023-11-04T17:21:07.516+0000] {dag.py:3722} INFO - Setting next_dagrun for example_trigger_target_dag to None, run_after=None
[2023-11-04T17:21:07.547+0000] {processor.py:179} INFO - Processing /home/airflow/.local/lib/python3.8/site-packages/airflow/example_dags/example_trigger_target_dag.py took 0.105 seconds
[2023-11-04T17:21:38.709+0000] {processor.py:157} INFO - Started process (PID=4126) to work on /home/airflow/.local/lib/python3.8/site-packages/airflow/example_dags/example_trigger_target_dag.py
[2023-11-04T17:21:38.711+0000] {processor.py:829} INFO - Processing file /home/airflow/.local/lib/python3.8/site-packages/airflow/example_dags/example_trigger_target_dag.py for tasks to queue
[2023-11-04T17:21:38.714+0000] {logging_mixin.py:151} INFO - [2023-11-04T17:21:38.713+0000] {dagbag.py:536} INFO - Filling up the DagBag from /home/airflow/.local/lib/python3.8/site-packages/airflow/example_dags/example_trigger_target_dag.py
[2023-11-04T17:21:38.728+0000] {processor.py:839} INFO - DAG(s) dict_keys(['example_trigger_target_dag']) retrieved from /home/airflow/.local/lib/python3.8/site-packages/airflow/example_dags/example_trigger_target_dag.py
[2023-11-04T17:21:38.784+0000] {logging_mixin.py:151} INFO - [2023-11-04T17:21:38.784+0000] {dag.py:2941} INFO - Sync 1 DAGs
[2023-11-04T17:21:38.820+0000] {logging_mixin.py:151} INFO - [2023-11-04T17:21:38.819+0000] {dag.py:3722} INFO - Setting next_dagrun for example_trigger_target_dag to None, run_after=None
[2023-11-04T17:21:38.864+0000] {processor.py:179} INFO - Processing /home/airflow/.local/lib/python3.8/site-packages/airflow/example_dags/example_trigger_target_dag.py took 0.164 seconds
[2023-11-04T17:22:09.293+0000] {processor.py:157} INFO - Started process (PID=4375) to work on /home/airflow/.local/lib/python3.8/site-packages/airflow/example_dags/example_trigger_target_dag.py
[2023-11-04T17:22:09.295+0000] {processor.py:829} INFO - Processing file /home/airflow/.local/lib/python3.8/site-packages/airflow/example_dags/example_trigger_target_dag.py for tasks to queue
[2023-11-04T17:22:09.298+0000] {logging_mixin.py:151} INFO - [2023-11-04T17:22:09.297+0000] {dagbag.py:536} INFO - Filling up the DagBag from /home/airflow/.local/lib/python3.8/site-packages/airflow/example_dags/example_trigger_target_dag.py
[2023-11-04T17:22:09.310+0000] {processor.py:839} INFO - DAG(s) dict_keys(['example_trigger_target_dag']) retrieved from /home/airflow/.local/lib/python3.8/site-packages/airflow/example_dags/example_trigger_target_dag.py
[2023-11-04T17:22:09.353+0000] {logging_mixin.py:151} INFO - [2023-11-04T17:22:09.353+0000] {dag.py:2941} INFO - Sync 1 DAGs
[2023-11-04T17:22:09.382+0000] {logging_mixin.py:151} INFO - [2023-11-04T17:22:09.382+0000] {dag.py:3722} INFO - Setting next_dagrun for example_trigger_target_dag to None, run_after=None
[2023-11-04T17:22:09.429+0000] {processor.py:179} INFO - Processing /home/airflow/.local/lib/python3.8/site-packages/airflow/example_dags/example_trigger_target_dag.py took 0.142 seconds
[2023-11-04T17:22:39.606+0000] {processor.py:157} INFO - Started process (PID=4613) to work on /home/airflow/.local/lib/python3.8/site-packages/airflow/example_dags/example_trigger_target_dag.py
[2023-11-04T17:22:39.608+0000] {processor.py:829} INFO - Processing file /home/airflow/.local/lib/python3.8/site-packages/airflow/example_dags/example_trigger_target_dag.py for tasks to queue
[2023-11-04T17:22:39.609+0000] {logging_mixin.py:151} INFO - [2023-11-04T17:22:39.609+0000] {dagbag.py:536} INFO - Filling up the DagBag from /home/airflow/.local/lib/python3.8/site-packages/airflow/example_dags/example_trigger_target_dag.py
[2023-11-04T17:22:39.622+0000] {processor.py:839} INFO - DAG(s) dict_keys(['example_trigger_target_dag']) retrieved from /home/airflow/.local/lib/python3.8/site-packages/airflow/example_dags/example_trigger_target_dag.py
[2023-11-04T17:22:39.662+0000] {logging_mixin.py:151} INFO - [2023-11-04T17:22:39.662+0000] {dag.py:2941} INFO - Sync 1 DAGs
[2023-11-04T17:22:39.688+0000] {logging_mixin.py:151} INFO - [2023-11-04T17:22:39.688+0000] {dag.py:3722} INFO - Setting next_dagrun for example_trigger_target_dag to None, run_after=None
[2023-11-04T17:22:39.736+0000] {processor.py:179} INFO - Processing /home/airflow/.local/lib/python3.8/site-packages/airflow/example_dags/example_trigger_target_dag.py took 0.137 seconds
