[2023-11-04T16:23:47.428+0000] {processor.py:157} INFO - Started process (PID=343) to work on /home/airflow/.local/lib/python3.8/site-packages/airflow/example_dags/example_xcom.py
[2023-11-04T16:23:47.429+0000] {processor.py:829} INFO - Processing file /home/airflow/.local/lib/python3.8/site-packages/airflow/example_dags/example_xcom.py for tasks to queue
[2023-11-04T16:23:47.431+0000] {logging_mixin.py:151} INFO - [2023-11-04T16:23:47.431+0000] {dagbag.py:536} INFO - Filling up the DagBag from /home/airflow/.local/lib/python3.8/site-packages/airflow/example_dags/example_xcom.py
[2023-11-04T16:23:47.445+0000] {processor.py:839} INFO - DAG(s) dict_keys(['example_xcom']) retrieved from /home/airflow/.local/lib/python3.8/site-packages/airflow/example_dags/example_xcom.py
[2023-11-04T16:23:47.464+0000] {logging_mixin.py:151} INFO - [2023-11-04T16:23:47.464+0000] {dag.py:2941} INFO - Sync 1 DAGs
[2023-11-04T16:23:47.505+0000] {logging_mixin.py:151} INFO - [2023-11-04T16:23:47.505+0000] {dag.py:3722} INFO - Setting next_dagrun for example_xcom to 2021-01-01T00:00:00+00:00, run_after=2021-01-01T00:00:00+00:00
[2023-11-04T16:23:47.534+0000] {processor.py:179} INFO - Processing /home/airflow/.local/lib/python3.8/site-packages/airflow/example_dags/example_xcom.py took 0.111 seconds
[2023-11-04T16:24:18.035+0000] {processor.py:157} INFO - Started process (PID=581) to work on /home/airflow/.local/lib/python3.8/site-packages/airflow/example_dags/example_xcom.py
[2023-11-04T16:24:18.037+0000] {processor.py:829} INFO - Processing file /home/airflow/.local/lib/python3.8/site-packages/airflow/example_dags/example_xcom.py for tasks to queue
[2023-11-04T16:24:18.038+0000] {logging_mixin.py:151} INFO - [2023-11-04T16:24:18.038+0000] {dagbag.py:536} INFO - Filling up the DagBag from /home/airflow/.local/lib/python3.8/site-packages/airflow/example_dags/example_xcom.py
[2023-11-04T16:24:18.050+0000] {processor.py:839} INFO - DAG(s) dict_keys(['example_xcom']) retrieved from /home/airflow/.local/lib/python3.8/site-packages/airflow/example_dags/example_xcom.py
[2023-11-04T16:24:18.083+0000] {logging_mixin.py:151} INFO - [2023-11-04T16:24:18.083+0000] {dag.py:2941} INFO - Sync 1 DAGs
[2023-11-04T16:24:18.117+0000] {logging_mixin.py:151} INFO - [2023-11-04T16:24:18.116+0000] {dag.py:3722} INFO - Setting next_dagrun for example_xcom to 2021-01-01T00:00:00+00:00, run_after=2021-01-01T00:00:00+00:00
[2023-11-04T16:24:18.146+0000] {processor.py:179} INFO - Processing /home/airflow/.local/lib/python3.8/site-packages/airflow/example_dags/example_xcom.py took 0.116 seconds
[2023-11-04T16:24:48.840+0000] {processor.py:157} INFO - Started process (PID=821) to work on /home/airflow/.local/lib/python3.8/site-packages/airflow/example_dags/example_xcom.py
[2023-11-04T16:24:48.842+0000] {processor.py:829} INFO - Processing file /home/airflow/.local/lib/python3.8/site-packages/airflow/example_dags/example_xcom.py for tasks to queue
[2023-11-04T16:24:48.843+0000] {logging_mixin.py:151} INFO - [2023-11-04T16:24:48.843+0000] {dagbag.py:536} INFO - Filling up the DagBag from /home/airflow/.local/lib/python3.8/site-packages/airflow/example_dags/example_xcom.py
[2023-11-04T16:24:48.854+0000] {processor.py:839} INFO - DAG(s) dict_keys(['example_xcom']) retrieved from /home/airflow/.local/lib/python3.8/site-packages/airflow/example_dags/example_xcom.py
[2023-11-04T16:24:48.889+0000] {logging_mixin.py:151} INFO - [2023-11-04T16:24:48.888+0000] {dag.py:2941} INFO - Sync 1 DAGs
[2023-11-04T16:24:48.922+0000] {logging_mixin.py:151} INFO - [2023-11-04T16:24:48.921+0000] {dag.py:3722} INFO - Setting next_dagrun for example_xcom to 2021-01-01T00:00:00+00:00, run_after=2021-01-01T00:00:00+00:00
[2023-11-04T16:24:48.948+0000] {processor.py:179} INFO - Processing /home/airflow/.local/lib/python3.8/site-packages/airflow/example_dags/example_xcom.py took 0.113 seconds
[2023-11-04T16:25:19.019+0000] {processor.py:157} INFO - Started process (PID=1059) to work on /home/airflow/.local/lib/python3.8/site-packages/airflow/example_dags/example_xcom.py
[2023-11-04T16:25:19.020+0000] {processor.py:829} INFO - Processing file /home/airflow/.local/lib/python3.8/site-packages/airflow/example_dags/example_xcom.py for tasks to queue
[2023-11-04T16:25:19.022+0000] {logging_mixin.py:151} INFO - [2023-11-04T16:25:19.022+0000] {dagbag.py:536} INFO - Filling up the DagBag from /home/airflow/.local/lib/python3.8/site-packages/airflow/example_dags/example_xcom.py
[2023-11-04T16:25:19.033+0000] {processor.py:839} INFO - DAG(s) dict_keys(['example_xcom']) retrieved from /home/airflow/.local/lib/python3.8/site-packages/airflow/example_dags/example_xcom.py
[2023-11-04T16:25:19.066+0000] {logging_mixin.py:151} INFO - [2023-11-04T16:25:19.066+0000] {dag.py:2941} INFO - Sync 1 DAGs
[2023-11-04T16:25:19.098+0000] {logging_mixin.py:151} INFO - [2023-11-04T16:25:19.098+0000] {dag.py:3722} INFO - Setting next_dagrun for example_xcom to 2021-01-01T00:00:00+00:00, run_after=2021-01-01T00:00:00+00:00
[2023-11-04T16:25:19.132+0000] {processor.py:179} INFO - Processing /home/airflow/.local/lib/python3.8/site-packages/airflow/example_dags/example_xcom.py took 0.118 seconds
[2023-11-04T16:25:49.245+0000] {processor.py:157} INFO - Started process (PID=1295) to work on /home/airflow/.local/lib/python3.8/site-packages/airflow/example_dags/example_xcom.py
[2023-11-04T16:25:49.247+0000] {processor.py:829} INFO - Processing file /home/airflow/.local/lib/python3.8/site-packages/airflow/example_dags/example_xcom.py for tasks to queue
[2023-11-04T16:25:49.249+0000] {logging_mixin.py:151} INFO - [2023-11-04T16:25:49.248+0000] {dagbag.py:536} INFO - Filling up the DagBag from /home/airflow/.local/lib/python3.8/site-packages/airflow/example_dags/example_xcom.py
[2023-11-04T16:25:49.260+0000] {processor.py:839} INFO - DAG(s) dict_keys(['example_xcom']) retrieved from /home/airflow/.local/lib/python3.8/site-packages/airflow/example_dags/example_xcom.py
[2023-11-04T16:25:49.297+0000] {logging_mixin.py:151} INFO - [2023-11-04T16:25:49.296+0000] {dag.py:2941} INFO - Sync 1 DAGs
[2023-11-04T16:25:49.330+0000] {logging_mixin.py:151} INFO - [2023-11-04T16:25:49.329+0000] {dag.py:3722} INFO - Setting next_dagrun for example_xcom to 2021-01-01T00:00:00+00:00, run_after=2021-01-01T00:00:00+00:00
[2023-11-04T16:25:49.359+0000] {processor.py:179} INFO - Processing /home/airflow/.local/lib/python3.8/site-packages/airflow/example_dags/example_xcom.py took 0.119 seconds
[2023-11-04T16:26:19.642+0000] {processor.py:157} INFO - Started process (PID=1535) to work on /home/airflow/.local/lib/python3.8/site-packages/airflow/example_dags/example_xcom.py
[2023-11-04T16:26:19.643+0000] {processor.py:829} INFO - Processing file /home/airflow/.local/lib/python3.8/site-packages/airflow/example_dags/example_xcom.py for tasks to queue
[2023-11-04T16:26:19.645+0000] {logging_mixin.py:151} INFO - [2023-11-04T16:26:19.645+0000] {dagbag.py:536} INFO - Filling up the DagBag from /home/airflow/.local/lib/python3.8/site-packages/airflow/example_dags/example_xcom.py
[2023-11-04T16:26:19.657+0000] {processor.py:839} INFO - DAG(s) dict_keys(['example_xcom']) retrieved from /home/airflow/.local/lib/python3.8/site-packages/airflow/example_dags/example_xcom.py
[2023-11-04T16:26:19.676+0000] {logging_mixin.py:151} INFO - [2023-11-04T16:26:19.675+0000] {dag.py:2941} INFO - Sync 1 DAGs
[2023-11-04T16:26:19.710+0000] {logging_mixin.py:151} INFO - [2023-11-04T16:26:19.710+0000] {dag.py:3722} INFO - Setting next_dagrun for example_xcom to 2021-01-01T00:00:00+00:00, run_after=2021-01-01T00:00:00+00:00
[2023-11-04T16:26:19.740+0000] {processor.py:179} INFO - Processing /home/airflow/.local/lib/python3.8/site-packages/airflow/example_dags/example_xcom.py took 0.104 seconds
[2023-11-04T16:26:50.273+0000] {processor.py:157} INFO - Started process (PID=1771) to work on /home/airflow/.local/lib/python3.8/site-packages/airflow/example_dags/example_xcom.py
[2023-11-04T16:26:50.275+0000] {processor.py:829} INFO - Processing file /home/airflow/.local/lib/python3.8/site-packages/airflow/example_dags/example_xcom.py for tasks to queue
[2023-11-04T16:26:50.277+0000] {logging_mixin.py:151} INFO - [2023-11-04T16:26:50.276+0000] {dagbag.py:536} INFO - Filling up the DagBag from /home/airflow/.local/lib/python3.8/site-packages/airflow/example_dags/example_xcom.py
[2023-11-04T16:26:50.289+0000] {processor.py:839} INFO - DAG(s) dict_keys(['example_xcom']) retrieved from /home/airflow/.local/lib/python3.8/site-packages/airflow/example_dags/example_xcom.py
[2023-11-04T16:26:50.324+0000] {logging_mixin.py:151} INFO - [2023-11-04T16:26:50.324+0000] {dag.py:2941} INFO - Sync 1 DAGs
[2023-11-04T16:26:50.358+0000] {logging_mixin.py:151} INFO - [2023-11-04T16:26:50.357+0000] {dag.py:3722} INFO - Setting next_dagrun for example_xcom to 2021-01-01T00:00:00+00:00, run_after=2021-01-01T00:00:00+00:00
[2023-11-04T16:26:50.386+0000] {processor.py:179} INFO - Processing /home/airflow/.local/lib/python3.8/site-packages/airflow/example_dags/example_xcom.py took 0.118 seconds
[2023-11-04T16:27:21.243+0000] {processor.py:157} INFO - Started process (PID=2009) to work on /home/airflow/.local/lib/python3.8/site-packages/airflow/example_dags/example_xcom.py
[2023-11-04T16:27:21.245+0000] {processor.py:829} INFO - Processing file /home/airflow/.local/lib/python3.8/site-packages/airflow/example_dags/example_xcom.py for tasks to queue
[2023-11-04T16:27:21.246+0000] {logging_mixin.py:151} INFO - [2023-11-04T16:27:21.246+0000] {dagbag.py:536} INFO - Filling up the DagBag from /home/airflow/.local/lib/python3.8/site-packages/airflow/example_dags/example_xcom.py
[2023-11-04T16:27:21.257+0000] {processor.py:839} INFO - DAG(s) dict_keys(['example_xcom']) retrieved from /home/airflow/.local/lib/python3.8/site-packages/airflow/example_dags/example_xcom.py
[2023-11-04T16:27:21.293+0000] {logging_mixin.py:151} INFO - [2023-11-04T16:27:21.292+0000] {dag.py:2941} INFO - Sync 1 DAGs
[2023-11-04T16:27:21.333+0000] {logging_mixin.py:151} INFO - [2023-11-04T16:27:21.333+0000] {dag.py:3722} INFO - Setting next_dagrun for example_xcom to 2021-01-01T00:00:00+00:00, run_after=2021-01-01T00:00:00+00:00
[2023-11-04T16:27:21.369+0000] {processor.py:179} INFO - Processing /home/airflow/.local/lib/python3.8/site-packages/airflow/example_dags/example_xcom.py took 0.131 seconds
[2023-11-04T16:27:53.377+0000] {processor.py:157} INFO - Started process (PID=2248) to work on /home/airflow/.local/lib/python3.8/site-packages/airflow/example_dags/example_xcom.py
[2023-11-04T16:27:53.380+0000] {processor.py:829} INFO - Processing file /home/airflow/.local/lib/python3.8/site-packages/airflow/example_dags/example_xcom.py for tasks to queue
[2023-11-04T16:27:53.382+0000] {logging_mixin.py:151} INFO - [2023-11-04T16:27:53.382+0000] {dagbag.py:536} INFO - Filling up the DagBag from /home/airflow/.local/lib/python3.8/site-packages/airflow/example_dags/example_xcom.py
[2023-11-04T16:27:53.417+0000] {processor.py:839} INFO - DAG(s) dict_keys(['example_xcom']) retrieved from /home/airflow/.local/lib/python3.8/site-packages/airflow/example_dags/example_xcom.py
[2023-11-04T16:27:53.459+0000] {logging_mixin.py:151} INFO - [2023-11-04T16:27:53.458+0000] {dag.py:2941} INFO - Sync 1 DAGs
[2023-11-04T16:27:53.533+0000] {logging_mixin.py:151} INFO - [2023-11-04T16:27:53.532+0000] {dag.py:3722} INFO - Setting next_dagrun for example_xcom to 2021-01-01T00:00:00+00:00, run_after=2021-01-01T00:00:00+00:00
[2023-11-04T16:27:53.597+0000] {processor.py:179} INFO - Processing /home/airflow/.local/lib/python3.8/site-packages/airflow/example_dags/example_xcom.py took 0.229 seconds
[2023-11-04T16:28:23.751+0000] {processor.py:157} INFO - Started process (PID=2488) to work on /home/airflow/.local/lib/python3.8/site-packages/airflow/example_dags/example_xcom.py
[2023-11-04T16:28:23.753+0000] {processor.py:829} INFO - Processing file /home/airflow/.local/lib/python3.8/site-packages/airflow/example_dags/example_xcom.py for tasks to queue
[2023-11-04T16:28:23.754+0000] {logging_mixin.py:151} INFO - [2023-11-04T16:28:23.754+0000] {dagbag.py:536} INFO - Filling up the DagBag from /home/airflow/.local/lib/python3.8/site-packages/airflow/example_dags/example_xcom.py
[2023-11-04T16:28:23.765+0000] {processor.py:839} INFO - DAG(s) dict_keys(['example_xcom']) retrieved from /home/airflow/.local/lib/python3.8/site-packages/airflow/example_dags/example_xcom.py
[2023-11-04T16:28:23.799+0000] {logging_mixin.py:151} INFO - [2023-11-04T16:28:23.799+0000] {dag.py:2941} INFO - Sync 1 DAGs
[2023-11-04T16:28:23.832+0000] {logging_mixin.py:151} INFO - [2023-11-04T16:28:23.831+0000] {dag.py:3722} INFO - Setting next_dagrun for example_xcom to 2021-01-01T00:00:00+00:00, run_after=2021-01-01T00:00:00+00:00
[2023-11-04T16:28:23.865+0000] {processor.py:179} INFO - Processing /home/airflow/.local/lib/python3.8/site-packages/airflow/example_dags/example_xcom.py took 0.119 seconds
[2023-11-04T16:28:54.614+0000] {processor.py:157} INFO - Started process (PID=2726) to work on /home/airflow/.local/lib/python3.8/site-packages/airflow/example_dags/example_xcom.py
[2023-11-04T16:28:54.615+0000] {processor.py:829} INFO - Processing file /home/airflow/.local/lib/python3.8/site-packages/airflow/example_dags/example_xcom.py for tasks to queue
[2023-11-04T16:28:54.617+0000] {logging_mixin.py:151} INFO - [2023-11-04T16:28:54.617+0000] {dagbag.py:536} INFO - Filling up the DagBag from /home/airflow/.local/lib/python3.8/site-packages/airflow/example_dags/example_xcom.py
[2023-11-04T16:28:54.628+0000] {processor.py:839} INFO - DAG(s) dict_keys(['example_xcom']) retrieved from /home/airflow/.local/lib/python3.8/site-packages/airflow/example_dags/example_xcom.py
[2023-11-04T16:28:54.662+0000] {logging_mixin.py:151} INFO - [2023-11-04T16:28:54.662+0000] {dag.py:2941} INFO - Sync 1 DAGs
[2023-11-04T16:28:54.697+0000] {logging_mixin.py:151} INFO - [2023-11-04T16:28:54.696+0000] {dag.py:3722} INFO - Setting next_dagrun for example_xcom to 2021-01-01T00:00:00+00:00, run_after=2021-01-01T00:00:00+00:00
[2023-11-04T16:28:54.729+0000] {processor.py:179} INFO - Processing /home/airflow/.local/lib/python3.8/site-packages/airflow/example_dags/example_xcom.py took 0.121 seconds
[2023-11-04T16:29:25.429+0000] {processor.py:157} INFO - Started process (PID=2964) to work on /home/airflow/.local/lib/python3.8/site-packages/airflow/example_dags/example_xcom.py
[2023-11-04T16:29:25.431+0000] {processor.py:829} INFO - Processing file /home/airflow/.local/lib/python3.8/site-packages/airflow/example_dags/example_xcom.py for tasks to queue
[2023-11-04T16:29:25.433+0000] {logging_mixin.py:151} INFO - [2023-11-04T16:29:25.432+0000] {dagbag.py:536} INFO - Filling up the DagBag from /home/airflow/.local/lib/python3.8/site-packages/airflow/example_dags/example_xcom.py
[2023-11-04T16:29:25.444+0000] {processor.py:839} INFO - DAG(s) dict_keys(['example_xcom']) retrieved from /home/airflow/.local/lib/python3.8/site-packages/airflow/example_dags/example_xcom.py
[2023-11-04T16:29:25.478+0000] {logging_mixin.py:151} INFO - [2023-11-04T16:29:25.478+0000] {dag.py:2941} INFO - Sync 1 DAGs
[2023-11-04T16:29:25.511+0000] {logging_mixin.py:151} INFO - [2023-11-04T16:29:25.510+0000] {dag.py:3722} INFO - Setting next_dagrun for example_xcom to 2021-01-01T00:00:00+00:00, run_after=2021-01-01T00:00:00+00:00
[2023-11-04T16:29:25.545+0000] {processor.py:179} INFO - Processing /home/airflow/.local/lib/python3.8/site-packages/airflow/example_dags/example_xcom.py took 0.120 seconds
[2023-11-04T16:29:55.739+0000] {processor.py:157} INFO - Started process (PID=3202) to work on /home/airflow/.local/lib/python3.8/site-packages/airflow/example_dags/example_xcom.py
[2023-11-04T16:29:55.740+0000] {processor.py:829} INFO - Processing file /home/airflow/.local/lib/python3.8/site-packages/airflow/example_dags/example_xcom.py for tasks to queue
[2023-11-04T16:29:55.742+0000] {logging_mixin.py:151} INFO - [2023-11-04T16:29:55.742+0000] {dagbag.py:536} INFO - Filling up the DagBag from /home/airflow/.local/lib/python3.8/site-packages/airflow/example_dags/example_xcom.py
[2023-11-04T16:29:55.755+0000] {processor.py:839} INFO - DAG(s) dict_keys(['example_xcom']) retrieved from /home/airflow/.local/lib/python3.8/site-packages/airflow/example_dags/example_xcom.py
[2023-11-04T16:29:55.776+0000] {logging_mixin.py:151} INFO - [2023-11-04T16:29:55.776+0000] {dag.py:2941} INFO - Sync 1 DAGs
[2023-11-04T16:29:55.814+0000] {logging_mixin.py:151} INFO - [2023-11-04T16:29:55.814+0000] {dag.py:3722} INFO - Setting next_dagrun for example_xcom to 2021-01-01T00:00:00+00:00, run_after=2021-01-01T00:00:00+00:00
[2023-11-04T16:29:55.874+0000] {processor.py:179} INFO - Processing /home/airflow/.local/lib/python3.8/site-packages/airflow/example_dags/example_xcom.py took 0.142 seconds
[2023-11-04T16:30:26.339+0000] {processor.py:157} INFO - Started process (PID=3440) to work on /home/airflow/.local/lib/python3.8/site-packages/airflow/example_dags/example_xcom.py
[2023-11-04T16:30:26.347+0000] {processor.py:829} INFO - Processing file /home/airflow/.local/lib/python3.8/site-packages/airflow/example_dags/example_xcom.py for tasks to queue
[2023-11-04T16:30:26.349+0000] {logging_mixin.py:151} INFO - [2023-11-04T16:30:26.348+0000] {dagbag.py:536} INFO - Filling up the DagBag from /home/airflow/.local/lib/python3.8/site-packages/airflow/example_dags/example_xcom.py
[2023-11-04T16:30:26.362+0000] {processor.py:839} INFO - DAG(s) dict_keys(['example_xcom']) retrieved from /home/airflow/.local/lib/python3.8/site-packages/airflow/example_dags/example_xcom.py
[2023-11-04T16:30:26.397+0000] {logging_mixin.py:151} INFO - [2023-11-04T16:30:26.396+0000] {dag.py:2941} INFO - Sync 1 DAGs
[2023-11-04T16:30:26.432+0000] {logging_mixin.py:151} INFO - [2023-11-04T16:30:26.432+0000] {dag.py:3722} INFO - Setting next_dagrun for example_xcom to 2021-01-01T00:00:00+00:00, run_after=2021-01-01T00:00:00+00:00
[2023-11-04T16:30:26.468+0000] {processor.py:179} INFO - Processing /home/airflow/.local/lib/python3.8/site-packages/airflow/example_dags/example_xcom.py took 0.134 seconds
[2023-11-04T16:30:57.330+0000] {processor.py:157} INFO - Started process (PID=3676) to work on /home/airflow/.local/lib/python3.8/site-packages/airflow/example_dags/example_xcom.py
[2023-11-04T16:30:57.332+0000] {processor.py:829} INFO - Processing file /home/airflow/.local/lib/python3.8/site-packages/airflow/example_dags/example_xcom.py for tasks to queue
[2023-11-04T16:30:57.333+0000] {logging_mixin.py:151} INFO - [2023-11-04T16:30:57.333+0000] {dagbag.py:536} INFO - Filling up the DagBag from /home/airflow/.local/lib/python3.8/site-packages/airflow/example_dags/example_xcom.py
[2023-11-04T16:30:57.345+0000] {processor.py:839} INFO - DAG(s) dict_keys(['example_xcom']) retrieved from /home/airflow/.local/lib/python3.8/site-packages/airflow/example_dags/example_xcom.py
[2023-11-04T16:30:57.380+0000] {logging_mixin.py:151} INFO - [2023-11-04T16:30:57.380+0000] {dag.py:2941} INFO - Sync 1 DAGs
[2023-11-04T16:30:57.417+0000] {logging_mixin.py:151} INFO - [2023-11-04T16:30:57.417+0000] {dag.py:3722} INFO - Setting next_dagrun for example_xcom to 2021-01-01T00:00:00+00:00, run_after=2021-01-01T00:00:00+00:00
[2023-11-04T16:30:57.447+0000] {processor.py:179} INFO - Processing /home/airflow/.local/lib/python3.8/site-packages/airflow/example_dags/example_xcom.py took 0.122 seconds
[2023-11-04T16:31:28.447+0000] {processor.py:157} INFO - Started process (PID=3916) to work on /home/airflow/.local/lib/python3.8/site-packages/airflow/example_dags/example_xcom.py
[2023-11-04T16:31:28.449+0000] {processor.py:829} INFO - Processing file /home/airflow/.local/lib/python3.8/site-packages/airflow/example_dags/example_xcom.py for tasks to queue
[2023-11-04T16:31:28.450+0000] {logging_mixin.py:151} INFO - [2023-11-04T16:31:28.450+0000] {dagbag.py:536} INFO - Filling up the DagBag from /home/airflow/.local/lib/python3.8/site-packages/airflow/example_dags/example_xcom.py
[2023-11-04T16:31:28.462+0000] {processor.py:839} INFO - DAG(s) dict_keys(['example_xcom']) retrieved from /home/airflow/.local/lib/python3.8/site-packages/airflow/example_dags/example_xcom.py
[2023-11-04T16:31:28.485+0000] {logging_mixin.py:151} INFO - [2023-11-04T16:31:28.485+0000] {dag.py:2941} INFO - Sync 1 DAGs
[2023-11-04T16:31:28.527+0000] {logging_mixin.py:151} INFO - [2023-11-04T16:31:28.526+0000] {dag.py:3722} INFO - Setting next_dagrun for example_xcom to 2021-01-01T00:00:00+00:00, run_after=2021-01-01T00:00:00+00:00
[2023-11-04T16:31:28.564+0000] {processor.py:179} INFO - Processing /home/airflow/.local/lib/python3.8/site-packages/airflow/example_dags/example_xcom.py took 0.123 seconds
[2023-11-04T16:31:58.683+0000] {processor.py:157} INFO - Started process (PID=4152) to work on /home/airflow/.local/lib/python3.8/site-packages/airflow/example_dags/example_xcom.py
[2023-11-04T16:31:58.685+0000] {processor.py:829} INFO - Processing file /home/airflow/.local/lib/python3.8/site-packages/airflow/example_dags/example_xcom.py for tasks to queue
[2023-11-04T16:31:58.687+0000] {logging_mixin.py:151} INFO - [2023-11-04T16:31:58.686+0000] {dagbag.py:536} INFO - Filling up the DagBag from /home/airflow/.local/lib/python3.8/site-packages/airflow/example_dags/example_xcom.py
[2023-11-04T16:31:58.699+0000] {processor.py:839} INFO - DAG(s) dict_keys(['example_xcom']) retrieved from /home/airflow/.local/lib/python3.8/site-packages/airflow/example_dags/example_xcom.py
[2023-11-04T16:31:58.735+0000] {logging_mixin.py:151} INFO - [2023-11-04T16:31:58.735+0000] {dag.py:2941} INFO - Sync 1 DAGs
[2023-11-04T16:31:58.768+0000] {logging_mixin.py:151} INFO - [2023-11-04T16:31:58.768+0000] {dag.py:3722} INFO - Setting next_dagrun for example_xcom to 2021-01-01T00:00:00+00:00, run_after=2021-01-01T00:00:00+00:00
[2023-11-04T16:31:58.797+0000] {processor.py:179} INFO - Processing /home/airflow/.local/lib/python3.8/site-packages/airflow/example_dags/example_xcom.py took 0.119 seconds
[2023-11-04T16:32:29.282+0000] {processor.py:157} INFO - Started process (PID=4397) to work on /home/airflow/.local/lib/python3.8/site-packages/airflow/example_dags/example_xcom.py
[2023-11-04T16:32:29.283+0000] {processor.py:829} INFO - Processing file /home/airflow/.local/lib/python3.8/site-packages/airflow/example_dags/example_xcom.py for tasks to queue
[2023-11-04T16:32:29.285+0000] {logging_mixin.py:151} INFO - [2023-11-04T16:32:29.285+0000] {dagbag.py:536} INFO - Filling up the DagBag from /home/airflow/.local/lib/python3.8/site-packages/airflow/example_dags/example_xcom.py
[2023-11-04T16:32:29.297+0000] {processor.py:839} INFO - DAG(s) dict_keys(['example_xcom']) retrieved from /home/airflow/.local/lib/python3.8/site-packages/airflow/example_dags/example_xcom.py
[2023-11-04T16:32:29.332+0000] {logging_mixin.py:151} INFO - [2023-11-04T16:32:29.331+0000] {dag.py:2941} INFO - Sync 1 DAGs
[2023-11-04T16:32:29.369+0000] {logging_mixin.py:151} INFO - [2023-11-04T16:32:29.369+0000] {dag.py:3722} INFO - Setting next_dagrun for example_xcom to 2021-01-01T00:00:00+00:00, run_after=2021-01-01T00:00:00+00:00
[2023-11-04T16:32:29.398+0000] {processor.py:179} INFO - Processing /home/airflow/.local/lib/python3.8/site-packages/airflow/example_dags/example_xcom.py took 0.121 seconds
[2023-11-04T16:32:59.836+0000] {processor.py:157} INFO - Started process (PID=4635) to work on /home/airflow/.local/lib/python3.8/site-packages/airflow/example_dags/example_xcom.py
[2023-11-04T16:32:59.838+0000] {processor.py:829} INFO - Processing file /home/airflow/.local/lib/python3.8/site-packages/airflow/example_dags/example_xcom.py for tasks to queue
[2023-11-04T16:32:59.840+0000] {logging_mixin.py:151} INFO - [2023-11-04T16:32:59.839+0000] {dagbag.py:536} INFO - Filling up the DagBag from /home/airflow/.local/lib/python3.8/site-packages/airflow/example_dags/example_xcom.py
[2023-11-04T16:32:59.852+0000] {processor.py:839} INFO - DAG(s) dict_keys(['example_xcom']) retrieved from /home/airflow/.local/lib/python3.8/site-packages/airflow/example_dags/example_xcom.py
[2023-11-04T16:32:59.889+0000] {logging_mixin.py:151} INFO - [2023-11-04T16:32:59.889+0000] {dag.py:2941} INFO - Sync 1 DAGs
[2023-11-04T16:32:59.926+0000] {logging_mixin.py:151} INFO - [2023-11-04T16:32:59.926+0000] {dag.py:3722} INFO - Setting next_dagrun for example_xcom to 2021-01-01T00:00:00+00:00, run_after=2021-01-01T00:00:00+00:00
[2023-11-04T16:32:59.959+0000] {processor.py:179} INFO - Processing /home/airflow/.local/lib/python3.8/site-packages/airflow/example_dags/example_xcom.py took 0.129 seconds
[2023-11-04T16:33:30.113+0000] {processor.py:157} INFO - Started process (PID=4873) to work on /home/airflow/.local/lib/python3.8/site-packages/airflow/example_dags/example_xcom.py
[2023-11-04T16:33:30.114+0000] {processor.py:829} INFO - Processing file /home/airflow/.local/lib/python3.8/site-packages/airflow/example_dags/example_xcom.py for tasks to queue
[2023-11-04T16:33:30.116+0000] {logging_mixin.py:151} INFO - [2023-11-04T16:33:30.115+0000] {dagbag.py:536} INFO - Filling up the DagBag from /home/airflow/.local/lib/python3.8/site-packages/airflow/example_dags/example_xcom.py
[2023-11-04T16:33:30.128+0000] {processor.py:839} INFO - DAG(s) dict_keys(['example_xcom']) retrieved from /home/airflow/.local/lib/python3.8/site-packages/airflow/example_dags/example_xcom.py
[2023-11-04T16:33:30.166+0000] {logging_mixin.py:151} INFO - [2023-11-04T16:33:30.166+0000] {dag.py:2941} INFO - Sync 1 DAGs
[2023-11-04T16:33:30.199+0000] {logging_mixin.py:151} INFO - [2023-11-04T16:33:30.199+0000] {dag.py:3722} INFO - Setting next_dagrun for example_xcom to 2021-01-01T00:00:00+00:00, run_after=2021-01-01T00:00:00+00:00
[2023-11-04T16:33:30.233+0000] {processor.py:179} INFO - Processing /home/airflow/.local/lib/python3.8/site-packages/airflow/example_dags/example_xcom.py took 0.125 seconds
[2023-11-04T16:34:00.976+0000] {processor.py:157} INFO - Started process (PID=5111) to work on /home/airflow/.local/lib/python3.8/site-packages/airflow/example_dags/example_xcom.py
[2023-11-04T16:34:00.978+0000] {processor.py:829} INFO - Processing file /home/airflow/.local/lib/python3.8/site-packages/airflow/example_dags/example_xcom.py for tasks to queue
[2023-11-04T16:34:00.980+0000] {logging_mixin.py:151} INFO - [2023-11-04T16:34:00.979+0000] {dagbag.py:536} INFO - Filling up the DagBag from /home/airflow/.local/lib/python3.8/site-packages/airflow/example_dags/example_xcom.py
[2023-11-04T16:34:00.991+0000] {processor.py:839} INFO - DAG(s) dict_keys(['example_xcom']) retrieved from /home/airflow/.local/lib/python3.8/site-packages/airflow/example_dags/example_xcom.py
[2023-11-04T16:34:01.026+0000] {logging_mixin.py:151} INFO - [2023-11-04T16:34:01.026+0000] {dag.py:2941} INFO - Sync 1 DAGs
[2023-11-04T16:34:01.060+0000] {logging_mixin.py:151} INFO - [2023-11-04T16:34:01.060+0000] {dag.py:3722} INFO - Setting next_dagrun for example_xcom to 2021-01-01T00:00:00+00:00, run_after=2021-01-01T00:00:00+00:00
[2023-11-04T16:34:01.089+0000] {processor.py:179} INFO - Processing /home/airflow/.local/lib/python3.8/site-packages/airflow/example_dags/example_xcom.py took 0.118 seconds
[2023-11-04T16:34:31.381+0000] {processor.py:157} INFO - Started process (PID=5349) to work on /home/airflow/.local/lib/python3.8/site-packages/airflow/example_dags/example_xcom.py
[2023-11-04T16:34:31.383+0000] {processor.py:829} INFO - Processing file /home/airflow/.local/lib/python3.8/site-packages/airflow/example_dags/example_xcom.py for tasks to queue
[2023-11-04T16:34:31.385+0000] {logging_mixin.py:151} INFO - [2023-11-04T16:34:31.384+0000] {dagbag.py:536} INFO - Filling up the DagBag from /home/airflow/.local/lib/python3.8/site-packages/airflow/example_dags/example_xcom.py
[2023-11-04T16:34:31.397+0000] {processor.py:839} INFO - DAG(s) dict_keys(['example_xcom']) retrieved from /home/airflow/.local/lib/python3.8/site-packages/airflow/example_dags/example_xcom.py
[2023-11-04T16:34:31.437+0000] {logging_mixin.py:151} INFO - [2023-11-04T16:34:31.437+0000] {dag.py:2941} INFO - Sync 1 DAGs
[2023-11-04T16:34:31.470+0000] {logging_mixin.py:151} INFO - [2023-11-04T16:34:31.470+0000] {dag.py:3722} INFO - Setting next_dagrun for example_xcom to 2021-01-01T00:00:00+00:00, run_after=2021-01-01T00:00:00+00:00
[2023-11-04T16:34:31.499+0000] {processor.py:179} INFO - Processing /home/airflow/.local/lib/python3.8/site-packages/airflow/example_dags/example_xcom.py took 0.123 seconds
[2023-11-04T16:35:02.375+0000] {processor.py:157} INFO - Started process (PID=5587) to work on /home/airflow/.local/lib/python3.8/site-packages/airflow/example_dags/example_xcom.py
[2023-11-04T16:35:02.377+0000] {processor.py:829} INFO - Processing file /home/airflow/.local/lib/python3.8/site-packages/airflow/example_dags/example_xcom.py for tasks to queue
[2023-11-04T16:35:02.379+0000] {logging_mixin.py:151} INFO - [2023-11-04T16:35:02.378+0000] {dagbag.py:536} INFO - Filling up the DagBag from /home/airflow/.local/lib/python3.8/site-packages/airflow/example_dags/example_xcom.py
[2023-11-04T16:35:02.391+0000] {processor.py:839} INFO - DAG(s) dict_keys(['example_xcom']) retrieved from /home/airflow/.local/lib/python3.8/site-packages/airflow/example_dags/example_xcom.py
[2023-11-04T16:35:02.430+0000] {logging_mixin.py:151} INFO - [2023-11-04T16:35:02.429+0000] {dag.py:2941} INFO - Sync 1 DAGs
[2023-11-04T16:35:02.476+0000] {logging_mixin.py:151} INFO - [2023-11-04T16:35:02.475+0000] {dag.py:3722} INFO - Setting next_dagrun for example_xcom to 2021-01-01T00:00:00+00:00, run_after=2021-01-01T00:00:00+00:00
[2023-11-04T16:35:02.509+0000] {processor.py:179} INFO - Processing /home/airflow/.local/lib/python3.8/site-packages/airflow/example_dags/example_xcom.py took 0.139 seconds
[2023-11-04T16:35:33.585+0000] {processor.py:157} INFO - Started process (PID=5827) to work on /home/airflow/.local/lib/python3.8/site-packages/airflow/example_dags/example_xcom.py
[2023-11-04T16:35:33.586+0000] {processor.py:829} INFO - Processing file /home/airflow/.local/lib/python3.8/site-packages/airflow/example_dags/example_xcom.py for tasks to queue
[2023-11-04T16:35:33.588+0000] {logging_mixin.py:151} INFO - [2023-11-04T16:35:33.588+0000] {dagbag.py:536} INFO - Filling up the DagBag from /home/airflow/.local/lib/python3.8/site-packages/airflow/example_dags/example_xcom.py
[2023-11-04T16:35:33.600+0000] {processor.py:839} INFO - DAG(s) dict_keys(['example_xcom']) retrieved from /home/airflow/.local/lib/python3.8/site-packages/airflow/example_dags/example_xcom.py
[2023-11-04T16:35:33.644+0000] {logging_mixin.py:151} INFO - [2023-11-04T16:35:33.643+0000] {dag.py:2941} INFO - Sync 1 DAGs
[2023-11-04T16:35:33.695+0000] {logging_mixin.py:151} INFO - [2023-11-04T16:35:33.694+0000] {dag.py:3722} INFO - Setting next_dagrun for example_xcom to 2021-01-01T00:00:00+00:00, run_after=2021-01-01T00:00:00+00:00
[2023-11-04T16:35:33.732+0000] {processor.py:179} INFO - Processing /home/airflow/.local/lib/python3.8/site-packages/airflow/example_dags/example_xcom.py took 0.153 seconds
[2023-11-04T16:36:03.854+0000] {processor.py:157} INFO - Started process (PID=6063) to work on /home/airflow/.local/lib/python3.8/site-packages/airflow/example_dags/example_xcom.py
[2023-11-04T16:36:03.855+0000] {processor.py:829} INFO - Processing file /home/airflow/.local/lib/python3.8/site-packages/airflow/example_dags/example_xcom.py for tasks to queue
[2023-11-04T16:36:03.857+0000] {logging_mixin.py:151} INFO - [2023-11-04T16:36:03.857+0000] {dagbag.py:536} INFO - Filling up the DagBag from /home/airflow/.local/lib/python3.8/site-packages/airflow/example_dags/example_xcom.py
[2023-11-04T16:36:03.872+0000] {processor.py:839} INFO - DAG(s) dict_keys(['example_xcom']) retrieved from /home/airflow/.local/lib/python3.8/site-packages/airflow/example_dags/example_xcom.py
[2023-11-04T16:36:03.916+0000] {logging_mixin.py:151} INFO - [2023-11-04T16:36:03.916+0000] {dag.py:2941} INFO - Sync 1 DAGs
[2023-11-04T16:36:03.970+0000] {logging_mixin.py:151} INFO - [2023-11-04T16:36:03.970+0000] {dag.py:3722} INFO - Setting next_dagrun for example_xcom to 2021-01-01T00:00:00+00:00, run_after=2021-01-01T00:00:00+00:00
[2023-11-04T16:36:04.010+0000] {processor.py:179} INFO - Processing /home/airflow/.local/lib/python3.8/site-packages/airflow/example_dags/example_xcom.py took 0.163 seconds
[2023-11-04T16:36:34.173+0000] {processor.py:157} INFO - Started process (PID=6303) to work on /home/airflow/.local/lib/python3.8/site-packages/airflow/example_dags/example_xcom.py
[2023-11-04T16:36:34.174+0000] {processor.py:829} INFO - Processing file /home/airflow/.local/lib/python3.8/site-packages/airflow/example_dags/example_xcom.py for tasks to queue
[2023-11-04T16:36:34.176+0000] {logging_mixin.py:151} INFO - [2023-11-04T16:36:34.175+0000] {dagbag.py:536} INFO - Filling up the DagBag from /home/airflow/.local/lib/python3.8/site-packages/airflow/example_dags/example_xcom.py
[2023-11-04T16:36:34.187+0000] {processor.py:839} INFO - DAG(s) dict_keys(['example_xcom']) retrieved from /home/airflow/.local/lib/python3.8/site-packages/airflow/example_dags/example_xcom.py
[2023-11-04T16:36:34.220+0000] {logging_mixin.py:151} INFO - [2023-11-04T16:36:34.220+0000] {dag.py:2941} INFO - Sync 1 DAGs
[2023-11-04T16:36:34.252+0000] {logging_mixin.py:151} INFO - [2023-11-04T16:36:34.251+0000] {dag.py:3722} INFO - Setting next_dagrun for example_xcom to 2021-01-01T00:00:00+00:00, run_after=2021-01-01T00:00:00+00:00
[2023-11-04T16:36:34.280+0000] {processor.py:179} INFO - Processing /home/airflow/.local/lib/python3.8/site-packages/airflow/example_dags/example_xcom.py took 0.113 seconds
[2023-11-04T16:37:06.960+0000] {processor.py:157} INFO - Started process (PID=6539) to work on /home/airflow/.local/lib/python3.8/site-packages/airflow/example_dags/example_xcom.py
[2023-11-04T16:37:06.962+0000] {processor.py:829} INFO - Processing file /home/airflow/.local/lib/python3.8/site-packages/airflow/example_dags/example_xcom.py for tasks to queue
[2023-11-04T16:37:06.964+0000] {logging_mixin.py:151} INFO - [2023-11-04T16:37:06.963+0000] {dagbag.py:536} INFO - Filling up the DagBag from /home/airflow/.local/lib/python3.8/site-packages/airflow/example_dags/example_xcom.py
[2023-11-04T16:37:07.033+0000] {processor.py:839} INFO - DAG(s) dict_keys(['example_xcom']) retrieved from /home/airflow/.local/lib/python3.8/site-packages/airflow/example_dags/example_xcom.py
[2023-11-04T16:37:07.143+0000] {logging_mixin.py:151} INFO - [2023-11-04T16:37:07.142+0000] {dag.py:2941} INFO - Sync 1 DAGs
[2023-11-04T16:37:07.258+0000] {logging_mixin.py:151} INFO - [2023-11-04T16:37:07.255+0000] {dag.py:3722} INFO - Setting next_dagrun for example_xcom to 2021-01-01T00:00:00+00:00, run_after=2021-01-01T00:00:00+00:00
[2023-11-04T16:37:07.332+0000] {processor.py:179} INFO - Processing /home/airflow/.local/lib/python3.8/site-packages/airflow/example_dags/example_xcom.py took 0.381 seconds
[2023-11-04T16:37:37.777+0000] {processor.py:157} INFO - Started process (PID=6779) to work on /home/airflow/.local/lib/python3.8/site-packages/airflow/example_dags/example_xcom.py
[2023-11-04T16:37:37.778+0000] {processor.py:829} INFO - Processing file /home/airflow/.local/lib/python3.8/site-packages/airflow/example_dags/example_xcom.py for tasks to queue
[2023-11-04T16:37:37.780+0000] {logging_mixin.py:151} INFO - [2023-11-04T16:37:37.780+0000] {dagbag.py:536} INFO - Filling up the DagBag from /home/airflow/.local/lib/python3.8/site-packages/airflow/example_dags/example_xcom.py
[2023-11-04T16:37:37.791+0000] {processor.py:839} INFO - DAG(s) dict_keys(['example_xcom']) retrieved from /home/airflow/.local/lib/python3.8/site-packages/airflow/example_dags/example_xcom.py
[2023-11-04T16:37:37.824+0000] {logging_mixin.py:151} INFO - [2023-11-04T16:37:37.824+0000] {dag.py:2941} INFO - Sync 1 DAGs
[2023-11-04T16:37:37.858+0000] {logging_mixin.py:151} INFO - [2023-11-04T16:37:37.858+0000] {dag.py:3722} INFO - Setting next_dagrun for example_xcom to 2021-01-01T00:00:00+00:00, run_after=2021-01-01T00:00:00+00:00
[2023-11-04T16:37:37.893+0000] {processor.py:179} INFO - Processing /home/airflow/.local/lib/python3.8/site-packages/airflow/example_dags/example_xcom.py took 0.121 seconds
[2023-11-04T16:38:08.152+0000] {processor.py:157} INFO - Started process (PID=7017) to work on /home/airflow/.local/lib/python3.8/site-packages/airflow/example_dags/example_xcom.py
[2023-11-04T16:38:08.154+0000] {processor.py:829} INFO - Processing file /home/airflow/.local/lib/python3.8/site-packages/airflow/example_dags/example_xcom.py for tasks to queue
[2023-11-04T16:38:08.155+0000] {logging_mixin.py:151} INFO - [2023-11-04T16:38:08.155+0000] {dagbag.py:536} INFO - Filling up the DagBag from /home/airflow/.local/lib/python3.8/site-packages/airflow/example_dags/example_xcom.py
[2023-11-04T16:38:08.166+0000] {processor.py:839} INFO - DAG(s) dict_keys(['example_xcom']) retrieved from /home/airflow/.local/lib/python3.8/site-packages/airflow/example_dags/example_xcom.py
[2023-11-04T16:38:08.200+0000] {logging_mixin.py:151} INFO - [2023-11-04T16:38:08.199+0000] {dag.py:2941} INFO - Sync 1 DAGs
[2023-11-04T16:38:08.234+0000] {logging_mixin.py:151} INFO - [2023-11-04T16:38:08.234+0000] {dag.py:3722} INFO - Setting next_dagrun for example_xcom to 2021-01-01T00:00:00+00:00, run_after=2021-01-01T00:00:00+00:00
[2023-11-04T16:38:08.267+0000] {processor.py:179} INFO - Processing /home/airflow/.local/lib/python3.8/site-packages/airflow/example_dags/example_xcom.py took 0.119 seconds
[2023-11-04T16:38:38.348+0000] {processor.py:157} INFO - Started process (PID=7255) to work on /home/airflow/.local/lib/python3.8/site-packages/airflow/example_dags/example_xcom.py
[2023-11-04T16:38:38.349+0000] {processor.py:829} INFO - Processing file /home/airflow/.local/lib/python3.8/site-packages/airflow/example_dags/example_xcom.py for tasks to queue
[2023-11-04T16:38:38.351+0000] {logging_mixin.py:151} INFO - [2023-11-04T16:38:38.350+0000] {dagbag.py:536} INFO - Filling up the DagBag from /home/airflow/.local/lib/python3.8/site-packages/airflow/example_dags/example_xcom.py
[2023-11-04T16:38:38.362+0000] {processor.py:839} INFO - DAG(s) dict_keys(['example_xcom']) retrieved from /home/airflow/.local/lib/python3.8/site-packages/airflow/example_dags/example_xcom.py
[2023-11-04T16:38:38.395+0000] {logging_mixin.py:151} INFO - [2023-11-04T16:38:38.395+0000] {dag.py:2941} INFO - Sync 1 DAGs
[2023-11-04T16:38:38.426+0000] {logging_mixin.py:151} INFO - [2023-11-04T16:38:38.426+0000] {dag.py:3722} INFO - Setting next_dagrun for example_xcom to 2021-01-01T00:00:00+00:00, run_after=2021-01-01T00:00:00+00:00
[2023-11-04T16:38:38.458+0000] {processor.py:179} INFO - Processing /home/airflow/.local/lib/python3.8/site-packages/airflow/example_dags/example_xcom.py took 0.115 seconds
[2023-11-04T16:39:09.086+0000] {processor.py:157} INFO - Started process (PID=7493) to work on /home/airflow/.local/lib/python3.8/site-packages/airflow/example_dags/example_xcom.py
[2023-11-04T16:39:09.088+0000] {processor.py:829} INFO - Processing file /home/airflow/.local/lib/python3.8/site-packages/airflow/example_dags/example_xcom.py for tasks to queue
[2023-11-04T16:39:09.089+0000] {logging_mixin.py:151} INFO - [2023-11-04T16:39:09.089+0000] {dagbag.py:536} INFO - Filling up the DagBag from /home/airflow/.local/lib/python3.8/site-packages/airflow/example_dags/example_xcom.py
[2023-11-04T16:39:09.101+0000] {processor.py:839} INFO - DAG(s) dict_keys(['example_xcom']) retrieved from /home/airflow/.local/lib/python3.8/site-packages/airflow/example_dags/example_xcom.py
[2023-11-04T16:39:09.135+0000] {logging_mixin.py:151} INFO - [2023-11-04T16:39:09.135+0000] {dag.py:2941} INFO - Sync 1 DAGs
[2023-11-04T16:39:09.173+0000] {logging_mixin.py:151} INFO - [2023-11-04T16:39:09.173+0000] {dag.py:3722} INFO - Setting next_dagrun for example_xcom to 2021-01-01T00:00:00+00:00, run_after=2021-01-01T00:00:00+00:00
[2023-11-04T16:39:09.203+0000] {processor.py:179} INFO - Processing /home/airflow/.local/lib/python3.8/site-packages/airflow/example_dags/example_xcom.py took 0.121 seconds
[2023-11-04T16:39:39.518+0000] {processor.py:157} INFO - Started process (PID=7731) to work on /home/airflow/.local/lib/python3.8/site-packages/airflow/example_dags/example_xcom.py
[2023-11-04T16:39:39.519+0000] {processor.py:829} INFO - Processing file /home/airflow/.local/lib/python3.8/site-packages/airflow/example_dags/example_xcom.py for tasks to queue
[2023-11-04T16:39:39.521+0000] {logging_mixin.py:151} INFO - [2023-11-04T16:39:39.521+0000] {dagbag.py:536} INFO - Filling up the DagBag from /home/airflow/.local/lib/python3.8/site-packages/airflow/example_dags/example_xcom.py
[2023-11-04T16:39:39.535+0000] {processor.py:839} INFO - DAG(s) dict_keys(['example_xcom']) retrieved from /home/airflow/.local/lib/python3.8/site-packages/airflow/example_dags/example_xcom.py
[2023-11-04T16:39:39.570+0000] {logging_mixin.py:151} INFO - [2023-11-04T16:39:39.570+0000] {dag.py:2941} INFO - Sync 1 DAGs
[2023-11-04T16:39:39.603+0000] {logging_mixin.py:151} INFO - [2023-11-04T16:39:39.603+0000] {dag.py:3722} INFO - Setting next_dagrun for example_xcom to 2021-01-01T00:00:00+00:00, run_after=2021-01-01T00:00:00+00:00
[2023-11-04T16:39:39.639+0000] {processor.py:179} INFO - Processing /home/airflow/.local/lib/python3.8/site-packages/airflow/example_dags/example_xcom.py took 0.128 seconds
[2023-11-04T16:40:09.817+0000] {processor.py:157} INFO - Started process (PID=7967) to work on /home/airflow/.local/lib/python3.8/site-packages/airflow/example_dags/example_xcom.py
[2023-11-04T16:40:09.818+0000] {processor.py:829} INFO - Processing file /home/airflow/.local/lib/python3.8/site-packages/airflow/example_dags/example_xcom.py for tasks to queue
[2023-11-04T16:40:09.820+0000] {logging_mixin.py:151} INFO - [2023-11-04T16:40:09.819+0000] {dagbag.py:536} INFO - Filling up the DagBag from /home/airflow/.local/lib/python3.8/site-packages/airflow/example_dags/example_xcom.py
[2023-11-04T16:40:09.834+0000] {processor.py:839} INFO - DAG(s) dict_keys(['example_xcom']) retrieved from /home/airflow/.local/lib/python3.8/site-packages/airflow/example_dags/example_xcom.py
[2023-11-04T16:40:09.873+0000] {logging_mixin.py:151} INFO - [2023-11-04T16:40:09.873+0000] {dag.py:2941} INFO - Sync 1 DAGs
[2023-11-04T16:40:09.954+0000] {logging_mixin.py:151} INFO - [2023-11-04T16:40:09.954+0000] {dag.py:3722} INFO - Setting next_dagrun for example_xcom to 2021-01-01T00:00:00+00:00, run_after=2021-01-01T00:00:00+00:00
[2023-11-04T16:40:09.988+0000] {processor.py:179} INFO - Processing /home/airflow/.local/lib/python3.8/site-packages/airflow/example_dags/example_xcom.py took 0.176 seconds
[2023-11-04T16:40:40.393+0000] {processor.py:157} INFO - Started process (PID=8205) to work on /home/airflow/.local/lib/python3.8/site-packages/airflow/example_dags/example_xcom.py
[2023-11-04T16:40:40.394+0000] {processor.py:829} INFO - Processing file /home/airflow/.local/lib/python3.8/site-packages/airflow/example_dags/example_xcom.py for tasks to queue
[2023-11-04T16:40:40.396+0000] {logging_mixin.py:151} INFO - [2023-11-04T16:40:40.396+0000] {dagbag.py:536} INFO - Filling up the DagBag from /home/airflow/.local/lib/python3.8/site-packages/airflow/example_dags/example_xcom.py
[2023-11-04T16:40:40.408+0000] {processor.py:839} INFO - DAG(s) dict_keys(['example_xcom']) retrieved from /home/airflow/.local/lib/python3.8/site-packages/airflow/example_dags/example_xcom.py
[2023-11-04T16:40:40.443+0000] {logging_mixin.py:151} INFO - [2023-11-04T16:40:40.442+0000] {dag.py:2941} INFO - Sync 1 DAGs
[2023-11-04T16:40:40.476+0000] {logging_mixin.py:151} INFO - [2023-11-04T16:40:40.476+0000] {dag.py:3722} INFO - Setting next_dagrun for example_xcom to 2021-01-01T00:00:00+00:00, run_after=2021-01-01T00:00:00+00:00
[2023-11-04T16:40:40.506+0000] {processor.py:179} INFO - Processing /home/airflow/.local/lib/python3.8/site-packages/airflow/example_dags/example_xcom.py took 0.119 seconds
[2023-11-04T16:41:10.794+0000] {processor.py:157} INFO - Started process (PID=8445) to work on /home/airflow/.local/lib/python3.8/site-packages/airflow/example_dags/example_xcom.py
[2023-11-04T16:41:10.796+0000] {processor.py:829} INFO - Processing file /home/airflow/.local/lib/python3.8/site-packages/airflow/example_dags/example_xcom.py for tasks to queue
[2023-11-04T16:41:10.798+0000] {logging_mixin.py:151} INFO - [2023-11-04T16:41:10.797+0000] {dagbag.py:536} INFO - Filling up the DagBag from /home/airflow/.local/lib/python3.8/site-packages/airflow/example_dags/example_xcom.py
[2023-11-04T16:41:10.820+0000] {processor.py:839} INFO - DAG(s) dict_keys(['example_xcom']) retrieved from /home/airflow/.local/lib/python3.8/site-packages/airflow/example_dags/example_xcom.py
[2023-11-04T16:41:10.853+0000] {logging_mixin.py:151} INFO - [2023-11-04T16:41:10.853+0000] {dag.py:2941} INFO - Sync 1 DAGs
[2023-11-04T16:41:10.886+0000] {logging_mixin.py:151} INFO - [2023-11-04T16:41:10.886+0000] {dag.py:3722} INFO - Setting next_dagrun for example_xcom to 2021-01-01T00:00:00+00:00, run_after=2021-01-01T00:00:00+00:00
[2023-11-04T16:41:10.914+0000] {processor.py:179} INFO - Processing /home/airflow/.local/lib/python3.8/site-packages/airflow/example_dags/example_xcom.py took 0.125 seconds
[2023-11-04T16:41:41.307+0000] {processor.py:157} INFO - Started process (PID=8681) to work on /home/airflow/.local/lib/python3.8/site-packages/airflow/example_dags/example_xcom.py
[2023-11-04T16:41:41.308+0000] {processor.py:829} INFO - Processing file /home/airflow/.local/lib/python3.8/site-packages/airflow/example_dags/example_xcom.py for tasks to queue
[2023-11-04T16:41:41.310+0000] {logging_mixin.py:151} INFO - [2023-11-04T16:41:41.309+0000] {dagbag.py:536} INFO - Filling up the DagBag from /home/airflow/.local/lib/python3.8/site-packages/airflow/example_dags/example_xcom.py
[2023-11-04T16:41:41.323+0000] {processor.py:839} INFO - DAG(s) dict_keys(['example_xcom']) retrieved from /home/airflow/.local/lib/python3.8/site-packages/airflow/example_dags/example_xcom.py
[2023-11-04T16:41:41.357+0000] {logging_mixin.py:151} INFO - [2023-11-04T16:41:41.356+0000] {dag.py:2941} INFO - Sync 1 DAGs
[2023-11-04T16:41:41.389+0000] {logging_mixin.py:151} INFO - [2023-11-04T16:41:41.389+0000] {dag.py:3722} INFO - Setting next_dagrun for example_xcom to 2021-01-01T00:00:00+00:00, run_after=2021-01-01T00:00:00+00:00
[2023-11-04T16:41:41.418+0000] {processor.py:179} INFO - Processing /home/airflow/.local/lib/python3.8/site-packages/airflow/example_dags/example_xcom.py took 0.116 seconds
[2023-11-04T16:42:12.675+0000] {processor.py:157} INFO - Started process (PID=8983) to work on /home/airflow/.local/lib/python3.8/site-packages/airflow/example_dags/example_xcom.py
[2023-11-04T16:42:12.678+0000] {processor.py:829} INFO - Processing file /home/airflow/.local/lib/python3.8/site-packages/airflow/example_dags/example_xcom.py for tasks to queue
[2023-11-04T16:42:12.680+0000] {logging_mixin.py:151} INFO - [2023-11-04T16:42:12.679+0000] {dagbag.py:536} INFO - Filling up the DagBag from /home/airflow/.local/lib/python3.8/site-packages/airflow/example_dags/example_xcom.py
[2023-11-04T16:42:12.697+0000] {processor.py:839} INFO - DAG(s) dict_keys(['example_xcom']) retrieved from /home/airflow/.local/lib/python3.8/site-packages/airflow/example_dags/example_xcom.py
[2023-11-04T16:42:12.740+0000] {logging_mixin.py:151} INFO - [2023-11-04T16:42:12.740+0000] {dag.py:2941} INFO - Sync 1 DAGs
[2023-11-04T16:42:12.785+0000] {logging_mixin.py:151} INFO - [2023-11-04T16:42:12.785+0000] {dag.py:3722} INFO - Setting next_dagrun for example_xcom to 2021-01-01T00:00:00+00:00, run_after=2021-01-01T00:00:00+00:00
[2023-11-04T16:42:12.830+0000] {processor.py:179} INFO - Processing /home/airflow/.local/lib/python3.8/site-packages/airflow/example_dags/example_xcom.py took 0.160 seconds
[2023-11-04T17:13:31.019+0000] {processor.py:157} INFO - Started process (PID=342) to work on /home/airflow/.local/lib/python3.8/site-packages/airflow/example_dags/example_xcom.py
[2023-11-04T17:13:31.021+0000] {processor.py:829} INFO - Processing file /home/airflow/.local/lib/python3.8/site-packages/airflow/example_dags/example_xcom.py for tasks to queue
[2023-11-04T17:13:31.022+0000] {logging_mixin.py:151} INFO - [2023-11-04T17:13:31.022+0000] {dagbag.py:536} INFO - Filling up the DagBag from /home/airflow/.local/lib/python3.8/site-packages/airflow/example_dags/example_xcom.py
[2023-11-04T17:13:31.034+0000] {processor.py:839} INFO - DAG(s) dict_keys(['example_xcom']) retrieved from /home/airflow/.local/lib/python3.8/site-packages/airflow/example_dags/example_xcom.py
[2023-11-04T17:13:31.070+0000] {logging_mixin.py:151} INFO - [2023-11-04T17:13:31.069+0000] {dag.py:2941} INFO - Sync 1 DAGs
[2023-11-04T17:13:31.103+0000] {logging_mixin.py:151} INFO - [2023-11-04T17:13:31.103+0000] {dag.py:3722} INFO - Setting next_dagrun for example_xcom to 2021-01-01T00:00:00+00:00, run_after=2021-01-01T00:00:00+00:00
[2023-11-04T17:13:31.133+0000] {processor.py:179} INFO - Processing /home/airflow/.local/lib/python3.8/site-packages/airflow/example_dags/example_xcom.py took 0.119 seconds
[2023-11-04T17:14:01.326+0000] {processor.py:157} INFO - Started process (PID=580) to work on /home/airflow/.local/lib/python3.8/site-packages/airflow/example_dags/example_xcom.py
[2023-11-04T17:14:01.327+0000] {processor.py:829} INFO - Processing file /home/airflow/.local/lib/python3.8/site-packages/airflow/example_dags/example_xcom.py for tasks to queue
[2023-11-04T17:14:01.328+0000] {logging_mixin.py:151} INFO - [2023-11-04T17:14:01.328+0000] {dagbag.py:536} INFO - Filling up the DagBag from /home/airflow/.local/lib/python3.8/site-packages/airflow/example_dags/example_xcom.py
[2023-11-04T17:14:01.341+0000] {processor.py:839} INFO - DAG(s) dict_keys(['example_xcom']) retrieved from /home/airflow/.local/lib/python3.8/site-packages/airflow/example_dags/example_xcom.py
[2023-11-04T17:14:01.360+0000] {logging_mixin.py:151} INFO - [2023-11-04T17:14:01.359+0000] {dag.py:2941} INFO - Sync 1 DAGs
[2023-11-04T17:14:01.399+0000] {logging_mixin.py:151} INFO - [2023-11-04T17:14:01.399+0000] {dag.py:3722} INFO - Setting next_dagrun for example_xcom to 2021-01-01T00:00:00+00:00, run_after=2021-01-01T00:00:00+00:00
[2023-11-04T17:14:01.433+0000] {processor.py:179} INFO - Processing /home/airflow/.local/lib/python3.8/site-packages/airflow/example_dags/example_xcom.py took 0.112 seconds
[2023-11-04T17:14:32.249+0000] {processor.py:157} INFO - Started process (PID=820) to work on /home/airflow/.local/lib/python3.8/site-packages/airflow/example_dags/example_xcom.py
[2023-11-04T17:14:32.251+0000] {processor.py:829} INFO - Processing file /home/airflow/.local/lib/python3.8/site-packages/airflow/example_dags/example_xcom.py for tasks to queue
[2023-11-04T17:14:32.254+0000] {logging_mixin.py:151} INFO - [2023-11-04T17:14:32.253+0000] {dagbag.py:536} INFO - Filling up the DagBag from /home/airflow/.local/lib/python3.8/site-packages/airflow/example_dags/example_xcom.py
[2023-11-04T17:14:32.265+0000] {processor.py:839} INFO - DAG(s) dict_keys(['example_xcom']) retrieved from /home/airflow/.local/lib/python3.8/site-packages/airflow/example_dags/example_xcom.py
[2023-11-04T17:14:32.285+0000] {logging_mixin.py:151} INFO - [2023-11-04T17:14:32.284+0000] {dag.py:2941} INFO - Sync 1 DAGs
[2023-11-04T17:14:32.325+0000] {logging_mixin.py:151} INFO - [2023-11-04T17:14:32.325+0000] {dag.py:3722} INFO - Setting next_dagrun for example_xcom to 2021-01-01T00:00:00+00:00, run_after=2021-01-01T00:00:00+00:00
[2023-11-04T17:14:32.367+0000] {processor.py:179} INFO - Processing /home/airflow/.local/lib/python3.8/site-packages/airflow/example_dags/example_xcom.py took 0.124 seconds
[2023-11-04T17:15:03.006+0000] {processor.py:157} INFO - Started process (PID=1058) to work on /home/airflow/.local/lib/python3.8/site-packages/airflow/example_dags/example_xcom.py
[2023-11-04T17:15:03.008+0000] {processor.py:829} INFO - Processing file /home/airflow/.local/lib/python3.8/site-packages/airflow/example_dags/example_xcom.py for tasks to queue
[2023-11-04T17:15:03.009+0000] {logging_mixin.py:151} INFO - [2023-11-04T17:15:03.009+0000] {dagbag.py:536} INFO - Filling up the DagBag from /home/airflow/.local/lib/python3.8/site-packages/airflow/example_dags/example_xcom.py
[2023-11-04T17:15:03.023+0000] {processor.py:839} INFO - DAG(s) dict_keys(['example_xcom']) retrieved from /home/airflow/.local/lib/python3.8/site-packages/airflow/example_dags/example_xcom.py
[2023-11-04T17:15:03.056+0000] {logging_mixin.py:151} INFO - [2023-11-04T17:15:03.055+0000] {dag.py:2941} INFO - Sync 1 DAGs
[2023-11-04T17:15:03.088+0000] {logging_mixin.py:151} INFO - [2023-11-04T17:15:03.088+0000] {dag.py:3722} INFO - Setting next_dagrun for example_xcom to 2021-01-01T00:00:00+00:00, run_after=2021-01-01T00:00:00+00:00
[2023-11-04T17:15:03.126+0000] {processor.py:179} INFO - Processing /home/airflow/.local/lib/python3.8/site-packages/airflow/example_dags/example_xcom.py took 0.124 seconds
[2023-11-04T17:15:34.084+0000] {processor.py:157} INFO - Started process (PID=1294) to work on /home/airflow/.local/lib/python3.8/site-packages/airflow/example_dags/example_xcom.py
[2023-11-04T17:15:34.086+0000] {processor.py:829} INFO - Processing file /home/airflow/.local/lib/python3.8/site-packages/airflow/example_dags/example_xcom.py for tasks to queue
[2023-11-04T17:15:34.088+0000] {logging_mixin.py:151} INFO - [2023-11-04T17:15:34.087+0000] {dagbag.py:536} INFO - Filling up the DagBag from /home/airflow/.local/lib/python3.8/site-packages/airflow/example_dags/example_xcom.py
[2023-11-04T17:15:34.111+0000] {processor.py:839} INFO - DAG(s) dict_keys(['example_xcom']) retrieved from /home/airflow/.local/lib/python3.8/site-packages/airflow/example_dags/example_xcom.py
[2023-11-04T17:15:34.157+0000] {logging_mixin.py:151} INFO - [2023-11-04T17:15:34.156+0000] {dag.py:2941} INFO - Sync 1 DAGs
[2023-11-04T17:15:34.198+0000] {logging_mixin.py:151} INFO - [2023-11-04T17:15:34.198+0000] {dag.py:3722} INFO - Setting next_dagrun for example_xcom to 2021-01-01T00:00:00+00:00, run_after=2021-01-01T00:00:00+00:00
[2023-11-04T17:15:34.257+0000] {processor.py:179} INFO - Processing /home/airflow/.local/lib/python3.8/site-packages/airflow/example_dags/example_xcom.py took 0.178 seconds
[2023-11-04T17:16:04.485+0000] {processor.py:157} INFO - Started process (PID=1557) to work on /home/airflow/.local/lib/python3.8/site-packages/airflow/example_dags/example_xcom.py
[2023-11-04T17:16:04.487+0000] {processor.py:829} INFO - Processing file /home/airflow/.local/lib/python3.8/site-packages/airflow/example_dags/example_xcom.py for tasks to queue
[2023-11-04T17:16:04.491+0000] {logging_mixin.py:151} INFO - [2023-11-04T17:16:04.490+0000] {dagbag.py:536} INFO - Filling up the DagBag from /home/airflow/.local/lib/python3.8/site-packages/airflow/example_dags/example_xcom.py
[2023-11-04T17:16:04.513+0000] {processor.py:839} INFO - DAG(s) dict_keys(['example_xcom']) retrieved from /home/airflow/.local/lib/python3.8/site-packages/airflow/example_dags/example_xcom.py
[2023-11-04T17:16:04.570+0000] {logging_mixin.py:151} INFO - [2023-11-04T17:16:04.570+0000] {dag.py:2941} INFO - Sync 1 DAGs
[2023-11-04T17:16:04.617+0000] {logging_mixin.py:151} INFO - [2023-11-04T17:16:04.617+0000] {dag.py:3722} INFO - Setting next_dagrun for example_xcom to 2021-01-01T00:00:00+00:00, run_after=2021-01-01T00:00:00+00:00
[2023-11-04T17:16:04.654+0000] {processor.py:179} INFO - Processing /home/airflow/.local/lib/python3.8/site-packages/airflow/example_dags/example_xcom.py took 0.175 seconds
[2023-11-04T17:16:34.852+0000] {processor.py:157} INFO - Started process (PID=1797) to work on /home/airflow/.local/lib/python3.8/site-packages/airflow/example_dags/example_xcom.py
[2023-11-04T17:16:34.854+0000] {processor.py:829} INFO - Processing file /home/airflow/.local/lib/python3.8/site-packages/airflow/example_dags/example_xcom.py for tasks to queue
[2023-11-04T17:16:34.855+0000] {logging_mixin.py:151} INFO - [2023-11-04T17:16:34.855+0000] {dagbag.py:536} INFO - Filling up the DagBag from /home/airflow/.local/lib/python3.8/site-packages/airflow/example_dags/example_xcom.py
[2023-11-04T17:16:34.866+0000] {processor.py:839} INFO - DAG(s) dict_keys(['example_xcom']) retrieved from /home/airflow/.local/lib/python3.8/site-packages/airflow/example_dags/example_xcom.py
[2023-11-04T17:16:34.901+0000] {logging_mixin.py:151} INFO - [2023-11-04T17:16:34.900+0000] {dag.py:2941} INFO - Sync 1 DAGs
[2023-11-04T17:16:34.935+0000] {logging_mixin.py:151} INFO - [2023-11-04T17:16:34.935+0000] {dag.py:3722} INFO - Setting next_dagrun for example_xcom to 2021-01-01T00:00:00+00:00, run_after=2021-01-01T00:00:00+00:00
[2023-11-04T17:16:34.967+0000] {processor.py:179} INFO - Processing /home/airflow/.local/lib/python3.8/site-packages/airflow/example_dags/example_xcom.py took 0.120 seconds
[2023-11-04T17:17:05.557+0000] {processor.py:157} INFO - Started process (PID=2040) to work on /home/airflow/.local/lib/python3.8/site-packages/airflow/example_dags/example_xcom.py
[2023-11-04T17:17:05.558+0000] {processor.py:829} INFO - Processing file /home/airflow/.local/lib/python3.8/site-packages/airflow/example_dags/example_xcom.py for tasks to queue
[2023-11-04T17:17:05.560+0000] {logging_mixin.py:151} INFO - [2023-11-04T17:17:05.560+0000] {dagbag.py:536} INFO - Filling up the DagBag from /home/airflow/.local/lib/python3.8/site-packages/airflow/example_dags/example_xcom.py
[2023-11-04T17:17:05.571+0000] {processor.py:839} INFO - DAG(s) dict_keys(['example_xcom']) retrieved from /home/airflow/.local/lib/python3.8/site-packages/airflow/example_dags/example_xcom.py
[2023-11-04T17:17:05.610+0000] {logging_mixin.py:151} INFO - [2023-11-04T17:17:05.610+0000] {dag.py:2941} INFO - Sync 1 DAGs
[2023-11-04T17:17:05.646+0000] {logging_mixin.py:151} INFO - [2023-11-04T17:17:05.645+0000] {dag.py:3722} INFO - Setting next_dagrun for example_xcom to 2021-01-01T00:00:00+00:00, run_after=2021-01-01T00:00:00+00:00
[2023-11-04T17:17:05.684+0000] {processor.py:179} INFO - Processing /home/airflow/.local/lib/python3.8/site-packages/airflow/example_dags/example_xcom.py took 0.132 seconds
[2023-11-04T17:17:35.829+0000] {processor.py:157} INFO - Started process (PID=2278) to work on /home/airflow/.local/lib/python3.8/site-packages/airflow/example_dags/example_xcom.py
[2023-11-04T17:17:35.831+0000] {processor.py:829} INFO - Processing file /home/airflow/.local/lib/python3.8/site-packages/airflow/example_dags/example_xcom.py for tasks to queue
[2023-11-04T17:17:35.833+0000] {logging_mixin.py:151} INFO - [2023-11-04T17:17:35.832+0000] {dagbag.py:536} INFO - Filling up the DagBag from /home/airflow/.local/lib/python3.8/site-packages/airflow/example_dags/example_xcom.py
[2023-11-04T17:17:35.844+0000] {processor.py:839} INFO - DAG(s) dict_keys(['example_xcom']) retrieved from /home/airflow/.local/lib/python3.8/site-packages/airflow/example_dags/example_xcom.py
[2023-11-04T17:17:35.881+0000] {logging_mixin.py:151} INFO - [2023-11-04T17:17:35.880+0000] {dag.py:2941} INFO - Sync 1 DAGs
[2023-11-04T17:17:35.914+0000] {logging_mixin.py:151} INFO - [2023-11-04T17:17:35.914+0000] {dag.py:3722} INFO - Setting next_dagrun for example_xcom to 2021-01-01T00:00:00+00:00, run_after=2021-01-01T00:00:00+00:00
[2023-11-04T17:17:35.947+0000] {processor.py:179} INFO - Processing /home/airflow/.local/lib/python3.8/site-packages/airflow/example_dags/example_xcom.py took 0.122 seconds
[2023-11-04T17:18:06.015+0000] {processor.py:157} INFO - Started process (PID=2516) to work on /home/airflow/.local/lib/python3.8/site-packages/airflow/example_dags/example_xcom.py
[2023-11-04T17:18:06.016+0000] {processor.py:829} INFO - Processing file /home/airflow/.local/lib/python3.8/site-packages/airflow/example_dags/example_xcom.py for tasks to queue
[2023-11-04T17:18:06.018+0000] {logging_mixin.py:151} INFO - [2023-11-04T17:18:06.017+0000] {dagbag.py:536} INFO - Filling up the DagBag from /home/airflow/.local/lib/python3.8/site-packages/airflow/example_dags/example_xcom.py
[2023-11-04T17:18:06.029+0000] {processor.py:839} INFO - DAG(s) dict_keys(['example_xcom']) retrieved from /home/airflow/.local/lib/python3.8/site-packages/airflow/example_dags/example_xcom.py
[2023-11-04T17:18:06.063+0000] {logging_mixin.py:151} INFO - [2023-11-04T17:18:06.063+0000] {dag.py:2941} INFO - Sync 1 DAGs
[2023-11-04T17:18:06.097+0000] {logging_mixin.py:151} INFO - [2023-11-04T17:18:06.097+0000] {dag.py:3722} INFO - Setting next_dagrun for example_xcom to 2021-01-01T00:00:00+00:00, run_after=2021-01-01T00:00:00+00:00
[2023-11-04T17:18:06.128+0000] {processor.py:179} INFO - Processing /home/airflow/.local/lib/python3.8/site-packages/airflow/example_dags/example_xcom.py took 0.118 seconds
[2023-11-04T17:18:36.669+0000] {processor.py:157} INFO - Started process (PID=2756) to work on /home/airflow/.local/lib/python3.8/site-packages/airflow/example_dags/example_xcom.py
[2023-11-04T17:18:36.670+0000] {processor.py:829} INFO - Processing file /home/airflow/.local/lib/python3.8/site-packages/airflow/example_dags/example_xcom.py for tasks to queue
[2023-11-04T17:18:36.672+0000] {logging_mixin.py:151} INFO - [2023-11-04T17:18:36.672+0000] {dagbag.py:536} INFO - Filling up the DagBag from /home/airflow/.local/lib/python3.8/site-packages/airflow/example_dags/example_xcom.py
[2023-11-04T17:18:36.684+0000] {processor.py:839} INFO - DAG(s) dict_keys(['example_xcom']) retrieved from /home/airflow/.local/lib/python3.8/site-packages/airflow/example_dags/example_xcom.py
[2023-11-04T17:18:36.716+0000] {logging_mixin.py:151} INFO - [2023-11-04T17:18:36.716+0000] {dag.py:2941} INFO - Sync 1 DAGs
[2023-11-04T17:18:36.748+0000] {logging_mixin.py:151} INFO - [2023-11-04T17:18:36.748+0000] {dag.py:3722} INFO - Setting next_dagrun for example_xcom to 2021-01-01T00:00:00+00:00, run_after=2021-01-01T00:00:00+00:00
[2023-11-04T17:18:36.774+0000] {processor.py:179} INFO - Processing /home/airflow/.local/lib/python3.8/site-packages/airflow/example_dags/example_xcom.py took 0.110 seconds
[2023-11-04T17:19:07.089+0000] {processor.py:157} INFO - Started process (PID=2994) to work on /home/airflow/.local/lib/python3.8/site-packages/airflow/example_dags/example_xcom.py
[2023-11-04T17:19:07.091+0000] {processor.py:829} INFO - Processing file /home/airflow/.local/lib/python3.8/site-packages/airflow/example_dags/example_xcom.py for tasks to queue
[2023-11-04T17:19:07.092+0000] {logging_mixin.py:151} INFO - [2023-11-04T17:19:07.092+0000] {dagbag.py:536} INFO - Filling up the DagBag from /home/airflow/.local/lib/python3.8/site-packages/airflow/example_dags/example_xcom.py
[2023-11-04T17:19:07.105+0000] {processor.py:839} INFO - DAG(s) dict_keys(['example_xcom']) retrieved from /home/airflow/.local/lib/python3.8/site-packages/airflow/example_dags/example_xcom.py
[2023-11-04T17:19:07.139+0000] {logging_mixin.py:151} INFO - [2023-11-04T17:19:07.139+0000] {dag.py:2941} INFO - Sync 1 DAGs
[2023-11-04T17:19:07.173+0000] {logging_mixin.py:151} INFO - [2023-11-04T17:19:07.172+0000] {dag.py:3722} INFO - Setting next_dagrun for example_xcom to 2021-01-01T00:00:00+00:00, run_after=2021-01-01T00:00:00+00:00
[2023-11-04T17:19:07.200+0000] {processor.py:179} INFO - Processing /home/airflow/.local/lib/python3.8/site-packages/airflow/example_dags/example_xcom.py took 0.118 seconds
[2023-11-04T17:19:37.256+0000] {processor.py:157} INFO - Started process (PID=3230) to work on /home/airflow/.local/lib/python3.8/site-packages/airflow/example_dags/example_xcom.py
[2023-11-04T17:19:37.258+0000] {processor.py:829} INFO - Processing file /home/airflow/.local/lib/python3.8/site-packages/airflow/example_dags/example_xcom.py for tasks to queue
[2023-11-04T17:19:37.259+0000] {logging_mixin.py:151} INFO - [2023-11-04T17:19:37.259+0000] {dagbag.py:536} INFO - Filling up the DagBag from /home/airflow/.local/lib/python3.8/site-packages/airflow/example_dags/example_xcom.py
[2023-11-04T17:19:37.270+0000] {processor.py:839} INFO - DAG(s) dict_keys(['example_xcom']) retrieved from /home/airflow/.local/lib/python3.8/site-packages/airflow/example_dags/example_xcom.py
[2023-11-04T17:19:37.304+0000] {logging_mixin.py:151} INFO - [2023-11-04T17:19:37.303+0000] {dag.py:2941} INFO - Sync 1 DAGs
[2023-11-04T17:19:37.336+0000] {logging_mixin.py:151} INFO - [2023-11-04T17:19:37.336+0000] {dag.py:3722} INFO - Setting next_dagrun for example_xcom to 2021-01-01T00:00:00+00:00, run_after=2021-01-01T00:00:00+00:00
[2023-11-04T17:19:37.364+0000] {processor.py:179} INFO - Processing /home/airflow/.local/lib/python3.8/site-packages/airflow/example_dags/example_xcom.py took 0.113 seconds
[2023-11-04T17:20:07.850+0000] {processor.py:157} INFO - Started process (PID=3468) to work on /home/airflow/.local/lib/python3.8/site-packages/airflow/example_dags/example_xcom.py
[2023-11-04T17:20:07.852+0000] {processor.py:829} INFO - Processing file /home/airflow/.local/lib/python3.8/site-packages/airflow/example_dags/example_xcom.py for tasks to queue
[2023-11-04T17:20:07.853+0000] {logging_mixin.py:151} INFO - [2023-11-04T17:20:07.853+0000] {dagbag.py:536} INFO - Filling up the DagBag from /home/airflow/.local/lib/python3.8/site-packages/airflow/example_dags/example_xcom.py
[2023-11-04T17:20:07.865+0000] {processor.py:839} INFO - DAG(s) dict_keys(['example_xcom']) retrieved from /home/airflow/.local/lib/python3.8/site-packages/airflow/example_dags/example_xcom.py
[2023-11-04T17:20:07.900+0000] {logging_mixin.py:151} INFO - [2023-11-04T17:20:07.899+0000] {dag.py:2941} INFO - Sync 1 DAGs
[2023-11-04T17:20:07.933+0000] {logging_mixin.py:151} INFO - [2023-11-04T17:20:07.933+0000] {dag.py:3722} INFO - Setting next_dagrun for example_xcom to 2021-01-01T00:00:00+00:00, run_after=2021-01-01T00:00:00+00:00
[2023-11-04T17:20:07.962+0000] {processor.py:179} INFO - Processing /home/airflow/.local/lib/python3.8/site-packages/airflow/example_dags/example_xcom.py took 0.117 seconds
[2023-11-04T17:20:38.285+0000] {processor.py:157} INFO - Started process (PID=3706) to work on /home/airflow/.local/lib/python3.8/site-packages/airflow/example_dags/example_xcom.py
[2023-11-04T17:20:38.287+0000] {processor.py:829} INFO - Processing file /home/airflow/.local/lib/python3.8/site-packages/airflow/example_dags/example_xcom.py for tasks to queue
[2023-11-04T17:20:38.289+0000] {logging_mixin.py:151} INFO - [2023-11-04T17:20:38.288+0000] {dagbag.py:536} INFO - Filling up the DagBag from /home/airflow/.local/lib/python3.8/site-packages/airflow/example_dags/example_xcom.py
[2023-11-04T17:20:38.300+0000] {processor.py:839} INFO - DAG(s) dict_keys(['example_xcom']) retrieved from /home/airflow/.local/lib/python3.8/site-packages/airflow/example_dags/example_xcom.py
[2023-11-04T17:20:38.335+0000] {logging_mixin.py:151} INFO - [2023-11-04T17:20:38.335+0000] {dag.py:2941} INFO - Sync 1 DAGs
[2023-11-04T17:20:38.367+0000] {logging_mixin.py:151} INFO - [2023-11-04T17:20:38.367+0000] {dag.py:3722} INFO - Setting next_dagrun for example_xcom to 2021-01-01T00:00:00+00:00, run_after=2021-01-01T00:00:00+00:00
[2023-11-04T17:20:38.395+0000] {processor.py:179} INFO - Processing /home/airflow/.local/lib/python3.8/site-packages/airflow/example_dags/example_xcom.py took 0.115 seconds
[2023-11-04T17:21:10.709+0000] {processor.py:157} INFO - Started process (PID=3954) to work on /home/airflow/.local/lib/python3.8/site-packages/airflow/example_dags/example_xcom.py
[2023-11-04T17:21:10.716+0000] {processor.py:829} INFO - Processing file /home/airflow/.local/lib/python3.8/site-packages/airflow/example_dags/example_xcom.py for tasks to queue
[2023-11-04T17:21:10.720+0000] {logging_mixin.py:151} INFO - [2023-11-04T17:21:10.719+0000] {dagbag.py:536} INFO - Filling up the DagBag from /home/airflow/.local/lib/python3.8/site-packages/airflow/example_dags/example_xcom.py
[2023-11-04T17:21:10.742+0000] {processor.py:839} INFO - DAG(s) dict_keys(['example_xcom']) retrieved from /home/airflow/.local/lib/python3.8/site-packages/airflow/example_dags/example_xcom.py
[2023-11-04T17:21:10.803+0000] {logging_mixin.py:151} INFO - [2023-11-04T17:21:10.803+0000] {dag.py:2941} INFO - Sync 1 DAGs
[2023-11-04T17:21:10.870+0000] {logging_mixin.py:151} INFO - [2023-11-04T17:21:10.869+0000] {dag.py:3722} INFO - Setting next_dagrun for example_xcom to 2021-01-01T00:00:00+00:00, run_after=2021-01-01T00:00:00+00:00
[2023-11-04T17:21:10.921+0000] {processor.py:179} INFO - Processing /home/airflow/.local/lib/python3.8/site-packages/airflow/example_dags/example_xcom.py took 0.225 seconds
[2023-11-04T17:21:41.159+0000] {processor.py:157} INFO - Started process (PID=4229) to work on /home/airflow/.local/lib/python3.8/site-packages/airflow/example_dags/example_xcom.py
[2023-11-04T17:21:41.161+0000] {processor.py:829} INFO - Processing file /home/airflow/.local/lib/python3.8/site-packages/airflow/example_dags/example_xcom.py for tasks to queue
[2023-11-04T17:21:41.162+0000] {logging_mixin.py:151} INFO - [2023-11-04T17:21:41.162+0000] {dagbag.py:536} INFO - Filling up the DagBag from /home/airflow/.local/lib/python3.8/site-packages/airflow/example_dags/example_xcom.py
[2023-11-04T17:21:41.181+0000] {processor.py:839} INFO - DAG(s) dict_keys(['example_xcom']) retrieved from /home/airflow/.local/lib/python3.8/site-packages/airflow/example_dags/example_xcom.py
[2023-11-04T17:21:41.244+0000] {logging_mixin.py:151} INFO - [2023-11-04T17:21:41.243+0000] {dag.py:2941} INFO - Sync 1 DAGs
[2023-11-04T17:21:41.290+0000] {logging_mixin.py:151} INFO - [2023-11-04T17:21:41.290+0000] {dag.py:3722} INFO - Setting next_dagrun for example_xcom to 2021-01-01T00:00:00+00:00, run_after=2021-01-01T00:00:00+00:00
[2023-11-04T17:21:41.349+0000] {processor.py:179} INFO - Processing /home/airflow/.local/lib/python3.8/site-packages/airflow/example_dags/example_xcom.py took 0.197 seconds
[2023-11-04T17:22:12.030+0000] {processor.py:157} INFO - Started process (PID=4468) to work on /home/airflow/.local/lib/python3.8/site-packages/airflow/example_dags/example_xcom.py
[2023-11-04T17:22:12.032+0000] {processor.py:829} INFO - Processing file /home/airflow/.local/lib/python3.8/site-packages/airflow/example_dags/example_xcom.py for tasks to queue
[2023-11-04T17:22:12.034+0000] {logging_mixin.py:151} INFO - [2023-11-04T17:22:12.033+0000] {dagbag.py:536} INFO - Filling up the DagBag from /home/airflow/.local/lib/python3.8/site-packages/airflow/example_dags/example_xcom.py
[2023-11-04T17:22:12.051+0000] {processor.py:839} INFO - DAG(s) dict_keys(['example_xcom']) retrieved from /home/airflow/.local/lib/python3.8/site-packages/airflow/example_dags/example_xcom.py
[2023-11-04T17:22:12.102+0000] {logging_mixin.py:151} INFO - [2023-11-04T17:22:12.102+0000] {dag.py:2941} INFO - Sync 1 DAGs
[2023-11-04T17:22:12.153+0000] {logging_mixin.py:151} INFO - [2023-11-04T17:22:12.152+0000] {dag.py:3722} INFO - Setting next_dagrun for example_xcom to 2021-01-01T00:00:00+00:00, run_after=2021-01-01T00:00:00+00:00
[2023-11-04T17:22:12.195+0000] {processor.py:179} INFO - Processing /home/airflow/.local/lib/python3.8/site-packages/airflow/example_dags/example_xcom.py took 0.173 seconds
[2023-11-04T17:22:42.529+0000] {processor.py:157} INFO - Started process (PID=4706) to work on /home/airflow/.local/lib/python3.8/site-packages/airflow/example_dags/example_xcom.py
[2023-11-04T17:22:42.530+0000] {processor.py:829} INFO - Processing file /home/airflow/.local/lib/python3.8/site-packages/airflow/example_dags/example_xcom.py for tasks to queue
[2023-11-04T17:22:42.532+0000] {logging_mixin.py:151} INFO - [2023-11-04T17:22:42.532+0000] {dagbag.py:536} INFO - Filling up the DagBag from /home/airflow/.local/lib/python3.8/site-packages/airflow/example_dags/example_xcom.py
[2023-11-04T17:22:42.549+0000] {processor.py:839} INFO - DAG(s) dict_keys(['example_xcom']) retrieved from /home/airflow/.local/lib/python3.8/site-packages/airflow/example_dags/example_xcom.py
[2023-11-04T17:22:42.596+0000] {logging_mixin.py:151} INFO - [2023-11-04T17:22:42.595+0000] {dag.py:2941} INFO - Sync 1 DAGs
[2023-11-04T17:22:42.649+0000] {logging_mixin.py:151} INFO - [2023-11-04T17:22:42.648+0000] {dag.py:3722} INFO - Setting next_dagrun for example_xcom to 2021-01-01T00:00:00+00:00, run_after=2021-01-01T00:00:00+00:00
[2023-11-04T17:22:42.701+0000] {processor.py:179} INFO - Processing /home/airflow/.local/lib/python3.8/site-packages/airflow/example_dags/example_xcom.py took 0.179 seconds
