[2023-11-04T16:23:47.742+0000] {processor.py:157} INFO - Started process (PID=363) to work on /home/airflow/.local/lib/python3.8/site-packages/airflow/example_dags/example_dag_decorator.py
[2023-11-04T16:23:47.744+0000] {processor.py:829} INFO - Processing file /home/airflow/.local/lib/python3.8/site-packages/airflow/example_dags/example_dag_decorator.py for tasks to queue
[2023-11-04T16:23:47.746+0000] {logging_mixin.py:151} INFO - [2023-11-04T16:23:47.745+0000] {dagbag.py:536} INFO - Filling up the DagBag from /home/airflow/.local/lib/python3.8/site-packages/airflow/example_dags/example_dag_decorator.py
[2023-11-04T16:23:47.959+0000] {processor.py:839} INFO - DAG(s) dict_keys(['example_dag_decorator']) retrieved from /home/airflow/.local/lib/python3.8/site-packages/airflow/example_dags/example_dag_decorator.py
[2023-11-04T16:23:47.978+0000] {logging_mixin.py:151} INFO - [2023-11-04T16:23:47.978+0000] {dag.py:2941} INFO - Sync 1 DAGs
[2023-11-04T16:23:47.999+0000] {logging_mixin.py:151} INFO - [2023-11-04T16:23:47.999+0000] {dag.py:3722} INFO - Setting next_dagrun for example_dag_decorator to None, run_after=None
[2023-11-04T16:23:48.030+0000] {processor.py:179} INFO - Processing /home/airflow/.local/lib/python3.8/site-packages/airflow/example_dags/example_dag_decorator.py took 0.293 seconds
[2023-11-04T16:24:18.611+0000] {processor.py:157} INFO - Started process (PID=603) to work on /home/airflow/.local/lib/python3.8/site-packages/airflow/example_dags/example_dag_decorator.py
[2023-11-04T16:24:18.613+0000] {processor.py:829} INFO - Processing file /home/airflow/.local/lib/python3.8/site-packages/airflow/example_dags/example_dag_decorator.py for tasks to queue
[2023-11-04T16:24:18.614+0000] {logging_mixin.py:151} INFO - [2023-11-04T16:24:18.614+0000] {dagbag.py:536} INFO - Filling up the DagBag from /home/airflow/.local/lib/python3.8/site-packages/airflow/example_dags/example_dag_decorator.py
[2023-11-04T16:24:18.738+0000] {processor.py:839} INFO - DAG(s) dict_keys(['example_dag_decorator']) retrieved from /home/airflow/.local/lib/python3.8/site-packages/airflow/example_dags/example_dag_decorator.py
[2023-11-04T16:24:18.924+0000] {logging_mixin.py:151} INFO - [2023-11-04T16:24:18.924+0000] {dag.py:2941} INFO - Sync 1 DAGs
[2023-11-04T16:24:18.943+0000] {logging_mixin.py:151} INFO - [2023-11-04T16:24:18.942+0000] {dag.py:3722} INFO - Setting next_dagrun for example_dag_decorator to None, run_after=None
[2023-11-04T16:24:18.979+0000] {processor.py:179} INFO - Processing /home/airflow/.local/lib/python3.8/site-packages/airflow/example_dags/example_dag_decorator.py took 0.374 seconds
[2023-11-04T16:24:49.458+0000] {processor.py:157} INFO - Started process (PID=851) to work on /home/airflow/.local/lib/python3.8/site-packages/airflow/example_dags/example_dag_decorator.py
[2023-11-04T16:24:49.460+0000] {processor.py:829} INFO - Processing file /home/airflow/.local/lib/python3.8/site-packages/airflow/example_dags/example_dag_decorator.py for tasks to queue
[2023-11-04T16:24:49.462+0000] {logging_mixin.py:151} INFO - [2023-11-04T16:24:49.461+0000] {dagbag.py:536} INFO - Filling up the DagBag from /home/airflow/.local/lib/python3.8/site-packages/airflow/example_dags/example_dag_decorator.py
[2023-11-04T16:24:49.612+0000] {processor.py:839} INFO - DAG(s) dict_keys(['example_dag_decorator']) retrieved from /home/airflow/.local/lib/python3.8/site-packages/airflow/example_dags/example_dag_decorator.py
[2023-11-04T16:24:49.803+0000] {logging_mixin.py:151} INFO - [2023-11-04T16:24:49.803+0000] {dag.py:2941} INFO - Sync 1 DAGs
[2023-11-04T16:24:49.827+0000] {logging_mixin.py:151} INFO - [2023-11-04T16:24:49.827+0000] {dag.py:3722} INFO - Setting next_dagrun for example_dag_decorator to None, run_after=None
[2023-11-04T16:24:49.864+0000] {processor.py:179} INFO - Processing /home/airflow/.local/lib/python3.8/site-packages/airflow/example_dags/example_dag_decorator.py took 0.410 seconds
[2023-11-04T16:25:20.729+0000] {processor.py:157} INFO - Started process (PID=1104) to work on /home/airflow/.local/lib/python3.8/site-packages/airflow/example_dags/example_dag_decorator.py
[2023-11-04T16:25:20.731+0000] {processor.py:829} INFO - Processing file /home/airflow/.local/lib/python3.8/site-packages/airflow/example_dags/example_dag_decorator.py for tasks to queue
[2023-11-04T16:25:20.733+0000] {logging_mixin.py:151} INFO - [2023-11-04T16:25:20.732+0000] {dagbag.py:536} INFO - Filling up the DagBag from /home/airflow/.local/lib/python3.8/site-packages/airflow/example_dags/example_dag_decorator.py
[2023-11-04T16:25:20.837+0000] {processor.py:839} INFO - DAG(s) dict_keys(['example_dag_decorator']) retrieved from /home/airflow/.local/lib/python3.8/site-packages/airflow/example_dags/example_dag_decorator.py
[2023-11-04T16:25:20.984+0000] {logging_mixin.py:151} INFO - [2023-11-04T16:25:20.984+0000] {dag.py:2941} INFO - Sync 1 DAGs
[2023-11-04T16:25:21.000+0000] {logging_mixin.py:151} INFO - [2023-11-04T16:25:20.999+0000] {dag.py:3722} INFO - Setting next_dagrun for example_dag_decorator to None, run_after=None
[2023-11-04T16:25:21.033+0000] {processor.py:179} INFO - Processing /home/airflow/.local/lib/python3.8/site-packages/airflow/example_dags/example_dag_decorator.py took 0.308 seconds
[2023-11-04T16:25:51.978+0000] {processor.py:157} INFO - Started process (PID=1342) to work on /home/airflow/.local/lib/python3.8/site-packages/airflow/example_dags/example_dag_decorator.py
[2023-11-04T16:25:51.980+0000] {processor.py:829} INFO - Processing file /home/airflow/.local/lib/python3.8/site-packages/airflow/example_dags/example_dag_decorator.py for tasks to queue
[2023-11-04T16:25:51.981+0000] {logging_mixin.py:151} INFO - [2023-11-04T16:25:51.981+0000] {dagbag.py:536} INFO - Filling up the DagBag from /home/airflow/.local/lib/python3.8/site-packages/airflow/example_dags/example_dag_decorator.py
[2023-11-04T16:25:52.097+0000] {processor.py:839} INFO - DAG(s) dict_keys(['example_dag_decorator']) retrieved from /home/airflow/.local/lib/python3.8/site-packages/airflow/example_dags/example_dag_decorator.py
[2023-11-04T16:25:52.283+0000] {logging_mixin.py:151} INFO - [2023-11-04T16:25:52.283+0000] {dag.py:2941} INFO - Sync 1 DAGs
[2023-11-04T16:25:52.300+0000] {logging_mixin.py:151} INFO - [2023-11-04T16:25:52.299+0000] {dag.py:3722} INFO - Setting next_dagrun for example_dag_decorator to None, run_after=None
[2023-11-04T16:25:52.359+0000] {processor.py:179} INFO - Processing /home/airflow/.local/lib/python3.8/site-packages/airflow/example_dags/example_dag_decorator.py took 0.386 seconds
[2023-11-04T16:26:23.298+0000] {processor.py:157} INFO - Started process (PID=1580) to work on /home/airflow/.local/lib/python3.8/site-packages/airflow/example_dags/example_dag_decorator.py
[2023-11-04T16:26:23.300+0000] {processor.py:829} INFO - Processing file /home/airflow/.local/lib/python3.8/site-packages/airflow/example_dags/example_dag_decorator.py for tasks to queue
[2023-11-04T16:26:23.302+0000] {logging_mixin.py:151} INFO - [2023-11-04T16:26:23.302+0000] {dagbag.py:536} INFO - Filling up the DagBag from /home/airflow/.local/lib/python3.8/site-packages/airflow/example_dags/example_dag_decorator.py
[2023-11-04T16:26:23.419+0000] {processor.py:839} INFO - DAG(s) dict_keys(['example_dag_decorator']) retrieved from /home/airflow/.local/lib/python3.8/site-packages/airflow/example_dags/example_dag_decorator.py
[2023-11-04T16:26:23.441+0000] {logging_mixin.py:151} INFO - [2023-11-04T16:26:23.441+0000] {dag.py:2941} INFO - Sync 1 DAGs
[2023-11-04T16:26:23.464+0000] {logging_mixin.py:151} INFO - [2023-11-04T16:26:23.464+0000] {dag.py:3722} INFO - Setting next_dagrun for example_dag_decorator to None, run_after=None
[2023-11-04T16:26:23.499+0000] {processor.py:179} INFO - Processing /home/airflow/.local/lib/python3.8/site-packages/airflow/example_dags/example_dag_decorator.py took 0.207 seconds
[2023-11-04T16:26:53.964+0000] {processor.py:157} INFO - Started process (PID=1818) to work on /home/airflow/.local/lib/python3.8/site-packages/airflow/example_dags/example_dag_decorator.py
[2023-11-04T16:26:53.966+0000] {processor.py:829} INFO - Processing file /home/airflow/.local/lib/python3.8/site-packages/airflow/example_dags/example_dag_decorator.py for tasks to queue
[2023-11-04T16:26:53.967+0000] {logging_mixin.py:151} INFO - [2023-11-04T16:26:53.967+0000] {dagbag.py:536} INFO - Filling up the DagBag from /home/airflow/.local/lib/python3.8/site-packages/airflow/example_dags/example_dag_decorator.py
[2023-11-04T16:26:54.075+0000] {processor.py:839} INFO - DAG(s) dict_keys(['example_dag_decorator']) retrieved from /home/airflow/.local/lib/python3.8/site-packages/airflow/example_dags/example_dag_decorator.py
[2023-11-04T16:26:54.261+0000] {logging_mixin.py:151} INFO - [2023-11-04T16:26:54.261+0000] {dag.py:2941} INFO - Sync 1 DAGs
[2023-11-04T16:26:54.279+0000] {logging_mixin.py:151} INFO - [2023-11-04T16:26:54.278+0000] {dag.py:3722} INFO - Setting next_dagrun for example_dag_decorator to None, run_after=None
[2023-11-04T16:26:54.318+0000] {processor.py:179} INFO - Processing /home/airflow/.local/lib/python3.8/site-packages/airflow/example_dags/example_dag_decorator.py took 0.359 seconds
[2023-11-04T16:27:25.079+0000] {processor.py:157} INFO - Started process (PID=2056) to work on /home/airflow/.local/lib/python3.8/site-packages/airflow/example_dags/example_dag_decorator.py
[2023-11-04T16:27:25.081+0000] {processor.py:829} INFO - Processing file /home/airflow/.local/lib/python3.8/site-packages/airflow/example_dags/example_dag_decorator.py for tasks to queue
[2023-11-04T16:27:25.082+0000] {logging_mixin.py:151} INFO - [2023-11-04T16:27:25.082+0000] {dagbag.py:536} INFO - Filling up the DagBag from /home/airflow/.local/lib/python3.8/site-packages/airflow/example_dags/example_dag_decorator.py
[2023-11-04T16:27:25.191+0000] {processor.py:839} INFO - DAG(s) dict_keys(['example_dag_decorator']) retrieved from /home/airflow/.local/lib/python3.8/site-packages/airflow/example_dags/example_dag_decorator.py
[2023-11-04T16:27:25.347+0000] {logging_mixin.py:151} INFO - [2023-11-04T16:27:25.346+0000] {dag.py:2941} INFO - Sync 1 DAGs
[2023-11-04T16:27:25.363+0000] {logging_mixin.py:151} INFO - [2023-11-04T16:27:25.363+0000] {dag.py:3722} INFO - Setting next_dagrun for example_dag_decorator to None, run_after=None
[2023-11-04T16:27:25.393+0000] {processor.py:179} INFO - Processing /home/airflow/.local/lib/python3.8/site-packages/airflow/example_dags/example_dag_decorator.py took 0.318 seconds
[2023-11-04T16:27:55.583+0000] {processor.py:157} INFO - Started process (PID=2295) to work on /home/airflow/.local/lib/python3.8/site-packages/airflow/example_dags/example_dag_decorator.py
[2023-11-04T16:27:55.586+0000] {processor.py:829} INFO - Processing file /home/airflow/.local/lib/python3.8/site-packages/airflow/example_dags/example_dag_decorator.py for tasks to queue
[2023-11-04T16:27:55.594+0000] {logging_mixin.py:151} INFO - [2023-11-04T16:27:55.593+0000] {dagbag.py:536} INFO - Filling up the DagBag from /home/airflow/.local/lib/python3.8/site-packages/airflow/example_dags/example_dag_decorator.py
[2023-11-04T16:27:55.766+0000] {processor.py:839} INFO - DAG(s) dict_keys(['example_dag_decorator']) retrieved from /home/airflow/.local/lib/python3.8/site-packages/airflow/example_dags/example_dag_decorator.py
[2023-11-04T16:27:55.795+0000] {logging_mixin.py:151} INFO - [2023-11-04T16:27:55.795+0000] {dag.py:2941} INFO - Sync 1 DAGs
[2023-11-04T16:27:55.830+0000] {logging_mixin.py:151} INFO - [2023-11-04T16:27:55.829+0000] {dag.py:3722} INFO - Setting next_dagrun for example_dag_decorator to None, run_after=None
[2023-11-04T16:27:55.876+0000] {processor.py:179} INFO - Processing /home/airflow/.local/lib/python3.8/site-packages/airflow/example_dags/example_dag_decorator.py took 0.301 seconds
[2023-11-04T16:28:26.663+0000] {processor.py:157} INFO - Started process (PID=2533) to work on /home/airflow/.local/lib/python3.8/site-packages/airflow/example_dags/example_dag_decorator.py
[2023-11-04T16:28:26.665+0000] {processor.py:829} INFO - Processing file /home/airflow/.local/lib/python3.8/site-packages/airflow/example_dags/example_dag_decorator.py for tasks to queue
[2023-11-04T16:28:26.667+0000] {logging_mixin.py:151} INFO - [2023-11-04T16:28:26.666+0000] {dagbag.py:536} INFO - Filling up the DagBag from /home/airflow/.local/lib/python3.8/site-packages/airflow/example_dags/example_dag_decorator.py
[2023-11-04T16:28:26.776+0000] {processor.py:839} INFO - DAG(s) dict_keys(['example_dag_decorator']) retrieved from /home/airflow/.local/lib/python3.8/site-packages/airflow/example_dags/example_dag_decorator.py
[2023-11-04T16:28:26.926+0000] {logging_mixin.py:151} INFO - [2023-11-04T16:28:26.925+0000] {dag.py:2941} INFO - Sync 1 DAGs
[2023-11-04T16:28:26.942+0000] {logging_mixin.py:151} INFO - [2023-11-04T16:28:26.942+0000] {dag.py:3722} INFO - Setting next_dagrun for example_dag_decorator to None, run_after=None
[2023-11-04T16:28:26.976+0000] {processor.py:179} INFO - Processing /home/airflow/.local/lib/python3.8/site-packages/airflow/example_dags/example_dag_decorator.py took 0.317 seconds
[2023-11-04T16:28:57.359+0000] {processor.py:157} INFO - Started process (PID=2771) to work on /home/airflow/.local/lib/python3.8/site-packages/airflow/example_dags/example_dag_decorator.py
[2023-11-04T16:28:57.361+0000] {processor.py:829} INFO - Processing file /home/airflow/.local/lib/python3.8/site-packages/airflow/example_dags/example_dag_decorator.py for tasks to queue
[2023-11-04T16:28:57.362+0000] {logging_mixin.py:151} INFO - [2023-11-04T16:28:57.362+0000] {dagbag.py:536} INFO - Filling up the DagBag from /home/airflow/.local/lib/python3.8/site-packages/airflow/example_dags/example_dag_decorator.py
[2023-11-04T16:28:57.468+0000] {processor.py:839} INFO - DAG(s) dict_keys(['example_dag_decorator']) retrieved from /home/airflow/.local/lib/python3.8/site-packages/airflow/example_dags/example_dag_decorator.py
[2023-11-04T16:28:57.618+0000] {logging_mixin.py:151} INFO - [2023-11-04T16:28:57.618+0000] {dag.py:2941} INFO - Sync 1 DAGs
[2023-11-04T16:28:57.634+0000] {logging_mixin.py:151} INFO - [2023-11-04T16:28:57.634+0000] {dag.py:3722} INFO - Setting next_dagrun for example_dag_decorator to None, run_after=None
[2023-11-04T16:28:57.667+0000] {processor.py:179} INFO - Processing /home/airflow/.local/lib/python3.8/site-packages/airflow/example_dags/example_dag_decorator.py took 0.312 seconds
[2023-11-04T16:29:28.187+0000] {processor.py:157} INFO - Started process (PID=3009) to work on /home/airflow/.local/lib/python3.8/site-packages/airflow/example_dags/example_dag_decorator.py
[2023-11-04T16:29:28.188+0000] {processor.py:829} INFO - Processing file /home/airflow/.local/lib/python3.8/site-packages/airflow/example_dags/example_dag_decorator.py for tasks to queue
[2023-11-04T16:29:28.190+0000] {logging_mixin.py:151} INFO - [2023-11-04T16:29:28.190+0000] {dagbag.py:536} INFO - Filling up the DagBag from /home/airflow/.local/lib/python3.8/site-packages/airflow/example_dags/example_dag_decorator.py
[2023-11-04T16:29:28.297+0000] {processor.py:839} INFO - DAG(s) dict_keys(['example_dag_decorator']) retrieved from /home/airflow/.local/lib/python3.8/site-packages/airflow/example_dags/example_dag_decorator.py
[2023-11-04T16:29:28.450+0000] {logging_mixin.py:151} INFO - [2023-11-04T16:29:28.450+0000] {dag.py:2941} INFO - Sync 1 DAGs
[2023-11-04T16:29:28.469+0000] {logging_mixin.py:151} INFO - [2023-11-04T16:29:28.469+0000] {dag.py:3722} INFO - Setting next_dagrun for example_dag_decorator to None, run_after=None
[2023-11-04T16:29:28.513+0000] {processor.py:179} INFO - Processing /home/airflow/.local/lib/python3.8/site-packages/airflow/example_dags/example_dag_decorator.py took 0.331 seconds
[2023-11-04T16:29:59.337+0000] {processor.py:157} INFO - Started process (PID=3254) to work on /home/airflow/.local/lib/python3.8/site-packages/airflow/example_dags/example_dag_decorator.py
[2023-11-04T16:29:59.339+0000] {processor.py:829} INFO - Processing file /home/airflow/.local/lib/python3.8/site-packages/airflow/example_dags/example_dag_decorator.py for tasks to queue
[2023-11-04T16:29:59.340+0000] {logging_mixin.py:151} INFO - [2023-11-04T16:29:59.340+0000] {dagbag.py:536} INFO - Filling up the DagBag from /home/airflow/.local/lib/python3.8/site-packages/airflow/example_dags/example_dag_decorator.py
[2023-11-04T16:29:59.449+0000] {processor.py:839} INFO - DAG(s) dict_keys(['example_dag_decorator']) retrieved from /home/airflow/.local/lib/python3.8/site-packages/airflow/example_dags/example_dag_decorator.py
[2023-11-04T16:29:59.466+0000] {logging_mixin.py:151} INFO - [2023-11-04T16:29:59.465+0000] {dag.py:2941} INFO - Sync 1 DAGs
[2023-11-04T16:29:59.486+0000] {logging_mixin.py:151} INFO - [2023-11-04T16:29:59.485+0000] {dag.py:3722} INFO - Setting next_dagrun for example_dag_decorator to None, run_after=None
[2023-11-04T16:29:59.514+0000] {processor.py:179} INFO - Processing /home/airflow/.local/lib/python3.8/site-packages/airflow/example_dags/example_dag_decorator.py took 0.182 seconds
[2023-11-04T16:30:30.101+0000] {processor.py:157} INFO - Started process (PID=3492) to work on /home/airflow/.local/lib/python3.8/site-packages/airflow/example_dags/example_dag_decorator.py
[2023-11-04T16:30:30.103+0000] {processor.py:829} INFO - Processing file /home/airflow/.local/lib/python3.8/site-packages/airflow/example_dags/example_dag_decorator.py for tasks to queue
[2023-11-04T16:30:30.105+0000] {logging_mixin.py:151} INFO - [2023-11-04T16:30:30.104+0000] {dagbag.py:536} INFO - Filling up the DagBag from /home/airflow/.local/lib/python3.8/site-packages/airflow/example_dags/example_dag_decorator.py
[2023-11-04T16:30:30.211+0000] {processor.py:839} INFO - DAG(s) dict_keys(['example_dag_decorator']) retrieved from /home/airflow/.local/lib/python3.8/site-packages/airflow/example_dags/example_dag_decorator.py
[2023-11-04T16:30:30.362+0000] {logging_mixin.py:151} INFO - [2023-11-04T16:30:30.362+0000] {dag.py:2941} INFO - Sync 1 DAGs
[2023-11-04T16:30:30.378+0000] {logging_mixin.py:151} INFO - [2023-11-04T16:30:30.378+0000] {dag.py:3722} INFO - Setting next_dagrun for example_dag_decorator to None, run_after=None
[2023-11-04T16:30:30.412+0000] {processor.py:179} INFO - Processing /home/airflow/.local/lib/python3.8/site-packages/airflow/example_dags/example_dag_decorator.py took 0.316 seconds
[2023-11-04T16:31:01.045+0000] {processor.py:157} INFO - Started process (PID=3730) to work on /home/airflow/.local/lib/python3.8/site-packages/airflow/example_dags/example_dag_decorator.py
[2023-11-04T16:31:01.047+0000] {processor.py:829} INFO - Processing file /home/airflow/.local/lib/python3.8/site-packages/airflow/example_dags/example_dag_decorator.py for tasks to queue
[2023-11-04T16:31:01.048+0000] {logging_mixin.py:151} INFO - [2023-11-04T16:31:01.048+0000] {dagbag.py:536} INFO - Filling up the DagBag from /home/airflow/.local/lib/python3.8/site-packages/airflow/example_dags/example_dag_decorator.py
[2023-11-04T16:31:01.160+0000] {processor.py:839} INFO - DAG(s) dict_keys(['example_dag_decorator']) retrieved from /home/airflow/.local/lib/python3.8/site-packages/airflow/example_dags/example_dag_decorator.py
[2023-11-04T16:31:01.325+0000] {logging_mixin.py:151} INFO - [2023-11-04T16:31:01.325+0000] {dag.py:2941} INFO - Sync 1 DAGs
[2023-11-04T16:31:01.344+0000] {logging_mixin.py:151} INFO - [2023-11-04T16:31:01.343+0000] {dag.py:3722} INFO - Setting next_dagrun for example_dag_decorator to None, run_after=None
[2023-11-04T16:31:01.373+0000] {processor.py:179} INFO - Processing /home/airflow/.local/lib/python3.8/site-packages/airflow/example_dags/example_dag_decorator.py took 0.333 seconds
[2023-11-04T16:31:32.308+0000] {processor.py:157} INFO - Started process (PID=3968) to work on /home/airflow/.local/lib/python3.8/site-packages/airflow/example_dags/example_dag_decorator.py
[2023-11-04T16:31:32.310+0000] {processor.py:829} INFO - Processing file /home/airflow/.local/lib/python3.8/site-packages/airflow/example_dags/example_dag_decorator.py for tasks to queue
[2023-11-04T16:31:32.311+0000] {logging_mixin.py:151} INFO - [2023-11-04T16:31:32.311+0000] {dagbag.py:536} INFO - Filling up the DagBag from /home/airflow/.local/lib/python3.8/site-packages/airflow/example_dags/example_dag_decorator.py
[2023-11-04T16:31:32.476+0000] {processor.py:839} INFO - DAG(s) dict_keys(['example_dag_decorator']) retrieved from /home/airflow/.local/lib/python3.8/site-packages/airflow/example_dags/example_dag_decorator.py
[2023-11-04T16:31:32.511+0000] {logging_mixin.py:151} INFO - [2023-11-04T16:31:32.510+0000] {dag.py:2941} INFO - Sync 1 DAGs
[2023-11-04T16:31:32.538+0000] {logging_mixin.py:151} INFO - [2023-11-04T16:31:32.538+0000] {dag.py:3722} INFO - Setting next_dagrun for example_dag_decorator to None, run_after=None
[2023-11-04T16:31:32.587+0000] {processor.py:179} INFO - Processing /home/airflow/.local/lib/python3.8/site-packages/airflow/example_dags/example_dag_decorator.py took 0.285 seconds
[2023-11-04T16:32:03.516+0000] {processor.py:157} INFO - Started process (PID=4206) to work on /home/airflow/.local/lib/python3.8/site-packages/airflow/example_dags/example_dag_decorator.py
[2023-11-04T16:32:03.517+0000] {processor.py:829} INFO - Processing file /home/airflow/.local/lib/python3.8/site-packages/airflow/example_dags/example_dag_decorator.py for tasks to queue
[2023-11-04T16:32:03.519+0000] {logging_mixin.py:151} INFO - [2023-11-04T16:32:03.518+0000] {dagbag.py:536} INFO - Filling up the DagBag from /home/airflow/.local/lib/python3.8/site-packages/airflow/example_dags/example_dag_decorator.py
[2023-11-04T16:32:03.625+0000] {processor.py:839} INFO - DAG(s) dict_keys(['example_dag_decorator']) retrieved from /home/airflow/.local/lib/python3.8/site-packages/airflow/example_dags/example_dag_decorator.py
[2023-11-04T16:32:03.782+0000] {logging_mixin.py:151} INFO - [2023-11-04T16:32:03.782+0000] {dag.py:2941} INFO - Sync 1 DAGs
[2023-11-04T16:32:03.806+0000] {logging_mixin.py:151} INFO - [2023-11-04T16:32:03.805+0000] {dag.py:3722} INFO - Setting next_dagrun for example_dag_decorator to None, run_after=None
[2023-11-04T16:32:03.836+0000] {processor.py:179} INFO - Processing /home/airflow/.local/lib/python3.8/site-packages/airflow/example_dags/example_dag_decorator.py took 0.325 seconds
[2023-11-04T16:32:33.917+0000] {processor.py:157} INFO - Started process (PID=4444) to work on /home/airflow/.local/lib/python3.8/site-packages/airflow/example_dags/example_dag_decorator.py
[2023-11-04T16:32:33.919+0000] {processor.py:829} INFO - Processing file /home/airflow/.local/lib/python3.8/site-packages/airflow/example_dags/example_dag_decorator.py for tasks to queue
[2023-11-04T16:32:33.921+0000] {logging_mixin.py:151} INFO - [2023-11-04T16:32:33.920+0000] {dagbag.py:536} INFO - Filling up the DagBag from /home/airflow/.local/lib/python3.8/site-packages/airflow/example_dags/example_dag_decorator.py
[2023-11-04T16:32:34.027+0000] {processor.py:839} INFO - DAG(s) dict_keys(['example_dag_decorator']) retrieved from /home/airflow/.local/lib/python3.8/site-packages/airflow/example_dags/example_dag_decorator.py
[2023-11-04T16:32:34.176+0000] {logging_mixin.py:151} INFO - [2023-11-04T16:32:34.176+0000] {dag.py:2941} INFO - Sync 1 DAGs
[2023-11-04T16:32:34.195+0000] {logging_mixin.py:151} INFO - [2023-11-04T16:32:34.195+0000] {dag.py:3722} INFO - Setting next_dagrun for example_dag_decorator to None, run_after=None
[2023-11-04T16:32:34.414+0000] {processor.py:179} INFO - Processing /home/airflow/.local/lib/python3.8/site-packages/airflow/example_dags/example_dag_decorator.py took 0.502 seconds
[2023-11-04T16:33:04.687+0000] {processor.py:157} INFO - Started process (PID=4682) to work on /home/airflow/.local/lib/python3.8/site-packages/airflow/example_dags/example_dag_decorator.py
[2023-11-04T16:33:04.688+0000] {processor.py:829} INFO - Processing file /home/airflow/.local/lib/python3.8/site-packages/airflow/example_dags/example_dag_decorator.py for tasks to queue
[2023-11-04T16:33:04.690+0000] {logging_mixin.py:151} INFO - [2023-11-04T16:33:04.689+0000] {dagbag.py:536} INFO - Filling up the DagBag from /home/airflow/.local/lib/python3.8/site-packages/airflow/example_dags/example_dag_decorator.py
[2023-11-04T16:33:04.801+0000] {processor.py:839} INFO - DAG(s) dict_keys(['example_dag_decorator']) retrieved from /home/airflow/.local/lib/python3.8/site-packages/airflow/example_dags/example_dag_decorator.py
[2023-11-04T16:33:04.952+0000] {logging_mixin.py:151} INFO - [2023-11-04T16:33:04.951+0000] {dag.py:2941} INFO - Sync 1 DAGs
[2023-11-04T16:33:04.968+0000] {logging_mixin.py:151} INFO - [2023-11-04T16:33:04.968+0000] {dag.py:3722} INFO - Setting next_dagrun for example_dag_decorator to None, run_after=None
[2023-11-04T16:33:04.995+0000] {processor.py:179} INFO - Processing /home/airflow/.local/lib/python3.8/site-packages/airflow/example_dags/example_dag_decorator.py took 0.314 seconds
[2023-11-04T16:33:35.990+0000] {processor.py:157} INFO - Started process (PID=4920) to work on /home/airflow/.local/lib/python3.8/site-packages/airflow/example_dags/example_dag_decorator.py
[2023-11-04T16:33:35.992+0000] {processor.py:829} INFO - Processing file /home/airflow/.local/lib/python3.8/site-packages/airflow/example_dags/example_dag_decorator.py for tasks to queue
[2023-11-04T16:33:35.993+0000] {logging_mixin.py:151} INFO - [2023-11-04T16:33:35.993+0000] {dagbag.py:536} INFO - Filling up the DagBag from /home/airflow/.local/lib/python3.8/site-packages/airflow/example_dags/example_dag_decorator.py
[2023-11-04T16:33:36.099+0000] {processor.py:839} INFO - DAG(s) dict_keys(['example_dag_decorator']) retrieved from /home/airflow/.local/lib/python3.8/site-packages/airflow/example_dags/example_dag_decorator.py
[2023-11-04T16:33:36.264+0000] {logging_mixin.py:151} INFO - [2023-11-04T16:33:36.264+0000] {dag.py:2941} INFO - Sync 1 DAGs
[2023-11-04T16:33:36.283+0000] {logging_mixin.py:151} INFO - [2023-11-04T16:33:36.283+0000] {dag.py:3722} INFO - Setting next_dagrun for example_dag_decorator to None, run_after=None
[2023-11-04T16:33:36.312+0000] {processor.py:179} INFO - Processing /home/airflow/.local/lib/python3.8/site-packages/airflow/example_dags/example_dag_decorator.py took 0.326 seconds
[2023-11-04T16:34:06.626+0000] {processor.py:157} INFO - Started process (PID=5158) to work on /home/airflow/.local/lib/python3.8/site-packages/airflow/example_dags/example_dag_decorator.py
[2023-11-04T16:34:06.628+0000] {processor.py:829} INFO - Processing file /home/airflow/.local/lib/python3.8/site-packages/airflow/example_dags/example_dag_decorator.py for tasks to queue
[2023-11-04T16:34:06.631+0000] {logging_mixin.py:151} INFO - [2023-11-04T16:34:06.630+0000] {dagbag.py:536} INFO - Filling up the DagBag from /home/airflow/.local/lib/python3.8/site-packages/airflow/example_dags/example_dag_decorator.py
[2023-11-04T16:34:06.749+0000] {processor.py:839} INFO - DAG(s) dict_keys(['example_dag_decorator']) retrieved from /home/airflow/.local/lib/python3.8/site-packages/airflow/example_dags/example_dag_decorator.py
[2023-11-04T16:34:06.925+0000] {logging_mixin.py:151} INFO - [2023-11-04T16:34:06.925+0000] {dag.py:2941} INFO - Sync 1 DAGs
[2023-11-04T16:34:06.945+0000] {logging_mixin.py:151} INFO - [2023-11-04T16:34:06.945+0000] {dag.py:3722} INFO - Setting next_dagrun for example_dag_decorator to None, run_after=None
[2023-11-04T16:34:07.131+0000] {processor.py:179} INFO - Processing /home/airflow/.local/lib/python3.8/site-packages/airflow/example_dags/example_dag_decorator.py took 0.512 seconds
[2023-11-04T16:34:38.107+0000] {processor.py:157} INFO - Started process (PID=5396) to work on /home/airflow/.local/lib/python3.8/site-packages/airflow/example_dags/example_dag_decorator.py
[2023-11-04T16:34:38.109+0000] {processor.py:829} INFO - Processing file /home/airflow/.local/lib/python3.8/site-packages/airflow/example_dags/example_dag_decorator.py for tasks to queue
[2023-11-04T16:34:38.112+0000] {logging_mixin.py:151} INFO - [2023-11-04T16:34:38.111+0000] {dagbag.py:536} INFO - Filling up the DagBag from /home/airflow/.local/lib/python3.8/site-packages/airflow/example_dags/example_dag_decorator.py
[2023-11-04T16:34:38.247+0000] {processor.py:839} INFO - DAG(s) dict_keys(['example_dag_decorator']) retrieved from /home/airflow/.local/lib/python3.8/site-packages/airflow/example_dags/example_dag_decorator.py
[2023-11-04T16:34:38.420+0000] {logging_mixin.py:151} INFO - [2023-11-04T16:34:38.420+0000] {dag.py:2941} INFO - Sync 1 DAGs
[2023-11-04T16:34:38.439+0000] {logging_mixin.py:151} INFO - [2023-11-04T16:34:38.439+0000] {dag.py:3722} INFO - Setting next_dagrun for example_dag_decorator to None, run_after=None
[2023-11-04T16:34:38.476+0000] {processor.py:179} INFO - Processing /home/airflow/.local/lib/python3.8/site-packages/airflow/example_dags/example_dag_decorator.py took 0.376 seconds
[2023-11-04T16:35:09.049+0000] {processor.py:157} INFO - Started process (PID=5634) to work on /home/airflow/.local/lib/python3.8/site-packages/airflow/example_dags/example_dag_decorator.py
[2023-11-04T16:35:09.050+0000] {processor.py:829} INFO - Processing file /home/airflow/.local/lib/python3.8/site-packages/airflow/example_dags/example_dag_decorator.py for tasks to queue
[2023-11-04T16:35:09.052+0000] {logging_mixin.py:151} INFO - [2023-11-04T16:35:09.051+0000] {dagbag.py:536} INFO - Filling up the DagBag from /home/airflow/.local/lib/python3.8/site-packages/airflow/example_dags/example_dag_decorator.py
[2023-11-04T16:35:09.160+0000] {processor.py:839} INFO - DAG(s) dict_keys(['example_dag_decorator']) retrieved from /home/airflow/.local/lib/python3.8/site-packages/airflow/example_dags/example_dag_decorator.py
[2023-11-04T16:35:09.467+0000] {logging_mixin.py:151} INFO - [2023-11-04T16:35:09.467+0000] {dag.py:2941} INFO - Sync 1 DAGs
[2023-11-04T16:35:09.481+0000] {logging_mixin.py:151} INFO - [2023-11-04T16:35:09.481+0000] {dag.py:3722} INFO - Setting next_dagrun for example_dag_decorator to None, run_after=None
[2023-11-04T16:35:09.514+0000] {processor.py:179} INFO - Processing /home/airflow/.local/lib/python3.8/site-packages/airflow/example_dags/example_dag_decorator.py took 0.469 seconds
[2023-11-04T16:35:39.586+0000] {processor.py:157} INFO - Started process (PID=5872) to work on /home/airflow/.local/lib/python3.8/site-packages/airflow/example_dags/example_dag_decorator.py
[2023-11-04T16:35:39.588+0000] {processor.py:829} INFO - Processing file /home/airflow/.local/lib/python3.8/site-packages/airflow/example_dags/example_dag_decorator.py for tasks to queue
[2023-11-04T16:35:39.589+0000] {logging_mixin.py:151} INFO - [2023-11-04T16:35:39.589+0000] {dagbag.py:536} INFO - Filling up the DagBag from /home/airflow/.local/lib/python3.8/site-packages/airflow/example_dags/example_dag_decorator.py
[2023-11-04T16:35:39.703+0000] {processor.py:839} INFO - DAG(s) dict_keys(['example_dag_decorator']) retrieved from /home/airflow/.local/lib/python3.8/site-packages/airflow/example_dags/example_dag_decorator.py
[2023-11-04T16:35:39.861+0000] {logging_mixin.py:151} INFO - [2023-11-04T16:35:39.861+0000] {dag.py:2941} INFO - Sync 1 DAGs
[2023-11-04T16:35:39.880+0000] {logging_mixin.py:151} INFO - [2023-11-04T16:35:39.879+0000] {dag.py:3722} INFO - Setting next_dagrun for example_dag_decorator to None, run_after=None
[2023-11-04T16:35:40.084+0000] {processor.py:179} INFO - Processing /home/airflow/.local/lib/python3.8/site-packages/airflow/example_dags/example_dag_decorator.py took 0.503 seconds
[2023-11-04T16:36:10.861+0000] {processor.py:157} INFO - Started process (PID=6110) to work on /home/airflow/.local/lib/python3.8/site-packages/airflow/example_dags/example_dag_decorator.py
[2023-11-04T16:36:10.863+0000] {processor.py:829} INFO - Processing file /home/airflow/.local/lib/python3.8/site-packages/airflow/example_dags/example_dag_decorator.py for tasks to queue
[2023-11-04T16:36:10.864+0000] {logging_mixin.py:151} INFO - [2023-11-04T16:36:10.864+0000] {dagbag.py:536} INFO - Filling up the DagBag from /home/airflow/.local/lib/python3.8/site-packages/airflow/example_dags/example_dag_decorator.py
[2023-11-04T16:36:10.973+0000] {processor.py:839} INFO - DAG(s) dict_keys(['example_dag_decorator']) retrieved from /home/airflow/.local/lib/python3.8/site-packages/airflow/example_dags/example_dag_decorator.py
[2023-11-04T16:36:11.126+0000] {logging_mixin.py:151} INFO - [2023-11-04T16:36:11.125+0000] {dag.py:2941} INFO - Sync 1 DAGs
[2023-11-04T16:36:11.142+0000] {logging_mixin.py:151} INFO - [2023-11-04T16:36:11.141+0000] {dag.py:3722} INFO - Setting next_dagrun for example_dag_decorator to None, run_after=None
[2023-11-04T16:36:11.176+0000] {processor.py:179} INFO - Processing /home/airflow/.local/lib/python3.8/site-packages/airflow/example_dags/example_dag_decorator.py took 0.320 seconds
[2023-11-04T16:36:42.075+0000] {processor.py:157} INFO - Started process (PID=6348) to work on /home/airflow/.local/lib/python3.8/site-packages/airflow/example_dags/example_dag_decorator.py
[2023-11-04T16:36:42.077+0000] {processor.py:829} INFO - Processing file /home/airflow/.local/lib/python3.8/site-packages/airflow/example_dags/example_dag_decorator.py for tasks to queue
[2023-11-04T16:36:42.078+0000] {logging_mixin.py:151} INFO - [2023-11-04T16:36:42.078+0000] {dagbag.py:536} INFO - Filling up the DagBag from /home/airflow/.local/lib/python3.8/site-packages/airflow/example_dags/example_dag_decorator.py
[2023-11-04T16:36:42.189+0000] {processor.py:839} INFO - DAG(s) dict_keys(['example_dag_decorator']) retrieved from /home/airflow/.local/lib/python3.8/site-packages/airflow/example_dags/example_dag_decorator.py
[2023-11-04T16:36:42.519+0000] {logging_mixin.py:151} INFO - [2023-11-04T16:36:42.519+0000] {dag.py:2941} INFO - Sync 1 DAGs
[2023-11-04T16:36:42.534+0000] {logging_mixin.py:151} INFO - [2023-11-04T16:36:42.534+0000] {dag.py:3722} INFO - Setting next_dagrun for example_dag_decorator to None, run_after=None
[2023-11-04T16:36:42.563+0000] {processor.py:179} INFO - Processing /home/airflow/.local/lib/python3.8/site-packages/airflow/example_dags/example_dag_decorator.py took 0.492 seconds
[2023-11-04T16:37:13.065+0000] {processor.py:157} INFO - Started process (PID=6586) to work on /home/airflow/.local/lib/python3.8/site-packages/airflow/example_dags/example_dag_decorator.py
[2023-11-04T16:37:13.066+0000] {processor.py:829} INFO - Processing file /home/airflow/.local/lib/python3.8/site-packages/airflow/example_dags/example_dag_decorator.py for tasks to queue
[2023-11-04T16:37:13.069+0000] {logging_mixin.py:151} INFO - [2023-11-04T16:37:13.068+0000] {dagbag.py:536} INFO - Filling up the DagBag from /home/airflow/.local/lib/python3.8/site-packages/airflow/example_dags/example_dag_decorator.py
[2023-11-04T16:37:13.190+0000] {processor.py:839} INFO - DAG(s) dict_keys(['example_dag_decorator']) retrieved from /home/airflow/.local/lib/python3.8/site-packages/airflow/example_dags/example_dag_decorator.py
[2023-11-04T16:37:13.388+0000] {logging_mixin.py:151} INFO - [2023-11-04T16:37:13.388+0000] {dag.py:2941} INFO - Sync 1 DAGs
[2023-11-04T16:37:13.414+0000] {logging_mixin.py:151} INFO - [2023-11-04T16:37:13.414+0000] {dag.py:3722} INFO - Setting next_dagrun for example_dag_decorator to None, run_after=None
[2023-11-04T16:37:13.636+0000] {processor.py:179} INFO - Processing /home/airflow/.local/lib/python3.8/site-packages/airflow/example_dags/example_dag_decorator.py took 0.577 seconds
[2023-11-04T16:37:44.492+0000] {processor.py:157} INFO - Started process (PID=6824) to work on /home/airflow/.local/lib/python3.8/site-packages/airflow/example_dags/example_dag_decorator.py
[2023-11-04T16:37:44.494+0000] {processor.py:829} INFO - Processing file /home/airflow/.local/lib/python3.8/site-packages/airflow/example_dags/example_dag_decorator.py for tasks to queue
[2023-11-04T16:37:44.497+0000] {logging_mixin.py:151} INFO - [2023-11-04T16:37:44.496+0000] {dagbag.py:536} INFO - Filling up the DagBag from /home/airflow/.local/lib/python3.8/site-packages/airflow/example_dags/example_dag_decorator.py
[2023-11-04T16:37:44.665+0000] {processor.py:839} INFO - DAG(s) dict_keys(['example_dag_decorator']) retrieved from /home/airflow/.local/lib/python3.8/site-packages/airflow/example_dags/example_dag_decorator.py
[2023-11-04T16:37:44.970+0000] {logging_mixin.py:151} INFO - [2023-11-04T16:37:44.970+0000] {dag.py:2941} INFO - Sync 1 DAGs
[2023-11-04T16:37:44.985+0000] {logging_mixin.py:151} INFO - [2023-11-04T16:37:44.984+0000] {dag.py:3722} INFO - Setting next_dagrun for example_dag_decorator to None, run_after=None
[2023-11-04T16:37:45.011+0000] {processor.py:179} INFO - Processing /home/airflow/.local/lib/python3.8/site-packages/airflow/example_dags/example_dag_decorator.py took 0.526 seconds
[2023-11-04T16:38:16.006+0000] {processor.py:157} INFO - Started process (PID=7062) to work on /home/airflow/.local/lib/python3.8/site-packages/airflow/example_dags/example_dag_decorator.py
[2023-11-04T16:38:16.007+0000] {processor.py:829} INFO - Processing file /home/airflow/.local/lib/python3.8/site-packages/airflow/example_dags/example_dag_decorator.py for tasks to queue
[2023-11-04T16:38:16.009+0000] {logging_mixin.py:151} INFO - [2023-11-04T16:38:16.009+0000] {dagbag.py:536} INFO - Filling up the DagBag from /home/airflow/.local/lib/python3.8/site-packages/airflow/example_dags/example_dag_decorator.py
[2023-11-04T16:38:16.114+0000] {processor.py:839} INFO - DAG(s) dict_keys(['example_dag_decorator']) retrieved from /home/airflow/.local/lib/python3.8/site-packages/airflow/example_dags/example_dag_decorator.py
[2023-11-04T16:38:16.429+0000] {logging_mixin.py:151} INFO - [2023-11-04T16:38:16.428+0000] {dag.py:2941} INFO - Sync 1 DAGs
[2023-11-04T16:38:16.443+0000] {logging_mixin.py:151} INFO - [2023-11-04T16:38:16.443+0000] {dag.py:3722} INFO - Setting next_dagrun for example_dag_decorator to None, run_after=None
[2023-11-04T16:38:16.475+0000] {processor.py:179} INFO - Processing /home/airflow/.local/lib/python3.8/site-packages/airflow/example_dags/example_dag_decorator.py took 0.474 seconds
[2023-11-04T16:38:47.265+0000] {processor.py:157} INFO - Started process (PID=7300) to work on /home/airflow/.local/lib/python3.8/site-packages/airflow/example_dags/example_dag_decorator.py
[2023-11-04T16:38:47.267+0000] {processor.py:829} INFO - Processing file /home/airflow/.local/lib/python3.8/site-packages/airflow/example_dags/example_dag_decorator.py for tasks to queue
[2023-11-04T16:38:47.268+0000] {logging_mixin.py:151} INFO - [2023-11-04T16:38:47.268+0000] {dagbag.py:536} INFO - Filling up the DagBag from /home/airflow/.local/lib/python3.8/site-packages/airflow/example_dags/example_dag_decorator.py
[2023-11-04T16:38:47.373+0000] {processor.py:839} INFO - DAG(s) dict_keys(['example_dag_decorator']) retrieved from /home/airflow/.local/lib/python3.8/site-packages/airflow/example_dags/example_dag_decorator.py
[2023-11-04T16:38:47.523+0000] {logging_mixin.py:151} INFO - [2023-11-04T16:38:47.523+0000] {dag.py:2941} INFO - Sync 1 DAGs
[2023-11-04T16:38:47.692+0000] {logging_mixin.py:151} INFO - [2023-11-04T16:38:47.692+0000] {dag.py:3722} INFO - Setting next_dagrun for example_dag_decorator to None, run_after=None
[2023-11-04T16:38:47.724+0000] {processor.py:179} INFO - Processing /home/airflow/.local/lib/python3.8/site-packages/airflow/example_dags/example_dag_decorator.py took 0.463 seconds
[2023-11-04T16:39:17.851+0000] {processor.py:157} INFO - Started process (PID=7538) to work on /home/airflow/.local/lib/python3.8/site-packages/airflow/example_dags/example_dag_decorator.py
[2023-11-04T16:39:17.852+0000] {processor.py:829} INFO - Processing file /home/airflow/.local/lib/python3.8/site-packages/airflow/example_dags/example_dag_decorator.py for tasks to queue
[2023-11-04T16:39:17.854+0000] {logging_mixin.py:151} INFO - [2023-11-04T16:39:17.853+0000] {dagbag.py:536} INFO - Filling up the DagBag from /home/airflow/.local/lib/python3.8/site-packages/airflow/example_dags/example_dag_decorator.py
[2023-11-04T16:39:17.959+0000] {processor.py:839} INFO - DAG(s) dict_keys(['example_dag_decorator']) retrieved from /home/airflow/.local/lib/python3.8/site-packages/airflow/example_dags/example_dag_decorator.py
[2023-11-04T16:39:18.260+0000] {logging_mixin.py:151} INFO - [2023-11-04T16:39:18.260+0000] {dag.py:2941} INFO - Sync 1 DAGs
[2023-11-04T16:39:18.274+0000] {logging_mixin.py:151} INFO - [2023-11-04T16:39:18.274+0000] {dag.py:3722} INFO - Setting next_dagrun for example_dag_decorator to None, run_after=None
[2023-11-04T16:39:18.308+0000] {processor.py:179} INFO - Processing /home/airflow/.local/lib/python3.8/site-packages/airflow/example_dags/example_dag_decorator.py took 0.462 seconds
[2023-11-04T16:39:48.364+0000] {processor.py:157} INFO - Started process (PID=7776) to work on /home/airflow/.local/lib/python3.8/site-packages/airflow/example_dags/example_dag_decorator.py
[2023-11-04T16:39:48.365+0000] {processor.py:829} INFO - Processing file /home/airflow/.local/lib/python3.8/site-packages/airflow/example_dags/example_dag_decorator.py for tasks to queue
[2023-11-04T16:39:48.367+0000] {logging_mixin.py:151} INFO - [2023-11-04T16:39:48.367+0000] {dagbag.py:536} INFO - Filling up the DagBag from /home/airflow/.local/lib/python3.8/site-packages/airflow/example_dags/example_dag_decorator.py
[2023-11-04T16:39:48.488+0000] {processor.py:839} INFO - DAG(s) dict_keys(['example_dag_decorator']) retrieved from /home/airflow/.local/lib/python3.8/site-packages/airflow/example_dags/example_dag_decorator.py
[2023-11-04T16:39:48.829+0000] {logging_mixin.py:151} INFO - [2023-11-04T16:39:48.829+0000] {dag.py:2941} INFO - Sync 1 DAGs
[2023-11-04T16:39:48.845+0000] {logging_mixin.py:151} INFO - [2023-11-04T16:39:48.845+0000] {dag.py:3722} INFO - Setting next_dagrun for example_dag_decorator to None, run_after=None
[2023-11-04T16:39:48.879+0000] {processor.py:179} INFO - Processing /home/airflow/.local/lib/python3.8/site-packages/airflow/example_dags/example_dag_decorator.py took 0.520 seconds
[2023-11-04T16:40:19.697+0000] {processor.py:157} INFO - Started process (PID=8014) to work on /home/airflow/.local/lib/python3.8/site-packages/airflow/example_dags/example_dag_decorator.py
[2023-11-04T16:40:19.699+0000] {processor.py:829} INFO - Processing file /home/airflow/.local/lib/python3.8/site-packages/airflow/example_dags/example_dag_decorator.py for tasks to queue
[2023-11-04T16:40:19.700+0000] {logging_mixin.py:151} INFO - [2023-11-04T16:40:19.700+0000] {dagbag.py:536} INFO - Filling up the DagBag from /home/airflow/.local/lib/python3.8/site-packages/airflow/example_dags/example_dag_decorator.py
[2023-11-04T16:40:19.826+0000] {processor.py:839} INFO - DAG(s) dict_keys(['example_dag_decorator']) retrieved from /home/airflow/.local/lib/python3.8/site-packages/airflow/example_dags/example_dag_decorator.py
[2023-11-04T16:40:20.174+0000] {logging_mixin.py:151} INFO - [2023-11-04T16:40:20.174+0000] {dag.py:2941} INFO - Sync 1 DAGs
[2023-11-04T16:40:20.193+0000] {logging_mixin.py:151} INFO - [2023-11-04T16:40:20.193+0000] {dag.py:3722} INFO - Setting next_dagrun for example_dag_decorator to None, run_after=None
[2023-11-04T16:40:20.227+0000] {processor.py:179} INFO - Processing /home/airflow/.local/lib/python3.8/site-packages/airflow/example_dags/example_dag_decorator.py took 0.536 seconds
[2023-11-04T16:40:51.146+0000] {processor.py:157} INFO - Started process (PID=8252) to work on /home/airflow/.local/lib/python3.8/site-packages/airflow/example_dags/example_dag_decorator.py
[2023-11-04T16:40:51.148+0000] {processor.py:829} INFO - Processing file /home/airflow/.local/lib/python3.8/site-packages/airflow/example_dags/example_dag_decorator.py for tasks to queue
[2023-11-04T16:40:51.150+0000] {logging_mixin.py:151} INFO - [2023-11-04T16:40:51.149+0000] {dagbag.py:536} INFO - Filling up the DagBag from /home/airflow/.local/lib/python3.8/site-packages/airflow/example_dags/example_dag_decorator.py
[2023-11-04T16:40:51.268+0000] {processor.py:839} INFO - DAG(s) dict_keys(['example_dag_decorator']) retrieved from /home/airflow/.local/lib/python3.8/site-packages/airflow/example_dags/example_dag_decorator.py
[2023-11-04T16:40:51.316+0000] {logging_mixin.py:151} INFO - [2023-11-04T16:40:51.316+0000] {dag.py:2941} INFO - Sync 1 DAGs
[2023-11-04T16:40:51.335+0000] {logging_mixin.py:151} INFO - [2023-11-04T16:40:51.335+0000] {dag.py:3722} INFO - Setting next_dagrun for example_dag_decorator to None, run_after=None
[2023-11-04T16:40:51.377+0000] {processor.py:179} INFO - Processing /home/airflow/.local/lib/python3.8/site-packages/airflow/example_dags/example_dag_decorator.py took 0.227 seconds
[2023-11-04T16:41:21.489+0000] {processor.py:157} INFO - Started process (PID=8490) to work on /home/airflow/.local/lib/python3.8/site-packages/airflow/example_dags/example_dag_decorator.py
[2023-11-04T16:41:21.491+0000] {processor.py:829} INFO - Processing file /home/airflow/.local/lib/python3.8/site-packages/airflow/example_dags/example_dag_decorator.py for tasks to queue
[2023-11-04T16:41:21.493+0000] {logging_mixin.py:151} INFO - [2023-11-04T16:41:21.492+0000] {dagbag.py:536} INFO - Filling up the DagBag from /home/airflow/.local/lib/python3.8/site-packages/airflow/example_dags/example_dag_decorator.py
[2023-11-04T16:41:21.597+0000] {processor.py:839} INFO - DAG(s) dict_keys(['example_dag_decorator']) retrieved from /home/airflow/.local/lib/python3.8/site-packages/airflow/example_dags/example_dag_decorator.py
[2023-11-04T16:41:21.942+0000] {logging_mixin.py:151} INFO - [2023-11-04T16:41:21.942+0000] {dag.py:2941} INFO - Sync 1 DAGs
[2023-11-04T16:41:21.961+0000] {logging_mixin.py:151} INFO - [2023-11-04T16:41:21.961+0000] {dag.py:3722} INFO - Setting next_dagrun for example_dag_decorator to None, run_after=None
[2023-11-04T16:41:21.992+0000] {processor.py:179} INFO - Processing /home/airflow/.local/lib/python3.8/site-packages/airflow/example_dags/example_dag_decorator.py took 0.508 seconds
[2023-11-04T16:41:52.134+0000] {processor.py:157} INFO - Started process (PID=8728) to work on /home/airflow/.local/lib/python3.8/site-packages/airflow/example_dags/example_dag_decorator.py
[2023-11-04T16:41:52.135+0000] {processor.py:829} INFO - Processing file /home/airflow/.local/lib/python3.8/site-packages/airflow/example_dags/example_dag_decorator.py for tasks to queue
[2023-11-04T16:41:52.137+0000] {logging_mixin.py:151} INFO - [2023-11-04T16:41:52.137+0000] {dagbag.py:536} INFO - Filling up the DagBag from /home/airflow/.local/lib/python3.8/site-packages/airflow/example_dags/example_dag_decorator.py
[2023-11-04T16:41:52.243+0000] {processor.py:839} INFO - DAG(s) dict_keys(['example_dag_decorator']) retrieved from /home/airflow/.local/lib/python3.8/site-packages/airflow/example_dags/example_dag_decorator.py
[2023-11-04T16:41:52.533+0000] {logging_mixin.py:151} INFO - [2023-11-04T16:41:52.533+0000] {dag.py:2941} INFO - Sync 1 DAGs
[2023-11-04T16:41:52.547+0000] {logging_mixin.py:151} INFO - [2023-11-04T16:41:52.547+0000] {dag.py:3722} INFO - Setting next_dagrun for example_dag_decorator to None, run_after=None
[2023-11-04T16:41:52.579+0000] {processor.py:179} INFO - Processing /home/airflow/.local/lib/python3.8/site-packages/airflow/example_dags/example_dag_decorator.py took 0.449 seconds
[2023-11-04T17:13:31.329+0000] {processor.py:157} INFO - Started process (PID=362) to work on /home/airflow/.local/lib/python3.8/site-packages/airflow/example_dags/example_dag_decorator.py
[2023-11-04T17:13:31.331+0000] {processor.py:829} INFO - Processing file /home/airflow/.local/lib/python3.8/site-packages/airflow/example_dags/example_dag_decorator.py for tasks to queue
[2023-11-04T17:13:31.333+0000] {logging_mixin.py:151} INFO - [2023-11-04T17:13:31.332+0000] {dagbag.py:536} INFO - Filling up the DagBag from /home/airflow/.local/lib/python3.8/site-packages/airflow/example_dags/example_dag_decorator.py
[2023-11-04T17:13:31.620+0000] {processor.py:839} INFO - DAG(s) dict_keys(['example_dag_decorator']) retrieved from /home/airflow/.local/lib/python3.8/site-packages/airflow/example_dags/example_dag_decorator.py
[2023-11-04T17:13:31.799+0000] {logging_mixin.py:151} INFO - [2023-11-04T17:13:31.799+0000] {dag.py:2941} INFO - Sync 1 DAGs
[2023-11-04T17:13:31.817+0000] {logging_mixin.py:151} INFO - [2023-11-04T17:13:31.816+0000] {dag.py:3722} INFO - Setting next_dagrun for example_dag_decorator to None, run_after=None
[2023-11-04T17:13:31.850+0000] {processor.py:179} INFO - Processing /home/airflow/.local/lib/python3.8/site-packages/airflow/example_dags/example_dag_decorator.py took 0.526 seconds
[2023-11-04T17:14:01.907+0000] {processor.py:157} INFO - Started process (PID=607) to work on /home/airflow/.local/lib/python3.8/site-packages/airflow/example_dags/example_dag_decorator.py
[2023-11-04T17:14:01.909+0000] {processor.py:829} INFO - Processing file /home/airflow/.local/lib/python3.8/site-packages/airflow/example_dags/example_dag_decorator.py for tasks to queue
[2023-11-04T17:14:01.912+0000] {logging_mixin.py:151} INFO - [2023-11-04T17:14:01.911+0000] {dagbag.py:536} INFO - Filling up the DagBag from /home/airflow/.local/lib/python3.8/site-packages/airflow/example_dags/example_dag_decorator.py
[2023-11-04T17:14:02.063+0000] {processor.py:839} INFO - DAG(s) dict_keys(['example_dag_decorator']) retrieved from /home/airflow/.local/lib/python3.8/site-packages/airflow/example_dags/example_dag_decorator.py
[2023-11-04T17:14:02.084+0000] {logging_mixin.py:151} INFO - [2023-11-04T17:14:02.084+0000] {dag.py:2941} INFO - Sync 1 DAGs
[2023-11-04T17:14:02.115+0000] {logging_mixin.py:151} INFO - [2023-11-04T17:14:02.115+0000] {dag.py:3722} INFO - Setting next_dagrun for example_dag_decorator to None, run_after=None
[2023-11-04T17:14:02.160+0000] {processor.py:179} INFO - Processing /home/airflow/.local/lib/python3.8/site-packages/airflow/example_dags/example_dag_decorator.py took 0.261 seconds
[2023-11-04T17:14:32.693+0000] {processor.py:157} INFO - Started process (PID=840) to work on /home/airflow/.local/lib/python3.8/site-packages/airflow/example_dags/example_dag_decorator.py
[2023-11-04T17:14:32.694+0000] {processor.py:829} INFO - Processing file /home/airflow/.local/lib/python3.8/site-packages/airflow/example_dags/example_dag_decorator.py for tasks to queue
[2023-11-04T17:14:32.696+0000] {logging_mixin.py:151} INFO - [2023-11-04T17:14:32.695+0000] {dagbag.py:536} INFO - Filling up the DagBag from /home/airflow/.local/lib/python3.8/site-packages/airflow/example_dags/example_dag_decorator.py
[2023-11-04T17:14:32.804+0000] {processor.py:839} INFO - DAG(s) dict_keys(['example_dag_decorator']) retrieved from /home/airflow/.local/lib/python3.8/site-packages/airflow/example_dags/example_dag_decorator.py
[2023-11-04T17:14:32.822+0000] {logging_mixin.py:151} INFO - [2023-11-04T17:14:32.821+0000] {dag.py:2941} INFO - Sync 1 DAGs
[2023-11-04T17:14:32.844+0000] {logging_mixin.py:151} INFO - [2023-11-04T17:14:32.844+0000] {dag.py:3722} INFO - Setting next_dagrun for example_dag_decorator to None, run_after=None
[2023-11-04T17:14:32.875+0000] {processor.py:179} INFO - Processing /home/airflow/.local/lib/python3.8/site-packages/airflow/example_dags/example_dag_decorator.py took 0.188 seconds
[2023-11-04T17:15:03.314+0000] {processor.py:157} INFO - Started process (PID=1076) to work on /home/airflow/.local/lib/python3.8/site-packages/airflow/example_dags/example_dag_decorator.py
[2023-11-04T17:15:03.315+0000] {processor.py:829} INFO - Processing file /home/airflow/.local/lib/python3.8/site-packages/airflow/example_dags/example_dag_decorator.py for tasks to queue
[2023-11-04T17:15:03.317+0000] {logging_mixin.py:151} INFO - [2023-11-04T17:15:03.316+0000] {dagbag.py:536} INFO - Filling up the DagBag from /home/airflow/.local/lib/python3.8/site-packages/airflow/example_dags/example_dag_decorator.py
[2023-11-04T17:15:03.428+0000] {processor.py:839} INFO - DAG(s) dict_keys(['example_dag_decorator']) retrieved from /home/airflow/.local/lib/python3.8/site-packages/airflow/example_dags/example_dag_decorator.py
[2023-11-04T17:15:03.588+0000] {logging_mixin.py:151} INFO - [2023-11-04T17:15:03.587+0000] {dag.py:2941} INFO - Sync 1 DAGs
[2023-11-04T17:15:03.604+0000] {logging_mixin.py:151} INFO - [2023-11-04T17:15:03.604+0000] {dag.py:3722} INFO - Setting next_dagrun for example_dag_decorator to None, run_after=None
[2023-11-04T17:15:03.639+0000] {processor.py:179} INFO - Processing /home/airflow/.local/lib/python3.8/site-packages/airflow/example_dags/example_dag_decorator.py took 0.330 seconds
[2023-11-04T17:15:34.481+0000] {processor.py:157} INFO - Started process (PID=1314) to work on /home/airflow/.local/lib/python3.8/site-packages/airflow/example_dags/example_dag_decorator.py
[2023-11-04T17:15:34.483+0000] {processor.py:829} INFO - Processing file /home/airflow/.local/lib/python3.8/site-packages/airflow/example_dags/example_dag_decorator.py for tasks to queue
[2023-11-04T17:15:34.484+0000] {logging_mixin.py:151} INFO - [2023-11-04T17:15:34.484+0000] {dagbag.py:536} INFO - Filling up the DagBag from /home/airflow/.local/lib/python3.8/site-packages/airflow/example_dags/example_dag_decorator.py
[2023-11-04T17:15:34.631+0000] {processor.py:839} INFO - DAG(s) dict_keys(['example_dag_decorator']) retrieved from /home/airflow/.local/lib/python3.8/site-packages/airflow/example_dags/example_dag_decorator.py
[2023-11-04T17:15:34.807+0000] {logging_mixin.py:151} INFO - [2023-11-04T17:15:34.807+0000] {dag.py:2941} INFO - Sync 1 DAGs
[2023-11-04T17:15:34.825+0000] {logging_mixin.py:151} INFO - [2023-11-04T17:15:34.824+0000] {dag.py:3722} INFO - Setting next_dagrun for example_dag_decorator to None, run_after=None
[2023-11-04T17:15:34.863+0000] {processor.py:179} INFO - Processing /home/airflow/.local/lib/python3.8/site-packages/airflow/example_dags/example_dag_decorator.py took 0.387 seconds
[2023-11-04T17:16:04.936+0000] {processor.py:157} INFO - Started process (PID=1581) to work on /home/airflow/.local/lib/python3.8/site-packages/airflow/example_dags/example_dag_decorator.py
[2023-11-04T17:16:04.938+0000] {processor.py:829} INFO - Processing file /home/airflow/.local/lib/python3.8/site-packages/airflow/example_dags/example_dag_decorator.py for tasks to queue
[2023-11-04T17:16:04.940+0000] {logging_mixin.py:151} INFO - [2023-11-04T17:16:04.940+0000] {dagbag.py:536} INFO - Filling up the DagBag from /home/airflow/.local/lib/python3.8/site-packages/airflow/example_dags/example_dag_decorator.py
[2023-11-04T17:16:05.084+0000] {processor.py:839} INFO - DAG(s) dict_keys(['example_dag_decorator']) retrieved from /home/airflow/.local/lib/python3.8/site-packages/airflow/example_dags/example_dag_decorator.py
[2023-11-04T17:16:05.284+0000] {logging_mixin.py:151} INFO - [2023-11-04T17:16:05.283+0000] {dag.py:2941} INFO - Sync 1 DAGs
[2023-11-04T17:16:05.302+0000] {logging_mixin.py:151} INFO - [2023-11-04T17:16:05.301+0000] {dag.py:3722} INFO - Setting next_dagrun for example_dag_decorator to None, run_after=None
[2023-11-04T17:16:05.331+0000] {processor.py:179} INFO - Processing /home/airflow/.local/lib/python3.8/site-packages/airflow/example_dags/example_dag_decorator.py took 0.399 seconds
[2023-11-04T17:16:35.490+0000] {processor.py:157} INFO - Started process (PID=1837) to work on /home/airflow/.local/lib/python3.8/site-packages/airflow/example_dags/example_dag_decorator.py
[2023-11-04T17:16:35.492+0000] {processor.py:829} INFO - Processing file /home/airflow/.local/lib/python3.8/site-packages/airflow/example_dags/example_dag_decorator.py for tasks to queue
[2023-11-04T17:16:35.494+0000] {logging_mixin.py:151} INFO - [2023-11-04T17:16:35.493+0000] {dagbag.py:536} INFO - Filling up the DagBag from /home/airflow/.local/lib/python3.8/site-packages/airflow/example_dags/example_dag_decorator.py
[2023-11-04T17:16:35.609+0000] {processor.py:839} INFO - DAG(s) dict_keys(['example_dag_decorator']) retrieved from /home/airflow/.local/lib/python3.8/site-packages/airflow/example_dags/example_dag_decorator.py
[2023-11-04T17:16:35.759+0000] {logging_mixin.py:151} INFO - [2023-11-04T17:16:35.759+0000] {dag.py:2941} INFO - Sync 1 DAGs
[2023-11-04T17:16:35.775+0000] {logging_mixin.py:151} INFO - [2023-11-04T17:16:35.774+0000] {dag.py:3722} INFO - Setting next_dagrun for example_dag_decorator to None, run_after=None
[2023-11-04T17:16:35.803+0000] {processor.py:179} INFO - Processing /home/airflow/.local/lib/python3.8/site-packages/airflow/example_dags/example_dag_decorator.py took 0.318 seconds
[2023-11-04T17:17:06.015+0000] {processor.py:157} INFO - Started process (PID=2060) to work on /home/airflow/.local/lib/python3.8/site-packages/airflow/example_dags/example_dag_decorator.py
[2023-11-04T17:17:06.016+0000] {processor.py:829} INFO - Processing file /home/airflow/.local/lib/python3.8/site-packages/airflow/example_dags/example_dag_decorator.py for tasks to queue
[2023-11-04T17:17:06.018+0000] {logging_mixin.py:151} INFO - [2023-11-04T17:17:06.018+0000] {dagbag.py:536} INFO - Filling up the DagBag from /home/airflow/.local/lib/python3.8/site-packages/airflow/example_dags/example_dag_decorator.py
[2023-11-04T17:17:06.127+0000] {processor.py:839} INFO - DAG(s) dict_keys(['example_dag_decorator']) retrieved from /home/airflow/.local/lib/python3.8/site-packages/airflow/example_dags/example_dag_decorator.py
[2023-11-04T17:17:06.282+0000] {logging_mixin.py:151} INFO - [2023-11-04T17:17:06.282+0000] {dag.py:2941} INFO - Sync 1 DAGs
[2023-11-04T17:17:06.298+0000] {logging_mixin.py:151} INFO - [2023-11-04T17:17:06.298+0000] {dag.py:3722} INFO - Setting next_dagrun for example_dag_decorator to None, run_after=None
[2023-11-04T17:17:06.327+0000] {processor.py:179} INFO - Processing /home/airflow/.local/lib/python3.8/site-packages/airflow/example_dags/example_dag_decorator.py took 0.317 seconds
[2023-11-04T17:17:36.405+0000] {processor.py:157} INFO - Started process (PID=2305) to work on /home/airflow/.local/lib/python3.8/site-packages/airflow/example_dags/example_dag_decorator.py
[2023-11-04T17:17:36.407+0000] {processor.py:829} INFO - Processing file /home/airflow/.local/lib/python3.8/site-packages/airflow/example_dags/example_dag_decorator.py for tasks to queue
[2023-11-04T17:17:36.408+0000] {logging_mixin.py:151} INFO - [2023-11-04T17:17:36.408+0000] {dagbag.py:536} INFO - Filling up the DagBag from /home/airflow/.local/lib/python3.8/site-packages/airflow/example_dags/example_dag_decorator.py
[2023-11-04T17:17:36.517+0000] {processor.py:839} INFO - DAG(s) dict_keys(['example_dag_decorator']) retrieved from /home/airflow/.local/lib/python3.8/site-packages/airflow/example_dags/example_dag_decorator.py
[2023-11-04T17:17:36.677+0000] {logging_mixin.py:151} INFO - [2023-11-04T17:17:36.677+0000] {dag.py:2941} INFO - Sync 1 DAGs
[2023-11-04T17:17:36.695+0000] {logging_mixin.py:151} INFO - [2023-11-04T17:17:36.695+0000] {dag.py:3722} INFO - Setting next_dagrun for example_dag_decorator to None, run_after=None
[2023-11-04T17:17:36.735+0000] {processor.py:179} INFO - Processing /home/airflow/.local/lib/python3.8/site-packages/airflow/example_dags/example_dag_decorator.py took 0.334 seconds
[2023-11-04T17:18:06.891+0000] {processor.py:157} INFO - Started process (PID=2563) to work on /home/airflow/.local/lib/python3.8/site-packages/airflow/example_dags/example_dag_decorator.py
[2023-11-04T17:18:06.893+0000] {processor.py:829} INFO - Processing file /home/airflow/.local/lib/python3.8/site-packages/airflow/example_dags/example_dag_decorator.py for tasks to queue
[2023-11-04T17:18:06.894+0000] {logging_mixin.py:151} INFO - [2023-11-04T17:18:06.894+0000] {dagbag.py:536} INFO - Filling up the DagBag from /home/airflow/.local/lib/python3.8/site-packages/airflow/example_dags/example_dag_decorator.py
[2023-11-04T17:18:07.000+0000] {processor.py:839} INFO - DAG(s) dict_keys(['example_dag_decorator']) retrieved from /home/airflow/.local/lib/python3.8/site-packages/airflow/example_dags/example_dag_decorator.py
[2023-11-04T17:18:07.149+0000] {logging_mixin.py:151} INFO - [2023-11-04T17:18:07.149+0000] {dag.py:2941} INFO - Sync 1 DAGs
[2023-11-04T17:18:07.166+0000] {logging_mixin.py:151} INFO - [2023-11-04T17:18:07.166+0000] {dag.py:3722} INFO - Setting next_dagrun for example_dag_decorator to None, run_after=None
[2023-11-04T17:18:07.202+0000] {processor.py:179} INFO - Processing /home/airflow/.local/lib/python3.8/site-packages/airflow/example_dags/example_dag_decorator.py took 0.316 seconds
[2023-11-04T17:18:37.271+0000] {processor.py:157} INFO - Started process (PID=2799) to work on /home/airflow/.local/lib/python3.8/site-packages/airflow/example_dags/example_dag_decorator.py
[2023-11-04T17:18:37.272+0000] {processor.py:829} INFO - Processing file /home/airflow/.local/lib/python3.8/site-packages/airflow/example_dags/example_dag_decorator.py for tasks to queue
[2023-11-04T17:18:37.274+0000] {logging_mixin.py:151} INFO - [2023-11-04T17:18:37.274+0000] {dagbag.py:536} INFO - Filling up the DagBag from /home/airflow/.local/lib/python3.8/site-packages/airflow/example_dags/example_dag_decorator.py
[2023-11-04T17:18:37.381+0000] {processor.py:839} INFO - DAG(s) dict_keys(['example_dag_decorator']) retrieved from /home/airflow/.local/lib/python3.8/site-packages/airflow/example_dags/example_dag_decorator.py
[2023-11-04T17:18:37.531+0000] {logging_mixin.py:151} INFO - [2023-11-04T17:18:37.531+0000] {dag.py:2941} INFO - Sync 1 DAGs
[2023-11-04T17:18:37.546+0000] {logging_mixin.py:151} INFO - [2023-11-04T17:18:37.546+0000] {dag.py:3722} INFO - Setting next_dagrun for example_dag_decorator to None, run_after=None
[2023-11-04T17:18:37.573+0000] {processor.py:179} INFO - Processing /home/airflow/.local/lib/python3.8/site-packages/airflow/example_dags/example_dag_decorator.py took 0.307 seconds
[2023-11-04T17:19:07.668+0000] {processor.py:157} INFO - Started process (PID=3034) to work on /home/airflow/.local/lib/python3.8/site-packages/airflow/example_dags/example_dag_decorator.py
[2023-11-04T17:19:07.670+0000] {processor.py:829} INFO - Processing file /home/airflow/.local/lib/python3.8/site-packages/airflow/example_dags/example_dag_decorator.py for tasks to queue
[2023-11-04T17:19:07.671+0000] {logging_mixin.py:151} INFO - [2023-11-04T17:19:07.671+0000] {dagbag.py:536} INFO - Filling up the DagBag from /home/airflow/.local/lib/python3.8/site-packages/airflow/example_dags/example_dag_decorator.py
[2023-11-04T17:19:07.782+0000] {processor.py:839} INFO - DAG(s) dict_keys(['example_dag_decorator']) retrieved from /home/airflow/.local/lib/python3.8/site-packages/airflow/example_dags/example_dag_decorator.py
[2023-11-04T17:19:07.940+0000] {logging_mixin.py:151} INFO - [2023-11-04T17:19:07.940+0000] {dag.py:2941} INFO - Sync 1 DAGs
[2023-11-04T17:19:07.957+0000] {logging_mixin.py:151} INFO - [2023-11-04T17:19:07.956+0000] {dag.py:3722} INFO - Setting next_dagrun for example_dag_decorator to None, run_after=None
[2023-11-04T17:19:07.984+0000] {processor.py:179} INFO - Processing /home/airflow/.local/lib/python3.8/site-packages/airflow/example_dags/example_dag_decorator.py took 0.320 seconds
[2023-11-04T17:19:38.060+0000] {processor.py:157} INFO - Started process (PID=3272) to work on /home/airflow/.local/lib/python3.8/site-packages/airflow/example_dags/example_dag_decorator.py
[2023-11-04T17:19:38.061+0000] {processor.py:829} INFO - Processing file /home/airflow/.local/lib/python3.8/site-packages/airflow/example_dags/example_dag_decorator.py for tasks to queue
[2023-11-04T17:19:38.063+0000] {logging_mixin.py:151} INFO - [2023-11-04T17:19:38.062+0000] {dagbag.py:536} INFO - Filling up the DagBag from /home/airflow/.local/lib/python3.8/site-packages/airflow/example_dags/example_dag_decorator.py
[2023-11-04T17:19:38.168+0000] {processor.py:839} INFO - DAG(s) dict_keys(['example_dag_decorator']) retrieved from /home/airflow/.local/lib/python3.8/site-packages/airflow/example_dags/example_dag_decorator.py
[2023-11-04T17:19:38.317+0000] {logging_mixin.py:151} INFO - [2023-11-04T17:19:38.317+0000] {dag.py:2941} INFO - Sync 1 DAGs
[2023-11-04T17:19:38.333+0000] {logging_mixin.py:151} INFO - [2023-11-04T17:19:38.333+0000] {dag.py:3722} INFO - Setting next_dagrun for example_dag_decorator to None, run_after=None
[2023-11-04T17:19:38.521+0000] {processor.py:179} INFO - Processing /home/airflow/.local/lib/python3.8/site-packages/airflow/example_dags/example_dag_decorator.py took 0.466 seconds
[2023-11-04T17:20:09.383+0000] {processor.py:157} INFO - Started process (PID=3510) to work on /home/airflow/.local/lib/python3.8/site-packages/airflow/example_dags/example_dag_decorator.py
[2023-11-04T17:20:09.384+0000] {processor.py:829} INFO - Processing file /home/airflow/.local/lib/python3.8/site-packages/airflow/example_dags/example_dag_decorator.py for tasks to queue
[2023-11-04T17:20:09.386+0000] {logging_mixin.py:151} INFO - [2023-11-04T17:20:09.385+0000] {dagbag.py:536} INFO - Filling up the DagBag from /home/airflow/.local/lib/python3.8/site-packages/airflow/example_dags/example_dag_decorator.py
[2023-11-04T17:20:09.498+0000] {processor.py:839} INFO - DAG(s) dict_keys(['example_dag_decorator']) retrieved from /home/airflow/.local/lib/python3.8/site-packages/airflow/example_dags/example_dag_decorator.py
[2023-11-04T17:20:09.645+0000] {logging_mixin.py:151} INFO - [2023-11-04T17:20:09.645+0000] {dag.py:2941} INFO - Sync 1 DAGs
[2023-11-04T17:20:09.661+0000] {logging_mixin.py:151} INFO - [2023-11-04T17:20:09.661+0000] {dag.py:3722} INFO - Setting next_dagrun for example_dag_decorator to None, run_after=None
[2023-11-04T17:20:09.695+0000] {processor.py:179} INFO - Processing /home/airflow/.local/lib/python3.8/site-packages/airflow/example_dags/example_dag_decorator.py took 0.318 seconds
[2023-11-04T17:20:39.791+0000] {processor.py:157} INFO - Started process (PID=3748) to work on /home/airflow/.local/lib/python3.8/site-packages/airflow/example_dags/example_dag_decorator.py
[2023-11-04T17:20:39.792+0000] {processor.py:829} INFO - Processing file /home/airflow/.local/lib/python3.8/site-packages/airflow/example_dags/example_dag_decorator.py for tasks to queue
[2023-11-04T17:20:39.794+0000] {logging_mixin.py:151} INFO - [2023-11-04T17:20:39.793+0000] {dagbag.py:536} INFO - Filling up the DagBag from /home/airflow/.local/lib/python3.8/site-packages/airflow/example_dags/example_dag_decorator.py
[2023-11-04T17:20:39.907+0000] {processor.py:839} INFO - DAG(s) dict_keys(['example_dag_decorator']) retrieved from /home/airflow/.local/lib/python3.8/site-packages/airflow/example_dags/example_dag_decorator.py
[2023-11-04T17:20:40.058+0000] {logging_mixin.py:151} INFO - [2023-11-04T17:20:40.057+0000] {dag.py:2941} INFO - Sync 1 DAGs
[2023-11-04T17:20:40.073+0000] {logging_mixin.py:151} INFO - [2023-11-04T17:20:40.073+0000] {dag.py:3722} INFO - Setting next_dagrun for example_dag_decorator to None, run_after=None
[2023-11-04T17:20:40.102+0000] {processor.py:179} INFO - Processing /home/airflow/.local/lib/python3.8/site-packages/airflow/example_dags/example_dag_decorator.py took 0.316 seconds
[2023-11-04T17:21:11.241+0000] {processor.py:157} INFO - Started process (PID=3974) to work on /home/airflow/.local/lib/python3.8/site-packages/airflow/example_dags/example_dag_decorator.py
[2023-11-04T17:21:11.244+0000] {processor.py:829} INFO - Processing file /home/airflow/.local/lib/python3.8/site-packages/airflow/example_dags/example_dag_decorator.py for tasks to queue
[2023-11-04T17:21:11.246+0000] {logging_mixin.py:151} INFO - [2023-11-04T17:21:11.246+0000] {dagbag.py:536} INFO - Filling up the DagBag from /home/airflow/.local/lib/python3.8/site-packages/airflow/example_dags/example_dag_decorator.py
[2023-11-04T17:21:11.501+0000] {processor.py:839} INFO - DAG(s) dict_keys(['example_dag_decorator']) retrieved from /home/airflow/.local/lib/python3.8/site-packages/airflow/example_dags/example_dag_decorator.py
[2023-11-04T17:21:11.929+0000] {logging_mixin.py:151} INFO - [2023-11-04T17:21:11.927+0000] {dag.py:2941} INFO - Sync 1 DAGs
[2023-11-04T17:21:11.956+0000] {logging_mixin.py:151} INFO - [2023-11-04T17:21:11.956+0000] {dag.py:3722} INFO - Setting next_dagrun for example_dag_decorator to None, run_after=None
[2023-11-04T17:21:12.000+0000] {processor.py:179} INFO - Processing /home/airflow/.local/lib/python3.8/site-packages/airflow/example_dags/example_dag_decorator.py took 0.769 seconds
[2023-11-04T17:21:42.600+0000] {processor.py:157} INFO - Started process (PID=4251) to work on /home/airflow/.local/lib/python3.8/site-packages/airflow/example_dags/example_dag_decorator.py
[2023-11-04T17:21:42.604+0000] {processor.py:829} INFO - Processing file /home/airflow/.local/lib/python3.8/site-packages/airflow/example_dags/example_dag_decorator.py for tasks to queue
[2023-11-04T17:21:42.608+0000] {logging_mixin.py:151} INFO - [2023-11-04T17:21:42.607+0000] {dagbag.py:536} INFO - Filling up the DagBag from /home/airflow/.local/lib/python3.8/site-packages/airflow/example_dags/example_dag_decorator.py
[2023-11-04T17:21:42.746+0000] {processor.py:839} INFO - DAG(s) dict_keys(['example_dag_decorator']) retrieved from /home/airflow/.local/lib/python3.8/site-packages/airflow/example_dags/example_dag_decorator.py
[2023-11-04T17:21:42.940+0000] {logging_mixin.py:151} INFO - [2023-11-04T17:21:42.939+0000] {dag.py:2941} INFO - Sync 1 DAGs
[2023-11-04T17:21:42.959+0000] {logging_mixin.py:151} INFO - [2023-11-04T17:21:42.959+0000] {dag.py:3722} INFO - Setting next_dagrun for example_dag_decorator to None, run_after=None
[2023-11-04T17:21:42.997+0000] {processor.py:179} INFO - Processing /home/airflow/.local/lib/python3.8/site-packages/airflow/example_dags/example_dag_decorator.py took 0.404 seconds
[2023-11-04T17:22:13.472+0000] {processor.py:157} INFO - Started process (PID=4490) to work on /home/airflow/.local/lib/python3.8/site-packages/airflow/example_dags/example_dag_decorator.py
[2023-11-04T17:22:13.474+0000] {processor.py:829} INFO - Processing file /home/airflow/.local/lib/python3.8/site-packages/airflow/example_dags/example_dag_decorator.py for tasks to queue
[2023-11-04T17:22:13.476+0000] {logging_mixin.py:151} INFO - [2023-11-04T17:22:13.475+0000] {dagbag.py:536} INFO - Filling up the DagBag from /home/airflow/.local/lib/python3.8/site-packages/airflow/example_dags/example_dag_decorator.py
[2023-11-04T17:22:13.643+0000] {processor.py:839} INFO - DAG(s) dict_keys(['example_dag_decorator']) retrieved from /home/airflow/.local/lib/python3.8/site-packages/airflow/example_dags/example_dag_decorator.py
[2023-11-04T17:22:13.888+0000] {logging_mixin.py:151} INFO - [2023-11-04T17:22:13.887+0000] {dag.py:2941} INFO - Sync 1 DAGs
[2023-11-04T17:22:13.917+0000] {logging_mixin.py:151} INFO - [2023-11-04T17:22:13.916+0000] {dag.py:3722} INFO - Setting next_dagrun for example_dag_decorator to None, run_after=None
[2023-11-04T17:22:13.967+0000] {processor.py:179} INFO - Processing /home/airflow/.local/lib/python3.8/site-packages/airflow/example_dags/example_dag_decorator.py took 0.503 seconds
[2023-11-04T17:22:44.189+0000] {processor.py:157} INFO - Started process (PID=4738) to work on /home/airflow/.local/lib/python3.8/site-packages/airflow/example_dags/example_dag_decorator.py
[2023-11-04T17:22:44.190+0000] {processor.py:829} INFO - Processing file /home/airflow/.local/lib/python3.8/site-packages/airflow/example_dags/example_dag_decorator.py for tasks to queue
[2023-11-04T17:22:44.192+0000] {logging_mixin.py:151} INFO - [2023-11-04T17:22:44.191+0000] {dagbag.py:536} INFO - Filling up the DagBag from /home/airflow/.local/lib/python3.8/site-packages/airflow/example_dags/example_dag_decorator.py
[2023-11-04T17:22:44.367+0000] {processor.py:839} INFO - DAG(s) dict_keys(['example_dag_decorator']) retrieved from /home/airflow/.local/lib/python3.8/site-packages/airflow/example_dags/example_dag_decorator.py
[2023-11-04T17:22:44.666+0000] {logging_mixin.py:151} INFO - [2023-11-04T17:22:44.666+0000] {dag.py:2941} INFO - Sync 1 DAGs
[2023-11-04T17:22:44.688+0000] {logging_mixin.py:151} INFO - [2023-11-04T17:22:44.688+0000] {dag.py:3722} INFO - Setting next_dagrun for example_dag_decorator to None, run_after=None
[2023-11-04T17:22:44.731+0000] {processor.py:179} INFO - Processing /home/airflow/.local/lib/python3.8/site-packages/airflow/example_dags/example_dag_decorator.py took 0.550 seconds
