[2023-11-04T16:23:45.352+0000] {processor.py:157} INFO - Started process (PID=220) to work on /home/airflow/.local/lib/python3.8/site-packages/airflow/example_dags/example_branch_python_dop_operator_3.py
[2023-11-04T16:23:45.354+0000] {processor.py:829} INFO - Processing file /home/airflow/.local/lib/python3.8/site-packages/airflow/example_dags/example_branch_python_dop_operator_3.py for tasks to queue
[2023-11-04T16:23:45.356+0000] {logging_mixin.py:151} INFO - [2023-11-04T16:23:45.355+0000] {dagbag.py:536} INFO - Filling up the DagBag from /home/airflow/.local/lib/python3.8/site-packages/airflow/example_dags/example_branch_python_dop_operator_3.py
[2023-11-04T16:23:45.376+0000] {processor.py:839} INFO - DAG(s) dict_keys(['example_branch_dop_operator_v3']) retrieved from /home/airflow/.local/lib/python3.8/site-packages/airflow/example_dags/example_branch_python_dop_operator_3.py
[2023-11-04T16:23:45.395+0000] {logging_mixin.py:151} INFO - [2023-11-04T16:23:45.395+0000] {dag.py:2941} INFO - Sync 1 DAGs
[2023-11-04T16:23:45.439+0000] {logging_mixin.py:151} INFO - [2023-11-04T16:23:45.438+0000] {dag.py:3722} INFO - Setting next_dagrun for example_branch_dop_operator_v3 to 2023-11-04T16:22:00+00:00, run_after=2023-11-04T16:23:00+00:00
[2023-11-04T16:23:45.475+0000] {processor.py:179} INFO - Processing /home/airflow/.local/lib/python3.8/site-packages/airflow/example_dags/example_branch_python_dop_operator_3.py took 0.128 seconds
[2023-11-04T16:24:15.855+0000] {processor.py:157} INFO - Started process (PID=456) to work on /home/airflow/.local/lib/python3.8/site-packages/airflow/example_dags/example_branch_python_dop_operator_3.py
[2023-11-04T16:24:15.857+0000] {processor.py:829} INFO - Processing file /home/airflow/.local/lib/python3.8/site-packages/airflow/example_dags/example_branch_python_dop_operator_3.py for tasks to queue
[2023-11-04T16:24:15.858+0000] {logging_mixin.py:151} INFO - [2023-11-04T16:24:15.858+0000] {dagbag.py:536} INFO - Filling up the DagBag from /home/airflow/.local/lib/python3.8/site-packages/airflow/example_dags/example_branch_python_dop_operator_3.py
[2023-11-04T16:24:15.873+0000] {processor.py:839} INFO - DAG(s) dict_keys(['example_branch_dop_operator_v3']) retrieved from /home/airflow/.local/lib/python3.8/site-packages/airflow/example_dags/example_branch_python_dop_operator_3.py
[2023-11-04T16:24:15.907+0000] {logging_mixin.py:151} INFO - [2023-11-04T16:24:15.907+0000] {dag.py:2941} INFO - Sync 1 DAGs
[2023-11-04T16:24:15.951+0000] {logging_mixin.py:151} INFO - [2023-11-04T16:24:15.950+0000] {dag.py:3722} INFO - Setting next_dagrun for example_branch_dop_operator_v3 to 2023-11-04T16:23:00+00:00, run_after=2023-11-04T16:24:00+00:00
[2023-11-04T16:24:15.980+0000] {processor.py:179} INFO - Processing /home/airflow/.local/lib/python3.8/site-packages/airflow/example_dags/example_branch_python_dop_operator_3.py took 0.130 seconds
[2023-11-04T16:24:46.380+0000] {processor.py:157} INFO - Started process (PID=696) to work on /home/airflow/.local/lib/python3.8/site-packages/airflow/example_dags/example_branch_python_dop_operator_3.py
[2023-11-04T16:24:46.382+0000] {processor.py:829} INFO - Processing file /home/airflow/.local/lib/python3.8/site-packages/airflow/example_dags/example_branch_python_dop_operator_3.py for tasks to queue
[2023-11-04T16:24:46.384+0000] {logging_mixin.py:151} INFO - [2023-11-04T16:24:46.383+0000] {dagbag.py:536} INFO - Filling up the DagBag from /home/airflow/.local/lib/python3.8/site-packages/airflow/example_dags/example_branch_python_dop_operator_3.py
[2023-11-04T16:24:46.399+0000] {processor.py:839} INFO - DAG(s) dict_keys(['example_branch_dop_operator_v3']) retrieved from /home/airflow/.local/lib/python3.8/site-packages/airflow/example_dags/example_branch_python_dop_operator_3.py
[2023-11-04T16:24:46.432+0000] {logging_mixin.py:151} INFO - [2023-11-04T16:24:46.432+0000] {dag.py:2941} INFO - Sync 1 DAGs
[2023-11-04T16:24:46.474+0000] {logging_mixin.py:151} INFO - [2023-11-04T16:24:46.474+0000] {dag.py:3722} INFO - Setting next_dagrun for example_branch_dop_operator_v3 to 2023-11-04T16:23:00+00:00, run_after=2023-11-04T16:24:00+00:00
[2023-11-04T16:24:46.511+0000] {processor.py:179} INFO - Processing /home/airflow/.local/lib/python3.8/site-packages/airflow/example_dags/example_branch_python_dop_operator_3.py took 0.135 seconds
[2023-11-04T16:25:16.738+0000] {processor.py:157} INFO - Started process (PID=932) to work on /home/airflow/.local/lib/python3.8/site-packages/airflow/example_dags/example_branch_python_dop_operator_3.py
[2023-11-04T16:25:16.740+0000] {processor.py:829} INFO - Processing file /home/airflow/.local/lib/python3.8/site-packages/airflow/example_dags/example_branch_python_dop_operator_3.py for tasks to queue
[2023-11-04T16:25:16.741+0000] {logging_mixin.py:151} INFO - [2023-11-04T16:25:16.741+0000] {dagbag.py:536} INFO - Filling up the DagBag from /home/airflow/.local/lib/python3.8/site-packages/airflow/example_dags/example_branch_python_dop_operator_3.py
[2023-11-04T16:25:16.757+0000] {processor.py:839} INFO - DAG(s) dict_keys(['example_branch_dop_operator_v3']) retrieved from /home/airflow/.local/lib/python3.8/site-packages/airflow/example_dags/example_branch_python_dop_operator_3.py
[2023-11-04T16:25:16.787+0000] {logging_mixin.py:151} INFO - [2023-11-04T16:25:16.787+0000] {dag.py:2941} INFO - Sync 1 DAGs
[2023-11-04T16:25:16.828+0000] {logging_mixin.py:151} INFO - [2023-11-04T16:25:16.828+0000] {dag.py:3722} INFO - Setting next_dagrun for example_branch_dop_operator_v3 to 2023-11-04T16:24:00+00:00, run_after=2023-11-04T16:25:00+00:00
[2023-11-04T16:25:16.857+0000] {processor.py:179} INFO - Processing /home/airflow/.local/lib/python3.8/site-packages/airflow/example_dags/example_branch_python_dop_operator_3.py took 0.124 seconds
[2023-11-04T16:25:46.981+0000] {processor.py:157} INFO - Started process (PID=1170) to work on /home/airflow/.local/lib/python3.8/site-packages/airflow/example_dags/example_branch_python_dop_operator_3.py
[2023-11-04T16:25:46.982+0000] {processor.py:829} INFO - Processing file /home/airflow/.local/lib/python3.8/site-packages/airflow/example_dags/example_branch_python_dop_operator_3.py for tasks to queue
[2023-11-04T16:25:46.984+0000] {logging_mixin.py:151} INFO - [2023-11-04T16:25:46.984+0000] {dagbag.py:536} INFO - Filling up the DagBag from /home/airflow/.local/lib/python3.8/site-packages/airflow/example_dags/example_branch_python_dop_operator_3.py
[2023-11-04T16:25:46.998+0000] {processor.py:839} INFO - DAG(s) dict_keys(['example_branch_dop_operator_v3']) retrieved from /home/airflow/.local/lib/python3.8/site-packages/airflow/example_dags/example_branch_python_dop_operator_3.py
[2023-11-04T16:25:47.032+0000] {logging_mixin.py:151} INFO - [2023-11-04T16:25:47.032+0000] {dag.py:2941} INFO - Sync 1 DAGs
[2023-11-04T16:25:47.077+0000] {logging_mixin.py:151} INFO - [2023-11-04T16:25:47.077+0000] {dag.py:3722} INFO - Setting next_dagrun for example_branch_dop_operator_v3 to 2023-11-04T16:24:00+00:00, run_after=2023-11-04T16:25:00+00:00
[2023-11-04T16:25:47.108+0000] {processor.py:179} INFO - Processing /home/airflow/.local/lib/python3.8/site-packages/airflow/example_dags/example_branch_python_dop_operator_3.py took 0.132 seconds
[2023-11-04T16:26:17.608+0000] {processor.py:157} INFO - Started process (PID=1408) to work on /home/airflow/.local/lib/python3.8/site-packages/airflow/example_dags/example_branch_python_dop_operator_3.py
[2023-11-04T16:26:17.610+0000] {processor.py:829} INFO - Processing file /home/airflow/.local/lib/python3.8/site-packages/airflow/example_dags/example_branch_python_dop_operator_3.py for tasks to queue
[2023-11-04T16:26:17.613+0000] {logging_mixin.py:151} INFO - [2023-11-04T16:26:17.612+0000] {dagbag.py:536} INFO - Filling up the DagBag from /home/airflow/.local/lib/python3.8/site-packages/airflow/example_dags/example_branch_python_dop_operator_3.py
[2023-11-04T16:26:17.629+0000] {processor.py:839} INFO - DAG(s) dict_keys(['example_branch_dop_operator_v3']) retrieved from /home/airflow/.local/lib/python3.8/site-packages/airflow/example_dags/example_branch_python_dop_operator_3.py
[2023-11-04T16:26:17.658+0000] {logging_mixin.py:151} INFO - [2023-11-04T16:26:17.658+0000] {dag.py:2941} INFO - Sync 1 DAGs
[2023-11-04T16:26:17.713+0000] {logging_mixin.py:151} INFO - [2023-11-04T16:26:17.713+0000] {dag.py:3722} INFO - Setting next_dagrun for example_branch_dop_operator_v3 to 2023-11-04T16:25:00+00:00, run_after=2023-11-04T16:26:00+00:00
[2023-11-04T16:26:17.746+0000] {processor.py:179} INFO - Processing /home/airflow/.local/lib/python3.8/site-packages/airflow/example_dags/example_branch_python_dop_operator_3.py took 0.143 seconds
[2023-11-04T16:26:48.043+0000] {processor.py:157} INFO - Started process (PID=1646) to work on /home/airflow/.local/lib/python3.8/site-packages/airflow/example_dags/example_branch_python_dop_operator_3.py
[2023-11-04T16:26:48.045+0000] {processor.py:829} INFO - Processing file /home/airflow/.local/lib/python3.8/site-packages/airflow/example_dags/example_branch_python_dop_operator_3.py for tasks to queue
[2023-11-04T16:26:48.046+0000] {logging_mixin.py:151} INFO - [2023-11-04T16:26:48.046+0000] {dagbag.py:536} INFO - Filling up the DagBag from /home/airflow/.local/lib/python3.8/site-packages/airflow/example_dags/example_branch_python_dop_operator_3.py
[2023-11-04T16:26:48.061+0000] {processor.py:839} INFO - DAG(s) dict_keys(['example_branch_dop_operator_v3']) retrieved from /home/airflow/.local/lib/python3.8/site-packages/airflow/example_dags/example_branch_python_dop_operator_3.py
[2023-11-04T16:26:48.093+0000] {logging_mixin.py:151} INFO - [2023-11-04T16:26:48.093+0000] {dag.py:2941} INFO - Sync 1 DAGs
[2023-11-04T16:26:48.137+0000] {logging_mixin.py:151} INFO - [2023-11-04T16:26:48.137+0000] {dag.py:3722} INFO - Setting next_dagrun for example_branch_dop_operator_v3 to 2023-11-04T16:25:00+00:00, run_after=2023-11-04T16:26:00+00:00
[2023-11-04T16:26:48.167+0000] {processor.py:179} INFO - Processing /home/airflow/.local/lib/python3.8/site-packages/airflow/example_dags/example_branch_python_dop_operator_3.py took 0.129 seconds
[2023-11-04T16:27:18.578+0000] {processor.py:157} INFO - Started process (PID=1884) to work on /home/airflow/.local/lib/python3.8/site-packages/airflow/example_dags/example_branch_python_dop_operator_3.py
[2023-11-04T16:27:18.579+0000] {processor.py:829} INFO - Processing file /home/airflow/.local/lib/python3.8/site-packages/airflow/example_dags/example_branch_python_dop_operator_3.py for tasks to queue
[2023-11-04T16:27:18.581+0000] {logging_mixin.py:151} INFO - [2023-11-04T16:27:18.581+0000] {dagbag.py:536} INFO - Filling up the DagBag from /home/airflow/.local/lib/python3.8/site-packages/airflow/example_dags/example_branch_python_dop_operator_3.py
[2023-11-04T16:27:18.598+0000] {processor.py:839} INFO - DAG(s) dict_keys(['example_branch_dop_operator_v3']) retrieved from /home/airflow/.local/lib/python3.8/site-packages/airflow/example_dags/example_branch_python_dop_operator_3.py
[2023-11-04T16:27:18.631+0000] {logging_mixin.py:151} INFO - [2023-11-04T16:27:18.631+0000] {dag.py:2941} INFO - Sync 1 DAGs
[2023-11-04T16:27:18.680+0000] {logging_mixin.py:151} INFO - [2023-11-04T16:27:18.679+0000] {dag.py:3722} INFO - Setting next_dagrun for example_branch_dop_operator_v3 to 2023-11-04T16:26:00+00:00, run_after=2023-11-04T16:27:00+00:00
[2023-11-04T16:27:18.713+0000] {processor.py:179} INFO - Processing /home/airflow/.local/lib/python3.8/site-packages/airflow/example_dags/example_branch_python_dop_operator_3.py took 0.140 seconds
[2023-11-04T16:27:49.010+0000] {processor.py:157} INFO - Started process (PID=2123) to work on /home/airflow/.local/lib/python3.8/site-packages/airflow/example_dags/example_branch_python_dop_operator_3.py
[2023-11-04T16:27:49.011+0000] {processor.py:829} INFO - Processing file /home/airflow/.local/lib/python3.8/site-packages/airflow/example_dags/example_branch_python_dop_operator_3.py for tasks to queue
[2023-11-04T16:27:49.013+0000] {logging_mixin.py:151} INFO - [2023-11-04T16:27:49.013+0000] {dagbag.py:536} INFO - Filling up the DagBag from /home/airflow/.local/lib/python3.8/site-packages/airflow/example_dags/example_branch_python_dop_operator_3.py
[2023-11-04T16:27:49.029+0000] {processor.py:839} INFO - DAG(s) dict_keys(['example_branch_dop_operator_v3']) retrieved from /home/airflow/.local/lib/python3.8/site-packages/airflow/example_dags/example_branch_python_dop_operator_3.py
[2023-11-04T16:27:49.049+0000] {logging_mixin.py:151} INFO - [2023-11-04T16:27:49.049+0000] {dag.py:2941} INFO - Sync 1 DAGs
[2023-11-04T16:27:49.102+0000] {logging_mixin.py:151} INFO - [2023-11-04T16:27:49.102+0000] {dag.py:3722} INFO - Setting next_dagrun for example_branch_dop_operator_v3 to 2023-11-04T16:26:00+00:00, run_after=2023-11-04T16:27:00+00:00
[2023-11-04T16:27:49.136+0000] {processor.py:179} INFO - Processing /home/airflow/.local/lib/python3.8/site-packages/airflow/example_dags/example_branch_python_dop_operator_3.py took 0.132 seconds
[2023-11-04T16:28:19.974+0000] {processor.py:157} INFO - Started process (PID=2361) to work on /home/airflow/.local/lib/python3.8/site-packages/airflow/example_dags/example_branch_python_dop_operator_3.py
[2023-11-04T16:28:19.976+0000] {processor.py:829} INFO - Processing file /home/airflow/.local/lib/python3.8/site-packages/airflow/example_dags/example_branch_python_dop_operator_3.py for tasks to queue
[2023-11-04T16:28:19.977+0000] {logging_mixin.py:151} INFO - [2023-11-04T16:28:19.977+0000] {dagbag.py:536} INFO - Filling up the DagBag from /home/airflow/.local/lib/python3.8/site-packages/airflow/example_dags/example_branch_python_dop_operator_3.py
[2023-11-04T16:28:19.992+0000] {processor.py:839} INFO - DAG(s) dict_keys(['example_branch_dop_operator_v3']) retrieved from /home/airflow/.local/lib/python3.8/site-packages/airflow/example_dags/example_branch_python_dop_operator_3.py
[2023-11-04T16:28:20.027+0000] {logging_mixin.py:151} INFO - [2023-11-04T16:28:20.027+0000] {dag.py:2941} INFO - Sync 1 DAGs
[2023-11-04T16:28:20.083+0000] {logging_mixin.py:151} INFO - [2023-11-04T16:28:20.083+0000] {dag.py:3722} INFO - Setting next_dagrun for example_branch_dop_operator_v3 to 2023-11-04T16:27:00+00:00, run_after=2023-11-04T16:28:00+00:00
[2023-11-04T16:28:20.124+0000] {processor.py:179} INFO - Processing /home/airflow/.local/lib/python3.8/site-packages/airflow/example_dags/example_branch_python_dop_operator_3.py took 0.155 seconds
[2023-11-04T16:28:50.592+0000] {processor.py:157} INFO - Started process (PID=2601) to work on /home/airflow/.local/lib/python3.8/site-packages/airflow/example_dags/example_branch_python_dop_operator_3.py
[2023-11-04T16:28:50.594+0000] {processor.py:829} INFO - Processing file /home/airflow/.local/lib/python3.8/site-packages/airflow/example_dags/example_branch_python_dop_operator_3.py for tasks to queue
[2023-11-04T16:28:50.597+0000] {logging_mixin.py:151} INFO - [2023-11-04T16:28:50.596+0000] {dagbag.py:536} INFO - Filling up the DagBag from /home/airflow/.local/lib/python3.8/site-packages/airflow/example_dags/example_branch_python_dop_operator_3.py
[2023-11-04T16:28:50.611+0000] {processor.py:839} INFO - DAG(s) dict_keys(['example_branch_dop_operator_v3']) retrieved from /home/airflow/.local/lib/python3.8/site-packages/airflow/example_dags/example_branch_python_dop_operator_3.py
[2023-11-04T16:28:50.642+0000] {logging_mixin.py:151} INFO - [2023-11-04T16:28:50.642+0000] {dag.py:2941} INFO - Sync 1 DAGs
[2023-11-04T16:28:50.684+0000] {logging_mixin.py:151} INFO - [2023-11-04T16:28:50.683+0000] {dag.py:3722} INFO - Setting next_dagrun for example_branch_dop_operator_v3 to 2023-11-04T16:27:00+00:00, run_after=2023-11-04T16:28:00+00:00
[2023-11-04T16:28:50.716+0000] {processor.py:179} INFO - Processing /home/airflow/.local/lib/python3.8/site-packages/airflow/example_dags/example_branch_python_dop_operator_3.py took 0.129 seconds
[2023-11-04T16:29:21.256+0000] {processor.py:157} INFO - Started process (PID=2839) to work on /home/airflow/.local/lib/python3.8/site-packages/airflow/example_dags/example_branch_python_dop_operator_3.py
[2023-11-04T16:29:21.258+0000] {processor.py:829} INFO - Processing file /home/airflow/.local/lib/python3.8/site-packages/airflow/example_dags/example_branch_python_dop_operator_3.py for tasks to queue
[2023-11-04T16:29:21.261+0000] {logging_mixin.py:151} INFO - [2023-11-04T16:29:21.260+0000] {dagbag.py:536} INFO - Filling up the DagBag from /home/airflow/.local/lib/python3.8/site-packages/airflow/example_dags/example_branch_python_dop_operator_3.py
[2023-11-04T16:29:21.276+0000] {processor.py:839} INFO - DAG(s) dict_keys(['example_branch_dop_operator_v3']) retrieved from /home/airflow/.local/lib/python3.8/site-packages/airflow/example_dags/example_branch_python_dop_operator_3.py
[2023-11-04T16:29:21.307+0000] {logging_mixin.py:151} INFO - [2023-11-04T16:29:21.307+0000] {dag.py:2941} INFO - Sync 1 DAGs
[2023-11-04T16:29:21.351+0000] {logging_mixin.py:151} INFO - [2023-11-04T16:29:21.350+0000] {dag.py:3722} INFO - Setting next_dagrun for example_branch_dop_operator_v3 to 2023-11-04T16:28:00+00:00, run_after=2023-11-04T16:29:00+00:00
[2023-11-04T16:29:21.392+0000] {processor.py:179} INFO - Processing /home/airflow/.local/lib/python3.8/site-packages/airflow/example_dags/example_branch_python_dop_operator_3.py took 0.140 seconds
[2023-11-04T16:29:51.617+0000] {processor.py:157} INFO - Started process (PID=3077) to work on /home/airflow/.local/lib/python3.8/site-packages/airflow/example_dags/example_branch_python_dop_operator_3.py
[2023-11-04T16:29:51.618+0000] {processor.py:829} INFO - Processing file /home/airflow/.local/lib/python3.8/site-packages/airflow/example_dags/example_branch_python_dop_operator_3.py for tasks to queue
[2023-11-04T16:29:51.620+0000] {logging_mixin.py:151} INFO - [2023-11-04T16:29:51.619+0000] {dagbag.py:536} INFO - Filling up the DagBag from /home/airflow/.local/lib/python3.8/site-packages/airflow/example_dags/example_branch_python_dop_operator_3.py
[2023-11-04T16:29:51.649+0000] {processor.py:839} INFO - DAG(s) dict_keys(['example_branch_dop_operator_v3']) retrieved from /home/airflow/.local/lib/python3.8/site-packages/airflow/example_dags/example_branch_python_dop_operator_3.py
[2023-11-04T16:29:51.669+0000] {logging_mixin.py:151} INFO - [2023-11-04T16:29:51.669+0000] {dag.py:2941} INFO - Sync 1 DAGs
[2023-11-04T16:29:51.714+0000] {logging_mixin.py:151} INFO - [2023-11-04T16:29:51.714+0000] {dag.py:3722} INFO - Setting next_dagrun for example_branch_dop_operator_v3 to 2023-11-04T16:28:00+00:00, run_after=2023-11-04T16:29:00+00:00
[2023-11-04T16:29:51.747+0000] {processor.py:179} INFO - Processing /home/airflow/.local/lib/python3.8/site-packages/airflow/example_dags/example_branch_python_dop_operator_3.py took 0.136 seconds
[2023-11-04T16:30:22.156+0000] {processor.py:157} INFO - Started process (PID=3313) to work on /home/airflow/.local/lib/python3.8/site-packages/airflow/example_dags/example_branch_python_dop_operator_3.py
[2023-11-04T16:30:22.157+0000] {processor.py:829} INFO - Processing file /home/airflow/.local/lib/python3.8/site-packages/airflow/example_dags/example_branch_python_dop_operator_3.py for tasks to queue
[2023-11-04T16:30:22.159+0000] {logging_mixin.py:151} INFO - [2023-11-04T16:30:22.158+0000] {dagbag.py:536} INFO - Filling up the DagBag from /home/airflow/.local/lib/python3.8/site-packages/airflow/example_dags/example_branch_python_dop_operator_3.py
[2023-11-04T16:30:22.173+0000] {processor.py:839} INFO - DAG(s) dict_keys(['example_branch_dop_operator_v3']) retrieved from /home/airflow/.local/lib/python3.8/site-packages/airflow/example_dags/example_branch_python_dop_operator_3.py
[2023-11-04T16:30:22.205+0000] {logging_mixin.py:151} INFO - [2023-11-04T16:30:22.205+0000] {dag.py:2941} INFO - Sync 1 DAGs
[2023-11-04T16:30:22.249+0000] {logging_mixin.py:151} INFO - [2023-11-04T16:30:22.249+0000] {dag.py:3722} INFO - Setting next_dagrun for example_branch_dop_operator_v3 to 2023-11-04T16:29:00+00:00, run_after=2023-11-04T16:30:00+00:00
[2023-11-04T16:30:22.277+0000] {processor.py:179} INFO - Processing /home/airflow/.local/lib/python3.8/site-packages/airflow/example_dags/example_branch_python_dop_operator_3.py took 0.127 seconds
[2023-11-04T16:30:53.255+0000] {processor.py:157} INFO - Started process (PID=3551) to work on /home/airflow/.local/lib/python3.8/site-packages/airflow/example_dags/example_branch_python_dop_operator_3.py
[2023-11-04T16:30:53.257+0000] {processor.py:829} INFO - Processing file /home/airflow/.local/lib/python3.8/site-packages/airflow/example_dags/example_branch_python_dop_operator_3.py for tasks to queue
[2023-11-04T16:30:53.258+0000] {logging_mixin.py:151} INFO - [2023-11-04T16:30:53.258+0000] {dagbag.py:536} INFO - Filling up the DagBag from /home/airflow/.local/lib/python3.8/site-packages/airflow/example_dags/example_branch_python_dop_operator_3.py
[2023-11-04T16:30:53.275+0000] {processor.py:839} INFO - DAG(s) dict_keys(['example_branch_dop_operator_v3']) retrieved from /home/airflow/.local/lib/python3.8/site-packages/airflow/example_dags/example_branch_python_dop_operator_3.py
[2023-11-04T16:30:53.313+0000] {logging_mixin.py:151} INFO - [2023-11-04T16:30:53.313+0000] {dag.py:2941} INFO - Sync 1 DAGs
[2023-11-04T16:30:53.366+0000] {logging_mixin.py:151} INFO - [2023-11-04T16:30:53.366+0000] {dag.py:3722} INFO - Setting next_dagrun for example_branch_dop_operator_v3 to 2023-11-04T16:29:00+00:00, run_after=2023-11-04T16:30:00+00:00
[2023-11-04T16:30:53.398+0000] {processor.py:179} INFO - Processing /home/airflow/.local/lib/python3.8/site-packages/airflow/example_dags/example_branch_python_dop_operator_3.py took 0.149 seconds
[2023-11-04T16:31:23.828+0000] {processor.py:157} INFO - Started process (PID=3789) to work on /home/airflow/.local/lib/python3.8/site-packages/airflow/example_dags/example_branch_python_dop_operator_3.py
[2023-11-04T16:31:23.830+0000] {processor.py:829} INFO - Processing file /home/airflow/.local/lib/python3.8/site-packages/airflow/example_dags/example_branch_python_dop_operator_3.py for tasks to queue
[2023-11-04T16:31:23.831+0000] {logging_mixin.py:151} INFO - [2023-11-04T16:31:23.831+0000] {dagbag.py:536} INFO - Filling up the DagBag from /home/airflow/.local/lib/python3.8/site-packages/airflow/example_dags/example_branch_python_dop_operator_3.py
[2023-11-04T16:31:23.848+0000] {processor.py:839} INFO - DAG(s) dict_keys(['example_branch_dop_operator_v3']) retrieved from /home/airflow/.local/lib/python3.8/site-packages/airflow/example_dags/example_branch_python_dop_operator_3.py
[2023-11-04T16:31:23.885+0000] {logging_mixin.py:151} INFO - [2023-11-04T16:31:23.884+0000] {dag.py:2941} INFO - Sync 1 DAGs
[2023-11-04T16:31:23.936+0000] {logging_mixin.py:151} INFO - [2023-11-04T16:31:23.936+0000] {dag.py:3722} INFO - Setting next_dagrun for example_branch_dop_operator_v3 to 2023-11-04T16:30:00+00:00, run_after=2023-11-04T16:31:00+00:00
[2023-11-04T16:31:23.966+0000] {processor.py:179} INFO - Processing /home/airflow/.local/lib/python3.8/site-packages/airflow/example_dags/example_branch_python_dop_operator_3.py took 0.144 seconds
[2023-11-04T16:31:54.317+0000] {processor.py:157} INFO - Started process (PID=4027) to work on /home/airflow/.local/lib/python3.8/site-packages/airflow/example_dags/example_branch_python_dop_operator_3.py
[2023-11-04T16:31:54.318+0000] {processor.py:829} INFO - Processing file /home/airflow/.local/lib/python3.8/site-packages/airflow/example_dags/example_branch_python_dop_operator_3.py for tasks to queue
[2023-11-04T16:31:54.320+0000] {logging_mixin.py:151} INFO - [2023-11-04T16:31:54.320+0000] {dagbag.py:536} INFO - Filling up the DagBag from /home/airflow/.local/lib/python3.8/site-packages/airflow/example_dags/example_branch_python_dop_operator_3.py
[2023-11-04T16:31:54.338+0000] {processor.py:839} INFO - DAG(s) dict_keys(['example_branch_dop_operator_v3']) retrieved from /home/airflow/.local/lib/python3.8/site-packages/airflow/example_dags/example_branch_python_dop_operator_3.py
[2023-11-04T16:31:54.388+0000] {logging_mixin.py:151} INFO - [2023-11-04T16:31:54.388+0000] {dag.py:2941} INFO - Sync 1 DAGs
[2023-11-04T16:31:54.443+0000] {logging_mixin.py:151} INFO - [2023-11-04T16:31:54.443+0000] {dag.py:3722} INFO - Setting next_dagrun for example_branch_dop_operator_v3 to 2023-11-04T16:30:00+00:00, run_after=2023-11-04T16:31:00+00:00
[2023-11-04T16:31:54.482+0000] {processor.py:179} INFO - Processing /home/airflow/.local/lib/python3.8/site-packages/airflow/example_dags/example_branch_python_dop_operator_3.py took 0.171 seconds
[2023-11-04T16:32:24.976+0000] {processor.py:157} INFO - Started process (PID=4265) to work on /home/airflow/.local/lib/python3.8/site-packages/airflow/example_dags/example_branch_python_dop_operator_3.py
[2023-11-04T16:32:24.978+0000] {processor.py:829} INFO - Processing file /home/airflow/.local/lib/python3.8/site-packages/airflow/example_dags/example_branch_python_dop_operator_3.py for tasks to queue
[2023-11-04T16:32:24.979+0000] {logging_mixin.py:151} INFO - [2023-11-04T16:32:24.979+0000] {dagbag.py:536} INFO - Filling up the DagBag from /home/airflow/.local/lib/python3.8/site-packages/airflow/example_dags/example_branch_python_dop_operator_3.py
[2023-11-04T16:32:24.994+0000] {processor.py:839} INFO - DAG(s) dict_keys(['example_branch_dop_operator_v3']) retrieved from /home/airflow/.local/lib/python3.8/site-packages/airflow/example_dags/example_branch_python_dop_operator_3.py
[2023-11-04T16:32:25.030+0000] {logging_mixin.py:151} INFO - [2023-11-04T16:32:25.029+0000] {dag.py:2941} INFO - Sync 1 DAGs
[2023-11-04T16:32:25.079+0000] {logging_mixin.py:151} INFO - [2023-11-04T16:32:25.079+0000] {dag.py:3722} INFO - Setting next_dagrun for example_branch_dop_operator_v3 to 2023-11-04T16:31:00+00:00, run_after=2023-11-04T16:32:00+00:00
[2023-11-04T16:32:25.111+0000] {processor.py:179} INFO - Processing /home/airflow/.local/lib/python3.8/site-packages/airflow/example_dags/example_branch_python_dop_operator_3.py took 0.141 seconds
[2023-11-04T16:32:55.180+0000] {processor.py:157} INFO - Started process (PID=4503) to work on /home/airflow/.local/lib/python3.8/site-packages/airflow/example_dags/example_branch_python_dop_operator_3.py
[2023-11-04T16:32:55.182+0000] {processor.py:829} INFO - Processing file /home/airflow/.local/lib/python3.8/site-packages/airflow/example_dags/example_branch_python_dop_operator_3.py for tasks to queue
[2023-11-04T16:32:55.184+0000] {logging_mixin.py:151} INFO - [2023-11-04T16:32:55.183+0000] {dagbag.py:536} INFO - Filling up the DagBag from /home/airflow/.local/lib/python3.8/site-packages/airflow/example_dags/example_branch_python_dop_operator_3.py
[2023-11-04T16:32:55.198+0000] {processor.py:839} INFO - DAG(s) dict_keys(['example_branch_dop_operator_v3']) retrieved from /home/airflow/.local/lib/python3.8/site-packages/airflow/example_dags/example_branch_python_dop_operator_3.py
[2023-11-04T16:32:55.235+0000] {logging_mixin.py:151} INFO - [2023-11-04T16:32:55.234+0000] {dag.py:2941} INFO - Sync 1 DAGs
[2023-11-04T16:32:55.279+0000] {logging_mixin.py:151} INFO - [2023-11-04T16:32:55.279+0000] {dag.py:3722} INFO - Setting next_dagrun for example_branch_dop_operator_v3 to 2023-11-04T16:31:00+00:00, run_after=2023-11-04T16:32:00+00:00
[2023-11-04T16:32:55.310+0000] {processor.py:179} INFO - Processing /home/airflow/.local/lib/python3.8/site-packages/airflow/example_dags/example_branch_python_dop_operator_3.py took 0.135 seconds
[2023-11-04T16:33:25.424+0000] {processor.py:157} INFO - Started process (PID=4741) to work on /home/airflow/.local/lib/python3.8/site-packages/airflow/example_dags/example_branch_python_dop_operator_3.py
[2023-11-04T16:33:25.426+0000] {processor.py:829} INFO - Processing file /home/airflow/.local/lib/python3.8/site-packages/airflow/example_dags/example_branch_python_dop_operator_3.py for tasks to queue
[2023-11-04T16:33:25.427+0000] {logging_mixin.py:151} INFO - [2023-11-04T16:33:25.427+0000] {dagbag.py:536} INFO - Filling up the DagBag from /home/airflow/.local/lib/python3.8/site-packages/airflow/example_dags/example_branch_python_dop_operator_3.py
[2023-11-04T16:33:25.441+0000] {processor.py:839} INFO - DAG(s) dict_keys(['example_branch_dop_operator_v3']) retrieved from /home/airflow/.local/lib/python3.8/site-packages/airflow/example_dags/example_branch_python_dop_operator_3.py
[2023-11-04T16:33:25.473+0000] {logging_mixin.py:151} INFO - [2023-11-04T16:33:25.473+0000] {dag.py:2941} INFO - Sync 1 DAGs
[2023-11-04T16:33:25.518+0000] {logging_mixin.py:151} INFO - [2023-11-04T16:33:25.518+0000] {dag.py:3722} INFO - Setting next_dagrun for example_branch_dop_operator_v3 to 2023-11-04T16:32:00+00:00, run_after=2023-11-04T16:33:00+00:00
[2023-11-04T16:33:25.546+0000] {processor.py:179} INFO - Processing /home/airflow/.local/lib/python3.8/site-packages/airflow/example_dags/example_branch_python_dop_operator_3.py took 0.128 seconds
[2023-11-04T16:33:55.699+0000] {processor.py:157} INFO - Started process (PID=4979) to work on /home/airflow/.local/lib/python3.8/site-packages/airflow/example_dags/example_branch_python_dop_operator_3.py
[2023-11-04T16:33:55.700+0000] {processor.py:829} INFO - Processing file /home/airflow/.local/lib/python3.8/site-packages/airflow/example_dags/example_branch_python_dop_operator_3.py for tasks to queue
[2023-11-04T16:33:55.702+0000] {logging_mixin.py:151} INFO - [2023-11-04T16:33:55.701+0000] {dagbag.py:536} INFO - Filling up the DagBag from /home/airflow/.local/lib/python3.8/site-packages/airflow/example_dags/example_branch_python_dop_operator_3.py
[2023-11-04T16:33:55.717+0000] {processor.py:839} INFO - DAG(s) dict_keys(['example_branch_dop_operator_v3']) retrieved from /home/airflow/.local/lib/python3.8/site-packages/airflow/example_dags/example_branch_python_dop_operator_3.py
[2023-11-04T16:33:55.750+0000] {logging_mixin.py:151} INFO - [2023-11-04T16:33:55.750+0000] {dag.py:2941} INFO - Sync 1 DAGs
[2023-11-04T16:33:55.795+0000] {logging_mixin.py:151} INFO - [2023-11-04T16:33:55.795+0000] {dag.py:3722} INFO - Setting next_dagrun for example_branch_dop_operator_v3 to 2023-11-04T16:32:00+00:00, run_after=2023-11-04T16:33:00+00:00
[2023-11-04T16:33:55.831+0000] {processor.py:179} INFO - Processing /home/airflow/.local/lib/python3.8/site-packages/airflow/example_dags/example_branch_python_dop_operator_3.py took 0.138 seconds
[2023-11-04T16:34:26.241+0000] {processor.py:157} INFO - Started process (PID=5217) to work on /home/airflow/.local/lib/python3.8/site-packages/airflow/example_dags/example_branch_python_dop_operator_3.py
[2023-11-04T16:34:26.242+0000] {processor.py:829} INFO - Processing file /home/airflow/.local/lib/python3.8/site-packages/airflow/example_dags/example_branch_python_dop_operator_3.py for tasks to queue
[2023-11-04T16:34:26.244+0000] {logging_mixin.py:151} INFO - [2023-11-04T16:34:26.243+0000] {dagbag.py:536} INFO - Filling up the DagBag from /home/airflow/.local/lib/python3.8/site-packages/airflow/example_dags/example_branch_python_dop_operator_3.py
[2023-11-04T16:34:26.262+0000] {processor.py:839} INFO - DAG(s) dict_keys(['example_branch_dop_operator_v3']) retrieved from /home/airflow/.local/lib/python3.8/site-packages/airflow/example_dags/example_branch_python_dop_operator_3.py
[2023-11-04T16:34:26.297+0000] {logging_mixin.py:151} INFO - [2023-11-04T16:34:26.296+0000] {dag.py:2941} INFO - Sync 1 DAGs
[2023-11-04T16:34:26.339+0000] {logging_mixin.py:151} INFO - [2023-11-04T16:34:26.339+0000] {dag.py:3722} INFO - Setting next_dagrun for example_branch_dop_operator_v3 to 2023-11-04T16:33:00+00:00, run_after=2023-11-04T16:34:00+00:00
[2023-11-04T16:34:26.367+0000] {processor.py:179} INFO - Processing /home/airflow/.local/lib/python3.8/site-packages/airflow/example_dags/example_branch_python_dop_operator_3.py took 0.133 seconds
[2023-11-04T16:34:57.119+0000] {processor.py:157} INFO - Started process (PID=5455) to work on /home/airflow/.local/lib/python3.8/site-packages/airflow/example_dags/example_branch_python_dop_operator_3.py
[2023-11-04T16:34:57.121+0000] {processor.py:829} INFO - Processing file /home/airflow/.local/lib/python3.8/site-packages/airflow/example_dags/example_branch_python_dop_operator_3.py for tasks to queue
[2023-11-04T16:34:57.122+0000] {logging_mixin.py:151} INFO - [2023-11-04T16:34:57.122+0000] {dagbag.py:536} INFO - Filling up the DagBag from /home/airflow/.local/lib/python3.8/site-packages/airflow/example_dags/example_branch_python_dop_operator_3.py
[2023-11-04T16:34:57.139+0000] {processor.py:839} INFO - DAG(s) dict_keys(['example_branch_dop_operator_v3']) retrieved from /home/airflow/.local/lib/python3.8/site-packages/airflow/example_dags/example_branch_python_dop_operator_3.py
[2023-11-04T16:34:57.172+0000] {logging_mixin.py:151} INFO - [2023-11-04T16:34:57.172+0000] {dag.py:2941} INFO - Sync 1 DAGs
[2023-11-04T16:34:57.214+0000] {logging_mixin.py:151} INFO - [2023-11-04T16:34:57.214+0000] {dag.py:3722} INFO - Setting next_dagrun for example_branch_dop_operator_v3 to 2023-11-04T16:33:00+00:00, run_after=2023-11-04T16:34:00+00:00
[2023-11-04T16:34:57.249+0000] {processor.py:179} INFO - Processing /home/airflow/.local/lib/python3.8/site-packages/airflow/example_dags/example_branch_python_dop_operator_3.py took 0.135 seconds
[2023-11-04T16:35:27.973+0000] {processor.py:157} INFO - Started process (PID=5695) to work on /home/airflow/.local/lib/python3.8/site-packages/airflow/example_dags/example_branch_python_dop_operator_3.py
[2023-11-04T16:35:27.974+0000] {processor.py:829} INFO - Processing file /home/airflow/.local/lib/python3.8/site-packages/airflow/example_dags/example_branch_python_dop_operator_3.py for tasks to queue
[2023-11-04T16:35:27.976+0000] {logging_mixin.py:151} INFO - [2023-11-04T16:35:27.975+0000] {dagbag.py:536} INFO - Filling up the DagBag from /home/airflow/.local/lib/python3.8/site-packages/airflow/example_dags/example_branch_python_dop_operator_3.py
[2023-11-04T16:35:27.990+0000] {processor.py:839} INFO - DAG(s) dict_keys(['example_branch_dop_operator_v3']) retrieved from /home/airflow/.local/lib/python3.8/site-packages/airflow/example_dags/example_branch_python_dop_operator_3.py
[2023-11-04T16:35:28.023+0000] {logging_mixin.py:151} INFO - [2023-11-04T16:35:28.023+0000] {dag.py:2941} INFO - Sync 1 DAGs
[2023-11-04T16:35:28.067+0000] {logging_mixin.py:151} INFO - [2023-11-04T16:35:28.067+0000] {dag.py:3722} INFO - Setting next_dagrun for example_branch_dop_operator_v3 to 2023-11-04T16:34:00+00:00, run_after=2023-11-04T16:35:00+00:00
[2023-11-04T16:35:28.097+0000] {processor.py:179} INFO - Processing /home/airflow/.local/lib/python3.8/site-packages/airflow/example_dags/example_branch_python_dop_operator_3.py took 0.130 seconds
[2023-11-04T16:35:58.164+0000] {processor.py:157} INFO - Started process (PID=5933) to work on /home/airflow/.local/lib/python3.8/site-packages/airflow/example_dags/example_branch_python_dop_operator_3.py
[2023-11-04T16:35:58.165+0000] {processor.py:829} INFO - Processing file /home/airflow/.local/lib/python3.8/site-packages/airflow/example_dags/example_branch_python_dop_operator_3.py for tasks to queue
[2023-11-04T16:35:58.168+0000] {logging_mixin.py:151} INFO - [2023-11-04T16:35:58.167+0000] {dagbag.py:536} INFO - Filling up the DagBag from /home/airflow/.local/lib/python3.8/site-packages/airflow/example_dags/example_branch_python_dop_operator_3.py
[2023-11-04T16:35:58.187+0000] {processor.py:839} INFO - DAG(s) dict_keys(['example_branch_dop_operator_v3']) retrieved from /home/airflow/.local/lib/python3.8/site-packages/airflow/example_dags/example_branch_python_dop_operator_3.py
[2023-11-04T16:35:58.228+0000] {logging_mixin.py:151} INFO - [2023-11-04T16:35:58.227+0000] {dag.py:2941} INFO - Sync 1 DAGs
[2023-11-04T16:35:58.277+0000] {logging_mixin.py:151} INFO - [2023-11-04T16:35:58.276+0000] {dag.py:3722} INFO - Setting next_dagrun for example_branch_dop_operator_v3 to 2023-11-04T16:34:00+00:00, run_after=2023-11-04T16:35:00+00:00
[2023-11-04T16:35:58.309+0000] {processor.py:179} INFO - Processing /home/airflow/.local/lib/python3.8/site-packages/airflow/example_dags/example_branch_python_dop_operator_3.py took 0.150 seconds
[2023-11-04T16:36:28.547+0000] {processor.py:157} INFO - Started process (PID=6171) to work on /home/airflow/.local/lib/python3.8/site-packages/airflow/example_dags/example_branch_python_dop_operator_3.py
[2023-11-04T16:36:28.548+0000] {processor.py:829} INFO - Processing file /home/airflow/.local/lib/python3.8/site-packages/airflow/example_dags/example_branch_python_dop_operator_3.py for tasks to queue
[2023-11-04T16:36:28.550+0000] {logging_mixin.py:151} INFO - [2023-11-04T16:36:28.549+0000] {dagbag.py:536} INFO - Filling up the DagBag from /home/airflow/.local/lib/python3.8/site-packages/airflow/example_dags/example_branch_python_dop_operator_3.py
[2023-11-04T16:36:28.563+0000] {processor.py:839} INFO - DAG(s) dict_keys(['example_branch_dop_operator_v3']) retrieved from /home/airflow/.local/lib/python3.8/site-packages/airflow/example_dags/example_branch_python_dop_operator_3.py
[2023-11-04T16:36:28.595+0000] {logging_mixin.py:151} INFO - [2023-11-04T16:36:28.595+0000] {dag.py:2941} INFO - Sync 1 DAGs
[2023-11-04T16:36:28.635+0000] {logging_mixin.py:151} INFO - [2023-11-04T16:36:28.635+0000] {dag.py:3722} INFO - Setting next_dagrun for example_branch_dop_operator_v3 to 2023-11-04T16:35:00+00:00, run_after=2023-11-04T16:36:00+00:00
[2023-11-04T16:36:28.666+0000] {processor.py:179} INFO - Processing /home/airflow/.local/lib/python3.8/site-packages/airflow/example_dags/example_branch_python_dop_operator_3.py took 0.124 seconds
[2023-11-04T16:36:59.458+0000] {processor.py:157} INFO - Started process (PID=6409) to work on /home/airflow/.local/lib/python3.8/site-packages/airflow/example_dags/example_branch_python_dop_operator_3.py
[2023-11-04T16:36:59.467+0000] {processor.py:829} INFO - Processing file /home/airflow/.local/lib/python3.8/site-packages/airflow/example_dags/example_branch_python_dop_operator_3.py for tasks to queue
[2023-11-04T16:36:59.476+0000] {logging_mixin.py:151} INFO - [2023-11-04T16:36:59.476+0000] {dagbag.py:536} INFO - Filling up the DagBag from /home/airflow/.local/lib/python3.8/site-packages/airflow/example_dags/example_branch_python_dop_operator_3.py
[2023-11-04T16:36:59.494+0000] {processor.py:839} INFO - DAG(s) dict_keys(['example_branch_dop_operator_v3']) retrieved from /home/airflow/.local/lib/python3.8/site-packages/airflow/example_dags/example_branch_python_dop_operator_3.py
[2023-11-04T16:36:59.533+0000] {logging_mixin.py:151} INFO - [2023-11-04T16:36:59.532+0000] {dag.py:2941} INFO - Sync 1 DAGs
[2023-11-04T16:36:59.617+0000] {logging_mixin.py:151} INFO - [2023-11-04T16:36:59.616+0000] {dag.py:3722} INFO - Setting next_dagrun for example_branch_dop_operator_v3 to 2023-11-04T16:35:00+00:00, run_after=2023-11-04T16:36:00+00:00
[2023-11-04T16:36:59.678+0000] {processor.py:179} INFO - Processing /home/airflow/.local/lib/python3.8/site-packages/airflow/example_dags/example_branch_python_dop_operator_3.py took 0.224 seconds
[2023-11-04T16:37:30.251+0000] {processor.py:157} INFO - Started process (PID=6652) to work on /home/airflow/.local/lib/python3.8/site-packages/airflow/example_dags/example_branch_python_dop_operator_3.py
[2023-11-04T16:37:30.254+0000] {processor.py:829} INFO - Processing file /home/airflow/.local/lib/python3.8/site-packages/airflow/example_dags/example_branch_python_dop_operator_3.py for tasks to queue
[2023-11-04T16:37:30.256+0000] {logging_mixin.py:151} INFO - [2023-11-04T16:37:30.256+0000] {dagbag.py:536} INFO - Filling up the DagBag from /home/airflow/.local/lib/python3.8/site-packages/airflow/example_dags/example_branch_python_dop_operator_3.py
[2023-11-04T16:37:30.278+0000] {processor.py:839} INFO - DAG(s) dict_keys(['example_branch_dop_operator_v3']) retrieved from /home/airflow/.local/lib/python3.8/site-packages/airflow/example_dags/example_branch_python_dop_operator_3.py
[2023-11-04T16:37:30.326+0000] {logging_mixin.py:151} INFO - [2023-11-04T16:37:30.326+0000] {dag.py:2941} INFO - Sync 1 DAGs
[2023-11-04T16:37:30.369+0000] {logging_mixin.py:151} INFO - [2023-11-04T16:37:30.368+0000] {dag.py:3722} INFO - Setting next_dagrun for example_branch_dop_operator_v3 to 2023-11-04T16:36:00+00:00, run_after=2023-11-04T16:37:00+00:00
[2023-11-04T16:37:30.402+0000] {processor.py:179} INFO - Processing /home/airflow/.local/lib/python3.8/site-packages/airflow/example_dags/example_branch_python_dop_operator_3.py took 0.157 seconds
[2023-11-04T16:38:00.866+0000] {processor.py:157} INFO - Started process (PID=6892) to work on /home/airflow/.local/lib/python3.8/site-packages/airflow/example_dags/example_branch_python_dop_operator_3.py
[2023-11-04T16:38:00.868+0000] {processor.py:829} INFO - Processing file /home/airflow/.local/lib/python3.8/site-packages/airflow/example_dags/example_branch_python_dop_operator_3.py for tasks to queue
[2023-11-04T16:38:00.870+0000] {logging_mixin.py:151} INFO - [2023-11-04T16:38:00.869+0000] {dagbag.py:536} INFO - Filling up the DagBag from /home/airflow/.local/lib/python3.8/site-packages/airflow/example_dags/example_branch_python_dop_operator_3.py
[2023-11-04T16:38:00.884+0000] {processor.py:839} INFO - DAG(s) dict_keys(['example_branch_dop_operator_v3']) retrieved from /home/airflow/.local/lib/python3.8/site-packages/airflow/example_dags/example_branch_python_dop_operator_3.py
[2023-11-04T16:38:00.916+0000] {logging_mixin.py:151} INFO - [2023-11-04T16:38:00.916+0000] {dag.py:2941} INFO - Sync 1 DAGs
[2023-11-04T16:38:00.960+0000] {logging_mixin.py:151} INFO - [2023-11-04T16:38:00.959+0000] {dag.py:3722} INFO - Setting next_dagrun for example_branch_dop_operator_v3 to 2023-11-04T16:37:00+00:00, run_after=2023-11-04T16:38:00+00:00
[2023-11-04T16:38:00.994+0000] {processor.py:179} INFO - Processing /home/airflow/.local/lib/python3.8/site-packages/airflow/example_dags/example_branch_python_dop_operator_3.py took 0.133 seconds
[2023-11-04T16:38:32.068+0000] {processor.py:157} INFO - Started process (PID=7130) to work on /home/airflow/.local/lib/python3.8/site-packages/airflow/example_dags/example_branch_python_dop_operator_3.py
[2023-11-04T16:38:32.070+0000] {processor.py:829} INFO - Processing file /home/airflow/.local/lib/python3.8/site-packages/airflow/example_dags/example_branch_python_dop_operator_3.py for tasks to queue
[2023-11-04T16:38:32.071+0000] {logging_mixin.py:151} INFO - [2023-11-04T16:38:32.071+0000] {dagbag.py:536} INFO - Filling up the DagBag from /home/airflow/.local/lib/python3.8/site-packages/airflow/example_dags/example_branch_python_dop_operator_3.py
[2023-11-04T16:38:32.086+0000] {processor.py:839} INFO - DAG(s) dict_keys(['example_branch_dop_operator_v3']) retrieved from /home/airflow/.local/lib/python3.8/site-packages/airflow/example_dags/example_branch_python_dop_operator_3.py
[2023-11-04T16:38:32.122+0000] {logging_mixin.py:151} INFO - [2023-11-04T16:38:32.122+0000] {dag.py:2941} INFO - Sync 1 DAGs
[2023-11-04T16:38:32.166+0000] {logging_mixin.py:151} INFO - [2023-11-04T16:38:32.166+0000] {dag.py:3722} INFO - Setting next_dagrun for example_branch_dop_operator_v3 to 2023-11-04T16:37:00+00:00, run_after=2023-11-04T16:38:00+00:00
[2023-11-04T16:38:32.201+0000] {processor.py:179} INFO - Processing /home/airflow/.local/lib/python3.8/site-packages/airflow/example_dags/example_branch_python_dop_operator_3.py took 0.140 seconds
[2023-11-04T16:39:02.631+0000] {processor.py:157} INFO - Started process (PID=7368) to work on /home/airflow/.local/lib/python3.8/site-packages/airflow/example_dags/example_branch_python_dop_operator_3.py
[2023-11-04T16:39:02.633+0000] {processor.py:829} INFO - Processing file /home/airflow/.local/lib/python3.8/site-packages/airflow/example_dags/example_branch_python_dop_operator_3.py for tasks to queue
[2023-11-04T16:39:02.635+0000] {logging_mixin.py:151} INFO - [2023-11-04T16:39:02.634+0000] {dagbag.py:536} INFO - Filling up the DagBag from /home/airflow/.local/lib/python3.8/site-packages/airflow/example_dags/example_branch_python_dop_operator_3.py
[2023-11-04T16:39:02.653+0000] {processor.py:839} INFO - DAG(s) dict_keys(['example_branch_dop_operator_v3']) retrieved from /home/airflow/.local/lib/python3.8/site-packages/airflow/example_dags/example_branch_python_dop_operator_3.py
[2023-11-04T16:39:02.691+0000] {logging_mixin.py:151} INFO - [2023-11-04T16:39:02.690+0000] {dag.py:2941} INFO - Sync 1 DAGs
[2023-11-04T16:39:02.736+0000] {logging_mixin.py:151} INFO - [2023-11-04T16:39:02.736+0000] {dag.py:3722} INFO - Setting next_dagrun for example_branch_dop_operator_v3 to 2023-11-04T16:38:00+00:00, run_after=2023-11-04T16:39:00+00:00
[2023-11-04T16:39:02.771+0000] {processor.py:179} INFO - Processing /home/airflow/.local/lib/python3.8/site-packages/airflow/example_dags/example_branch_python_dop_operator_3.py took 0.145 seconds
[2023-11-04T16:39:33.126+0000] {processor.py:157} INFO - Started process (PID=7606) to work on /home/airflow/.local/lib/python3.8/site-packages/airflow/example_dags/example_branch_python_dop_operator_3.py
[2023-11-04T16:39:33.127+0000] {processor.py:829} INFO - Processing file /home/airflow/.local/lib/python3.8/site-packages/airflow/example_dags/example_branch_python_dop_operator_3.py for tasks to queue
[2023-11-04T16:39:33.129+0000] {logging_mixin.py:151} INFO - [2023-11-04T16:39:33.129+0000] {dagbag.py:536} INFO - Filling up the DagBag from /home/airflow/.local/lib/python3.8/site-packages/airflow/example_dags/example_branch_python_dop_operator_3.py
[2023-11-04T16:39:33.143+0000] {processor.py:839} INFO - DAG(s) dict_keys(['example_branch_dop_operator_v3']) retrieved from /home/airflow/.local/lib/python3.8/site-packages/airflow/example_dags/example_branch_python_dop_operator_3.py
[2023-11-04T16:39:33.175+0000] {logging_mixin.py:151} INFO - [2023-11-04T16:39:33.174+0000] {dag.py:2941} INFO - Sync 1 DAGs
[2023-11-04T16:39:33.215+0000] {logging_mixin.py:151} INFO - [2023-11-04T16:39:33.215+0000] {dag.py:3722} INFO - Setting next_dagrun for example_branch_dop_operator_v3 to 2023-11-04T16:38:00+00:00, run_after=2023-11-04T16:39:00+00:00
[2023-11-04T16:39:33.247+0000] {processor.py:179} INFO - Processing /home/airflow/.local/lib/python3.8/site-packages/airflow/example_dags/example_branch_python_dop_operator_3.py took 0.126 seconds
[2023-11-04T16:40:03.319+0000] {processor.py:157} INFO - Started process (PID=7844) to work on /home/airflow/.local/lib/python3.8/site-packages/airflow/example_dags/example_branch_python_dop_operator_3.py
[2023-11-04T16:40:03.321+0000] {processor.py:829} INFO - Processing file /home/airflow/.local/lib/python3.8/site-packages/airflow/example_dags/example_branch_python_dop_operator_3.py for tasks to queue
[2023-11-04T16:40:03.322+0000] {logging_mixin.py:151} INFO - [2023-11-04T16:40:03.322+0000] {dagbag.py:536} INFO - Filling up the DagBag from /home/airflow/.local/lib/python3.8/site-packages/airflow/example_dags/example_branch_python_dop_operator_3.py
[2023-11-04T16:40:03.343+0000] {processor.py:839} INFO - DAG(s) dict_keys(['example_branch_dop_operator_v3']) retrieved from /home/airflow/.local/lib/python3.8/site-packages/airflow/example_dags/example_branch_python_dop_operator_3.py
[2023-11-04T16:40:03.378+0000] {logging_mixin.py:151} INFO - [2023-11-04T16:40:03.378+0000] {dag.py:2941} INFO - Sync 1 DAGs
[2023-11-04T16:40:03.424+0000] {logging_mixin.py:151} INFO - [2023-11-04T16:40:03.424+0000] {dag.py:3722} INFO - Setting next_dagrun for example_branch_dop_operator_v3 to 2023-11-04T16:39:00+00:00, run_after=2023-11-04T16:40:00+00:00
[2023-11-04T16:40:03.457+0000] {processor.py:179} INFO - Processing /home/airflow/.local/lib/python3.8/site-packages/airflow/example_dags/example_branch_python_dop_operator_3.py took 0.143 seconds
[2023-11-04T16:40:34.084+0000] {processor.py:157} INFO - Started process (PID=8082) to work on /home/airflow/.local/lib/python3.8/site-packages/airflow/example_dags/example_branch_python_dop_operator_3.py
[2023-11-04T16:40:34.085+0000] {processor.py:829} INFO - Processing file /home/airflow/.local/lib/python3.8/site-packages/airflow/example_dags/example_branch_python_dop_operator_3.py for tasks to queue
[2023-11-04T16:40:34.087+0000] {logging_mixin.py:151} INFO - [2023-11-04T16:40:34.087+0000] {dagbag.py:536} INFO - Filling up the DagBag from /home/airflow/.local/lib/python3.8/site-packages/airflow/example_dags/example_branch_python_dop_operator_3.py
[2023-11-04T16:40:34.101+0000] {processor.py:839} INFO - DAG(s) dict_keys(['example_branch_dop_operator_v3']) retrieved from /home/airflow/.local/lib/python3.8/site-packages/airflow/example_dags/example_branch_python_dop_operator_3.py
[2023-11-04T16:40:34.133+0000] {logging_mixin.py:151} INFO - [2023-11-04T16:40:34.133+0000] {dag.py:2941} INFO - Sync 1 DAGs
[2023-11-04T16:40:34.174+0000] {logging_mixin.py:151} INFO - [2023-11-04T16:40:34.173+0000] {dag.py:3722} INFO - Setting next_dagrun for example_branch_dop_operator_v3 to 2023-11-04T16:39:00+00:00, run_after=2023-11-04T16:40:00+00:00
[2023-11-04T16:40:34.203+0000] {processor.py:179} INFO - Processing /home/airflow/.local/lib/python3.8/site-packages/airflow/example_dags/example_branch_python_dop_operator_3.py took 0.124 seconds
[2023-11-04T16:41:04.590+0000] {processor.py:157} INFO - Started process (PID=8318) to work on /home/airflow/.local/lib/python3.8/site-packages/airflow/example_dags/example_branch_python_dop_operator_3.py
[2023-11-04T16:41:04.592+0000] {processor.py:829} INFO - Processing file /home/airflow/.local/lib/python3.8/site-packages/airflow/example_dags/example_branch_python_dop_operator_3.py for tasks to queue
[2023-11-04T16:41:04.595+0000] {logging_mixin.py:151} INFO - [2023-11-04T16:41:04.594+0000] {dagbag.py:536} INFO - Filling up the DagBag from /home/airflow/.local/lib/python3.8/site-packages/airflow/example_dags/example_branch_python_dop_operator_3.py
[2023-11-04T16:41:04.616+0000] {processor.py:839} INFO - DAG(s) dict_keys(['example_branch_dop_operator_v3']) retrieved from /home/airflow/.local/lib/python3.8/site-packages/airflow/example_dags/example_branch_python_dop_operator_3.py
[2023-11-04T16:41:04.656+0000] {logging_mixin.py:151} INFO - [2023-11-04T16:41:04.655+0000] {dag.py:2941} INFO - Sync 1 DAGs
[2023-11-04T16:41:04.708+0000] {logging_mixin.py:151} INFO - [2023-11-04T16:41:04.708+0000] {dag.py:3722} INFO - Setting next_dagrun for example_branch_dop_operator_v3 to 2023-11-04T16:40:00+00:00, run_after=2023-11-04T16:41:00+00:00
[2023-11-04T16:41:04.743+0000] {processor.py:179} INFO - Processing /home/airflow/.local/lib/python3.8/site-packages/airflow/example_dags/example_branch_python_dop_operator_3.py took 0.159 seconds
[2023-11-04T16:41:35.363+0000] {processor.py:157} INFO - Started process (PID=8556) to work on /home/airflow/.local/lib/python3.8/site-packages/airflow/example_dags/example_branch_python_dop_operator_3.py
[2023-11-04T16:41:35.365+0000] {processor.py:829} INFO - Processing file /home/airflow/.local/lib/python3.8/site-packages/airflow/example_dags/example_branch_python_dop_operator_3.py for tasks to queue
[2023-11-04T16:41:35.366+0000] {logging_mixin.py:151} INFO - [2023-11-04T16:41:35.366+0000] {dagbag.py:536} INFO - Filling up the DagBag from /home/airflow/.local/lib/python3.8/site-packages/airflow/example_dags/example_branch_python_dop_operator_3.py
[2023-11-04T16:41:35.382+0000] {processor.py:839} INFO - DAG(s) dict_keys(['example_branch_dop_operator_v3']) retrieved from /home/airflow/.local/lib/python3.8/site-packages/airflow/example_dags/example_branch_python_dop_operator_3.py
[2023-11-04T16:41:35.414+0000] {logging_mixin.py:151} INFO - [2023-11-04T16:41:35.414+0000] {dag.py:2941} INFO - Sync 1 DAGs
[2023-11-04T16:41:35.458+0000] {logging_mixin.py:151} INFO - [2023-11-04T16:41:35.458+0000] {dag.py:3722} INFO - Setting next_dagrun for example_branch_dop_operator_v3 to 2023-11-04T16:40:00+00:00, run_after=2023-11-04T16:41:00+00:00
[2023-11-04T16:41:35.487+0000] {processor.py:179} INFO - Processing /home/airflow/.local/lib/python3.8/site-packages/airflow/example_dags/example_branch_python_dop_operator_3.py took 0.128 seconds
[2023-11-04T16:42:05.683+0000] {processor.py:157} INFO - Started process (PID=8796) to work on /home/airflow/.local/lib/python3.8/site-packages/airflow/example_dags/example_branch_python_dop_operator_3.py
[2023-11-04T16:42:05.685+0000] {processor.py:829} INFO - Processing file /home/airflow/.local/lib/python3.8/site-packages/airflow/example_dags/example_branch_python_dop_operator_3.py for tasks to queue
[2023-11-04T16:42:05.688+0000] {logging_mixin.py:151} INFO - [2023-11-04T16:42:05.687+0000] {dagbag.py:536} INFO - Filling up the DagBag from /home/airflow/.local/lib/python3.8/site-packages/airflow/example_dags/example_branch_python_dop_operator_3.py
[2023-11-04T16:42:05.703+0000] {processor.py:839} INFO - DAG(s) dict_keys(['example_branch_dop_operator_v3']) retrieved from /home/airflow/.local/lib/python3.8/site-packages/airflow/example_dags/example_branch_python_dop_operator_3.py
[2023-11-04T16:42:05.740+0000] {logging_mixin.py:151} INFO - [2023-11-04T16:42:05.740+0000] {dag.py:2941} INFO - Sync 1 DAGs
[2023-11-04T16:42:05.789+0000] {logging_mixin.py:151} INFO - [2023-11-04T16:42:05.789+0000] {dag.py:3722} INFO - Setting next_dagrun for example_branch_dop_operator_v3 to 2023-11-04T16:41:00+00:00, run_after=2023-11-04T16:42:00+00:00
[2023-11-04T16:42:05.823+0000] {processor.py:179} INFO - Processing /home/airflow/.local/lib/python3.8/site-packages/airflow/example_dags/example_branch_python_dop_operator_3.py took 0.145 seconds
[2023-11-04T17:13:28.261+0000] {processor.py:157} INFO - Started process (PID=217) to work on /home/airflow/.local/lib/python3.8/site-packages/airflow/example_dags/example_branch_python_dop_operator_3.py
[2023-11-04T17:13:28.263+0000] {processor.py:829} INFO - Processing file /home/airflow/.local/lib/python3.8/site-packages/airflow/example_dags/example_branch_python_dop_operator_3.py for tasks to queue
[2023-11-04T17:13:28.265+0000] {logging_mixin.py:151} INFO - [2023-11-04T17:13:28.264+0000] {dagbag.py:536} INFO - Filling up the DagBag from /home/airflow/.local/lib/python3.8/site-packages/airflow/example_dags/example_branch_python_dop_operator_3.py
[2023-11-04T17:13:28.285+0000] {processor.py:839} INFO - DAG(s) dict_keys(['example_branch_dop_operator_v3']) retrieved from /home/airflow/.local/lib/python3.8/site-packages/airflow/example_dags/example_branch_python_dop_operator_3.py
[2023-11-04T17:13:28.327+0000] {logging_mixin.py:151} INFO - [2023-11-04T17:13:28.327+0000] {dag.py:2941} INFO - Sync 1 DAGs
[2023-11-04T17:13:28.374+0000] {logging_mixin.py:151} INFO - [2023-11-04T17:13:28.373+0000] {dag.py:3722} INFO - Setting next_dagrun for example_branch_dop_operator_v3 to 2023-11-04T17:12:00+00:00, run_after=2023-11-04T17:13:00+00:00
[2023-11-04T17:13:28.408+0000] {processor.py:179} INFO - Processing /home/airflow/.local/lib/python3.8/site-packages/airflow/example_dags/example_branch_python_dop_operator_3.py took 0.152 seconds
[2023-11-04T17:13:58.960+0000] {processor.py:157} INFO - Started process (PID=456) to work on /home/airflow/.local/lib/python3.8/site-packages/airflow/example_dags/example_branch_python_dop_operator_3.py
[2023-11-04T17:13:58.962+0000] {processor.py:829} INFO - Processing file /home/airflow/.local/lib/python3.8/site-packages/airflow/example_dags/example_branch_python_dop_operator_3.py for tasks to queue
[2023-11-04T17:13:58.965+0000] {logging_mixin.py:151} INFO - [2023-11-04T17:13:58.964+0000] {dagbag.py:536} INFO - Filling up the DagBag from /home/airflow/.local/lib/python3.8/site-packages/airflow/example_dags/example_branch_python_dop_operator_3.py
[2023-11-04T17:13:58.979+0000] {processor.py:839} INFO - DAG(s) dict_keys(['example_branch_dop_operator_v3']) retrieved from /home/airflow/.local/lib/python3.8/site-packages/airflow/example_dags/example_branch_python_dop_operator_3.py
[2023-11-04T17:13:59.005+0000] {logging_mixin.py:151} INFO - [2023-11-04T17:13:59.005+0000] {dag.py:2941} INFO - Sync 1 DAGs
[2023-11-04T17:13:59.059+0000] {logging_mixin.py:151} INFO - [2023-11-04T17:13:59.058+0000] {dag.py:3722} INFO - Setting next_dagrun for example_branch_dop_operator_v3 to 2023-11-04T17:12:00+00:00, run_after=2023-11-04T17:13:00+00:00
[2023-11-04T17:13:59.095+0000] {processor.py:179} INFO - Processing /home/airflow/.local/lib/python3.8/site-packages/airflow/example_dags/example_branch_python_dop_operator_3.py took 0.140 seconds
[2023-11-04T17:14:29.147+0000] {processor.py:157} INFO - Started process (PID=693) to work on /home/airflow/.local/lib/python3.8/site-packages/airflow/example_dags/example_branch_python_dop_operator_3.py
[2023-11-04T17:14:29.149+0000] {processor.py:829} INFO - Processing file /home/airflow/.local/lib/python3.8/site-packages/airflow/example_dags/example_branch_python_dop_operator_3.py for tasks to queue
[2023-11-04T17:14:29.150+0000] {logging_mixin.py:151} INFO - [2023-11-04T17:14:29.150+0000] {dagbag.py:536} INFO - Filling up the DagBag from /home/airflow/.local/lib/python3.8/site-packages/airflow/example_dags/example_branch_python_dop_operator_3.py
[2023-11-04T17:14:29.164+0000] {processor.py:839} INFO - DAG(s) dict_keys(['example_branch_dop_operator_v3']) retrieved from /home/airflow/.local/lib/python3.8/site-packages/airflow/example_dags/example_branch_python_dop_operator_3.py
[2023-11-04T17:14:29.181+0000] {logging_mixin.py:151} INFO - [2023-11-04T17:14:29.181+0000] {dag.py:2941} INFO - Sync 1 DAGs
[2023-11-04T17:14:29.225+0000] {logging_mixin.py:151} INFO - [2023-11-04T17:14:29.225+0000] {dag.py:3722} INFO - Setting next_dagrun for example_branch_dop_operator_v3 to 2023-11-04T17:13:00+00:00, run_after=2023-11-04T17:14:00+00:00
[2023-11-04T17:14:29.253+0000] {processor.py:179} INFO - Processing /home/airflow/.local/lib/python3.8/site-packages/airflow/example_dags/example_branch_python_dop_operator_3.py took 0.110 seconds
[2023-11-04T17:14:59.740+0000] {processor.py:157} INFO - Started process (PID=931) to work on /home/airflow/.local/lib/python3.8/site-packages/airflow/example_dags/example_branch_python_dop_operator_3.py
[2023-11-04T17:14:59.742+0000] {processor.py:829} INFO - Processing file /home/airflow/.local/lib/python3.8/site-packages/airflow/example_dags/example_branch_python_dop_operator_3.py for tasks to queue
[2023-11-04T17:14:59.743+0000] {logging_mixin.py:151} INFO - [2023-11-04T17:14:59.743+0000] {dagbag.py:536} INFO - Filling up the DagBag from /home/airflow/.local/lib/python3.8/site-packages/airflow/example_dags/example_branch_python_dop_operator_3.py
[2023-11-04T17:14:59.760+0000] {processor.py:839} INFO - DAG(s) dict_keys(['example_branch_dop_operator_v3']) retrieved from /home/airflow/.local/lib/python3.8/site-packages/airflow/example_dags/example_branch_python_dop_operator_3.py
[2023-11-04T17:14:59.794+0000] {logging_mixin.py:151} INFO - [2023-11-04T17:14:59.794+0000] {dag.py:2941} INFO - Sync 1 DAGs
[2023-11-04T17:14:59.838+0000] {logging_mixin.py:151} INFO - [2023-11-04T17:14:59.837+0000] {dag.py:3722} INFO - Setting next_dagrun for example_branch_dop_operator_v3 to 2023-11-04T17:13:00+00:00, run_after=2023-11-04T17:14:00+00:00
[2023-11-04T17:14:59.877+0000] {processor.py:179} INFO - Processing /home/airflow/.local/lib/python3.8/site-packages/airflow/example_dags/example_branch_python_dop_operator_3.py took 0.141 seconds
[2023-11-04T17:15:30.682+0000] {processor.py:157} INFO - Started process (PID=1169) to work on /home/airflow/.local/lib/python3.8/site-packages/airflow/example_dags/example_branch_python_dop_operator_3.py
[2023-11-04T17:15:30.684+0000] {processor.py:829} INFO - Processing file /home/airflow/.local/lib/python3.8/site-packages/airflow/example_dags/example_branch_python_dop_operator_3.py for tasks to queue
[2023-11-04T17:15:30.685+0000] {logging_mixin.py:151} INFO - [2023-11-04T17:15:30.685+0000] {dagbag.py:536} INFO - Filling up the DagBag from /home/airflow/.local/lib/python3.8/site-packages/airflow/example_dags/example_branch_python_dop_operator_3.py
[2023-11-04T17:15:30.699+0000] {processor.py:839} INFO - DAG(s) dict_keys(['example_branch_dop_operator_v3']) retrieved from /home/airflow/.local/lib/python3.8/site-packages/airflow/example_dags/example_branch_python_dop_operator_3.py
[2023-11-04T17:15:30.731+0000] {logging_mixin.py:151} INFO - [2023-11-04T17:15:30.731+0000] {dag.py:2941} INFO - Sync 1 DAGs
[2023-11-04T17:15:30.775+0000] {logging_mixin.py:151} INFO - [2023-11-04T17:15:30.775+0000] {dag.py:3722} INFO - Setting next_dagrun for example_branch_dop_operator_v3 to 2023-11-04T17:14:00+00:00, run_after=2023-11-04T17:15:00+00:00
[2023-11-04T17:15:30.803+0000] {processor.py:179} INFO - Processing /home/airflow/.local/lib/python3.8/site-packages/airflow/example_dags/example_branch_python_dop_operator_3.py took 0.126 seconds
[2023-11-04T17:16:01.252+0000] {processor.py:157} INFO - Started process (PID=1431) to work on /home/airflow/.local/lib/python3.8/site-packages/airflow/example_dags/example_branch_python_dop_operator_3.py
[2023-11-04T17:16:01.254+0000] {processor.py:829} INFO - Processing file /home/airflow/.local/lib/python3.8/site-packages/airflow/example_dags/example_branch_python_dop_operator_3.py for tasks to queue
[2023-11-04T17:16:01.256+0000] {logging_mixin.py:151} INFO - [2023-11-04T17:16:01.255+0000] {dagbag.py:536} INFO - Filling up the DagBag from /home/airflow/.local/lib/python3.8/site-packages/airflow/example_dags/example_branch_python_dop_operator_3.py
[2023-11-04T17:16:01.273+0000] {processor.py:839} INFO - DAG(s) dict_keys(['example_branch_dop_operator_v3']) retrieved from /home/airflow/.local/lib/python3.8/site-packages/airflow/example_dags/example_branch_python_dop_operator_3.py
[2023-11-04T17:16:01.317+0000] {logging_mixin.py:151} INFO - [2023-11-04T17:16:01.317+0000] {dag.py:2941} INFO - Sync 1 DAGs
[2023-11-04T17:16:01.392+0000] {logging_mixin.py:151} INFO - [2023-11-04T17:16:01.391+0000] {dag.py:3722} INFO - Setting next_dagrun for example_branch_dop_operator_v3 to 2023-11-04T17:15:00+00:00, run_after=2023-11-04T17:16:00+00:00
[2023-11-04T17:16:01.436+0000] {processor.py:179} INFO - Processing /home/airflow/.local/lib/python3.8/site-packages/airflow/example_dags/example_branch_python_dop_operator_3.py took 0.190 seconds
[2023-11-04T17:16:31.490+0000] {processor.py:157} INFO - Started process (PID=1672) to work on /home/airflow/.local/lib/python3.8/site-packages/airflow/example_dags/example_branch_python_dop_operator_3.py
[2023-11-04T17:16:31.491+0000] {processor.py:829} INFO - Processing file /home/airflow/.local/lib/python3.8/site-packages/airflow/example_dags/example_branch_python_dop_operator_3.py for tasks to queue
[2023-11-04T17:16:31.493+0000] {logging_mixin.py:151} INFO - [2023-11-04T17:16:31.493+0000] {dagbag.py:536} INFO - Filling up the DagBag from /home/airflow/.local/lib/python3.8/site-packages/airflow/example_dags/example_branch_python_dop_operator_3.py
[2023-11-04T17:16:31.517+0000] {processor.py:839} INFO - DAG(s) dict_keys(['example_branch_dop_operator_v3']) retrieved from /home/airflow/.local/lib/python3.8/site-packages/airflow/example_dags/example_branch_python_dop_operator_3.py
[2023-11-04T17:16:31.552+0000] {logging_mixin.py:151} INFO - [2023-11-04T17:16:31.552+0000] {dag.py:2941} INFO - Sync 1 DAGs
[2023-11-04T17:16:31.592+0000] {logging_mixin.py:151} INFO - [2023-11-04T17:16:31.591+0000] {dag.py:3722} INFO - Setting next_dagrun for example_branch_dop_operator_v3 to 2023-11-04T17:15:00+00:00, run_after=2023-11-04T17:16:00+00:00
[2023-11-04T17:16:31.619+0000] {processor.py:179} INFO - Processing /home/airflow/.local/lib/python3.8/site-packages/airflow/example_dags/example_branch_python_dop_operator_3.py took 0.134 seconds
[2023-11-04T17:17:02.097+0000] {processor.py:157} INFO - Started process (PID=1910) to work on /home/airflow/.local/lib/python3.8/site-packages/airflow/example_dags/example_branch_python_dop_operator_3.py
[2023-11-04T17:17:02.098+0000] {processor.py:829} INFO - Processing file /home/airflow/.local/lib/python3.8/site-packages/airflow/example_dags/example_branch_python_dop_operator_3.py for tasks to queue
[2023-11-04T17:17:02.100+0000] {logging_mixin.py:151} INFO - [2023-11-04T17:17:02.100+0000] {dagbag.py:536} INFO - Filling up the DagBag from /home/airflow/.local/lib/python3.8/site-packages/airflow/example_dags/example_branch_python_dop_operator_3.py
[2023-11-04T17:17:02.114+0000] {processor.py:839} INFO - DAG(s) dict_keys(['example_branch_dop_operator_v3']) retrieved from /home/airflow/.local/lib/python3.8/site-packages/airflow/example_dags/example_branch_python_dop_operator_3.py
[2023-11-04T17:17:02.149+0000] {logging_mixin.py:151} INFO - [2023-11-04T17:17:02.149+0000] {dag.py:2941} INFO - Sync 1 DAGs
[2023-11-04T17:17:02.190+0000] {logging_mixin.py:151} INFO - [2023-11-04T17:17:02.190+0000] {dag.py:3722} INFO - Setting next_dagrun for example_branch_dop_operator_v3 to 2023-11-04T17:16:00+00:00, run_after=2023-11-04T17:17:00+00:00
[2023-11-04T17:17:02.218+0000] {processor.py:179} INFO - Processing /home/airflow/.local/lib/python3.8/site-packages/airflow/example_dags/example_branch_python_dop_operator_3.py took 0.127 seconds
[2023-11-04T17:17:32.327+0000] {processor.py:157} INFO - Started process (PID=2148) to work on /home/airflow/.local/lib/python3.8/site-packages/airflow/example_dags/example_branch_python_dop_operator_3.py
[2023-11-04T17:17:32.329+0000] {processor.py:829} INFO - Processing file /home/airflow/.local/lib/python3.8/site-packages/airflow/example_dags/example_branch_python_dop_operator_3.py for tasks to queue
[2023-11-04T17:17:32.330+0000] {logging_mixin.py:151} INFO - [2023-11-04T17:17:32.330+0000] {dagbag.py:536} INFO - Filling up the DagBag from /home/airflow/.local/lib/python3.8/site-packages/airflow/example_dags/example_branch_python_dop_operator_3.py
[2023-11-04T17:17:32.345+0000] {processor.py:839} INFO - DAG(s) dict_keys(['example_branch_dop_operator_v3']) retrieved from /home/airflow/.local/lib/python3.8/site-packages/airflow/example_dags/example_branch_python_dop_operator_3.py
[2023-11-04T17:17:32.377+0000] {logging_mixin.py:151} INFO - [2023-11-04T17:17:32.377+0000] {dag.py:2941} INFO - Sync 1 DAGs
[2023-11-04T17:17:32.419+0000] {logging_mixin.py:151} INFO - [2023-11-04T17:17:32.419+0000] {dag.py:3722} INFO - Setting next_dagrun for example_branch_dop_operator_v3 to 2023-11-04T17:16:00+00:00, run_after=2023-11-04T17:17:00+00:00
[2023-11-04T17:17:32.451+0000] {processor.py:179} INFO - Processing /home/airflow/.local/lib/python3.8/site-packages/airflow/example_dags/example_branch_python_dop_operator_3.py took 0.128 seconds
[2023-11-04T17:18:02.557+0000] {processor.py:157} INFO - Started process (PID=2386) to work on /home/airflow/.local/lib/python3.8/site-packages/airflow/example_dags/example_branch_python_dop_operator_3.py
[2023-11-04T17:18:02.558+0000] {processor.py:829} INFO - Processing file /home/airflow/.local/lib/python3.8/site-packages/airflow/example_dags/example_branch_python_dop_operator_3.py for tasks to queue
[2023-11-04T17:18:02.560+0000] {logging_mixin.py:151} INFO - [2023-11-04T17:18:02.559+0000] {dagbag.py:536} INFO - Filling up the DagBag from /home/airflow/.local/lib/python3.8/site-packages/airflow/example_dags/example_branch_python_dop_operator_3.py
[2023-11-04T17:18:02.573+0000] {processor.py:839} INFO - DAG(s) dict_keys(['example_branch_dop_operator_v3']) retrieved from /home/airflow/.local/lib/python3.8/site-packages/airflow/example_dags/example_branch_python_dop_operator_3.py
[2023-11-04T17:18:02.604+0000] {logging_mixin.py:151} INFO - [2023-11-04T17:18:02.604+0000] {dag.py:2941} INFO - Sync 1 DAGs
[2023-11-04T17:18:02.644+0000] {logging_mixin.py:151} INFO - [2023-11-04T17:18:02.644+0000] {dag.py:3722} INFO - Setting next_dagrun for example_branch_dop_operator_v3 to 2023-11-04T17:17:00+00:00, run_after=2023-11-04T17:18:00+00:00
[2023-11-04T17:18:02.671+0000] {processor.py:179} INFO - Processing /home/airflow/.local/lib/python3.8/site-packages/airflow/example_dags/example_branch_python_dop_operator_3.py took 0.119 seconds
[2023-11-04T17:18:33.396+0000] {processor.py:157} INFO - Started process (PID=2622) to work on /home/airflow/.local/lib/python3.8/site-packages/airflow/example_dags/example_branch_python_dop_operator_3.py
[2023-11-04T17:18:33.398+0000] {processor.py:829} INFO - Processing file /home/airflow/.local/lib/python3.8/site-packages/airflow/example_dags/example_branch_python_dop_operator_3.py for tasks to queue
[2023-11-04T17:18:33.400+0000] {logging_mixin.py:151} INFO - [2023-11-04T17:18:33.399+0000] {dagbag.py:536} INFO - Filling up the DagBag from /home/airflow/.local/lib/python3.8/site-packages/airflow/example_dags/example_branch_python_dop_operator_3.py
[2023-11-04T17:18:33.415+0000] {processor.py:839} INFO - DAG(s) dict_keys(['example_branch_dop_operator_v3']) retrieved from /home/airflow/.local/lib/python3.8/site-packages/airflow/example_dags/example_branch_python_dop_operator_3.py
[2023-11-04T17:18:33.446+0000] {logging_mixin.py:151} INFO - [2023-11-04T17:18:33.446+0000] {dag.py:2941} INFO - Sync 1 DAGs
[2023-11-04T17:18:33.487+0000] {logging_mixin.py:151} INFO - [2023-11-04T17:18:33.487+0000] {dag.py:3722} INFO - Setting next_dagrun for example_branch_dop_operator_v3 to 2023-11-04T17:17:00+00:00, run_after=2023-11-04T17:18:00+00:00
[2023-11-04T17:18:33.516+0000] {processor.py:179} INFO - Processing /home/airflow/.local/lib/python3.8/site-packages/airflow/example_dags/example_branch_python_dop_operator_3.py took 0.125 seconds
[2023-11-04T17:19:04.526+0000] {processor.py:157} INFO - Started process (PID=2862) to work on /home/airflow/.local/lib/python3.8/site-packages/airflow/example_dags/example_branch_python_dop_operator_3.py
[2023-11-04T17:19:04.527+0000] {processor.py:829} INFO - Processing file /home/airflow/.local/lib/python3.8/site-packages/airflow/example_dags/example_branch_python_dop_operator_3.py for tasks to queue
[2023-11-04T17:19:04.529+0000] {logging_mixin.py:151} INFO - [2023-11-04T17:19:04.529+0000] {dagbag.py:536} INFO - Filling up the DagBag from /home/airflow/.local/lib/python3.8/site-packages/airflow/example_dags/example_branch_python_dop_operator_3.py
[2023-11-04T17:19:04.543+0000] {processor.py:839} INFO - DAG(s) dict_keys(['example_branch_dop_operator_v3']) retrieved from /home/airflow/.local/lib/python3.8/site-packages/airflow/example_dags/example_branch_python_dop_operator_3.py
[2023-11-04T17:19:04.576+0000] {logging_mixin.py:151} INFO - [2023-11-04T17:19:04.576+0000] {dag.py:2941} INFO - Sync 1 DAGs
[2023-11-04T17:19:04.617+0000] {logging_mixin.py:151} INFO - [2023-11-04T17:19:04.617+0000] {dag.py:3722} INFO - Setting next_dagrun for example_branch_dop_operator_v3 to 2023-11-04T17:18:00+00:00, run_after=2023-11-04T17:19:00+00:00
[2023-11-04T17:19:04.646+0000] {processor.py:179} INFO - Processing /home/airflow/.local/lib/python3.8/site-packages/airflow/example_dags/example_branch_python_dop_operator_3.py took 0.125 seconds
[2023-11-04T17:19:35.072+0000] {processor.py:157} INFO - Started process (PID=3100) to work on /home/airflow/.local/lib/python3.8/site-packages/airflow/example_dags/example_branch_python_dop_operator_3.py
[2023-11-04T17:19:35.074+0000] {processor.py:829} INFO - Processing file /home/airflow/.local/lib/python3.8/site-packages/airflow/example_dags/example_branch_python_dop_operator_3.py for tasks to queue
[2023-11-04T17:19:35.075+0000] {logging_mixin.py:151} INFO - [2023-11-04T17:19:35.075+0000] {dagbag.py:536} INFO - Filling up the DagBag from /home/airflow/.local/lib/python3.8/site-packages/airflow/example_dags/example_branch_python_dop_operator_3.py
[2023-11-04T17:19:35.089+0000] {processor.py:839} INFO - DAG(s) dict_keys(['example_branch_dop_operator_v3']) retrieved from /home/airflow/.local/lib/python3.8/site-packages/airflow/example_dags/example_branch_python_dop_operator_3.py
[2023-11-04T17:19:35.121+0000] {logging_mixin.py:151} INFO - [2023-11-04T17:19:35.120+0000] {dag.py:2941} INFO - Sync 1 DAGs
[2023-11-04T17:19:35.161+0000] {logging_mixin.py:151} INFO - [2023-11-04T17:19:35.161+0000] {dag.py:3722} INFO - Setting next_dagrun for example_branch_dop_operator_v3 to 2023-11-04T17:18:00+00:00, run_after=2023-11-04T17:19:00+00:00
[2023-11-04T17:19:35.189+0000] {processor.py:179} INFO - Processing /home/airflow/.local/lib/python3.8/site-packages/airflow/example_dags/example_branch_python_dop_operator_3.py took 0.122 seconds
[2023-11-04T17:20:05.655+0000] {processor.py:157} INFO - Started process (PID=3338) to work on /home/airflow/.local/lib/python3.8/site-packages/airflow/example_dags/example_branch_python_dop_operator_3.py
[2023-11-04T17:20:05.657+0000] {processor.py:829} INFO - Processing file /home/airflow/.local/lib/python3.8/site-packages/airflow/example_dags/example_branch_python_dop_operator_3.py for tasks to queue
[2023-11-04T17:20:05.659+0000] {logging_mixin.py:151} INFO - [2023-11-04T17:20:05.659+0000] {dagbag.py:536} INFO - Filling up the DagBag from /home/airflow/.local/lib/python3.8/site-packages/airflow/example_dags/example_branch_python_dop_operator_3.py
[2023-11-04T17:20:05.676+0000] {processor.py:839} INFO - DAG(s) dict_keys(['example_branch_dop_operator_v3']) retrieved from /home/airflow/.local/lib/python3.8/site-packages/airflow/example_dags/example_branch_python_dop_operator_3.py
[2023-11-04T17:20:05.708+0000] {logging_mixin.py:151} INFO - [2023-11-04T17:20:05.708+0000] {dag.py:2941} INFO - Sync 1 DAGs
[2023-11-04T17:20:05.748+0000] {logging_mixin.py:151} INFO - [2023-11-04T17:20:05.748+0000] {dag.py:3722} INFO - Setting next_dagrun for example_branch_dop_operator_v3 to 2023-11-04T17:19:00+00:00, run_after=2023-11-04T17:20:00+00:00
[2023-11-04T17:20:05.776+0000] {processor.py:179} INFO - Processing /home/airflow/.local/lib/python3.8/site-packages/airflow/example_dags/example_branch_python_dop_operator_3.py took 0.126 seconds
[2023-11-04T17:20:36.048+0000] {processor.py:157} INFO - Started process (PID=3583) to work on /home/airflow/.local/lib/python3.8/site-packages/airflow/example_dags/example_branch_python_dop_operator_3.py
[2023-11-04T17:20:36.050+0000] {processor.py:829} INFO - Processing file /home/airflow/.local/lib/python3.8/site-packages/airflow/example_dags/example_branch_python_dop_operator_3.py for tasks to queue
[2023-11-04T17:20:36.051+0000] {logging_mixin.py:151} INFO - [2023-11-04T17:20:36.051+0000] {dagbag.py:536} INFO - Filling up the DagBag from /home/airflow/.local/lib/python3.8/site-packages/airflow/example_dags/example_branch_python_dop_operator_3.py
[2023-11-04T17:20:36.065+0000] {processor.py:839} INFO - DAG(s) dict_keys(['example_branch_dop_operator_v3']) retrieved from /home/airflow/.local/lib/python3.8/site-packages/airflow/example_dags/example_branch_python_dop_operator_3.py
[2023-11-04T17:20:36.096+0000] {logging_mixin.py:151} INFO - [2023-11-04T17:20:36.096+0000] {dag.py:2941} INFO - Sync 1 DAGs
[2023-11-04T17:20:36.136+0000] {logging_mixin.py:151} INFO - [2023-11-04T17:20:36.136+0000] {dag.py:3722} INFO - Setting next_dagrun for example_branch_dop_operator_v3 to 2023-11-04T17:19:00+00:00, run_after=2023-11-04T17:20:00+00:00
[2023-11-04T17:20:36.164+0000] {processor.py:179} INFO - Processing /home/airflow/.local/lib/python3.8/site-packages/airflow/example_dags/example_branch_python_dop_operator_3.py took 0.121 seconds
[2023-11-04T17:21:06.932+0000] {processor.py:157} INFO - Started process (PID=3821) to work on /home/airflow/.local/lib/python3.8/site-packages/airflow/example_dags/example_branch_python_dop_operator_3.py
[2023-11-04T17:21:06.933+0000] {processor.py:829} INFO - Processing file /home/airflow/.local/lib/python3.8/site-packages/airflow/example_dags/example_branch_python_dop_operator_3.py for tasks to queue
[2023-11-04T17:21:06.935+0000] {logging_mixin.py:151} INFO - [2023-11-04T17:21:06.935+0000] {dagbag.py:536} INFO - Filling up the DagBag from /home/airflow/.local/lib/python3.8/site-packages/airflow/example_dags/example_branch_python_dop_operator_3.py
[2023-11-04T17:21:06.950+0000] {processor.py:839} INFO - DAG(s) dict_keys(['example_branch_dop_operator_v3']) retrieved from /home/airflow/.local/lib/python3.8/site-packages/airflow/example_dags/example_branch_python_dop_operator_3.py
[2023-11-04T17:21:06.981+0000] {logging_mixin.py:151} INFO - [2023-11-04T17:21:06.981+0000] {dag.py:2941} INFO - Sync 1 DAGs
[2023-11-04T17:21:07.022+0000] {logging_mixin.py:151} INFO - [2023-11-04T17:21:07.022+0000] {dag.py:3722} INFO - Setting next_dagrun for example_branch_dop_operator_v3 to 2023-11-04T17:20:00+00:00, run_after=2023-11-04T17:21:00+00:00
[2023-11-04T17:21:07.052+0000] {processor.py:179} INFO - Processing /home/airflow/.local/lib/python3.8/site-packages/airflow/example_dags/example_branch_python_dop_operator_3.py took 0.125 seconds
[2023-11-04T17:21:37.957+0000] {processor.py:157} INFO - Started process (PID=4093) to work on /home/airflow/.local/lib/python3.8/site-packages/airflow/example_dags/example_branch_python_dop_operator_3.py
[2023-11-04T17:21:37.958+0000] {processor.py:829} INFO - Processing file /home/airflow/.local/lib/python3.8/site-packages/airflow/example_dags/example_branch_python_dop_operator_3.py for tasks to queue
[2023-11-04T17:21:37.960+0000] {logging_mixin.py:151} INFO - [2023-11-04T17:21:37.960+0000] {dagbag.py:536} INFO - Filling up the DagBag from /home/airflow/.local/lib/python3.8/site-packages/airflow/example_dags/example_branch_python_dop_operator_3.py
[2023-11-04T17:21:37.983+0000] {processor.py:839} INFO - DAG(s) dict_keys(['example_branch_dop_operator_v3']) retrieved from /home/airflow/.local/lib/python3.8/site-packages/airflow/example_dags/example_branch_python_dop_operator_3.py
[2023-11-04T17:21:38.034+0000] {logging_mixin.py:151} INFO - [2023-11-04T17:21:38.034+0000] {dag.py:2941} INFO - Sync 1 DAGs
[2023-11-04T17:21:38.107+0000] {logging_mixin.py:151} INFO - [2023-11-04T17:21:38.107+0000] {dag.py:3722} INFO - Setting next_dagrun for example_branch_dop_operator_v3 to 2023-11-04T17:20:00+00:00, run_after=2023-11-04T17:21:00+00:00
[2023-11-04T17:21:38.164+0000] {processor.py:179} INFO - Processing /home/airflow/.local/lib/python3.8/site-packages/airflow/example_dags/example_branch_python_dop_operator_3.py took 0.216 seconds
[2023-11-04T17:22:08.224+0000] {processor.py:157} INFO - Started process (PID=4343) to work on /home/airflow/.local/lib/python3.8/site-packages/airflow/example_dags/example_branch_python_dop_operator_3.py
[2023-11-04T17:22:08.226+0000] {processor.py:829} INFO - Processing file /home/airflow/.local/lib/python3.8/site-packages/airflow/example_dags/example_branch_python_dop_operator_3.py for tasks to queue
[2023-11-04T17:22:08.229+0000] {logging_mixin.py:151} INFO - [2023-11-04T17:22:08.228+0000] {dagbag.py:536} INFO - Filling up the DagBag from /home/airflow/.local/lib/python3.8/site-packages/airflow/example_dags/example_branch_python_dop_operator_3.py
[2023-11-04T17:22:08.249+0000] {processor.py:839} INFO - DAG(s) dict_keys(['example_branch_dop_operator_v3']) retrieved from /home/airflow/.local/lib/python3.8/site-packages/airflow/example_dags/example_branch_python_dop_operator_3.py
[2023-11-04T17:22:08.289+0000] {logging_mixin.py:151} INFO - [2023-11-04T17:22:08.288+0000] {dag.py:2941} INFO - Sync 1 DAGs
[2023-11-04T17:22:08.343+0000] {logging_mixin.py:151} INFO - [2023-11-04T17:22:08.343+0000] {dag.py:3722} INFO - Setting next_dagrun for example_branch_dop_operator_v3 to 2023-11-04T17:21:00+00:00, run_after=2023-11-04T17:22:00+00:00
[2023-11-04T17:22:08.386+0000] {processor.py:179} INFO - Processing /home/airflow/.local/lib/python3.8/site-packages/airflow/example_dags/example_branch_python_dop_operator_3.py took 0.170 seconds
[2023-11-04T17:22:38.739+0000] {processor.py:157} INFO - Started process (PID=4583) to work on /home/airflow/.local/lib/python3.8/site-packages/airflow/example_dags/example_branch_python_dop_operator_3.py
[2023-11-04T17:22:38.741+0000] {processor.py:829} INFO - Processing file /home/airflow/.local/lib/python3.8/site-packages/airflow/example_dags/example_branch_python_dop_operator_3.py for tasks to queue
[2023-11-04T17:22:38.743+0000] {logging_mixin.py:151} INFO - [2023-11-04T17:22:38.742+0000] {dagbag.py:536} INFO - Filling up the DagBag from /home/airflow/.local/lib/python3.8/site-packages/airflow/example_dags/example_branch_python_dop_operator_3.py
[2023-11-04T17:22:38.762+0000] {processor.py:839} INFO - DAG(s) dict_keys(['example_branch_dop_operator_v3']) retrieved from /home/airflow/.local/lib/python3.8/site-packages/airflow/example_dags/example_branch_python_dop_operator_3.py
[2023-11-04T17:22:38.808+0000] {logging_mixin.py:151} INFO - [2023-11-04T17:22:38.808+0000] {dag.py:2941} INFO - Sync 1 DAGs
[2023-11-04T17:22:38.868+0000] {logging_mixin.py:151} INFO - [2023-11-04T17:22:38.867+0000] {dag.py:3722} INFO - Setting next_dagrun for example_branch_dop_operator_v3 to 2023-11-04T17:21:00+00:00, run_after=2023-11-04T17:22:00+00:00
[2023-11-04T17:22:38.912+0000] {processor.py:179} INFO - Processing /home/airflow/.local/lib/python3.8/site-packages/airflow/example_dags/example_branch_python_dop_operator_3.py took 0.180 seconds
