[2023-11-04T16:23:46.809+0000] {processor.py:157} INFO - Started process (PID=303) to work on /home/airflow/.local/lib/python3.8/site-packages/airflow/example_dags/example_external_task_marker_dag.py
[2023-11-04T16:23:46.810+0000] {processor.py:829} INFO - Processing file /home/airflow/.local/lib/python3.8/site-packages/airflow/example_dags/example_external_task_marker_dag.py for tasks to queue
[2023-11-04T16:23:46.812+0000] {logging_mixin.py:151} INFO - [2023-11-04T16:23:46.811+0000] {dagbag.py:536} INFO - Filling up the DagBag from /home/airflow/.local/lib/python3.8/site-packages/airflow/example_dags/example_external_task_marker_dag.py
[2023-11-04T16:23:46.824+0000] {processor.py:839} INFO - DAG(s) dict_keys(['example_external_task_marker_parent', 'example_external_task_marker_child']) retrieved from /home/airflow/.local/lib/python3.8/site-packages/airflow/example_dags/example_external_task_marker_dag.py
[2023-11-04T16:23:46.844+0000] {logging_mixin.py:151} INFO - [2023-11-04T16:23:46.844+0000] {dag.py:2941} INFO - Sync 2 DAGs
[2023-11-04T16:23:46.867+0000] {logging_mixin.py:151} INFO - [2023-11-04T16:23:46.867+0000] {dag.py:3722} INFO - Setting next_dagrun for example_external_task_marker_child to None, run_after=None
[2023-11-04T16:23:46.873+0000] {logging_mixin.py:151} INFO - [2023-11-04T16:23:46.873+0000] {dag.py:3722} INFO - Setting next_dagrun for example_external_task_marker_parent to None, run_after=None
[2023-11-04T16:23:46.902+0000] {processor.py:179} INFO - Processing /home/airflow/.local/lib/python3.8/site-packages/airflow/example_dags/example_external_task_marker_dag.py took 0.098 seconds
[2023-11-04T16:24:17.396+0000] {processor.py:157} INFO - Started process (PID=541) to work on /home/airflow/.local/lib/python3.8/site-packages/airflow/example_dags/example_external_task_marker_dag.py
[2023-11-04T16:24:17.398+0000] {processor.py:829} INFO - Processing file /home/airflow/.local/lib/python3.8/site-packages/airflow/example_dags/example_external_task_marker_dag.py for tasks to queue
[2023-11-04T16:24:17.400+0000] {logging_mixin.py:151} INFO - [2023-11-04T16:24:17.399+0000] {dagbag.py:536} INFO - Filling up the DagBag from /home/airflow/.local/lib/python3.8/site-packages/airflow/example_dags/example_external_task_marker_dag.py
[2023-11-04T16:24:17.410+0000] {processor.py:839} INFO - DAG(s) dict_keys(['example_external_task_marker_parent', 'example_external_task_marker_child']) retrieved from /home/airflow/.local/lib/python3.8/site-packages/airflow/example_dags/example_external_task_marker_dag.py
[2023-11-04T16:24:17.449+0000] {logging_mixin.py:151} INFO - [2023-11-04T16:24:17.448+0000] {dag.py:2941} INFO - Sync 2 DAGs
[2023-11-04T16:24:17.469+0000] {logging_mixin.py:151} INFO - [2023-11-04T16:24:17.469+0000] {dag.py:3722} INFO - Setting next_dagrun for example_external_task_marker_child to None, run_after=None
[2023-11-04T16:24:17.475+0000] {logging_mixin.py:151} INFO - [2023-11-04T16:24:17.475+0000] {dag.py:3722} INFO - Setting next_dagrun for example_external_task_marker_parent to None, run_after=None
[2023-11-04T16:24:17.502+0000] {processor.py:179} INFO - Processing /home/airflow/.local/lib/python3.8/site-packages/airflow/example_dags/example_external_task_marker_dag.py took 0.111 seconds
[2023-11-04T16:24:48.062+0000] {processor.py:157} INFO - Started process (PID=779) to work on /home/airflow/.local/lib/python3.8/site-packages/airflow/example_dags/example_external_task_marker_dag.py
[2023-11-04T16:24:48.064+0000] {processor.py:829} INFO - Processing file /home/airflow/.local/lib/python3.8/site-packages/airflow/example_dags/example_external_task_marker_dag.py for tasks to queue
[2023-11-04T16:24:48.065+0000] {logging_mixin.py:151} INFO - [2023-11-04T16:24:48.065+0000] {dagbag.py:536} INFO - Filling up the DagBag from /home/airflow/.local/lib/python3.8/site-packages/airflow/example_dags/example_external_task_marker_dag.py
[2023-11-04T16:24:48.075+0000] {processor.py:839} INFO - DAG(s) dict_keys(['example_external_task_marker_child', 'example_external_task_marker_parent']) retrieved from /home/airflow/.local/lib/python3.8/site-packages/airflow/example_dags/example_external_task_marker_dag.py
[2023-11-04T16:24:48.118+0000] {logging_mixin.py:151} INFO - [2023-11-04T16:24:48.117+0000] {dag.py:2941} INFO - Sync 2 DAGs
[2023-11-04T16:24:48.138+0000] {logging_mixin.py:151} INFO - [2023-11-04T16:24:48.137+0000] {dag.py:3722} INFO - Setting next_dagrun for example_external_task_marker_child to None, run_after=None
[2023-11-04T16:24:48.143+0000] {logging_mixin.py:151} INFO - [2023-11-04T16:24:48.143+0000] {dag.py:3722} INFO - Setting next_dagrun for example_external_task_marker_parent to None, run_after=None
[2023-11-04T16:24:48.170+0000] {processor.py:179} INFO - Processing /home/airflow/.local/lib/python3.8/site-packages/airflow/example_dags/example_external_task_marker_dag.py took 0.114 seconds
[2023-11-04T16:25:18.341+0000] {processor.py:157} INFO - Started process (PID=1017) to work on /home/airflow/.local/lib/python3.8/site-packages/airflow/example_dags/example_external_task_marker_dag.py
[2023-11-04T16:25:18.343+0000] {processor.py:829} INFO - Processing file /home/airflow/.local/lib/python3.8/site-packages/airflow/example_dags/example_external_task_marker_dag.py for tasks to queue
[2023-11-04T16:25:18.344+0000] {logging_mixin.py:151} INFO - [2023-11-04T16:25:18.344+0000] {dagbag.py:536} INFO - Filling up the DagBag from /home/airflow/.local/lib/python3.8/site-packages/airflow/example_dags/example_external_task_marker_dag.py
[2023-11-04T16:25:18.354+0000] {processor.py:839} INFO - DAG(s) dict_keys(['example_external_task_marker_parent', 'example_external_task_marker_child']) retrieved from /home/airflow/.local/lib/python3.8/site-packages/airflow/example_dags/example_external_task_marker_dag.py
[2023-11-04T16:25:18.395+0000] {logging_mixin.py:151} INFO - [2023-11-04T16:25:18.394+0000] {dag.py:2941} INFO - Sync 2 DAGs
[2023-11-04T16:25:18.414+0000] {logging_mixin.py:151} INFO - [2023-11-04T16:25:18.414+0000] {dag.py:3722} INFO - Setting next_dagrun for example_external_task_marker_child to None, run_after=None
[2023-11-04T16:25:18.420+0000] {logging_mixin.py:151} INFO - [2023-11-04T16:25:18.419+0000] {dag.py:3722} INFO - Setting next_dagrun for example_external_task_marker_parent to None, run_after=None
[2023-11-04T16:25:18.446+0000] {processor.py:179} INFO - Processing /home/airflow/.local/lib/python3.8/site-packages/airflow/example_dags/example_external_task_marker_dag.py took 0.110 seconds
[2023-11-04T16:25:48.592+0000] {processor.py:157} INFO - Started process (PID=1255) to work on /home/airflow/.local/lib/python3.8/site-packages/airflow/example_dags/example_external_task_marker_dag.py
[2023-11-04T16:25:48.593+0000] {processor.py:829} INFO - Processing file /home/airflow/.local/lib/python3.8/site-packages/airflow/example_dags/example_external_task_marker_dag.py for tasks to queue
[2023-11-04T16:25:48.595+0000] {logging_mixin.py:151} INFO - [2023-11-04T16:25:48.595+0000] {dagbag.py:536} INFO - Filling up the DagBag from /home/airflow/.local/lib/python3.8/site-packages/airflow/example_dags/example_external_task_marker_dag.py
[2023-11-04T16:25:48.606+0000] {processor.py:839} INFO - DAG(s) dict_keys(['example_external_task_marker_child', 'example_external_task_marker_parent']) retrieved from /home/airflow/.local/lib/python3.8/site-packages/airflow/example_dags/example_external_task_marker_dag.py
[2023-11-04T16:25:48.649+0000] {logging_mixin.py:151} INFO - [2023-11-04T16:25:48.649+0000] {dag.py:2941} INFO - Sync 2 DAGs
[2023-11-04T16:25:48.669+0000] {logging_mixin.py:151} INFO - [2023-11-04T16:25:48.669+0000] {dag.py:3722} INFO - Setting next_dagrun for example_external_task_marker_child to None, run_after=None
[2023-11-04T16:25:48.675+0000] {logging_mixin.py:151} INFO - [2023-11-04T16:25:48.675+0000] {dag.py:3722} INFO - Setting next_dagrun for example_external_task_marker_parent to None, run_after=None
[2023-11-04T16:25:48.704+0000] {processor.py:179} INFO - Processing /home/airflow/.local/lib/python3.8/site-packages/airflow/example_dags/example_external_task_marker_dag.py took 0.117 seconds
[2023-11-04T16:26:19.056+0000] {processor.py:157} INFO - Started process (PID=1495) to work on /home/airflow/.local/lib/python3.8/site-packages/airflow/example_dags/example_external_task_marker_dag.py
[2023-11-04T16:26:19.057+0000] {processor.py:829} INFO - Processing file /home/airflow/.local/lib/python3.8/site-packages/airflow/example_dags/example_external_task_marker_dag.py for tasks to queue
[2023-11-04T16:26:19.059+0000] {logging_mixin.py:151} INFO - [2023-11-04T16:26:19.059+0000] {dagbag.py:536} INFO - Filling up the DagBag from /home/airflow/.local/lib/python3.8/site-packages/airflow/example_dags/example_external_task_marker_dag.py
[2023-11-04T16:26:19.069+0000] {processor.py:839} INFO - DAG(s) dict_keys(['example_external_task_marker_parent', 'example_external_task_marker_child']) retrieved from /home/airflow/.local/lib/python3.8/site-packages/airflow/example_dags/example_external_task_marker_dag.py
[2023-11-04T16:26:19.089+0000] {logging_mixin.py:151} INFO - [2023-11-04T16:26:19.089+0000] {dag.py:2941} INFO - Sync 2 DAGs
[2023-11-04T16:26:19.113+0000] {logging_mixin.py:151} INFO - [2023-11-04T16:26:19.112+0000] {dag.py:3722} INFO - Setting next_dagrun for example_external_task_marker_child to None, run_after=None
[2023-11-04T16:26:19.118+0000] {logging_mixin.py:151} INFO - [2023-11-04T16:26:19.118+0000] {dag.py:3722} INFO - Setting next_dagrun for example_external_task_marker_parent to None, run_after=None
[2023-11-04T16:26:19.145+0000] {processor.py:179} INFO - Processing /home/airflow/.local/lib/python3.8/site-packages/airflow/example_dags/example_external_task_marker_dag.py took 0.095 seconds
[2023-11-04T16:26:49.645+0000] {processor.py:157} INFO - Started process (PID=1731) to work on /home/airflow/.local/lib/python3.8/site-packages/airflow/example_dags/example_external_task_marker_dag.py
[2023-11-04T16:26:49.647+0000] {processor.py:829} INFO - Processing file /home/airflow/.local/lib/python3.8/site-packages/airflow/example_dags/example_external_task_marker_dag.py for tasks to queue
[2023-11-04T16:26:49.648+0000] {logging_mixin.py:151} INFO - [2023-11-04T16:26:49.648+0000] {dagbag.py:536} INFO - Filling up the DagBag from /home/airflow/.local/lib/python3.8/site-packages/airflow/example_dags/example_external_task_marker_dag.py
[2023-11-04T16:26:49.658+0000] {processor.py:839} INFO - DAG(s) dict_keys(['example_external_task_marker_parent', 'example_external_task_marker_child']) retrieved from /home/airflow/.local/lib/python3.8/site-packages/airflow/example_dags/example_external_task_marker_dag.py
[2023-11-04T16:26:49.696+0000] {logging_mixin.py:151} INFO - [2023-11-04T16:26:49.696+0000] {dag.py:2941} INFO - Sync 2 DAGs
[2023-11-04T16:26:49.716+0000] {logging_mixin.py:151} INFO - [2023-11-04T16:26:49.716+0000] {dag.py:3722} INFO - Setting next_dagrun for example_external_task_marker_child to None, run_after=None
[2023-11-04T16:26:49.722+0000] {logging_mixin.py:151} INFO - [2023-11-04T16:26:49.722+0000] {dag.py:3722} INFO - Setting next_dagrun for example_external_task_marker_parent to None, run_after=None
[2023-11-04T16:26:49.749+0000] {processor.py:179} INFO - Processing /home/airflow/.local/lib/python3.8/site-packages/airflow/example_dags/example_external_task_marker_dag.py took 0.109 seconds
[2023-11-04T16:27:20.447+0000] {processor.py:157} INFO - Started process (PID=1969) to work on /home/airflow/.local/lib/python3.8/site-packages/airflow/example_dags/example_external_task_marker_dag.py
[2023-11-04T16:27:20.448+0000] {processor.py:829} INFO - Processing file /home/airflow/.local/lib/python3.8/site-packages/airflow/example_dags/example_external_task_marker_dag.py for tasks to queue
[2023-11-04T16:27:20.450+0000] {logging_mixin.py:151} INFO - [2023-11-04T16:27:20.449+0000] {dagbag.py:536} INFO - Filling up the DagBag from /home/airflow/.local/lib/python3.8/site-packages/airflow/example_dags/example_external_task_marker_dag.py
[2023-11-04T16:27:20.460+0000] {processor.py:839} INFO - DAG(s) dict_keys(['example_external_task_marker_child', 'example_external_task_marker_parent']) retrieved from /home/airflow/.local/lib/python3.8/site-packages/airflow/example_dags/example_external_task_marker_dag.py
[2023-11-04T16:27:20.502+0000] {logging_mixin.py:151} INFO - [2023-11-04T16:27:20.502+0000] {dag.py:2941} INFO - Sync 2 DAGs
[2023-11-04T16:27:20.522+0000] {logging_mixin.py:151} INFO - [2023-11-04T16:27:20.522+0000] {dag.py:3722} INFO - Setting next_dagrun for example_external_task_marker_child to None, run_after=None
[2023-11-04T16:27:20.528+0000] {logging_mixin.py:151} INFO - [2023-11-04T16:27:20.528+0000] {dag.py:3722} INFO - Setting next_dagrun for example_external_task_marker_parent to None, run_after=None
[2023-11-04T16:27:20.555+0000] {processor.py:179} INFO - Processing /home/airflow/.local/lib/python3.8/site-packages/airflow/example_dags/example_external_task_marker_dag.py took 0.114 seconds
[2023-11-04T16:27:52.102+0000] {processor.py:157} INFO - Started process (PID=2208) to work on /home/airflow/.local/lib/python3.8/site-packages/airflow/example_dags/example_external_task_marker_dag.py
[2023-11-04T16:27:52.105+0000] {processor.py:829} INFO - Processing file /home/airflow/.local/lib/python3.8/site-packages/airflow/example_dags/example_external_task_marker_dag.py for tasks to queue
[2023-11-04T16:27:52.108+0000] {logging_mixin.py:151} INFO - [2023-11-04T16:27:52.108+0000] {dagbag.py:536} INFO - Filling up the DagBag from /home/airflow/.local/lib/python3.8/site-packages/airflow/example_dags/example_external_task_marker_dag.py
[2023-11-04T16:27:52.126+0000] {processor.py:839} INFO - DAG(s) dict_keys(['example_external_task_marker_parent', 'example_external_task_marker_child']) retrieved from /home/airflow/.local/lib/python3.8/site-packages/airflow/example_dags/example_external_task_marker_dag.py
[2023-11-04T16:27:52.169+0000] {logging_mixin.py:151} INFO - [2023-11-04T16:27:52.168+0000] {dag.py:2941} INFO - Sync 2 DAGs
[2023-11-04T16:27:52.223+0000] {logging_mixin.py:151} INFO - [2023-11-04T16:27:52.222+0000] {dag.py:3722} INFO - Setting next_dagrun for example_external_task_marker_child to None, run_after=None
[2023-11-04T16:27:52.231+0000] {logging_mixin.py:151} INFO - [2023-11-04T16:27:52.231+0000] {dag.py:3722} INFO - Setting next_dagrun for example_external_task_marker_parent to None, run_after=None
[2023-11-04T16:27:52.289+0000] {processor.py:179} INFO - Processing /home/airflow/.local/lib/python3.8/site-packages/airflow/example_dags/example_external_task_marker_dag.py took 0.198 seconds
[2023-11-04T16:28:22.646+0000] {processor.py:157} INFO - Started process (PID=2446) to work on /home/airflow/.local/lib/python3.8/site-packages/airflow/example_dags/example_external_task_marker_dag.py
[2023-11-04T16:28:22.648+0000] {processor.py:829} INFO - Processing file /home/airflow/.local/lib/python3.8/site-packages/airflow/example_dags/example_external_task_marker_dag.py for tasks to queue
[2023-11-04T16:28:22.650+0000] {logging_mixin.py:151} INFO - [2023-11-04T16:28:22.649+0000] {dagbag.py:536} INFO - Filling up the DagBag from /home/airflow/.local/lib/python3.8/site-packages/airflow/example_dags/example_external_task_marker_dag.py
[2023-11-04T16:28:22.660+0000] {processor.py:839} INFO - DAG(s) dict_keys(['example_external_task_marker_parent', 'example_external_task_marker_child']) retrieved from /home/airflow/.local/lib/python3.8/site-packages/airflow/example_dags/example_external_task_marker_dag.py
[2023-11-04T16:28:22.700+0000] {logging_mixin.py:151} INFO - [2023-11-04T16:28:22.700+0000] {dag.py:2941} INFO - Sync 2 DAGs
[2023-11-04T16:28:22.720+0000] {logging_mixin.py:151} INFO - [2023-11-04T16:28:22.720+0000] {dag.py:3722} INFO - Setting next_dagrun for example_external_task_marker_child to None, run_after=None
[2023-11-04T16:28:22.726+0000] {logging_mixin.py:151} INFO - [2023-11-04T16:28:22.725+0000] {dag.py:3722} INFO - Setting next_dagrun for example_external_task_marker_parent to None, run_after=None
[2023-11-04T16:28:22.753+0000] {processor.py:179} INFO - Processing /home/airflow/.local/lib/python3.8/site-packages/airflow/example_dags/example_external_task_marker_dag.py took 0.112 seconds
[2023-11-04T16:28:52.981+0000] {processor.py:157} INFO - Started process (PID=2684) to work on /home/airflow/.local/lib/python3.8/site-packages/airflow/example_dags/example_external_task_marker_dag.py
[2023-11-04T16:28:52.983+0000] {processor.py:829} INFO - Processing file /home/airflow/.local/lib/python3.8/site-packages/airflow/example_dags/example_external_task_marker_dag.py for tasks to queue
[2023-11-04T16:28:52.984+0000] {logging_mixin.py:151} INFO - [2023-11-04T16:28:52.984+0000] {dagbag.py:536} INFO - Filling up the DagBag from /home/airflow/.local/lib/python3.8/site-packages/airflow/example_dags/example_external_task_marker_dag.py
[2023-11-04T16:28:52.995+0000] {processor.py:839} INFO - DAG(s) dict_keys(['example_external_task_marker_child', 'example_external_task_marker_parent']) retrieved from /home/airflow/.local/lib/python3.8/site-packages/airflow/example_dags/example_external_task_marker_dag.py
[2023-11-04T16:28:53.033+0000] {logging_mixin.py:151} INFO - [2023-11-04T16:28:53.033+0000] {dag.py:2941} INFO - Sync 2 DAGs
[2023-11-04T16:28:53.053+0000] {logging_mixin.py:151} INFO - [2023-11-04T16:28:53.053+0000] {dag.py:3722} INFO - Setting next_dagrun for example_external_task_marker_child to None, run_after=None
[2023-11-04T16:28:53.059+0000] {logging_mixin.py:151} INFO - [2023-11-04T16:28:53.058+0000] {dag.py:3722} INFO - Setting next_dagrun for example_external_task_marker_parent to None, run_after=None
[2023-11-04T16:28:53.085+0000] {processor.py:179} INFO - Processing /home/airflow/.local/lib/python3.8/site-packages/airflow/example_dags/example_external_task_marker_dag.py took 0.110 seconds
[2023-11-04T16:29:23.778+0000] {processor.py:157} INFO - Started process (PID=2922) to work on /home/airflow/.local/lib/python3.8/site-packages/airflow/example_dags/example_external_task_marker_dag.py
[2023-11-04T16:29:23.779+0000] {processor.py:829} INFO - Processing file /home/airflow/.local/lib/python3.8/site-packages/airflow/example_dags/example_external_task_marker_dag.py for tasks to queue
[2023-11-04T16:29:23.781+0000] {logging_mixin.py:151} INFO - [2023-11-04T16:29:23.780+0000] {dagbag.py:536} INFO - Filling up the DagBag from /home/airflow/.local/lib/python3.8/site-packages/airflow/example_dags/example_external_task_marker_dag.py
[2023-11-04T16:29:23.790+0000] {processor.py:839} INFO - DAG(s) dict_keys(['example_external_task_marker_parent', 'example_external_task_marker_child']) retrieved from /home/airflow/.local/lib/python3.8/site-packages/airflow/example_dags/example_external_task_marker_dag.py
[2023-11-04T16:29:23.830+0000] {logging_mixin.py:151} INFO - [2023-11-04T16:29:23.829+0000] {dag.py:2941} INFO - Sync 2 DAGs
[2023-11-04T16:29:23.851+0000] {logging_mixin.py:151} INFO - [2023-11-04T16:29:23.851+0000] {dag.py:3722} INFO - Setting next_dagrun for example_external_task_marker_child to None, run_after=None
[2023-11-04T16:29:23.858+0000] {logging_mixin.py:151} INFO - [2023-11-04T16:29:23.858+0000] {dag.py:3722} INFO - Setting next_dagrun for example_external_task_marker_parent to None, run_after=None
[2023-11-04T16:29:23.886+0000] {processor.py:179} INFO - Processing /home/airflow/.local/lib/python3.8/site-packages/airflow/example_dags/example_external_task_marker_dag.py took 0.113 seconds
[2023-11-04T16:29:53.989+0000] {processor.py:157} INFO - Started process (PID=3160) to work on /home/airflow/.local/lib/python3.8/site-packages/airflow/example_dags/example_external_task_marker_dag.py
[2023-11-04T16:29:53.990+0000] {processor.py:829} INFO - Processing file /home/airflow/.local/lib/python3.8/site-packages/airflow/example_dags/example_external_task_marker_dag.py for tasks to queue
[2023-11-04T16:29:53.992+0000] {logging_mixin.py:151} INFO - [2023-11-04T16:29:53.992+0000] {dagbag.py:536} INFO - Filling up the DagBag from /home/airflow/.local/lib/python3.8/site-packages/airflow/example_dags/example_external_task_marker_dag.py
[2023-11-04T16:29:54.002+0000] {processor.py:839} INFO - DAG(s) dict_keys(['example_external_task_marker_parent', 'example_external_task_marker_child']) retrieved from /home/airflow/.local/lib/python3.8/site-packages/airflow/example_dags/example_external_task_marker_dag.py
[2023-11-04T16:29:54.025+0000] {logging_mixin.py:151} INFO - [2023-11-04T16:29:54.025+0000] {dag.py:2941} INFO - Sync 2 DAGs
[2023-11-04T16:29:54.050+0000] {logging_mixin.py:151} INFO - [2023-11-04T16:29:54.050+0000] {dag.py:3722} INFO - Setting next_dagrun for example_external_task_marker_child to None, run_after=None
[2023-11-04T16:29:54.056+0000] {logging_mixin.py:151} INFO - [2023-11-04T16:29:54.056+0000] {dag.py:3722} INFO - Setting next_dagrun for example_external_task_marker_parent to None, run_after=None
[2023-11-04T16:29:54.085+0000] {processor.py:179} INFO - Processing /home/airflow/.local/lib/python3.8/site-packages/airflow/example_dags/example_external_task_marker_dag.py took 0.101 seconds
[2023-11-04T16:30:24.704+0000] {processor.py:157} INFO - Started process (PID=3398) to work on /home/airflow/.local/lib/python3.8/site-packages/airflow/example_dags/example_external_task_marker_dag.py
[2023-11-04T16:30:24.705+0000] {processor.py:829} INFO - Processing file /home/airflow/.local/lib/python3.8/site-packages/airflow/example_dags/example_external_task_marker_dag.py for tasks to queue
[2023-11-04T16:30:24.707+0000] {logging_mixin.py:151} INFO - [2023-11-04T16:30:24.706+0000] {dagbag.py:536} INFO - Filling up the DagBag from /home/airflow/.local/lib/python3.8/site-packages/airflow/example_dags/example_external_task_marker_dag.py
[2023-11-04T16:30:24.718+0000] {processor.py:839} INFO - DAG(s) dict_keys(['example_external_task_marker_parent', 'example_external_task_marker_child']) retrieved from /home/airflow/.local/lib/python3.8/site-packages/airflow/example_dags/example_external_task_marker_dag.py
[2023-11-04T16:30:24.757+0000] {logging_mixin.py:151} INFO - [2023-11-04T16:30:24.756+0000] {dag.py:2941} INFO - Sync 2 DAGs
[2023-11-04T16:30:24.777+0000] {logging_mixin.py:151} INFO - [2023-11-04T16:30:24.776+0000] {dag.py:3722} INFO - Setting next_dagrun for example_external_task_marker_child to None, run_after=None
[2023-11-04T16:30:24.782+0000] {logging_mixin.py:151} INFO - [2023-11-04T16:30:24.782+0000] {dag.py:3722} INFO - Setting next_dagrun for example_external_task_marker_parent to None, run_after=None
[2023-11-04T16:30:24.809+0000] {processor.py:179} INFO - Processing /home/airflow/.local/lib/python3.8/site-packages/airflow/example_dags/example_external_task_marker_dag.py took 0.111 seconds
[2023-11-04T16:30:56.609+0000] {processor.py:157} INFO - Started process (PID=3636) to work on /home/airflow/.local/lib/python3.8/site-packages/airflow/example_dags/example_external_task_marker_dag.py
[2023-11-04T16:30:56.611+0000] {processor.py:829} INFO - Processing file /home/airflow/.local/lib/python3.8/site-packages/airflow/example_dags/example_external_task_marker_dag.py for tasks to queue
[2023-11-04T16:30:56.613+0000] {logging_mixin.py:151} INFO - [2023-11-04T16:30:56.613+0000] {dagbag.py:536} INFO - Filling up the DagBag from /home/airflow/.local/lib/python3.8/site-packages/airflow/example_dags/example_external_task_marker_dag.py
[2023-11-04T16:30:56.625+0000] {processor.py:839} INFO - DAG(s) dict_keys(['example_external_task_marker_parent', 'example_external_task_marker_child']) retrieved from /home/airflow/.local/lib/python3.8/site-packages/airflow/example_dags/example_external_task_marker_dag.py
[2023-11-04T16:30:56.675+0000] {logging_mixin.py:151} INFO - [2023-11-04T16:30:56.674+0000] {dag.py:2941} INFO - Sync 2 DAGs
[2023-11-04T16:30:56.700+0000] {logging_mixin.py:151} INFO - [2023-11-04T16:30:56.700+0000] {dag.py:3722} INFO - Setting next_dagrun for example_external_task_marker_child to None, run_after=None
[2023-11-04T16:30:56.709+0000] {logging_mixin.py:151} INFO - [2023-11-04T16:30:56.708+0000] {dag.py:3722} INFO - Setting next_dagrun for example_external_task_marker_parent to None, run_after=None
[2023-11-04T16:30:56.739+0000] {processor.py:179} INFO - Processing /home/airflow/.local/lib/python3.8/site-packages/airflow/example_dags/example_external_task_marker_dag.py took 0.137 seconds
[2023-11-04T16:31:27.348+0000] {processor.py:157} INFO - Started process (PID=3873) to work on /home/airflow/.local/lib/python3.8/site-packages/airflow/example_dags/example_external_task_marker_dag.py
[2023-11-04T16:31:27.354+0000] {processor.py:829} INFO - Processing file /home/airflow/.local/lib/python3.8/site-packages/airflow/example_dags/example_external_task_marker_dag.py for tasks to queue
[2023-11-04T16:31:27.357+0000] {logging_mixin.py:151} INFO - [2023-11-04T16:31:27.356+0000] {dagbag.py:536} INFO - Filling up the DagBag from /home/airflow/.local/lib/python3.8/site-packages/airflow/example_dags/example_external_task_marker_dag.py
[2023-11-04T16:31:27.371+0000] {processor.py:839} INFO - DAG(s) dict_keys(['example_external_task_marker_parent', 'example_external_task_marker_child']) retrieved from /home/airflow/.local/lib/python3.8/site-packages/airflow/example_dags/example_external_task_marker_dag.py
[2023-11-04T16:31:27.406+0000] {logging_mixin.py:151} INFO - [2023-11-04T16:31:27.406+0000] {dag.py:2941} INFO - Sync 2 DAGs
[2023-11-04T16:31:27.442+0000] {logging_mixin.py:151} INFO - [2023-11-04T16:31:27.441+0000] {dag.py:3722} INFO - Setting next_dagrun for example_external_task_marker_child to None, run_after=None
[2023-11-04T16:31:27.451+0000] {logging_mixin.py:151} INFO - [2023-11-04T16:31:27.451+0000] {dag.py:3722} INFO - Setting next_dagrun for example_external_task_marker_parent to None, run_after=None
[2023-11-04T16:31:27.498+0000] {processor.py:179} INFO - Processing /home/airflow/.local/lib/python3.8/site-packages/airflow/example_dags/example_external_task_marker_dag.py took 0.157 seconds
[2023-11-04T16:31:58.018+0000] {processor.py:157} INFO - Started process (PID=4112) to work on /home/airflow/.local/lib/python3.8/site-packages/airflow/example_dags/example_external_task_marker_dag.py
[2023-11-04T16:31:58.020+0000] {processor.py:829} INFO - Processing file /home/airflow/.local/lib/python3.8/site-packages/airflow/example_dags/example_external_task_marker_dag.py for tasks to queue
[2023-11-04T16:31:58.022+0000] {logging_mixin.py:151} INFO - [2023-11-04T16:31:58.021+0000] {dagbag.py:536} INFO - Filling up the DagBag from /home/airflow/.local/lib/python3.8/site-packages/airflow/example_dags/example_external_task_marker_dag.py
[2023-11-04T16:31:58.034+0000] {processor.py:839} INFO - DAG(s) dict_keys(['example_external_task_marker_parent', 'example_external_task_marker_child']) retrieved from /home/airflow/.local/lib/python3.8/site-packages/airflow/example_dags/example_external_task_marker_dag.py
[2023-11-04T16:31:58.074+0000] {logging_mixin.py:151} INFO - [2023-11-04T16:31:58.074+0000] {dag.py:2941} INFO - Sync 2 DAGs
[2023-11-04T16:31:58.096+0000] {logging_mixin.py:151} INFO - [2023-11-04T16:31:58.095+0000] {dag.py:3722} INFO - Setting next_dagrun for example_external_task_marker_child to None, run_after=None
[2023-11-04T16:31:58.102+0000] {logging_mixin.py:151} INFO - [2023-11-04T16:31:58.102+0000] {dag.py:3722} INFO - Setting next_dagrun for example_external_task_marker_parent to None, run_after=None
[2023-11-04T16:31:58.133+0000] {processor.py:179} INFO - Processing /home/airflow/.local/lib/python3.8/site-packages/airflow/example_dags/example_external_task_marker_dag.py took 0.120 seconds
[2023-11-04T16:32:28.606+0000] {processor.py:157} INFO - Started process (PID=4350) to work on /home/airflow/.local/lib/python3.8/site-packages/airflow/example_dags/example_external_task_marker_dag.py
[2023-11-04T16:32:28.608+0000] {processor.py:829} INFO - Processing file /home/airflow/.local/lib/python3.8/site-packages/airflow/example_dags/example_external_task_marker_dag.py for tasks to queue
[2023-11-04T16:32:28.610+0000] {logging_mixin.py:151} INFO - [2023-11-04T16:32:28.609+0000] {dagbag.py:536} INFO - Filling up the DagBag from /home/airflow/.local/lib/python3.8/site-packages/airflow/example_dags/example_external_task_marker_dag.py
[2023-11-04T16:32:28.619+0000] {processor.py:839} INFO - DAG(s) dict_keys(['example_external_task_marker_parent', 'example_external_task_marker_child']) retrieved from /home/airflow/.local/lib/python3.8/site-packages/airflow/example_dags/example_external_task_marker_dag.py
[2023-11-04T16:32:28.659+0000] {logging_mixin.py:151} INFO - [2023-11-04T16:32:28.659+0000] {dag.py:2941} INFO - Sync 2 DAGs
[2023-11-04T16:32:28.680+0000] {logging_mixin.py:151} INFO - [2023-11-04T16:32:28.680+0000] {dag.py:3722} INFO - Setting next_dagrun for example_external_task_marker_child to None, run_after=None
[2023-11-04T16:32:28.687+0000] {logging_mixin.py:151} INFO - [2023-11-04T16:32:28.687+0000] {dag.py:3722} INFO - Setting next_dagrun for example_external_task_marker_parent to None, run_after=None
[2023-11-04T16:32:28.719+0000] {processor.py:179} INFO - Processing /home/airflow/.local/lib/python3.8/site-packages/airflow/example_dags/example_external_task_marker_dag.py took 0.118 seconds
[2023-11-04T16:32:58.980+0000] {processor.py:157} INFO - Started process (PID=4588) to work on /home/airflow/.local/lib/python3.8/site-packages/airflow/example_dags/example_external_task_marker_dag.py
[2023-11-04T16:32:58.982+0000] {processor.py:829} INFO - Processing file /home/airflow/.local/lib/python3.8/site-packages/airflow/example_dags/example_external_task_marker_dag.py for tasks to queue
[2023-11-04T16:32:58.984+0000] {logging_mixin.py:151} INFO - [2023-11-04T16:32:58.984+0000] {dagbag.py:536} INFO - Filling up the DagBag from /home/airflow/.local/lib/python3.8/site-packages/airflow/example_dags/example_external_task_marker_dag.py
[2023-11-04T16:32:58.994+0000] {processor.py:839} INFO - DAG(s) dict_keys(['example_external_task_marker_parent', 'example_external_task_marker_child']) retrieved from /home/airflow/.local/lib/python3.8/site-packages/airflow/example_dags/example_external_task_marker_dag.py
[2023-11-04T16:32:59.039+0000] {logging_mixin.py:151} INFO - [2023-11-04T16:32:59.038+0000] {dag.py:2941} INFO - Sync 2 DAGs
[2023-11-04T16:32:59.063+0000] {logging_mixin.py:151} INFO - [2023-11-04T16:32:59.063+0000] {dag.py:3722} INFO - Setting next_dagrun for example_external_task_marker_child to None, run_after=None
[2023-11-04T16:32:59.070+0000] {logging_mixin.py:151} INFO - [2023-11-04T16:32:59.070+0000] {dag.py:3722} INFO - Setting next_dagrun for example_external_task_marker_parent to None, run_after=None
[2023-11-04T16:32:59.110+0000] {processor.py:179} INFO - Processing /home/airflow/.local/lib/python3.8/site-packages/airflow/example_dags/example_external_task_marker_dag.py took 0.135 seconds
[2023-11-04T16:33:29.247+0000] {processor.py:157} INFO - Started process (PID=4832) to work on /home/airflow/.local/lib/python3.8/site-packages/airflow/example_dags/example_external_task_marker_dag.py
[2023-11-04T16:33:29.249+0000] {processor.py:829} INFO - Processing file /home/airflow/.local/lib/python3.8/site-packages/airflow/example_dags/example_external_task_marker_dag.py for tasks to queue
[2023-11-04T16:33:29.251+0000] {logging_mixin.py:151} INFO - [2023-11-04T16:33:29.250+0000] {dagbag.py:536} INFO - Filling up the DagBag from /home/airflow/.local/lib/python3.8/site-packages/airflow/example_dags/example_external_task_marker_dag.py
[2023-11-04T16:33:29.260+0000] {processor.py:839} INFO - DAG(s) dict_keys(['example_external_task_marker_child', 'example_external_task_marker_parent']) retrieved from /home/airflow/.local/lib/python3.8/site-packages/airflow/example_dags/example_external_task_marker_dag.py
[2023-11-04T16:33:29.300+0000] {logging_mixin.py:151} INFO - [2023-11-04T16:33:29.300+0000] {dag.py:2941} INFO - Sync 2 DAGs
[2023-11-04T16:33:29.325+0000] {logging_mixin.py:151} INFO - [2023-11-04T16:33:29.324+0000] {dag.py:3722} INFO - Setting next_dagrun for example_external_task_marker_child to None, run_after=None
[2023-11-04T16:33:29.331+0000] {logging_mixin.py:151} INFO - [2023-11-04T16:33:29.330+0000] {dag.py:3722} INFO - Setting next_dagrun for example_external_task_marker_parent to None, run_after=None
[2023-11-04T16:33:29.358+0000] {processor.py:179} INFO - Processing /home/airflow/.local/lib/python3.8/site-packages/airflow/example_dags/example_external_task_marker_dag.py took 0.120 seconds
[2023-11-04T16:34:00.333+0000] {processor.py:157} INFO - Started process (PID=5073) to work on /home/airflow/.local/lib/python3.8/site-packages/airflow/example_dags/example_external_task_marker_dag.py
[2023-11-04T16:34:00.335+0000] {processor.py:829} INFO - Processing file /home/airflow/.local/lib/python3.8/site-packages/airflow/example_dags/example_external_task_marker_dag.py for tasks to queue
[2023-11-04T16:34:00.336+0000] {logging_mixin.py:151} INFO - [2023-11-04T16:34:00.336+0000] {dagbag.py:536} INFO - Filling up the DagBag from /home/airflow/.local/lib/python3.8/site-packages/airflow/example_dags/example_external_task_marker_dag.py
[2023-11-04T16:34:00.345+0000] {processor.py:839} INFO - DAG(s) dict_keys(['example_external_task_marker_parent', 'example_external_task_marker_child']) retrieved from /home/airflow/.local/lib/python3.8/site-packages/airflow/example_dags/example_external_task_marker_dag.py
[2023-11-04T16:34:00.385+0000] {logging_mixin.py:151} INFO - [2023-11-04T16:34:00.385+0000] {dag.py:2941} INFO - Sync 2 DAGs
[2023-11-04T16:34:00.405+0000] {logging_mixin.py:151} INFO - [2023-11-04T16:34:00.405+0000] {dag.py:3722} INFO - Setting next_dagrun for example_external_task_marker_child to None, run_after=None
[2023-11-04T16:34:00.411+0000] {logging_mixin.py:151} INFO - [2023-11-04T16:34:00.411+0000] {dag.py:3722} INFO - Setting next_dagrun for example_external_task_marker_parent to None, run_after=None
[2023-11-04T16:34:00.443+0000] {processor.py:179} INFO - Processing /home/airflow/.local/lib/python3.8/site-packages/airflow/example_dags/example_external_task_marker_dag.py took 0.115 seconds
[2023-11-04T16:34:30.637+0000] {processor.py:157} INFO - Started process (PID=5310) to work on /home/airflow/.local/lib/python3.8/site-packages/airflow/example_dags/example_external_task_marker_dag.py
[2023-11-04T16:34:30.639+0000] {processor.py:829} INFO - Processing file /home/airflow/.local/lib/python3.8/site-packages/airflow/example_dags/example_external_task_marker_dag.py for tasks to queue
[2023-11-04T16:34:30.641+0000] {logging_mixin.py:151} INFO - [2023-11-04T16:34:30.640+0000] {dagbag.py:536} INFO - Filling up the DagBag from /home/airflow/.local/lib/python3.8/site-packages/airflow/example_dags/example_external_task_marker_dag.py
[2023-11-04T16:34:30.652+0000] {processor.py:839} INFO - DAG(s) dict_keys(['example_external_task_marker_child', 'example_external_task_marker_parent']) retrieved from /home/airflow/.local/lib/python3.8/site-packages/airflow/example_dags/example_external_task_marker_dag.py
[2023-11-04T16:34:30.691+0000] {logging_mixin.py:151} INFO - [2023-11-04T16:34:30.691+0000] {dag.py:2941} INFO - Sync 2 DAGs
[2023-11-04T16:34:30.711+0000] {logging_mixin.py:151} INFO - [2023-11-04T16:34:30.711+0000] {dag.py:3722} INFO - Setting next_dagrun for example_external_task_marker_child to None, run_after=None
[2023-11-04T16:34:30.717+0000] {logging_mixin.py:151} INFO - [2023-11-04T16:34:30.716+0000] {dag.py:3722} INFO - Setting next_dagrun for example_external_task_marker_parent to None, run_after=None
[2023-11-04T16:34:30.744+0000] {processor.py:179} INFO - Processing /home/airflow/.local/lib/python3.8/site-packages/airflow/example_dags/example_external_task_marker_dag.py took 0.111 seconds
[2023-11-04T16:35:01.712+0000] {processor.py:157} INFO - Started process (PID=5549) to work on /home/airflow/.local/lib/python3.8/site-packages/airflow/example_dags/example_external_task_marker_dag.py
[2023-11-04T16:35:01.714+0000] {processor.py:829} INFO - Processing file /home/airflow/.local/lib/python3.8/site-packages/airflow/example_dags/example_external_task_marker_dag.py for tasks to queue
[2023-11-04T16:35:01.716+0000] {logging_mixin.py:151} INFO - [2023-11-04T16:35:01.715+0000] {dagbag.py:536} INFO - Filling up the DagBag from /home/airflow/.local/lib/python3.8/site-packages/airflow/example_dags/example_external_task_marker_dag.py
[2023-11-04T16:35:01.726+0000] {processor.py:839} INFO - DAG(s) dict_keys(['example_external_task_marker_parent', 'example_external_task_marker_child']) retrieved from /home/airflow/.local/lib/python3.8/site-packages/airflow/example_dags/example_external_task_marker_dag.py
[2023-11-04T16:35:01.779+0000] {logging_mixin.py:151} INFO - [2023-11-04T16:35:01.779+0000] {dag.py:2941} INFO - Sync 2 DAGs
[2023-11-04T16:35:01.809+0000] {logging_mixin.py:151} INFO - [2023-11-04T16:35:01.809+0000] {dag.py:3722} INFO - Setting next_dagrun for example_external_task_marker_child to None, run_after=None
[2023-11-04T16:35:01.815+0000] {logging_mixin.py:151} INFO - [2023-11-04T16:35:01.815+0000] {dag.py:3722} INFO - Setting next_dagrun for example_external_task_marker_parent to None, run_after=None
[2023-11-04T16:35:01.846+0000] {processor.py:179} INFO - Processing /home/airflow/.local/lib/python3.8/site-packages/airflow/example_dags/example_external_task_marker_dag.py took 0.141 seconds
[2023-11-04T16:35:32.504+0000] {processor.py:157} INFO - Started process (PID=5785) to work on /home/airflow/.local/lib/python3.8/site-packages/airflow/example_dags/example_external_task_marker_dag.py
[2023-11-04T16:35:32.506+0000] {processor.py:829} INFO - Processing file /home/airflow/.local/lib/python3.8/site-packages/airflow/example_dags/example_external_task_marker_dag.py for tasks to queue
[2023-11-04T16:35:32.507+0000] {logging_mixin.py:151} INFO - [2023-11-04T16:35:32.507+0000] {dagbag.py:536} INFO - Filling up the DagBag from /home/airflow/.local/lib/python3.8/site-packages/airflow/example_dags/example_external_task_marker_dag.py
[2023-11-04T16:35:32.517+0000] {processor.py:839} INFO - DAG(s) dict_keys(['example_external_task_marker_parent', 'example_external_task_marker_child']) retrieved from /home/airflow/.local/lib/python3.8/site-packages/airflow/example_dags/example_external_task_marker_dag.py
[2023-11-04T16:35:32.556+0000] {logging_mixin.py:151} INFO - [2023-11-04T16:35:32.556+0000] {dag.py:2941} INFO - Sync 2 DAGs
[2023-11-04T16:35:32.593+0000] {logging_mixin.py:151} INFO - [2023-11-04T16:35:32.592+0000] {dag.py:3722} INFO - Setting next_dagrun for example_external_task_marker_child to None, run_after=None
[2023-11-04T16:35:32.605+0000] {logging_mixin.py:151} INFO - [2023-11-04T16:35:32.605+0000] {dag.py:3722} INFO - Setting next_dagrun for example_external_task_marker_parent to None, run_after=None
[2023-11-04T16:35:32.677+0000] {processor.py:179} INFO - Processing /home/airflow/.local/lib/python3.8/site-packages/airflow/example_dags/example_external_task_marker_dag.py took 0.178 seconds
[2023-11-04T16:36:03.052+0000] {processor.py:157} INFO - Started process (PID=6023) to work on /home/airflow/.local/lib/python3.8/site-packages/airflow/example_dags/example_external_task_marker_dag.py
[2023-11-04T16:36:03.054+0000] {processor.py:829} INFO - Processing file /home/airflow/.local/lib/python3.8/site-packages/airflow/example_dags/example_external_task_marker_dag.py for tasks to queue
[2023-11-04T16:36:03.057+0000] {logging_mixin.py:151} INFO - [2023-11-04T16:36:03.056+0000] {dagbag.py:536} INFO - Filling up the DagBag from /home/airflow/.local/lib/python3.8/site-packages/airflow/example_dags/example_external_task_marker_dag.py
[2023-11-04T16:36:03.071+0000] {processor.py:839} INFO - DAG(s) dict_keys(['example_external_task_marker_child', 'example_external_task_marker_parent']) retrieved from /home/airflow/.local/lib/python3.8/site-packages/airflow/example_dags/example_external_task_marker_dag.py
[2023-11-04T16:36:03.118+0000] {logging_mixin.py:151} INFO - [2023-11-04T16:36:03.118+0000] {dag.py:2941} INFO - Sync 2 DAGs
[2023-11-04T16:36:03.141+0000] {logging_mixin.py:151} INFO - [2023-11-04T16:36:03.141+0000] {dag.py:3722} INFO - Setting next_dagrun for example_external_task_marker_child to None, run_after=None
[2023-11-04T16:36:03.147+0000] {logging_mixin.py:151} INFO - [2023-11-04T16:36:03.147+0000] {dag.py:3722} INFO - Setting next_dagrun for example_external_task_marker_parent to None, run_after=None
[2023-11-04T16:36:03.176+0000] {processor.py:179} INFO - Processing /home/airflow/.local/lib/python3.8/site-packages/airflow/example_dags/example_external_task_marker_dag.py took 0.131 seconds
[2023-11-04T16:36:33.336+0000] {processor.py:157} INFO - Started process (PID=6261) to work on /home/airflow/.local/lib/python3.8/site-packages/airflow/example_dags/example_external_task_marker_dag.py
[2023-11-04T16:36:33.338+0000] {processor.py:829} INFO - Processing file /home/airflow/.local/lib/python3.8/site-packages/airflow/example_dags/example_external_task_marker_dag.py for tasks to queue
[2023-11-04T16:36:33.339+0000] {logging_mixin.py:151} INFO - [2023-11-04T16:36:33.339+0000] {dagbag.py:536} INFO - Filling up the DagBag from /home/airflow/.local/lib/python3.8/site-packages/airflow/example_dags/example_external_task_marker_dag.py
[2023-11-04T16:36:33.349+0000] {processor.py:839} INFO - DAG(s) dict_keys(['example_external_task_marker_parent', 'example_external_task_marker_child']) retrieved from /home/airflow/.local/lib/python3.8/site-packages/airflow/example_dags/example_external_task_marker_dag.py
[2023-11-04T16:36:33.391+0000] {logging_mixin.py:151} INFO - [2023-11-04T16:36:33.391+0000] {dag.py:2941} INFO - Sync 2 DAGs
[2023-11-04T16:36:33.410+0000] {logging_mixin.py:151} INFO - [2023-11-04T16:36:33.410+0000] {dag.py:3722} INFO - Setting next_dagrun for example_external_task_marker_child to None, run_after=None
[2023-11-04T16:36:33.416+0000] {logging_mixin.py:151} INFO - [2023-11-04T16:36:33.416+0000] {dag.py:3722} INFO - Setting next_dagrun for example_external_task_marker_parent to None, run_after=None
[2023-11-04T16:36:33.442+0000] {processor.py:179} INFO - Processing /home/airflow/.local/lib/python3.8/site-packages/airflow/example_dags/example_external_task_marker_dag.py took 0.111 seconds
[2023-11-04T16:37:05.419+0000] {processor.py:157} INFO - Started process (PID=6499) to work on /home/airflow/.local/lib/python3.8/site-packages/airflow/example_dags/example_external_task_marker_dag.py
[2023-11-04T16:37:05.421+0000] {processor.py:829} INFO - Processing file /home/airflow/.local/lib/python3.8/site-packages/airflow/example_dags/example_external_task_marker_dag.py for tasks to queue
[2023-11-04T16:37:05.428+0000] {logging_mixin.py:151} INFO - [2023-11-04T16:37:05.427+0000] {dagbag.py:536} INFO - Filling up the DagBag from /home/airflow/.local/lib/python3.8/site-packages/airflow/example_dags/example_external_task_marker_dag.py
[2023-11-04T16:37:05.446+0000] {processor.py:839} INFO - DAG(s) dict_keys(['example_external_task_marker_parent', 'example_external_task_marker_child']) retrieved from /home/airflow/.local/lib/python3.8/site-packages/airflow/example_dags/example_external_task_marker_dag.py
[2023-11-04T16:37:05.527+0000] {logging_mixin.py:151} INFO - [2023-11-04T16:37:05.526+0000] {dag.py:2941} INFO - Sync 2 DAGs
[2023-11-04T16:37:05.560+0000] {logging_mixin.py:151} INFO - [2023-11-04T16:37:05.560+0000] {dag.py:3722} INFO - Setting next_dagrun for example_external_task_marker_child to None, run_after=None
[2023-11-04T16:37:05.569+0000] {logging_mixin.py:151} INFO - [2023-11-04T16:37:05.568+0000] {dag.py:3722} INFO - Setting next_dagrun for example_external_task_marker_parent to None, run_after=None
[2023-11-04T16:37:05.630+0000] {processor.py:179} INFO - Processing /home/airflow/.local/lib/python3.8/site-packages/airflow/example_dags/example_external_task_marker_dag.py took 0.219 seconds
[2023-11-04T16:37:36.002+0000] {processor.py:157} INFO - Started process (PID=6737) to work on /home/airflow/.local/lib/python3.8/site-packages/airflow/example_dags/example_external_task_marker_dag.py
[2023-11-04T16:37:36.003+0000] {processor.py:829} INFO - Processing file /home/airflow/.local/lib/python3.8/site-packages/airflow/example_dags/example_external_task_marker_dag.py for tasks to queue
[2023-11-04T16:37:36.005+0000] {logging_mixin.py:151} INFO - [2023-11-04T16:37:36.005+0000] {dagbag.py:536} INFO - Filling up the DagBag from /home/airflow/.local/lib/python3.8/site-packages/airflow/example_dags/example_external_task_marker_dag.py
[2023-11-04T16:37:36.014+0000] {processor.py:839} INFO - DAG(s) dict_keys(['example_external_task_marker_parent', 'example_external_task_marker_child']) retrieved from /home/airflow/.local/lib/python3.8/site-packages/airflow/example_dags/example_external_task_marker_dag.py
[2023-11-04T16:37:36.053+0000] {logging_mixin.py:151} INFO - [2023-11-04T16:37:36.053+0000] {dag.py:2941} INFO - Sync 2 DAGs
[2023-11-04T16:37:36.073+0000] {logging_mixin.py:151} INFO - [2023-11-04T16:37:36.073+0000] {dag.py:3722} INFO - Setting next_dagrun for example_external_task_marker_child to None, run_after=None
[2023-11-04T16:37:36.079+0000] {logging_mixin.py:151} INFO - [2023-11-04T16:37:36.079+0000] {dag.py:3722} INFO - Setting next_dagrun for example_external_task_marker_parent to None, run_after=None
[2023-11-04T16:37:36.104+0000] {processor.py:179} INFO - Processing /home/airflow/.local/lib/python3.8/site-packages/airflow/example_dags/example_external_task_marker_dag.py took 0.107 seconds
[2023-11-04T16:38:06.368+0000] {processor.py:157} INFO - Started process (PID=6975) to work on /home/airflow/.local/lib/python3.8/site-packages/airflow/example_dags/example_external_task_marker_dag.py
[2023-11-04T16:38:06.369+0000] {processor.py:829} INFO - Processing file /home/airflow/.local/lib/python3.8/site-packages/airflow/example_dags/example_external_task_marker_dag.py for tasks to queue
[2023-11-04T16:38:06.371+0000] {logging_mixin.py:151} INFO - [2023-11-04T16:38:06.370+0000] {dagbag.py:536} INFO - Filling up the DagBag from /home/airflow/.local/lib/python3.8/site-packages/airflow/example_dags/example_external_task_marker_dag.py
[2023-11-04T16:38:06.380+0000] {processor.py:839} INFO - DAG(s) dict_keys(['example_external_task_marker_child', 'example_external_task_marker_parent']) retrieved from /home/airflow/.local/lib/python3.8/site-packages/airflow/example_dags/example_external_task_marker_dag.py
[2023-11-04T16:38:06.419+0000] {logging_mixin.py:151} INFO - [2023-11-04T16:38:06.419+0000] {dag.py:2941} INFO - Sync 2 DAGs
[2023-11-04T16:38:06.439+0000] {logging_mixin.py:151} INFO - [2023-11-04T16:38:06.439+0000] {dag.py:3722} INFO - Setting next_dagrun for example_external_task_marker_child to None, run_after=None
[2023-11-04T16:38:06.445+0000] {logging_mixin.py:151} INFO - [2023-11-04T16:38:06.445+0000] {dag.py:3722} INFO - Setting next_dagrun for example_external_task_marker_parent to None, run_after=None
[2023-11-04T16:38:06.474+0000] {processor.py:179} INFO - Processing /home/airflow/.local/lib/python3.8/site-packages/airflow/example_dags/example_external_task_marker_dag.py took 0.111 seconds
[2023-11-04T16:38:36.577+0000] {processor.py:157} INFO - Started process (PID=7213) to work on /home/airflow/.local/lib/python3.8/site-packages/airflow/example_dags/example_external_task_marker_dag.py
[2023-11-04T16:38:36.579+0000] {processor.py:829} INFO - Processing file /home/airflow/.local/lib/python3.8/site-packages/airflow/example_dags/example_external_task_marker_dag.py for tasks to queue
[2023-11-04T16:38:36.580+0000] {logging_mixin.py:151} INFO - [2023-11-04T16:38:36.580+0000] {dagbag.py:536} INFO - Filling up the DagBag from /home/airflow/.local/lib/python3.8/site-packages/airflow/example_dags/example_external_task_marker_dag.py
[2023-11-04T16:38:36.589+0000] {processor.py:839} INFO - DAG(s) dict_keys(['example_external_task_marker_parent', 'example_external_task_marker_child']) retrieved from /home/airflow/.local/lib/python3.8/site-packages/airflow/example_dags/example_external_task_marker_dag.py
[2023-11-04T16:38:36.628+0000] {logging_mixin.py:151} INFO - [2023-11-04T16:38:36.628+0000] {dag.py:2941} INFO - Sync 2 DAGs
[2023-11-04T16:38:36.650+0000] {logging_mixin.py:151} INFO - [2023-11-04T16:38:36.650+0000] {dag.py:3722} INFO - Setting next_dagrun for example_external_task_marker_child to None, run_after=None
[2023-11-04T16:38:36.656+0000] {logging_mixin.py:151} INFO - [2023-11-04T16:38:36.656+0000] {dag.py:3722} INFO - Setting next_dagrun for example_external_task_marker_parent to None, run_after=None
[2023-11-04T16:38:36.682+0000] {processor.py:179} INFO - Processing /home/airflow/.local/lib/python3.8/site-packages/airflow/example_dags/example_external_task_marker_dag.py took 0.110 seconds
[2023-11-04T16:39:07.239+0000] {processor.py:157} INFO - Started process (PID=7451) to work on /home/airflow/.local/lib/python3.8/site-packages/airflow/example_dags/example_external_task_marker_dag.py
[2023-11-04T16:39:07.241+0000] {processor.py:829} INFO - Processing file /home/airflow/.local/lib/python3.8/site-packages/airflow/example_dags/example_external_task_marker_dag.py for tasks to queue
[2023-11-04T16:39:07.243+0000] {logging_mixin.py:151} INFO - [2023-11-04T16:39:07.242+0000] {dagbag.py:536} INFO - Filling up the DagBag from /home/airflow/.local/lib/python3.8/site-packages/airflow/example_dags/example_external_task_marker_dag.py
[2023-11-04T16:39:07.252+0000] {processor.py:839} INFO - DAG(s) dict_keys(['example_external_task_marker_child', 'example_external_task_marker_parent']) retrieved from /home/airflow/.local/lib/python3.8/site-packages/airflow/example_dags/example_external_task_marker_dag.py
[2023-11-04T16:39:07.292+0000] {logging_mixin.py:151} INFO - [2023-11-04T16:39:07.292+0000] {dag.py:2941} INFO - Sync 2 DAGs
[2023-11-04T16:39:07.313+0000] {logging_mixin.py:151} INFO - [2023-11-04T16:39:07.313+0000] {dag.py:3722} INFO - Setting next_dagrun for example_external_task_marker_child to None, run_after=None
[2023-11-04T16:39:07.320+0000] {logging_mixin.py:151} INFO - [2023-11-04T16:39:07.320+0000] {dag.py:3722} INFO - Setting next_dagrun for example_external_task_marker_parent to None, run_after=None
[2023-11-04T16:39:07.351+0000] {processor.py:179} INFO - Processing /home/airflow/.local/lib/python3.8/site-packages/airflow/example_dags/example_external_task_marker_dag.py took 0.116 seconds
[2023-11-04T16:39:37.694+0000] {processor.py:157} INFO - Started process (PID=7689) to work on /home/airflow/.local/lib/python3.8/site-packages/airflow/example_dags/example_external_task_marker_dag.py
[2023-11-04T16:39:37.695+0000] {processor.py:829} INFO - Processing file /home/airflow/.local/lib/python3.8/site-packages/airflow/example_dags/example_external_task_marker_dag.py for tasks to queue
[2023-11-04T16:39:37.697+0000] {logging_mixin.py:151} INFO - [2023-11-04T16:39:37.696+0000] {dagbag.py:536} INFO - Filling up the DagBag from /home/airflow/.local/lib/python3.8/site-packages/airflow/example_dags/example_external_task_marker_dag.py
[2023-11-04T16:39:37.706+0000] {processor.py:839} INFO - DAG(s) dict_keys(['example_external_task_marker_parent', 'example_external_task_marker_child']) retrieved from /home/airflow/.local/lib/python3.8/site-packages/airflow/example_dags/example_external_task_marker_dag.py
[2023-11-04T16:39:37.744+0000] {logging_mixin.py:151} INFO - [2023-11-04T16:39:37.744+0000] {dag.py:2941} INFO - Sync 2 DAGs
[2023-11-04T16:39:37.765+0000] {logging_mixin.py:151} INFO - [2023-11-04T16:39:37.764+0000] {dag.py:3722} INFO - Setting next_dagrun for example_external_task_marker_child to None, run_after=None
[2023-11-04T16:39:37.770+0000] {logging_mixin.py:151} INFO - [2023-11-04T16:39:37.770+0000] {dag.py:3722} INFO - Setting next_dagrun for example_external_task_marker_parent to None, run_after=None
[2023-11-04T16:39:37.798+0000] {processor.py:179} INFO - Processing /home/airflow/.local/lib/python3.8/site-packages/airflow/example_dags/example_external_task_marker_dag.py took 0.109 seconds
[2023-11-04T16:40:07.992+0000] {processor.py:157} INFO - Started process (PID=7927) to work on /home/airflow/.local/lib/python3.8/site-packages/airflow/example_dags/example_external_task_marker_dag.py
[2023-11-04T16:40:07.994+0000] {processor.py:829} INFO - Processing file /home/airflow/.local/lib/python3.8/site-packages/airflow/example_dags/example_external_task_marker_dag.py for tasks to queue
[2023-11-04T16:40:07.996+0000] {logging_mixin.py:151} INFO - [2023-11-04T16:40:07.995+0000] {dagbag.py:536} INFO - Filling up the DagBag from /home/airflow/.local/lib/python3.8/site-packages/airflow/example_dags/example_external_task_marker_dag.py
[2023-11-04T16:40:08.007+0000] {processor.py:839} INFO - DAG(s) dict_keys(['example_external_task_marker_child', 'example_external_task_marker_parent']) retrieved from /home/airflow/.local/lib/python3.8/site-packages/airflow/example_dags/example_external_task_marker_dag.py
[2023-11-04T16:40:08.058+0000] {logging_mixin.py:151} INFO - [2023-11-04T16:40:08.058+0000] {dag.py:2941} INFO - Sync 2 DAGs
[2023-11-04T16:40:08.086+0000] {logging_mixin.py:151} INFO - [2023-11-04T16:40:08.086+0000] {dag.py:3722} INFO - Setting next_dagrun for example_external_task_marker_child to None, run_after=None
[2023-11-04T16:40:08.092+0000] {logging_mixin.py:151} INFO - [2023-11-04T16:40:08.091+0000] {dag.py:3722} INFO - Setting next_dagrun for example_external_task_marker_parent to None, run_after=None
[2023-11-04T16:40:08.125+0000] {processor.py:179} INFO - Processing /home/airflow/.local/lib/python3.8/site-packages/airflow/example_dags/example_external_task_marker_dag.py took 0.138 seconds
[2023-11-04T16:40:38.697+0000] {processor.py:157} INFO - Started process (PID=8165) to work on /home/airflow/.local/lib/python3.8/site-packages/airflow/example_dags/example_external_task_marker_dag.py
[2023-11-04T16:40:38.699+0000] {processor.py:829} INFO - Processing file /home/airflow/.local/lib/python3.8/site-packages/airflow/example_dags/example_external_task_marker_dag.py for tasks to queue
[2023-11-04T16:40:38.701+0000] {logging_mixin.py:151} INFO - [2023-11-04T16:40:38.700+0000] {dagbag.py:536} INFO - Filling up the DagBag from /home/airflow/.local/lib/python3.8/site-packages/airflow/example_dags/example_external_task_marker_dag.py
[2023-11-04T16:40:38.714+0000] {processor.py:839} INFO - DAG(s) dict_keys(['example_external_task_marker_parent', 'example_external_task_marker_child']) retrieved from /home/airflow/.local/lib/python3.8/site-packages/airflow/example_dags/example_external_task_marker_dag.py
[2023-11-04T16:40:38.761+0000] {logging_mixin.py:151} INFO - [2023-11-04T16:40:38.760+0000] {dag.py:2941} INFO - Sync 2 DAGs
[2023-11-04T16:40:38.782+0000] {logging_mixin.py:151} INFO - [2023-11-04T16:40:38.781+0000] {dag.py:3722} INFO - Setting next_dagrun for example_external_task_marker_child to None, run_after=None
[2023-11-04T16:40:38.787+0000] {logging_mixin.py:151} INFO - [2023-11-04T16:40:38.787+0000] {dag.py:3722} INFO - Setting next_dagrun for example_external_task_marker_parent to None, run_after=None
[2023-11-04T16:40:38.818+0000] {processor.py:179} INFO - Processing /home/airflow/.local/lib/python3.8/site-packages/airflow/example_dags/example_external_task_marker_dag.py took 0.128 seconds
[2023-11-04T16:41:09.014+0000] {processor.py:157} INFO - Started process (PID=8403) to work on /home/airflow/.local/lib/python3.8/site-packages/airflow/example_dags/example_external_task_marker_dag.py
[2023-11-04T16:41:09.016+0000] {processor.py:829} INFO - Processing file /home/airflow/.local/lib/python3.8/site-packages/airflow/example_dags/example_external_task_marker_dag.py for tasks to queue
[2023-11-04T16:41:09.017+0000] {logging_mixin.py:151} INFO - [2023-11-04T16:41:09.017+0000] {dagbag.py:536} INFO - Filling up the DagBag from /home/airflow/.local/lib/python3.8/site-packages/airflow/example_dags/example_external_task_marker_dag.py
[2023-11-04T16:41:09.030+0000] {processor.py:839} INFO - DAG(s) dict_keys(['example_external_task_marker_parent', 'example_external_task_marker_child']) retrieved from /home/airflow/.local/lib/python3.8/site-packages/airflow/example_dags/example_external_task_marker_dag.py
[2023-11-04T16:41:09.072+0000] {logging_mixin.py:151} INFO - [2023-11-04T16:41:09.072+0000] {dag.py:2941} INFO - Sync 2 DAGs
[2023-11-04T16:41:09.093+0000] {logging_mixin.py:151} INFO - [2023-11-04T16:41:09.093+0000] {dag.py:3722} INFO - Setting next_dagrun for example_external_task_marker_child to None, run_after=None
[2023-11-04T16:41:09.101+0000] {logging_mixin.py:151} INFO - [2023-11-04T16:41:09.101+0000] {dag.py:3722} INFO - Setting next_dagrun for example_external_task_marker_parent to None, run_after=None
[2023-11-04T16:41:09.130+0000] {processor.py:179} INFO - Processing /home/airflow/.local/lib/python3.8/site-packages/airflow/example_dags/example_external_task_marker_dag.py took 0.120 seconds
[2023-11-04T16:41:39.673+0000] {processor.py:157} INFO - Started process (PID=8641) to work on /home/airflow/.local/lib/python3.8/site-packages/airflow/example_dags/example_external_task_marker_dag.py
[2023-11-04T16:41:39.675+0000] {processor.py:829} INFO - Processing file /home/airflow/.local/lib/python3.8/site-packages/airflow/example_dags/example_external_task_marker_dag.py for tasks to queue
[2023-11-04T16:41:39.677+0000] {logging_mixin.py:151} INFO - [2023-11-04T16:41:39.676+0000] {dagbag.py:536} INFO - Filling up the DagBag from /home/airflow/.local/lib/python3.8/site-packages/airflow/example_dags/example_external_task_marker_dag.py
[2023-11-04T16:41:39.687+0000] {processor.py:839} INFO - DAG(s) dict_keys(['example_external_task_marker_parent', 'example_external_task_marker_child']) retrieved from /home/airflow/.local/lib/python3.8/site-packages/airflow/example_dags/example_external_task_marker_dag.py
[2023-11-04T16:41:39.726+0000] {logging_mixin.py:151} INFO - [2023-11-04T16:41:39.726+0000] {dag.py:2941} INFO - Sync 2 DAGs
[2023-11-04T16:41:39.746+0000] {logging_mixin.py:151} INFO - [2023-11-04T16:41:39.746+0000] {dag.py:3722} INFO - Setting next_dagrun for example_external_task_marker_child to None, run_after=None
[2023-11-04T16:41:39.752+0000] {logging_mixin.py:151} INFO - [2023-11-04T16:41:39.752+0000] {dag.py:3722} INFO - Setting next_dagrun for example_external_task_marker_parent to None, run_after=None
[2023-11-04T16:41:39.777+0000] {processor.py:179} INFO - Processing /home/airflow/.local/lib/python3.8/site-packages/airflow/example_dags/example_external_task_marker_dag.py took 0.109 seconds
[2023-11-04T16:42:10.377+0000] {processor.py:157} INFO - Started process (PID=8879) to work on /home/airflow/.local/lib/python3.8/site-packages/airflow/example_dags/example_external_task_marker_dag.py
[2023-11-04T16:42:10.379+0000] {processor.py:829} INFO - Processing file /home/airflow/.local/lib/python3.8/site-packages/airflow/example_dags/example_external_task_marker_dag.py for tasks to queue
[2023-11-04T16:42:10.380+0000] {logging_mixin.py:151} INFO - [2023-11-04T16:42:10.380+0000] {dagbag.py:536} INFO - Filling up the DagBag from /home/airflow/.local/lib/python3.8/site-packages/airflow/example_dags/example_external_task_marker_dag.py
[2023-11-04T16:42:10.390+0000] {processor.py:839} INFO - DAG(s) dict_keys(['example_external_task_marker_parent', 'example_external_task_marker_child']) retrieved from /home/airflow/.local/lib/python3.8/site-packages/airflow/example_dags/example_external_task_marker_dag.py
[2023-11-04T16:42:10.429+0000] {logging_mixin.py:151} INFO - [2023-11-04T16:42:10.429+0000] {dag.py:2941} INFO - Sync 2 DAGs
[2023-11-04T16:42:10.449+0000] {logging_mixin.py:151} INFO - [2023-11-04T16:42:10.449+0000] {dag.py:3722} INFO - Setting next_dagrun for example_external_task_marker_child to None, run_after=None
[2023-11-04T16:42:10.454+0000] {logging_mixin.py:151} INFO - [2023-11-04T16:42:10.454+0000] {dag.py:3722} INFO - Setting next_dagrun for example_external_task_marker_parent to None, run_after=None
[2023-11-04T16:42:10.481+0000] {processor.py:179} INFO - Processing /home/airflow/.local/lib/python3.8/site-packages/airflow/example_dags/example_external_task_marker_dag.py took 0.108 seconds
[2023-11-04T17:13:30.305+0000] {processor.py:157} INFO - Started process (PID=302) to work on /home/airflow/.local/lib/python3.8/site-packages/airflow/example_dags/example_external_task_marker_dag.py
[2023-11-04T17:13:30.309+0000] {processor.py:829} INFO - Processing file /home/airflow/.local/lib/python3.8/site-packages/airflow/example_dags/example_external_task_marker_dag.py for tasks to queue
[2023-11-04T17:13:30.310+0000] {logging_mixin.py:151} INFO - [2023-11-04T17:13:30.310+0000] {dagbag.py:536} INFO - Filling up the DagBag from /home/airflow/.local/lib/python3.8/site-packages/airflow/example_dags/example_external_task_marker_dag.py
[2023-11-04T17:13:30.325+0000] {processor.py:839} INFO - DAG(s) dict_keys(['example_external_task_marker_parent', 'example_external_task_marker_child']) retrieved from /home/airflow/.local/lib/python3.8/site-packages/airflow/example_dags/example_external_task_marker_dag.py
[2023-11-04T17:13:30.377+0000] {logging_mixin.py:151} INFO - [2023-11-04T17:13:30.376+0000] {dag.py:2941} INFO - Sync 2 DAGs
[2023-11-04T17:13:30.405+0000] {logging_mixin.py:151} INFO - [2023-11-04T17:13:30.405+0000] {dag.py:3722} INFO - Setting next_dagrun for example_external_task_marker_child to None, run_after=None
[2023-11-04T17:13:30.411+0000] {logging_mixin.py:151} INFO - [2023-11-04T17:13:30.411+0000] {dag.py:3722} INFO - Setting next_dagrun for example_external_task_marker_parent to None, run_after=None
[2023-11-04T17:13:30.437+0000] {processor.py:179} INFO - Processing /home/airflow/.local/lib/python3.8/site-packages/airflow/example_dags/example_external_task_marker_dag.py took 0.140 seconds
[2023-11-04T17:14:00.487+0000] {processor.py:157} INFO - Started process (PID=540) to work on /home/airflow/.local/lib/python3.8/site-packages/airflow/example_dags/example_external_task_marker_dag.py
[2023-11-04T17:14:00.488+0000] {processor.py:829} INFO - Processing file /home/airflow/.local/lib/python3.8/site-packages/airflow/example_dags/example_external_task_marker_dag.py for tasks to queue
[2023-11-04T17:14:00.490+0000] {logging_mixin.py:151} INFO - [2023-11-04T17:14:00.489+0000] {dagbag.py:536} INFO - Filling up the DagBag from /home/airflow/.local/lib/python3.8/site-packages/airflow/example_dags/example_external_task_marker_dag.py
[2023-11-04T17:14:00.500+0000] {processor.py:839} INFO - DAG(s) dict_keys(['example_external_task_marker_parent', 'example_external_task_marker_child']) retrieved from /home/airflow/.local/lib/python3.8/site-packages/airflow/example_dags/example_external_task_marker_dag.py
[2023-11-04T17:14:00.520+0000] {logging_mixin.py:151} INFO - [2023-11-04T17:14:00.520+0000] {dag.py:2941} INFO - Sync 2 DAGs
[2023-11-04T17:14:00.548+0000] {logging_mixin.py:151} INFO - [2023-11-04T17:14:00.548+0000] {dag.py:3722} INFO - Setting next_dagrun for example_external_task_marker_child to None, run_after=None
[2023-11-04T17:14:00.555+0000] {logging_mixin.py:151} INFO - [2023-11-04T17:14:00.554+0000] {dag.py:3722} INFO - Setting next_dagrun for example_external_task_marker_parent to None, run_after=None
[2023-11-04T17:14:00.583+0000] {processor.py:179} INFO - Processing /home/airflow/.local/lib/python3.8/site-packages/airflow/example_dags/example_external_task_marker_dag.py took 0.101 seconds
[2023-11-04T17:14:30.636+0000] {processor.py:157} INFO - Started process (PID=778) to work on /home/airflow/.local/lib/python3.8/site-packages/airflow/example_dags/example_external_task_marker_dag.py
[2023-11-04T17:14:30.637+0000] {processor.py:829} INFO - Processing file /home/airflow/.local/lib/python3.8/site-packages/airflow/example_dags/example_external_task_marker_dag.py for tasks to queue
[2023-11-04T17:14:30.639+0000] {logging_mixin.py:151} INFO - [2023-11-04T17:14:30.638+0000] {dagbag.py:536} INFO - Filling up the DagBag from /home/airflow/.local/lib/python3.8/site-packages/airflow/example_dags/example_external_task_marker_dag.py
[2023-11-04T17:14:30.648+0000] {processor.py:839} INFO - DAG(s) dict_keys(['example_external_task_marker_parent', 'example_external_task_marker_child']) retrieved from /home/airflow/.local/lib/python3.8/site-packages/airflow/example_dags/example_external_task_marker_dag.py
[2023-11-04T17:14:30.667+0000] {logging_mixin.py:151} INFO - [2023-11-04T17:14:30.667+0000] {dag.py:2941} INFO - Sync 2 DAGs
[2023-11-04T17:14:30.690+0000] {logging_mixin.py:151} INFO - [2023-11-04T17:14:30.690+0000] {dag.py:3722} INFO - Setting next_dagrun for example_external_task_marker_child to None, run_after=None
[2023-11-04T17:14:30.696+0000] {logging_mixin.py:151} INFO - [2023-11-04T17:14:30.695+0000] {dag.py:3722} INFO - Setting next_dagrun for example_external_task_marker_parent to None, run_after=None
[2023-11-04T17:14:30.723+0000] {processor.py:179} INFO - Processing /home/airflow/.local/lib/python3.8/site-packages/airflow/example_dags/example_external_task_marker_dag.py took 0.092 seconds
[2023-11-04T17:15:01.282+0000] {processor.py:157} INFO - Started process (PID=1016) to work on /home/airflow/.local/lib/python3.8/site-packages/airflow/example_dags/example_external_task_marker_dag.py
[2023-11-04T17:15:01.284+0000] {processor.py:829} INFO - Processing file /home/airflow/.local/lib/python3.8/site-packages/airflow/example_dags/example_external_task_marker_dag.py for tasks to queue
[2023-11-04T17:15:01.286+0000] {logging_mixin.py:151} INFO - [2023-11-04T17:15:01.286+0000] {dagbag.py:536} INFO - Filling up the DagBag from /home/airflow/.local/lib/python3.8/site-packages/airflow/example_dags/example_external_task_marker_dag.py
[2023-11-04T17:15:01.300+0000] {processor.py:839} INFO - DAG(s) dict_keys(['example_external_task_marker_child', 'example_external_task_marker_parent']) retrieved from /home/airflow/.local/lib/python3.8/site-packages/airflow/example_dags/example_external_task_marker_dag.py
[2023-11-04T17:15:01.346+0000] {logging_mixin.py:151} INFO - [2023-11-04T17:15:01.346+0000] {dag.py:2941} INFO - Sync 2 DAGs
[2023-11-04T17:15:01.377+0000] {logging_mixin.py:151} INFO - [2023-11-04T17:15:01.377+0000] {dag.py:3722} INFO - Setting next_dagrun for example_external_task_marker_child to None, run_after=None
[2023-11-04T17:15:01.385+0000] {logging_mixin.py:151} INFO - [2023-11-04T17:15:01.385+0000] {dag.py:3722} INFO - Setting next_dagrun for example_external_task_marker_parent to None, run_after=None
[2023-11-04T17:15:01.423+0000] {processor.py:179} INFO - Processing /home/airflow/.local/lib/python3.8/site-packages/airflow/example_dags/example_external_task_marker_dag.py took 0.146 seconds
[2023-11-04T17:15:32.332+0000] {processor.py:157} INFO - Started process (PID=1255) to work on /home/airflow/.local/lib/python3.8/site-packages/airflow/example_dags/example_external_task_marker_dag.py
[2023-11-04T17:15:32.334+0000] {processor.py:829} INFO - Processing file /home/airflow/.local/lib/python3.8/site-packages/airflow/example_dags/example_external_task_marker_dag.py for tasks to queue
[2023-11-04T17:15:32.335+0000] {logging_mixin.py:151} INFO - [2023-11-04T17:15:32.335+0000] {dagbag.py:536} INFO - Filling up the DagBag from /home/airflow/.local/lib/python3.8/site-packages/airflow/example_dags/example_external_task_marker_dag.py
[2023-11-04T17:15:32.345+0000] {processor.py:839} INFO - DAG(s) dict_keys(['example_external_task_marker_child', 'example_external_task_marker_parent']) retrieved from /home/airflow/.local/lib/python3.8/site-packages/airflow/example_dags/example_external_task_marker_dag.py
[2023-11-04T17:15:32.382+0000] {logging_mixin.py:151} INFO - [2023-11-04T17:15:32.382+0000] {dag.py:2941} INFO - Sync 2 DAGs
[2023-11-04T17:15:32.402+0000] {logging_mixin.py:151} INFO - [2023-11-04T17:15:32.401+0000] {dag.py:3722} INFO - Setting next_dagrun for example_external_task_marker_child to None, run_after=None
[2023-11-04T17:15:32.408+0000] {logging_mixin.py:151} INFO - [2023-11-04T17:15:32.408+0000] {dag.py:3722} INFO - Setting next_dagrun for example_external_task_marker_parent to None, run_after=None
[2023-11-04T17:15:32.434+0000] {processor.py:179} INFO - Processing /home/airflow/.local/lib/python3.8/site-packages/airflow/example_dags/example_external_task_marker_dag.py took 0.106 seconds
[2023-11-04T17:16:03.601+0000] {processor.py:157} INFO - Started process (PID=1518) to work on /home/airflow/.local/lib/python3.8/site-packages/airflow/example_dags/example_external_task_marker_dag.py
[2023-11-04T17:16:03.603+0000] {processor.py:829} INFO - Processing file /home/airflow/.local/lib/python3.8/site-packages/airflow/example_dags/example_external_task_marker_dag.py for tasks to queue
[2023-11-04T17:16:03.605+0000] {logging_mixin.py:151} INFO - [2023-11-04T17:16:03.604+0000] {dagbag.py:536} INFO - Filling up the DagBag from /home/airflow/.local/lib/python3.8/site-packages/airflow/example_dags/example_external_task_marker_dag.py
[2023-11-04T17:16:03.619+0000] {processor.py:839} INFO - DAG(s) dict_keys(['example_external_task_marker_parent', 'example_external_task_marker_child']) retrieved from /home/airflow/.local/lib/python3.8/site-packages/airflow/example_dags/example_external_task_marker_dag.py
[2023-11-04T17:16:03.668+0000] {logging_mixin.py:151} INFO - [2023-11-04T17:16:03.667+0000] {dag.py:2941} INFO - Sync 2 DAGs
[2023-11-04T17:16:03.691+0000] {logging_mixin.py:151} INFO - [2023-11-04T17:16:03.690+0000] {dag.py:3722} INFO - Setting next_dagrun for example_external_task_marker_child to None, run_after=None
[2023-11-04T17:16:03.698+0000] {logging_mixin.py:151} INFO - [2023-11-04T17:16:03.698+0000] {dag.py:3722} INFO - Setting next_dagrun for example_external_task_marker_parent to None, run_after=None
[2023-11-04T17:16:03.729+0000] {processor.py:179} INFO - Processing /home/airflow/.local/lib/python3.8/site-packages/airflow/example_dags/example_external_task_marker_dag.py took 0.134 seconds
[2023-11-04T17:16:33.884+0000] {processor.py:157} INFO - Started process (PID=1757) to work on /home/airflow/.local/lib/python3.8/site-packages/airflow/example_dags/example_external_task_marker_dag.py
[2023-11-04T17:16:33.886+0000] {processor.py:829} INFO - Processing file /home/airflow/.local/lib/python3.8/site-packages/airflow/example_dags/example_external_task_marker_dag.py for tasks to queue
[2023-11-04T17:16:33.888+0000] {logging_mixin.py:151} INFO - [2023-11-04T17:16:33.887+0000] {dagbag.py:536} INFO - Filling up the DagBag from /home/airflow/.local/lib/python3.8/site-packages/airflow/example_dags/example_external_task_marker_dag.py
[2023-11-04T17:16:33.897+0000] {processor.py:839} INFO - DAG(s) dict_keys(['example_external_task_marker_child', 'example_external_task_marker_parent']) retrieved from /home/airflow/.local/lib/python3.8/site-packages/airflow/example_dags/example_external_task_marker_dag.py
[2023-11-04T17:16:33.938+0000] {logging_mixin.py:151} INFO - [2023-11-04T17:16:33.937+0000] {dag.py:2941} INFO - Sync 2 DAGs
[2023-11-04T17:16:33.960+0000] {logging_mixin.py:151} INFO - [2023-11-04T17:16:33.960+0000] {dag.py:3722} INFO - Setting next_dagrun for example_external_task_marker_child to None, run_after=None
[2023-11-04T17:16:33.966+0000] {logging_mixin.py:151} INFO - [2023-11-04T17:16:33.965+0000] {dag.py:3722} INFO - Setting next_dagrun for example_external_task_marker_parent to None, run_after=None
[2023-11-04T17:16:33.990+0000] {processor.py:179} INFO - Processing /home/airflow/.local/lib/python3.8/site-packages/airflow/example_dags/example_external_task_marker_dag.py took 0.111 seconds
[2023-11-04T17:17:04.759+0000] {processor.py:157} INFO - Started process (PID=1995) to work on /home/airflow/.local/lib/python3.8/site-packages/airflow/example_dags/example_external_task_marker_dag.py
[2023-11-04T17:17:04.761+0000] {processor.py:829} INFO - Processing file /home/airflow/.local/lib/python3.8/site-packages/airflow/example_dags/example_external_task_marker_dag.py for tasks to queue
[2023-11-04T17:17:04.762+0000] {logging_mixin.py:151} INFO - [2023-11-04T17:17:04.762+0000] {dagbag.py:536} INFO - Filling up the DagBag from /home/airflow/.local/lib/python3.8/site-packages/airflow/example_dags/example_external_task_marker_dag.py
[2023-11-04T17:17:04.771+0000] {processor.py:839} INFO - DAG(s) dict_keys(['example_external_task_marker_child', 'example_external_task_marker_parent']) retrieved from /home/airflow/.local/lib/python3.8/site-packages/airflow/example_dags/example_external_task_marker_dag.py
[2023-11-04T17:17:04.808+0000] {logging_mixin.py:151} INFO - [2023-11-04T17:17:04.808+0000] {dag.py:2941} INFO - Sync 2 DAGs
[2023-11-04T17:17:04.827+0000] {logging_mixin.py:151} INFO - [2023-11-04T17:17:04.827+0000] {dag.py:3722} INFO - Setting next_dagrun for example_external_task_marker_child to None, run_after=None
[2023-11-04T17:17:04.833+0000] {logging_mixin.py:151} INFO - [2023-11-04T17:17:04.832+0000] {dag.py:3722} INFO - Setting next_dagrun for example_external_task_marker_parent to None, run_after=None
[2023-11-04T17:17:04.864+0000] {processor.py:179} INFO - Processing /home/airflow/.local/lib/python3.8/site-packages/airflow/example_dags/example_external_task_marker_dag.py took 0.109 seconds
[2023-11-04T17:17:34.980+0000] {processor.py:157} INFO - Started process (PID=2231) to work on /home/airflow/.local/lib/python3.8/site-packages/airflow/example_dags/example_external_task_marker_dag.py
[2023-11-04T17:17:34.982+0000] {processor.py:829} INFO - Processing file /home/airflow/.local/lib/python3.8/site-packages/airflow/example_dags/example_external_task_marker_dag.py for tasks to queue
[2023-11-04T17:17:34.984+0000] {logging_mixin.py:151} INFO - [2023-11-04T17:17:34.984+0000] {dagbag.py:536} INFO - Filling up the DagBag from /home/airflow/.local/lib/python3.8/site-packages/airflow/example_dags/example_external_task_marker_dag.py
[2023-11-04T17:17:34.994+0000] {processor.py:839} INFO - DAG(s) dict_keys(['example_external_task_marker_child', 'example_external_task_marker_parent']) retrieved from /home/airflow/.local/lib/python3.8/site-packages/airflow/example_dags/example_external_task_marker_dag.py
[2023-11-04T17:17:35.032+0000] {logging_mixin.py:151} INFO - [2023-11-04T17:17:35.032+0000] {dag.py:2941} INFO - Sync 2 DAGs
[2023-11-04T17:17:35.052+0000] {logging_mixin.py:151} INFO - [2023-11-04T17:17:35.052+0000] {dag.py:3722} INFO - Setting next_dagrun for example_external_task_marker_child to None, run_after=None
[2023-11-04T17:17:35.058+0000] {logging_mixin.py:151} INFO - [2023-11-04T17:17:35.058+0000] {dag.py:3722} INFO - Setting next_dagrun for example_external_task_marker_parent to None, run_after=None
[2023-11-04T17:17:35.083+0000] {processor.py:179} INFO - Processing /home/airflow/.local/lib/python3.8/site-packages/airflow/example_dags/example_external_task_marker_dag.py took 0.108 seconds
[2023-11-04T17:18:05.210+0000] {processor.py:157} INFO - Started process (PID=2469) to work on /home/airflow/.local/lib/python3.8/site-packages/airflow/example_dags/example_external_task_marker_dag.py
[2023-11-04T17:18:05.212+0000] {processor.py:829} INFO - Processing file /home/airflow/.local/lib/python3.8/site-packages/airflow/example_dags/example_external_task_marker_dag.py for tasks to queue
[2023-11-04T17:18:05.213+0000] {logging_mixin.py:151} INFO - [2023-11-04T17:18:05.213+0000] {dagbag.py:536} INFO - Filling up the DagBag from /home/airflow/.local/lib/python3.8/site-packages/airflow/example_dags/example_external_task_marker_dag.py
[2023-11-04T17:18:05.222+0000] {processor.py:839} INFO - DAG(s) dict_keys(['example_external_task_marker_child', 'example_external_task_marker_parent']) retrieved from /home/airflow/.local/lib/python3.8/site-packages/airflow/example_dags/example_external_task_marker_dag.py
[2023-11-04T17:18:05.259+0000] {logging_mixin.py:151} INFO - [2023-11-04T17:18:05.259+0000] {dag.py:2941} INFO - Sync 2 DAGs
[2023-11-04T17:18:05.278+0000] {logging_mixin.py:151} INFO - [2023-11-04T17:18:05.278+0000] {dag.py:3722} INFO - Setting next_dagrun for example_external_task_marker_child to None, run_after=None
[2023-11-04T17:18:05.284+0000] {logging_mixin.py:151} INFO - [2023-11-04T17:18:05.284+0000] {dag.py:3722} INFO - Setting next_dagrun for example_external_task_marker_parent to None, run_after=None
[2023-11-04T17:18:05.311+0000] {processor.py:179} INFO - Processing /home/airflow/.local/lib/python3.8/site-packages/airflow/example_dags/example_external_task_marker_dag.py took 0.106 seconds
[2023-11-04T17:18:35.898+0000] {processor.py:157} INFO - Started process (PID=2714) to work on /home/airflow/.local/lib/python3.8/site-packages/airflow/example_dags/example_external_task_marker_dag.py
[2023-11-04T17:18:35.899+0000] {processor.py:829} INFO - Processing file /home/airflow/.local/lib/python3.8/site-packages/airflow/example_dags/example_external_task_marker_dag.py for tasks to queue
[2023-11-04T17:18:35.901+0000] {logging_mixin.py:151} INFO - [2023-11-04T17:18:35.901+0000] {dagbag.py:536} INFO - Filling up the DagBag from /home/airflow/.local/lib/python3.8/site-packages/airflow/example_dags/example_external_task_marker_dag.py
[2023-11-04T17:18:35.911+0000] {processor.py:839} INFO - DAG(s) dict_keys(['example_external_task_marker_parent', 'example_external_task_marker_child']) retrieved from /home/airflow/.local/lib/python3.8/site-packages/airflow/example_dags/example_external_task_marker_dag.py
[2023-11-04T17:18:35.949+0000] {logging_mixin.py:151} INFO - [2023-11-04T17:18:35.949+0000] {dag.py:2941} INFO - Sync 2 DAGs
[2023-11-04T17:18:35.969+0000] {logging_mixin.py:151} INFO - [2023-11-04T17:18:35.968+0000] {dag.py:3722} INFO - Setting next_dagrun for example_external_task_marker_child to None, run_after=None
[2023-11-04T17:18:35.975+0000] {logging_mixin.py:151} INFO - [2023-11-04T17:18:35.974+0000] {dag.py:3722} INFO - Setting next_dagrun for example_external_task_marker_parent to None, run_after=None
[2023-11-04T17:18:36.010+0000] {processor.py:179} INFO - Processing /home/airflow/.local/lib/python3.8/site-packages/airflow/example_dags/example_external_task_marker_dag.py took 0.116 seconds
[2023-11-04T17:19:06.263+0000] {processor.py:157} INFO - Started process (PID=2954) to work on /home/airflow/.local/lib/python3.8/site-packages/airflow/example_dags/example_external_task_marker_dag.py
[2023-11-04T17:19:06.264+0000] {processor.py:829} INFO - Processing file /home/airflow/.local/lib/python3.8/site-packages/airflow/example_dags/example_external_task_marker_dag.py for tasks to queue
[2023-11-04T17:19:06.266+0000] {logging_mixin.py:151} INFO - [2023-11-04T17:19:06.266+0000] {dagbag.py:536} INFO - Filling up the DagBag from /home/airflow/.local/lib/python3.8/site-packages/airflow/example_dags/example_external_task_marker_dag.py
[2023-11-04T17:19:06.275+0000] {processor.py:839} INFO - DAG(s) dict_keys(['example_external_task_marker_parent', 'example_external_task_marker_child']) retrieved from /home/airflow/.local/lib/python3.8/site-packages/airflow/example_dags/example_external_task_marker_dag.py
[2023-11-04T17:19:06.313+0000] {logging_mixin.py:151} INFO - [2023-11-04T17:19:06.313+0000] {dag.py:2941} INFO - Sync 2 DAGs
[2023-11-04T17:19:06.332+0000] {logging_mixin.py:151} INFO - [2023-11-04T17:19:06.332+0000] {dag.py:3722} INFO - Setting next_dagrun for example_external_task_marker_child to None, run_after=None
[2023-11-04T17:19:06.338+0000] {logging_mixin.py:151} INFO - [2023-11-04T17:19:06.337+0000] {dag.py:3722} INFO - Setting next_dagrun for example_external_task_marker_parent to None, run_after=None
[2023-11-04T17:19:06.361+0000] {processor.py:179} INFO - Processing /home/airflow/.local/lib/python3.8/site-packages/airflow/example_dags/example_external_task_marker_dag.py took 0.103 seconds
[2023-11-04T17:19:36.547+0000] {processor.py:157} INFO - Started process (PID=3190) to work on /home/airflow/.local/lib/python3.8/site-packages/airflow/example_dags/example_external_task_marker_dag.py
[2023-11-04T17:19:36.549+0000] {processor.py:829} INFO - Processing file /home/airflow/.local/lib/python3.8/site-packages/airflow/example_dags/example_external_task_marker_dag.py for tasks to queue
[2023-11-04T17:19:36.550+0000] {logging_mixin.py:151} INFO - [2023-11-04T17:19:36.550+0000] {dagbag.py:536} INFO - Filling up the DagBag from /home/airflow/.local/lib/python3.8/site-packages/airflow/example_dags/example_external_task_marker_dag.py
[2023-11-04T17:19:36.560+0000] {processor.py:839} INFO - DAG(s) dict_keys(['example_external_task_marker_parent', 'example_external_task_marker_child']) retrieved from /home/airflow/.local/lib/python3.8/site-packages/airflow/example_dags/example_external_task_marker_dag.py
[2023-11-04T17:19:36.598+0000] {logging_mixin.py:151} INFO - [2023-11-04T17:19:36.597+0000] {dag.py:2941} INFO - Sync 2 DAGs
[2023-11-04T17:19:36.620+0000] {logging_mixin.py:151} INFO - [2023-11-04T17:19:36.620+0000] {dag.py:3722} INFO - Setting next_dagrun for example_external_task_marker_child to None, run_after=None
[2023-11-04T17:19:36.626+0000] {logging_mixin.py:151} INFO - [2023-11-04T17:19:36.625+0000] {dag.py:3722} INFO - Setting next_dagrun for example_external_task_marker_parent to None, run_after=None
[2023-11-04T17:19:36.651+0000] {processor.py:179} INFO - Processing /home/airflow/.local/lib/python3.8/site-packages/airflow/example_dags/example_external_task_marker_dag.py took 0.109 seconds
[2023-11-04T17:20:07.237+0000] {processor.py:157} INFO - Started process (PID=3428) to work on /home/airflow/.local/lib/python3.8/site-packages/airflow/example_dags/example_external_task_marker_dag.py
[2023-11-04T17:20:07.239+0000] {processor.py:829} INFO - Processing file /home/airflow/.local/lib/python3.8/site-packages/airflow/example_dags/example_external_task_marker_dag.py for tasks to queue
[2023-11-04T17:20:07.241+0000] {logging_mixin.py:151} INFO - [2023-11-04T17:20:07.240+0000] {dagbag.py:536} INFO - Filling up the DagBag from /home/airflow/.local/lib/python3.8/site-packages/airflow/example_dags/example_external_task_marker_dag.py
[2023-11-04T17:20:07.250+0000] {processor.py:839} INFO - DAG(s) dict_keys(['example_external_task_marker_child', 'example_external_task_marker_parent']) retrieved from /home/airflow/.local/lib/python3.8/site-packages/airflow/example_dags/example_external_task_marker_dag.py
[2023-11-04T17:20:07.288+0000] {logging_mixin.py:151} INFO - [2023-11-04T17:20:07.288+0000] {dag.py:2941} INFO - Sync 2 DAGs
[2023-11-04T17:20:07.308+0000] {logging_mixin.py:151} INFO - [2023-11-04T17:20:07.308+0000] {dag.py:3722} INFO - Setting next_dagrun for example_external_task_marker_child to None, run_after=None
[2023-11-04T17:20:07.313+0000] {logging_mixin.py:151} INFO - [2023-11-04T17:20:07.313+0000] {dag.py:3722} INFO - Setting next_dagrun for example_external_task_marker_parent to None, run_after=None
[2023-11-04T17:20:07.340+0000] {processor.py:179} INFO - Processing /home/airflow/.local/lib/python3.8/site-packages/airflow/example_dags/example_external_task_marker_dag.py took 0.108 seconds
[2023-11-04T17:20:37.674+0000] {processor.py:157} INFO - Started process (PID=3668) to work on /home/airflow/.local/lib/python3.8/site-packages/airflow/example_dags/example_external_task_marker_dag.py
[2023-11-04T17:20:37.676+0000] {processor.py:829} INFO - Processing file /home/airflow/.local/lib/python3.8/site-packages/airflow/example_dags/example_external_task_marker_dag.py for tasks to queue
[2023-11-04T17:20:37.678+0000] {logging_mixin.py:151} INFO - [2023-11-04T17:20:37.678+0000] {dagbag.py:536} INFO - Filling up the DagBag from /home/airflow/.local/lib/python3.8/site-packages/airflow/example_dags/example_external_task_marker_dag.py
[2023-11-04T17:20:37.688+0000] {processor.py:839} INFO - DAG(s) dict_keys(['example_external_task_marker_child', 'example_external_task_marker_parent']) retrieved from /home/airflow/.local/lib/python3.8/site-packages/airflow/example_dags/example_external_task_marker_dag.py
[2023-11-04T17:20:37.725+0000] {logging_mixin.py:151} INFO - [2023-11-04T17:20:37.725+0000] {dag.py:2941} INFO - Sync 2 DAGs
[2023-11-04T17:20:37.745+0000] {logging_mixin.py:151} INFO - [2023-11-04T17:20:37.745+0000] {dag.py:3722} INFO - Setting next_dagrun for example_external_task_marker_child to None, run_after=None
[2023-11-04T17:20:37.751+0000] {logging_mixin.py:151} INFO - [2023-11-04T17:20:37.751+0000] {dag.py:3722} INFO - Setting next_dagrun for example_external_task_marker_parent to None, run_after=None
[2023-11-04T17:20:37.778+0000] {processor.py:179} INFO - Processing /home/airflow/.local/lib/python3.8/site-packages/airflow/example_dags/example_external_task_marker_dag.py took 0.109 seconds
[2023-11-04T17:21:08.971+0000] {processor.py:157} INFO - Started process (PID=3909) to work on /home/airflow/.local/lib/python3.8/site-packages/airflow/example_dags/example_external_task_marker_dag.py
[2023-11-04T17:21:08.974+0000] {processor.py:829} INFO - Processing file /home/airflow/.local/lib/python3.8/site-packages/airflow/example_dags/example_external_task_marker_dag.py for tasks to queue
[2023-11-04T17:21:08.976+0000] {logging_mixin.py:151} INFO - [2023-11-04T17:21:08.976+0000] {dagbag.py:536} INFO - Filling up the DagBag from /home/airflow/.local/lib/python3.8/site-packages/airflow/example_dags/example_external_task_marker_dag.py
[2023-11-04T17:21:08.999+0000] {processor.py:839} INFO - DAG(s) dict_keys(['example_external_task_marker_parent', 'example_external_task_marker_child']) retrieved from /home/airflow/.local/lib/python3.8/site-packages/airflow/example_dags/example_external_task_marker_dag.py
[2023-11-04T17:21:09.071+0000] {logging_mixin.py:151} INFO - [2023-11-04T17:21:09.070+0000] {dag.py:2941} INFO - Sync 2 DAGs
[2023-11-04T17:21:09.110+0000] {logging_mixin.py:151} INFO - [2023-11-04T17:21:09.109+0000] {dag.py:3722} INFO - Setting next_dagrun for example_external_task_marker_child to None, run_after=None
[2023-11-04T17:21:09.131+0000] {logging_mixin.py:151} INFO - [2023-11-04T17:21:09.131+0000] {dag.py:3722} INFO - Setting next_dagrun for example_external_task_marker_parent to None, run_after=None
[2023-11-04T17:21:09.192+0000] {processor.py:179} INFO - Processing /home/airflow/.local/lib/python3.8/site-packages/airflow/example_dags/example_external_task_marker_dag.py took 0.230 seconds
[2023-11-04T17:21:40.096+0000] {processor.py:157} INFO - Started process (PID=4186) to work on /home/airflow/.local/lib/python3.8/site-packages/airflow/example_dags/example_external_task_marker_dag.py
[2023-11-04T17:21:40.098+0000] {processor.py:829} INFO - Processing file /home/airflow/.local/lib/python3.8/site-packages/airflow/example_dags/example_external_task_marker_dag.py for tasks to queue
[2023-11-04T17:21:40.100+0000] {logging_mixin.py:151} INFO - [2023-11-04T17:21:40.099+0000] {dagbag.py:536} INFO - Filling up the DagBag from /home/airflow/.local/lib/python3.8/site-packages/airflow/example_dags/example_external_task_marker_dag.py
[2023-11-04T17:21:40.111+0000] {processor.py:839} INFO - DAG(s) dict_keys(['example_external_task_marker_parent', 'example_external_task_marker_child']) retrieved from /home/airflow/.local/lib/python3.8/site-packages/airflow/example_dags/example_external_task_marker_dag.py
[2023-11-04T17:21:40.159+0000] {logging_mixin.py:151} INFO - [2023-11-04T17:21:40.159+0000] {dag.py:2941} INFO - Sync 2 DAGs
[2023-11-04T17:21:40.190+0000] {logging_mixin.py:151} INFO - [2023-11-04T17:21:40.190+0000] {dag.py:3722} INFO - Setting next_dagrun for example_external_task_marker_child to None, run_after=None
[2023-11-04T17:21:40.198+0000] {logging_mixin.py:151} INFO - [2023-11-04T17:21:40.197+0000] {dag.py:3722} INFO - Setting next_dagrun for example_external_task_marker_parent to None, run_after=None
[2023-11-04T17:21:40.229+0000] {processor.py:179} INFO - Processing /home/airflow/.local/lib/python3.8/site-packages/airflow/example_dags/example_external_task_marker_dag.py took 0.139 seconds
[2023-11-04T17:22:10.891+0000] {processor.py:157} INFO - Started process (PID=4428) to work on /home/airflow/.local/lib/python3.8/site-packages/airflow/example_dags/example_external_task_marker_dag.py
[2023-11-04T17:22:10.893+0000] {processor.py:829} INFO - Processing file /home/airflow/.local/lib/python3.8/site-packages/airflow/example_dags/example_external_task_marker_dag.py for tasks to queue
[2023-11-04T17:22:10.894+0000] {logging_mixin.py:151} INFO - [2023-11-04T17:22:10.894+0000] {dagbag.py:536} INFO - Filling up the DagBag from /home/airflow/.local/lib/python3.8/site-packages/airflow/example_dags/example_external_task_marker_dag.py
[2023-11-04T17:22:10.911+0000] {processor.py:839} INFO - DAG(s) dict_keys(['example_external_task_marker_parent', 'example_external_task_marker_child']) retrieved from /home/airflow/.local/lib/python3.8/site-packages/airflow/example_dags/example_external_task_marker_dag.py
[2023-11-04T17:22:10.985+0000] {logging_mixin.py:151} INFO - [2023-11-04T17:22:10.984+0000] {dag.py:2941} INFO - Sync 2 DAGs
[2023-11-04T17:22:11.020+0000] {logging_mixin.py:151} INFO - [2023-11-04T17:22:11.020+0000] {dag.py:3722} INFO - Setting next_dagrun for example_external_task_marker_child to None, run_after=None
[2023-11-04T17:22:11.029+0000] {logging_mixin.py:151} INFO - [2023-11-04T17:22:11.028+0000] {dag.py:3722} INFO - Setting next_dagrun for example_external_task_marker_parent to None, run_after=None
[2023-11-04T17:22:11.083+0000] {processor.py:179} INFO - Processing /home/airflow/.local/lib/python3.8/site-packages/airflow/example_dags/example_external_task_marker_dag.py took 0.200 seconds
[2023-11-04T17:22:41.373+0000] {processor.py:157} INFO - Started process (PID=4666) to work on /home/airflow/.local/lib/python3.8/site-packages/airflow/example_dags/example_external_task_marker_dag.py
[2023-11-04T17:22:41.377+0000] {processor.py:829} INFO - Processing file /home/airflow/.local/lib/python3.8/site-packages/airflow/example_dags/example_external_task_marker_dag.py for tasks to queue
[2023-11-04T17:22:41.381+0000] {logging_mixin.py:151} INFO - [2023-11-04T17:22:41.380+0000] {dagbag.py:536} INFO - Filling up the DagBag from /home/airflow/.local/lib/python3.8/site-packages/airflow/example_dags/example_external_task_marker_dag.py
[2023-11-04T17:22:41.402+0000] {processor.py:839} INFO - DAG(s) dict_keys(['example_external_task_marker_child', 'example_external_task_marker_parent']) retrieved from /home/airflow/.local/lib/python3.8/site-packages/airflow/example_dags/example_external_task_marker_dag.py
[2023-11-04T17:22:41.483+0000] {logging_mixin.py:151} INFO - [2023-11-04T17:22:41.482+0000] {dag.py:2941} INFO - Sync 2 DAGs
[2023-11-04T17:22:41.523+0000] {logging_mixin.py:151} INFO - [2023-11-04T17:22:41.522+0000] {dag.py:3722} INFO - Setting next_dagrun for example_external_task_marker_child to None, run_after=None
[2023-11-04T17:22:41.532+0000] {logging_mixin.py:151} INFO - [2023-11-04T17:22:41.531+0000] {dag.py:3722} INFO - Setting next_dagrun for example_external_task_marker_parent to None, run_after=None
[2023-11-04T17:22:41.583+0000] {processor.py:179} INFO - Processing /home/airflow/.local/lib/python3.8/site-packages/airflow/example_dags/example_external_task_marker_dag.py took 0.235 seconds
