[2023-11-04T16:23:46.777+0000] {processor.py:157} INFO - Started process (PID=300) to work on /home/airflow/.local/lib/python3.8/site-packages/airflow/example_dags/example_time_delta_sensor_async.py
[2023-11-04T16:23:46.779+0000] {processor.py:829} INFO - Processing file /home/airflow/.local/lib/python3.8/site-packages/airflow/example_dags/example_time_delta_sensor_async.py for tasks to queue
[2023-11-04T16:23:46.781+0000] {logging_mixin.py:151} INFO - [2023-11-04T16:23:46.780+0000] {dagbag.py:536} INFO - Filling up the DagBag from /home/airflow/.local/lib/python3.8/site-packages/airflow/example_dags/example_time_delta_sensor_async.py
[2023-11-04T16:23:46.789+0000] {processor.py:839} INFO - DAG(s) dict_keys(['example_time_delta_sensor_async']) retrieved from /home/airflow/.local/lib/python3.8/site-packages/airflow/example_dags/example_time_delta_sensor_async.py
[2023-11-04T16:23:46.808+0000] {logging_mixin.py:151} INFO - [2023-11-04T16:23:46.808+0000] {dag.py:2941} INFO - Sync 1 DAGs
[2023-11-04T16:23:46.832+0000] {logging_mixin.py:151} INFO - [2023-11-04T16:23:46.832+0000] {dag.py:3722} INFO - Setting next_dagrun for example_time_delta_sensor_async to None, run_after=None
[2023-11-04T16:23:46.863+0000] {processor.py:179} INFO - Processing /home/airflow/.local/lib/python3.8/site-packages/airflow/example_dags/example_time_delta_sensor_async.py took 0.090 seconds
[2023-11-04T16:24:17.388+0000] {processor.py:157} INFO - Started process (PID=538) to work on /home/airflow/.local/lib/python3.8/site-packages/airflow/example_dags/example_time_delta_sensor_async.py
[2023-11-04T16:24:17.389+0000] {processor.py:829} INFO - Processing file /home/airflow/.local/lib/python3.8/site-packages/airflow/example_dags/example_time_delta_sensor_async.py for tasks to queue
[2023-11-04T16:24:17.391+0000] {logging_mixin.py:151} INFO - [2023-11-04T16:24:17.390+0000] {dagbag.py:536} INFO - Filling up the DagBag from /home/airflow/.local/lib/python3.8/site-packages/airflow/example_dags/example_time_delta_sensor_async.py
[2023-11-04T16:24:17.398+0000] {processor.py:839} INFO - DAG(s) dict_keys(['example_time_delta_sensor_async']) retrieved from /home/airflow/.local/lib/python3.8/site-packages/airflow/example_dags/example_time_delta_sensor_async.py
[2023-11-04T16:24:17.431+0000] {logging_mixin.py:151} INFO - [2023-11-04T16:24:17.431+0000] {dag.py:2941} INFO - Sync 1 DAGs
[2023-11-04T16:24:17.451+0000] {logging_mixin.py:151} INFO - [2023-11-04T16:24:17.451+0000] {dag.py:3722} INFO - Setting next_dagrun for example_time_delta_sensor_async to None, run_after=None
[2023-11-04T16:24:17.480+0000] {processor.py:179} INFO - Processing /home/airflow/.local/lib/python3.8/site-packages/airflow/example_dags/example_time_delta_sensor_async.py took 0.097 seconds
[2023-11-04T16:24:48.054+0000] {processor.py:157} INFO - Started process (PID=776) to work on /home/airflow/.local/lib/python3.8/site-packages/airflow/example_dags/example_time_delta_sensor_async.py
[2023-11-04T16:24:48.055+0000] {processor.py:829} INFO - Processing file /home/airflow/.local/lib/python3.8/site-packages/airflow/example_dags/example_time_delta_sensor_async.py for tasks to queue
[2023-11-04T16:24:48.057+0000] {logging_mixin.py:151} INFO - [2023-11-04T16:24:48.056+0000] {dagbag.py:536} INFO - Filling up the DagBag from /home/airflow/.local/lib/python3.8/site-packages/airflow/example_dags/example_time_delta_sensor_async.py
[2023-11-04T16:24:48.064+0000] {processor.py:839} INFO - DAG(s) dict_keys(['example_time_delta_sensor_async']) retrieved from /home/airflow/.local/lib/python3.8/site-packages/airflow/example_dags/example_time_delta_sensor_async.py
[2023-11-04T16:24:48.100+0000] {logging_mixin.py:151} INFO - [2023-11-04T16:24:48.099+0000] {dag.py:2941} INFO - Sync 1 DAGs
[2023-11-04T16:24:48.120+0000] {logging_mixin.py:151} INFO - [2023-11-04T16:24:48.120+0000] {dag.py:3722} INFO - Setting next_dagrun for example_time_delta_sensor_async to None, run_after=None
[2023-11-04T16:24:48.148+0000] {processor.py:179} INFO - Processing /home/airflow/.local/lib/python3.8/site-packages/airflow/example_dags/example_time_delta_sensor_async.py took 0.099 seconds
[2023-11-04T16:25:18.242+0000] {processor.py:157} INFO - Started process (PID=1012) to work on /home/airflow/.local/lib/python3.8/site-packages/airflow/example_dags/example_time_delta_sensor_async.py
[2023-11-04T16:25:18.243+0000] {processor.py:829} INFO - Processing file /home/airflow/.local/lib/python3.8/site-packages/airflow/example_dags/example_time_delta_sensor_async.py for tasks to queue
[2023-11-04T16:25:18.245+0000] {logging_mixin.py:151} INFO - [2023-11-04T16:25:18.244+0000] {dagbag.py:536} INFO - Filling up the DagBag from /home/airflow/.local/lib/python3.8/site-packages/airflow/example_dags/example_time_delta_sensor_async.py
[2023-11-04T16:25:18.252+0000] {processor.py:839} INFO - DAG(s) dict_keys(['example_time_delta_sensor_async']) retrieved from /home/airflow/.local/lib/python3.8/site-packages/airflow/example_dags/example_time_delta_sensor_async.py
[2023-11-04T16:25:18.286+0000] {logging_mixin.py:151} INFO - [2023-11-04T16:25:18.286+0000] {dag.py:2941} INFO - Sync 1 DAGs
[2023-11-04T16:25:18.305+0000] {logging_mixin.py:151} INFO - [2023-11-04T16:25:18.305+0000] {dag.py:3722} INFO - Setting next_dagrun for example_time_delta_sensor_async to None, run_after=None
[2023-11-04T16:25:18.335+0000] {processor.py:179} INFO - Processing /home/airflow/.local/lib/python3.8/site-packages/airflow/example_dags/example_time_delta_sensor_async.py took 0.098 seconds
[2023-11-04T16:25:48.486+0000] {processor.py:157} INFO - Started process (PID=1250) to work on /home/airflow/.local/lib/python3.8/site-packages/airflow/example_dags/example_time_delta_sensor_async.py
[2023-11-04T16:25:48.488+0000] {processor.py:829} INFO - Processing file /home/airflow/.local/lib/python3.8/site-packages/airflow/example_dags/example_time_delta_sensor_async.py for tasks to queue
[2023-11-04T16:25:48.489+0000] {logging_mixin.py:151} INFO - [2023-11-04T16:25:48.489+0000] {dagbag.py:536} INFO - Filling up the DagBag from /home/airflow/.local/lib/python3.8/site-packages/airflow/example_dags/example_time_delta_sensor_async.py
[2023-11-04T16:25:48.496+0000] {processor.py:839} INFO - DAG(s) dict_keys(['example_time_delta_sensor_async']) retrieved from /home/airflow/.local/lib/python3.8/site-packages/airflow/example_dags/example_time_delta_sensor_async.py
[2023-11-04T16:25:48.531+0000] {logging_mixin.py:151} INFO - [2023-11-04T16:25:48.531+0000] {dag.py:2941} INFO - Sync 1 DAGs
[2023-11-04T16:25:48.558+0000] {logging_mixin.py:151} INFO - [2023-11-04T16:25:48.558+0000] {dag.py:3722} INFO - Setting next_dagrun for example_time_delta_sensor_async to None, run_after=None
[2023-11-04T16:25:48.590+0000] {processor.py:179} INFO - Processing /home/airflow/.local/lib/python3.8/site-packages/airflow/example_dags/example_time_delta_sensor_async.py took 0.109 seconds
[2023-11-04T16:26:18.939+0000] {processor.py:157} INFO - Started process (PID=1490) to work on /home/airflow/.local/lib/python3.8/site-packages/airflow/example_dags/example_time_delta_sensor_async.py
[2023-11-04T16:26:18.940+0000] {processor.py:829} INFO - Processing file /home/airflow/.local/lib/python3.8/site-packages/airflow/example_dags/example_time_delta_sensor_async.py for tasks to queue
[2023-11-04T16:26:18.942+0000] {logging_mixin.py:151} INFO - [2023-11-04T16:26:18.942+0000] {dagbag.py:536} INFO - Filling up the DagBag from /home/airflow/.local/lib/python3.8/site-packages/airflow/example_dags/example_time_delta_sensor_async.py
[2023-11-04T16:26:18.949+0000] {processor.py:839} INFO - DAG(s) dict_keys(['example_time_delta_sensor_async']) retrieved from /home/airflow/.local/lib/python3.8/site-packages/airflow/example_dags/example_time_delta_sensor_async.py
[2023-11-04T16:26:18.968+0000] {logging_mixin.py:151} INFO - [2023-11-04T16:26:18.968+0000] {dag.py:2941} INFO - Sync 1 DAGs
[2023-11-04T16:26:18.990+0000] {logging_mixin.py:151} INFO - [2023-11-04T16:26:18.990+0000] {dag.py:3722} INFO - Setting next_dagrun for example_time_delta_sensor_async to None, run_after=None
[2023-11-04T16:26:19.020+0000] {processor.py:179} INFO - Processing /home/airflow/.local/lib/python3.8/site-packages/airflow/example_dags/example_time_delta_sensor_async.py took 0.086 seconds
[2023-11-04T16:26:49.604+0000] {processor.py:157} INFO - Started process (PID=1726) to work on /home/airflow/.local/lib/python3.8/site-packages/airflow/example_dags/example_time_delta_sensor_async.py
[2023-11-04T16:26:49.606+0000] {processor.py:829} INFO - Processing file /home/airflow/.local/lib/python3.8/site-packages/airflow/example_dags/example_time_delta_sensor_async.py for tasks to queue
[2023-11-04T16:26:49.608+0000] {logging_mixin.py:151} INFO - [2023-11-04T16:26:49.607+0000] {dagbag.py:536} INFO - Filling up the DagBag from /home/airflow/.local/lib/python3.8/site-packages/airflow/example_dags/example_time_delta_sensor_async.py
[2023-11-04T16:26:49.616+0000] {processor.py:839} INFO - DAG(s) dict_keys(['example_time_delta_sensor_async']) retrieved from /home/airflow/.local/lib/python3.8/site-packages/airflow/example_dags/example_time_delta_sensor_async.py
[2023-11-04T16:26:49.651+0000] {logging_mixin.py:151} INFO - [2023-11-04T16:26:49.650+0000] {dag.py:2941} INFO - Sync 1 DAGs
[2023-11-04T16:26:49.670+0000] {logging_mixin.py:151} INFO - [2023-11-04T16:26:49.670+0000] {dag.py:3722} INFO - Setting next_dagrun for example_time_delta_sensor_async to None, run_after=None
[2023-11-04T16:26:49.700+0000] {processor.py:179} INFO - Processing /home/airflow/.local/lib/python3.8/site-packages/airflow/example_dags/example_time_delta_sensor_async.py took 0.102 seconds
[2023-11-04T16:27:20.438+0000] {processor.py:157} INFO - Started process (PID=1966) to work on /home/airflow/.local/lib/python3.8/site-packages/airflow/example_dags/example_time_delta_sensor_async.py
[2023-11-04T16:27:20.440+0000] {processor.py:829} INFO - Processing file /home/airflow/.local/lib/python3.8/site-packages/airflow/example_dags/example_time_delta_sensor_async.py for tasks to queue
[2023-11-04T16:27:20.442+0000] {logging_mixin.py:151} INFO - [2023-11-04T16:27:20.441+0000] {dagbag.py:536} INFO - Filling up the DagBag from /home/airflow/.local/lib/python3.8/site-packages/airflow/example_dags/example_time_delta_sensor_async.py
[2023-11-04T16:27:20.449+0000] {processor.py:839} INFO - DAG(s) dict_keys(['example_time_delta_sensor_async']) retrieved from /home/airflow/.local/lib/python3.8/site-packages/airflow/example_dags/example_time_delta_sensor_async.py
[2023-11-04T16:27:20.484+0000] {logging_mixin.py:151} INFO - [2023-11-04T16:27:20.484+0000] {dag.py:2941} INFO - Sync 1 DAGs
[2023-11-04T16:27:20.506+0000] {logging_mixin.py:151} INFO - [2023-11-04T16:27:20.505+0000] {dag.py:3722} INFO - Setting next_dagrun for example_time_delta_sensor_async to None, run_after=None
[2023-11-04T16:27:20.535+0000] {processor.py:179} INFO - Processing /home/airflow/.local/lib/python3.8/site-packages/airflow/example_dags/example_time_delta_sensor_async.py took 0.102 seconds
[2023-11-04T16:27:51.840+0000] {processor.py:157} INFO - Started process (PID=2203) to work on /home/airflow/.local/lib/python3.8/site-packages/airflow/example_dags/example_time_delta_sensor_async.py
[2023-11-04T16:27:51.910+0000] {processor.py:829} INFO - Processing file /home/airflow/.local/lib/python3.8/site-packages/airflow/example_dags/example_time_delta_sensor_async.py for tasks to queue
[2023-11-04T16:27:51.919+0000] {logging_mixin.py:151} INFO - [2023-11-04T16:27:51.914+0000] {dagbag.py:536} INFO - Filling up the DagBag from /home/airflow/.local/lib/python3.8/site-packages/airflow/example_dags/example_time_delta_sensor_async.py
[2023-11-04T16:27:51.936+0000] {processor.py:839} INFO - DAG(s) dict_keys(['example_time_delta_sensor_async']) retrieved from /home/airflow/.local/lib/python3.8/site-packages/airflow/example_dags/example_time_delta_sensor_async.py
[2023-11-04T16:27:51.991+0000] {logging_mixin.py:151} INFO - [2023-11-04T16:27:51.990+0000] {dag.py:2941} INFO - Sync 1 DAGs
[2023-11-04T16:27:52.051+0000] {logging_mixin.py:151} INFO - [2023-11-04T16:27:52.050+0000] {dag.py:3722} INFO - Setting next_dagrun for example_time_delta_sensor_async to None, run_after=None
[2023-11-04T16:27:52.140+0000] {processor.py:179} INFO - Processing /home/airflow/.local/lib/python3.8/site-packages/airflow/example_dags/example_time_delta_sensor_async.py took 0.312 seconds
[2023-11-04T16:28:22.542+0000] {processor.py:157} INFO - Started process (PID=2441) to work on /home/airflow/.local/lib/python3.8/site-packages/airflow/example_dags/example_time_delta_sensor_async.py
[2023-11-04T16:28:22.544+0000] {processor.py:829} INFO - Processing file /home/airflow/.local/lib/python3.8/site-packages/airflow/example_dags/example_time_delta_sensor_async.py for tasks to queue
[2023-11-04T16:28:22.546+0000] {logging_mixin.py:151} INFO - [2023-11-04T16:28:22.545+0000] {dagbag.py:536} INFO - Filling up the DagBag from /home/airflow/.local/lib/python3.8/site-packages/airflow/example_dags/example_time_delta_sensor_async.py
[2023-11-04T16:28:22.553+0000] {processor.py:839} INFO - DAG(s) dict_keys(['example_time_delta_sensor_async']) retrieved from /home/airflow/.local/lib/python3.8/site-packages/airflow/example_dags/example_time_delta_sensor_async.py
[2023-11-04T16:28:22.587+0000] {logging_mixin.py:151} INFO - [2023-11-04T16:28:22.587+0000] {dag.py:2941} INFO - Sync 1 DAGs
[2023-11-04T16:28:22.607+0000] {logging_mixin.py:151} INFO - [2023-11-04T16:28:22.607+0000] {dag.py:3722} INFO - Setting next_dagrun for example_time_delta_sensor_async to None, run_after=None
[2023-11-04T16:28:22.641+0000] {processor.py:179} INFO - Processing /home/airflow/.local/lib/python3.8/site-packages/airflow/example_dags/example_time_delta_sensor_async.py took 0.103 seconds
[2023-11-04T16:28:52.873+0000] {processor.py:157} INFO - Started process (PID=2679) to work on /home/airflow/.local/lib/python3.8/site-packages/airflow/example_dags/example_time_delta_sensor_async.py
[2023-11-04T16:28:52.875+0000] {processor.py:829} INFO - Processing file /home/airflow/.local/lib/python3.8/site-packages/airflow/example_dags/example_time_delta_sensor_async.py for tasks to queue
[2023-11-04T16:28:52.877+0000] {logging_mixin.py:151} INFO - [2023-11-04T16:28:52.876+0000] {dagbag.py:536} INFO - Filling up the DagBag from /home/airflow/.local/lib/python3.8/site-packages/airflow/example_dags/example_time_delta_sensor_async.py
[2023-11-04T16:28:52.884+0000] {processor.py:839} INFO - DAG(s) dict_keys(['example_time_delta_sensor_async']) retrieved from /home/airflow/.local/lib/python3.8/site-packages/airflow/example_dags/example_time_delta_sensor_async.py
[2023-11-04T16:28:52.916+0000] {logging_mixin.py:151} INFO - [2023-11-04T16:28:52.916+0000] {dag.py:2941} INFO - Sync 1 DAGs
[2023-11-04T16:28:52.936+0000] {logging_mixin.py:151} INFO - [2023-11-04T16:28:52.935+0000] {dag.py:3722} INFO - Setting next_dagrun for example_time_delta_sensor_async to None, run_after=None
[2023-11-04T16:28:52.964+0000] {processor.py:179} INFO - Processing /home/airflow/.local/lib/python3.8/site-packages/airflow/example_dags/example_time_delta_sensor_async.py took 0.096 seconds
[2023-11-04T16:29:23.670+0000] {processor.py:157} INFO - Started process (PID=2917) to work on /home/airflow/.local/lib/python3.8/site-packages/airflow/example_dags/example_time_delta_sensor_async.py
[2023-11-04T16:29:23.672+0000] {processor.py:829} INFO - Processing file /home/airflow/.local/lib/python3.8/site-packages/airflow/example_dags/example_time_delta_sensor_async.py for tasks to queue
[2023-11-04T16:29:23.674+0000] {logging_mixin.py:151} INFO - [2023-11-04T16:29:23.673+0000] {dagbag.py:536} INFO - Filling up the DagBag from /home/airflow/.local/lib/python3.8/site-packages/airflow/example_dags/example_time_delta_sensor_async.py
[2023-11-04T16:29:23.681+0000] {processor.py:839} INFO - DAG(s) dict_keys(['example_time_delta_sensor_async']) retrieved from /home/airflow/.local/lib/python3.8/site-packages/airflow/example_dags/example_time_delta_sensor_async.py
[2023-11-04T16:29:23.716+0000] {logging_mixin.py:151} INFO - [2023-11-04T16:29:23.716+0000] {dag.py:2941} INFO - Sync 1 DAGs
[2023-11-04T16:29:23.736+0000] {logging_mixin.py:151} INFO - [2023-11-04T16:29:23.736+0000] {dag.py:3722} INFO - Setting next_dagrun for example_time_delta_sensor_async to None, run_after=None
[2023-11-04T16:29:23.770+0000] {processor.py:179} INFO - Processing /home/airflow/.local/lib/python3.8/site-packages/airflow/example_dags/example_time_delta_sensor_async.py took 0.105 seconds
[2023-11-04T16:29:53.909+0000] {processor.py:157} INFO - Started process (PID=3155) to work on /home/airflow/.local/lib/python3.8/site-packages/airflow/example_dags/example_time_delta_sensor_async.py
[2023-11-04T16:29:53.911+0000] {processor.py:829} INFO - Processing file /home/airflow/.local/lib/python3.8/site-packages/airflow/example_dags/example_time_delta_sensor_async.py for tasks to queue
[2023-11-04T16:29:53.913+0000] {logging_mixin.py:151} INFO - [2023-11-04T16:29:53.912+0000] {dagbag.py:536} INFO - Filling up the DagBag from /home/airflow/.local/lib/python3.8/site-packages/airflow/example_dags/example_time_delta_sensor_async.py
[2023-11-04T16:29:53.920+0000] {processor.py:839} INFO - DAG(s) dict_keys(['example_time_delta_sensor_async']) retrieved from /home/airflow/.local/lib/python3.8/site-packages/airflow/example_dags/example_time_delta_sensor_async.py
[2023-11-04T16:29:53.940+0000] {logging_mixin.py:151} INFO - [2023-11-04T16:29:53.940+0000] {dag.py:2941} INFO - Sync 1 DAGs
[2023-11-04T16:29:53.964+0000] {logging_mixin.py:151} INFO - [2023-11-04T16:29:53.964+0000] {dag.py:3722} INFO - Setting next_dagrun for example_time_delta_sensor_async to None, run_after=None
[2023-11-04T16:29:53.996+0000] {processor.py:179} INFO - Processing /home/airflow/.local/lib/python3.8/site-packages/airflow/example_dags/example_time_delta_sensor_async.py took 0.092 seconds
[2023-11-04T16:30:24.594+0000] {processor.py:157} INFO - Started process (PID=3393) to work on /home/airflow/.local/lib/python3.8/site-packages/airflow/example_dags/example_time_delta_sensor_async.py
[2023-11-04T16:30:24.596+0000] {processor.py:829} INFO - Processing file /home/airflow/.local/lib/python3.8/site-packages/airflow/example_dags/example_time_delta_sensor_async.py for tasks to queue
[2023-11-04T16:30:24.598+0000] {logging_mixin.py:151} INFO - [2023-11-04T16:30:24.597+0000] {dagbag.py:536} INFO - Filling up the DagBag from /home/airflow/.local/lib/python3.8/site-packages/airflow/example_dags/example_time_delta_sensor_async.py
[2023-11-04T16:30:24.605+0000] {processor.py:839} INFO - DAG(s) dict_keys(['example_time_delta_sensor_async']) retrieved from /home/airflow/.local/lib/python3.8/site-packages/airflow/example_dags/example_time_delta_sensor_async.py
[2023-11-04T16:30:24.638+0000] {logging_mixin.py:151} INFO - [2023-11-04T16:30:24.638+0000] {dag.py:2941} INFO - Sync 1 DAGs
[2023-11-04T16:30:24.658+0000] {logging_mixin.py:151} INFO - [2023-11-04T16:30:24.658+0000] {dag.py:3722} INFO - Setting next_dagrun for example_time_delta_sensor_async to None, run_after=None
[2023-11-04T16:30:24.686+0000] {processor.py:179} INFO - Processing /home/airflow/.local/lib/python3.8/site-packages/airflow/example_dags/example_time_delta_sensor_async.py took 0.097 seconds
[2023-11-04T16:30:56.556+0000] {processor.py:157} INFO - Started process (PID=3631) to work on /home/airflow/.local/lib/python3.8/site-packages/airflow/example_dags/example_time_delta_sensor_async.py
[2023-11-04T16:30:56.560+0000] {processor.py:829} INFO - Processing file /home/airflow/.local/lib/python3.8/site-packages/airflow/example_dags/example_time_delta_sensor_async.py for tasks to queue
[2023-11-04T16:30:56.562+0000] {logging_mixin.py:151} INFO - [2023-11-04T16:30:56.562+0000] {dagbag.py:536} INFO - Filling up the DagBag from /home/airflow/.local/lib/python3.8/site-packages/airflow/example_dags/example_time_delta_sensor_async.py
[2023-11-04T16:30:56.574+0000] {processor.py:839} INFO - DAG(s) dict_keys(['example_time_delta_sensor_async']) retrieved from /home/airflow/.local/lib/python3.8/site-packages/airflow/example_dags/example_time_delta_sensor_async.py
[2023-11-04T16:30:56.619+0000] {logging_mixin.py:151} INFO - [2023-11-04T16:30:56.619+0000] {dag.py:2941} INFO - Sync 1 DAGs
[2023-11-04T16:30:56.643+0000] {logging_mixin.py:151} INFO - [2023-11-04T16:30:56.643+0000] {dag.py:3722} INFO - Setting next_dagrun for example_time_delta_sensor_async to None, run_after=None
[2023-11-04T16:30:56.680+0000] {processor.py:179} INFO - Processing /home/airflow/.local/lib/python3.8/site-packages/airflow/example_dags/example_time_delta_sensor_async.py took 0.133 seconds
[2023-11-04T16:31:27.340+0000] {processor.py:157} INFO - Started process (PID=3871) to work on /home/airflow/.local/lib/python3.8/site-packages/airflow/example_dags/example_time_delta_sensor_async.py
[2023-11-04T16:31:27.343+0000] {processor.py:829} INFO - Processing file /home/airflow/.local/lib/python3.8/site-packages/airflow/example_dags/example_time_delta_sensor_async.py for tasks to queue
[2023-11-04T16:31:27.352+0000] {logging_mixin.py:151} INFO - [2023-11-04T16:31:27.351+0000] {dagbag.py:536} INFO - Filling up the DagBag from /home/airflow/.local/lib/python3.8/site-packages/airflow/example_dags/example_time_delta_sensor_async.py
[2023-11-04T16:31:27.365+0000] {processor.py:839} INFO - DAG(s) dict_keys(['example_time_delta_sensor_async']) retrieved from /home/airflow/.local/lib/python3.8/site-packages/airflow/example_dags/example_time_delta_sensor_async.py
[2023-11-04T16:31:27.396+0000] {logging_mixin.py:151} INFO - [2023-11-04T16:31:27.396+0000] {dag.py:2941} INFO - Sync 1 DAGs
[2023-11-04T16:31:27.431+0000] {logging_mixin.py:151} INFO - [2023-11-04T16:31:27.430+0000] {dag.py:3722} INFO - Setting next_dagrun for example_time_delta_sensor_async to None, run_after=None
[2023-11-04T16:31:27.485+0000] {processor.py:179} INFO - Processing /home/airflow/.local/lib/python3.8/site-packages/airflow/example_dags/example_time_delta_sensor_async.py took 0.152 seconds
[2023-11-04T16:31:57.895+0000] {processor.py:157} INFO - Started process (PID=4107) to work on /home/airflow/.local/lib/python3.8/site-packages/airflow/example_dags/example_time_delta_sensor_async.py
[2023-11-04T16:31:57.896+0000] {processor.py:829} INFO - Processing file /home/airflow/.local/lib/python3.8/site-packages/airflow/example_dags/example_time_delta_sensor_async.py for tasks to queue
[2023-11-04T16:31:57.899+0000] {logging_mixin.py:151} INFO - [2023-11-04T16:31:57.898+0000] {dagbag.py:536} INFO - Filling up the DagBag from /home/airflow/.local/lib/python3.8/site-packages/airflow/example_dags/example_time_delta_sensor_async.py
[2023-11-04T16:31:57.906+0000] {processor.py:839} INFO - DAG(s) dict_keys(['example_time_delta_sensor_async']) retrieved from /home/airflow/.local/lib/python3.8/site-packages/airflow/example_dags/example_time_delta_sensor_async.py
[2023-11-04T16:31:57.943+0000] {logging_mixin.py:151} INFO - [2023-11-04T16:31:57.942+0000] {dag.py:2941} INFO - Sync 1 DAGs
[2023-11-04T16:31:57.966+0000] {logging_mixin.py:151} INFO - [2023-11-04T16:31:57.965+0000] {dag.py:3722} INFO - Setting next_dagrun for example_time_delta_sensor_async to None, run_after=None
[2023-11-04T16:31:57.997+0000] {processor.py:179} INFO - Processing /home/airflow/.local/lib/python3.8/site-packages/airflow/example_dags/example_time_delta_sensor_async.py took 0.109 seconds
[2023-11-04T16:32:28.584+0000] {processor.py:157} INFO - Started process (PID=4347) to work on /home/airflow/.local/lib/python3.8/site-packages/airflow/example_dags/example_time_delta_sensor_async.py
[2023-11-04T16:32:28.585+0000] {processor.py:829} INFO - Processing file /home/airflow/.local/lib/python3.8/site-packages/airflow/example_dags/example_time_delta_sensor_async.py for tasks to queue
[2023-11-04T16:32:28.587+0000] {logging_mixin.py:151} INFO - [2023-11-04T16:32:28.587+0000] {dagbag.py:536} INFO - Filling up the DagBag from /home/airflow/.local/lib/python3.8/site-packages/airflow/example_dags/example_time_delta_sensor_async.py
[2023-11-04T16:32:28.595+0000] {processor.py:839} INFO - DAG(s) dict_keys(['example_time_delta_sensor_async']) retrieved from /home/airflow/.local/lib/python3.8/site-packages/airflow/example_dags/example_time_delta_sensor_async.py
[2023-11-04T16:32:28.628+0000] {logging_mixin.py:151} INFO - [2023-11-04T16:32:28.627+0000] {dag.py:2941} INFO - Sync 1 DAGs
[2023-11-04T16:32:28.647+0000] {logging_mixin.py:151} INFO - [2023-11-04T16:32:28.647+0000] {dag.py:3722} INFO - Setting next_dagrun for example_time_delta_sensor_async to None, run_after=None
[2023-11-04T16:32:28.677+0000] {processor.py:179} INFO - Processing /home/airflow/.local/lib/python3.8/site-packages/airflow/example_dags/example_time_delta_sensor_async.py took 0.098 seconds
[2023-11-04T16:32:58.972+0000] {processor.py:157} INFO - Started process (PID=4585) to work on /home/airflow/.local/lib/python3.8/site-packages/airflow/example_dags/example_time_delta_sensor_async.py
[2023-11-04T16:32:58.973+0000] {processor.py:829} INFO - Processing file /home/airflow/.local/lib/python3.8/site-packages/airflow/example_dags/example_time_delta_sensor_async.py for tasks to queue
[2023-11-04T16:32:58.975+0000] {logging_mixin.py:151} INFO - [2023-11-04T16:32:58.975+0000] {dagbag.py:536} INFO - Filling up the DagBag from /home/airflow/.local/lib/python3.8/site-packages/airflow/example_dags/example_time_delta_sensor_async.py
[2023-11-04T16:32:58.983+0000] {processor.py:839} INFO - DAG(s) dict_keys(['example_time_delta_sensor_async']) retrieved from /home/airflow/.local/lib/python3.8/site-packages/airflow/example_dags/example_time_delta_sensor_async.py
[2023-11-04T16:32:59.020+0000] {logging_mixin.py:151} INFO - [2023-11-04T16:32:59.019+0000] {dag.py:2941} INFO - Sync 1 DAGs
[2023-11-04T16:32:59.041+0000] {logging_mixin.py:151} INFO - [2023-11-04T16:32:59.040+0000] {dag.py:3722} INFO - Setting next_dagrun for example_time_delta_sensor_async to None, run_after=None
[2023-11-04T16:32:59.077+0000] {processor.py:179} INFO - Processing /home/airflow/.local/lib/python3.8/site-packages/airflow/example_dags/example_time_delta_sensor_async.py took 0.112 seconds
[2023-11-04T16:33:29.127+0000] {processor.py:157} INFO - Started process (PID=4821) to work on /home/airflow/.local/lib/python3.8/site-packages/airflow/example_dags/example_time_delta_sensor_async.py
[2023-11-04T16:33:29.129+0000] {processor.py:829} INFO - Processing file /home/airflow/.local/lib/python3.8/site-packages/airflow/example_dags/example_time_delta_sensor_async.py for tasks to queue
[2023-11-04T16:33:29.130+0000] {logging_mixin.py:151} INFO - [2023-11-04T16:33:29.130+0000] {dagbag.py:536} INFO - Filling up the DagBag from /home/airflow/.local/lib/python3.8/site-packages/airflow/example_dags/example_time_delta_sensor_async.py
[2023-11-04T16:33:29.138+0000] {processor.py:839} INFO - DAG(s) dict_keys(['example_time_delta_sensor_async']) retrieved from /home/airflow/.local/lib/python3.8/site-packages/airflow/example_dags/example_time_delta_sensor_async.py
[2023-11-04T16:33:29.171+0000] {logging_mixin.py:151} INFO - [2023-11-04T16:33:29.171+0000] {dag.py:2941} INFO - Sync 1 DAGs
[2023-11-04T16:33:29.201+0000] {logging_mixin.py:151} INFO - [2023-11-04T16:33:29.200+0000] {dag.py:3722} INFO - Setting next_dagrun for example_time_delta_sensor_async to None, run_after=None
[2023-11-04T16:33:29.241+0000] {processor.py:179} INFO - Processing /home/airflow/.local/lib/python3.8/site-packages/airflow/example_dags/example_time_delta_sensor_async.py took 0.120 seconds
[2023-11-04T16:34:00.195+0000] {processor.py:157} INFO - Started process (PID=5068) to work on /home/airflow/.local/lib/python3.8/site-packages/airflow/example_dags/example_time_delta_sensor_async.py
[2023-11-04T16:34:00.196+0000] {processor.py:829} INFO - Processing file /home/airflow/.local/lib/python3.8/site-packages/airflow/example_dags/example_time_delta_sensor_async.py for tasks to queue
[2023-11-04T16:34:00.198+0000] {logging_mixin.py:151} INFO - [2023-11-04T16:34:00.197+0000] {dagbag.py:536} INFO - Filling up the DagBag from /home/airflow/.local/lib/python3.8/site-packages/airflow/example_dags/example_time_delta_sensor_async.py
[2023-11-04T16:34:00.205+0000] {processor.py:839} INFO - DAG(s) dict_keys(['example_time_delta_sensor_async']) retrieved from /home/airflow/.local/lib/python3.8/site-packages/airflow/example_dags/example_time_delta_sensor_async.py
[2023-11-04T16:34:00.241+0000] {logging_mixin.py:151} INFO - [2023-11-04T16:34:00.241+0000] {dag.py:2941} INFO - Sync 1 DAGs
[2023-11-04T16:34:00.262+0000] {logging_mixin.py:151} INFO - [2023-11-04T16:34:00.261+0000] {dag.py:3722} INFO - Setting next_dagrun for example_time_delta_sensor_async to None, run_after=None
[2023-11-04T16:34:00.295+0000] {processor.py:179} INFO - Processing /home/airflow/.local/lib/python3.8/site-packages/airflow/example_dags/example_time_delta_sensor_async.py took 0.105 seconds
[2023-11-04T16:34:30.523+0000] {processor.py:157} INFO - Started process (PID=5304) to work on /home/airflow/.local/lib/python3.8/site-packages/airflow/example_dags/example_time_delta_sensor_async.py
[2023-11-04T16:34:30.525+0000] {processor.py:829} INFO - Processing file /home/airflow/.local/lib/python3.8/site-packages/airflow/example_dags/example_time_delta_sensor_async.py for tasks to queue
[2023-11-04T16:34:30.526+0000] {logging_mixin.py:151} INFO - [2023-11-04T16:34:30.526+0000] {dagbag.py:536} INFO - Filling up the DagBag from /home/airflow/.local/lib/python3.8/site-packages/airflow/example_dags/example_time_delta_sensor_async.py
[2023-11-04T16:34:30.533+0000] {processor.py:839} INFO - DAG(s) dict_keys(['example_time_delta_sensor_async']) retrieved from /home/airflow/.local/lib/python3.8/site-packages/airflow/example_dags/example_time_delta_sensor_async.py
[2023-11-04T16:34:30.568+0000] {logging_mixin.py:151} INFO - [2023-11-04T16:34:30.567+0000] {dag.py:2941} INFO - Sync 1 DAGs
[2023-11-04T16:34:30.589+0000] {logging_mixin.py:151} INFO - [2023-11-04T16:34:30.588+0000] {dag.py:3722} INFO - Setting next_dagrun for example_time_delta_sensor_async to None, run_after=None
[2023-11-04T16:34:30.619+0000] {processor.py:179} INFO - Processing /home/airflow/.local/lib/python3.8/site-packages/airflow/example_dags/example_time_delta_sensor_async.py took 0.101 seconds
[2023-11-04T16:35:01.562+0000] {processor.py:157} INFO - Started process (PID=5544) to work on /home/airflow/.local/lib/python3.8/site-packages/airflow/example_dags/example_time_delta_sensor_async.py
[2023-11-04T16:35:01.564+0000] {processor.py:829} INFO - Processing file /home/airflow/.local/lib/python3.8/site-packages/airflow/example_dags/example_time_delta_sensor_async.py for tasks to queue
[2023-11-04T16:35:01.565+0000] {logging_mixin.py:151} INFO - [2023-11-04T16:35:01.565+0000] {dagbag.py:536} INFO - Filling up the DagBag from /home/airflow/.local/lib/python3.8/site-packages/airflow/example_dags/example_time_delta_sensor_async.py
[2023-11-04T16:35:01.572+0000] {processor.py:839} INFO - DAG(s) dict_keys(['example_time_delta_sensor_async']) retrieved from /home/airflow/.local/lib/python3.8/site-packages/airflow/example_dags/example_time_delta_sensor_async.py
[2023-11-04T16:35:01.607+0000] {logging_mixin.py:151} INFO - [2023-11-04T16:35:01.606+0000] {dag.py:2941} INFO - Sync 1 DAGs
[2023-11-04T16:35:01.628+0000] {logging_mixin.py:151} INFO - [2023-11-04T16:35:01.628+0000] {dag.py:3722} INFO - Setting next_dagrun for example_time_delta_sensor_async to None, run_after=None
[2023-11-04T16:35:01.663+0000] {processor.py:179} INFO - Processing /home/airflow/.local/lib/python3.8/site-packages/airflow/example_dags/example_time_delta_sensor_async.py took 0.106 seconds
[2023-11-04T16:35:32.497+0000] {processor.py:157} INFO - Started process (PID=5782) to work on /home/airflow/.local/lib/python3.8/site-packages/airflow/example_dags/example_time_delta_sensor_async.py
[2023-11-04T16:35:32.498+0000] {processor.py:829} INFO - Processing file /home/airflow/.local/lib/python3.8/site-packages/airflow/example_dags/example_time_delta_sensor_async.py for tasks to queue
[2023-11-04T16:35:32.500+0000] {logging_mixin.py:151} INFO - [2023-11-04T16:35:32.499+0000] {dagbag.py:536} INFO - Filling up the DagBag from /home/airflow/.local/lib/python3.8/site-packages/airflow/example_dags/example_time_delta_sensor_async.py
[2023-11-04T16:35:32.506+0000] {processor.py:839} INFO - DAG(s) dict_keys(['example_time_delta_sensor_async']) retrieved from /home/airflow/.local/lib/python3.8/site-packages/airflow/example_dags/example_time_delta_sensor_async.py
[2023-11-04T16:35:32.540+0000] {logging_mixin.py:151} INFO - [2023-11-04T16:35:32.539+0000] {dag.py:2941} INFO - Sync 1 DAGs
[2023-11-04T16:35:32.561+0000] {logging_mixin.py:151} INFO - [2023-11-04T16:35:32.561+0000] {dag.py:3722} INFO - Setting next_dagrun for example_time_delta_sensor_async to None, run_after=None
[2023-11-04T16:35:32.647+0000] {processor.py:179} INFO - Processing /home/airflow/.local/lib/python3.8/site-packages/airflow/example_dags/example_time_delta_sensor_async.py took 0.156 seconds
[2023-11-04T16:36:03.041+0000] {processor.py:157} INFO - Started process (PID=6020) to work on /home/airflow/.local/lib/python3.8/site-packages/airflow/example_dags/example_time_delta_sensor_async.py
[2023-11-04T16:36:03.043+0000] {processor.py:829} INFO - Processing file /home/airflow/.local/lib/python3.8/site-packages/airflow/example_dags/example_time_delta_sensor_async.py for tasks to queue
[2023-11-04T16:36:03.045+0000] {logging_mixin.py:151} INFO - [2023-11-04T16:36:03.045+0000] {dagbag.py:536} INFO - Filling up the DagBag from /home/airflow/.local/lib/python3.8/site-packages/airflow/example_dags/example_time_delta_sensor_async.py
[2023-11-04T16:36:03.054+0000] {processor.py:839} INFO - DAG(s) dict_keys(['example_time_delta_sensor_async']) retrieved from /home/airflow/.local/lib/python3.8/site-packages/airflow/example_dags/example_time_delta_sensor_async.py
[2023-11-04T16:36:03.098+0000] {logging_mixin.py:151} INFO - [2023-11-04T16:36:03.098+0000] {dag.py:2941} INFO - Sync 1 DAGs
[2023-11-04T16:36:03.121+0000] {logging_mixin.py:151} INFO - [2023-11-04T16:36:03.121+0000] {dag.py:3722} INFO - Setting next_dagrun for example_time_delta_sensor_async to None, run_after=None
[2023-11-04T16:36:03.157+0000] {processor.py:179} INFO - Processing /home/airflow/.local/lib/python3.8/site-packages/airflow/example_dags/example_time_delta_sensor_async.py took 0.123 seconds
[2023-11-04T16:36:33.238+0000] {processor.py:157} INFO - Started process (PID=6256) to work on /home/airflow/.local/lib/python3.8/site-packages/airflow/example_dags/example_time_delta_sensor_async.py
[2023-11-04T16:36:33.240+0000] {processor.py:829} INFO - Processing file /home/airflow/.local/lib/python3.8/site-packages/airflow/example_dags/example_time_delta_sensor_async.py for tasks to queue
[2023-11-04T16:36:33.241+0000] {logging_mixin.py:151} INFO - [2023-11-04T16:36:33.241+0000] {dagbag.py:536} INFO - Filling up the DagBag from /home/airflow/.local/lib/python3.8/site-packages/airflow/example_dags/example_time_delta_sensor_async.py
[2023-11-04T16:36:33.249+0000] {processor.py:839} INFO - DAG(s) dict_keys(['example_time_delta_sensor_async']) retrieved from /home/airflow/.local/lib/python3.8/site-packages/airflow/example_dags/example_time_delta_sensor_async.py
[2023-11-04T16:36:33.290+0000] {logging_mixin.py:151} INFO - [2023-11-04T16:36:33.289+0000] {dag.py:2941} INFO - Sync 1 DAGs
[2023-11-04T16:36:33.316+0000] {logging_mixin.py:151} INFO - [2023-11-04T16:36:33.316+0000] {dag.py:3722} INFO - Setting next_dagrun for example_time_delta_sensor_async to None, run_after=None
[2023-11-04T16:36:33.347+0000] {processor.py:179} INFO - Processing /home/airflow/.local/lib/python3.8/site-packages/airflow/example_dags/example_time_delta_sensor_async.py took 0.114 seconds
[2023-11-04T16:37:05.017+0000] {processor.py:157} INFO - Started process (PID=6496) to work on /home/airflow/.local/lib/python3.8/site-packages/airflow/example_dags/example_time_delta_sensor_async.py
[2023-11-04T16:37:05.047+0000] {processor.py:829} INFO - Processing file /home/airflow/.local/lib/python3.8/site-packages/airflow/example_dags/example_time_delta_sensor_async.py for tasks to queue
[2023-11-04T16:37:05.062+0000] {logging_mixin.py:151} INFO - [2023-11-04T16:37:05.061+0000] {dagbag.py:536} INFO - Filling up the DagBag from /home/airflow/.local/lib/python3.8/site-packages/airflow/example_dags/example_time_delta_sensor_async.py
[2023-11-04T16:37:05.100+0000] {processor.py:839} INFO - DAG(s) dict_keys(['example_time_delta_sensor_async']) retrieved from /home/airflow/.local/lib/python3.8/site-packages/airflow/example_dags/example_time_delta_sensor_async.py
[2023-11-04T16:37:05.309+0000] {logging_mixin.py:151} INFO - [2023-11-04T16:37:05.308+0000] {dag.py:2941} INFO - Sync 1 DAGs
[2023-11-04T16:37:05.366+0000] {logging_mixin.py:151} INFO - [2023-11-04T16:37:05.365+0000] {dag.py:3722} INFO - Setting next_dagrun for example_time_delta_sensor_async to None, run_after=None
[2023-11-04T16:37:05.451+0000] {processor.py:179} INFO - Processing /home/airflow/.local/lib/python3.8/site-packages/airflow/example_dags/example_time_delta_sensor_async.py took 0.512 seconds
[2023-11-04T16:37:35.994+0000] {processor.py:157} INFO - Started process (PID=6734) to work on /home/airflow/.local/lib/python3.8/site-packages/airflow/example_dags/example_time_delta_sensor_async.py
[2023-11-04T16:37:35.996+0000] {processor.py:829} INFO - Processing file /home/airflow/.local/lib/python3.8/site-packages/airflow/example_dags/example_time_delta_sensor_async.py for tasks to queue
[2023-11-04T16:37:35.998+0000] {logging_mixin.py:151} INFO - [2023-11-04T16:37:35.997+0000] {dagbag.py:536} INFO - Filling up the DagBag from /home/airflow/.local/lib/python3.8/site-packages/airflow/example_dags/example_time_delta_sensor_async.py
[2023-11-04T16:37:36.004+0000] {processor.py:839} INFO - DAG(s) dict_keys(['example_time_delta_sensor_async']) retrieved from /home/airflow/.local/lib/python3.8/site-packages/airflow/example_dags/example_time_delta_sensor_async.py
[2023-11-04T16:37:36.038+0000] {logging_mixin.py:151} INFO - [2023-11-04T16:37:36.037+0000] {dag.py:2941} INFO - Sync 1 DAGs
[2023-11-04T16:37:36.058+0000] {logging_mixin.py:151} INFO - [2023-11-04T16:37:36.057+0000] {dag.py:3722} INFO - Setting next_dagrun for example_time_delta_sensor_async to None, run_after=None
[2023-11-04T16:37:36.092+0000] {processor.py:179} INFO - Processing /home/airflow/.local/lib/python3.8/site-packages/airflow/example_dags/example_time_delta_sensor_async.py took 0.102 seconds
[2023-11-04T16:38:06.360+0000] {processor.py:157} INFO - Started process (PID=6972) to work on /home/airflow/.local/lib/python3.8/site-packages/airflow/example_dags/example_time_delta_sensor_async.py
[2023-11-04T16:38:06.362+0000] {processor.py:829} INFO - Processing file /home/airflow/.local/lib/python3.8/site-packages/airflow/example_dags/example_time_delta_sensor_async.py for tasks to queue
[2023-11-04T16:38:06.363+0000] {logging_mixin.py:151} INFO - [2023-11-04T16:38:06.363+0000] {dagbag.py:536} INFO - Filling up the DagBag from /home/airflow/.local/lib/python3.8/site-packages/airflow/example_dags/example_time_delta_sensor_async.py
[2023-11-04T16:38:06.370+0000] {processor.py:839} INFO - DAG(s) dict_keys(['example_time_delta_sensor_async']) retrieved from /home/airflow/.local/lib/python3.8/site-packages/airflow/example_dags/example_time_delta_sensor_async.py
[2023-11-04T16:38:06.404+0000] {logging_mixin.py:151} INFO - [2023-11-04T16:38:06.403+0000] {dag.py:2941} INFO - Sync 1 DAGs
[2023-11-04T16:38:06.424+0000] {logging_mixin.py:151} INFO - [2023-11-04T16:38:06.424+0000] {dag.py:3722} INFO - Setting next_dagrun for example_time_delta_sensor_async to None, run_after=None
[2023-11-04T16:38:06.460+0000] {processor.py:179} INFO - Processing /home/airflow/.local/lib/python3.8/site-packages/airflow/example_dags/example_time_delta_sensor_async.py took 0.104 seconds
[2023-11-04T16:38:36.569+0000] {processor.py:157} INFO - Started process (PID=7210) to work on /home/airflow/.local/lib/python3.8/site-packages/airflow/example_dags/example_time_delta_sensor_async.py
[2023-11-04T16:38:36.571+0000] {processor.py:829} INFO - Processing file /home/airflow/.local/lib/python3.8/site-packages/airflow/example_dags/example_time_delta_sensor_async.py for tasks to queue
[2023-11-04T16:38:36.572+0000] {logging_mixin.py:151} INFO - [2023-11-04T16:38:36.572+0000] {dagbag.py:536} INFO - Filling up the DagBag from /home/airflow/.local/lib/python3.8/site-packages/airflow/example_dags/example_time_delta_sensor_async.py
[2023-11-04T16:38:36.579+0000] {processor.py:839} INFO - DAG(s) dict_keys(['example_time_delta_sensor_async']) retrieved from /home/airflow/.local/lib/python3.8/site-packages/airflow/example_dags/example_time_delta_sensor_async.py
[2023-11-04T16:38:36.613+0000] {logging_mixin.py:151} INFO - [2023-11-04T16:38:36.613+0000] {dag.py:2941} INFO - Sync 1 DAGs
[2023-11-04T16:38:36.633+0000] {logging_mixin.py:151} INFO - [2023-11-04T16:38:36.632+0000] {dag.py:3722} INFO - Setting next_dagrun for example_time_delta_sensor_async to None, run_after=None
[2023-11-04T16:38:36.664+0000] {processor.py:179} INFO - Processing /home/airflow/.local/lib/python3.8/site-packages/airflow/example_dags/example_time_delta_sensor_async.py took 0.100 seconds
[2023-11-04T16:39:07.232+0000] {processor.py:157} INFO - Started process (PID=7448) to work on /home/airflow/.local/lib/python3.8/site-packages/airflow/example_dags/example_time_delta_sensor_async.py
[2023-11-04T16:39:07.234+0000] {processor.py:829} INFO - Processing file /home/airflow/.local/lib/python3.8/site-packages/airflow/example_dags/example_time_delta_sensor_async.py for tasks to queue
[2023-11-04T16:39:07.236+0000] {logging_mixin.py:151} INFO - [2023-11-04T16:39:07.235+0000] {dagbag.py:536} INFO - Filling up the DagBag from /home/airflow/.local/lib/python3.8/site-packages/airflow/example_dags/example_time_delta_sensor_async.py
[2023-11-04T16:39:07.243+0000] {processor.py:839} INFO - DAG(s) dict_keys(['example_time_delta_sensor_async']) retrieved from /home/airflow/.local/lib/python3.8/site-packages/airflow/example_dags/example_time_delta_sensor_async.py
[2023-11-04T16:39:07.276+0000] {logging_mixin.py:151} INFO - [2023-11-04T16:39:07.276+0000] {dag.py:2941} INFO - Sync 1 DAGs
[2023-11-04T16:39:07.298+0000] {logging_mixin.py:151} INFO - [2023-11-04T16:39:07.297+0000] {dag.py:3722} INFO - Setting next_dagrun for example_time_delta_sensor_async to None, run_after=None
[2023-11-04T16:39:07.336+0000] {processor.py:179} INFO - Processing /home/airflow/.local/lib/python3.8/site-packages/airflow/example_dags/example_time_delta_sensor_async.py took 0.109 seconds
[2023-11-04T16:39:37.686+0000] {processor.py:157} INFO - Started process (PID=7686) to work on /home/airflow/.local/lib/python3.8/site-packages/airflow/example_dags/example_time_delta_sensor_async.py
[2023-11-04T16:39:37.688+0000] {processor.py:829} INFO - Processing file /home/airflow/.local/lib/python3.8/site-packages/airflow/example_dags/example_time_delta_sensor_async.py for tasks to queue
[2023-11-04T16:39:37.690+0000] {logging_mixin.py:151} INFO - [2023-11-04T16:39:37.689+0000] {dagbag.py:536} INFO - Filling up the DagBag from /home/airflow/.local/lib/python3.8/site-packages/airflow/example_dags/example_time_delta_sensor_async.py
[2023-11-04T16:39:37.697+0000] {processor.py:839} INFO - DAG(s) dict_keys(['example_time_delta_sensor_async']) retrieved from /home/airflow/.local/lib/python3.8/site-packages/airflow/example_dags/example_time_delta_sensor_async.py
[2023-11-04T16:39:37.730+0000] {logging_mixin.py:151} INFO - [2023-11-04T16:39:37.730+0000] {dag.py:2941} INFO - Sync 1 DAGs
[2023-11-04T16:39:37.752+0000] {logging_mixin.py:151} INFO - [2023-11-04T16:39:37.751+0000] {dag.py:3722} INFO - Setting next_dagrun for example_time_delta_sensor_async to None, run_after=None
[2023-11-04T16:39:37.785+0000] {processor.py:179} INFO - Processing /home/airflow/.local/lib/python3.8/site-packages/airflow/example_dags/example_time_delta_sensor_async.py took 0.104 seconds
[2023-11-04T16:40:07.982+0000] {processor.py:157} INFO - Started process (PID=7924) to work on /home/airflow/.local/lib/python3.8/site-packages/airflow/example_dags/example_time_delta_sensor_async.py
[2023-11-04T16:40:07.984+0000] {processor.py:829} INFO - Processing file /home/airflow/.local/lib/python3.8/site-packages/airflow/example_dags/example_time_delta_sensor_async.py for tasks to queue
[2023-11-04T16:40:07.986+0000] {logging_mixin.py:151} INFO - [2023-11-04T16:40:07.985+0000] {dagbag.py:536} INFO - Filling up the DagBag from /home/airflow/.local/lib/python3.8/site-packages/airflow/example_dags/example_time_delta_sensor_async.py
[2023-11-04T16:40:07.993+0000] {processor.py:839} INFO - DAG(s) dict_keys(['example_time_delta_sensor_async']) retrieved from /home/airflow/.local/lib/python3.8/site-packages/airflow/example_dags/example_time_delta_sensor_async.py
[2023-11-04T16:40:08.026+0000] {logging_mixin.py:151} INFO - [2023-11-04T16:40:08.026+0000] {dag.py:2941} INFO - Sync 1 DAGs
[2023-11-04T16:40:08.054+0000] {logging_mixin.py:151} INFO - [2023-11-04T16:40:08.054+0000] {dag.py:3722} INFO - Setting next_dagrun for example_time_delta_sensor_async to None, run_after=None
[2023-11-04T16:40:08.092+0000] {processor.py:179} INFO - Processing /home/airflow/.local/lib/python3.8/site-packages/airflow/example_dags/example_time_delta_sensor_async.py took 0.115 seconds
[2023-11-04T16:40:38.687+0000] {processor.py:157} INFO - Started process (PID=8162) to work on /home/airflow/.local/lib/python3.8/site-packages/airflow/example_dags/example_time_delta_sensor_async.py
[2023-11-04T16:40:38.689+0000] {processor.py:829} INFO - Processing file /home/airflow/.local/lib/python3.8/site-packages/airflow/example_dags/example_time_delta_sensor_async.py for tasks to queue
[2023-11-04T16:40:38.691+0000] {logging_mixin.py:151} INFO - [2023-11-04T16:40:38.691+0000] {dagbag.py:536} INFO - Filling up the DagBag from /home/airflow/.local/lib/python3.8/site-packages/airflow/example_dags/example_time_delta_sensor_async.py
[2023-11-04T16:40:38.700+0000] {processor.py:839} INFO - DAG(s) dict_keys(['example_time_delta_sensor_async']) retrieved from /home/airflow/.local/lib/python3.8/site-packages/airflow/example_dags/example_time_delta_sensor_async.py
[2023-11-04T16:40:38.744+0000] {logging_mixin.py:151} INFO - [2023-11-04T16:40:38.744+0000] {dag.py:2941} INFO - Sync 1 DAGs
[2023-11-04T16:40:38.766+0000] {logging_mixin.py:151} INFO - [2023-11-04T16:40:38.766+0000] {dag.py:3722} INFO - Setting next_dagrun for example_time_delta_sensor_async to None, run_after=None
[2023-11-04T16:40:38.797+0000] {processor.py:179} INFO - Processing /home/airflow/.local/lib/python3.8/site-packages/airflow/example_dags/example_time_delta_sensor_async.py took 0.117 seconds
[2023-11-04T16:41:09.007+0000] {processor.py:157} INFO - Started process (PID=8400) to work on /home/airflow/.local/lib/python3.8/site-packages/airflow/example_dags/example_time_delta_sensor_async.py
[2023-11-04T16:41:09.009+0000] {processor.py:829} INFO - Processing file /home/airflow/.local/lib/python3.8/site-packages/airflow/example_dags/example_time_delta_sensor_async.py for tasks to queue
[2023-11-04T16:41:09.010+0000] {logging_mixin.py:151} INFO - [2023-11-04T16:41:09.010+0000] {dagbag.py:536} INFO - Filling up the DagBag from /home/airflow/.local/lib/python3.8/site-packages/airflow/example_dags/example_time_delta_sensor_async.py
[2023-11-04T16:41:09.017+0000] {processor.py:839} INFO - DAG(s) dict_keys(['example_time_delta_sensor_async']) retrieved from /home/airflow/.local/lib/python3.8/site-packages/airflow/example_dags/example_time_delta_sensor_async.py
[2023-11-04T16:41:09.058+0000] {logging_mixin.py:151} INFO - [2023-11-04T16:41:09.058+0000] {dag.py:2941} INFO - Sync 1 DAGs
[2023-11-04T16:41:09.078+0000] {logging_mixin.py:151} INFO - [2023-11-04T16:41:09.077+0000] {dag.py:3722} INFO - Setting next_dagrun for example_time_delta_sensor_async to None, run_after=None
[2023-11-04T16:41:09.112+0000] {processor.py:179} INFO - Processing /home/airflow/.local/lib/python3.8/site-packages/airflow/example_dags/example_time_delta_sensor_async.py took 0.110 seconds
[2023-11-04T16:41:39.665+0000] {processor.py:157} INFO - Started process (PID=8638) to work on /home/airflow/.local/lib/python3.8/site-packages/airflow/example_dags/example_time_delta_sensor_async.py
[2023-11-04T16:41:39.667+0000] {processor.py:829} INFO - Processing file /home/airflow/.local/lib/python3.8/site-packages/airflow/example_dags/example_time_delta_sensor_async.py for tasks to queue
[2023-11-04T16:41:39.668+0000] {logging_mixin.py:151} INFO - [2023-11-04T16:41:39.668+0000] {dagbag.py:536} INFO - Filling up the DagBag from /home/airflow/.local/lib/python3.8/site-packages/airflow/example_dags/example_time_delta_sensor_async.py
[2023-11-04T16:41:39.675+0000] {processor.py:839} INFO - DAG(s) dict_keys(['example_time_delta_sensor_async']) retrieved from /home/airflow/.local/lib/python3.8/site-packages/airflow/example_dags/example_time_delta_sensor_async.py
[2023-11-04T16:41:39.708+0000] {logging_mixin.py:151} INFO - [2023-11-04T16:41:39.708+0000] {dag.py:2941} INFO - Sync 1 DAGs
[2023-11-04T16:41:39.728+0000] {logging_mixin.py:151} INFO - [2023-11-04T16:41:39.728+0000] {dag.py:3722} INFO - Setting next_dagrun for example_time_delta_sensor_async to None, run_after=None
[2023-11-04T16:41:39.762+0000] {processor.py:179} INFO - Processing /home/airflow/.local/lib/python3.8/site-packages/airflow/example_dags/example_time_delta_sensor_async.py took 0.101 seconds
[2023-11-04T16:42:10.370+0000] {processor.py:157} INFO - Started process (PID=8876) to work on /home/airflow/.local/lib/python3.8/site-packages/airflow/example_dags/example_time_delta_sensor_async.py
[2023-11-04T16:42:10.371+0000] {processor.py:829} INFO - Processing file /home/airflow/.local/lib/python3.8/site-packages/airflow/example_dags/example_time_delta_sensor_async.py for tasks to queue
[2023-11-04T16:42:10.373+0000] {logging_mixin.py:151} INFO - [2023-11-04T16:42:10.373+0000] {dagbag.py:536} INFO - Filling up the DagBag from /home/airflow/.local/lib/python3.8/site-packages/airflow/example_dags/example_time_delta_sensor_async.py
[2023-11-04T16:42:10.380+0000] {processor.py:839} INFO - DAG(s) dict_keys(['example_time_delta_sensor_async']) retrieved from /home/airflow/.local/lib/python3.8/site-packages/airflow/example_dags/example_time_delta_sensor_async.py
[2023-11-04T16:42:10.413+0000] {logging_mixin.py:151} INFO - [2023-11-04T16:42:10.413+0000] {dag.py:2941} INFO - Sync 1 DAGs
[2023-11-04T16:42:10.433+0000] {logging_mixin.py:151} INFO - [2023-11-04T16:42:10.433+0000] {dag.py:3722} INFO - Setting next_dagrun for example_time_delta_sensor_async to None, run_after=None
[2023-11-04T16:42:10.467+0000] {processor.py:179} INFO - Processing /home/airflow/.local/lib/python3.8/site-packages/airflow/example_dags/example_time_delta_sensor_async.py took 0.102 seconds
[2023-11-04T17:13:30.235+0000] {processor.py:157} INFO - Started process (PID=297) to work on /home/airflow/.local/lib/python3.8/site-packages/airflow/example_dags/example_time_delta_sensor_async.py
[2023-11-04T17:13:30.237+0000] {processor.py:829} INFO - Processing file /home/airflow/.local/lib/python3.8/site-packages/airflow/example_dags/example_time_delta_sensor_async.py for tasks to queue
[2023-11-04T17:13:30.241+0000] {logging_mixin.py:151} INFO - [2023-11-04T17:13:30.241+0000] {dagbag.py:536} INFO - Filling up the DagBag from /home/airflow/.local/lib/python3.8/site-packages/airflow/example_dags/example_time_delta_sensor_async.py
[2023-11-04T17:13:30.251+0000] {processor.py:839} INFO - DAG(s) dict_keys(['example_time_delta_sensor_async']) retrieved from /home/airflow/.local/lib/python3.8/site-packages/airflow/example_dags/example_time_delta_sensor_async.py
[2023-11-04T17:13:30.301+0000] {logging_mixin.py:151} INFO - [2023-11-04T17:13:30.301+0000] {dag.py:2941} INFO - Sync 1 DAGs
[2023-11-04T17:13:30.323+0000] {logging_mixin.py:151} INFO - [2023-11-04T17:13:30.323+0000] {dag.py:3722} INFO - Setting next_dagrun for example_time_delta_sensor_async to None, run_after=None
[2023-11-04T17:13:30.362+0000] {processor.py:179} INFO - Processing /home/airflow/.local/lib/python3.8/site-packages/airflow/example_dags/example_time_delta_sensor_async.py took 0.132 seconds
[2023-11-04T17:14:00.479+0000] {processor.py:157} INFO - Started process (PID=537) to work on /home/airflow/.local/lib/python3.8/site-packages/airflow/example_dags/example_time_delta_sensor_async.py
[2023-11-04T17:14:00.481+0000] {processor.py:829} INFO - Processing file /home/airflow/.local/lib/python3.8/site-packages/airflow/example_dags/example_time_delta_sensor_async.py for tasks to queue
[2023-11-04T17:14:00.482+0000] {logging_mixin.py:151} INFO - [2023-11-04T17:14:00.482+0000] {dagbag.py:536} INFO - Filling up the DagBag from /home/airflow/.local/lib/python3.8/site-packages/airflow/example_dags/example_time_delta_sensor_async.py
[2023-11-04T17:14:00.490+0000] {processor.py:839} INFO - DAG(s) dict_keys(['example_time_delta_sensor_async']) retrieved from /home/airflow/.local/lib/python3.8/site-packages/airflow/example_dags/example_time_delta_sensor_async.py
[2023-11-04T17:14:00.509+0000] {logging_mixin.py:151} INFO - [2023-11-04T17:14:00.509+0000] {dag.py:2941} INFO - Sync 1 DAGs
[2023-11-04T17:14:00.533+0000] {logging_mixin.py:151} INFO - [2023-11-04T17:14:00.533+0000] {dag.py:3722} INFO - Setting next_dagrun for example_time_delta_sensor_async to None, run_after=None
[2023-11-04T17:14:00.569+0000] {processor.py:179} INFO - Processing /home/airflow/.local/lib/python3.8/site-packages/airflow/example_dags/example_time_delta_sensor_async.py took 0.095 seconds
[2023-11-04T17:14:30.628+0000] {processor.py:157} INFO - Started process (PID=775) to work on /home/airflow/.local/lib/python3.8/site-packages/airflow/example_dags/example_time_delta_sensor_async.py
[2023-11-04T17:14:30.630+0000] {processor.py:829} INFO - Processing file /home/airflow/.local/lib/python3.8/site-packages/airflow/example_dags/example_time_delta_sensor_async.py for tasks to queue
[2023-11-04T17:14:30.631+0000] {logging_mixin.py:151} INFO - [2023-11-04T17:14:30.631+0000] {dagbag.py:536} INFO - Filling up the DagBag from /home/airflow/.local/lib/python3.8/site-packages/airflow/example_dags/example_time_delta_sensor_async.py
[2023-11-04T17:14:30.638+0000] {processor.py:839} INFO - DAG(s) dict_keys(['example_time_delta_sensor_async']) retrieved from /home/airflow/.local/lib/python3.8/site-packages/airflow/example_dags/example_time_delta_sensor_async.py
[2023-11-04T17:14:30.657+0000] {logging_mixin.py:151} INFO - [2023-11-04T17:14:30.656+0000] {dag.py:2941} INFO - Sync 1 DAGs
[2023-11-04T17:14:30.678+0000] {logging_mixin.py:151} INFO - [2023-11-04T17:14:30.678+0000] {dag.py:3722} INFO - Setting next_dagrun for example_time_delta_sensor_async to None, run_after=None
[2023-11-04T17:14:30.709+0000] {processor.py:179} INFO - Processing /home/airflow/.local/lib/python3.8/site-packages/airflow/example_dags/example_time_delta_sensor_async.py took 0.085 seconds
[2023-11-04T17:15:01.207+0000] {processor.py:157} INFO - Started process (PID=1011) to work on /home/airflow/.local/lib/python3.8/site-packages/airflow/example_dags/example_time_delta_sensor_async.py
[2023-11-04T17:15:01.209+0000] {processor.py:829} INFO - Processing file /home/airflow/.local/lib/python3.8/site-packages/airflow/example_dags/example_time_delta_sensor_async.py for tasks to queue
[2023-11-04T17:15:01.211+0000] {logging_mixin.py:151} INFO - [2023-11-04T17:15:01.211+0000] {dagbag.py:536} INFO - Filling up the DagBag from /home/airflow/.local/lib/python3.8/site-packages/airflow/example_dags/example_time_delta_sensor_async.py
[2023-11-04T17:15:01.218+0000] {processor.py:839} INFO - DAG(s) dict_keys(['example_time_delta_sensor_async']) retrieved from /home/airflow/.local/lib/python3.8/site-packages/airflow/example_dags/example_time_delta_sensor_async.py
[2023-11-04T17:15:01.261+0000] {logging_mixin.py:151} INFO - [2023-11-04T17:15:01.261+0000] {dag.py:2941} INFO - Sync 1 DAGs
[2023-11-04T17:15:01.285+0000] {logging_mixin.py:151} INFO - [2023-11-04T17:15:01.284+0000] {dag.py:3722} INFO - Setting next_dagrun for example_time_delta_sensor_async to None, run_after=None
[2023-11-04T17:15:01.321+0000] {processor.py:179} INFO - Processing /home/airflow/.local/lib/python3.8/site-packages/airflow/example_dags/example_time_delta_sensor_async.py took 0.121 seconds
[2023-11-04T17:15:32.223+0000] {processor.py:157} INFO - Started process (PID=1249) to work on /home/airflow/.local/lib/python3.8/site-packages/airflow/example_dags/example_time_delta_sensor_async.py
[2023-11-04T17:15:32.225+0000] {processor.py:829} INFO - Processing file /home/airflow/.local/lib/python3.8/site-packages/airflow/example_dags/example_time_delta_sensor_async.py for tasks to queue
[2023-11-04T17:15:32.226+0000] {logging_mixin.py:151} INFO - [2023-11-04T17:15:32.226+0000] {dagbag.py:536} INFO - Filling up the DagBag from /home/airflow/.local/lib/python3.8/site-packages/airflow/example_dags/example_time_delta_sensor_async.py
[2023-11-04T17:15:32.234+0000] {processor.py:839} INFO - DAG(s) dict_keys(['example_time_delta_sensor_async']) retrieved from /home/airflow/.local/lib/python3.8/site-packages/airflow/example_dags/example_time_delta_sensor_async.py
[2023-11-04T17:15:32.267+0000] {logging_mixin.py:151} INFO - [2023-11-04T17:15:32.267+0000] {dag.py:2941} INFO - Sync 1 DAGs
[2023-11-04T17:15:32.286+0000] {logging_mixin.py:151} INFO - [2023-11-04T17:15:32.286+0000] {dag.py:3722} INFO - Setting next_dagrun for example_time_delta_sensor_async to None, run_after=None
[2023-11-04T17:15:32.315+0000] {processor.py:179} INFO - Processing /home/airflow/.local/lib/python3.8/site-packages/airflow/example_dags/example_time_delta_sensor_async.py took 0.097 seconds
[2023-11-04T17:16:03.443+0000] {processor.py:157} INFO - Started process (PID=1511) to work on /home/airflow/.local/lib/python3.8/site-packages/airflow/example_dags/example_time_delta_sensor_async.py
[2023-11-04T17:16:03.445+0000] {processor.py:829} INFO - Processing file /home/airflow/.local/lib/python3.8/site-packages/airflow/example_dags/example_time_delta_sensor_async.py for tasks to queue
[2023-11-04T17:16:03.446+0000] {logging_mixin.py:151} INFO - [2023-11-04T17:16:03.446+0000] {dagbag.py:536} INFO - Filling up the DagBag from /home/airflow/.local/lib/python3.8/site-packages/airflow/example_dags/example_time_delta_sensor_async.py
[2023-11-04T17:16:03.455+0000] {processor.py:839} INFO - DAG(s) dict_keys(['example_time_delta_sensor_async']) retrieved from /home/airflow/.local/lib/python3.8/site-packages/airflow/example_dags/example_time_delta_sensor_async.py
[2023-11-04T17:16:03.497+0000] {logging_mixin.py:151} INFO - [2023-11-04T17:16:03.496+0000] {dag.py:2941} INFO - Sync 1 DAGs
[2023-11-04T17:16:03.523+0000] {logging_mixin.py:151} INFO - [2023-11-04T17:16:03.523+0000] {dag.py:3722} INFO - Setting next_dagrun for example_time_delta_sensor_async to None, run_after=None
[2023-11-04T17:16:03.558+0000] {processor.py:179} INFO - Processing /home/airflow/.local/lib/python3.8/site-packages/airflow/example_dags/example_time_delta_sensor_async.py took 0.121 seconds
[2023-11-04T17:16:33.747+0000] {processor.py:157} INFO - Started process (PID=1750) to work on /home/airflow/.local/lib/python3.8/site-packages/airflow/example_dags/example_time_delta_sensor_async.py
[2023-11-04T17:16:33.749+0000] {processor.py:829} INFO - Processing file /home/airflow/.local/lib/python3.8/site-packages/airflow/example_dags/example_time_delta_sensor_async.py for tasks to queue
[2023-11-04T17:16:33.750+0000] {logging_mixin.py:151} INFO - [2023-11-04T17:16:33.750+0000] {dagbag.py:536} INFO - Filling up the DagBag from /home/airflow/.local/lib/python3.8/site-packages/airflow/example_dags/example_time_delta_sensor_async.py
[2023-11-04T17:16:33.757+0000] {processor.py:839} INFO - DAG(s) dict_keys(['example_time_delta_sensor_async']) retrieved from /home/airflow/.local/lib/python3.8/site-packages/airflow/example_dags/example_time_delta_sensor_async.py
[2023-11-04T17:16:33.788+0000] {logging_mixin.py:151} INFO - [2023-11-04T17:16:33.788+0000] {dag.py:2941} INFO - Sync 1 DAGs
[2023-11-04T17:16:33.807+0000] {logging_mixin.py:151} INFO - [2023-11-04T17:16:33.807+0000] {dag.py:3722} INFO - Setting next_dagrun for example_time_delta_sensor_async to None, run_after=None
[2023-11-04T17:16:33.841+0000] {processor.py:179} INFO - Processing /home/airflow/.local/lib/python3.8/site-packages/airflow/example_dags/example_time_delta_sensor_async.py took 0.099 seconds
[2023-11-04T17:17:04.631+0000] {processor.py:157} INFO - Started process (PID=1988) to work on /home/airflow/.local/lib/python3.8/site-packages/airflow/example_dags/example_time_delta_sensor_async.py
[2023-11-04T17:17:04.633+0000] {processor.py:829} INFO - Processing file /home/airflow/.local/lib/python3.8/site-packages/airflow/example_dags/example_time_delta_sensor_async.py for tasks to queue
[2023-11-04T17:17:04.634+0000] {logging_mixin.py:151} INFO - [2023-11-04T17:17:04.634+0000] {dagbag.py:536} INFO - Filling up the DagBag from /home/airflow/.local/lib/python3.8/site-packages/airflow/example_dags/example_time_delta_sensor_async.py
[2023-11-04T17:17:04.642+0000] {processor.py:839} INFO - DAG(s) dict_keys(['example_time_delta_sensor_async']) retrieved from /home/airflow/.local/lib/python3.8/site-packages/airflow/example_dags/example_time_delta_sensor_async.py
[2023-11-04T17:17:04.673+0000] {logging_mixin.py:151} INFO - [2023-11-04T17:17:04.673+0000] {dag.py:2941} INFO - Sync 1 DAGs
[2023-11-04T17:17:04.693+0000] {logging_mixin.py:151} INFO - [2023-11-04T17:17:04.692+0000] {dag.py:3722} INFO - Setting next_dagrun for example_time_delta_sensor_async to None, run_after=None
[2023-11-04T17:17:04.724+0000] {processor.py:179} INFO - Processing /home/airflow/.local/lib/python3.8/site-packages/airflow/example_dags/example_time_delta_sensor_async.py took 0.098 seconds
[2023-11-04T17:17:34.878+0000] {processor.py:157} INFO - Started process (PID=2226) to work on /home/airflow/.local/lib/python3.8/site-packages/airflow/example_dags/example_time_delta_sensor_async.py
[2023-11-04T17:17:34.880+0000] {processor.py:829} INFO - Processing file /home/airflow/.local/lib/python3.8/site-packages/airflow/example_dags/example_time_delta_sensor_async.py for tasks to queue
[2023-11-04T17:17:34.882+0000] {logging_mixin.py:151} INFO - [2023-11-04T17:17:34.882+0000] {dagbag.py:536} INFO - Filling up the DagBag from /home/airflow/.local/lib/python3.8/site-packages/airflow/example_dags/example_time_delta_sensor_async.py
[2023-11-04T17:17:34.890+0000] {processor.py:839} INFO - DAG(s) dict_keys(['example_time_delta_sensor_async']) retrieved from /home/airflow/.local/lib/python3.8/site-packages/airflow/example_dags/example_time_delta_sensor_async.py
[2023-11-04T17:17:34.926+0000] {logging_mixin.py:151} INFO - [2023-11-04T17:17:34.926+0000] {dag.py:2941} INFO - Sync 1 DAGs
[2023-11-04T17:17:34.947+0000] {logging_mixin.py:151} INFO - [2023-11-04T17:17:34.947+0000] {dag.py:3722} INFO - Setting next_dagrun for example_time_delta_sensor_async to None, run_after=None
[2023-11-04T17:17:34.978+0000] {processor.py:179} INFO - Processing /home/airflow/.local/lib/python3.8/site-packages/airflow/example_dags/example_time_delta_sensor_async.py took 0.105 seconds
[2023-11-04T17:18:05.113+0000] {processor.py:157} INFO - Started process (PID=2464) to work on /home/airflow/.local/lib/python3.8/site-packages/airflow/example_dags/example_time_delta_sensor_async.py
[2023-11-04T17:18:05.115+0000] {processor.py:829} INFO - Processing file /home/airflow/.local/lib/python3.8/site-packages/airflow/example_dags/example_time_delta_sensor_async.py for tasks to queue
[2023-11-04T17:18:05.117+0000] {logging_mixin.py:151} INFO - [2023-11-04T17:18:05.116+0000] {dagbag.py:536} INFO - Filling up the DagBag from /home/airflow/.local/lib/python3.8/site-packages/airflow/example_dags/example_time_delta_sensor_async.py
[2023-11-04T17:18:05.128+0000] {processor.py:839} INFO - DAG(s) dict_keys(['example_time_delta_sensor_async']) retrieved from /home/airflow/.local/lib/python3.8/site-packages/airflow/example_dags/example_time_delta_sensor_async.py
[2023-11-04T17:18:05.160+0000] {logging_mixin.py:151} INFO - [2023-11-04T17:18:05.160+0000] {dag.py:2941} INFO - Sync 1 DAGs
[2023-11-04T17:18:05.179+0000] {logging_mixin.py:151} INFO - [2023-11-04T17:18:05.179+0000] {dag.py:3722} INFO - Setting next_dagrun for example_time_delta_sensor_async to None, run_after=None
[2023-11-04T17:18:05.208+0000] {processor.py:179} INFO - Processing /home/airflow/.local/lib/python3.8/site-packages/airflow/example_dags/example_time_delta_sensor_async.py took 0.101 seconds
[2023-11-04T17:18:35.890+0000] {processor.py:157} INFO - Started process (PID=2711) to work on /home/airflow/.local/lib/python3.8/site-packages/airflow/example_dags/example_time_delta_sensor_async.py
[2023-11-04T17:18:35.892+0000] {processor.py:829} INFO - Processing file /home/airflow/.local/lib/python3.8/site-packages/airflow/example_dags/example_time_delta_sensor_async.py for tasks to queue
[2023-11-04T17:18:35.893+0000] {logging_mixin.py:151} INFO - [2023-11-04T17:18:35.893+0000] {dagbag.py:536} INFO - Filling up the DagBag from /home/airflow/.local/lib/python3.8/site-packages/airflow/example_dags/example_time_delta_sensor_async.py
[2023-11-04T17:18:35.900+0000] {processor.py:839} INFO - DAG(s) dict_keys(['example_time_delta_sensor_async']) retrieved from /home/airflow/.local/lib/python3.8/site-packages/airflow/example_dags/example_time_delta_sensor_async.py
[2023-11-04T17:18:35.934+0000] {logging_mixin.py:151} INFO - [2023-11-04T17:18:35.934+0000] {dag.py:2941} INFO - Sync 1 DAGs
[2023-11-04T17:18:35.953+0000] {logging_mixin.py:151} INFO - [2023-11-04T17:18:35.953+0000] {dag.py:3722} INFO - Setting next_dagrun for example_time_delta_sensor_async to None, run_after=None
[2023-11-04T17:18:35.981+0000] {processor.py:179} INFO - Processing /home/airflow/.local/lib/python3.8/site-packages/airflow/example_dags/example_time_delta_sensor_async.py took 0.095 seconds
[2023-11-04T17:19:06.141+0000] {processor.py:157} INFO - Started process (PID=2949) to work on /home/airflow/.local/lib/python3.8/site-packages/airflow/example_dags/example_time_delta_sensor_async.py
[2023-11-04T17:19:06.142+0000] {processor.py:829} INFO - Processing file /home/airflow/.local/lib/python3.8/site-packages/airflow/example_dags/example_time_delta_sensor_async.py for tasks to queue
[2023-11-04T17:19:06.144+0000] {logging_mixin.py:151} INFO - [2023-11-04T17:19:06.143+0000] {dagbag.py:536} INFO - Filling up the DagBag from /home/airflow/.local/lib/python3.8/site-packages/airflow/example_dags/example_time_delta_sensor_async.py
[2023-11-04T17:19:06.150+0000] {processor.py:839} INFO - DAG(s) dict_keys(['example_time_delta_sensor_async']) retrieved from /home/airflow/.local/lib/python3.8/site-packages/airflow/example_dags/example_time_delta_sensor_async.py
[2023-11-04T17:19:06.184+0000] {logging_mixin.py:151} INFO - [2023-11-04T17:19:06.183+0000] {dag.py:2941} INFO - Sync 1 DAGs
[2023-11-04T17:19:06.203+0000] {logging_mixin.py:151} INFO - [2023-11-04T17:19:06.203+0000] {dag.py:3722} INFO - Setting next_dagrun for example_time_delta_sensor_async to None, run_after=None
[2023-11-04T17:19:06.230+0000] {processor.py:179} INFO - Processing /home/airflow/.local/lib/python3.8/site-packages/airflow/example_dags/example_time_delta_sensor_async.py took 0.094 seconds
[2023-11-04T17:19:36.495+0000] {processor.py:157} INFO - Started process (PID=3185) to work on /home/airflow/.local/lib/python3.8/site-packages/airflow/example_dags/example_time_delta_sensor_async.py
[2023-11-04T17:19:36.496+0000] {processor.py:829} INFO - Processing file /home/airflow/.local/lib/python3.8/site-packages/airflow/example_dags/example_time_delta_sensor_async.py for tasks to queue
[2023-11-04T17:19:36.498+0000] {logging_mixin.py:151} INFO - [2023-11-04T17:19:36.498+0000] {dagbag.py:536} INFO - Filling up the DagBag from /home/airflow/.local/lib/python3.8/site-packages/airflow/example_dags/example_time_delta_sensor_async.py
[2023-11-04T17:19:36.505+0000] {processor.py:839} INFO - DAG(s) dict_keys(['example_time_delta_sensor_async']) retrieved from /home/airflow/.local/lib/python3.8/site-packages/airflow/example_dags/example_time_delta_sensor_async.py
[2023-11-04T17:19:36.540+0000] {logging_mixin.py:151} INFO - [2023-11-04T17:19:36.540+0000] {dag.py:2941} INFO - Sync 1 DAGs
[2023-11-04T17:19:36.560+0000] {logging_mixin.py:151} INFO - [2023-11-04T17:19:36.560+0000] {dag.py:3722} INFO - Setting next_dagrun for example_time_delta_sensor_async to None, run_after=None
[2023-11-04T17:19:36.588+0000] {processor.py:179} INFO - Processing /home/airflow/.local/lib/python3.8/site-packages/airflow/example_dags/example_time_delta_sensor_async.py took 0.098 seconds
[2023-11-04T17:20:07.138+0000] {processor.py:157} INFO - Started process (PID=3423) to work on /home/airflow/.local/lib/python3.8/site-packages/airflow/example_dags/example_time_delta_sensor_async.py
[2023-11-04T17:20:07.140+0000] {processor.py:829} INFO - Processing file /home/airflow/.local/lib/python3.8/site-packages/airflow/example_dags/example_time_delta_sensor_async.py for tasks to queue
[2023-11-04T17:20:07.142+0000] {logging_mixin.py:151} INFO - [2023-11-04T17:20:07.141+0000] {dagbag.py:536} INFO - Filling up the DagBag from /home/airflow/.local/lib/python3.8/site-packages/airflow/example_dags/example_time_delta_sensor_async.py
[2023-11-04T17:20:07.148+0000] {processor.py:839} INFO - DAG(s) dict_keys(['example_time_delta_sensor_async']) retrieved from /home/airflow/.local/lib/python3.8/site-packages/airflow/example_dags/example_time_delta_sensor_async.py
[2023-11-04T17:20:07.181+0000] {logging_mixin.py:151} INFO - [2023-11-04T17:20:07.180+0000] {dag.py:2941} INFO - Sync 1 DAGs
[2023-11-04T17:20:07.200+0000] {logging_mixin.py:151} INFO - [2023-11-04T17:20:07.200+0000] {dag.py:3722} INFO - Setting next_dagrun for example_time_delta_sensor_async to None, run_after=None
[2023-11-04T17:20:07.231+0000] {processor.py:179} INFO - Processing /home/airflow/.local/lib/python3.8/site-packages/airflow/example_dags/example_time_delta_sensor_async.py took 0.098 seconds
[2023-11-04T17:20:37.563+0000] {processor.py:157} INFO - Started process (PID=3661) to work on /home/airflow/.local/lib/python3.8/site-packages/airflow/example_dags/example_time_delta_sensor_async.py
[2023-11-04T17:20:37.565+0000] {processor.py:829} INFO - Processing file /home/airflow/.local/lib/python3.8/site-packages/airflow/example_dags/example_time_delta_sensor_async.py for tasks to queue
[2023-11-04T17:20:37.567+0000] {logging_mixin.py:151} INFO - [2023-11-04T17:20:37.566+0000] {dagbag.py:536} INFO - Filling up the DagBag from /home/airflow/.local/lib/python3.8/site-packages/airflow/example_dags/example_time_delta_sensor_async.py
[2023-11-04T17:20:37.574+0000] {processor.py:839} INFO - DAG(s) dict_keys(['example_time_delta_sensor_async']) retrieved from /home/airflow/.local/lib/python3.8/site-packages/airflow/example_dags/example_time_delta_sensor_async.py
[2023-11-04T17:20:37.606+0000] {logging_mixin.py:151} INFO - [2023-11-04T17:20:37.606+0000] {dag.py:2941} INFO - Sync 1 DAGs
[2023-11-04T17:20:37.626+0000] {logging_mixin.py:151} INFO - [2023-11-04T17:20:37.625+0000] {dag.py:3722} INFO - Setting next_dagrun for example_time_delta_sensor_async to None, run_after=None
[2023-11-04T17:20:37.653+0000] {processor.py:179} INFO - Processing /home/airflow/.local/lib/python3.8/site-packages/airflow/example_dags/example_time_delta_sensor_async.py took 0.094 seconds
[2023-11-04T17:21:08.905+0000] {processor.py:157} INFO - Started process (PID=3904) to work on /home/airflow/.local/lib/python3.8/site-packages/airflow/example_dags/example_time_delta_sensor_async.py
[2023-11-04T17:21:08.909+0000] {processor.py:829} INFO - Processing file /home/airflow/.local/lib/python3.8/site-packages/airflow/example_dags/example_time_delta_sensor_async.py for tasks to queue
[2023-11-04T17:21:08.913+0000] {logging_mixin.py:151} INFO - [2023-11-04T17:21:08.912+0000] {dagbag.py:536} INFO - Filling up the DagBag from /home/airflow/.local/lib/python3.8/site-packages/airflow/example_dags/example_time_delta_sensor_async.py
[2023-11-04T17:21:08.930+0000] {processor.py:839} INFO - DAG(s) dict_keys(['example_time_delta_sensor_async']) retrieved from /home/airflow/.local/lib/python3.8/site-packages/airflow/example_dags/example_time_delta_sensor_async.py
[2023-11-04T17:21:08.989+0000] {logging_mixin.py:151} INFO - [2023-11-04T17:21:08.989+0000] {dag.py:2941} INFO - Sync 1 DAGs
[2023-11-04T17:21:09.024+0000] {logging_mixin.py:151} INFO - [2023-11-04T17:21:09.024+0000] {dag.py:3722} INFO - Setting next_dagrun for example_time_delta_sensor_async to None, run_after=None
[2023-11-04T17:21:09.083+0000] {processor.py:179} INFO - Processing /home/airflow/.local/lib/python3.8/site-packages/airflow/example_dags/example_time_delta_sensor_async.py took 0.187 seconds
[2023-11-04T17:21:40.013+0000] {processor.py:157} INFO - Started process (PID=4181) to work on /home/airflow/.local/lib/python3.8/site-packages/airflow/example_dags/example_time_delta_sensor_async.py
[2023-11-04T17:21:40.015+0000] {processor.py:829} INFO - Processing file /home/airflow/.local/lib/python3.8/site-packages/airflow/example_dags/example_time_delta_sensor_async.py for tasks to queue
[2023-11-04T17:21:40.017+0000] {logging_mixin.py:151} INFO - [2023-11-04T17:21:40.017+0000] {dagbag.py:536} INFO - Filling up the DagBag from /home/airflow/.local/lib/python3.8/site-packages/airflow/example_dags/example_time_delta_sensor_async.py
[2023-11-04T17:21:40.030+0000] {processor.py:839} INFO - DAG(s) dict_keys(['example_time_delta_sensor_async']) retrieved from /home/airflow/.local/lib/python3.8/site-packages/airflow/example_dags/example_time_delta_sensor_async.py
[2023-11-04T17:21:40.081+0000] {logging_mixin.py:151} INFO - [2023-11-04T17:21:40.081+0000] {dag.py:2941} INFO - Sync 1 DAGs
[2023-11-04T17:21:40.106+0000] {logging_mixin.py:151} INFO - [2023-11-04T17:21:40.106+0000] {dag.py:3722} INFO - Setting next_dagrun for example_time_delta_sensor_async to None, run_after=None
[2023-11-04T17:21:40.142+0000] {processor.py:179} INFO - Processing /home/airflow/.local/lib/python3.8/site-packages/airflow/example_dags/example_time_delta_sensor_async.py took 0.135 seconds
[2023-11-04T17:22:10.880+0000] {processor.py:157} INFO - Started process (PID=4425) to work on /home/airflow/.local/lib/python3.8/site-packages/airflow/example_dags/example_time_delta_sensor_async.py
[2023-11-04T17:22:10.882+0000] {processor.py:829} INFO - Processing file /home/airflow/.local/lib/python3.8/site-packages/airflow/example_dags/example_time_delta_sensor_async.py for tasks to queue
[2023-11-04T17:22:10.883+0000] {logging_mixin.py:151} INFO - [2023-11-04T17:22:10.883+0000] {dagbag.py:536} INFO - Filling up the DagBag from /home/airflow/.local/lib/python3.8/site-packages/airflow/example_dags/example_time_delta_sensor_async.py
[2023-11-04T17:22:10.894+0000] {processor.py:839} INFO - DAG(s) dict_keys(['example_time_delta_sensor_async']) retrieved from /home/airflow/.local/lib/python3.8/site-packages/airflow/example_dags/example_time_delta_sensor_async.py
[2023-11-04T17:22:10.951+0000] {logging_mixin.py:151} INFO - [2023-11-04T17:22:10.951+0000] {dag.py:2941} INFO - Sync 1 DAGs
[2023-11-04T17:22:10.982+0000] {logging_mixin.py:151} INFO - [2023-11-04T17:22:10.982+0000] {dag.py:3722} INFO - Setting next_dagrun for example_time_delta_sensor_async to None, run_after=None
[2023-11-04T17:22:11.034+0000] {processor.py:179} INFO - Processing /home/airflow/.local/lib/python3.8/site-packages/airflow/example_dags/example_time_delta_sensor_async.py took 0.162 seconds
[2023-11-04T17:22:41.289+0000] {processor.py:157} INFO - Started process (PID=4661) to work on /home/airflow/.local/lib/python3.8/site-packages/airflow/example_dags/example_time_delta_sensor_async.py
[2023-11-04T17:22:41.291+0000] {processor.py:829} INFO - Processing file /home/airflow/.local/lib/python3.8/site-packages/airflow/example_dags/example_time_delta_sensor_async.py for tasks to queue
[2023-11-04T17:22:41.295+0000] {logging_mixin.py:151} INFO - [2023-11-04T17:22:41.294+0000] {dagbag.py:536} INFO - Filling up the DagBag from /home/airflow/.local/lib/python3.8/site-packages/airflow/example_dags/example_time_delta_sensor_async.py
[2023-11-04T17:22:41.306+0000] {processor.py:839} INFO - DAG(s) dict_keys(['example_time_delta_sensor_async']) retrieved from /home/airflow/.local/lib/python3.8/site-packages/airflow/example_dags/example_time_delta_sensor_async.py
[2023-11-04T17:22:41.406+0000] {logging_mixin.py:151} INFO - [2023-11-04T17:22:41.405+0000] {dag.py:2941} INFO - Sync 1 DAGs
[2023-11-04T17:22:41.442+0000] {logging_mixin.py:151} INFO - [2023-11-04T17:22:41.441+0000] {dag.py:3722} INFO - Setting next_dagrun for example_time_delta_sensor_async to None, run_after=None
[2023-11-04T17:22:41.513+0000] {processor.py:179} INFO - Processing /home/airflow/.local/lib/python3.8/site-packages/airflow/example_dags/example_time_delta_sensor_async.py took 0.231 seconds
