[2023-11-04T16:23:45.192+0000] {processor.py:157} INFO - Started process (PID=208) to work on /home/airflow/.local/lib/python3.8/site-packages/airflow/example_dags/example_task_group_decorator.py
[2023-11-04T16:23:45.194+0000] {processor.py:829} INFO - Processing file /home/airflow/.local/lib/python3.8/site-packages/airflow/example_dags/example_task_group_decorator.py for tasks to queue
[2023-11-04T16:23:45.196+0000] {logging_mixin.py:151} INFO - [2023-11-04T16:23:45.195+0000] {dagbag.py:536} INFO - Filling up the DagBag from /home/airflow/.local/lib/python3.8/site-packages/airflow/example_dags/example_task_group_decorator.py
[2023-11-04T16:23:45.228+0000] {processor.py:839} INFO - DAG(s) dict_keys(['example_task_group_decorator']) retrieved from /home/airflow/.local/lib/python3.8/site-packages/airflow/example_dags/example_task_group_decorator.py
[2023-11-04T16:23:45.247+0000] {logging_mixin.py:151} INFO - [2023-11-04T16:23:45.247+0000] {dag.py:2941} INFO - Sync 1 DAGs
[2023-11-04T16:23:45.284+0000] {logging_mixin.py:151} INFO - [2023-11-04T16:23:45.284+0000] {dag.py:3722} INFO - Setting next_dagrun for example_task_group_decorator to 2023-11-03T16:23:45.284057+00:00, run_after=2023-11-04T16:23:45.284057+00:00
[2023-11-04T16:23:45.313+0000] {processor.py:179} INFO - Processing /home/airflow/.local/lib/python3.8/site-packages/airflow/example_dags/example_task_group_decorator.py took 0.125 seconds
[2023-11-04T16:24:15.682+0000] {processor.py:157} INFO - Started process (PID=446) to work on /home/airflow/.local/lib/python3.8/site-packages/airflow/example_dags/example_task_group_decorator.py
[2023-11-04T16:24:15.684+0000] {processor.py:829} INFO - Processing file /home/airflow/.local/lib/python3.8/site-packages/airflow/example_dags/example_task_group_decorator.py for tasks to queue
[2023-11-04T16:24:15.685+0000] {logging_mixin.py:151} INFO - [2023-11-04T16:24:15.685+0000] {dagbag.py:536} INFO - Filling up the DagBag from /home/airflow/.local/lib/python3.8/site-packages/airflow/example_dags/example_task_group_decorator.py
[2023-11-04T16:24:15.711+0000] {processor.py:839} INFO - DAG(s) dict_keys(['example_task_group_decorator']) retrieved from /home/airflow/.local/lib/python3.8/site-packages/airflow/example_dags/example_task_group_decorator.py
[2023-11-04T16:24:15.752+0000] {logging_mixin.py:151} INFO - [2023-11-04T16:24:15.752+0000] {dag.py:2941} INFO - Sync 1 DAGs
[2023-11-04T16:24:15.787+0000] {logging_mixin.py:151} INFO - [2023-11-04T16:24:15.787+0000] {dag.py:3722} INFO - Setting next_dagrun for example_task_group_decorator to 2023-11-03T16:24:15.786977+00:00, run_after=2023-11-04T16:24:15.786977+00:00
[2023-11-04T16:24:15.817+0000] {processor.py:179} INFO - Processing /home/airflow/.local/lib/python3.8/site-packages/airflow/example_dags/example_task_group_decorator.py took 0.140 seconds
[2023-11-04T16:24:46.183+0000] {processor.py:157} INFO - Started process (PID=684) to work on /home/airflow/.local/lib/python3.8/site-packages/airflow/example_dags/example_task_group_decorator.py
[2023-11-04T16:24:46.185+0000] {processor.py:829} INFO - Processing file /home/airflow/.local/lib/python3.8/site-packages/airflow/example_dags/example_task_group_decorator.py for tasks to queue
[2023-11-04T16:24:46.187+0000] {logging_mixin.py:151} INFO - [2023-11-04T16:24:46.186+0000] {dagbag.py:536} INFO - Filling up the DagBag from /home/airflow/.local/lib/python3.8/site-packages/airflow/example_dags/example_task_group_decorator.py
[2023-11-04T16:24:46.216+0000] {processor.py:839} INFO - DAG(s) dict_keys(['example_task_group_decorator']) retrieved from /home/airflow/.local/lib/python3.8/site-packages/airflow/example_dags/example_task_group_decorator.py
[2023-11-04T16:24:46.268+0000] {logging_mixin.py:151} INFO - [2023-11-04T16:24:46.268+0000] {dag.py:2941} INFO - Sync 1 DAGs
[2023-11-04T16:24:46.310+0000] {logging_mixin.py:151} INFO - [2023-11-04T16:24:46.310+0000] {dag.py:3722} INFO - Setting next_dagrun for example_task_group_decorator to 2023-11-03T16:24:46.309703+00:00, run_after=2023-11-04T16:24:46.309703+00:00
[2023-11-04T16:24:46.341+0000] {processor.py:179} INFO - Processing /home/airflow/.local/lib/python3.8/site-packages/airflow/example_dags/example_task_group_decorator.py took 0.163 seconds
[2023-11-04T16:25:16.594+0000] {processor.py:157} INFO - Started process (PID=924) to work on /home/airflow/.local/lib/python3.8/site-packages/airflow/example_dags/example_task_group_decorator.py
[2023-11-04T16:25:16.596+0000] {processor.py:829} INFO - Processing file /home/airflow/.local/lib/python3.8/site-packages/airflow/example_dags/example_task_group_decorator.py for tasks to queue
[2023-11-04T16:25:16.597+0000] {logging_mixin.py:151} INFO - [2023-11-04T16:25:16.597+0000] {dagbag.py:536} INFO - Filling up the DagBag from /home/airflow/.local/lib/python3.8/site-packages/airflow/example_dags/example_task_group_decorator.py
[2023-11-04T16:25:16.621+0000] {processor.py:839} INFO - DAG(s) dict_keys(['example_task_group_decorator']) retrieved from /home/airflow/.local/lib/python3.8/site-packages/airflow/example_dags/example_task_group_decorator.py
[2023-11-04T16:25:16.659+0000] {logging_mixin.py:151} INFO - [2023-11-04T16:25:16.659+0000] {dag.py:2941} INFO - Sync 1 DAGs
[2023-11-04T16:25:16.692+0000] {logging_mixin.py:151} INFO - [2023-11-04T16:25:16.692+0000] {dag.py:3722} INFO - Setting next_dagrun for example_task_group_decorator to 2023-11-03T16:25:16.691792+00:00, run_after=2023-11-04T16:25:16.691792+00:00
[2023-11-04T16:25:16.723+0000] {processor.py:179} INFO - Processing /home/airflow/.local/lib/python3.8/site-packages/airflow/example_dags/example_task_group_decorator.py took 0.134 seconds
[2023-11-04T16:25:46.896+0000] {processor.py:157} INFO - Started process (PID=1165) to work on /home/airflow/.local/lib/python3.8/site-packages/airflow/example_dags/example_task_group_decorator.py
[2023-11-04T16:25:46.898+0000] {processor.py:829} INFO - Processing file /home/airflow/.local/lib/python3.8/site-packages/airflow/example_dags/example_task_group_decorator.py for tasks to queue
[2023-11-04T16:25:46.900+0000] {logging_mixin.py:151} INFO - [2023-11-04T16:25:46.899+0000] {dagbag.py:536} INFO - Filling up the DagBag from /home/airflow/.local/lib/python3.8/site-packages/airflow/example_dags/example_task_group_decorator.py
[2023-11-04T16:25:46.924+0000] {processor.py:839} INFO - DAG(s) dict_keys(['example_task_group_decorator']) retrieved from /home/airflow/.local/lib/python3.8/site-packages/airflow/example_dags/example_task_group_decorator.py
[2023-11-04T16:25:46.965+0000] {logging_mixin.py:151} INFO - [2023-11-04T16:25:46.964+0000] {dag.py:2941} INFO - Sync 1 DAGs
[2023-11-04T16:25:46.999+0000] {logging_mixin.py:151} INFO - [2023-11-04T16:25:46.999+0000] {dag.py:3722} INFO - Setting next_dagrun for example_task_group_decorator to 2023-11-03T16:25:46.999096+00:00, run_after=2023-11-04T16:25:46.999096+00:00
[2023-11-04T16:25:47.030+0000] {processor.py:179} INFO - Processing /home/airflow/.local/lib/python3.8/site-packages/airflow/example_dags/example_task_group_decorator.py took 0.139 seconds
[2023-11-04T16:26:17.489+0000] {processor.py:157} INFO - Started process (PID=1403) to work on /home/airflow/.local/lib/python3.8/site-packages/airflow/example_dags/example_task_group_decorator.py
[2023-11-04T16:26:17.491+0000] {processor.py:829} INFO - Processing file /home/airflow/.local/lib/python3.8/site-packages/airflow/example_dags/example_task_group_decorator.py for tasks to queue
[2023-11-04T16:26:17.495+0000] {logging_mixin.py:151} INFO - [2023-11-04T16:26:17.494+0000] {dagbag.py:536} INFO - Filling up the DagBag from /home/airflow/.local/lib/python3.8/site-packages/airflow/example_dags/example_task_group_decorator.py
[2023-11-04T16:26:17.525+0000] {processor.py:839} INFO - DAG(s) dict_keys(['example_task_group_decorator']) retrieved from /home/airflow/.local/lib/python3.8/site-packages/airflow/example_dags/example_task_group_decorator.py
[2023-11-04T16:26:17.549+0000] {logging_mixin.py:151} INFO - [2023-11-04T16:26:17.549+0000] {dag.py:2941} INFO - Sync 1 DAGs
[2023-11-04T16:26:17.604+0000] {logging_mixin.py:151} INFO - [2023-11-04T16:26:17.604+0000] {dag.py:3722} INFO - Setting next_dagrun for example_task_group_decorator to 2023-11-03T16:26:17.604142+00:00, run_after=2023-11-04T16:26:17.604142+00:00
[2023-11-04T16:26:17.641+0000] {processor.py:179} INFO - Processing /home/airflow/.local/lib/python3.8/site-packages/airflow/example_dags/example_task_group_decorator.py took 0.158 seconds
[2023-11-04T16:26:47.857+0000] {processor.py:157} INFO - Started process (PID=1636) to work on /home/airflow/.local/lib/python3.8/site-packages/airflow/example_dags/example_task_group_decorator.py
[2023-11-04T16:26:47.859+0000] {processor.py:829} INFO - Processing file /home/airflow/.local/lib/python3.8/site-packages/airflow/example_dags/example_task_group_decorator.py for tasks to queue
[2023-11-04T16:26:47.861+0000] {logging_mixin.py:151} INFO - [2023-11-04T16:26:47.860+0000] {dagbag.py:536} INFO - Filling up the DagBag from /home/airflow/.local/lib/python3.8/site-packages/airflow/example_dags/example_task_group_decorator.py
[2023-11-04T16:26:47.884+0000] {processor.py:839} INFO - DAG(s) dict_keys(['example_task_group_decorator']) retrieved from /home/airflow/.local/lib/python3.8/site-packages/airflow/example_dags/example_task_group_decorator.py
[2023-11-04T16:26:47.923+0000] {logging_mixin.py:151} INFO - [2023-11-04T16:26:47.923+0000] {dag.py:2941} INFO - Sync 1 DAGs
[2023-11-04T16:26:47.957+0000] {logging_mixin.py:151} INFO - [2023-11-04T16:26:47.957+0000] {dag.py:3722} INFO - Setting next_dagrun for example_task_group_decorator to 2023-11-03T16:26:47.956783+00:00, run_after=2023-11-04T16:26:47.956783+00:00
[2023-11-04T16:26:47.989+0000] {processor.py:179} INFO - Processing /home/airflow/.local/lib/python3.8/site-packages/airflow/example_dags/example_task_group_decorator.py took 0.137 seconds
[2023-11-04T16:27:18.387+0000] {processor.py:157} INFO - Started process (PID=1874) to work on /home/airflow/.local/lib/python3.8/site-packages/airflow/example_dags/example_task_group_decorator.py
[2023-11-04T16:27:18.389+0000] {processor.py:829} INFO - Processing file /home/airflow/.local/lib/python3.8/site-packages/airflow/example_dags/example_task_group_decorator.py for tasks to queue
[2023-11-04T16:27:18.391+0000] {logging_mixin.py:151} INFO - [2023-11-04T16:27:18.391+0000] {dagbag.py:536} INFO - Filling up the DagBag from /home/airflow/.local/lib/python3.8/site-packages/airflow/example_dags/example_task_group_decorator.py
[2023-11-04T16:27:18.417+0000] {processor.py:839} INFO - DAG(s) dict_keys(['example_task_group_decorator']) retrieved from /home/airflow/.local/lib/python3.8/site-packages/airflow/example_dags/example_task_group_decorator.py
[2023-11-04T16:27:18.458+0000] {logging_mixin.py:151} INFO - [2023-11-04T16:27:18.458+0000] {dag.py:2941} INFO - Sync 1 DAGs
[2023-11-04T16:27:18.495+0000] {logging_mixin.py:151} INFO - [2023-11-04T16:27:18.495+0000] {dag.py:3722} INFO - Setting next_dagrun for example_task_group_decorator to 2023-11-03T16:27:18.494914+00:00, run_after=2023-11-04T16:27:18.494914+00:00
[2023-11-04T16:27:18.530+0000] {processor.py:179} INFO - Processing /home/airflow/.local/lib/python3.8/site-packages/airflow/example_dags/example_task_group_decorator.py took 0.148 seconds
[2023-11-04T16:27:48.854+0000] {processor.py:157} INFO - Started process (PID=2115) to work on /home/airflow/.local/lib/python3.8/site-packages/airflow/example_dags/example_task_group_decorator.py
[2023-11-04T16:27:48.856+0000] {processor.py:829} INFO - Processing file /home/airflow/.local/lib/python3.8/site-packages/airflow/example_dags/example_task_group_decorator.py for tasks to queue
[2023-11-04T16:27:48.857+0000] {logging_mixin.py:151} INFO - [2023-11-04T16:27:48.857+0000] {dagbag.py:536} INFO - Filling up the DagBag from /home/airflow/.local/lib/python3.8/site-packages/airflow/example_dags/example_task_group_decorator.py
[2023-11-04T16:27:48.883+0000] {processor.py:839} INFO - DAG(s) dict_keys(['example_task_group_decorator']) retrieved from /home/airflow/.local/lib/python3.8/site-packages/airflow/example_dags/example_task_group_decorator.py
[2023-11-04T16:27:48.904+0000] {logging_mixin.py:151} INFO - [2023-11-04T16:27:48.904+0000] {dag.py:2941} INFO - Sync 1 DAGs
[2023-11-04T16:27:48.943+0000] {logging_mixin.py:151} INFO - [2023-11-04T16:27:48.942+0000] {dag.py:3722} INFO - Setting next_dagrun for example_task_group_decorator to 2023-11-03T16:27:48.942576+00:00, run_after=2023-11-04T16:27:48.942576+00:00
[2023-11-04T16:27:48.989+0000] {processor.py:179} INFO - Processing /home/airflow/.local/lib/python3.8/site-packages/airflow/example_dags/example_task_group_decorator.py took 0.140 seconds
[2023-11-04T16:28:19.885+0000] {processor.py:157} INFO - Started process (PID=2356) to work on /home/airflow/.local/lib/python3.8/site-packages/airflow/example_dags/example_task_group_decorator.py
[2023-11-04T16:28:19.887+0000] {processor.py:829} INFO - Processing file /home/airflow/.local/lib/python3.8/site-packages/airflow/example_dags/example_task_group_decorator.py for tasks to queue
[2023-11-04T16:28:19.889+0000] {logging_mixin.py:151} INFO - [2023-11-04T16:28:19.889+0000] {dagbag.py:536} INFO - Filling up the DagBag from /home/airflow/.local/lib/python3.8/site-packages/airflow/example_dags/example_task_group_decorator.py
[2023-11-04T16:28:19.915+0000] {processor.py:839} INFO - DAG(s) dict_keys(['example_task_group_decorator']) retrieved from /home/airflow/.local/lib/python3.8/site-packages/airflow/example_dags/example_task_group_decorator.py
[2023-11-04T16:28:19.961+0000] {logging_mixin.py:151} INFO - [2023-11-04T16:28:19.961+0000] {dag.py:2941} INFO - Sync 1 DAGs
[2023-11-04T16:28:20.003+0000] {logging_mixin.py:151} INFO - [2023-11-04T16:28:20.002+0000] {dag.py:3722} INFO - Setting next_dagrun for example_task_group_decorator to 2023-11-03T16:28:20.002482+00:00, run_after=2023-11-04T16:28:20.002482+00:00
[2023-11-04T16:28:20.041+0000] {processor.py:179} INFO - Processing /home/airflow/.local/lib/python3.8/site-packages/airflow/example_dags/example_task_group_decorator.py took 0.162 seconds
[2023-11-04T16:28:50.421+0000] {processor.py:157} INFO - Started process (PID=2589) to work on /home/airflow/.local/lib/python3.8/site-packages/airflow/example_dags/example_task_group_decorator.py
[2023-11-04T16:28:50.422+0000] {processor.py:829} INFO - Processing file /home/airflow/.local/lib/python3.8/site-packages/airflow/example_dags/example_task_group_decorator.py for tasks to queue
[2023-11-04T16:28:50.424+0000] {logging_mixin.py:151} INFO - [2023-11-04T16:28:50.423+0000] {dagbag.py:536} INFO - Filling up the DagBag from /home/airflow/.local/lib/python3.8/site-packages/airflow/example_dags/example_task_group_decorator.py
[2023-11-04T16:28:50.448+0000] {processor.py:839} INFO - DAG(s) dict_keys(['example_task_group_decorator']) retrieved from /home/airflow/.local/lib/python3.8/site-packages/airflow/example_dags/example_task_group_decorator.py
[2023-11-04T16:28:50.488+0000] {logging_mixin.py:151} INFO - [2023-11-04T16:28:50.488+0000] {dag.py:2941} INFO - Sync 1 DAGs
[2023-11-04T16:28:50.522+0000] {logging_mixin.py:151} INFO - [2023-11-04T16:28:50.521+0000] {dag.py:3722} INFO - Setting next_dagrun for example_task_group_decorator to 2023-11-03T16:28:50.521469+00:00, run_after=2023-11-04T16:28:50.521469+00:00
[2023-11-04T16:28:50.552+0000] {processor.py:179} INFO - Processing /home/airflow/.local/lib/python3.8/site-packages/airflow/example_dags/example_task_group_decorator.py took 0.136 seconds
[2023-11-04T16:29:21.076+0000] {processor.py:157} INFO - Started process (PID=2827) to work on /home/airflow/.local/lib/python3.8/site-packages/airflow/example_dags/example_task_group_decorator.py
[2023-11-04T16:29:21.077+0000] {processor.py:829} INFO - Processing file /home/airflow/.local/lib/python3.8/site-packages/airflow/example_dags/example_task_group_decorator.py for tasks to queue
[2023-11-04T16:29:21.079+0000] {logging_mixin.py:151} INFO - [2023-11-04T16:29:21.078+0000] {dagbag.py:536} INFO - Filling up the DagBag from /home/airflow/.local/lib/python3.8/site-packages/airflow/example_dags/example_task_group_decorator.py
[2023-11-04T16:29:21.104+0000] {processor.py:839} INFO - DAG(s) dict_keys(['example_task_group_decorator']) retrieved from /home/airflow/.local/lib/python3.8/site-packages/airflow/example_dags/example_task_group_decorator.py
[2023-11-04T16:29:21.146+0000] {logging_mixin.py:151} INFO - [2023-11-04T16:29:21.146+0000] {dag.py:2941} INFO - Sync 1 DAGs
[2023-11-04T16:29:21.181+0000] {logging_mixin.py:151} INFO - [2023-11-04T16:29:21.181+0000] {dag.py:3722} INFO - Setting next_dagrun for example_task_group_decorator to 2023-11-03T16:29:21.181095+00:00, run_after=2023-11-04T16:29:21.181095+00:00
[2023-11-04T16:29:21.213+0000] {processor.py:179} INFO - Processing /home/airflow/.local/lib/python3.8/site-packages/airflow/example_dags/example_task_group_decorator.py took 0.143 seconds
[2023-11-04T16:29:51.438+0000] {processor.py:157} INFO - Started process (PID=3065) to work on /home/airflow/.local/lib/python3.8/site-packages/airflow/example_dags/example_task_group_decorator.py
[2023-11-04T16:29:51.440+0000] {processor.py:829} INFO - Processing file /home/airflow/.local/lib/python3.8/site-packages/airflow/example_dags/example_task_group_decorator.py for tasks to queue
[2023-11-04T16:29:51.443+0000] {logging_mixin.py:151} INFO - [2023-11-04T16:29:51.442+0000] {dagbag.py:536} INFO - Filling up the DagBag from /home/airflow/.local/lib/python3.8/site-packages/airflow/example_dags/example_task_group_decorator.py
[2023-11-04T16:29:51.475+0000] {processor.py:839} INFO - DAG(s) dict_keys(['example_task_group_decorator']) retrieved from /home/airflow/.local/lib/python3.8/site-packages/airflow/example_dags/example_task_group_decorator.py
[2023-11-04T16:29:51.493+0000] {logging_mixin.py:151} INFO - [2023-11-04T16:29:51.493+0000] {dag.py:2941} INFO - Sync 1 DAGs
[2023-11-04T16:29:51.531+0000] {logging_mixin.py:151} INFO - [2023-11-04T16:29:51.530+0000] {dag.py:3722} INFO - Setting next_dagrun for example_task_group_decorator to 2023-11-03T16:29:51.530561+00:00, run_after=2023-11-04T16:29:51.530561+00:00
[2023-11-04T16:29:51.567+0000] {processor.py:179} INFO - Processing /home/airflow/.local/lib/python3.8/site-packages/airflow/example_dags/example_task_group_decorator.py took 0.136 seconds
[2023-11-04T16:30:21.985+0000] {processor.py:157} INFO - Started process (PID=3303) to work on /home/airflow/.local/lib/python3.8/site-packages/airflow/example_dags/example_task_group_decorator.py
[2023-11-04T16:30:21.986+0000] {processor.py:829} INFO - Processing file /home/airflow/.local/lib/python3.8/site-packages/airflow/example_dags/example_task_group_decorator.py for tasks to queue
[2023-11-04T16:30:21.988+0000] {logging_mixin.py:151} INFO - [2023-11-04T16:30:21.987+0000] {dagbag.py:536} INFO - Filling up the DagBag from /home/airflow/.local/lib/python3.8/site-packages/airflow/example_dags/example_task_group_decorator.py
[2023-11-04T16:30:22.011+0000] {processor.py:839} INFO - DAG(s) dict_keys(['example_task_group_decorator']) retrieved from /home/airflow/.local/lib/python3.8/site-packages/airflow/example_dags/example_task_group_decorator.py
[2023-11-04T16:30:22.051+0000] {logging_mixin.py:151} INFO - [2023-11-04T16:30:22.050+0000] {dag.py:2941} INFO - Sync 1 DAGs
[2023-11-04T16:30:22.083+0000] {logging_mixin.py:151} INFO - [2023-11-04T16:30:22.083+0000] {dag.py:3722} INFO - Setting next_dagrun for example_task_group_decorator to 2023-11-03T16:30:22.083000+00:00, run_after=2023-11-04T16:30:22.083000+00:00
[2023-11-04T16:30:22.115+0000] {processor.py:179} INFO - Processing /home/airflow/.local/lib/python3.8/site-packages/airflow/example_dags/example_task_group_decorator.py took 0.135 seconds
[2023-11-04T16:30:53.027+0000] {processor.py:157} INFO - Started process (PID=3541) to work on /home/airflow/.local/lib/python3.8/site-packages/airflow/example_dags/example_task_group_decorator.py
[2023-11-04T16:30:53.029+0000] {processor.py:829} INFO - Processing file /home/airflow/.local/lib/python3.8/site-packages/airflow/example_dags/example_task_group_decorator.py for tasks to queue
[2023-11-04T16:30:53.031+0000] {logging_mixin.py:151} INFO - [2023-11-04T16:30:53.031+0000] {dagbag.py:536} INFO - Filling up the DagBag from /home/airflow/.local/lib/python3.8/site-packages/airflow/example_dags/example_task_group_decorator.py
[2023-11-04T16:30:53.067+0000] {processor.py:839} INFO - DAG(s) dict_keys(['example_task_group_decorator']) retrieved from /home/airflow/.local/lib/python3.8/site-packages/airflow/example_dags/example_task_group_decorator.py
[2023-11-04T16:30:53.120+0000] {logging_mixin.py:151} INFO - [2023-11-04T16:30:53.119+0000] {dag.py:2941} INFO - Sync 1 DAGs
[2023-11-04T16:30:53.160+0000] {logging_mixin.py:151} INFO - [2023-11-04T16:30:53.160+0000] {dag.py:3722} INFO - Setting next_dagrun for example_task_group_decorator to 2023-11-03T16:30:53.159957+00:00, run_after=2023-11-04T16:30:53.159957+00:00
[2023-11-04T16:30:53.200+0000] {processor.py:179} INFO - Processing /home/airflow/.local/lib/python3.8/site-packages/airflow/example_dags/example_task_group_decorator.py took 0.179 seconds
[2023-11-04T16:31:23.598+0000] {processor.py:157} INFO - Started process (PID=3779) to work on /home/airflow/.local/lib/python3.8/site-packages/airflow/example_dags/example_task_group_decorator.py
[2023-11-04T16:31:23.602+0000] {processor.py:829} INFO - Processing file /home/airflow/.local/lib/python3.8/site-packages/airflow/example_dags/example_task_group_decorator.py for tasks to queue
[2023-11-04T16:31:23.605+0000] {logging_mixin.py:151} INFO - [2023-11-04T16:31:23.604+0000] {dagbag.py:536} INFO - Filling up the DagBag from /home/airflow/.local/lib/python3.8/site-packages/airflow/example_dags/example_task_group_decorator.py
[2023-11-04T16:31:23.633+0000] {processor.py:839} INFO - DAG(s) dict_keys(['example_task_group_decorator']) retrieved from /home/airflow/.local/lib/python3.8/site-packages/airflow/example_dags/example_task_group_decorator.py
[2023-11-04T16:31:23.688+0000] {logging_mixin.py:151} INFO - [2023-11-04T16:31:23.688+0000] {dag.py:2941} INFO - Sync 1 DAGs
[2023-11-04T16:31:23.739+0000] {logging_mixin.py:151} INFO - [2023-11-04T16:31:23.739+0000] {dag.py:3722} INFO - Setting next_dagrun for example_task_group_decorator to 2023-11-03T16:31:23.738785+00:00, run_after=2023-11-04T16:31:23.738785+00:00
[2023-11-04T16:31:23.776+0000] {processor.py:179} INFO - Processing /home/airflow/.local/lib/python3.8/site-packages/airflow/example_dags/example_task_group_decorator.py took 0.185 seconds
[2023-11-04T16:31:54.112+0000] {processor.py:157} INFO - Started process (PID=4017) to work on /home/airflow/.local/lib/python3.8/site-packages/airflow/example_dags/example_task_group_decorator.py
[2023-11-04T16:31:54.114+0000] {processor.py:829} INFO - Processing file /home/airflow/.local/lib/python3.8/site-packages/airflow/example_dags/example_task_group_decorator.py for tasks to queue
[2023-11-04T16:31:54.115+0000] {logging_mixin.py:151} INFO - [2023-11-04T16:31:54.115+0000] {dagbag.py:536} INFO - Filling up the DagBag from /home/airflow/.local/lib/python3.8/site-packages/airflow/example_dags/example_task_group_decorator.py
[2023-11-04T16:31:54.141+0000] {processor.py:839} INFO - DAG(s) dict_keys(['example_task_group_decorator']) retrieved from /home/airflow/.local/lib/python3.8/site-packages/airflow/example_dags/example_task_group_decorator.py
[2023-11-04T16:31:54.184+0000] {logging_mixin.py:151} INFO - [2023-11-04T16:31:54.184+0000] {dag.py:2941} INFO - Sync 1 DAGs
[2023-11-04T16:31:54.219+0000] {logging_mixin.py:151} INFO - [2023-11-04T16:31:54.219+0000] {dag.py:3722} INFO - Setting next_dagrun for example_task_group_decorator to 2023-11-03T16:31:54.218677+00:00, run_after=2023-11-04T16:31:54.218677+00:00
[2023-11-04T16:31:54.261+0000] {processor.py:179} INFO - Processing /home/airflow/.local/lib/python3.8/site-packages/airflow/example_dags/example_task_group_decorator.py took 0.154 seconds
[2023-11-04T16:32:24.789+0000] {processor.py:157} INFO - Started process (PID=4255) to work on /home/airflow/.local/lib/python3.8/site-packages/airflow/example_dags/example_task_group_decorator.py
[2023-11-04T16:32:24.790+0000] {processor.py:829} INFO - Processing file /home/airflow/.local/lib/python3.8/site-packages/airflow/example_dags/example_task_group_decorator.py for tasks to queue
[2023-11-04T16:32:24.792+0000] {logging_mixin.py:151} INFO - [2023-11-04T16:32:24.792+0000] {dagbag.py:536} INFO - Filling up the DagBag from /home/airflow/.local/lib/python3.8/site-packages/airflow/example_dags/example_task_group_decorator.py
[2023-11-04T16:32:24.820+0000] {processor.py:839} INFO - DAG(s) dict_keys(['example_task_group_decorator']) retrieved from /home/airflow/.local/lib/python3.8/site-packages/airflow/example_dags/example_task_group_decorator.py
[2023-11-04T16:32:24.860+0000] {logging_mixin.py:151} INFO - [2023-11-04T16:32:24.860+0000] {dag.py:2941} INFO - Sync 1 DAGs
[2023-11-04T16:32:24.896+0000] {logging_mixin.py:151} INFO - [2023-11-04T16:32:24.896+0000] {dag.py:3722} INFO - Setting next_dagrun for example_task_group_decorator to 2023-11-03T16:32:24.895953+00:00, run_after=2023-11-04T16:32:24.895953+00:00
[2023-11-04T16:32:24.934+0000] {processor.py:179} INFO - Processing /home/airflow/.local/lib/python3.8/site-packages/airflow/example_dags/example_task_group_decorator.py took 0.150 seconds
[2023-11-04T16:32:54.998+0000] {processor.py:157} INFO - Started process (PID=4493) to work on /home/airflow/.local/lib/python3.8/site-packages/airflow/example_dags/example_task_group_decorator.py
[2023-11-04T16:32:55.001+0000] {processor.py:829} INFO - Processing file /home/airflow/.local/lib/python3.8/site-packages/airflow/example_dags/example_task_group_decorator.py for tasks to queue
[2023-11-04T16:32:55.003+0000] {logging_mixin.py:151} INFO - [2023-11-04T16:32:55.002+0000] {dagbag.py:536} INFO - Filling up the DagBag from /home/airflow/.local/lib/python3.8/site-packages/airflow/example_dags/example_task_group_decorator.py
[2023-11-04T16:32:55.029+0000] {processor.py:839} INFO - DAG(s) dict_keys(['example_task_group_decorator']) retrieved from /home/airflow/.local/lib/python3.8/site-packages/airflow/example_dags/example_task_group_decorator.py
[2023-11-04T16:32:55.069+0000] {logging_mixin.py:151} INFO - [2023-11-04T16:32:55.069+0000] {dag.py:2941} INFO - Sync 1 DAGs
[2023-11-04T16:32:55.103+0000] {logging_mixin.py:151} INFO - [2023-11-04T16:32:55.103+0000] {dag.py:3722} INFO - Setting next_dagrun for example_task_group_decorator to 2023-11-03T16:32:55.103253+00:00, run_after=2023-11-04T16:32:55.103253+00:00
[2023-11-04T16:32:55.135+0000] {processor.py:179} INFO - Processing /home/airflow/.local/lib/python3.8/site-packages/airflow/example_dags/example_task_group_decorator.py took 0.142 seconds
[2023-11-04T16:33:25.233+0000] {processor.py:157} INFO - Started process (PID=4731) to work on /home/airflow/.local/lib/python3.8/site-packages/airflow/example_dags/example_task_group_decorator.py
[2023-11-04T16:33:25.235+0000] {processor.py:829} INFO - Processing file /home/airflow/.local/lib/python3.8/site-packages/airflow/example_dags/example_task_group_decorator.py for tasks to queue
[2023-11-04T16:33:25.237+0000] {logging_mixin.py:151} INFO - [2023-11-04T16:33:25.236+0000] {dagbag.py:536} INFO - Filling up the DagBag from /home/airflow/.local/lib/python3.8/site-packages/airflow/example_dags/example_task_group_decorator.py
[2023-11-04T16:33:25.261+0000] {processor.py:839} INFO - DAG(s) dict_keys(['example_task_group_decorator']) retrieved from /home/airflow/.local/lib/python3.8/site-packages/airflow/example_dags/example_task_group_decorator.py
[2023-11-04T16:33:25.304+0000] {logging_mixin.py:151} INFO - [2023-11-04T16:33:25.304+0000] {dag.py:2941} INFO - Sync 1 DAGs
[2023-11-04T16:33:25.346+0000] {logging_mixin.py:151} INFO - [2023-11-04T16:33:25.346+0000] {dag.py:3722} INFO - Setting next_dagrun for example_task_group_decorator to 2023-11-03T16:33:25.346021+00:00, run_after=2023-11-04T16:33:25.346021+00:00
[2023-11-04T16:33:25.377+0000] {processor.py:179} INFO - Processing /home/airflow/.local/lib/python3.8/site-packages/airflow/example_dags/example_task_group_decorator.py took 0.149 seconds
[2023-11-04T16:33:55.551+0000] {processor.py:157} INFO - Started process (PID=4971) to work on /home/airflow/.local/lib/python3.8/site-packages/airflow/example_dags/example_task_group_decorator.py
[2023-11-04T16:33:55.552+0000] {processor.py:829} INFO - Processing file /home/airflow/.local/lib/python3.8/site-packages/airflow/example_dags/example_task_group_decorator.py for tasks to queue
[2023-11-04T16:33:55.554+0000] {logging_mixin.py:151} INFO - [2023-11-04T16:33:55.554+0000] {dagbag.py:536} INFO - Filling up the DagBag from /home/airflow/.local/lib/python3.8/site-packages/airflow/example_dags/example_task_group_decorator.py
[2023-11-04T16:33:55.580+0000] {processor.py:839} INFO - DAG(s) dict_keys(['example_task_group_decorator']) retrieved from /home/airflow/.local/lib/python3.8/site-packages/airflow/example_dags/example_task_group_decorator.py
[2023-11-04T16:33:55.619+0000] {logging_mixin.py:151} INFO - [2023-11-04T16:33:55.619+0000] {dag.py:2941} INFO - Sync 1 DAGs
[2023-11-04T16:33:55.652+0000] {logging_mixin.py:151} INFO - [2023-11-04T16:33:55.652+0000] {dag.py:3722} INFO - Setting next_dagrun for example_task_group_decorator to 2023-11-03T16:33:55.651758+00:00, run_after=2023-11-04T16:33:55.651758+00:00
[2023-11-04T16:33:55.683+0000] {processor.py:179} INFO - Processing /home/airflow/.local/lib/python3.8/site-packages/airflow/example_dags/example_task_group_decorator.py took 0.138 seconds
[2023-11-04T16:34:26.064+0000] {processor.py:157} INFO - Started process (PID=5209) to work on /home/airflow/.local/lib/python3.8/site-packages/airflow/example_dags/example_task_group_decorator.py
[2023-11-04T16:34:26.067+0000] {processor.py:829} INFO - Processing file /home/airflow/.local/lib/python3.8/site-packages/airflow/example_dags/example_task_group_decorator.py for tasks to queue
[2023-11-04T16:34:26.068+0000] {logging_mixin.py:151} INFO - [2023-11-04T16:34:26.068+0000] {dagbag.py:536} INFO - Filling up the DagBag from /home/airflow/.local/lib/python3.8/site-packages/airflow/example_dags/example_task_group_decorator.py
[2023-11-04T16:34:26.100+0000] {processor.py:839} INFO - DAG(s) dict_keys(['example_task_group_decorator']) retrieved from /home/airflow/.local/lib/python3.8/site-packages/airflow/example_dags/example_task_group_decorator.py
[2023-11-04T16:34:26.148+0000] {logging_mixin.py:151} INFO - [2023-11-04T16:34:26.148+0000] {dag.py:2941} INFO - Sync 1 DAGs
[2023-11-04T16:34:26.196+0000] {logging_mixin.py:151} INFO - [2023-11-04T16:34:26.195+0000] {dag.py:3722} INFO - Setting next_dagrun for example_task_group_decorator to 2023-11-03T16:34:26.195102+00:00, run_after=2023-11-04T16:34:26.195102+00:00
[2023-11-04T16:34:26.237+0000] {processor.py:179} INFO - Processing /home/airflow/.local/lib/python3.8/site-packages/airflow/example_dags/example_task_group_decorator.py took 0.179 seconds
[2023-11-04T16:34:56.971+0000] {processor.py:157} INFO - Started process (PID=5447) to work on /home/airflow/.local/lib/python3.8/site-packages/airflow/example_dags/example_task_group_decorator.py
[2023-11-04T16:34:56.972+0000] {processor.py:829} INFO - Processing file /home/airflow/.local/lib/python3.8/site-packages/airflow/example_dags/example_task_group_decorator.py for tasks to queue
[2023-11-04T16:34:56.974+0000] {logging_mixin.py:151} INFO - [2023-11-04T16:34:56.973+0000] {dagbag.py:536} INFO - Filling up the DagBag from /home/airflow/.local/lib/python3.8/site-packages/airflow/example_dags/example_task_group_decorator.py
[2023-11-04T16:34:57.003+0000] {processor.py:839} INFO - DAG(s) dict_keys(['example_task_group_decorator']) retrieved from /home/airflow/.local/lib/python3.8/site-packages/airflow/example_dags/example_task_group_decorator.py
[2023-11-04T16:34:57.045+0000] {logging_mixin.py:151} INFO - [2023-11-04T16:34:57.045+0000] {dag.py:2941} INFO - Sync 1 DAGs
[2023-11-04T16:34:57.078+0000] {logging_mixin.py:151} INFO - [2023-11-04T16:34:57.078+0000] {dag.py:3722} INFO - Setting next_dagrun for example_task_group_decorator to 2023-11-03T16:34:57.078091+00:00, run_after=2023-11-04T16:34:57.078091+00:00
[2023-11-04T16:34:57.110+0000] {processor.py:179} INFO - Processing /home/airflow/.local/lib/python3.8/site-packages/airflow/example_dags/example_task_group_decorator.py took 0.145 seconds
[2023-11-04T16:35:27.804+0000] {processor.py:157} INFO - Started process (PID=5683) to work on /home/airflow/.local/lib/python3.8/site-packages/airflow/example_dags/example_task_group_decorator.py
[2023-11-04T16:35:27.806+0000] {processor.py:829} INFO - Processing file /home/airflow/.local/lib/python3.8/site-packages/airflow/example_dags/example_task_group_decorator.py for tasks to queue
[2023-11-04T16:35:27.807+0000] {logging_mixin.py:151} INFO - [2023-11-04T16:35:27.807+0000] {dagbag.py:536} INFO - Filling up the DagBag from /home/airflow/.local/lib/python3.8/site-packages/airflow/example_dags/example_task_group_decorator.py
[2023-11-04T16:35:27.833+0000] {processor.py:839} INFO - DAG(s) dict_keys(['example_task_group_decorator']) retrieved from /home/airflow/.local/lib/python3.8/site-packages/airflow/example_dags/example_task_group_decorator.py
[2023-11-04T16:35:27.872+0000] {logging_mixin.py:151} INFO - [2023-11-04T16:35:27.872+0000] {dag.py:2941} INFO - Sync 1 DAGs
[2023-11-04T16:35:27.905+0000] {logging_mixin.py:151} INFO - [2023-11-04T16:35:27.905+0000] {dag.py:3722} INFO - Setting next_dagrun for example_task_group_decorator to 2023-11-03T16:35:27.905282+00:00, run_after=2023-11-04T16:35:27.905282+00:00
[2023-11-04T16:35:27.934+0000] {processor.py:179} INFO - Processing /home/airflow/.local/lib/python3.8/site-packages/airflow/example_dags/example_task_group_decorator.py took 0.135 seconds
[2023-11-04T16:35:57.990+0000] {processor.py:157} INFO - Started process (PID=5921) to work on /home/airflow/.local/lib/python3.8/site-packages/airflow/example_dags/example_task_group_decorator.py
[2023-11-04T16:35:57.992+0000] {processor.py:829} INFO - Processing file /home/airflow/.local/lib/python3.8/site-packages/airflow/example_dags/example_task_group_decorator.py for tasks to queue
[2023-11-04T16:35:57.994+0000] {logging_mixin.py:151} INFO - [2023-11-04T16:35:57.993+0000] {dagbag.py:536} INFO - Filling up the DagBag from /home/airflow/.local/lib/python3.8/site-packages/airflow/example_dags/example_task_group_decorator.py
[2023-11-04T16:35:58.019+0000] {processor.py:839} INFO - DAG(s) dict_keys(['example_task_group_decorator']) retrieved from /home/airflow/.local/lib/python3.8/site-packages/airflow/example_dags/example_task_group_decorator.py
[2023-11-04T16:35:58.058+0000] {logging_mixin.py:151} INFO - [2023-11-04T16:35:58.058+0000] {dag.py:2941} INFO - Sync 1 DAGs
[2023-11-04T16:35:58.093+0000] {logging_mixin.py:151} INFO - [2023-11-04T16:35:58.093+0000] {dag.py:3722} INFO - Setting next_dagrun for example_task_group_decorator to 2023-11-03T16:35:58.093190+00:00, run_after=2023-11-04T16:35:58.093190+00:00
[2023-11-04T16:35:58.126+0000] {processor.py:179} INFO - Processing /home/airflow/.local/lib/python3.8/site-packages/airflow/example_dags/example_task_group_decorator.py took 0.141 seconds
[2023-11-04T16:36:28.383+0000] {processor.py:157} INFO - Started process (PID=6159) to work on /home/airflow/.local/lib/python3.8/site-packages/airflow/example_dags/example_task_group_decorator.py
[2023-11-04T16:36:28.384+0000] {processor.py:829} INFO - Processing file /home/airflow/.local/lib/python3.8/site-packages/airflow/example_dags/example_task_group_decorator.py for tasks to queue
[2023-11-04T16:36:28.386+0000] {logging_mixin.py:151} INFO - [2023-11-04T16:36:28.385+0000] {dagbag.py:536} INFO - Filling up the DagBag from /home/airflow/.local/lib/python3.8/site-packages/airflow/example_dags/example_task_group_decorator.py
[2023-11-04T16:36:28.411+0000] {processor.py:839} INFO - DAG(s) dict_keys(['example_task_group_decorator']) retrieved from /home/airflow/.local/lib/python3.8/site-packages/airflow/example_dags/example_task_group_decorator.py
[2023-11-04T16:36:28.449+0000] {logging_mixin.py:151} INFO - [2023-11-04T16:36:28.449+0000] {dag.py:2941} INFO - Sync 1 DAGs
[2023-11-04T16:36:28.481+0000] {logging_mixin.py:151} INFO - [2023-11-04T16:36:28.481+0000] {dag.py:3722} INFO - Setting next_dagrun for example_task_group_decorator to 2023-11-03T16:36:28.481325+00:00, run_after=2023-11-04T16:36:28.481325+00:00
[2023-11-04T16:36:28.509+0000] {processor.py:179} INFO - Processing /home/airflow/.local/lib/python3.8/site-packages/airflow/example_dags/example_task_group_decorator.py took 0.131 seconds
[2023-11-04T16:36:59.259+0000] {processor.py:157} INFO - Started process (PID=6397) to work on /home/airflow/.local/lib/python3.8/site-packages/airflow/example_dags/example_task_group_decorator.py
[2023-11-04T16:36:59.260+0000] {processor.py:829} INFO - Processing file /home/airflow/.local/lib/python3.8/site-packages/airflow/example_dags/example_task_group_decorator.py for tasks to queue
[2023-11-04T16:36:59.262+0000] {logging_mixin.py:151} INFO - [2023-11-04T16:36:59.262+0000] {dagbag.py:536} INFO - Filling up the DagBag from /home/airflow/.local/lib/python3.8/site-packages/airflow/example_dags/example_task_group_decorator.py
[2023-11-04T16:36:59.296+0000] {processor.py:839} INFO - DAG(s) dict_keys(['example_task_group_decorator']) retrieved from /home/airflow/.local/lib/python3.8/site-packages/airflow/example_dags/example_task_group_decorator.py
[2023-11-04T16:36:59.340+0000] {logging_mixin.py:151} INFO - [2023-11-04T16:36:59.339+0000] {dag.py:2941} INFO - Sync 1 DAGs
[2023-11-04T16:36:59.379+0000] {logging_mixin.py:151} INFO - [2023-11-04T16:36:59.379+0000] {dag.py:3722} INFO - Setting next_dagrun for example_task_group_decorator to 2023-11-03T16:36:59.379104+00:00, run_after=2023-11-04T16:36:59.379104+00:00
[2023-11-04T16:36:59.415+0000] {processor.py:179} INFO - Processing /home/airflow/.local/lib/python3.8/site-packages/airflow/example_dags/example_task_group_decorator.py took 0.163 seconds
[2023-11-04T16:37:30.014+0000] {processor.py:157} INFO - Started process (PID=6642) to work on /home/airflow/.local/lib/python3.8/site-packages/airflow/example_dags/example_task_group_decorator.py
[2023-11-04T16:37:30.017+0000] {processor.py:829} INFO - Processing file /home/airflow/.local/lib/python3.8/site-packages/airflow/example_dags/example_task_group_decorator.py for tasks to queue
[2023-11-04T16:37:30.018+0000] {logging_mixin.py:151} INFO - [2023-11-04T16:37:30.018+0000] {dagbag.py:536} INFO - Filling up the DagBag from /home/airflow/.local/lib/python3.8/site-packages/airflow/example_dags/example_task_group_decorator.py
[2023-11-04T16:37:30.056+0000] {processor.py:839} INFO - DAG(s) dict_keys(['example_task_group_decorator']) retrieved from /home/airflow/.local/lib/python3.8/site-packages/airflow/example_dags/example_task_group_decorator.py
[2023-11-04T16:37:30.113+0000] {logging_mixin.py:151} INFO - [2023-11-04T16:37:30.112+0000] {dag.py:2941} INFO - Sync 1 DAGs
[2023-11-04T16:37:30.157+0000] {logging_mixin.py:151} INFO - [2023-11-04T16:37:30.156+0000] {dag.py:3722} INFO - Setting next_dagrun for example_task_group_decorator to 2023-11-03T16:37:30.156474+00:00, run_after=2023-11-04T16:37:30.156474+00:00
[2023-11-04T16:37:30.199+0000] {processor.py:179} INFO - Processing /home/airflow/.local/lib/python3.8/site-packages/airflow/example_dags/example_task_group_decorator.py took 0.192 seconds
[2023-11-04T16:38:00.697+0000] {processor.py:157} INFO - Started process (PID=6880) to work on /home/airflow/.local/lib/python3.8/site-packages/airflow/example_dags/example_task_group_decorator.py
[2023-11-04T16:38:00.698+0000] {processor.py:829} INFO - Processing file /home/airflow/.local/lib/python3.8/site-packages/airflow/example_dags/example_task_group_decorator.py for tasks to queue
[2023-11-04T16:38:00.700+0000] {logging_mixin.py:151} INFO - [2023-11-04T16:38:00.700+0000] {dagbag.py:536} INFO - Filling up the DagBag from /home/airflow/.local/lib/python3.8/site-packages/airflow/example_dags/example_task_group_decorator.py
[2023-11-04T16:38:00.725+0000] {processor.py:839} INFO - DAG(s) dict_keys(['example_task_group_decorator']) retrieved from /home/airflow/.local/lib/python3.8/site-packages/airflow/example_dags/example_task_group_decorator.py
[2023-11-04T16:38:00.766+0000] {logging_mixin.py:151} INFO - [2023-11-04T16:38:00.766+0000] {dag.py:2941} INFO - Sync 1 DAGs
[2023-11-04T16:38:00.799+0000] {logging_mixin.py:151} INFO - [2023-11-04T16:38:00.799+0000] {dag.py:3722} INFO - Setting next_dagrun for example_task_group_decorator to 2023-11-03T16:38:00.799044+00:00, run_after=2023-11-04T16:38:00.799044+00:00
[2023-11-04T16:38:00.828+0000] {processor.py:179} INFO - Processing /home/airflow/.local/lib/python3.8/site-packages/airflow/example_dags/example_task_group_decorator.py took 0.137 seconds
[2023-11-04T16:38:31.793+0000] {processor.py:157} INFO - Started process (PID=7118) to work on /home/airflow/.local/lib/python3.8/site-packages/airflow/example_dags/example_task_group_decorator.py
[2023-11-04T16:38:31.795+0000] {processor.py:829} INFO - Processing file /home/airflow/.local/lib/python3.8/site-packages/airflow/example_dags/example_task_group_decorator.py for tasks to queue
[2023-11-04T16:38:31.823+0000] {logging_mixin.py:151} INFO - [2023-11-04T16:38:31.821+0000] {dagbag.py:536} INFO - Filling up the DagBag from /home/airflow/.local/lib/python3.8/site-packages/airflow/example_dags/example_task_group_decorator.py
[2023-11-04T16:38:31.891+0000] {processor.py:839} INFO - DAG(s) dict_keys(['example_task_group_decorator']) retrieved from /home/airflow/.local/lib/python3.8/site-packages/airflow/example_dags/example_task_group_decorator.py
[2023-11-04T16:38:31.955+0000] {logging_mixin.py:151} INFO - [2023-11-04T16:38:31.954+0000] {dag.py:2941} INFO - Sync 1 DAGs
[2023-11-04T16:38:31.993+0000] {logging_mixin.py:151} INFO - [2023-11-04T16:38:31.992+0000] {dag.py:3722} INFO - Setting next_dagrun for example_task_group_decorator to 2023-11-03T16:38:31.992299+00:00, run_after=2023-11-04T16:38:31.992299+00:00
[2023-11-04T16:38:32.025+0000] {processor.py:179} INFO - Processing /home/airflow/.local/lib/python3.8/site-packages/airflow/example_dags/example_task_group_decorator.py took 0.238 seconds
[2023-11-04T16:39:02.444+0000] {processor.py:157} INFO - Started process (PID=7356) to work on /home/airflow/.local/lib/python3.8/site-packages/airflow/example_dags/example_task_group_decorator.py
[2023-11-04T16:39:02.446+0000] {processor.py:829} INFO - Processing file /home/airflow/.local/lib/python3.8/site-packages/airflow/example_dags/example_task_group_decorator.py for tasks to queue
[2023-11-04T16:39:02.447+0000] {logging_mixin.py:151} INFO - [2023-11-04T16:39:02.447+0000] {dagbag.py:536} INFO - Filling up the DagBag from /home/airflow/.local/lib/python3.8/site-packages/airflow/example_dags/example_task_group_decorator.py
[2023-11-04T16:39:02.474+0000] {processor.py:839} INFO - DAG(s) dict_keys(['example_task_group_decorator']) retrieved from /home/airflow/.local/lib/python3.8/site-packages/airflow/example_dags/example_task_group_decorator.py
[2023-11-04T16:39:02.518+0000] {logging_mixin.py:151} INFO - [2023-11-04T16:39:02.518+0000] {dag.py:2941} INFO - Sync 1 DAGs
[2023-11-04T16:39:02.556+0000] {logging_mixin.py:151} INFO - [2023-11-04T16:39:02.556+0000] {dag.py:3722} INFO - Setting next_dagrun for example_task_group_decorator to 2023-11-03T16:39:02.556310+00:00, run_after=2023-11-04T16:39:02.556310+00:00
[2023-11-04T16:39:02.589+0000] {processor.py:179} INFO - Processing /home/airflow/.local/lib/python3.8/site-packages/airflow/example_dags/example_task_group_decorator.py took 0.150 seconds
[2023-11-04T16:39:32.924+0000] {processor.py:157} INFO - Started process (PID=7594) to work on /home/airflow/.local/lib/python3.8/site-packages/airflow/example_dags/example_task_group_decorator.py
[2023-11-04T16:39:32.926+0000] {processor.py:829} INFO - Processing file /home/airflow/.local/lib/python3.8/site-packages/airflow/example_dags/example_task_group_decorator.py for tasks to queue
[2023-11-04T16:39:32.928+0000] {logging_mixin.py:151} INFO - [2023-11-04T16:39:32.927+0000] {dagbag.py:536} INFO - Filling up the DagBag from /home/airflow/.local/lib/python3.8/site-packages/airflow/example_dags/example_task_group_decorator.py
[2023-11-04T16:39:32.955+0000] {processor.py:839} INFO - DAG(s) dict_keys(['example_task_group_decorator']) retrieved from /home/airflow/.local/lib/python3.8/site-packages/airflow/example_dags/example_task_group_decorator.py
[2023-11-04T16:39:33.008+0000] {logging_mixin.py:151} INFO - [2023-11-04T16:39:33.008+0000] {dag.py:2941} INFO - Sync 1 DAGs
[2023-11-04T16:39:33.048+0000] {logging_mixin.py:151} INFO - [2023-11-04T16:39:33.048+0000] {dag.py:3722} INFO - Setting next_dagrun for example_task_group_decorator to 2023-11-03T16:39:33.047681+00:00, run_after=2023-11-04T16:39:33.047681+00:00
[2023-11-04T16:39:33.085+0000] {processor.py:179} INFO - Processing /home/airflow/.local/lib/python3.8/site-packages/airflow/example_dags/example_task_group_decorator.py took 0.165 seconds
[2023-11-04T16:40:03.149+0000] {processor.py:157} INFO - Started process (PID=7832) to work on /home/airflow/.local/lib/python3.8/site-packages/airflow/example_dags/example_task_group_decorator.py
[2023-11-04T16:40:03.150+0000] {processor.py:829} INFO - Processing file /home/airflow/.local/lib/python3.8/site-packages/airflow/example_dags/example_task_group_decorator.py for tasks to queue
[2023-11-04T16:40:03.152+0000] {logging_mixin.py:151} INFO - [2023-11-04T16:40:03.152+0000] {dagbag.py:536} INFO - Filling up the DagBag from /home/airflow/.local/lib/python3.8/site-packages/airflow/example_dags/example_task_group_decorator.py
[2023-11-04T16:40:03.177+0000] {processor.py:839} INFO - DAG(s) dict_keys(['example_task_group_decorator']) retrieved from /home/airflow/.local/lib/python3.8/site-packages/airflow/example_dags/example_task_group_decorator.py
[2023-11-04T16:40:03.217+0000] {logging_mixin.py:151} INFO - [2023-11-04T16:40:03.217+0000] {dag.py:2941} INFO - Sync 1 DAGs
[2023-11-04T16:40:03.251+0000] {logging_mixin.py:151} INFO - [2023-11-04T16:40:03.250+0000] {dag.py:3722} INFO - Setting next_dagrun for example_task_group_decorator to 2023-11-03T16:40:03.250414+00:00, run_after=2023-11-04T16:40:03.250414+00:00
[2023-11-04T16:40:03.280+0000] {processor.py:179} INFO - Processing /home/airflow/.local/lib/python3.8/site-packages/airflow/example_dags/example_task_group_decorator.py took 0.136 seconds
[2023-11-04T16:40:33.903+0000] {processor.py:157} INFO - Started process (PID=8070) to work on /home/airflow/.local/lib/python3.8/site-packages/airflow/example_dags/example_task_group_decorator.py
[2023-11-04T16:40:33.905+0000] {processor.py:829} INFO - Processing file /home/airflow/.local/lib/python3.8/site-packages/airflow/example_dags/example_task_group_decorator.py for tasks to queue
[2023-11-04T16:40:33.907+0000] {logging_mixin.py:151} INFO - [2023-11-04T16:40:33.906+0000] {dagbag.py:536} INFO - Filling up the DagBag from /home/airflow/.local/lib/python3.8/site-packages/airflow/example_dags/example_task_group_decorator.py
[2023-11-04T16:40:33.937+0000] {processor.py:839} INFO - DAG(s) dict_keys(['example_task_group_decorator']) retrieved from /home/airflow/.local/lib/python3.8/site-packages/airflow/example_dags/example_task_group_decorator.py
[2023-11-04T16:40:33.976+0000] {logging_mixin.py:151} INFO - [2023-11-04T16:40:33.975+0000] {dag.py:2941} INFO - Sync 1 DAGs
[2023-11-04T16:40:34.009+0000] {logging_mixin.py:151} INFO - [2023-11-04T16:40:34.008+0000] {dag.py:3722} INFO - Setting next_dagrun for example_task_group_decorator to 2023-11-03T16:40:34.008300+00:00, run_after=2023-11-04T16:40:34.008300+00:00
[2023-11-04T16:40:34.044+0000] {processor.py:179} INFO - Processing /home/airflow/.local/lib/python3.8/site-packages/airflow/example_dags/example_task_group_decorator.py took 0.147 seconds
[2023-11-04T16:41:04.342+0000] {processor.py:157} INFO - Started process (PID=8308) to work on /home/airflow/.local/lib/python3.8/site-packages/airflow/example_dags/example_task_group_decorator.py
[2023-11-04T16:41:04.344+0000] {processor.py:829} INFO - Processing file /home/airflow/.local/lib/python3.8/site-packages/airflow/example_dags/example_task_group_decorator.py for tasks to queue
[2023-11-04T16:41:04.345+0000] {logging_mixin.py:151} INFO - [2023-11-04T16:41:04.345+0000] {dagbag.py:536} INFO - Filling up the DagBag from /home/airflow/.local/lib/python3.8/site-packages/airflow/example_dags/example_task_group_decorator.py
[2023-11-04T16:41:04.370+0000] {processor.py:839} INFO - DAG(s) dict_keys(['example_task_group_decorator']) retrieved from /home/airflow/.local/lib/python3.8/site-packages/airflow/example_dags/example_task_group_decorator.py
[2023-11-04T16:41:04.420+0000] {logging_mixin.py:151} INFO - [2023-11-04T16:41:04.420+0000] {dag.py:2941} INFO - Sync 1 DAGs
[2023-11-04T16:41:04.458+0000] {logging_mixin.py:151} INFO - [2023-11-04T16:41:04.457+0000] {dag.py:3722} INFO - Setting next_dagrun for example_task_group_decorator to 2023-11-03T16:41:04.457566+00:00, run_after=2023-11-04T16:41:04.457566+00:00
[2023-11-04T16:41:04.499+0000] {processor.py:179} INFO - Processing /home/airflow/.local/lib/python3.8/site-packages/airflow/example_dags/example_task_group_decorator.py took 0.161 seconds
[2023-11-04T16:41:35.189+0000] {processor.py:157} INFO - Started process (PID=8546) to work on /home/airflow/.local/lib/python3.8/site-packages/airflow/example_dags/example_task_group_decorator.py
[2023-11-04T16:41:35.191+0000] {processor.py:829} INFO - Processing file /home/airflow/.local/lib/python3.8/site-packages/airflow/example_dags/example_task_group_decorator.py for tasks to queue
[2023-11-04T16:41:35.192+0000] {logging_mixin.py:151} INFO - [2023-11-04T16:41:35.192+0000] {dagbag.py:536} INFO - Filling up the DagBag from /home/airflow/.local/lib/python3.8/site-packages/airflow/example_dags/example_task_group_decorator.py
[2023-11-04T16:41:35.218+0000] {processor.py:839} INFO - DAG(s) dict_keys(['example_task_group_decorator']) retrieved from /home/airflow/.local/lib/python3.8/site-packages/airflow/example_dags/example_task_group_decorator.py
[2023-11-04T16:41:35.257+0000] {logging_mixin.py:151} INFO - [2023-11-04T16:41:35.257+0000] {dag.py:2941} INFO - Sync 1 DAGs
[2023-11-04T16:41:35.292+0000] {logging_mixin.py:151} INFO - [2023-11-04T16:41:35.291+0000] {dag.py:3722} INFO - Setting next_dagrun for example_task_group_decorator to 2023-11-03T16:41:35.291387+00:00, run_after=2023-11-04T16:41:35.291387+00:00
[2023-11-04T16:41:35.323+0000] {processor.py:179} INFO - Processing /home/airflow/.local/lib/python3.8/site-packages/airflow/example_dags/example_task_group_decorator.py took 0.139 seconds
[2023-11-04T16:42:05.489+0000] {processor.py:157} INFO - Started process (PID=8784) to work on /home/airflow/.local/lib/python3.8/site-packages/airflow/example_dags/example_task_group_decorator.py
[2023-11-04T16:42:05.491+0000] {processor.py:829} INFO - Processing file /home/airflow/.local/lib/python3.8/site-packages/airflow/example_dags/example_task_group_decorator.py for tasks to queue
[2023-11-04T16:42:05.493+0000] {logging_mixin.py:151} INFO - [2023-11-04T16:42:05.492+0000] {dagbag.py:536} INFO - Filling up the DagBag from /home/airflow/.local/lib/python3.8/site-packages/airflow/example_dags/example_task_group_decorator.py
[2023-11-04T16:42:05.520+0000] {processor.py:839} INFO - DAG(s) dict_keys(['example_task_group_decorator']) retrieved from /home/airflow/.local/lib/python3.8/site-packages/airflow/example_dags/example_task_group_decorator.py
[2023-11-04T16:42:05.567+0000] {logging_mixin.py:151} INFO - [2023-11-04T16:42:05.567+0000] {dag.py:2941} INFO - Sync 1 DAGs
[2023-11-04T16:42:05.607+0000] {logging_mixin.py:151} INFO - [2023-11-04T16:42:05.606+0000] {dag.py:3722} INFO - Setting next_dagrun for example_task_group_decorator to 2023-11-03T16:42:05.606342+00:00, run_after=2023-11-04T16:42:05.606342+00:00
[2023-11-04T16:42:05.640+0000] {processor.py:179} INFO - Processing /home/airflow/.local/lib/python3.8/site-packages/airflow/example_dags/example_task_group_decorator.py took 0.157 seconds
[2023-11-04T17:13:28.054+0000] {processor.py:157} INFO - Started process (PID=207) to work on /home/airflow/.local/lib/python3.8/site-packages/airflow/example_dags/example_task_group_decorator.py
[2023-11-04T17:13:28.056+0000] {processor.py:829} INFO - Processing file /home/airflow/.local/lib/python3.8/site-packages/airflow/example_dags/example_task_group_decorator.py for tasks to queue
[2023-11-04T17:13:28.058+0000] {logging_mixin.py:151} INFO - [2023-11-04T17:13:28.057+0000] {dagbag.py:536} INFO - Filling up the DagBag from /home/airflow/.local/lib/python3.8/site-packages/airflow/example_dags/example_task_group_decorator.py
[2023-11-04T17:13:28.097+0000] {processor.py:839} INFO - DAG(s) dict_keys(['example_task_group_decorator']) retrieved from /home/airflow/.local/lib/python3.8/site-packages/airflow/example_dags/example_task_group_decorator.py
[2023-11-04T17:13:28.150+0000] {logging_mixin.py:151} INFO - [2023-11-04T17:13:28.150+0000] {dag.py:2941} INFO - Sync 1 DAGs
[2023-11-04T17:13:28.188+0000] {logging_mixin.py:151} INFO - [2023-11-04T17:13:28.188+0000] {dag.py:3722} INFO - Setting next_dagrun for example_task_group_decorator to 2023-11-03T17:13:28.187737+00:00, run_after=2023-11-04T17:13:28.187737+00:00
[2023-11-04T17:13:28.221+0000] {processor.py:179} INFO - Processing /home/airflow/.local/lib/python3.8/site-packages/airflow/example_dags/example_task_group_decorator.py took 0.173 seconds
[2023-11-04T17:13:58.799+0000] {processor.py:157} INFO - Started process (PID=447) to work on /home/airflow/.local/lib/python3.8/site-packages/airflow/example_dags/example_task_group_decorator.py
[2023-11-04T17:13:58.803+0000] {processor.py:829} INFO - Processing file /home/airflow/.local/lib/python3.8/site-packages/airflow/example_dags/example_task_group_decorator.py for tasks to queue
[2023-11-04T17:13:58.805+0000] {logging_mixin.py:151} INFO - [2023-11-04T17:13:58.804+0000] {dagbag.py:536} INFO - Filling up the DagBag from /home/airflow/.local/lib/python3.8/site-packages/airflow/example_dags/example_task_group_decorator.py
[2023-11-04T17:13:58.832+0000] {processor.py:839} INFO - DAG(s) dict_keys(['example_task_group_decorator']) retrieved from /home/airflow/.local/lib/python3.8/site-packages/airflow/example_dags/example_task_group_decorator.py
[2023-11-04T17:13:58.858+0000] {logging_mixin.py:151} INFO - [2023-11-04T17:13:58.858+0000] {dag.py:2941} INFO - Sync 1 DAGs
[2023-11-04T17:13:58.897+0000] {logging_mixin.py:151} INFO - [2023-11-04T17:13:58.897+0000] {dag.py:3722} INFO - Setting next_dagrun for example_task_group_decorator to 2023-11-03T17:13:58.896468+00:00, run_after=2023-11-04T17:13:58.896468+00:00
[2023-11-04T17:13:58.930+0000] {processor.py:179} INFO - Processing /home/airflow/.local/lib/python3.8/site-packages/airflow/example_dags/example_task_group_decorator.py took 0.137 seconds
[2023-11-04T17:14:29.023+0000] {processor.py:157} INFO - Started process (PID=685) to work on /home/airflow/.local/lib/python3.8/site-packages/airflow/example_dags/example_task_group_decorator.py
[2023-11-04T17:14:29.024+0000] {processor.py:829} INFO - Processing file /home/airflow/.local/lib/python3.8/site-packages/airflow/example_dags/example_task_group_decorator.py for tasks to queue
[2023-11-04T17:14:29.025+0000] {logging_mixin.py:151} INFO - [2023-11-04T17:14:29.025+0000] {dagbag.py:536} INFO - Filling up the DagBag from /home/airflow/.local/lib/python3.8/site-packages/airflow/example_dags/example_task_group_decorator.py
[2023-11-04T17:14:29.049+0000] {processor.py:839} INFO - DAG(s) dict_keys(['example_task_group_decorator']) retrieved from /home/airflow/.local/lib/python3.8/site-packages/airflow/example_dags/example_task_group_decorator.py
[2023-11-04T17:14:29.068+0000] {logging_mixin.py:151} INFO - [2023-11-04T17:14:29.067+0000] {dag.py:2941} INFO - Sync 1 DAGs
[2023-11-04T17:14:29.102+0000] {logging_mixin.py:151} INFO - [2023-11-04T17:14:29.102+0000] {dag.py:3722} INFO - Setting next_dagrun for example_task_group_decorator to 2023-11-03T17:14:29.101953+00:00, run_after=2023-11-04T17:14:29.101953+00:00
[2023-11-04T17:14:29.132+0000] {processor.py:179} INFO - Processing /home/airflow/.local/lib/python3.8/site-packages/airflow/example_dags/example_task_group_decorator.py took 0.114 seconds
[2023-11-04T17:14:59.566+0000] {processor.py:157} INFO - Started process (PID=921) to work on /home/airflow/.local/lib/python3.8/site-packages/airflow/example_dags/example_task_group_decorator.py
[2023-11-04T17:14:59.568+0000] {processor.py:829} INFO - Processing file /home/airflow/.local/lib/python3.8/site-packages/airflow/example_dags/example_task_group_decorator.py for tasks to queue
[2023-11-04T17:14:59.569+0000] {logging_mixin.py:151} INFO - [2023-11-04T17:14:59.569+0000] {dagbag.py:536} INFO - Filling up the DagBag from /home/airflow/.local/lib/python3.8/site-packages/airflow/example_dags/example_task_group_decorator.py
[2023-11-04T17:14:59.598+0000] {processor.py:839} INFO - DAG(s) dict_keys(['example_task_group_decorator']) retrieved from /home/airflow/.local/lib/python3.8/site-packages/airflow/example_dags/example_task_group_decorator.py
[2023-11-04T17:14:59.637+0000] {logging_mixin.py:151} INFO - [2023-11-04T17:14:59.637+0000] {dag.py:2941} INFO - Sync 1 DAGs
[2023-11-04T17:14:59.674+0000] {logging_mixin.py:151} INFO - [2023-11-04T17:14:59.673+0000] {dag.py:3722} INFO - Setting next_dagrun for example_task_group_decorator to 2023-11-03T17:14:59.673430+00:00, run_after=2023-11-04T17:14:59.673430+00:00
[2023-11-04T17:14:59.704+0000] {processor.py:179} INFO - Processing /home/airflow/.local/lib/python3.8/site-packages/airflow/example_dags/example_task_group_decorator.py took 0.143 seconds
[2023-11-04T17:15:30.514+0000] {processor.py:157} INFO - Started process (PID=1159) to work on /home/airflow/.local/lib/python3.8/site-packages/airflow/example_dags/example_task_group_decorator.py
[2023-11-04T17:15:30.516+0000] {processor.py:829} INFO - Processing file /home/airflow/.local/lib/python3.8/site-packages/airflow/example_dags/example_task_group_decorator.py for tasks to queue
[2023-11-04T17:15:30.517+0000] {logging_mixin.py:151} INFO - [2023-11-04T17:15:30.517+0000] {dagbag.py:536} INFO - Filling up the DagBag from /home/airflow/.local/lib/python3.8/site-packages/airflow/example_dags/example_task_group_decorator.py
[2023-11-04T17:15:30.542+0000] {processor.py:839} INFO - DAG(s) dict_keys(['example_task_group_decorator']) retrieved from /home/airflow/.local/lib/python3.8/site-packages/airflow/example_dags/example_task_group_decorator.py
[2023-11-04T17:15:30.582+0000] {logging_mixin.py:151} INFO - [2023-11-04T17:15:30.582+0000] {dag.py:2941} INFO - Sync 1 DAGs
[2023-11-04T17:15:30.614+0000] {logging_mixin.py:151} INFO - [2023-11-04T17:15:30.614+0000] {dag.py:3722} INFO - Setting next_dagrun for example_task_group_decorator to 2023-11-03T17:15:30.614320+00:00, run_after=2023-11-04T17:15:30.614320+00:00
[2023-11-04T17:15:30.644+0000] {processor.py:179} INFO - Processing /home/airflow/.local/lib/python3.8/site-packages/airflow/example_dags/example_task_group_decorator.py took 0.134 seconds
[2023-11-04T17:16:01.052+0000] {processor.py:157} INFO - Started process (PID=1418) to work on /home/airflow/.local/lib/python3.8/site-packages/airflow/example_dags/example_task_group_decorator.py
[2023-11-04T17:16:01.054+0000] {processor.py:829} INFO - Processing file /home/airflow/.local/lib/python3.8/site-packages/airflow/example_dags/example_task_group_decorator.py for tasks to queue
[2023-11-04T17:16:01.056+0000] {logging_mixin.py:151} INFO - [2023-11-04T17:16:01.055+0000] {dagbag.py:536} INFO - Filling up the DagBag from /home/airflow/.local/lib/python3.8/site-packages/airflow/example_dags/example_task_group_decorator.py
[2023-11-04T17:16:01.088+0000] {processor.py:839} INFO - DAG(s) dict_keys(['example_task_group_decorator']) retrieved from /home/airflow/.local/lib/python3.8/site-packages/airflow/example_dags/example_task_group_decorator.py
[2023-11-04T17:16:01.133+0000] {logging_mixin.py:151} INFO - [2023-11-04T17:16:01.132+0000] {dag.py:2941} INFO - Sync 1 DAGs
[2023-11-04T17:16:01.173+0000] {logging_mixin.py:151} INFO - [2023-11-04T17:16:01.173+0000] {dag.py:3722} INFO - Setting next_dagrun for example_task_group_decorator to 2023-11-03T17:16:01.172379+00:00, run_after=2023-11-04T17:16:01.172379+00:00
[2023-11-04T17:16:01.211+0000] {processor.py:179} INFO - Processing /home/airflow/.local/lib/python3.8/site-packages/airflow/example_dags/example_task_group_decorator.py took 0.164 seconds
[2023-11-04T17:16:31.317+0000] {processor.py:157} INFO - Started process (PID=1662) to work on /home/airflow/.local/lib/python3.8/site-packages/airflow/example_dags/example_task_group_decorator.py
[2023-11-04T17:16:31.319+0000] {processor.py:829} INFO - Processing file /home/airflow/.local/lib/python3.8/site-packages/airflow/example_dags/example_task_group_decorator.py for tasks to queue
[2023-11-04T17:16:31.320+0000] {logging_mixin.py:151} INFO - [2023-11-04T17:16:31.320+0000] {dagbag.py:536} INFO - Filling up the DagBag from /home/airflow/.local/lib/python3.8/site-packages/airflow/example_dags/example_task_group_decorator.py
[2023-11-04T17:16:31.344+0000] {processor.py:839} INFO - DAG(s) dict_keys(['example_task_group_decorator']) retrieved from /home/airflow/.local/lib/python3.8/site-packages/airflow/example_dags/example_task_group_decorator.py
[2023-11-04T17:16:31.382+0000] {logging_mixin.py:151} INFO - [2023-11-04T17:16:31.382+0000] {dag.py:2941} INFO - Sync 1 DAGs
[2023-11-04T17:16:31.418+0000] {logging_mixin.py:151} INFO - [2023-11-04T17:16:31.418+0000] {dag.py:3722} INFO - Setting next_dagrun for example_task_group_decorator to 2023-11-03T17:16:31.417746+00:00, run_after=2023-11-04T17:16:31.417746+00:00
[2023-11-04T17:16:31.451+0000] {processor.py:179} INFO - Processing /home/airflow/.local/lib/python3.8/site-packages/airflow/example_dags/example_task_group_decorator.py took 0.138 seconds
[2023-11-04T17:17:01.923+0000] {processor.py:157} INFO - Started process (PID=1905) to work on /home/airflow/.local/lib/python3.8/site-packages/airflow/example_dags/example_task_group_decorator.py
[2023-11-04T17:17:01.925+0000] {processor.py:829} INFO - Processing file /home/airflow/.local/lib/python3.8/site-packages/airflow/example_dags/example_task_group_decorator.py for tasks to queue
[2023-11-04T17:17:01.926+0000] {logging_mixin.py:151} INFO - [2023-11-04T17:17:01.926+0000] {dagbag.py:536} INFO - Filling up the DagBag from /home/airflow/.local/lib/python3.8/site-packages/airflow/example_dags/example_task_group_decorator.py
[2023-11-04T17:17:01.950+0000] {processor.py:839} INFO - DAG(s) dict_keys(['example_task_group_decorator']) retrieved from /home/airflow/.local/lib/python3.8/site-packages/airflow/example_dags/example_task_group_decorator.py
[2023-11-04T17:17:01.990+0000] {logging_mixin.py:151} INFO - [2023-11-04T17:17:01.989+0000] {dag.py:2941} INFO - Sync 1 DAGs
[2023-11-04T17:17:02.023+0000] {logging_mixin.py:151} INFO - [2023-11-04T17:17:02.023+0000] {dag.py:3722} INFO - Setting next_dagrun for example_task_group_decorator to 2023-11-03T17:17:02.022826+00:00, run_after=2023-11-04T17:17:02.022826+00:00
[2023-11-04T17:17:02.060+0000] {processor.py:179} INFO - Processing /home/airflow/.local/lib/python3.8/site-packages/airflow/example_dags/example_task_group_decorator.py took 0.141 seconds
[2023-11-04T17:17:32.163+0000] {processor.py:157} INFO - Started process (PID=2143) to work on /home/airflow/.local/lib/python3.8/site-packages/airflow/example_dags/example_task_group_decorator.py
[2023-11-04T17:17:32.165+0000] {processor.py:829} INFO - Processing file /home/airflow/.local/lib/python3.8/site-packages/airflow/example_dags/example_task_group_decorator.py for tasks to queue
[2023-11-04T17:17:32.166+0000] {logging_mixin.py:151} INFO - [2023-11-04T17:17:32.166+0000] {dagbag.py:536} INFO - Filling up the DagBag from /home/airflow/.local/lib/python3.8/site-packages/airflow/example_dags/example_task_group_decorator.py
[2023-11-04T17:17:32.192+0000] {processor.py:839} INFO - DAG(s) dict_keys(['example_task_group_decorator']) retrieved from /home/airflow/.local/lib/python3.8/site-packages/airflow/example_dags/example_task_group_decorator.py
[2023-11-04T17:17:32.231+0000] {logging_mixin.py:151} INFO - [2023-11-04T17:17:32.230+0000] {dag.py:2941} INFO - Sync 1 DAGs
[2023-11-04T17:17:32.264+0000] {logging_mixin.py:151} INFO - [2023-11-04T17:17:32.263+0000] {dag.py:3722} INFO - Setting next_dagrun for example_task_group_decorator to 2023-11-03T17:17:32.263506+00:00, run_after=2023-11-04T17:17:32.263506+00:00
[2023-11-04T17:17:32.292+0000] {processor.py:179} INFO - Processing /home/airflow/.local/lib/python3.8/site-packages/airflow/example_dags/example_task_group_decorator.py took 0.134 seconds
[2023-11-04T17:18:02.386+0000] {processor.py:157} INFO - Started process (PID=2381) to work on /home/airflow/.local/lib/python3.8/site-packages/airflow/example_dags/example_task_group_decorator.py
[2023-11-04T17:18:02.388+0000] {processor.py:829} INFO - Processing file /home/airflow/.local/lib/python3.8/site-packages/airflow/example_dags/example_task_group_decorator.py for tasks to queue
[2023-11-04T17:18:02.389+0000] {logging_mixin.py:151} INFO - [2023-11-04T17:18:02.389+0000] {dagbag.py:536} INFO - Filling up the DagBag from /home/airflow/.local/lib/python3.8/site-packages/airflow/example_dags/example_task_group_decorator.py
[2023-11-04T17:18:02.412+0000] {processor.py:839} INFO - DAG(s) dict_keys(['example_task_group_decorator']) retrieved from /home/airflow/.local/lib/python3.8/site-packages/airflow/example_dags/example_task_group_decorator.py
[2023-11-04T17:18:02.452+0000] {logging_mixin.py:151} INFO - [2023-11-04T17:18:02.452+0000] {dag.py:2941} INFO - Sync 1 DAGs
[2023-11-04T17:18:02.489+0000] {logging_mixin.py:151} INFO - [2023-11-04T17:18:02.488+0000] {dag.py:3722} INFO - Setting next_dagrun for example_task_group_decorator to 2023-11-03T17:18:02.488402+00:00, run_after=2023-11-04T17:18:02.488402+00:00
[2023-11-04T17:18:02.517+0000] {processor.py:179} INFO - Processing /home/airflow/.local/lib/python3.8/site-packages/airflow/example_dags/example_task_group_decorator.py took 0.136 seconds
[2023-11-04T17:18:33.298+0000] {processor.py:157} INFO - Started process (PID=2617) to work on /home/airflow/.local/lib/python3.8/site-packages/airflow/example_dags/example_task_group_decorator.py
[2023-11-04T17:18:33.300+0000] {processor.py:829} INFO - Processing file /home/airflow/.local/lib/python3.8/site-packages/airflow/example_dags/example_task_group_decorator.py for tasks to queue
[2023-11-04T17:18:33.302+0000] {logging_mixin.py:151} INFO - [2023-11-04T17:18:33.301+0000] {dagbag.py:536} INFO - Filling up the DagBag from /home/airflow/.local/lib/python3.8/site-packages/airflow/example_dags/example_task_group_decorator.py
[2023-11-04T17:18:33.325+0000] {processor.py:839} INFO - DAG(s) dict_keys(['example_task_group_decorator']) retrieved from /home/airflow/.local/lib/python3.8/site-packages/airflow/example_dags/example_task_group_decorator.py
[2023-11-04T17:18:33.363+0000] {logging_mixin.py:151} INFO - [2023-11-04T17:18:33.363+0000] {dag.py:2941} INFO - Sync 1 DAGs
[2023-11-04T17:18:33.398+0000] {logging_mixin.py:151} INFO - [2023-11-04T17:18:33.398+0000] {dag.py:3722} INFO - Setting next_dagrun for example_task_group_decorator to 2023-11-03T17:18:33.397707+00:00, run_after=2023-11-04T17:18:33.397707+00:00
[2023-11-04T17:18:33.428+0000] {processor.py:179} INFO - Processing /home/airflow/.local/lib/python3.8/site-packages/airflow/example_dags/example_task_group_decorator.py took 0.134 seconds
[2023-11-04T17:19:04.356+0000] {processor.py:157} INFO - Started process (PID=2850) to work on /home/airflow/.local/lib/python3.8/site-packages/airflow/example_dags/example_task_group_decorator.py
[2023-11-04T17:19:04.359+0000] {processor.py:829} INFO - Processing file /home/airflow/.local/lib/python3.8/site-packages/airflow/example_dags/example_task_group_decorator.py for tasks to queue
[2023-11-04T17:19:04.361+0000] {logging_mixin.py:151} INFO - [2023-11-04T17:19:04.361+0000] {dagbag.py:536} INFO - Filling up the DagBag from /home/airflow/.local/lib/python3.8/site-packages/airflow/example_dags/example_task_group_decorator.py
[2023-11-04T17:19:04.387+0000] {processor.py:839} INFO - DAG(s) dict_keys(['example_task_group_decorator']) retrieved from /home/airflow/.local/lib/python3.8/site-packages/airflow/example_dags/example_task_group_decorator.py
[2023-11-04T17:19:04.426+0000] {logging_mixin.py:151} INFO - [2023-11-04T17:19:04.426+0000] {dag.py:2941} INFO - Sync 1 DAGs
[2023-11-04T17:19:04.466+0000] {logging_mixin.py:151} INFO - [2023-11-04T17:19:04.466+0000] {dag.py:3722} INFO - Setting next_dagrun for example_task_group_decorator to 2023-11-03T17:19:04.465687+00:00, run_after=2023-11-04T17:19:04.465687+00:00
[2023-11-04T17:19:04.496+0000] {processor.py:179} INFO - Processing /home/airflow/.local/lib/python3.8/site-packages/airflow/example_dags/example_task_group_decorator.py took 0.146 seconds
[2023-11-04T17:19:34.897+0000] {processor.py:157} INFO - Started process (PID=3088) to work on /home/airflow/.local/lib/python3.8/site-packages/airflow/example_dags/example_task_group_decorator.py
[2023-11-04T17:19:34.899+0000] {processor.py:829} INFO - Processing file /home/airflow/.local/lib/python3.8/site-packages/airflow/example_dags/example_task_group_decorator.py for tasks to queue
[2023-11-04T17:19:34.901+0000] {logging_mixin.py:151} INFO - [2023-11-04T17:19:34.900+0000] {dagbag.py:536} INFO - Filling up the DagBag from /home/airflow/.local/lib/python3.8/site-packages/airflow/example_dags/example_task_group_decorator.py
[2023-11-04T17:19:34.927+0000] {processor.py:839} INFO - DAG(s) dict_keys(['example_task_group_decorator']) retrieved from /home/airflow/.local/lib/python3.8/site-packages/airflow/example_dags/example_task_group_decorator.py
[2023-11-04T17:19:34.970+0000] {logging_mixin.py:151} INFO - [2023-11-04T17:19:34.969+0000] {dag.py:2941} INFO - Sync 1 DAGs
[2023-11-04T17:19:35.004+0000] {logging_mixin.py:151} INFO - [2023-11-04T17:19:35.004+0000] {dag.py:3722} INFO - Setting next_dagrun for example_task_group_decorator to 2023-11-03T17:19:35.004078+00:00, run_after=2023-11-04T17:19:35.004078+00:00
[2023-11-04T17:19:35.037+0000] {processor.py:179} INFO - Processing /home/airflow/.local/lib/python3.8/site-packages/airflow/example_dags/example_task_group_decorator.py took 0.145 seconds
[2023-11-04T17:20:05.496+0000] {processor.py:157} INFO - Started process (PID=3326) to work on /home/airflow/.local/lib/python3.8/site-packages/airflow/example_dags/example_task_group_decorator.py
[2023-11-04T17:20:05.498+0000] {processor.py:829} INFO - Processing file /home/airflow/.local/lib/python3.8/site-packages/airflow/example_dags/example_task_group_decorator.py for tasks to queue
[2023-11-04T17:20:05.499+0000] {logging_mixin.py:151} INFO - [2023-11-04T17:20:05.499+0000] {dagbag.py:536} INFO - Filling up the DagBag from /home/airflow/.local/lib/python3.8/site-packages/airflow/example_dags/example_task_group_decorator.py
[2023-11-04T17:20:05.524+0000] {processor.py:839} INFO - DAG(s) dict_keys(['example_task_group_decorator']) retrieved from /home/airflow/.local/lib/python3.8/site-packages/airflow/example_dags/example_task_group_decorator.py
[2023-11-04T17:20:05.562+0000] {logging_mixin.py:151} INFO - [2023-11-04T17:20:05.562+0000] {dag.py:2941} INFO - Sync 1 DAGs
[2023-11-04T17:20:05.595+0000] {logging_mixin.py:151} INFO - [2023-11-04T17:20:05.595+0000] {dag.py:3722} INFO - Setting next_dagrun for example_task_group_decorator to 2023-11-03T17:20:05.594927+00:00, run_after=2023-11-04T17:20:05.594927+00:00
[2023-11-04T17:20:05.628+0000] {processor.py:179} INFO - Processing /home/airflow/.local/lib/python3.8/site-packages/airflow/example_dags/example_task_group_decorator.py took 0.136 seconds
[2023-11-04T17:20:35.870+0000] {processor.py:157} INFO - Started process (PID=3571) to work on /home/airflow/.local/lib/python3.8/site-packages/airflow/example_dags/example_task_group_decorator.py
[2023-11-04T17:20:35.871+0000] {processor.py:829} INFO - Processing file /home/airflow/.local/lib/python3.8/site-packages/airflow/example_dags/example_task_group_decorator.py for tasks to queue
[2023-11-04T17:20:35.873+0000] {logging_mixin.py:151} INFO - [2023-11-04T17:20:35.873+0000] {dagbag.py:536} INFO - Filling up the DagBag from /home/airflow/.local/lib/python3.8/site-packages/airflow/example_dags/example_task_group_decorator.py
[2023-11-04T17:20:35.897+0000] {processor.py:839} INFO - DAG(s) dict_keys(['example_task_group_decorator']) retrieved from /home/airflow/.local/lib/python3.8/site-packages/airflow/example_dags/example_task_group_decorator.py
[2023-11-04T17:20:35.945+0000] {logging_mixin.py:151} INFO - [2023-11-04T17:20:35.944+0000] {dag.py:2941} INFO - Sync 1 DAGs
[2023-11-04T17:20:35.984+0000] {logging_mixin.py:151} INFO - [2023-11-04T17:20:35.984+0000] {dag.py:3722} INFO - Setting next_dagrun for example_task_group_decorator to 2023-11-03T17:20:35.984168+00:00, run_after=2023-11-04T17:20:35.984168+00:00
[2023-11-04T17:20:36.012+0000] {processor.py:179} INFO - Processing /home/airflow/.local/lib/python3.8/site-packages/airflow/example_dags/example_task_group_decorator.py took 0.147 seconds
[2023-11-04T17:21:06.773+0000] {processor.py:157} INFO - Started process (PID=3809) to work on /home/airflow/.local/lib/python3.8/site-packages/airflow/example_dags/example_task_group_decorator.py
[2023-11-04T17:21:06.775+0000] {processor.py:829} INFO - Processing file /home/airflow/.local/lib/python3.8/site-packages/airflow/example_dags/example_task_group_decorator.py for tasks to queue
[2023-11-04T17:21:06.776+0000] {logging_mixin.py:151} INFO - [2023-11-04T17:21:06.776+0000] {dagbag.py:536} INFO - Filling up the DagBag from /home/airflow/.local/lib/python3.8/site-packages/airflow/example_dags/example_task_group_decorator.py
[2023-11-04T17:21:06.801+0000] {processor.py:839} INFO - DAG(s) dict_keys(['example_task_group_decorator']) retrieved from /home/airflow/.local/lib/python3.8/site-packages/airflow/example_dags/example_task_group_decorator.py
[2023-11-04T17:21:06.841+0000] {logging_mixin.py:151} INFO - [2023-11-04T17:21:06.840+0000] {dag.py:2941} INFO - Sync 1 DAGs
[2023-11-04T17:21:06.873+0000] {logging_mixin.py:151} INFO - [2023-11-04T17:21:06.873+0000] {dag.py:3722} INFO - Setting next_dagrun for example_task_group_decorator to 2023-11-03T17:21:06.872876+00:00, run_after=2023-11-04T17:21:06.872876+00:00
[2023-11-04T17:21:06.903+0000] {processor.py:179} INFO - Processing /home/airflow/.local/lib/python3.8/site-packages/airflow/example_dags/example_task_group_decorator.py took 0.134 seconds
[2023-11-04T17:21:37.704+0000] {processor.py:157} INFO - Started process (PID=4081) to work on /home/airflow/.local/lib/python3.8/site-packages/airflow/example_dags/example_task_group_decorator.py
[2023-11-04T17:21:37.707+0000] {processor.py:829} INFO - Processing file /home/airflow/.local/lib/python3.8/site-packages/airflow/example_dags/example_task_group_decorator.py for tasks to queue
[2023-11-04T17:21:37.711+0000] {logging_mixin.py:151} INFO - [2023-11-04T17:21:37.711+0000] {dagbag.py:536} INFO - Filling up the DagBag from /home/airflow/.local/lib/python3.8/site-packages/airflow/example_dags/example_task_group_decorator.py
[2023-11-04T17:21:37.757+0000] {processor.py:839} INFO - DAG(s) dict_keys(['example_task_group_decorator']) retrieved from /home/airflow/.local/lib/python3.8/site-packages/airflow/example_dags/example_task_group_decorator.py
[2023-11-04T17:21:37.815+0000] {logging_mixin.py:151} INFO - [2023-11-04T17:21:37.815+0000] {dag.py:2941} INFO - Sync 1 DAGs
[2023-11-04T17:21:37.866+0000] {logging_mixin.py:151} INFO - [2023-11-04T17:21:37.866+0000] {dag.py:3722} INFO - Setting next_dagrun for example_task_group_decorator to 2023-11-03T17:21:37.866056+00:00, run_after=2023-11-04T17:21:37.866056+00:00
[2023-11-04T17:21:37.905+0000] {processor.py:179} INFO - Processing /home/airflow/.local/lib/python3.8/site-packages/airflow/example_dags/example_task_group_decorator.py took 0.209 seconds
[2023-11-04T17:22:08.040+0000] {processor.py:157} INFO - Started process (PID=4335) to work on /home/airflow/.local/lib/python3.8/site-packages/airflow/example_dags/example_task_group_decorator.py
[2023-11-04T17:22:08.041+0000] {processor.py:829} INFO - Processing file /home/airflow/.local/lib/python3.8/site-packages/airflow/example_dags/example_task_group_decorator.py for tasks to queue
[2023-11-04T17:22:08.043+0000] {logging_mixin.py:151} INFO - [2023-11-04T17:22:08.043+0000] {dagbag.py:536} INFO - Filling up the DagBag from /home/airflow/.local/lib/python3.8/site-packages/airflow/example_dags/example_task_group_decorator.py
[2023-11-04T17:22:08.074+0000] {processor.py:839} INFO - DAG(s) dict_keys(['example_task_group_decorator']) retrieved from /home/airflow/.local/lib/python3.8/site-packages/airflow/example_dags/example_task_group_decorator.py
[2023-11-04T17:22:08.131+0000] {logging_mixin.py:151} INFO - [2023-11-04T17:22:08.131+0000] {dag.py:2941} INFO - Sync 1 DAGs
[2023-11-04T17:22:08.171+0000] {logging_mixin.py:151} INFO - [2023-11-04T17:22:08.171+0000] {dag.py:3722} INFO - Setting next_dagrun for example_task_group_decorator to 2023-11-03T17:22:08.171213+00:00, run_after=2023-11-04T17:22:08.171213+00:00
[2023-11-04T17:22:08.213+0000] {processor.py:179} INFO - Processing /home/airflow/.local/lib/python3.8/site-packages/airflow/example_dags/example_task_group_decorator.py took 0.180 seconds
[2023-11-04T17:22:38.500+0000] {processor.py:157} INFO - Started process (PID=4571) to work on /home/airflow/.local/lib/python3.8/site-packages/airflow/example_dags/example_task_group_decorator.py
[2023-11-04T17:22:38.501+0000] {processor.py:829} INFO - Processing file /home/airflow/.local/lib/python3.8/site-packages/airflow/example_dags/example_task_group_decorator.py for tasks to queue
[2023-11-04T17:22:38.504+0000] {logging_mixin.py:151} INFO - [2023-11-04T17:22:38.503+0000] {dagbag.py:536} INFO - Filling up the DagBag from /home/airflow/.local/lib/python3.8/site-packages/airflow/example_dags/example_task_group_decorator.py
[2023-11-04T17:22:38.550+0000] {processor.py:839} INFO - DAG(s) dict_keys(['example_task_group_decorator']) retrieved from /home/airflow/.local/lib/python3.8/site-packages/airflow/example_dags/example_task_group_decorator.py
[2023-11-04T17:22:38.614+0000] {logging_mixin.py:151} INFO - [2023-11-04T17:22:38.614+0000] {dag.py:2941} INFO - Sync 1 DAGs
[2023-11-04T17:22:38.660+0000] {logging_mixin.py:151} INFO - [2023-11-04T17:22:38.660+0000] {dag.py:3722} INFO - Setting next_dagrun for example_task_group_decorator to 2023-11-03T17:22:38.660356+00:00, run_after=2023-11-04T17:22:38.660356+00:00
[2023-11-04T17:22:38.706+0000] {processor.py:179} INFO - Processing /home/airflow/.local/lib/python3.8/site-packages/airflow/example_dags/example_task_group_decorator.py took 0.214 seconds
