[2023-11-04T16:23:46.188+0000] {processor.py:157} INFO - Started process (PID=268) to work on /home/airflow/.local/lib/python3.8/site-packages/airflow/example_dags/example_short_circuit_decorator.py
[2023-11-04T16:23:46.190+0000] {processor.py:829} INFO - Processing file /home/airflow/.local/lib/python3.8/site-packages/airflow/example_dags/example_short_circuit_decorator.py for tasks to queue
[2023-11-04T16:23:46.194+0000] {logging_mixin.py:151} INFO - [2023-11-04T16:23:46.193+0000] {dagbag.py:536} INFO - Filling up the DagBag from /home/airflow/.local/lib/python3.8/site-packages/airflow/example_dags/example_short_circuit_decorator.py
[2023-11-04T16:23:46.213+0000] {processor.py:839} INFO - DAG(s) dict_keys(['example_short_circuit_decorator']) retrieved from /home/airflow/.local/lib/python3.8/site-packages/airflow/example_dags/example_short_circuit_decorator.py
[2023-11-04T16:23:46.238+0000] {logging_mixin.py:151} INFO - [2023-11-04T16:23:46.238+0000] {dag.py:2941} INFO - Sync 1 DAGs
[2023-11-04T16:23:46.288+0000] {logging_mixin.py:151} INFO - [2023-11-04T16:23:46.288+0000] {dag.py:3722} INFO - Setting next_dagrun for example_short_circuit_decorator to 2023-11-03T16:23:46.286959+00:00, run_after=2023-11-04T16:23:46.286959+00:00
[2023-11-04T16:23:46.324+0000] {processor.py:179} INFO - Processing /home/airflow/.local/lib/python3.8/site-packages/airflow/example_dags/example_short_circuit_decorator.py took 0.142 seconds
[2023-11-04T16:24:16.776+0000] {processor.py:157} INFO - Started process (PID=506) to work on /home/airflow/.local/lib/python3.8/site-packages/airflow/example_dags/example_short_circuit_decorator.py
[2023-11-04T16:24:16.778+0000] {processor.py:829} INFO - Processing file /home/airflow/.local/lib/python3.8/site-packages/airflow/example_dags/example_short_circuit_decorator.py for tasks to queue
[2023-11-04T16:24:16.780+0000] {logging_mixin.py:151} INFO - [2023-11-04T16:24:16.779+0000] {dagbag.py:536} INFO - Filling up the DagBag from /home/airflow/.local/lib/python3.8/site-packages/airflow/example_dags/example_short_circuit_decorator.py
[2023-11-04T16:24:16.796+0000] {processor.py:839} INFO - DAG(s) dict_keys(['example_short_circuit_decorator']) retrieved from /home/airflow/.local/lib/python3.8/site-packages/airflow/example_dags/example_short_circuit_decorator.py
[2023-11-04T16:24:16.834+0000] {logging_mixin.py:151} INFO - [2023-11-04T16:24:16.834+0000] {dag.py:2941} INFO - Sync 1 DAGs
[2023-11-04T16:24:16.868+0000] {logging_mixin.py:151} INFO - [2023-11-04T16:24:16.868+0000] {dag.py:3722} INFO - Setting next_dagrun for example_short_circuit_decorator to 2023-11-03T16:24:16.868086+00:00, run_after=2023-11-04T16:24:16.868086+00:00
[2023-11-04T16:24:16.898+0000] {processor.py:179} INFO - Processing /home/airflow/.local/lib/python3.8/site-packages/airflow/example_dags/example_short_circuit_decorator.py took 0.127 seconds
[2023-11-04T16:24:47.344+0000] {processor.py:157} INFO - Started process (PID=744) to work on /home/airflow/.local/lib/python3.8/site-packages/airflow/example_dags/example_short_circuit_decorator.py
[2023-11-04T16:24:47.345+0000] {processor.py:829} INFO - Processing file /home/airflow/.local/lib/python3.8/site-packages/airflow/example_dags/example_short_circuit_decorator.py for tasks to queue
[2023-11-04T16:24:47.347+0000] {logging_mixin.py:151} INFO - [2023-11-04T16:24:47.346+0000] {dagbag.py:536} INFO - Filling up the DagBag from /home/airflow/.local/lib/python3.8/site-packages/airflow/example_dags/example_short_circuit_decorator.py
[2023-11-04T16:24:47.363+0000] {processor.py:839} INFO - DAG(s) dict_keys(['example_short_circuit_decorator']) retrieved from /home/airflow/.local/lib/python3.8/site-packages/airflow/example_dags/example_short_circuit_decorator.py
[2023-11-04T16:24:47.400+0000] {logging_mixin.py:151} INFO - [2023-11-04T16:24:47.400+0000] {dag.py:2941} INFO - Sync 1 DAGs
[2023-11-04T16:24:47.434+0000] {logging_mixin.py:151} INFO - [2023-11-04T16:24:47.434+0000] {dag.py:3722} INFO - Setting next_dagrun for example_short_circuit_decorator to 2023-11-03T16:24:47.434088+00:00, run_after=2023-11-04T16:24:47.434088+00:00
[2023-11-04T16:24:47.466+0000] {processor.py:179} INFO - Processing /home/airflow/.local/lib/python3.8/site-packages/airflow/example_dags/example_short_circuit_decorator.py took 0.128 seconds
[2023-11-04T16:25:17.532+0000] {processor.py:157} INFO - Started process (PID=982) to work on /home/airflow/.local/lib/python3.8/site-packages/airflow/example_dags/example_short_circuit_decorator.py
[2023-11-04T16:25:17.533+0000] {processor.py:829} INFO - Processing file /home/airflow/.local/lib/python3.8/site-packages/airflow/example_dags/example_short_circuit_decorator.py for tasks to queue
[2023-11-04T16:25:17.535+0000] {logging_mixin.py:151} INFO - [2023-11-04T16:25:17.534+0000] {dagbag.py:536} INFO - Filling up the DagBag from /home/airflow/.local/lib/python3.8/site-packages/airflow/example_dags/example_short_circuit_decorator.py
[2023-11-04T16:25:17.551+0000] {processor.py:839} INFO - DAG(s) dict_keys(['example_short_circuit_decorator']) retrieved from /home/airflow/.local/lib/python3.8/site-packages/airflow/example_dags/example_short_circuit_decorator.py
[2023-11-04T16:25:17.588+0000] {logging_mixin.py:151} INFO - [2023-11-04T16:25:17.588+0000] {dag.py:2941} INFO - Sync 1 DAGs
[2023-11-04T16:25:17.621+0000] {logging_mixin.py:151} INFO - [2023-11-04T16:25:17.621+0000] {dag.py:3722} INFO - Setting next_dagrun for example_short_circuit_decorator to 2023-11-03T16:25:17.620925+00:00, run_after=2023-11-04T16:25:17.620925+00:00
[2023-11-04T16:25:17.649+0000] {processor.py:179} INFO - Processing /home/airflow/.local/lib/python3.8/site-packages/airflow/example_dags/example_short_circuit_decorator.py took 0.123 seconds
[2023-11-04T16:25:47.863+0000] {processor.py:157} INFO - Started process (PID=1220) to work on /home/airflow/.local/lib/python3.8/site-packages/airflow/example_dags/example_short_circuit_decorator.py
[2023-11-04T16:25:47.864+0000] {processor.py:829} INFO - Processing file /home/airflow/.local/lib/python3.8/site-packages/airflow/example_dags/example_short_circuit_decorator.py for tasks to queue
[2023-11-04T16:25:47.866+0000] {logging_mixin.py:151} INFO - [2023-11-04T16:25:47.866+0000] {dagbag.py:536} INFO - Filling up the DagBag from /home/airflow/.local/lib/python3.8/site-packages/airflow/example_dags/example_short_circuit_decorator.py
[2023-11-04T16:25:47.882+0000] {processor.py:839} INFO - DAG(s) dict_keys(['example_short_circuit_decorator']) retrieved from /home/airflow/.local/lib/python3.8/site-packages/airflow/example_dags/example_short_circuit_decorator.py
[2023-11-04T16:25:47.923+0000] {logging_mixin.py:151} INFO - [2023-11-04T16:25:47.922+0000] {dag.py:2941} INFO - Sync 1 DAGs
[2023-11-04T16:25:47.958+0000] {logging_mixin.py:151} INFO - [2023-11-04T16:25:47.957+0000] {dag.py:3722} INFO - Setting next_dagrun for example_short_circuit_decorator to 2023-11-03T16:25:47.957449+00:00, run_after=2023-11-04T16:25:47.957449+00:00
[2023-11-04T16:25:47.987+0000] {processor.py:179} INFO - Processing /home/airflow/.local/lib/python3.8/site-packages/airflow/example_dags/example_short_circuit_decorator.py took 0.129 seconds
[2023-11-04T16:26:18.399+0000] {processor.py:157} INFO - Started process (PID=1458) to work on /home/airflow/.local/lib/python3.8/site-packages/airflow/example_dags/example_short_circuit_decorator.py
[2023-11-04T16:26:18.401+0000] {processor.py:829} INFO - Processing file /home/airflow/.local/lib/python3.8/site-packages/airflow/example_dags/example_short_circuit_decorator.py for tasks to queue
[2023-11-04T16:26:18.402+0000] {logging_mixin.py:151} INFO - [2023-11-04T16:26:18.402+0000] {dagbag.py:536} INFO - Filling up the DagBag from /home/airflow/.local/lib/python3.8/site-packages/airflow/example_dags/example_short_circuit_decorator.py
[2023-11-04T16:26:18.419+0000] {processor.py:839} INFO - DAG(s) dict_keys(['example_short_circuit_decorator']) retrieved from /home/airflow/.local/lib/python3.8/site-packages/airflow/example_dags/example_short_circuit_decorator.py
[2023-11-04T16:26:18.440+0000] {logging_mixin.py:151} INFO - [2023-11-04T16:26:18.440+0000] {dag.py:2941} INFO - Sync 1 DAGs
[2023-11-04T16:26:18.476+0000] {logging_mixin.py:151} INFO - [2023-11-04T16:26:18.476+0000] {dag.py:3722} INFO - Setting next_dagrun for example_short_circuit_decorator to 2023-11-03T16:26:18.476315+00:00, run_after=2023-11-04T16:26:18.476315+00:00
[2023-11-04T16:26:18.508+0000] {processor.py:179} INFO - Processing /home/airflow/.local/lib/python3.8/site-packages/airflow/example_dags/example_short_circuit_decorator.py took 0.114 seconds
[2023-11-04T16:26:48.926+0000] {processor.py:157} INFO - Started process (PID=1696) to work on /home/airflow/.local/lib/python3.8/site-packages/airflow/example_dags/example_short_circuit_decorator.py
[2023-11-04T16:26:48.928+0000] {processor.py:829} INFO - Processing file /home/airflow/.local/lib/python3.8/site-packages/airflow/example_dags/example_short_circuit_decorator.py for tasks to queue
[2023-11-04T16:26:48.929+0000] {logging_mixin.py:151} INFO - [2023-11-04T16:26:48.929+0000] {dagbag.py:536} INFO - Filling up the DagBag from /home/airflow/.local/lib/python3.8/site-packages/airflow/example_dags/example_short_circuit_decorator.py
[2023-11-04T16:26:48.945+0000] {processor.py:839} INFO - DAG(s) dict_keys(['example_short_circuit_decorator']) retrieved from /home/airflow/.local/lib/python3.8/site-packages/airflow/example_dags/example_short_circuit_decorator.py
[2023-11-04T16:26:48.982+0000] {logging_mixin.py:151} INFO - [2023-11-04T16:26:48.981+0000] {dag.py:2941} INFO - Sync 1 DAGs
[2023-11-04T16:26:49.017+0000] {logging_mixin.py:151} INFO - [2023-11-04T16:26:49.016+0000] {dag.py:3722} INFO - Setting next_dagrun for example_short_circuit_decorator to 2023-11-03T16:26:49.016521+00:00, run_after=2023-11-04T16:26:49.016521+00:00
[2023-11-04T16:26:49.046+0000] {processor.py:179} INFO - Processing /home/airflow/.local/lib/python3.8/site-packages/airflow/example_dags/example_short_circuit_decorator.py took 0.125 seconds
[2023-11-04T16:27:19.759+0000] {processor.py:157} INFO - Started process (PID=1934) to work on /home/airflow/.local/lib/python3.8/site-packages/airflow/example_dags/example_short_circuit_decorator.py
[2023-11-04T16:27:19.761+0000] {processor.py:829} INFO - Processing file /home/airflow/.local/lib/python3.8/site-packages/airflow/example_dags/example_short_circuit_decorator.py for tasks to queue
[2023-11-04T16:27:19.763+0000] {logging_mixin.py:151} INFO - [2023-11-04T16:27:19.762+0000] {dagbag.py:536} INFO - Filling up the DagBag from /home/airflow/.local/lib/python3.8/site-packages/airflow/example_dags/example_short_circuit_decorator.py
[2023-11-04T16:27:19.780+0000] {processor.py:839} INFO - DAG(s) dict_keys(['example_short_circuit_decorator']) retrieved from /home/airflow/.local/lib/python3.8/site-packages/airflow/example_dags/example_short_circuit_decorator.py
[2023-11-04T16:27:19.824+0000] {logging_mixin.py:151} INFO - [2023-11-04T16:27:19.823+0000] {dag.py:2941} INFO - Sync 1 DAGs
[2023-11-04T16:27:19.860+0000] {logging_mixin.py:151} INFO - [2023-11-04T16:27:19.860+0000] {dag.py:3722} INFO - Setting next_dagrun for example_short_circuit_decorator to 2023-11-03T16:27:19.859651+00:00, run_after=2023-11-04T16:27:19.859651+00:00
[2023-11-04T16:27:19.893+0000] {processor.py:179} INFO - Processing /home/airflow/.local/lib/python3.8/site-packages/airflow/example_dags/example_short_circuit_decorator.py took 0.139 seconds
[2023-11-04T16:27:50.896+0000] {processor.py:157} INFO - Started process (PID=2175) to work on /home/airflow/.local/lib/python3.8/site-packages/airflow/example_dags/example_short_circuit_decorator.py
[2023-11-04T16:27:50.900+0000] {processor.py:829} INFO - Processing file /home/airflow/.local/lib/python3.8/site-packages/airflow/example_dags/example_short_circuit_decorator.py for tasks to queue
[2023-11-04T16:27:50.902+0000] {logging_mixin.py:151} INFO - [2023-11-04T16:27:50.902+0000] {dagbag.py:536} INFO - Filling up the DagBag from /home/airflow/.local/lib/python3.8/site-packages/airflow/example_dags/example_short_circuit_decorator.py
[2023-11-04T16:27:50.933+0000] {processor.py:839} INFO - DAG(s) dict_keys(['example_short_circuit_decorator']) retrieved from /home/airflow/.local/lib/python3.8/site-packages/airflow/example_dags/example_short_circuit_decorator.py
[2023-11-04T16:27:50.961+0000] {logging_mixin.py:151} INFO - [2023-11-04T16:27:50.961+0000] {dag.py:2941} INFO - Sync 1 DAGs
[2023-11-04T16:27:51.032+0000] {logging_mixin.py:151} INFO - [2023-11-04T16:27:51.031+0000] {dag.py:3722} INFO - Setting next_dagrun for example_short_circuit_decorator to 2023-11-03T16:27:51.030575+00:00, run_after=2023-11-04T16:27:51.030575+00:00
[2023-11-04T16:27:51.106+0000] {processor.py:179} INFO - Processing /home/airflow/.local/lib/python3.8/site-packages/airflow/example_dags/example_short_circuit_decorator.py took 0.220 seconds
[2023-11-04T16:28:22.067+0000] {processor.py:157} INFO - Started process (PID=2413) to work on /home/airflow/.local/lib/python3.8/site-packages/airflow/example_dags/example_short_circuit_decorator.py
[2023-11-04T16:28:22.068+0000] {processor.py:829} INFO - Processing file /home/airflow/.local/lib/python3.8/site-packages/airflow/example_dags/example_short_circuit_decorator.py for tasks to queue
[2023-11-04T16:28:22.070+0000] {logging_mixin.py:151} INFO - [2023-11-04T16:28:22.069+0000] {dagbag.py:536} INFO - Filling up the DagBag from /home/airflow/.local/lib/python3.8/site-packages/airflow/example_dags/example_short_circuit_decorator.py
[2023-11-04T16:28:22.085+0000] {processor.py:839} INFO - DAG(s) dict_keys(['example_short_circuit_decorator']) retrieved from /home/airflow/.local/lib/python3.8/site-packages/airflow/example_dags/example_short_circuit_decorator.py
[2023-11-04T16:28:22.122+0000] {logging_mixin.py:151} INFO - [2023-11-04T16:28:22.122+0000] {dag.py:2941} INFO - Sync 1 DAGs
[2023-11-04T16:28:22.156+0000] {logging_mixin.py:151} INFO - [2023-11-04T16:28:22.156+0000] {dag.py:3722} INFO - Setting next_dagrun for example_short_circuit_decorator to 2023-11-03T16:28:22.156128+00:00, run_after=2023-11-04T16:28:22.156128+00:00
[2023-11-04T16:28:22.190+0000] {processor.py:179} INFO - Processing /home/airflow/.local/lib/python3.8/site-packages/airflow/example_dags/example_short_circuit_decorator.py took 0.129 seconds
[2023-11-04T16:28:52.396+0000] {processor.py:157} INFO - Started process (PID=2651) to work on /home/airflow/.local/lib/python3.8/site-packages/airflow/example_dags/example_short_circuit_decorator.py
[2023-11-04T16:28:52.398+0000] {processor.py:829} INFO - Processing file /home/airflow/.local/lib/python3.8/site-packages/airflow/example_dags/example_short_circuit_decorator.py for tasks to queue
[2023-11-04T16:28:52.399+0000] {logging_mixin.py:151} INFO - [2023-11-04T16:28:52.399+0000] {dagbag.py:536} INFO - Filling up the DagBag from /home/airflow/.local/lib/python3.8/site-packages/airflow/example_dags/example_short_circuit_decorator.py
[2023-11-04T16:28:52.416+0000] {processor.py:839} INFO - DAG(s) dict_keys(['example_short_circuit_decorator']) retrieved from /home/airflow/.local/lib/python3.8/site-packages/airflow/example_dags/example_short_circuit_decorator.py
[2023-11-04T16:28:52.454+0000] {logging_mixin.py:151} INFO - [2023-11-04T16:28:52.454+0000] {dag.py:2941} INFO - Sync 1 DAGs
[2023-11-04T16:28:52.487+0000] {logging_mixin.py:151} INFO - [2023-11-04T16:28:52.487+0000] {dag.py:3722} INFO - Setting next_dagrun for example_short_circuit_decorator to 2023-11-03T16:28:52.486807+00:00, run_after=2023-11-04T16:28:52.486807+00:00
[2023-11-04T16:28:52.517+0000] {processor.py:179} INFO - Processing /home/airflow/.local/lib/python3.8/site-packages/airflow/example_dags/example_short_circuit_decorator.py took 0.126 seconds
[2023-11-04T16:29:23.187+0000] {processor.py:157} INFO - Started process (PID=2889) to work on /home/airflow/.local/lib/python3.8/site-packages/airflow/example_dags/example_short_circuit_decorator.py
[2023-11-04T16:29:23.188+0000] {processor.py:829} INFO - Processing file /home/airflow/.local/lib/python3.8/site-packages/airflow/example_dags/example_short_circuit_decorator.py for tasks to queue
[2023-11-04T16:29:23.190+0000] {logging_mixin.py:151} INFO - [2023-11-04T16:29:23.190+0000] {dagbag.py:536} INFO - Filling up the DagBag from /home/airflow/.local/lib/python3.8/site-packages/airflow/example_dags/example_short_circuit_decorator.py
[2023-11-04T16:29:23.206+0000] {processor.py:839} INFO - DAG(s) dict_keys(['example_short_circuit_decorator']) retrieved from /home/airflow/.local/lib/python3.8/site-packages/airflow/example_dags/example_short_circuit_decorator.py
[2023-11-04T16:29:23.243+0000] {logging_mixin.py:151} INFO - [2023-11-04T16:29:23.243+0000] {dag.py:2941} INFO - Sync 1 DAGs
[2023-11-04T16:29:23.280+0000] {logging_mixin.py:151} INFO - [2023-11-04T16:29:23.280+0000] {dag.py:3722} INFO - Setting next_dagrun for example_short_circuit_decorator to 2023-11-03T16:29:23.279586+00:00, run_after=2023-11-04T16:29:23.279586+00:00
[2023-11-04T16:29:23.313+0000] {processor.py:179} INFO - Processing /home/airflow/.local/lib/python3.8/site-packages/airflow/example_dags/example_short_circuit_decorator.py took 0.131 seconds
[2023-11-04T16:29:53.460+0000] {processor.py:157} INFO - Started process (PID=3127) to work on /home/airflow/.local/lib/python3.8/site-packages/airflow/example_dags/example_short_circuit_decorator.py
[2023-11-04T16:29:53.462+0000] {processor.py:829} INFO - Processing file /home/airflow/.local/lib/python3.8/site-packages/airflow/example_dags/example_short_circuit_decorator.py for tasks to queue
[2023-11-04T16:29:53.463+0000] {logging_mixin.py:151} INFO - [2023-11-04T16:29:53.463+0000] {dagbag.py:536} INFO - Filling up the DagBag from /home/airflow/.local/lib/python3.8/site-packages/airflow/example_dags/example_short_circuit_decorator.py
[2023-11-04T16:29:53.479+0000] {processor.py:839} INFO - DAG(s) dict_keys(['example_short_circuit_decorator']) retrieved from /home/airflow/.local/lib/python3.8/site-packages/airflow/example_dags/example_short_circuit_decorator.py
[2023-11-04T16:29:53.498+0000] {logging_mixin.py:151} INFO - [2023-11-04T16:29:53.497+0000] {dag.py:2941} INFO - Sync 1 DAGs
[2023-11-04T16:29:53.537+0000] {logging_mixin.py:151} INFO - [2023-11-04T16:29:53.537+0000] {dag.py:3722} INFO - Setting next_dagrun for example_short_circuit_decorator to 2023-11-03T16:29:53.536757+00:00, run_after=2023-11-04T16:29:53.536757+00:00
[2023-11-04T16:29:53.580+0000] {processor.py:179} INFO - Processing /home/airflow/.local/lib/python3.8/site-packages/airflow/example_dags/example_short_circuit_decorator.py took 0.125 seconds
[2023-11-04T16:30:24.028+0000] {processor.py:157} INFO - Started process (PID=3365) to work on /home/airflow/.local/lib/python3.8/site-packages/airflow/example_dags/example_short_circuit_decorator.py
[2023-11-04T16:30:24.029+0000] {processor.py:829} INFO - Processing file /home/airflow/.local/lib/python3.8/site-packages/airflow/example_dags/example_short_circuit_decorator.py for tasks to queue
[2023-11-04T16:30:24.031+0000] {logging_mixin.py:151} INFO - [2023-11-04T16:30:24.030+0000] {dagbag.py:536} INFO - Filling up the DagBag from /home/airflow/.local/lib/python3.8/site-packages/airflow/example_dags/example_short_circuit_decorator.py
[2023-11-04T16:30:24.047+0000] {processor.py:839} INFO - DAG(s) dict_keys(['example_short_circuit_decorator']) retrieved from /home/airflow/.local/lib/python3.8/site-packages/airflow/example_dags/example_short_circuit_decorator.py
[2023-11-04T16:30:24.084+0000] {logging_mixin.py:151} INFO - [2023-11-04T16:30:24.084+0000] {dag.py:2941} INFO - Sync 1 DAGs
[2023-11-04T16:30:24.125+0000] {logging_mixin.py:151} INFO - [2023-11-04T16:30:24.125+0000] {dag.py:3722} INFO - Setting next_dagrun for example_short_circuit_decorator to 2023-11-03T16:30:24.125180+00:00, run_after=2023-11-04T16:30:24.125180+00:00
[2023-11-04T16:30:24.157+0000] {processor.py:179} INFO - Processing /home/airflow/.local/lib/python3.8/site-packages/airflow/example_dags/example_short_circuit_decorator.py took 0.134 seconds
[2023-11-04T16:30:55.542+0000] {processor.py:157} INFO - Started process (PID=3601) to work on /home/airflow/.local/lib/python3.8/site-packages/airflow/example_dags/example_short_circuit_decorator.py
[2023-11-04T16:30:55.544+0000] {processor.py:829} INFO - Processing file /home/airflow/.local/lib/python3.8/site-packages/airflow/example_dags/example_short_circuit_decorator.py for tasks to queue
[2023-11-04T16:30:55.545+0000] {logging_mixin.py:151} INFO - [2023-11-04T16:30:55.545+0000] {dagbag.py:536} INFO - Filling up the DagBag from /home/airflow/.local/lib/python3.8/site-packages/airflow/example_dags/example_short_circuit_decorator.py
[2023-11-04T16:30:55.576+0000] {processor.py:839} INFO - DAG(s) dict_keys(['example_short_circuit_decorator']) retrieved from /home/airflow/.local/lib/python3.8/site-packages/airflow/example_dags/example_short_circuit_decorator.py
[2023-11-04T16:30:55.655+0000] {logging_mixin.py:151} INFO - [2023-11-04T16:30:55.654+0000] {dag.py:2941} INFO - Sync 1 DAGs
[2023-11-04T16:30:55.703+0000] {logging_mixin.py:151} INFO - [2023-11-04T16:30:55.703+0000] {dag.py:3722} INFO - Setting next_dagrun for example_short_circuit_decorator to 2023-11-03T16:30:55.702650+00:00, run_after=2023-11-04T16:30:55.702650+00:00
[2023-11-04T16:30:55.755+0000] {processor.py:179} INFO - Processing /home/airflow/.local/lib/python3.8/site-packages/airflow/example_dags/example_short_circuit_decorator.py took 0.225 seconds
[2023-11-04T16:31:26.186+0000] {processor.py:157} INFO - Started process (PID=3839) to work on /home/airflow/.local/lib/python3.8/site-packages/airflow/example_dags/example_short_circuit_decorator.py
[2023-11-04T16:31:26.188+0000] {processor.py:829} INFO - Processing file /home/airflow/.local/lib/python3.8/site-packages/airflow/example_dags/example_short_circuit_decorator.py for tasks to queue
[2023-11-04T16:31:26.191+0000] {logging_mixin.py:151} INFO - [2023-11-04T16:31:26.189+0000] {dagbag.py:536} INFO - Filling up the DagBag from /home/airflow/.local/lib/python3.8/site-packages/airflow/example_dags/example_short_circuit_decorator.py
[2023-11-04T16:31:26.210+0000] {processor.py:839} INFO - DAG(s) dict_keys(['example_short_circuit_decorator']) retrieved from /home/airflow/.local/lib/python3.8/site-packages/airflow/example_dags/example_short_circuit_decorator.py
[2023-11-04T16:31:26.238+0000] {logging_mixin.py:151} INFO - [2023-11-04T16:31:26.238+0000] {dag.py:2941} INFO - Sync 1 DAGs
[2023-11-04T16:31:26.278+0000] {logging_mixin.py:151} INFO - [2023-11-04T16:31:26.278+0000] {dag.py:3722} INFO - Setting next_dagrun for example_short_circuit_decorator to 2023-11-03T16:31:26.278068+00:00, run_after=2023-11-04T16:31:26.278068+00:00
[2023-11-04T16:31:26.321+0000] {processor.py:179} INFO - Processing /home/airflow/.local/lib/python3.8/site-packages/airflow/example_dags/example_short_circuit_decorator.py took 0.140 seconds
[2023-11-04T16:31:57.291+0000] {processor.py:157} INFO - Started process (PID=4077) to work on /home/airflow/.local/lib/python3.8/site-packages/airflow/example_dags/example_short_circuit_decorator.py
[2023-11-04T16:31:57.293+0000] {processor.py:829} INFO - Processing file /home/airflow/.local/lib/python3.8/site-packages/airflow/example_dags/example_short_circuit_decorator.py for tasks to queue
[2023-11-04T16:31:57.295+0000] {logging_mixin.py:151} INFO - [2023-11-04T16:31:57.295+0000] {dagbag.py:536} INFO - Filling up the DagBag from /home/airflow/.local/lib/python3.8/site-packages/airflow/example_dags/example_short_circuit_decorator.py
[2023-11-04T16:31:57.312+0000] {processor.py:839} INFO - DAG(s) dict_keys(['example_short_circuit_decorator']) retrieved from /home/airflow/.local/lib/python3.8/site-packages/airflow/example_dags/example_short_circuit_decorator.py
[2023-11-04T16:31:57.357+0000] {logging_mixin.py:151} INFO - [2023-11-04T16:31:57.356+0000] {dag.py:2941} INFO - Sync 1 DAGs
[2023-11-04T16:31:57.397+0000] {logging_mixin.py:151} INFO - [2023-11-04T16:31:57.396+0000] {dag.py:3722} INFO - Setting next_dagrun for example_short_circuit_decorator to 2023-11-03T16:31:57.396606+00:00, run_after=2023-11-04T16:31:57.396606+00:00
[2023-11-04T16:31:57.431+0000] {processor.py:179} INFO - Processing /home/airflow/.local/lib/python3.8/site-packages/airflow/example_dags/example_short_circuit_decorator.py took 0.146 seconds
[2023-11-04T16:32:27.902+0000] {processor.py:157} INFO - Started process (PID=4315) to work on /home/airflow/.local/lib/python3.8/site-packages/airflow/example_dags/example_short_circuit_decorator.py
[2023-11-04T16:32:27.904+0000] {processor.py:829} INFO - Processing file /home/airflow/.local/lib/python3.8/site-packages/airflow/example_dags/example_short_circuit_decorator.py for tasks to queue
[2023-11-04T16:32:27.905+0000] {logging_mixin.py:151} INFO - [2023-11-04T16:32:27.905+0000] {dagbag.py:536} INFO - Filling up the DagBag from /home/airflow/.local/lib/python3.8/site-packages/airflow/example_dags/example_short_circuit_decorator.py
[2023-11-04T16:32:27.921+0000] {processor.py:839} INFO - DAG(s) dict_keys(['example_short_circuit_decorator']) retrieved from /home/airflow/.local/lib/python3.8/site-packages/airflow/example_dags/example_short_circuit_decorator.py
[2023-11-04T16:32:27.960+0000] {logging_mixin.py:151} INFO - [2023-11-04T16:32:27.959+0000] {dag.py:2941} INFO - Sync 1 DAGs
[2023-11-04T16:32:27.997+0000] {logging_mixin.py:151} INFO - [2023-11-04T16:32:27.996+0000] {dag.py:3722} INFO - Setting next_dagrun for example_short_circuit_decorator to 2023-11-03T16:32:27.996380+00:00, run_after=2023-11-04T16:32:27.996380+00:00
[2023-11-04T16:32:28.026+0000] {processor.py:179} INFO - Processing /home/airflow/.local/lib/python3.8/site-packages/airflow/example_dags/example_short_circuit_decorator.py took 0.129 seconds
[2023-11-04T16:32:58.220+0000] {processor.py:157} INFO - Started process (PID=4553) to work on /home/airflow/.local/lib/python3.8/site-packages/airflow/example_dags/example_short_circuit_decorator.py
[2023-11-04T16:32:58.222+0000] {processor.py:829} INFO - Processing file /home/airflow/.local/lib/python3.8/site-packages/airflow/example_dags/example_short_circuit_decorator.py for tasks to queue
[2023-11-04T16:32:58.223+0000] {logging_mixin.py:151} INFO - [2023-11-04T16:32:58.223+0000] {dagbag.py:536} INFO - Filling up the DagBag from /home/airflow/.local/lib/python3.8/site-packages/airflow/example_dags/example_short_circuit_decorator.py
[2023-11-04T16:32:58.239+0000] {processor.py:839} INFO - DAG(s) dict_keys(['example_short_circuit_decorator']) retrieved from /home/airflow/.local/lib/python3.8/site-packages/airflow/example_dags/example_short_circuit_decorator.py
[2023-11-04T16:32:58.285+0000] {logging_mixin.py:151} INFO - [2023-11-04T16:32:58.284+0000] {dag.py:2941} INFO - Sync 1 DAGs
[2023-11-04T16:32:58.323+0000] {logging_mixin.py:151} INFO - [2023-11-04T16:32:58.323+0000] {dag.py:3722} INFO - Setting next_dagrun for example_short_circuit_decorator to 2023-11-03T16:32:58.322597+00:00, run_after=2023-11-04T16:32:58.322597+00:00
[2023-11-04T16:32:58.354+0000] {processor.py:179} INFO - Processing /home/airflow/.local/lib/python3.8/site-packages/airflow/example_dags/example_short_circuit_decorator.py took 0.140 seconds
[2023-11-04T16:33:28.468+0000] {processor.py:157} INFO - Started process (PID=4791) to work on /home/airflow/.local/lib/python3.8/site-packages/airflow/example_dags/example_short_circuit_decorator.py
[2023-11-04T16:33:28.469+0000] {processor.py:829} INFO - Processing file /home/airflow/.local/lib/python3.8/site-packages/airflow/example_dags/example_short_circuit_decorator.py for tasks to queue
[2023-11-04T16:33:28.471+0000] {logging_mixin.py:151} INFO - [2023-11-04T16:33:28.471+0000] {dagbag.py:536} INFO - Filling up the DagBag from /home/airflow/.local/lib/python3.8/site-packages/airflow/example_dags/example_short_circuit_decorator.py
[2023-11-04T16:33:28.488+0000] {processor.py:839} INFO - DAG(s) dict_keys(['example_short_circuit_decorator']) retrieved from /home/airflow/.local/lib/python3.8/site-packages/airflow/example_dags/example_short_circuit_decorator.py
[2023-11-04T16:33:28.525+0000] {logging_mixin.py:151} INFO - [2023-11-04T16:33:28.525+0000] {dag.py:2941} INFO - Sync 1 DAGs
[2023-11-04T16:33:28.561+0000] {logging_mixin.py:151} INFO - [2023-11-04T16:33:28.561+0000] {dag.py:3722} INFO - Setting next_dagrun for example_short_circuit_decorator to 2023-11-03T16:33:28.561076+00:00, run_after=2023-11-04T16:33:28.561076+00:00
[2023-11-04T16:33:28.597+0000] {processor.py:179} INFO - Processing /home/airflow/.local/lib/python3.8/site-packages/airflow/example_dags/example_short_circuit_decorator.py took 0.136 seconds
[2023-11-04T16:33:59.578+0000] {processor.py:157} INFO - Started process (PID=5036) to work on /home/airflow/.local/lib/python3.8/site-packages/airflow/example_dags/example_short_circuit_decorator.py
[2023-11-04T16:33:59.579+0000] {processor.py:829} INFO - Processing file /home/airflow/.local/lib/python3.8/site-packages/airflow/example_dags/example_short_circuit_decorator.py for tasks to queue
[2023-11-04T16:33:59.581+0000] {logging_mixin.py:151} INFO - [2023-11-04T16:33:59.581+0000] {dagbag.py:536} INFO - Filling up the DagBag from /home/airflow/.local/lib/python3.8/site-packages/airflow/example_dags/example_short_circuit_decorator.py
[2023-11-04T16:33:59.598+0000] {processor.py:839} INFO - DAG(s) dict_keys(['example_short_circuit_decorator']) retrieved from /home/airflow/.local/lib/python3.8/site-packages/airflow/example_dags/example_short_circuit_decorator.py
[2023-11-04T16:33:59.637+0000] {logging_mixin.py:151} INFO - [2023-11-04T16:33:59.637+0000] {dag.py:2941} INFO - Sync 1 DAGs
[2023-11-04T16:33:59.672+0000] {logging_mixin.py:151} INFO - [2023-11-04T16:33:59.671+0000] {dag.py:3722} INFO - Setting next_dagrun for example_short_circuit_decorator to 2023-11-03T16:33:59.671598+00:00, run_after=2023-11-04T16:33:59.671598+00:00
[2023-11-04T16:33:59.701+0000] {processor.py:179} INFO - Processing /home/airflow/.local/lib/python3.8/site-packages/airflow/example_dags/example_short_circuit_decorator.py took 0.130 seconds
[2023-11-04T16:34:30.021+0000] {processor.py:157} INFO - Started process (PID=5274) to work on /home/airflow/.local/lib/python3.8/site-packages/airflow/example_dags/example_short_circuit_decorator.py
[2023-11-04T16:34:30.022+0000] {processor.py:829} INFO - Processing file /home/airflow/.local/lib/python3.8/site-packages/airflow/example_dags/example_short_circuit_decorator.py for tasks to queue
[2023-11-04T16:34:30.024+0000] {logging_mixin.py:151} INFO - [2023-11-04T16:34:30.024+0000] {dagbag.py:536} INFO - Filling up the DagBag from /home/airflow/.local/lib/python3.8/site-packages/airflow/example_dags/example_short_circuit_decorator.py
[2023-11-04T16:34:30.041+0000] {processor.py:839} INFO - DAG(s) dict_keys(['example_short_circuit_decorator']) retrieved from /home/airflow/.local/lib/python3.8/site-packages/airflow/example_dags/example_short_circuit_decorator.py
[2023-11-04T16:34:30.081+0000] {logging_mixin.py:151} INFO - [2023-11-04T16:34:30.080+0000] {dag.py:2941} INFO - Sync 1 DAGs
[2023-11-04T16:34:30.116+0000] {logging_mixin.py:151} INFO - [2023-11-04T16:34:30.116+0000] {dag.py:3722} INFO - Setting next_dagrun for example_short_circuit_decorator to 2023-11-03T16:34:30.115900+00:00, run_after=2023-11-04T16:34:30.115900+00:00
[2023-11-04T16:34:30.146+0000] {processor.py:179} INFO - Processing /home/airflow/.local/lib/python3.8/site-packages/airflow/example_dags/example_short_circuit_decorator.py took 0.130 seconds
[2023-11-04T16:35:00.944+0000] {processor.py:157} INFO - Started process (PID=5512) to work on /home/airflow/.local/lib/python3.8/site-packages/airflow/example_dags/example_short_circuit_decorator.py
[2023-11-04T16:35:00.946+0000] {processor.py:829} INFO - Processing file /home/airflow/.local/lib/python3.8/site-packages/airflow/example_dags/example_short_circuit_decorator.py for tasks to queue
[2023-11-04T16:35:00.947+0000] {logging_mixin.py:151} INFO - [2023-11-04T16:35:00.947+0000] {dagbag.py:536} INFO - Filling up the DagBag from /home/airflow/.local/lib/python3.8/site-packages/airflow/example_dags/example_short_circuit_decorator.py
[2023-11-04T16:35:00.965+0000] {processor.py:839} INFO - DAG(s) dict_keys(['example_short_circuit_decorator']) retrieved from /home/airflow/.local/lib/python3.8/site-packages/airflow/example_dags/example_short_circuit_decorator.py
[2023-11-04T16:35:01.002+0000] {logging_mixin.py:151} INFO - [2023-11-04T16:35:01.002+0000] {dag.py:2941} INFO - Sync 1 DAGs
[2023-11-04T16:35:01.038+0000] {logging_mixin.py:151} INFO - [2023-11-04T16:35:01.037+0000] {dag.py:3722} INFO - Setting next_dagrun for example_short_circuit_decorator to 2023-11-03T16:35:01.037518+00:00, run_after=2023-11-04T16:35:01.037518+00:00
[2023-11-04T16:35:01.069+0000] {processor.py:179} INFO - Processing /home/airflow/.local/lib/python3.8/site-packages/airflow/example_dags/example_short_circuit_decorator.py took 0.130 seconds
[2023-11-04T16:35:31.848+0000] {processor.py:157} INFO - Started process (PID=5750) to work on /home/airflow/.local/lib/python3.8/site-packages/airflow/example_dags/example_short_circuit_decorator.py
[2023-11-04T16:35:31.849+0000] {processor.py:829} INFO - Processing file /home/airflow/.local/lib/python3.8/site-packages/airflow/example_dags/example_short_circuit_decorator.py for tasks to queue
[2023-11-04T16:35:31.851+0000] {logging_mixin.py:151} INFO - [2023-11-04T16:35:31.851+0000] {dagbag.py:536} INFO - Filling up the DagBag from /home/airflow/.local/lib/python3.8/site-packages/airflow/example_dags/example_short_circuit_decorator.py
[2023-11-04T16:35:31.868+0000] {processor.py:839} INFO - DAG(s) dict_keys(['example_short_circuit_decorator']) retrieved from /home/airflow/.local/lib/python3.8/site-packages/airflow/example_dags/example_short_circuit_decorator.py
[2023-11-04T16:35:31.908+0000] {logging_mixin.py:151} INFO - [2023-11-04T16:35:31.908+0000] {dag.py:2941} INFO - Sync 1 DAGs
[2023-11-04T16:35:31.945+0000] {logging_mixin.py:151} INFO - [2023-11-04T16:35:31.945+0000] {dag.py:3722} INFO - Setting next_dagrun for example_short_circuit_decorator to 2023-11-03T16:35:31.944550+00:00, run_after=2023-11-04T16:35:31.944550+00:00
[2023-11-04T16:35:31.977+0000] {processor.py:179} INFO - Processing /home/airflow/.local/lib/python3.8/site-packages/airflow/example_dags/example_short_circuit_decorator.py took 0.135 seconds
[2023-11-04T16:36:02.339+0000] {processor.py:157} INFO - Started process (PID=5988) to work on /home/airflow/.local/lib/python3.8/site-packages/airflow/example_dags/example_short_circuit_decorator.py
[2023-11-04T16:36:02.341+0000] {processor.py:829} INFO - Processing file /home/airflow/.local/lib/python3.8/site-packages/airflow/example_dags/example_short_circuit_decorator.py for tasks to queue
[2023-11-04T16:36:02.343+0000] {logging_mixin.py:151} INFO - [2023-11-04T16:36:02.343+0000] {dagbag.py:536} INFO - Filling up the DagBag from /home/airflow/.local/lib/python3.8/site-packages/airflow/example_dags/example_short_circuit_decorator.py
[2023-11-04T16:36:02.364+0000] {processor.py:839} INFO - DAG(s) dict_keys(['example_short_circuit_decorator']) retrieved from /home/airflow/.local/lib/python3.8/site-packages/airflow/example_dags/example_short_circuit_decorator.py
[2023-11-04T16:36:02.412+0000] {logging_mixin.py:151} INFO - [2023-11-04T16:36:02.412+0000] {dag.py:2941} INFO - Sync 1 DAGs
[2023-11-04T16:36:02.448+0000] {logging_mixin.py:151} INFO - [2023-11-04T16:36:02.448+0000] {dag.py:3722} INFO - Setting next_dagrun for example_short_circuit_decorator to 2023-11-03T16:36:02.448233+00:00, run_after=2023-11-04T16:36:02.448233+00:00
[2023-11-04T16:36:02.482+0000] {processor.py:179} INFO - Processing /home/airflow/.local/lib/python3.8/site-packages/airflow/example_dags/example_short_circuit_decorator.py took 0.148 seconds
[2023-11-04T16:36:32.571+0000] {processor.py:157} INFO - Started process (PID=6226) to work on /home/airflow/.local/lib/python3.8/site-packages/airflow/example_dags/example_short_circuit_decorator.py
[2023-11-04T16:36:32.572+0000] {processor.py:829} INFO - Processing file /home/airflow/.local/lib/python3.8/site-packages/airflow/example_dags/example_short_circuit_decorator.py for tasks to queue
[2023-11-04T16:36:32.574+0000] {logging_mixin.py:151} INFO - [2023-11-04T16:36:32.573+0000] {dagbag.py:536} INFO - Filling up the DagBag from /home/airflow/.local/lib/python3.8/site-packages/airflow/example_dags/example_short_circuit_decorator.py
[2023-11-04T16:36:32.591+0000] {processor.py:839} INFO - DAG(s) dict_keys(['example_short_circuit_decorator']) retrieved from /home/airflow/.local/lib/python3.8/site-packages/airflow/example_dags/example_short_circuit_decorator.py
[2023-11-04T16:36:32.628+0000] {logging_mixin.py:151} INFO - [2023-11-04T16:36:32.628+0000] {dag.py:2941} INFO - Sync 1 DAGs
[2023-11-04T16:36:32.663+0000] {logging_mixin.py:151} INFO - [2023-11-04T16:36:32.663+0000] {dag.py:3722} INFO - Setting next_dagrun for example_short_circuit_decorator to 2023-11-03T16:36:32.662898+00:00, run_after=2023-11-04T16:36:32.662898+00:00
[2023-11-04T16:36:32.691+0000] {processor.py:179} INFO - Processing /home/airflow/.local/lib/python3.8/site-packages/airflow/example_dags/example_short_circuit_decorator.py took 0.125 seconds
[2023-11-04T16:37:02.969+0000] {processor.py:157} INFO - Started process (PID=6464) to work on /home/airflow/.local/lib/python3.8/site-packages/airflow/example_dags/example_short_circuit_decorator.py
[2023-11-04T16:37:02.971+0000] {processor.py:829} INFO - Processing file /home/airflow/.local/lib/python3.8/site-packages/airflow/example_dags/example_short_circuit_decorator.py for tasks to queue
[2023-11-04T16:37:02.973+0000] {logging_mixin.py:151} INFO - [2023-11-04T16:37:02.972+0000] {dagbag.py:536} INFO - Filling up the DagBag from /home/airflow/.local/lib/python3.8/site-packages/airflow/example_dags/example_short_circuit_decorator.py
[2023-11-04T16:37:03.005+0000] {processor.py:839} INFO - DAG(s) dict_keys(['example_short_circuit_decorator']) retrieved from /home/airflow/.local/lib/python3.8/site-packages/airflow/example_dags/example_short_circuit_decorator.py
[2023-11-04T16:37:03.094+0000] {logging_mixin.py:151} INFO - [2023-11-04T16:37:03.093+0000] {dag.py:2941} INFO - Sync 1 DAGs
[2023-11-04T16:37:03.233+0000] {logging_mixin.py:151} INFO - [2023-11-04T16:37:03.233+0000] {dag.py:3722} INFO - Setting next_dagrun for example_short_circuit_decorator to 2023-11-03T16:37:03.232386+00:00, run_after=2023-11-04T16:37:03.232386+00:00
[2023-11-04T16:37:03.316+0000] {processor.py:179} INFO - Processing /home/airflow/.local/lib/python3.8/site-packages/airflow/example_dags/example_short_circuit_decorator.py took 0.354 seconds
[2023-11-04T16:37:34.052+0000] {processor.py:157} INFO - Started process (PID=6702) to work on /home/airflow/.local/lib/python3.8/site-packages/airflow/example_dags/example_short_circuit_decorator.py
[2023-11-04T16:37:34.054+0000] {processor.py:829} INFO - Processing file /home/airflow/.local/lib/python3.8/site-packages/airflow/example_dags/example_short_circuit_decorator.py for tasks to queue
[2023-11-04T16:37:34.055+0000] {logging_mixin.py:151} INFO - [2023-11-04T16:37:34.055+0000] {dagbag.py:536} INFO - Filling up the DagBag from /home/airflow/.local/lib/python3.8/site-packages/airflow/example_dags/example_short_circuit_decorator.py
[2023-11-04T16:37:34.070+0000] {processor.py:839} INFO - DAG(s) dict_keys(['example_short_circuit_decorator']) retrieved from /home/airflow/.local/lib/python3.8/site-packages/airflow/example_dags/example_short_circuit_decorator.py
[2023-11-04T16:37:34.108+0000] {logging_mixin.py:151} INFO - [2023-11-04T16:37:34.108+0000] {dag.py:2941} INFO - Sync 1 DAGs
[2023-11-04T16:37:34.142+0000] {logging_mixin.py:151} INFO - [2023-11-04T16:37:34.142+0000] {dag.py:3722} INFO - Setting next_dagrun for example_short_circuit_decorator to 2023-11-03T16:37:34.142126+00:00, run_after=2023-11-04T16:37:34.142126+00:00
[2023-11-04T16:37:34.169+0000] {processor.py:179} INFO - Processing /home/airflow/.local/lib/python3.8/site-packages/airflow/example_dags/example_short_circuit_decorator.py took 0.122 seconds
[2023-11-04T16:38:04.577+0000] {processor.py:157} INFO - Started process (PID=6940) to work on /home/airflow/.local/lib/python3.8/site-packages/airflow/example_dags/example_short_circuit_decorator.py
[2023-11-04T16:38:04.579+0000] {processor.py:829} INFO - Processing file /home/airflow/.local/lib/python3.8/site-packages/airflow/example_dags/example_short_circuit_decorator.py for tasks to queue
[2023-11-04T16:38:04.581+0000] {logging_mixin.py:151} INFO - [2023-11-04T16:38:04.581+0000] {dagbag.py:536} INFO - Filling up the DagBag from /home/airflow/.local/lib/python3.8/site-packages/airflow/example_dags/example_short_circuit_decorator.py
[2023-11-04T16:38:04.598+0000] {processor.py:839} INFO - DAG(s) dict_keys(['example_short_circuit_decorator']) retrieved from /home/airflow/.local/lib/python3.8/site-packages/airflow/example_dags/example_short_circuit_decorator.py
[2023-11-04T16:38:04.641+0000] {logging_mixin.py:151} INFO - [2023-11-04T16:38:04.641+0000] {dag.py:2941} INFO - Sync 1 DAGs
[2023-11-04T16:38:04.678+0000] {logging_mixin.py:151} INFO - [2023-11-04T16:38:04.678+0000] {dag.py:3722} INFO - Setting next_dagrun for example_short_circuit_decorator to 2023-11-03T16:38:04.677830+00:00, run_after=2023-11-04T16:38:04.677830+00:00
[2023-11-04T16:38:04.706+0000] {processor.py:179} INFO - Processing /home/airflow/.local/lib/python3.8/site-packages/airflow/example_dags/example_short_circuit_decorator.py took 0.136 seconds
[2023-11-04T16:38:34.787+0000] {processor.py:157} INFO - Started process (PID=7175) to work on /home/airflow/.local/lib/python3.8/site-packages/airflow/example_dags/example_short_circuit_decorator.py
[2023-11-04T16:38:34.789+0000] {processor.py:829} INFO - Processing file /home/airflow/.local/lib/python3.8/site-packages/airflow/example_dags/example_short_circuit_decorator.py for tasks to queue
[2023-11-04T16:38:34.790+0000] {logging_mixin.py:151} INFO - [2023-11-04T16:38:34.790+0000] {dagbag.py:536} INFO - Filling up the DagBag from /home/airflow/.local/lib/python3.8/site-packages/airflow/example_dags/example_short_circuit_decorator.py
[2023-11-04T16:38:34.808+0000] {processor.py:839} INFO - DAG(s) dict_keys(['example_short_circuit_decorator']) retrieved from /home/airflow/.local/lib/python3.8/site-packages/airflow/example_dags/example_short_circuit_decorator.py
[2023-11-04T16:38:34.846+0000] {logging_mixin.py:151} INFO - [2023-11-04T16:38:34.846+0000] {dag.py:2941} INFO - Sync 1 DAGs
[2023-11-04T16:38:34.882+0000] {logging_mixin.py:151} INFO - [2023-11-04T16:38:34.881+0000] {dag.py:3722} INFO - Setting next_dagrun for example_short_circuit_decorator to 2023-11-03T16:38:34.881444+00:00, run_after=2023-11-04T16:38:34.881444+00:00
[2023-11-04T16:38:34.911+0000] {processor.py:179} INFO - Processing /home/airflow/.local/lib/python3.8/site-packages/airflow/example_dags/example_short_circuit_decorator.py took 0.129 seconds
[2023-11-04T16:39:05.433+0000] {processor.py:157} INFO - Started process (PID=7416) to work on /home/airflow/.local/lib/python3.8/site-packages/airflow/example_dags/example_short_circuit_decorator.py
[2023-11-04T16:39:05.435+0000] {processor.py:829} INFO - Processing file /home/airflow/.local/lib/python3.8/site-packages/airflow/example_dags/example_short_circuit_decorator.py for tasks to queue
[2023-11-04T16:39:05.437+0000] {logging_mixin.py:151} INFO - [2023-11-04T16:39:05.436+0000] {dagbag.py:536} INFO - Filling up the DagBag from /home/airflow/.local/lib/python3.8/site-packages/airflow/example_dags/example_short_circuit_decorator.py
[2023-11-04T16:39:05.454+0000] {processor.py:839} INFO - DAG(s) dict_keys(['example_short_circuit_decorator']) retrieved from /home/airflow/.local/lib/python3.8/site-packages/airflow/example_dags/example_short_circuit_decorator.py
[2023-11-04T16:39:05.493+0000] {logging_mixin.py:151} INFO - [2023-11-04T16:39:05.493+0000] {dag.py:2941} INFO - Sync 1 DAGs
[2023-11-04T16:39:05.529+0000] {logging_mixin.py:151} INFO - [2023-11-04T16:39:05.528+0000] {dag.py:3722} INFO - Setting next_dagrun for example_short_circuit_decorator to 2023-11-03T16:39:05.528494+00:00, run_after=2023-11-04T16:39:05.528494+00:00
[2023-11-04T16:39:05.557+0000] {processor.py:179} INFO - Processing /home/airflow/.local/lib/python3.8/site-packages/airflow/example_dags/example_short_circuit_decorator.py took 0.129 seconds
[2023-11-04T16:39:35.924+0000] {processor.py:157} INFO - Started process (PID=7654) to work on /home/airflow/.local/lib/python3.8/site-packages/airflow/example_dags/example_short_circuit_decorator.py
[2023-11-04T16:39:35.926+0000] {processor.py:829} INFO - Processing file /home/airflow/.local/lib/python3.8/site-packages/airflow/example_dags/example_short_circuit_decorator.py for tasks to queue
[2023-11-04T16:39:35.928+0000] {logging_mixin.py:151} INFO - [2023-11-04T16:39:35.927+0000] {dagbag.py:536} INFO - Filling up the DagBag from /home/airflow/.local/lib/python3.8/site-packages/airflow/example_dags/example_short_circuit_decorator.py
[2023-11-04T16:39:35.944+0000] {processor.py:839} INFO - DAG(s) dict_keys(['example_short_circuit_decorator']) retrieved from /home/airflow/.local/lib/python3.8/site-packages/airflow/example_dags/example_short_circuit_decorator.py
[2023-11-04T16:39:35.980+0000] {logging_mixin.py:151} INFO - [2023-11-04T16:39:35.980+0000] {dag.py:2941} INFO - Sync 1 DAGs
[2023-11-04T16:39:36.013+0000] {logging_mixin.py:151} INFO - [2023-11-04T16:39:36.013+0000] {dag.py:3722} INFO - Setting next_dagrun for example_short_circuit_decorator to 2023-11-03T16:39:36.013288+00:00, run_after=2023-11-04T16:39:36.013288+00:00
[2023-11-04T16:39:36.046+0000] {processor.py:179} INFO - Processing /home/airflow/.local/lib/python3.8/site-packages/airflow/example_dags/example_short_circuit_decorator.py took 0.126 seconds
[2023-11-04T16:40:06.135+0000] {processor.py:157} INFO - Started process (PID=7889) to work on /home/airflow/.local/lib/python3.8/site-packages/airflow/example_dags/example_short_circuit_decorator.py
[2023-11-04T16:40:06.137+0000] {processor.py:829} INFO - Processing file /home/airflow/.local/lib/python3.8/site-packages/airflow/example_dags/example_short_circuit_decorator.py for tasks to queue
[2023-11-04T16:40:06.138+0000] {logging_mixin.py:151} INFO - [2023-11-04T16:40:06.138+0000] {dagbag.py:536} INFO - Filling up the DagBag from /home/airflow/.local/lib/python3.8/site-packages/airflow/example_dags/example_short_circuit_decorator.py
[2023-11-04T16:40:06.154+0000] {processor.py:839} INFO - DAG(s) dict_keys(['example_short_circuit_decorator']) retrieved from /home/airflow/.local/lib/python3.8/site-packages/airflow/example_dags/example_short_circuit_decorator.py
[2023-11-04T16:40:06.192+0000] {logging_mixin.py:151} INFO - [2023-11-04T16:40:06.192+0000] {dag.py:2941} INFO - Sync 1 DAGs
[2023-11-04T16:40:06.228+0000] {logging_mixin.py:151} INFO - [2023-11-04T16:40:06.228+0000] {dag.py:3722} INFO - Setting next_dagrun for example_short_circuit_decorator to 2023-11-03T16:40:06.228176+00:00, run_after=2023-11-04T16:40:06.228176+00:00
[2023-11-04T16:40:06.264+0000] {processor.py:179} INFO - Processing /home/airflow/.local/lib/python3.8/site-packages/airflow/example_dags/example_short_circuit_decorator.py took 0.134 seconds
[2023-11-04T16:40:36.968+0000] {processor.py:157} INFO - Started process (PID=8130) to work on /home/airflow/.local/lib/python3.8/site-packages/airflow/example_dags/example_short_circuit_decorator.py
[2023-11-04T16:40:36.970+0000] {processor.py:829} INFO - Processing file /home/airflow/.local/lib/python3.8/site-packages/airflow/example_dags/example_short_circuit_decorator.py for tasks to queue
[2023-11-04T16:40:36.971+0000] {logging_mixin.py:151} INFO - [2023-11-04T16:40:36.971+0000] {dagbag.py:536} INFO - Filling up the DagBag from /home/airflow/.local/lib/python3.8/site-packages/airflow/example_dags/example_short_circuit_decorator.py
[2023-11-04T16:40:36.987+0000] {processor.py:839} INFO - DAG(s) dict_keys(['example_short_circuit_decorator']) retrieved from /home/airflow/.local/lib/python3.8/site-packages/airflow/example_dags/example_short_circuit_decorator.py
[2023-11-04T16:40:37.024+0000] {logging_mixin.py:151} INFO - [2023-11-04T16:40:37.023+0000] {dag.py:2941} INFO - Sync 1 DAGs
[2023-11-04T16:40:37.056+0000] {logging_mixin.py:151} INFO - [2023-11-04T16:40:37.056+0000] {dag.py:3722} INFO - Setting next_dagrun for example_short_circuit_decorator to 2023-11-03T16:40:37.056232+00:00, run_after=2023-11-04T16:40:37.056232+00:00
[2023-11-04T16:40:37.090+0000] {processor.py:179} INFO - Processing /home/airflow/.local/lib/python3.8/site-packages/airflow/example_dags/example_short_circuit_decorator.py took 0.126 seconds
[2023-11-04T16:41:07.373+0000] {processor.py:157} INFO - Started process (PID=8368) to work on /home/airflow/.local/lib/python3.8/site-packages/airflow/example_dags/example_short_circuit_decorator.py
[2023-11-04T16:41:07.375+0000] {processor.py:829} INFO - Processing file /home/airflow/.local/lib/python3.8/site-packages/airflow/example_dags/example_short_circuit_decorator.py for tasks to queue
[2023-11-04T16:41:07.377+0000] {logging_mixin.py:151} INFO - [2023-11-04T16:41:07.377+0000] {dagbag.py:536} INFO - Filling up the DagBag from /home/airflow/.local/lib/python3.8/site-packages/airflow/example_dags/example_short_circuit_decorator.py
[2023-11-04T16:41:07.392+0000] {processor.py:839} INFO - DAG(s) dict_keys(['example_short_circuit_decorator']) retrieved from /home/airflow/.local/lib/python3.8/site-packages/airflow/example_dags/example_short_circuit_decorator.py
[2023-11-04T16:41:07.428+0000] {logging_mixin.py:151} INFO - [2023-11-04T16:41:07.428+0000] {dag.py:2941} INFO - Sync 1 DAGs
[2023-11-04T16:41:07.461+0000] {logging_mixin.py:151} INFO - [2023-11-04T16:41:07.460+0000] {dag.py:3722} INFO - Setting next_dagrun for example_short_circuit_decorator to 2023-11-03T16:41:07.460427+00:00, run_after=2023-11-04T16:41:07.460427+00:00
[2023-11-04T16:41:07.494+0000] {processor.py:179} INFO - Processing /home/airflow/.local/lib/python3.8/site-packages/airflow/example_dags/example_short_circuit_decorator.py took 0.125 seconds
[2023-11-04T16:41:38.051+0000] {processor.py:157} INFO - Started process (PID=8606) to work on /home/airflow/.local/lib/python3.8/site-packages/airflow/example_dags/example_short_circuit_decorator.py
[2023-11-04T16:41:38.053+0000] {processor.py:829} INFO - Processing file /home/airflow/.local/lib/python3.8/site-packages/airflow/example_dags/example_short_circuit_decorator.py for tasks to queue
[2023-11-04T16:41:38.054+0000] {logging_mixin.py:151} INFO - [2023-11-04T16:41:38.054+0000] {dagbag.py:536} INFO - Filling up the DagBag from /home/airflow/.local/lib/python3.8/site-packages/airflow/example_dags/example_short_circuit_decorator.py
[2023-11-04T16:41:38.070+0000] {processor.py:839} INFO - DAG(s) dict_keys(['example_short_circuit_decorator']) retrieved from /home/airflow/.local/lib/python3.8/site-packages/airflow/example_dags/example_short_circuit_decorator.py
[2023-11-04T16:41:38.106+0000] {logging_mixin.py:151} INFO - [2023-11-04T16:41:38.106+0000] {dag.py:2941} INFO - Sync 1 DAGs
[2023-11-04T16:41:38.140+0000] {logging_mixin.py:151} INFO - [2023-11-04T16:41:38.139+0000] {dag.py:3722} INFO - Setting next_dagrun for example_short_circuit_decorator to 2023-11-03T16:41:38.139396+00:00, run_after=2023-11-04T16:41:38.139396+00:00
[2023-11-04T16:41:38.173+0000] {processor.py:179} INFO - Processing /home/airflow/.local/lib/python3.8/site-packages/airflow/example_dags/example_short_circuit_decorator.py took 0.127 seconds
[2023-11-04T16:42:08.603+0000] {processor.py:157} INFO - Started process (PID=8844) to work on /home/airflow/.local/lib/python3.8/site-packages/airflow/example_dags/example_short_circuit_decorator.py
[2023-11-04T16:42:08.605+0000] {processor.py:829} INFO - Processing file /home/airflow/.local/lib/python3.8/site-packages/airflow/example_dags/example_short_circuit_decorator.py for tasks to queue
[2023-11-04T16:42:08.606+0000] {logging_mixin.py:151} INFO - [2023-11-04T16:42:08.606+0000] {dagbag.py:536} INFO - Filling up the DagBag from /home/airflow/.local/lib/python3.8/site-packages/airflow/example_dags/example_short_circuit_decorator.py
[2023-11-04T16:42:08.622+0000] {processor.py:839} INFO - DAG(s) dict_keys(['example_short_circuit_decorator']) retrieved from /home/airflow/.local/lib/python3.8/site-packages/airflow/example_dags/example_short_circuit_decorator.py
[2023-11-04T16:42:08.660+0000] {logging_mixin.py:151} INFO - [2023-11-04T16:42:08.659+0000] {dag.py:2941} INFO - Sync 1 DAGs
[2023-11-04T16:42:08.694+0000] {logging_mixin.py:151} INFO - [2023-11-04T16:42:08.694+0000] {dag.py:3722} INFO - Setting next_dagrun for example_short_circuit_decorator to 2023-11-03T16:42:08.693623+00:00, run_after=2023-11-04T16:42:08.693623+00:00
[2023-11-04T16:42:08.729+0000] {processor.py:179} INFO - Processing /home/airflow/.local/lib/python3.8/site-packages/airflow/example_dags/example_short_circuit_decorator.py took 0.130 seconds
[2023-11-04T17:13:29.384+0000] {processor.py:157} INFO - Started process (PID=267) to work on /home/airflow/.local/lib/python3.8/site-packages/airflow/example_dags/example_short_circuit_decorator.py
[2023-11-04T17:13:29.386+0000] {processor.py:829} INFO - Processing file /home/airflow/.local/lib/python3.8/site-packages/airflow/example_dags/example_short_circuit_decorator.py for tasks to queue
[2023-11-04T17:13:29.388+0000] {logging_mixin.py:151} INFO - [2023-11-04T17:13:29.387+0000] {dagbag.py:536} INFO - Filling up the DagBag from /home/airflow/.local/lib/python3.8/site-packages/airflow/example_dags/example_short_circuit_decorator.py
[2023-11-04T17:13:29.424+0000] {processor.py:839} INFO - DAG(s) dict_keys(['example_short_circuit_decorator']) retrieved from /home/airflow/.local/lib/python3.8/site-packages/airflow/example_dags/example_short_circuit_decorator.py
[2023-11-04T17:13:29.502+0000] {logging_mixin.py:151} INFO - [2023-11-04T17:13:29.501+0000] {dag.py:2941} INFO - Sync 1 DAGs
[2023-11-04T17:13:29.556+0000] {logging_mixin.py:151} INFO - [2023-11-04T17:13:29.556+0000] {dag.py:3722} INFO - Setting next_dagrun for example_short_circuit_decorator to 2023-11-03T17:13:29.555565+00:00, run_after=2023-11-04T17:13:29.555565+00:00
[2023-11-04T17:13:29.595+0000] {processor.py:179} INFO - Processing /home/airflow/.local/lib/python3.8/site-packages/airflow/example_dags/example_short_circuit_decorator.py took 0.219 seconds
[2023-11-04T17:13:59.872+0000] {processor.py:157} INFO - Started process (PID=505) to work on /home/airflow/.local/lib/python3.8/site-packages/airflow/example_dags/example_short_circuit_decorator.py
[2023-11-04T17:13:59.874+0000] {processor.py:829} INFO - Processing file /home/airflow/.local/lib/python3.8/site-packages/airflow/example_dags/example_short_circuit_decorator.py for tasks to queue
[2023-11-04T17:13:59.877+0000] {logging_mixin.py:151} INFO - [2023-11-04T17:13:59.876+0000] {dagbag.py:536} INFO - Filling up the DagBag from /home/airflow/.local/lib/python3.8/site-packages/airflow/example_dags/example_short_circuit_decorator.py
[2023-11-04T17:13:59.904+0000] {processor.py:839} INFO - DAG(s) dict_keys(['example_short_circuit_decorator']) retrieved from /home/airflow/.local/lib/python3.8/site-packages/airflow/example_dags/example_short_circuit_decorator.py
[2023-11-04T17:13:59.927+0000] {logging_mixin.py:151} INFO - [2023-11-04T17:13:59.926+0000] {dag.py:2941} INFO - Sync 1 DAGs
[2023-11-04T17:13:59.998+0000] {logging_mixin.py:151} INFO - [2023-11-04T17:13:59.998+0000] {dag.py:3722} INFO - Setting next_dagrun for example_short_circuit_decorator to 2023-11-03T17:13:59.997605+00:00, run_after=2023-11-04T17:13:59.997605+00:00
[2023-11-04T17:14:00.045+0000] {processor.py:179} INFO - Processing /home/airflow/.local/lib/python3.8/site-packages/airflow/example_dags/example_short_circuit_decorator.py took 0.194 seconds
[2023-11-04T17:14:30.110+0000] {processor.py:157} INFO - Started process (PID=745) to work on /home/airflow/.local/lib/python3.8/site-packages/airflow/example_dags/example_short_circuit_decorator.py
[2023-11-04T17:14:30.112+0000] {processor.py:829} INFO - Processing file /home/airflow/.local/lib/python3.8/site-packages/airflow/example_dags/example_short_circuit_decorator.py for tasks to queue
[2023-11-04T17:14:30.113+0000] {logging_mixin.py:151} INFO - [2023-11-04T17:14:30.113+0000] {dagbag.py:536} INFO - Filling up the DagBag from /home/airflow/.local/lib/python3.8/site-packages/airflow/example_dags/example_short_circuit_decorator.py
[2023-11-04T17:14:30.128+0000] {processor.py:839} INFO - DAG(s) dict_keys(['example_short_circuit_decorator']) retrieved from /home/airflow/.local/lib/python3.8/site-packages/airflow/example_dags/example_short_circuit_decorator.py
[2023-11-04T17:14:30.146+0000] {logging_mixin.py:151} INFO - [2023-11-04T17:14:30.145+0000] {dag.py:2941} INFO - Sync 1 DAGs
[2023-11-04T17:14:30.177+0000] {logging_mixin.py:151} INFO - [2023-11-04T17:14:30.177+0000] {dag.py:3722} INFO - Setting next_dagrun for example_short_circuit_decorator to 2023-11-03T17:14:30.176946+00:00, run_after=2023-11-04T17:14:30.176946+00:00
[2023-11-04T17:14:30.210+0000] {processor.py:179} INFO - Processing /home/airflow/.local/lib/python3.8/site-packages/airflow/example_dags/example_short_circuit_decorator.py took 0.105 seconds
[2023-11-04T17:15:00.639+0000] {processor.py:157} INFO - Started process (PID=981) to work on /home/airflow/.local/lib/python3.8/site-packages/airflow/example_dags/example_short_circuit_decorator.py
[2023-11-04T17:15:00.641+0000] {processor.py:829} INFO - Processing file /home/airflow/.local/lib/python3.8/site-packages/airflow/example_dags/example_short_circuit_decorator.py for tasks to queue
[2023-11-04T17:15:00.643+0000] {logging_mixin.py:151} INFO - [2023-11-04T17:15:00.642+0000] {dagbag.py:536} INFO - Filling up the DagBag from /home/airflow/.local/lib/python3.8/site-packages/airflow/example_dags/example_short_circuit_decorator.py
[2023-11-04T17:15:00.659+0000] {processor.py:839} INFO - DAG(s) dict_keys(['example_short_circuit_decorator']) retrieved from /home/airflow/.local/lib/python3.8/site-packages/airflow/example_dags/example_short_circuit_decorator.py
[2023-11-04T17:15:00.694+0000] {logging_mixin.py:151} INFO - [2023-11-04T17:15:00.694+0000] {dag.py:2941} INFO - Sync 1 DAGs
[2023-11-04T17:15:00.727+0000] {logging_mixin.py:151} INFO - [2023-11-04T17:15:00.727+0000] {dag.py:3722} INFO - Setting next_dagrun for example_short_circuit_decorator to 2023-11-03T17:15:00.726788+00:00, run_after=2023-11-04T17:15:00.726788+00:00
[2023-11-04T17:15:00.758+0000] {processor.py:179} INFO - Processing /home/airflow/.local/lib/python3.8/site-packages/airflow/example_dags/example_short_circuit_decorator.py took 0.123 seconds
[2023-11-04T17:15:31.720+0000] {processor.py:157} INFO - Started process (PID=1219) to work on /home/airflow/.local/lib/python3.8/site-packages/airflow/example_dags/example_short_circuit_decorator.py
[2023-11-04T17:15:31.722+0000] {processor.py:829} INFO - Processing file /home/airflow/.local/lib/python3.8/site-packages/airflow/example_dags/example_short_circuit_decorator.py for tasks to queue
[2023-11-04T17:15:31.723+0000] {logging_mixin.py:151} INFO - [2023-11-04T17:15:31.723+0000] {dagbag.py:536} INFO - Filling up the DagBag from /home/airflow/.local/lib/python3.8/site-packages/airflow/example_dags/example_short_circuit_decorator.py
[2023-11-04T17:15:31.739+0000] {processor.py:839} INFO - DAG(s) dict_keys(['example_short_circuit_decorator']) retrieved from /home/airflow/.local/lib/python3.8/site-packages/airflow/example_dags/example_short_circuit_decorator.py
[2023-11-04T17:15:31.776+0000] {logging_mixin.py:151} INFO - [2023-11-04T17:15:31.776+0000] {dag.py:2941} INFO - Sync 1 DAGs
[2023-11-04T17:15:31.810+0000] {logging_mixin.py:151} INFO - [2023-11-04T17:15:31.810+0000] {dag.py:3722} INFO - Setting next_dagrun for example_short_circuit_decorator to 2023-11-03T17:15:31.810258+00:00, run_after=2023-11-04T17:15:31.810258+00:00
[2023-11-04T17:15:31.844+0000] {processor.py:179} INFO - Processing /home/airflow/.local/lib/python3.8/site-packages/airflow/example_dags/example_short_circuit_decorator.py took 0.129 seconds
[2023-11-04T17:16:02.543+0000] {processor.py:157} INFO - Started process (PID=1481) to work on /home/airflow/.local/lib/python3.8/site-packages/airflow/example_dags/example_short_circuit_decorator.py
[2023-11-04T17:16:02.545+0000] {processor.py:829} INFO - Processing file /home/airflow/.local/lib/python3.8/site-packages/airflow/example_dags/example_short_circuit_decorator.py for tasks to queue
[2023-11-04T17:16:02.547+0000] {logging_mixin.py:151} INFO - [2023-11-04T17:16:02.546+0000] {dagbag.py:536} INFO - Filling up the DagBag from /home/airflow/.local/lib/python3.8/site-packages/airflow/example_dags/example_short_circuit_decorator.py
[2023-11-04T17:16:02.568+0000] {processor.py:839} INFO - DAG(s) dict_keys(['example_short_circuit_decorator']) retrieved from /home/airflow/.local/lib/python3.8/site-packages/airflow/example_dags/example_short_circuit_decorator.py
[2023-11-04T17:16:02.651+0000] {logging_mixin.py:151} INFO - [2023-11-04T17:16:02.650+0000] {dag.py:2941} INFO - Sync 1 DAGs
[2023-11-04T17:16:02.711+0000] {logging_mixin.py:151} INFO - [2023-11-04T17:16:02.710+0000] {dag.py:3722} INFO - Setting next_dagrun for example_short_circuit_decorator to 2023-11-03T17:16:02.710562+00:00, run_after=2023-11-04T17:16:02.710562+00:00
[2023-11-04T17:16:02.758+0000] {processor.py:179} INFO - Processing /home/airflow/.local/lib/python3.8/site-packages/airflow/example_dags/example_short_circuit_decorator.py took 0.224 seconds
[2023-11-04T17:16:33.215+0000] {processor.py:157} INFO - Started process (PID=1720) to work on /home/airflow/.local/lib/python3.8/site-packages/airflow/example_dags/example_short_circuit_decorator.py
[2023-11-04T17:16:33.216+0000] {processor.py:829} INFO - Processing file /home/airflow/.local/lib/python3.8/site-packages/airflow/example_dags/example_short_circuit_decorator.py for tasks to queue
[2023-11-04T17:16:33.218+0000] {logging_mixin.py:151} INFO - [2023-11-04T17:16:33.217+0000] {dagbag.py:536} INFO - Filling up the DagBag from /home/airflow/.local/lib/python3.8/site-packages/airflow/example_dags/example_short_circuit_decorator.py
[2023-11-04T17:16:33.234+0000] {processor.py:839} INFO - DAG(s) dict_keys(['example_short_circuit_decorator']) retrieved from /home/airflow/.local/lib/python3.8/site-packages/airflow/example_dags/example_short_circuit_decorator.py
[2023-11-04T17:16:33.270+0000] {logging_mixin.py:151} INFO - [2023-11-04T17:16:33.269+0000] {dag.py:2941} INFO - Sync 1 DAGs
[2023-11-04T17:16:33.303+0000] {logging_mixin.py:151} INFO - [2023-11-04T17:16:33.303+0000] {dag.py:3722} INFO - Setting next_dagrun for example_short_circuit_decorator to 2023-11-03T17:16:33.302861+00:00, run_after=2023-11-04T17:16:33.302861+00:00
[2023-11-04T17:16:33.332+0000] {processor.py:179} INFO - Processing /home/airflow/.local/lib/python3.8/site-packages/airflow/example_dags/example_short_circuit_decorator.py took 0.123 seconds
[2023-11-04T17:17:03.902+0000] {processor.py:157} INFO - Started process (PID=1958) to work on /home/airflow/.local/lib/python3.8/site-packages/airflow/example_dags/example_short_circuit_decorator.py
[2023-11-04T17:17:03.903+0000] {processor.py:829} INFO - Processing file /home/airflow/.local/lib/python3.8/site-packages/airflow/example_dags/example_short_circuit_decorator.py for tasks to queue
[2023-11-04T17:17:03.905+0000] {logging_mixin.py:151} INFO - [2023-11-04T17:17:03.905+0000] {dagbag.py:536} INFO - Filling up the DagBag from /home/airflow/.local/lib/python3.8/site-packages/airflow/example_dags/example_short_circuit_decorator.py
[2023-11-04T17:17:03.922+0000] {processor.py:839} INFO - DAG(s) dict_keys(['example_short_circuit_decorator']) retrieved from /home/airflow/.local/lib/python3.8/site-packages/airflow/example_dags/example_short_circuit_decorator.py
[2023-11-04T17:17:03.960+0000] {logging_mixin.py:151} INFO - [2023-11-04T17:17:03.960+0000] {dag.py:2941} INFO - Sync 1 DAGs
[2023-11-04T17:17:03.994+0000] {logging_mixin.py:151} INFO - [2023-11-04T17:17:03.994+0000] {dag.py:3722} INFO - Setting next_dagrun for example_short_circuit_decorator to 2023-11-03T17:17:03.993996+00:00, run_after=2023-11-04T17:17:03.993996+00:00
[2023-11-04T17:17:04.023+0000] {processor.py:179} INFO - Processing /home/airflow/.local/lib/python3.8/site-packages/airflow/example_dags/example_short_circuit_decorator.py took 0.126 seconds
[2023-11-04T17:17:34.104+0000] {processor.py:157} INFO - Started process (PID=2196) to work on /home/airflow/.local/lib/python3.8/site-packages/airflow/example_dags/example_short_circuit_decorator.py
[2023-11-04T17:17:34.106+0000] {processor.py:829} INFO - Processing file /home/airflow/.local/lib/python3.8/site-packages/airflow/example_dags/example_short_circuit_decorator.py for tasks to queue
[2023-11-04T17:17:34.108+0000] {logging_mixin.py:151} INFO - [2023-11-04T17:17:34.107+0000] {dagbag.py:536} INFO - Filling up the DagBag from /home/airflow/.local/lib/python3.8/site-packages/airflow/example_dags/example_short_circuit_decorator.py
[2023-11-04T17:17:34.125+0000] {processor.py:839} INFO - DAG(s) dict_keys(['example_short_circuit_decorator']) retrieved from /home/airflow/.local/lib/python3.8/site-packages/airflow/example_dags/example_short_circuit_decorator.py
[2023-11-04T17:17:34.172+0000] {logging_mixin.py:151} INFO - [2023-11-04T17:17:34.171+0000] {dag.py:2941} INFO - Sync 1 DAGs
[2023-11-04T17:17:34.212+0000] {logging_mixin.py:151} INFO - [2023-11-04T17:17:34.212+0000] {dag.py:3722} INFO - Setting next_dagrun for example_short_circuit_decorator to 2023-11-03T17:17:34.211527+00:00, run_after=2023-11-04T17:17:34.211527+00:00
[2023-11-04T17:17:34.253+0000] {processor.py:179} INFO - Processing /home/airflow/.local/lib/python3.8/site-packages/airflow/example_dags/example_short_circuit_decorator.py took 0.154 seconds
[2023-11-04T17:18:04.399+0000] {processor.py:157} INFO - Started process (PID=2434) to work on /home/airflow/.local/lib/python3.8/site-packages/airflow/example_dags/example_short_circuit_decorator.py
[2023-11-04T17:18:04.401+0000] {processor.py:829} INFO - Processing file /home/airflow/.local/lib/python3.8/site-packages/airflow/example_dags/example_short_circuit_decorator.py for tasks to queue
[2023-11-04T17:18:04.402+0000] {logging_mixin.py:151} INFO - [2023-11-04T17:18:04.402+0000] {dagbag.py:536} INFO - Filling up the DagBag from /home/airflow/.local/lib/python3.8/site-packages/airflow/example_dags/example_short_circuit_decorator.py
[2023-11-04T17:18:04.418+0000] {processor.py:839} INFO - DAG(s) dict_keys(['example_short_circuit_decorator']) retrieved from /home/airflow/.local/lib/python3.8/site-packages/airflow/example_dags/example_short_circuit_decorator.py
[2023-11-04T17:18:04.453+0000] {logging_mixin.py:151} INFO - [2023-11-04T17:18:04.453+0000] {dag.py:2941} INFO - Sync 1 DAGs
[2023-11-04T17:18:04.488+0000] {logging_mixin.py:151} INFO - [2023-11-04T17:18:04.488+0000] {dag.py:3722} INFO - Setting next_dagrun for example_short_circuit_decorator to 2023-11-03T17:18:04.487966+00:00, run_after=2023-11-04T17:18:04.487966+00:00
[2023-11-04T17:18:04.520+0000] {processor.py:179} INFO - Processing /home/airflow/.local/lib/python3.8/site-packages/airflow/example_dags/example_short_circuit_decorator.py took 0.126 seconds
[2023-11-04T17:18:35.186+0000] {processor.py:157} INFO - Started process (PID=2672) to work on /home/airflow/.local/lib/python3.8/site-packages/airflow/example_dags/example_short_circuit_decorator.py
[2023-11-04T17:18:35.188+0000] {processor.py:829} INFO - Processing file /home/airflow/.local/lib/python3.8/site-packages/airflow/example_dags/example_short_circuit_decorator.py for tasks to queue
[2023-11-04T17:18:35.189+0000] {logging_mixin.py:151} INFO - [2023-11-04T17:18:35.189+0000] {dagbag.py:536} INFO - Filling up the DagBag from /home/airflow/.local/lib/python3.8/site-packages/airflow/example_dags/example_short_circuit_decorator.py
[2023-11-04T17:18:35.205+0000] {processor.py:839} INFO - DAG(s) dict_keys(['example_short_circuit_decorator']) retrieved from /home/airflow/.local/lib/python3.8/site-packages/airflow/example_dags/example_short_circuit_decorator.py
[2023-11-04T17:18:35.240+0000] {logging_mixin.py:151} INFO - [2023-11-04T17:18:35.240+0000] {dag.py:2941} INFO - Sync 1 DAGs
[2023-11-04T17:18:35.273+0000] {logging_mixin.py:151} INFO - [2023-11-04T17:18:35.272+0000] {dag.py:3722} INFO - Setting next_dagrun for example_short_circuit_decorator to 2023-11-03T17:18:35.272465+00:00, run_after=2023-11-04T17:18:35.272465+00:00
[2023-11-04T17:18:35.307+0000] {processor.py:179} INFO - Processing /home/airflow/.local/lib/python3.8/site-packages/airflow/example_dags/example_short_circuit_decorator.py took 0.126 seconds
[2023-11-04T17:19:05.537+0000] {processor.py:157} INFO - Started process (PID=2917) to work on /home/airflow/.local/lib/python3.8/site-packages/airflow/example_dags/example_short_circuit_decorator.py
[2023-11-04T17:19:05.539+0000] {processor.py:829} INFO - Processing file /home/airflow/.local/lib/python3.8/site-packages/airflow/example_dags/example_short_circuit_decorator.py for tasks to queue
[2023-11-04T17:19:05.540+0000] {logging_mixin.py:151} INFO - [2023-11-04T17:19:05.540+0000] {dagbag.py:536} INFO - Filling up the DagBag from /home/airflow/.local/lib/python3.8/site-packages/airflow/example_dags/example_short_circuit_decorator.py
[2023-11-04T17:19:05.557+0000] {processor.py:839} INFO - DAG(s) dict_keys(['example_short_circuit_decorator']) retrieved from /home/airflow/.local/lib/python3.8/site-packages/airflow/example_dags/example_short_circuit_decorator.py
[2023-11-04T17:19:05.597+0000] {logging_mixin.py:151} INFO - [2023-11-04T17:19:05.596+0000] {dag.py:2941} INFO - Sync 1 DAGs
[2023-11-04T17:19:05.637+0000] {logging_mixin.py:151} INFO - [2023-11-04T17:19:05.637+0000] {dag.py:3722} INFO - Setting next_dagrun for example_short_circuit_decorator to 2023-11-03T17:19:05.636809+00:00, run_after=2023-11-04T17:19:05.636809+00:00
[2023-11-04T17:19:05.673+0000] {processor.py:179} INFO - Processing /home/airflow/.local/lib/python3.8/site-packages/airflow/example_dags/example_short_circuit_decorator.py took 0.141 seconds
[2023-11-04T17:19:35.945+0000] {processor.py:157} INFO - Started process (PID=3155) to work on /home/airflow/.local/lib/python3.8/site-packages/airflow/example_dags/example_short_circuit_decorator.py
[2023-11-04T17:19:35.946+0000] {processor.py:829} INFO - Processing file /home/airflow/.local/lib/python3.8/site-packages/airflow/example_dags/example_short_circuit_decorator.py for tasks to queue
[2023-11-04T17:19:35.948+0000] {logging_mixin.py:151} INFO - [2023-11-04T17:19:35.948+0000] {dagbag.py:536} INFO - Filling up the DagBag from /home/airflow/.local/lib/python3.8/site-packages/airflow/example_dags/example_short_circuit_decorator.py
[2023-11-04T17:19:35.963+0000] {processor.py:839} INFO - DAG(s) dict_keys(['example_short_circuit_decorator']) retrieved from /home/airflow/.local/lib/python3.8/site-packages/airflow/example_dags/example_short_circuit_decorator.py
[2023-11-04T17:19:35.999+0000] {logging_mixin.py:151} INFO - [2023-11-04T17:19:35.999+0000] {dag.py:2941} INFO - Sync 1 DAGs
[2023-11-04T17:19:36.033+0000] {logging_mixin.py:151} INFO - [2023-11-04T17:19:36.032+0000] {dag.py:3722} INFO - Setting next_dagrun for example_short_circuit_decorator to 2023-11-03T17:19:36.032362+00:00, run_after=2023-11-04T17:19:36.032362+00:00
[2023-11-04T17:19:36.063+0000] {processor.py:179} INFO - Processing /home/airflow/.local/lib/python3.8/site-packages/airflow/example_dags/example_short_circuit_decorator.py took 0.123 seconds
[2023-11-04T17:20:06.646+0000] {processor.py:157} INFO - Started process (PID=3393) to work on /home/airflow/.local/lib/python3.8/site-packages/airflow/example_dags/example_short_circuit_decorator.py
[2023-11-04T17:20:06.648+0000] {processor.py:829} INFO - Processing file /home/airflow/.local/lib/python3.8/site-packages/airflow/example_dags/example_short_circuit_decorator.py for tasks to queue
[2023-11-04T17:20:06.649+0000] {logging_mixin.py:151} INFO - [2023-11-04T17:20:06.649+0000] {dagbag.py:536} INFO - Filling up the DagBag from /home/airflow/.local/lib/python3.8/site-packages/airflow/example_dags/example_short_circuit_decorator.py
[2023-11-04T17:20:06.665+0000] {processor.py:839} INFO - DAG(s) dict_keys(['example_short_circuit_decorator']) retrieved from /home/airflow/.local/lib/python3.8/site-packages/airflow/example_dags/example_short_circuit_decorator.py
[2023-11-04T17:20:06.701+0000] {logging_mixin.py:151} INFO - [2023-11-04T17:20:06.701+0000] {dag.py:2941} INFO - Sync 1 DAGs
[2023-11-04T17:20:06.736+0000] {logging_mixin.py:151} INFO - [2023-11-04T17:20:06.736+0000] {dag.py:3722} INFO - Setting next_dagrun for example_short_circuit_decorator to 2023-11-03T17:20:06.735878+00:00, run_after=2023-11-04T17:20:06.735878+00:00
[2023-11-04T17:20:06.763+0000] {processor.py:179} INFO - Processing /home/airflow/.local/lib/python3.8/site-packages/airflow/example_dags/example_short_circuit_decorator.py took 0.122 seconds
[2023-11-04T17:20:37.093+0000] {processor.py:157} INFO - Started process (PID=3631) to work on /home/airflow/.local/lib/python3.8/site-packages/airflow/example_dags/example_short_circuit_decorator.py
[2023-11-04T17:20:37.094+0000] {processor.py:829} INFO - Processing file /home/airflow/.local/lib/python3.8/site-packages/airflow/example_dags/example_short_circuit_decorator.py for tasks to queue
[2023-11-04T17:20:37.096+0000] {logging_mixin.py:151} INFO - [2023-11-04T17:20:37.096+0000] {dagbag.py:536} INFO - Filling up the DagBag from /home/airflow/.local/lib/python3.8/site-packages/airflow/example_dags/example_short_circuit_decorator.py
[2023-11-04T17:20:37.112+0000] {processor.py:839} INFO - DAG(s) dict_keys(['example_short_circuit_decorator']) retrieved from /home/airflow/.local/lib/python3.8/site-packages/airflow/example_dags/example_short_circuit_decorator.py
[2023-11-04T17:20:37.150+0000] {logging_mixin.py:151} INFO - [2023-11-04T17:20:37.150+0000] {dag.py:2941} INFO - Sync 1 DAGs
[2023-11-04T17:20:37.183+0000] {logging_mixin.py:151} INFO - [2023-11-04T17:20:37.183+0000] {dag.py:3722} INFO - Setting next_dagrun for example_short_circuit_decorator to 2023-11-03T17:20:37.182588+00:00, run_after=2023-11-04T17:20:37.182588+00:00
[2023-11-04T17:20:37.210+0000] {processor.py:179} INFO - Processing /home/airflow/.local/lib/python3.8/site-packages/airflow/example_dags/example_short_circuit_decorator.py took 0.123 seconds
[2023-11-04T17:21:07.839+0000] {processor.py:157} INFO - Started process (PID=3869) to work on /home/airflow/.local/lib/python3.8/site-packages/airflow/example_dags/example_short_circuit_decorator.py
[2023-11-04T17:21:07.842+0000] {processor.py:829} INFO - Processing file /home/airflow/.local/lib/python3.8/site-packages/airflow/example_dags/example_short_circuit_decorator.py for tasks to queue
[2023-11-04T17:21:07.844+0000] {logging_mixin.py:151} INFO - [2023-11-04T17:21:07.843+0000] {dagbag.py:536} INFO - Filling up the DagBag from /home/airflow/.local/lib/python3.8/site-packages/airflow/example_dags/example_short_circuit_decorator.py
[2023-11-04T17:21:07.863+0000] {processor.py:839} INFO - DAG(s) dict_keys(['example_short_circuit_decorator']) retrieved from /home/airflow/.local/lib/python3.8/site-packages/airflow/example_dags/example_short_circuit_decorator.py
[2023-11-04T17:21:07.906+0000] {logging_mixin.py:151} INFO - [2023-11-04T17:21:07.906+0000] {dag.py:2941} INFO - Sync 1 DAGs
[2023-11-04T17:21:07.952+0000] {logging_mixin.py:151} INFO - [2023-11-04T17:21:07.952+0000] {dag.py:3722} INFO - Setting next_dagrun for example_short_circuit_decorator to 2023-11-03T17:21:07.951838+00:00, run_after=2023-11-04T17:21:07.951838+00:00
[2023-11-04T17:21:07.990+0000] {processor.py:179} INFO - Processing /home/airflow/.local/lib/python3.8/site-packages/airflow/example_dags/example_short_circuit_decorator.py took 0.157 seconds
[2023-11-04T17:21:39.132+0000] {processor.py:157} INFO - Started process (PID=4151) to work on /home/airflow/.local/lib/python3.8/site-packages/airflow/example_dags/example_short_circuit_decorator.py
[2023-11-04T17:21:39.134+0000] {processor.py:829} INFO - Processing file /home/airflow/.local/lib/python3.8/site-packages/airflow/example_dags/example_short_circuit_decorator.py for tasks to queue
[2023-11-04T17:21:39.136+0000] {logging_mixin.py:151} INFO - [2023-11-04T17:21:39.136+0000] {dagbag.py:536} INFO - Filling up the DagBag from /home/airflow/.local/lib/python3.8/site-packages/airflow/example_dags/example_short_circuit_decorator.py
[2023-11-04T17:21:39.154+0000] {processor.py:839} INFO - DAG(s) dict_keys(['example_short_circuit_decorator']) retrieved from /home/airflow/.local/lib/python3.8/site-packages/airflow/example_dags/example_short_circuit_decorator.py
[2023-11-04T17:21:39.195+0000] {logging_mixin.py:151} INFO - [2023-11-04T17:21:39.194+0000] {dag.py:2941} INFO - Sync 1 DAGs
[2023-11-04T17:21:39.233+0000] {logging_mixin.py:151} INFO - [2023-11-04T17:21:39.233+0000] {dag.py:3722} INFO - Setting next_dagrun for example_short_circuit_decorator to 2023-11-03T17:21:39.232406+00:00, run_after=2023-11-04T17:21:39.232406+00:00
[2023-11-04T17:21:39.266+0000] {processor.py:179} INFO - Processing /home/airflow/.local/lib/python3.8/site-packages/airflow/example_dags/example_short_circuit_decorator.py took 0.138 seconds
[2023-11-04T17:22:09.832+0000] {processor.py:157} INFO - Started process (PID=4393) to work on /home/airflow/.local/lib/python3.8/site-packages/airflow/example_dags/example_short_circuit_decorator.py
[2023-11-04T17:22:09.834+0000] {processor.py:829} INFO - Processing file /home/airflow/.local/lib/python3.8/site-packages/airflow/example_dags/example_short_circuit_decorator.py for tasks to queue
[2023-11-04T17:22:09.837+0000] {logging_mixin.py:151} INFO - [2023-11-04T17:22:09.836+0000] {dagbag.py:536} INFO - Filling up the DagBag from /home/airflow/.local/lib/python3.8/site-packages/airflow/example_dags/example_short_circuit_decorator.py
[2023-11-04T17:22:09.872+0000] {processor.py:839} INFO - DAG(s) dict_keys(['example_short_circuit_decorator']) retrieved from /home/airflow/.local/lib/python3.8/site-packages/airflow/example_dags/example_short_circuit_decorator.py
[2023-11-04T17:22:09.938+0000] {logging_mixin.py:151} INFO - [2023-11-04T17:22:09.936+0000] {dag.py:2941} INFO - Sync 1 DAGs
[2023-11-04T17:22:10.002+0000] {logging_mixin.py:151} INFO - [2023-11-04T17:22:10.002+0000] {dag.py:3722} INFO - Setting next_dagrun for example_short_circuit_decorator to 2023-11-03T17:22:10.001402+00:00, run_after=2023-11-04T17:22:10.001402+00:00
[2023-11-04T17:22:10.051+0000] {processor.py:179} INFO - Processing /home/airflow/.local/lib/python3.8/site-packages/airflow/example_dags/example_short_circuit_decorator.py took 0.228 seconds
[2023-11-04T17:22:40.332+0000] {processor.py:157} INFO - Started process (PID=4631) to work on /home/airflow/.local/lib/python3.8/site-packages/airflow/example_dags/example_short_circuit_decorator.py
[2023-11-04T17:22:40.335+0000] {processor.py:829} INFO - Processing file /home/airflow/.local/lib/python3.8/site-packages/airflow/example_dags/example_short_circuit_decorator.py for tasks to queue
[2023-11-04T17:22:40.338+0000] {logging_mixin.py:151} INFO - [2023-11-04T17:22:40.338+0000] {dagbag.py:536} INFO - Filling up the DagBag from /home/airflow/.local/lib/python3.8/site-packages/airflow/example_dags/example_short_circuit_decorator.py
[2023-11-04T17:22:40.365+0000] {processor.py:839} INFO - DAG(s) dict_keys(['example_short_circuit_decorator']) retrieved from /home/airflow/.local/lib/python3.8/site-packages/airflow/example_dags/example_short_circuit_decorator.py
[2023-11-04T17:22:40.421+0000] {logging_mixin.py:151} INFO - [2023-11-04T17:22:40.421+0000] {dag.py:2941} INFO - Sync 1 DAGs
[2023-11-04T17:22:40.479+0000] {logging_mixin.py:151} INFO - [2023-11-04T17:22:40.479+0000] {dag.py:3722} INFO - Setting next_dagrun for example_short_circuit_decorator to 2023-11-03T17:22:40.479319+00:00, run_after=2023-11-04T17:22:40.479319+00:00
[2023-11-04T17:22:40.525+0000] {processor.py:179} INFO - Processing /home/airflow/.local/lib/python3.8/site-packages/airflow/example_dags/example_short_circuit_decorator.py took 0.198 seconds
