[2023-11-04T16:23:44.760+0000] {processor.py:157} INFO - Started process (PID=188) to work on /home/airflow/.local/lib/python3.8/site-packages/airflow/example_dags/example_python_operator.py
[2023-11-04T16:23:44.762+0000] {processor.py:829} INFO - Processing file /home/airflow/.local/lib/python3.8/site-packages/airflow/example_dags/example_python_operator.py for tasks to queue
[2023-11-04T16:23:44.764+0000] {logging_mixin.py:151} INFO - [2023-11-04T16:23:44.763+0000] {dagbag.py:536} INFO - Filling up the DagBag from /home/airflow/.local/lib/python3.8/site-packages/airflow/example_dags/example_python_operator.py
[2023-11-04T16:23:44.786+0000] {processor.py:839} INFO - DAG(s) dict_keys(['example_python_operator']) retrieved from /home/airflow/.local/lib/python3.8/site-packages/airflow/example_dags/example_python_operator.py
[2023-11-04T16:23:44.807+0000] {logging_mixin.py:151} INFO - [2023-11-04T16:23:44.806+0000] {dag.py:2941} INFO - Sync 1 DAGs
[2023-11-04T16:23:44.830+0000] {logging_mixin.py:151} INFO - [2023-11-04T16:23:44.830+0000] {dag.py:3722} INFO - Setting next_dagrun for example_python_operator to None, run_after=None
[2023-11-04T16:23:44.866+0000] {processor.py:179} INFO - Processing /home/airflow/.local/lib/python3.8/site-packages/airflow/example_dags/example_python_operator.py took 0.113 seconds
[2023-11-04T16:24:15.297+0000] {processor.py:157} INFO - Started process (PID=426) to work on /home/airflow/.local/lib/python3.8/site-packages/airflow/example_dags/example_python_operator.py
[2023-11-04T16:24:15.299+0000] {processor.py:829} INFO - Processing file /home/airflow/.local/lib/python3.8/site-packages/airflow/example_dags/example_python_operator.py for tasks to queue
[2023-11-04T16:24:15.301+0000] {logging_mixin.py:151} INFO - [2023-11-04T16:24:15.300+0000] {dagbag.py:536} INFO - Filling up the DagBag from /home/airflow/.local/lib/python3.8/site-packages/airflow/example_dags/example_python_operator.py
[2023-11-04T16:24:15.318+0000] {processor.py:839} INFO - DAG(s) dict_keys(['example_python_operator']) retrieved from /home/airflow/.local/lib/python3.8/site-packages/airflow/example_dags/example_python_operator.py
[2023-11-04T16:24:15.590+0000] {logging_mixin.py:151} INFO - [2023-11-04T16:24:15.589+0000] {dag.py:2941} INFO - Sync 1 DAGs
[2023-11-04T16:24:15.608+0000] {logging_mixin.py:151} INFO - [2023-11-04T16:24:15.607+0000] {dag.py:3722} INFO - Setting next_dagrun for example_python_operator to None, run_after=None
[2023-11-04T16:24:15.640+0000] {processor.py:179} INFO - Processing /home/airflow/.local/lib/python3.8/site-packages/airflow/example_dags/example_python_operator.py took 0.347 seconds
[2023-11-04T16:24:45.888+0000] {processor.py:157} INFO - Started process (PID=666) to work on /home/airflow/.local/lib/python3.8/site-packages/airflow/example_dags/example_python_operator.py
[2023-11-04T16:24:45.889+0000] {processor.py:829} INFO - Processing file /home/airflow/.local/lib/python3.8/site-packages/airflow/example_dags/example_python_operator.py for tasks to queue
[2023-11-04T16:24:45.891+0000] {logging_mixin.py:151} INFO - [2023-11-04T16:24:45.890+0000] {dagbag.py:536} INFO - Filling up the DagBag from /home/airflow/.local/lib/python3.8/site-packages/airflow/example_dags/example_python_operator.py
[2023-11-04T16:24:45.908+0000] {processor.py:839} INFO - DAG(s) dict_keys(['example_python_operator']) retrieved from /home/airflow/.local/lib/python3.8/site-packages/airflow/example_dags/example_python_operator.py
[2023-11-04T16:24:45.949+0000] {logging_mixin.py:151} INFO - [2023-11-04T16:24:45.948+0000] {dag.py:2941} INFO - Sync 1 DAGs
[2023-11-04T16:24:45.967+0000] {logging_mixin.py:151} INFO - [2023-11-04T16:24:45.967+0000] {dag.py:3722} INFO - Setting next_dagrun for example_python_operator to None, run_after=None
[2023-11-04T16:24:45.997+0000] {processor.py:179} INFO - Processing /home/airflow/.local/lib/python3.8/site-packages/airflow/example_dags/example_python_operator.py took 0.115 seconds
[2023-11-04T16:25:16.153+0000] {processor.py:157} INFO - Started process (PID=904) to work on /home/airflow/.local/lib/python3.8/site-packages/airflow/example_dags/example_python_operator.py
[2023-11-04T16:25:16.155+0000] {processor.py:829} INFO - Processing file /home/airflow/.local/lib/python3.8/site-packages/airflow/example_dags/example_python_operator.py for tasks to queue
[2023-11-04T16:25:16.156+0000] {logging_mixin.py:151} INFO - [2023-11-04T16:25:16.156+0000] {dagbag.py:536} INFO - Filling up the DagBag from /home/airflow/.local/lib/python3.8/site-packages/airflow/example_dags/example_python_operator.py
[2023-11-04T16:25:16.173+0000] {processor.py:839} INFO - DAG(s) dict_keys(['example_python_operator']) retrieved from /home/airflow/.local/lib/python3.8/site-packages/airflow/example_dags/example_python_operator.py
[2023-11-04T16:25:16.210+0000] {logging_mixin.py:151} INFO - [2023-11-04T16:25:16.210+0000] {dag.py:2941} INFO - Sync 1 DAGs
[2023-11-04T16:25:16.231+0000] {logging_mixin.py:151} INFO - [2023-11-04T16:25:16.231+0000] {dag.py:3722} INFO - Setting next_dagrun for example_python_operator to None, run_after=None
[2023-11-04T16:25:16.265+0000] {processor.py:179} INFO - Processing /home/airflow/.local/lib/python3.8/site-packages/airflow/example_dags/example_python_operator.py took 0.117 seconds
[2023-11-04T16:25:46.555+0000] {processor.py:157} INFO - Started process (PID=1140) to work on /home/airflow/.local/lib/python3.8/site-packages/airflow/example_dags/example_python_operator.py
[2023-11-04T16:25:46.557+0000] {processor.py:829} INFO - Processing file /home/airflow/.local/lib/python3.8/site-packages/airflow/example_dags/example_python_operator.py for tasks to queue
[2023-11-04T16:25:46.558+0000] {logging_mixin.py:151} INFO - [2023-11-04T16:25:46.558+0000] {dagbag.py:536} INFO - Filling up the DagBag from /home/airflow/.local/lib/python3.8/site-packages/airflow/example_dags/example_python_operator.py
[2023-11-04T16:25:46.576+0000] {processor.py:839} INFO - DAG(s) dict_keys(['example_python_operator']) retrieved from /home/airflow/.local/lib/python3.8/site-packages/airflow/example_dags/example_python_operator.py
[2023-11-04T16:25:46.615+0000] {logging_mixin.py:151} INFO - [2023-11-04T16:25:46.614+0000] {dag.py:2941} INFO - Sync 1 DAGs
[2023-11-04T16:25:46.635+0000] {logging_mixin.py:151} INFO - [2023-11-04T16:25:46.635+0000] {dag.py:3722} INFO - Setting next_dagrun for example_python_operator to None, run_after=None
[2023-11-04T16:25:46.666+0000] {processor.py:179} INFO - Processing /home/airflow/.local/lib/python3.8/site-packages/airflow/example_dags/example_python_operator.py took 0.116 seconds
[2023-11-04T16:26:17.054+0000] {processor.py:157} INFO - Started process (PID=1380) to work on /home/airflow/.local/lib/python3.8/site-packages/airflow/example_dags/example_python_operator.py
[2023-11-04T16:26:17.056+0000] {processor.py:829} INFO - Processing file /home/airflow/.local/lib/python3.8/site-packages/airflow/example_dags/example_python_operator.py for tasks to queue
[2023-11-04T16:26:17.058+0000] {logging_mixin.py:151} INFO - [2023-11-04T16:26:17.057+0000] {dagbag.py:536} INFO - Filling up the DagBag from /home/airflow/.local/lib/python3.8/site-packages/airflow/example_dags/example_python_operator.py
[2023-11-04T16:26:17.075+0000] {processor.py:839} INFO - DAG(s) dict_keys(['example_python_operator']) retrieved from /home/airflow/.local/lib/python3.8/site-packages/airflow/example_dags/example_python_operator.py
[2023-11-04T16:26:17.096+0000] {logging_mixin.py:151} INFO - [2023-11-04T16:26:17.096+0000] {dag.py:2941} INFO - Sync 1 DAGs
[2023-11-04T16:26:17.120+0000] {logging_mixin.py:151} INFO - [2023-11-04T16:26:17.120+0000] {dag.py:3722} INFO - Setting next_dagrun for example_python_operator to None, run_after=None
[2023-11-04T16:26:17.200+0000] {processor.py:179} INFO - Processing /home/airflow/.local/lib/python3.8/site-packages/airflow/example_dags/example_python_operator.py took 0.151 seconds
[2023-11-04T16:26:47.568+0000] {processor.py:157} INFO - Started process (PID=1618) to work on /home/airflow/.local/lib/python3.8/site-packages/airflow/example_dags/example_python_operator.py
[2023-11-04T16:26:47.570+0000] {processor.py:829} INFO - Processing file /home/airflow/.local/lib/python3.8/site-packages/airflow/example_dags/example_python_operator.py for tasks to queue
[2023-11-04T16:26:47.572+0000] {logging_mixin.py:151} INFO - [2023-11-04T16:26:47.572+0000] {dagbag.py:536} INFO - Filling up the DagBag from /home/airflow/.local/lib/python3.8/site-packages/airflow/example_dags/example_python_operator.py
[2023-11-04T16:26:47.588+0000] {processor.py:839} INFO - DAG(s) dict_keys(['example_python_operator']) retrieved from /home/airflow/.local/lib/python3.8/site-packages/airflow/example_dags/example_python_operator.py
[2023-11-04T16:26:47.754+0000] {logging_mixin.py:151} INFO - [2023-11-04T16:26:47.754+0000] {dag.py:2941} INFO - Sync 1 DAGs
[2023-11-04T16:26:47.770+0000] {logging_mixin.py:151} INFO - [2023-11-04T16:26:47.770+0000] {dag.py:3722} INFO - Setting next_dagrun for example_python_operator to None, run_after=None
[2023-11-04T16:26:47.800+0000] {processor.py:179} INFO - Processing /home/airflow/.local/lib/python3.8/site-packages/airflow/example_dags/example_python_operator.py took 0.237 seconds
[2023-11-04T16:27:17.932+0000] {processor.py:157} INFO - Started process (PID=1854) to work on /home/airflow/.local/lib/python3.8/site-packages/airflow/example_dags/example_python_operator.py
[2023-11-04T16:27:17.934+0000] {processor.py:829} INFO - Processing file /home/airflow/.local/lib/python3.8/site-packages/airflow/example_dags/example_python_operator.py for tasks to queue
[2023-11-04T16:27:17.935+0000] {logging_mixin.py:151} INFO - [2023-11-04T16:27:17.935+0000] {dagbag.py:536} INFO - Filling up the DagBag from /home/airflow/.local/lib/python3.8/site-packages/airflow/example_dags/example_python_operator.py
[2023-11-04T16:27:17.952+0000] {processor.py:839} INFO - DAG(s) dict_keys(['example_python_operator']) retrieved from /home/airflow/.local/lib/python3.8/site-packages/airflow/example_dags/example_python_operator.py
[2023-11-04T16:27:17.992+0000] {logging_mixin.py:151} INFO - [2023-11-04T16:27:17.992+0000] {dag.py:2941} INFO - Sync 1 DAGs
[2023-11-04T16:27:18.014+0000] {logging_mixin.py:151} INFO - [2023-11-04T16:27:18.013+0000] {dag.py:3722} INFO - Setting next_dagrun for example_python_operator to None, run_after=None
[2023-11-04T16:27:18.049+0000] {processor.py:179} INFO - Processing /home/airflow/.local/lib/python3.8/site-packages/airflow/example_dags/example_python_operator.py took 0.122 seconds
[2023-11-04T16:27:48.410+0000] {processor.py:157} INFO - Started process (PID=2093) to work on /home/airflow/.local/lib/python3.8/site-packages/airflow/example_dags/example_python_operator.py
[2023-11-04T16:27:48.412+0000] {processor.py:829} INFO - Processing file /home/airflow/.local/lib/python3.8/site-packages/airflow/example_dags/example_python_operator.py for tasks to queue
[2023-11-04T16:27:48.414+0000] {logging_mixin.py:151} INFO - [2023-11-04T16:27:48.414+0000] {dagbag.py:536} INFO - Filling up the DagBag from /home/airflow/.local/lib/python3.8/site-packages/airflow/example_dags/example_python_operator.py
[2023-11-04T16:27:48.432+0000] {processor.py:839} INFO - DAG(s) dict_keys(['example_python_operator']) retrieved from /home/airflow/.local/lib/python3.8/site-packages/airflow/example_dags/example_python_operator.py
[2023-11-04T16:27:48.453+0000] {logging_mixin.py:151} INFO - [2023-11-04T16:27:48.453+0000] {dag.py:2941} INFO - Sync 1 DAGs
[2023-11-04T16:27:48.478+0000] {logging_mixin.py:151} INFO - [2023-11-04T16:27:48.477+0000] {dag.py:3722} INFO - Setting next_dagrun for example_python_operator to None, run_after=None
[2023-11-04T16:27:48.519+0000] {processor.py:179} INFO - Processing /home/airflow/.local/lib/python3.8/site-packages/airflow/example_dags/example_python_operator.py took 0.113 seconds
[2023-11-04T16:28:19.347+0000] {processor.py:157} INFO - Started process (PID=2331) to work on /home/airflow/.local/lib/python3.8/site-packages/airflow/example_dags/example_python_operator.py
[2023-11-04T16:28:19.349+0000] {processor.py:829} INFO - Processing file /home/airflow/.local/lib/python3.8/site-packages/airflow/example_dags/example_python_operator.py for tasks to queue
[2023-11-04T16:28:19.351+0000] {logging_mixin.py:151} INFO - [2023-11-04T16:28:19.350+0000] {dagbag.py:536} INFO - Filling up the DagBag from /home/airflow/.local/lib/python3.8/site-packages/airflow/example_dags/example_python_operator.py
[2023-11-04T16:28:19.370+0000] {processor.py:839} INFO - DAG(s) dict_keys(['example_python_operator']) retrieved from /home/airflow/.local/lib/python3.8/site-packages/airflow/example_dags/example_python_operator.py
[2023-11-04T16:28:19.539+0000] {logging_mixin.py:151} INFO - [2023-11-04T16:28:19.539+0000] {dag.py:2941} INFO - Sync 1 DAGs
[2023-11-04T16:28:19.562+0000] {logging_mixin.py:151} INFO - [2023-11-04T16:28:19.562+0000] {dag.py:3722} INFO - Setting next_dagrun for example_python_operator to None, run_after=None
[2023-11-04T16:28:19.606+0000] {processor.py:179} INFO - Processing /home/airflow/.local/lib/python3.8/site-packages/airflow/example_dags/example_python_operator.py took 0.264 seconds
[2023-11-04T16:28:50.135+0000] {processor.py:157} INFO - Started process (PID=2571) to work on /home/airflow/.local/lib/python3.8/site-packages/airflow/example_dags/example_python_operator.py
[2023-11-04T16:28:50.137+0000] {processor.py:829} INFO - Processing file /home/airflow/.local/lib/python3.8/site-packages/airflow/example_dags/example_python_operator.py for tasks to queue
[2023-11-04T16:28:50.140+0000] {logging_mixin.py:151} INFO - [2023-11-04T16:28:50.140+0000] {dagbag.py:536} INFO - Filling up the DagBag from /home/airflow/.local/lib/python3.8/site-packages/airflow/example_dags/example_python_operator.py
[2023-11-04T16:28:50.158+0000] {processor.py:839} INFO - DAG(s) dict_keys(['example_python_operator']) retrieved from /home/airflow/.local/lib/python3.8/site-packages/airflow/example_dags/example_python_operator.py
[2023-11-04T16:28:50.198+0000] {logging_mixin.py:151} INFO - [2023-11-04T16:28:50.197+0000] {dag.py:2941} INFO - Sync 1 DAGs
[2023-11-04T16:28:50.220+0000] {logging_mixin.py:151} INFO - [2023-11-04T16:28:50.219+0000] {dag.py:3722} INFO - Setting next_dagrun for example_python_operator to None, run_after=None
[2023-11-04T16:28:50.250+0000] {processor.py:179} INFO - Processing /home/airflow/.local/lib/python3.8/site-packages/airflow/example_dags/example_python_operator.py took 0.119 seconds
[2023-11-04T16:29:20.789+0000] {processor.py:157} INFO - Started process (PID=2808) to work on /home/airflow/.local/lib/python3.8/site-packages/airflow/example_dags/example_python_operator.py
[2023-11-04T16:29:20.790+0000] {processor.py:829} INFO - Processing file /home/airflow/.local/lib/python3.8/site-packages/airflow/example_dags/example_python_operator.py for tasks to queue
[2023-11-04T16:29:20.792+0000] {logging_mixin.py:151} INFO - [2023-11-04T16:29:20.792+0000] {dagbag.py:536} INFO - Filling up the DagBag from /home/airflow/.local/lib/python3.8/site-packages/airflow/example_dags/example_python_operator.py
[2023-11-04T16:29:20.809+0000] {processor.py:839} INFO - DAG(s) dict_keys(['example_python_operator']) retrieved from /home/airflow/.local/lib/python3.8/site-packages/airflow/example_dags/example_python_operator.py
[2023-11-04T16:29:20.847+0000] {logging_mixin.py:151} INFO - [2023-11-04T16:29:20.847+0000] {dag.py:2941} INFO - Sync 1 DAGs
[2023-11-04T16:29:20.867+0000] {logging_mixin.py:151} INFO - [2023-11-04T16:29:20.867+0000] {dag.py:3722} INFO - Setting next_dagrun for example_python_operator to None, run_after=None
[2023-11-04T16:29:20.896+0000] {processor.py:179} INFO - Processing /home/airflow/.local/lib/python3.8/site-packages/airflow/example_dags/example_python_operator.py took 0.112 seconds
[2023-11-04T16:29:51.155+0000] {processor.py:157} INFO - Started process (PID=3047) to work on /home/airflow/.local/lib/python3.8/site-packages/airflow/example_dags/example_python_operator.py
[2023-11-04T16:29:51.156+0000] {processor.py:829} INFO - Processing file /home/airflow/.local/lib/python3.8/site-packages/airflow/example_dags/example_python_operator.py for tasks to queue
[2023-11-04T16:29:51.158+0000] {logging_mixin.py:151} INFO - [2023-11-04T16:29:51.158+0000] {dagbag.py:536} INFO - Filling up the DagBag from /home/airflow/.local/lib/python3.8/site-packages/airflow/example_dags/example_python_operator.py
[2023-11-04T16:29:51.175+0000] {processor.py:839} INFO - DAG(s) dict_keys(['example_python_operator']) retrieved from /home/airflow/.local/lib/python3.8/site-packages/airflow/example_dags/example_python_operator.py
[2023-11-04T16:29:51.195+0000] {logging_mixin.py:151} INFO - [2023-11-04T16:29:51.195+0000] {dag.py:2941} INFO - Sync 1 DAGs
[2023-11-04T16:29:51.219+0000] {logging_mixin.py:151} INFO - [2023-11-04T16:29:51.219+0000] {dag.py:3722} INFO - Setting next_dagrun for example_python_operator to None, run_after=None
[2023-11-04T16:29:51.254+0000] {processor.py:179} INFO - Processing /home/airflow/.local/lib/python3.8/site-packages/airflow/example_dags/example_python_operator.py took 0.104 seconds
[2023-11-04T16:30:21.692+0000] {processor.py:157} INFO - Started process (PID=3285) to work on /home/airflow/.local/lib/python3.8/site-packages/airflow/example_dags/example_python_operator.py
[2023-11-04T16:30:21.694+0000] {processor.py:829} INFO - Processing file /home/airflow/.local/lib/python3.8/site-packages/airflow/example_dags/example_python_operator.py for tasks to queue
[2023-11-04T16:30:21.695+0000] {logging_mixin.py:151} INFO - [2023-11-04T16:30:21.695+0000] {dagbag.py:536} INFO - Filling up the DagBag from /home/airflow/.local/lib/python3.8/site-packages/airflow/example_dags/example_python_operator.py
[2023-11-04T16:30:21.711+0000] {processor.py:839} INFO - DAG(s) dict_keys(['example_python_operator']) retrieved from /home/airflow/.local/lib/python3.8/site-packages/airflow/example_dags/example_python_operator.py
[2023-11-04T16:30:21.876+0000] {logging_mixin.py:151} INFO - [2023-11-04T16:30:21.876+0000] {dag.py:2941} INFO - Sync 1 DAGs
[2023-11-04T16:30:21.893+0000] {logging_mixin.py:151} INFO - [2023-11-04T16:30:21.893+0000] {dag.py:3722} INFO - Setting next_dagrun for example_python_operator to None, run_after=None
[2023-11-04T16:30:21.925+0000] {processor.py:179} INFO - Processing /home/airflow/.local/lib/python3.8/site-packages/airflow/example_dags/example_python_operator.py took 0.238 seconds
[2023-11-04T16:30:52.145+0000] {processor.py:157} INFO - Started process (PID=3519) to work on /home/airflow/.local/lib/python3.8/site-packages/airflow/example_dags/example_python_operator.py
[2023-11-04T16:30:52.153+0000] {processor.py:829} INFO - Processing file /home/airflow/.local/lib/python3.8/site-packages/airflow/example_dags/example_python_operator.py for tasks to queue
[2023-11-04T16:30:52.157+0000] {logging_mixin.py:151} INFO - [2023-11-04T16:30:52.156+0000] {dagbag.py:536} INFO - Filling up the DagBag from /home/airflow/.local/lib/python3.8/site-packages/airflow/example_dags/example_python_operator.py
[2023-11-04T16:30:52.201+0000] {processor.py:839} INFO - DAG(s) dict_keys(['example_python_operator']) retrieved from /home/airflow/.local/lib/python3.8/site-packages/airflow/example_dags/example_python_operator.py
[2023-11-04T16:30:52.277+0000] {logging_mixin.py:151} INFO - [2023-11-04T16:30:52.276+0000] {dag.py:2941} INFO - Sync 1 DAGs
[2023-11-04T16:30:52.311+0000] {logging_mixin.py:151} INFO - [2023-11-04T16:30:52.311+0000] {dag.py:3722} INFO - Setting next_dagrun for example_python_operator to None, run_after=None
[2023-11-04T16:30:52.373+0000] {processor.py:179} INFO - Processing /home/airflow/.local/lib/python3.8/site-packages/airflow/example_dags/example_python_operator.py took 0.237 seconds
[2023-11-04T16:31:23.115+0000] {processor.py:157} INFO - Started process (PID=3759) to work on /home/airflow/.local/lib/python3.8/site-packages/airflow/example_dags/example_python_operator.py
[2023-11-04T16:31:23.116+0000] {processor.py:829} INFO - Processing file /home/airflow/.local/lib/python3.8/site-packages/airflow/example_dags/example_python_operator.py for tasks to queue
[2023-11-04T16:31:23.118+0000] {logging_mixin.py:151} INFO - [2023-11-04T16:31:23.118+0000] {dagbag.py:536} INFO - Filling up the DagBag from /home/airflow/.local/lib/python3.8/site-packages/airflow/example_dags/example_python_operator.py
[2023-11-04T16:31:23.135+0000] {processor.py:839} INFO - DAG(s) dict_keys(['example_python_operator']) retrieved from /home/airflow/.local/lib/python3.8/site-packages/airflow/example_dags/example_python_operator.py
[2023-11-04T16:31:23.176+0000] {logging_mixin.py:151} INFO - [2023-11-04T16:31:23.175+0000] {dag.py:2941} INFO - Sync 1 DAGs
[2023-11-04T16:31:23.206+0000] {logging_mixin.py:151} INFO - [2023-11-04T16:31:23.205+0000] {dag.py:3722} INFO - Setting next_dagrun for example_python_operator to None, run_after=None
[2023-11-04T16:31:23.246+0000] {processor.py:179} INFO - Processing /home/airflow/.local/lib/python3.8/site-packages/airflow/example_dags/example_python_operator.py took 0.137 seconds
[2023-11-04T16:31:53.679+0000] {processor.py:157} INFO - Started process (PID=3997) to work on /home/airflow/.local/lib/python3.8/site-packages/airflow/example_dags/example_python_operator.py
[2023-11-04T16:31:53.681+0000] {processor.py:829} INFO - Processing file /home/airflow/.local/lib/python3.8/site-packages/airflow/example_dags/example_python_operator.py for tasks to queue
[2023-11-04T16:31:53.683+0000] {logging_mixin.py:151} INFO - [2023-11-04T16:31:53.683+0000] {dagbag.py:536} INFO - Filling up the DagBag from /home/airflow/.local/lib/python3.8/site-packages/airflow/example_dags/example_python_operator.py
[2023-11-04T16:31:53.702+0000] {processor.py:839} INFO - DAG(s) dict_keys(['example_python_operator']) retrieved from /home/airflow/.local/lib/python3.8/site-packages/airflow/example_dags/example_python_operator.py
[2023-11-04T16:31:53.733+0000] {logging_mixin.py:151} INFO - [2023-11-04T16:31:53.732+0000] {dag.py:2941} INFO - Sync 1 DAGs
[2023-11-04T16:31:53.759+0000] {logging_mixin.py:151} INFO - [2023-11-04T16:31:53.759+0000] {dag.py:3722} INFO - Setting next_dagrun for example_python_operator to None, run_after=None
[2023-11-04T16:31:53.789+0000] {processor.py:179} INFO - Processing /home/airflow/.local/lib/python3.8/site-packages/airflow/example_dags/example_python_operator.py took 0.116 seconds
[2023-11-04T16:32:24.248+0000] {processor.py:157} INFO - Started process (PID=4235) to work on /home/airflow/.local/lib/python3.8/site-packages/airflow/example_dags/example_python_operator.py
[2023-11-04T16:32:24.256+0000] {processor.py:829} INFO - Processing file /home/airflow/.local/lib/python3.8/site-packages/airflow/example_dags/example_python_operator.py for tasks to queue
[2023-11-04T16:32:24.258+0000] {logging_mixin.py:151} INFO - [2023-11-04T16:32:24.257+0000] {dagbag.py:536} INFO - Filling up the DagBag from /home/airflow/.local/lib/python3.8/site-packages/airflow/example_dags/example_python_operator.py
[2023-11-04T16:32:24.281+0000] {processor.py:839} INFO - DAG(s) dict_keys(['example_python_operator']) retrieved from /home/airflow/.local/lib/python3.8/site-packages/airflow/example_dags/example_python_operator.py
[2023-11-04T16:32:24.557+0000] {logging_mixin.py:151} INFO - [2023-11-04T16:32:24.557+0000] {dag.py:2941} INFO - Sync 1 DAGs
[2023-11-04T16:32:24.576+0000] {logging_mixin.py:151} INFO - [2023-11-04T16:32:24.576+0000] {dag.py:3722} INFO - Setting next_dagrun for example_python_operator to None, run_after=None
[2023-11-04T16:32:24.613+0000] {processor.py:179} INFO - Processing /home/airflow/.local/lib/python3.8/site-packages/airflow/example_dags/example_python_operator.py took 0.373 seconds
[2023-11-04T16:32:54.698+0000] {processor.py:157} INFO - Started process (PID=4475) to work on /home/airflow/.local/lib/python3.8/site-packages/airflow/example_dags/example_python_operator.py
[2023-11-04T16:32:54.700+0000] {processor.py:829} INFO - Processing file /home/airflow/.local/lib/python3.8/site-packages/airflow/example_dags/example_python_operator.py for tasks to queue
[2023-11-04T16:32:54.701+0000] {logging_mixin.py:151} INFO - [2023-11-04T16:32:54.701+0000] {dagbag.py:536} INFO - Filling up the DagBag from /home/airflow/.local/lib/python3.8/site-packages/airflow/example_dags/example_python_operator.py
[2023-11-04T16:32:54.717+0000] {processor.py:839} INFO - DAG(s) dict_keys(['example_python_operator']) retrieved from /home/airflow/.local/lib/python3.8/site-packages/airflow/example_dags/example_python_operator.py
[2023-11-04T16:32:54.758+0000] {logging_mixin.py:151} INFO - [2023-11-04T16:32:54.758+0000] {dag.py:2941} INFO - Sync 1 DAGs
[2023-11-04T16:32:54.777+0000] {logging_mixin.py:151} INFO - [2023-11-04T16:32:54.777+0000] {dag.py:3722} INFO - Setting next_dagrun for example_python_operator to None, run_after=None
[2023-11-04T16:32:54.813+0000] {processor.py:179} INFO - Processing /home/airflow/.local/lib/python3.8/site-packages/airflow/example_dags/example_python_operator.py took 0.120 seconds
[2023-11-04T16:33:24.945+0000] {processor.py:157} INFO - Started process (PID=4713) to work on /home/airflow/.local/lib/python3.8/site-packages/airflow/example_dags/example_python_operator.py
[2023-11-04T16:33:24.947+0000] {processor.py:829} INFO - Processing file /home/airflow/.local/lib/python3.8/site-packages/airflow/example_dags/example_python_operator.py for tasks to queue
[2023-11-04T16:33:24.948+0000] {logging_mixin.py:151} INFO - [2023-11-04T16:33:24.948+0000] {dagbag.py:536} INFO - Filling up the DagBag from /home/airflow/.local/lib/python3.8/site-packages/airflow/example_dags/example_python_operator.py
[2023-11-04T16:33:24.965+0000] {processor.py:839} INFO - DAG(s) dict_keys(['example_python_operator']) retrieved from /home/airflow/.local/lib/python3.8/site-packages/airflow/example_dags/example_python_operator.py
[2023-11-04T16:33:25.003+0000] {logging_mixin.py:151} INFO - [2023-11-04T16:33:25.003+0000] {dag.py:2941} INFO - Sync 1 DAGs
[2023-11-04T16:33:25.024+0000] {logging_mixin.py:151} INFO - [2023-11-04T16:33:25.024+0000] {dag.py:3722} INFO - Setting next_dagrun for example_python_operator to None, run_after=None
[2023-11-04T16:33:25.054+0000] {processor.py:179} INFO - Processing /home/airflow/.local/lib/python3.8/site-packages/airflow/example_dags/example_python_operator.py took 0.113 seconds
[2023-11-04T16:33:55.118+0000] {processor.py:157} INFO - Started process (PID=4951) to work on /home/airflow/.local/lib/python3.8/site-packages/airflow/example_dags/example_python_operator.py
[2023-11-04T16:33:55.119+0000] {processor.py:829} INFO - Processing file /home/airflow/.local/lib/python3.8/site-packages/airflow/example_dags/example_python_operator.py for tasks to queue
[2023-11-04T16:33:55.121+0000] {logging_mixin.py:151} INFO - [2023-11-04T16:33:55.120+0000] {dagbag.py:536} INFO - Filling up the DagBag from /home/airflow/.local/lib/python3.8/site-packages/airflow/example_dags/example_python_operator.py
[2023-11-04T16:33:55.137+0000] {processor.py:839} INFO - DAG(s) dict_keys(['example_python_operator']) retrieved from /home/airflow/.local/lib/python3.8/site-packages/airflow/example_dags/example_python_operator.py
[2023-11-04T16:33:55.175+0000] {logging_mixin.py:151} INFO - [2023-11-04T16:33:55.174+0000] {dag.py:2941} INFO - Sync 1 DAGs
[2023-11-04T16:33:55.194+0000] {logging_mixin.py:151} INFO - [2023-11-04T16:33:55.193+0000] {dag.py:3722} INFO - Setting next_dagrun for example_python_operator to None, run_after=None
[2023-11-04T16:33:55.228+0000] {processor.py:179} INFO - Processing /home/airflow/.local/lib/python3.8/site-packages/airflow/example_dags/example_python_operator.py took 0.115 seconds
[2023-11-04T16:34:25.528+0000] {processor.py:157} INFO - Started process (PID=5187) to work on /home/airflow/.local/lib/python3.8/site-packages/airflow/example_dags/example_python_operator.py
[2023-11-04T16:34:25.530+0000] {processor.py:829} INFO - Processing file /home/airflow/.local/lib/python3.8/site-packages/airflow/example_dags/example_python_operator.py for tasks to queue
[2023-11-04T16:34:25.532+0000] {logging_mixin.py:151} INFO - [2023-11-04T16:34:25.532+0000] {dagbag.py:536} INFO - Filling up the DagBag from /home/airflow/.local/lib/python3.8/site-packages/airflow/example_dags/example_python_operator.py
[2023-11-04T16:34:25.555+0000] {processor.py:839} INFO - DAG(s) dict_keys(['example_python_operator']) retrieved from /home/airflow/.local/lib/python3.8/site-packages/airflow/example_dags/example_python_operator.py
[2023-11-04T16:34:25.653+0000] {logging_mixin.py:151} INFO - [2023-11-04T16:34:25.653+0000] {dag.py:2941} INFO - Sync 1 DAGs
[2023-11-04T16:34:25.678+0000] {logging_mixin.py:151} INFO - [2023-11-04T16:34:25.678+0000] {dag.py:3722} INFO - Setting next_dagrun for example_python_operator to None, run_after=None
[2023-11-04T16:34:25.709+0000] {processor.py:179} INFO - Processing /home/airflow/.local/lib/python3.8/site-packages/airflow/example_dags/example_python_operator.py took 0.188 seconds
[2023-11-04T16:34:56.505+0000] {processor.py:157} INFO - Started process (PID=5425) to work on /home/airflow/.local/lib/python3.8/site-packages/airflow/example_dags/example_python_operator.py
[2023-11-04T16:34:56.507+0000] {processor.py:829} INFO - Processing file /home/airflow/.local/lib/python3.8/site-packages/airflow/example_dags/example_python_operator.py for tasks to queue
[2023-11-04T16:34:56.508+0000] {logging_mixin.py:151} INFO - [2023-11-04T16:34:56.508+0000] {dagbag.py:536} INFO - Filling up the DagBag from /home/airflow/.local/lib/python3.8/site-packages/airflow/example_dags/example_python_operator.py
[2023-11-04T16:34:56.525+0000] {processor.py:839} INFO - DAG(s) dict_keys(['example_python_operator']) retrieved from /home/airflow/.local/lib/python3.8/site-packages/airflow/example_dags/example_python_operator.py
[2023-11-04T16:34:56.563+0000] {logging_mixin.py:151} INFO - [2023-11-04T16:34:56.563+0000] {dag.py:2941} INFO - Sync 1 DAGs
[2023-11-04T16:34:56.585+0000] {logging_mixin.py:151} INFO - [2023-11-04T16:34:56.585+0000] {dag.py:3722} INFO - Setting next_dagrun for example_python_operator to None, run_after=None
[2023-11-04T16:34:56.624+0000] {processor.py:179} INFO - Processing /home/airflow/.local/lib/python3.8/site-packages/airflow/example_dags/example_python_operator.py took 0.124 seconds
[2023-11-04T16:35:27.373+0000] {processor.py:157} INFO - Started process (PID=5663) to work on /home/airflow/.local/lib/python3.8/site-packages/airflow/example_dags/example_python_operator.py
[2023-11-04T16:35:27.375+0000] {processor.py:829} INFO - Processing file /home/airflow/.local/lib/python3.8/site-packages/airflow/example_dags/example_python_operator.py for tasks to queue
[2023-11-04T16:35:27.376+0000] {logging_mixin.py:151} INFO - [2023-11-04T16:35:27.376+0000] {dagbag.py:536} INFO - Filling up the DagBag from /home/airflow/.local/lib/python3.8/site-packages/airflow/example_dags/example_python_operator.py
[2023-11-04T16:35:27.392+0000] {processor.py:839} INFO - DAG(s) dict_keys(['example_python_operator']) retrieved from /home/airflow/.local/lib/python3.8/site-packages/airflow/example_dags/example_python_operator.py
[2023-11-04T16:35:27.430+0000] {logging_mixin.py:151} INFO - [2023-11-04T16:35:27.430+0000] {dag.py:2941} INFO - Sync 1 DAGs
[2023-11-04T16:35:27.450+0000] {logging_mixin.py:151} INFO - [2023-11-04T16:35:27.450+0000] {dag.py:3722} INFO - Setting next_dagrun for example_python_operator to None, run_after=None
[2023-11-04T16:35:27.485+0000] {processor.py:179} INFO - Processing /home/airflow/.local/lib/python3.8/site-packages/airflow/example_dags/example_python_operator.py took 0.117 seconds
[2023-11-04T16:35:57.562+0000] {processor.py:157} INFO - Started process (PID=5901) to work on /home/airflow/.local/lib/python3.8/site-packages/airflow/example_dags/example_python_operator.py
[2023-11-04T16:35:57.563+0000] {processor.py:829} INFO - Processing file /home/airflow/.local/lib/python3.8/site-packages/airflow/example_dags/example_python_operator.py for tasks to queue
[2023-11-04T16:35:57.565+0000] {logging_mixin.py:151} INFO - [2023-11-04T16:35:57.564+0000] {dagbag.py:536} INFO - Filling up the DagBag from /home/airflow/.local/lib/python3.8/site-packages/airflow/example_dags/example_python_operator.py
[2023-11-04T16:35:57.581+0000] {processor.py:839} INFO - DAG(s) dict_keys(['example_python_operator']) retrieved from /home/airflow/.local/lib/python3.8/site-packages/airflow/example_dags/example_python_operator.py
[2023-11-04T16:35:57.621+0000] {logging_mixin.py:151} INFO - [2023-11-04T16:35:57.620+0000] {dag.py:2941} INFO - Sync 1 DAGs
[2023-11-04T16:35:57.642+0000] {logging_mixin.py:151} INFO - [2023-11-04T16:35:57.641+0000] {dag.py:3722} INFO - Setting next_dagrun for example_python_operator to None, run_after=None
[2023-11-04T16:35:57.670+0000] {processor.py:179} INFO - Processing /home/airflow/.local/lib/python3.8/site-packages/airflow/example_dags/example_python_operator.py took 0.113 seconds
[2023-11-04T16:36:27.945+0000] {processor.py:157} INFO - Started process (PID=6139) to work on /home/airflow/.local/lib/python3.8/site-packages/airflow/example_dags/example_python_operator.py
[2023-11-04T16:36:27.947+0000] {processor.py:829} INFO - Processing file /home/airflow/.local/lib/python3.8/site-packages/airflow/example_dags/example_python_operator.py for tasks to queue
[2023-11-04T16:36:27.948+0000] {logging_mixin.py:151} INFO - [2023-11-04T16:36:27.948+0000] {dagbag.py:536} INFO - Filling up the DagBag from /home/airflow/.local/lib/python3.8/site-packages/airflow/example_dags/example_python_operator.py
[2023-11-04T16:36:27.965+0000] {processor.py:839} INFO - DAG(s) dict_keys(['example_python_operator']) retrieved from /home/airflow/.local/lib/python3.8/site-packages/airflow/example_dags/example_python_operator.py
[2023-11-04T16:36:28.003+0000] {logging_mixin.py:151} INFO - [2023-11-04T16:36:28.002+0000] {dag.py:2941} INFO - Sync 1 DAGs
[2023-11-04T16:36:28.023+0000] {logging_mixin.py:151} INFO - [2023-11-04T16:36:28.022+0000] {dag.py:3722} INFO - Setting next_dagrun for example_python_operator to None, run_after=None
[2023-11-04T16:36:28.054+0000] {processor.py:179} INFO - Processing /home/airflow/.local/lib/python3.8/site-packages/airflow/example_dags/example_python_operator.py took 0.114 seconds
[2023-11-04T16:36:58.683+0000] {processor.py:157} INFO - Started process (PID=6377) to work on /home/airflow/.local/lib/python3.8/site-packages/airflow/example_dags/example_python_operator.py
[2023-11-04T16:36:58.685+0000] {processor.py:829} INFO - Processing file /home/airflow/.local/lib/python3.8/site-packages/airflow/example_dags/example_python_operator.py for tasks to queue
[2023-11-04T16:36:58.687+0000] {logging_mixin.py:151} INFO - [2023-11-04T16:36:58.686+0000] {dagbag.py:536} INFO - Filling up the DagBag from /home/airflow/.local/lib/python3.8/site-packages/airflow/example_dags/example_python_operator.py
[2023-11-04T16:36:58.706+0000] {processor.py:839} INFO - DAG(s) dict_keys(['example_python_operator']) retrieved from /home/airflow/.local/lib/python3.8/site-packages/airflow/example_dags/example_python_operator.py
[2023-11-04T16:36:58.747+0000] {logging_mixin.py:151} INFO - [2023-11-04T16:36:58.747+0000] {dag.py:2941} INFO - Sync 1 DAGs
[2023-11-04T16:36:58.771+0000] {logging_mixin.py:151} INFO - [2023-11-04T16:36:58.770+0000] {dag.py:3722} INFO - Setting next_dagrun for example_python_operator to None, run_after=None
[2023-11-04T16:36:58.811+0000] {processor.py:179} INFO - Processing /home/airflow/.local/lib/python3.8/site-packages/airflow/example_dags/example_python_operator.py took 0.133 seconds
[2023-11-04T16:37:29.660+0000] {processor.py:157} INFO - Started process (PID=6615) to work on /home/airflow/.local/lib/python3.8/site-packages/airflow/example_dags/example_python_operator.py
[2023-11-04T16:37:29.662+0000] {processor.py:829} INFO - Processing file /home/airflow/.local/lib/python3.8/site-packages/airflow/example_dags/example_python_operator.py for tasks to queue
[2023-11-04T16:37:29.663+0000] {logging_mixin.py:151} INFO - [2023-11-04T16:37:29.663+0000] {dagbag.py:536} INFO - Filling up the DagBag from /home/airflow/.local/lib/python3.8/site-packages/airflow/example_dags/example_python_operator.py
[2023-11-04T16:37:29.680+0000] {processor.py:839} INFO - DAG(s) dict_keys(['example_python_operator']) retrieved from /home/airflow/.local/lib/python3.8/site-packages/airflow/example_dags/example_python_operator.py
[2023-11-04T16:37:29.722+0000] {logging_mixin.py:151} INFO - [2023-11-04T16:37:29.721+0000] {dag.py:2941} INFO - Sync 1 DAGs
[2023-11-04T16:37:29.742+0000] {logging_mixin.py:151} INFO - [2023-11-04T16:37:29.742+0000] {dag.py:3722} INFO - Setting next_dagrun for example_python_operator to None, run_after=None
[2023-11-04T16:37:29.779+0000] {processor.py:179} INFO - Processing /home/airflow/.local/lib/python3.8/site-packages/airflow/example_dags/example_python_operator.py took 0.124 seconds
[2023-11-04T16:38:00.408+0000] {processor.py:157} INFO - Started process (PID=6862) to work on /home/airflow/.local/lib/python3.8/site-packages/airflow/example_dags/example_python_operator.py
[2023-11-04T16:38:00.410+0000] {processor.py:829} INFO - Processing file /home/airflow/.local/lib/python3.8/site-packages/airflow/example_dags/example_python_operator.py for tasks to queue
[2023-11-04T16:38:00.411+0000] {logging_mixin.py:151} INFO - [2023-11-04T16:38:00.411+0000] {dagbag.py:536} INFO - Filling up the DagBag from /home/airflow/.local/lib/python3.8/site-packages/airflow/example_dags/example_python_operator.py
[2023-11-04T16:38:00.429+0000] {processor.py:839} INFO - DAG(s) dict_keys(['example_python_operator']) retrieved from /home/airflow/.local/lib/python3.8/site-packages/airflow/example_dags/example_python_operator.py
[2023-11-04T16:38:00.467+0000] {logging_mixin.py:151} INFO - [2023-11-04T16:38:00.467+0000] {dag.py:2941} INFO - Sync 1 DAGs
[2023-11-04T16:38:00.487+0000] {logging_mixin.py:151} INFO - [2023-11-04T16:38:00.486+0000] {dag.py:3722} INFO - Setting next_dagrun for example_python_operator to None, run_after=None
[2023-11-04T16:38:00.515+0000] {processor.py:179} INFO - Processing /home/airflow/.local/lib/python3.8/site-packages/airflow/example_dags/example_python_operator.py took 0.112 seconds
[2023-11-04T16:38:31.385+0000] {processor.py:157} INFO - Started process (PID=7100) to work on /home/airflow/.local/lib/python3.8/site-packages/airflow/example_dags/example_python_operator.py
[2023-11-04T16:38:31.387+0000] {processor.py:829} INFO - Processing file /home/airflow/.local/lib/python3.8/site-packages/airflow/example_dags/example_python_operator.py for tasks to queue
[2023-11-04T16:38:31.388+0000] {logging_mixin.py:151} INFO - [2023-11-04T16:38:31.388+0000] {dagbag.py:536} INFO - Filling up the DagBag from /home/airflow/.local/lib/python3.8/site-packages/airflow/example_dags/example_python_operator.py
[2023-11-04T16:38:31.405+0000] {processor.py:839} INFO - DAG(s) dict_keys(['example_python_operator']) retrieved from /home/airflow/.local/lib/python3.8/site-packages/airflow/example_dags/example_python_operator.py
[2023-11-04T16:38:31.443+0000] {logging_mixin.py:151} INFO - [2023-11-04T16:38:31.443+0000] {dag.py:2941} INFO - Sync 1 DAGs
[2023-11-04T16:38:31.463+0000] {logging_mixin.py:151} INFO - [2023-11-04T16:38:31.463+0000] {dag.py:3722} INFO - Setting next_dagrun for example_python_operator to None, run_after=None
[2023-11-04T16:38:31.494+0000] {processor.py:179} INFO - Processing /home/airflow/.local/lib/python3.8/site-packages/airflow/example_dags/example_python_operator.py took 0.114 seconds
[2023-11-04T16:39:02.141+0000] {processor.py:157} INFO - Started process (PID=7338) to work on /home/airflow/.local/lib/python3.8/site-packages/airflow/example_dags/example_python_operator.py
[2023-11-04T16:39:02.142+0000] {processor.py:829} INFO - Processing file /home/airflow/.local/lib/python3.8/site-packages/airflow/example_dags/example_python_operator.py for tasks to queue
[2023-11-04T16:39:02.144+0000] {logging_mixin.py:151} INFO - [2023-11-04T16:39:02.143+0000] {dagbag.py:536} INFO - Filling up the DagBag from /home/airflow/.local/lib/python3.8/site-packages/airflow/example_dags/example_python_operator.py
[2023-11-04T16:39:02.163+0000] {processor.py:839} INFO - DAG(s) dict_keys(['example_python_operator']) retrieved from /home/airflow/.local/lib/python3.8/site-packages/airflow/example_dags/example_python_operator.py
[2023-11-04T16:39:02.203+0000] {logging_mixin.py:151} INFO - [2023-11-04T16:39:02.202+0000] {dag.py:2941} INFO - Sync 1 DAGs
[2023-11-04T16:39:02.225+0000] {logging_mixin.py:151} INFO - [2023-11-04T16:39:02.225+0000] {dag.py:3722} INFO - Setting next_dagrun for example_python_operator to None, run_after=None
[2023-11-04T16:39:02.260+0000] {processor.py:179} INFO - Processing /home/airflow/.local/lib/python3.8/site-packages/airflow/example_dags/example_python_operator.py took 0.124 seconds
[2023-11-04T16:39:32.629+0000] {processor.py:157} INFO - Started process (PID=7575) to work on /home/airflow/.local/lib/python3.8/site-packages/airflow/example_dags/example_python_operator.py
[2023-11-04T16:39:32.631+0000] {processor.py:829} INFO - Processing file /home/airflow/.local/lib/python3.8/site-packages/airflow/example_dags/example_python_operator.py for tasks to queue
[2023-11-04T16:39:32.633+0000] {logging_mixin.py:151} INFO - [2023-11-04T16:39:32.632+0000] {dagbag.py:536} INFO - Filling up the DagBag from /home/airflow/.local/lib/python3.8/site-packages/airflow/example_dags/example_python_operator.py
[2023-11-04T16:39:32.653+0000] {processor.py:839} INFO - DAG(s) dict_keys(['example_python_operator']) retrieved from /home/airflow/.local/lib/python3.8/site-packages/airflow/example_dags/example_python_operator.py
[2023-11-04T16:39:32.690+0000] {logging_mixin.py:151} INFO - [2023-11-04T16:39:32.690+0000] {dag.py:2941} INFO - Sync 1 DAGs
[2023-11-04T16:39:32.710+0000] {logging_mixin.py:151} INFO - [2023-11-04T16:39:32.709+0000] {dag.py:3722} INFO - Setting next_dagrun for example_python_operator to None, run_after=None
[2023-11-04T16:39:32.741+0000] {processor.py:179} INFO - Processing /home/airflow/.local/lib/python3.8/site-packages/airflow/example_dags/example_python_operator.py took 0.117 seconds
[2023-11-04T16:40:02.861+0000] {processor.py:157} INFO - Started process (PID=7812) to work on /home/airflow/.local/lib/python3.8/site-packages/airflow/example_dags/example_python_operator.py
[2023-11-04T16:40:02.862+0000] {processor.py:829} INFO - Processing file /home/airflow/.local/lib/python3.8/site-packages/airflow/example_dags/example_python_operator.py for tasks to queue
[2023-11-04T16:40:02.864+0000] {logging_mixin.py:151} INFO - [2023-11-04T16:40:02.863+0000] {dagbag.py:536} INFO - Filling up the DagBag from /home/airflow/.local/lib/python3.8/site-packages/airflow/example_dags/example_python_operator.py
[2023-11-04T16:40:02.886+0000] {processor.py:839} INFO - DAG(s) dict_keys(['example_python_operator']) retrieved from /home/airflow/.local/lib/python3.8/site-packages/airflow/example_dags/example_python_operator.py
[2023-11-04T16:40:02.922+0000] {logging_mixin.py:151} INFO - [2023-11-04T16:40:02.922+0000] {dag.py:2941} INFO - Sync 1 DAGs
[2023-11-04T16:40:02.943+0000] {logging_mixin.py:151} INFO - [2023-11-04T16:40:02.943+0000] {dag.py:3722} INFO - Setting next_dagrun for example_python_operator to None, run_after=None
[2023-11-04T16:40:02.973+0000] {processor.py:179} INFO - Processing /home/airflow/.local/lib/python3.8/site-packages/airflow/example_dags/example_python_operator.py took 0.117 seconds
[2023-11-04T16:40:33.540+0000] {processor.py:157} INFO - Started process (PID=8052) to work on /home/airflow/.local/lib/python3.8/site-packages/airflow/example_dags/example_python_operator.py
[2023-11-04T16:40:33.542+0000] {processor.py:829} INFO - Processing file /home/airflow/.local/lib/python3.8/site-packages/airflow/example_dags/example_python_operator.py for tasks to queue
[2023-11-04T16:40:33.543+0000] {logging_mixin.py:151} INFO - [2023-11-04T16:40:33.543+0000] {dagbag.py:536} INFO - Filling up the DagBag from /home/airflow/.local/lib/python3.8/site-packages/airflow/example_dags/example_python_operator.py
[2023-11-04T16:40:33.560+0000] {processor.py:839} INFO - DAG(s) dict_keys(['example_python_operator']) retrieved from /home/airflow/.local/lib/python3.8/site-packages/airflow/example_dags/example_python_operator.py
[2023-11-04T16:40:33.623+0000] {logging_mixin.py:151} INFO - [2023-11-04T16:40:33.623+0000] {dag.py:2941} INFO - Sync 1 DAGs
[2023-11-04T16:40:33.655+0000] {logging_mixin.py:151} INFO - [2023-11-04T16:40:33.655+0000] {dag.py:3722} INFO - Setting next_dagrun for example_python_operator to None, run_after=None
[2023-11-04T16:40:33.695+0000] {processor.py:179} INFO - Processing /home/airflow/.local/lib/python3.8/site-packages/airflow/example_dags/example_python_operator.py took 0.159 seconds
[2023-11-04T16:41:04.057+0000] {processor.py:157} INFO - Started process (PID=8288) to work on /home/airflow/.local/lib/python3.8/site-packages/airflow/example_dags/example_python_operator.py
[2023-11-04T16:41:04.059+0000] {processor.py:829} INFO - Processing file /home/airflow/.local/lib/python3.8/site-packages/airflow/example_dags/example_python_operator.py for tasks to queue
[2023-11-04T16:41:04.060+0000] {logging_mixin.py:151} INFO - [2023-11-04T16:41:04.060+0000] {dagbag.py:536} INFO - Filling up the DagBag from /home/airflow/.local/lib/python3.8/site-packages/airflow/example_dags/example_python_operator.py
[2023-11-04T16:41:04.078+0000] {processor.py:839} INFO - DAG(s) dict_keys(['example_python_operator']) retrieved from /home/airflow/.local/lib/python3.8/site-packages/airflow/example_dags/example_python_operator.py
[2023-11-04T16:41:04.117+0000] {logging_mixin.py:151} INFO - [2023-11-04T16:41:04.117+0000] {dag.py:2941} INFO - Sync 1 DAGs
[2023-11-04T16:41:04.142+0000] {logging_mixin.py:151} INFO - [2023-11-04T16:41:04.142+0000] {dag.py:3722} INFO - Setting next_dagrun for example_python_operator to None, run_after=None
[2023-11-04T16:41:04.170+0000] {processor.py:179} INFO - Processing /home/airflow/.local/lib/python3.8/site-packages/airflow/example_dags/example_python_operator.py took 0.118 seconds
[2023-11-04T16:41:34.898+0000] {processor.py:157} INFO - Started process (PID=8528) to work on /home/airflow/.local/lib/python3.8/site-packages/airflow/example_dags/example_python_operator.py
[2023-11-04T16:41:34.900+0000] {processor.py:829} INFO - Processing file /home/airflow/.local/lib/python3.8/site-packages/airflow/example_dags/example_python_operator.py for tasks to queue
[2023-11-04T16:41:34.901+0000] {logging_mixin.py:151} INFO - [2023-11-04T16:41:34.901+0000] {dagbag.py:536} INFO - Filling up the DagBag from /home/airflow/.local/lib/python3.8/site-packages/airflow/example_dags/example_python_operator.py
[2023-11-04T16:41:34.920+0000] {processor.py:839} INFO - DAG(s) dict_keys(['example_python_operator']) retrieved from /home/airflow/.local/lib/python3.8/site-packages/airflow/example_dags/example_python_operator.py
[2023-11-04T16:41:34.956+0000] {logging_mixin.py:151} INFO - [2023-11-04T16:41:34.956+0000] {dag.py:2941} INFO - Sync 1 DAGs
[2023-11-04T16:41:34.978+0000] {logging_mixin.py:151} INFO - [2023-11-04T16:41:34.977+0000] {dag.py:3722} INFO - Setting next_dagrun for example_python_operator to None, run_after=None
[2023-11-04T16:41:35.006+0000] {processor.py:179} INFO - Processing /home/airflow/.local/lib/python3.8/site-packages/airflow/example_dags/example_python_operator.py took 0.113 seconds
[2023-11-04T16:42:05.177+0000] {processor.py:157} INFO - Started process (PID=8764) to work on /home/airflow/.local/lib/python3.8/site-packages/airflow/example_dags/example_python_operator.py
[2023-11-04T16:42:05.179+0000] {processor.py:829} INFO - Processing file /home/airflow/.local/lib/python3.8/site-packages/airflow/example_dags/example_python_operator.py for tasks to queue
[2023-11-04T16:42:05.181+0000] {logging_mixin.py:151} INFO - [2023-11-04T16:42:05.180+0000] {dagbag.py:536} INFO - Filling up the DagBag from /home/airflow/.local/lib/python3.8/site-packages/airflow/example_dags/example_python_operator.py
[2023-11-04T16:42:05.200+0000] {processor.py:839} INFO - DAG(s) dict_keys(['example_python_operator']) retrieved from /home/airflow/.local/lib/python3.8/site-packages/airflow/example_dags/example_python_operator.py
[2023-11-04T16:42:05.244+0000] {logging_mixin.py:151} INFO - [2023-11-04T16:42:05.243+0000] {dag.py:2941} INFO - Sync 1 DAGs
[2023-11-04T16:42:05.266+0000] {logging_mixin.py:151} INFO - [2023-11-04T16:42:05.265+0000] {dag.py:3722} INFO - Setting next_dagrun for example_python_operator to None, run_after=None
[2023-11-04T16:42:05.295+0000] {processor.py:179} INFO - Processing /home/airflow/.local/lib/python3.8/site-packages/airflow/example_dags/example_python_operator.py took 0.124 seconds
[2023-11-04T17:13:27.585+0000] {processor.py:157} INFO - Started process (PID=187) to work on /home/airflow/.local/lib/python3.8/site-packages/airflow/example_dags/example_python_operator.py
[2023-11-04T17:13:27.587+0000] {processor.py:829} INFO - Processing file /home/airflow/.local/lib/python3.8/site-packages/airflow/example_dags/example_python_operator.py for tasks to queue
[2023-11-04T17:13:27.589+0000] {logging_mixin.py:151} INFO - [2023-11-04T17:13:27.589+0000] {dagbag.py:536} INFO - Filling up the DagBag from /home/airflow/.local/lib/python3.8/site-packages/airflow/example_dags/example_python_operator.py
[2023-11-04T17:13:27.614+0000] {processor.py:839} INFO - DAG(s) dict_keys(['example_python_operator']) retrieved from /home/airflow/.local/lib/python3.8/site-packages/airflow/example_dags/example_python_operator.py
[2023-11-04T17:13:27.944+0000] {logging_mixin.py:151} INFO - [2023-11-04T17:13:27.944+0000] {dag.py:2941} INFO - Sync 1 DAGs
[2023-11-04T17:13:27.967+0000] {logging_mixin.py:151} INFO - [2023-11-04T17:13:27.966+0000] {dag.py:3722} INFO - Setting next_dagrun for example_python_operator to None, run_after=None
[2023-11-04T17:13:28.007+0000] {processor.py:179} INFO - Processing /home/airflow/.local/lib/python3.8/site-packages/airflow/example_dags/example_python_operator.py took 0.428 seconds
[2023-11-04T17:13:58.479+0000] {processor.py:157} INFO - Started process (PID=432) to work on /home/airflow/.local/lib/python3.8/site-packages/airflow/example_dags/example_python_operator.py
[2023-11-04T17:13:58.481+0000] {processor.py:829} INFO - Processing file /home/airflow/.local/lib/python3.8/site-packages/airflow/example_dags/example_python_operator.py for tasks to queue
[2023-11-04T17:13:58.482+0000] {logging_mixin.py:151} INFO - [2023-11-04T17:13:58.482+0000] {dagbag.py:536} INFO - Filling up the DagBag from /home/airflow/.local/lib/python3.8/site-packages/airflow/example_dags/example_python_operator.py
[2023-11-04T17:13:58.506+0000] {processor.py:839} INFO - DAG(s) dict_keys(['example_python_operator']) retrieved from /home/airflow/.local/lib/python3.8/site-packages/airflow/example_dags/example_python_operator.py
[2023-11-04T17:13:58.524+0000] {logging_mixin.py:151} INFO - [2023-11-04T17:13:58.524+0000] {dag.py:2941} INFO - Sync 1 DAGs
[2023-11-04T17:13:58.552+0000] {logging_mixin.py:151} INFO - [2023-11-04T17:13:58.552+0000] {dag.py:3722} INFO - Setting next_dagrun for example_python_operator to None, run_after=None
[2023-11-04T17:13:58.588+0000] {processor.py:179} INFO - Processing /home/airflow/.local/lib/python3.8/site-packages/airflow/example_dags/example_python_operator.py took 0.114 seconds
[2023-11-04T17:14:28.768+0000] {processor.py:157} INFO - Started process (PID=675) to work on /home/airflow/.local/lib/python3.8/site-packages/airflow/example_dags/example_python_operator.py
[2023-11-04T17:14:28.769+0000] {processor.py:829} INFO - Processing file /home/airflow/.local/lib/python3.8/site-packages/airflow/example_dags/example_python_operator.py for tasks to queue
[2023-11-04T17:14:28.771+0000] {logging_mixin.py:151} INFO - [2023-11-04T17:14:28.770+0000] {dagbag.py:536} INFO - Filling up the DagBag from /home/airflow/.local/lib/python3.8/site-packages/airflow/example_dags/example_python_operator.py
[2023-11-04T17:14:28.786+0000] {processor.py:839} INFO - DAG(s) dict_keys(['example_python_operator']) retrieved from /home/airflow/.local/lib/python3.8/site-packages/airflow/example_dags/example_python_operator.py
[2023-11-04T17:14:28.805+0000] {logging_mixin.py:151} INFO - [2023-11-04T17:14:28.805+0000] {dag.py:2941} INFO - Sync 1 DAGs
[2023-11-04T17:14:28.826+0000] {logging_mixin.py:151} INFO - [2023-11-04T17:14:28.826+0000] {dag.py:3722} INFO - Setting next_dagrun for example_python_operator to None, run_after=None
[2023-11-04T17:14:28.854+0000] {processor.py:179} INFO - Processing /home/airflow/.local/lib/python3.8/site-packages/airflow/example_dags/example_python_operator.py took 0.091 seconds
[2023-11-04T17:14:59.393+0000] {processor.py:157} INFO - Started process (PID=913) to work on /home/airflow/.local/lib/python3.8/site-packages/airflow/example_dags/example_python_operator.py
[2023-11-04T17:14:59.395+0000] {processor.py:829} INFO - Processing file /home/airflow/.local/lib/python3.8/site-packages/airflow/example_dags/example_python_operator.py for tasks to queue
[2023-11-04T17:14:59.397+0000] {logging_mixin.py:151} INFO - [2023-11-04T17:14:59.396+0000] {dagbag.py:536} INFO - Filling up the DagBag from /home/airflow/.local/lib/python3.8/site-packages/airflow/example_dags/example_python_operator.py
[2023-11-04T17:14:59.414+0000] {processor.py:839} INFO - DAG(s) dict_keys(['example_python_operator']) retrieved from /home/airflow/.local/lib/python3.8/site-packages/airflow/example_dags/example_python_operator.py
[2023-11-04T17:14:59.589+0000] {logging_mixin.py:151} INFO - [2023-11-04T17:14:59.589+0000] {dag.py:2941} INFO - Sync 1 DAGs
[2023-11-04T17:14:59.610+0000] {logging_mixin.py:151} INFO - [2023-11-04T17:14:59.609+0000] {dag.py:3722} INFO - Setting next_dagrun for example_python_operator to None, run_after=None
[2023-11-04T17:14:59.641+0000] {processor.py:179} INFO - Processing /home/airflow/.local/lib/python3.8/site-packages/airflow/example_dags/example_python_operator.py took 0.253 seconds
[2023-11-04T17:15:30.507+0000] {processor.py:157} INFO - Started process (PID=1156) to work on /home/airflow/.local/lib/python3.8/site-packages/airflow/example_dags/example_python_operator.py
[2023-11-04T17:15:30.508+0000] {processor.py:829} INFO - Processing file /home/airflow/.local/lib/python3.8/site-packages/airflow/example_dags/example_python_operator.py for tasks to queue
[2023-11-04T17:15:30.510+0000] {logging_mixin.py:151} INFO - [2023-11-04T17:15:30.509+0000] {dagbag.py:536} INFO - Filling up the DagBag from /home/airflow/.local/lib/python3.8/site-packages/airflow/example_dags/example_python_operator.py
[2023-11-04T17:15:30.525+0000] {processor.py:839} INFO - DAG(s) dict_keys(['example_python_operator']) retrieved from /home/airflow/.local/lib/python3.8/site-packages/airflow/example_dags/example_python_operator.py
[2023-11-04T17:15:30.566+0000] {logging_mixin.py:151} INFO - [2023-11-04T17:15:30.566+0000] {dag.py:2941} INFO - Sync 1 DAGs
[2023-11-04T17:15:30.586+0000] {logging_mixin.py:151} INFO - [2023-11-04T17:15:30.585+0000] {dag.py:3722} INFO - Setting next_dagrun for example_python_operator to None, run_after=None
[2023-11-04T17:15:30.615+0000] {processor.py:179} INFO - Processing /home/airflow/.local/lib/python3.8/site-packages/airflow/example_dags/example_python_operator.py took 0.113 seconds
[2023-11-04T17:16:00.674+0000] {processor.py:157} INFO - Started process (PID=1398) to work on /home/airflow/.local/lib/python3.8/site-packages/airflow/example_dags/example_python_operator.py
[2023-11-04T17:16:00.675+0000] {processor.py:829} INFO - Processing file /home/airflow/.local/lib/python3.8/site-packages/airflow/example_dags/example_python_operator.py for tasks to queue
[2023-11-04T17:16:00.677+0000] {logging_mixin.py:151} INFO - [2023-11-04T17:16:00.676+0000] {dagbag.py:536} INFO - Filling up the DagBag from /home/airflow/.local/lib/python3.8/site-packages/airflow/example_dags/example_python_operator.py
[2023-11-04T17:16:00.706+0000] {processor.py:839} INFO - DAG(s) dict_keys(['example_python_operator']) retrieved from /home/airflow/.local/lib/python3.8/site-packages/airflow/example_dags/example_python_operator.py
[2023-11-04T17:16:00.757+0000] {logging_mixin.py:151} INFO - [2023-11-04T17:16:00.757+0000] {dag.py:2941} INFO - Sync 1 DAGs
[2023-11-04T17:16:00.780+0000] {logging_mixin.py:151} INFO - [2023-11-04T17:16:00.780+0000] {dag.py:3722} INFO - Setting next_dagrun for example_python_operator to None, run_after=None
[2023-11-04T17:16:00.828+0000] {processor.py:179} INFO - Processing /home/airflow/.local/lib/python3.8/site-packages/airflow/example_dags/example_python_operator.py took 0.160 seconds
[2023-11-04T17:16:30.878+0000] {processor.py:157} INFO - Started process (PID=1640) to work on /home/airflow/.local/lib/python3.8/site-packages/airflow/example_dags/example_python_operator.py
[2023-11-04T17:16:30.880+0000] {processor.py:829} INFO - Processing file /home/airflow/.local/lib/python3.8/site-packages/airflow/example_dags/example_python_operator.py for tasks to queue
[2023-11-04T17:16:30.881+0000] {logging_mixin.py:151} INFO - [2023-11-04T17:16:30.881+0000] {dagbag.py:536} INFO - Filling up the DagBag from /home/airflow/.local/lib/python3.8/site-packages/airflow/example_dags/example_python_operator.py
[2023-11-04T17:16:30.902+0000] {processor.py:839} INFO - DAG(s) dict_keys(['example_python_operator']) retrieved from /home/airflow/.local/lib/python3.8/site-packages/airflow/example_dags/example_python_operator.py
[2023-11-04T17:16:30.939+0000] {logging_mixin.py:151} INFO - [2023-11-04T17:16:30.938+0000] {dag.py:2941} INFO - Sync 1 DAGs
[2023-11-04T17:16:30.958+0000] {logging_mixin.py:151} INFO - [2023-11-04T17:16:30.958+0000] {dag.py:3722} INFO - Setting next_dagrun for example_python_operator to None, run_after=None
[2023-11-04T17:16:30.986+0000] {processor.py:179} INFO - Processing /home/airflow/.local/lib/python3.8/site-packages/airflow/example_dags/example_python_operator.py took 0.114 seconds
[2023-11-04T17:17:01.472+0000] {processor.py:157} INFO - Started process (PID=1880) to work on /home/airflow/.local/lib/python3.8/site-packages/airflow/example_dags/example_python_operator.py
[2023-11-04T17:17:01.475+0000] {processor.py:829} INFO - Processing file /home/airflow/.local/lib/python3.8/site-packages/airflow/example_dags/example_python_operator.py for tasks to queue
[2023-11-04T17:17:01.477+0000] {logging_mixin.py:151} INFO - [2023-11-04T17:17:01.477+0000] {dagbag.py:536} INFO - Filling up the DagBag from /home/airflow/.local/lib/python3.8/site-packages/airflow/example_dags/example_python_operator.py
[2023-11-04T17:17:01.502+0000] {processor.py:839} INFO - DAG(s) dict_keys(['example_python_operator']) retrieved from /home/airflow/.local/lib/python3.8/site-packages/airflow/example_dags/example_python_operator.py
[2023-11-04T17:17:01.558+0000] {logging_mixin.py:151} INFO - [2023-11-04T17:17:01.558+0000] {dag.py:2941} INFO - Sync 1 DAGs
[2023-11-04T17:17:01.578+0000] {logging_mixin.py:151} INFO - [2023-11-04T17:17:01.578+0000] {dag.py:3722} INFO - Setting next_dagrun for example_python_operator to None, run_after=None
[2023-11-04T17:17:01.613+0000] {processor.py:179} INFO - Processing /home/airflow/.local/lib/python3.8/site-packages/airflow/example_dags/example_python_operator.py took 0.147 seconds
[2023-11-04T17:17:31.755+0000] {processor.py:157} INFO - Started process (PID=2118) to work on /home/airflow/.local/lib/python3.8/site-packages/airflow/example_dags/example_python_operator.py
[2023-11-04T17:17:31.757+0000] {processor.py:829} INFO - Processing file /home/airflow/.local/lib/python3.8/site-packages/airflow/example_dags/example_python_operator.py for tasks to queue
[2023-11-04T17:17:31.758+0000] {logging_mixin.py:151} INFO - [2023-11-04T17:17:31.758+0000] {dagbag.py:536} INFO - Filling up the DagBag from /home/airflow/.local/lib/python3.8/site-packages/airflow/example_dags/example_python_operator.py
[2023-11-04T17:17:31.775+0000] {processor.py:839} INFO - DAG(s) dict_keys(['example_python_operator']) retrieved from /home/airflow/.local/lib/python3.8/site-packages/airflow/example_dags/example_python_operator.py
[2023-11-04T17:17:31.812+0000] {logging_mixin.py:151} INFO - [2023-11-04T17:17:31.811+0000] {dag.py:2941} INFO - Sync 1 DAGs
[2023-11-04T17:17:31.832+0000] {logging_mixin.py:151} INFO - [2023-11-04T17:17:31.832+0000] {dag.py:3722} INFO - Setting next_dagrun for example_python_operator to None, run_after=None
[2023-11-04T17:17:31.862+0000] {processor.py:179} INFO - Processing /home/airflow/.local/lib/python3.8/site-packages/airflow/example_dags/example_python_operator.py took 0.111 seconds
[2023-11-04T17:18:01.987+0000] {processor.py:157} INFO - Started process (PID=2356) to work on /home/airflow/.local/lib/python3.8/site-packages/airflow/example_dags/example_python_operator.py
[2023-11-04T17:18:01.988+0000] {processor.py:829} INFO - Processing file /home/airflow/.local/lib/python3.8/site-packages/airflow/example_dags/example_python_operator.py for tasks to queue
[2023-11-04T17:18:01.990+0000] {logging_mixin.py:151} INFO - [2023-11-04T17:18:01.990+0000] {dagbag.py:536} INFO - Filling up the DagBag from /home/airflow/.local/lib/python3.8/site-packages/airflow/example_dags/example_python_operator.py
[2023-11-04T17:18:02.006+0000] {processor.py:839} INFO - DAG(s) dict_keys(['example_python_operator']) retrieved from /home/airflow/.local/lib/python3.8/site-packages/airflow/example_dags/example_python_operator.py
[2023-11-04T17:18:02.042+0000] {logging_mixin.py:151} INFO - [2023-11-04T17:18:02.042+0000] {dag.py:2941} INFO - Sync 1 DAGs
[2023-11-04T17:18:02.062+0000] {logging_mixin.py:151} INFO - [2023-11-04T17:18:02.062+0000] {dag.py:3722} INFO - Setting next_dagrun for example_python_operator to None, run_after=None
[2023-11-04T17:18:02.090+0000] {processor.py:179} INFO - Processing /home/airflow/.local/lib/python3.8/site-packages/airflow/example_dags/example_python_operator.py took 0.108 seconds
[2023-11-04T17:18:32.829+0000] {processor.py:157} INFO - Started process (PID=2592) to work on /home/airflow/.local/lib/python3.8/site-packages/airflow/example_dags/example_python_operator.py
[2023-11-04T17:18:32.831+0000] {processor.py:829} INFO - Processing file /home/airflow/.local/lib/python3.8/site-packages/airflow/example_dags/example_python_operator.py for tasks to queue
[2023-11-04T17:18:32.832+0000] {logging_mixin.py:151} INFO - [2023-11-04T17:18:32.832+0000] {dagbag.py:536} INFO - Filling up the DagBag from /home/airflow/.local/lib/python3.8/site-packages/airflow/example_dags/example_python_operator.py
[2023-11-04T17:18:32.850+0000] {processor.py:839} INFO - DAG(s) dict_keys(['example_python_operator']) retrieved from /home/airflow/.local/lib/python3.8/site-packages/airflow/example_dags/example_python_operator.py
[2023-11-04T17:18:32.886+0000] {logging_mixin.py:151} INFO - [2023-11-04T17:18:32.885+0000] {dag.py:2941} INFO - Sync 1 DAGs
[2023-11-04T17:18:32.905+0000] {logging_mixin.py:151} INFO - [2023-11-04T17:18:32.905+0000] {dag.py:3722} INFO - Setting next_dagrun for example_python_operator to None, run_after=None
[2023-11-04T17:18:32.939+0000] {processor.py:179} INFO - Processing /home/airflow/.local/lib/python3.8/site-packages/airflow/example_dags/example_python_operator.py took 0.114 seconds
[2023-11-04T17:19:03.849+0000] {processor.py:157} INFO - Started process (PID=2830) to work on /home/airflow/.local/lib/python3.8/site-packages/airflow/example_dags/example_python_operator.py
[2023-11-04T17:19:03.851+0000] {processor.py:829} INFO - Processing file /home/airflow/.local/lib/python3.8/site-packages/airflow/example_dags/example_python_operator.py for tasks to queue
[2023-11-04T17:19:03.853+0000] {logging_mixin.py:151} INFO - [2023-11-04T17:19:03.852+0000] {dagbag.py:536} INFO - Filling up the DagBag from /home/airflow/.local/lib/python3.8/site-packages/airflow/example_dags/example_python_operator.py
[2023-11-04T17:19:03.873+0000] {processor.py:839} INFO - DAG(s) dict_keys(['example_python_operator']) retrieved from /home/airflow/.local/lib/python3.8/site-packages/airflow/example_dags/example_python_operator.py
[2023-11-04T17:19:03.913+0000] {logging_mixin.py:151} INFO - [2023-11-04T17:19:03.913+0000] {dag.py:2941} INFO - Sync 1 DAGs
[2023-11-04T17:19:03.935+0000] {logging_mixin.py:151} INFO - [2023-11-04T17:19:03.935+0000] {dag.py:3722} INFO - Setting next_dagrun for example_python_operator to None, run_after=None
[2023-11-04T17:19:03.964+0000] {processor.py:179} INFO - Processing /home/airflow/.local/lib/python3.8/site-packages/airflow/example_dags/example_python_operator.py took 0.121 seconds
[2023-11-04T17:19:34.614+0000] {processor.py:157} INFO - Started process (PID=3068) to work on /home/airflow/.local/lib/python3.8/site-packages/airflow/example_dags/example_python_operator.py
[2023-11-04T17:19:34.615+0000] {processor.py:829} INFO - Processing file /home/airflow/.local/lib/python3.8/site-packages/airflow/example_dags/example_python_operator.py for tasks to queue
[2023-11-04T17:19:34.617+0000] {logging_mixin.py:151} INFO - [2023-11-04T17:19:34.616+0000] {dagbag.py:536} INFO - Filling up the DagBag from /home/airflow/.local/lib/python3.8/site-packages/airflow/example_dags/example_python_operator.py
[2023-11-04T17:19:34.634+0000] {processor.py:839} INFO - DAG(s) dict_keys(['example_python_operator']) retrieved from /home/airflow/.local/lib/python3.8/site-packages/airflow/example_dags/example_python_operator.py
[2023-11-04T17:19:34.670+0000] {logging_mixin.py:151} INFO - [2023-11-04T17:19:34.670+0000] {dag.py:2941} INFO - Sync 1 DAGs
[2023-11-04T17:19:34.689+0000] {logging_mixin.py:151} INFO - [2023-11-04T17:19:34.689+0000] {dag.py:3722} INFO - Setting next_dagrun for example_python_operator to None, run_after=None
[2023-11-04T17:19:34.718+0000] {processor.py:179} INFO - Processing /home/airflow/.local/lib/python3.8/site-packages/airflow/example_dags/example_python_operator.py took 0.110 seconds
[2023-11-04T17:20:05.086+0000] {processor.py:157} INFO - Started process (PID=3306) to work on /home/airflow/.local/lib/python3.8/site-packages/airflow/example_dags/example_python_operator.py
[2023-11-04T17:20:05.087+0000] {processor.py:829} INFO - Processing file /home/airflow/.local/lib/python3.8/site-packages/airflow/example_dags/example_python_operator.py for tasks to queue
[2023-11-04T17:20:05.089+0000] {logging_mixin.py:151} INFO - [2023-11-04T17:20:05.088+0000] {dagbag.py:536} INFO - Filling up the DagBag from /home/airflow/.local/lib/python3.8/site-packages/airflow/example_dags/example_python_operator.py
[2023-11-04T17:20:05.105+0000] {processor.py:839} INFO - DAG(s) dict_keys(['example_python_operator']) retrieved from /home/airflow/.local/lib/python3.8/site-packages/airflow/example_dags/example_python_operator.py
[2023-11-04T17:20:05.141+0000] {logging_mixin.py:151} INFO - [2023-11-04T17:20:05.141+0000] {dag.py:2941} INFO - Sync 1 DAGs
[2023-11-04T17:20:05.162+0000] {logging_mixin.py:151} INFO - [2023-11-04T17:20:05.161+0000] {dag.py:3722} INFO - Setting next_dagrun for example_python_operator to None, run_after=None
[2023-11-04T17:20:05.190+0000] {processor.py:179} INFO - Processing /home/airflow/.local/lib/python3.8/site-packages/airflow/example_dags/example_python_operator.py took 0.110 seconds
[2023-11-04T17:20:35.584+0000] {processor.py:157} INFO - Started process (PID=3546) to work on /home/airflow/.local/lib/python3.8/site-packages/airflow/example_dags/example_python_operator.py
[2023-11-04T17:20:35.586+0000] {processor.py:829} INFO - Processing file /home/airflow/.local/lib/python3.8/site-packages/airflow/example_dags/example_python_operator.py for tasks to queue
[2023-11-04T17:20:35.588+0000] {logging_mixin.py:151} INFO - [2023-11-04T17:20:35.587+0000] {dagbag.py:536} INFO - Filling up the DagBag from /home/airflow/.local/lib/python3.8/site-packages/airflow/example_dags/example_python_operator.py
[2023-11-04T17:20:35.605+0000] {processor.py:839} INFO - DAG(s) dict_keys(['example_python_operator']) retrieved from /home/airflow/.local/lib/python3.8/site-packages/airflow/example_dags/example_python_operator.py
[2023-11-04T17:20:35.641+0000] {logging_mixin.py:151} INFO - [2023-11-04T17:20:35.641+0000] {dag.py:2941} INFO - Sync 1 DAGs
[2023-11-04T17:20:35.661+0000] {logging_mixin.py:151} INFO - [2023-11-04T17:20:35.660+0000] {dag.py:3722} INFO - Setting next_dagrun for example_python_operator to None, run_after=None
[2023-11-04T17:20:35.693+0000] {processor.py:179} INFO - Processing /home/airflow/.local/lib/python3.8/site-packages/airflow/example_dags/example_python_operator.py took 0.113 seconds
[2023-11-04T17:21:06.350+0000] {processor.py:157} INFO - Started process (PID=3789) to work on /home/airflow/.local/lib/python3.8/site-packages/airflow/example_dags/example_python_operator.py
[2023-11-04T17:21:06.352+0000] {processor.py:829} INFO - Processing file /home/airflow/.local/lib/python3.8/site-packages/airflow/example_dags/example_python_operator.py for tasks to queue
[2023-11-04T17:21:06.353+0000] {logging_mixin.py:151} INFO - [2023-11-04T17:21:06.353+0000] {dagbag.py:536} INFO - Filling up the DagBag from /home/airflow/.local/lib/python3.8/site-packages/airflow/example_dags/example_python_operator.py
[2023-11-04T17:21:06.370+0000] {processor.py:839} INFO - DAG(s) dict_keys(['example_python_operator']) retrieved from /home/airflow/.local/lib/python3.8/site-packages/airflow/example_dags/example_python_operator.py
[2023-11-04T17:21:06.408+0000] {logging_mixin.py:151} INFO - [2023-11-04T17:21:06.408+0000] {dag.py:2941} INFO - Sync 1 DAGs
[2023-11-04T17:21:06.429+0000] {logging_mixin.py:151} INFO - [2023-11-04T17:21:06.429+0000] {dag.py:3722} INFO - Setting next_dagrun for example_python_operator to None, run_after=None
[2023-11-04T17:21:06.461+0000] {processor.py:179} INFO - Processing /home/airflow/.local/lib/python3.8/site-packages/airflow/example_dags/example_python_operator.py took 0.115 seconds
[2023-11-04T17:21:37.121+0000] {processor.py:157} INFO - Started process (PID=4057) to work on /home/airflow/.local/lib/python3.8/site-packages/airflow/example_dags/example_python_operator.py
[2023-11-04T17:21:37.125+0000] {processor.py:829} INFO - Processing file /home/airflow/.local/lib/python3.8/site-packages/airflow/example_dags/example_python_operator.py for tasks to queue
[2023-11-04T17:21:37.127+0000] {logging_mixin.py:151} INFO - [2023-11-04T17:21:37.127+0000] {dagbag.py:536} INFO - Filling up the DagBag from /home/airflow/.local/lib/python3.8/site-packages/airflow/example_dags/example_python_operator.py
[2023-11-04T17:21:37.161+0000] {processor.py:839} INFO - DAG(s) dict_keys(['example_python_operator']) retrieved from /home/airflow/.local/lib/python3.8/site-packages/airflow/example_dags/example_python_operator.py
[2023-11-04T17:21:37.223+0000] {logging_mixin.py:151} INFO - [2023-11-04T17:21:37.222+0000] {dag.py:2941} INFO - Sync 1 DAGs
[2023-11-04T17:21:37.254+0000] {logging_mixin.py:151} INFO - [2023-11-04T17:21:37.253+0000] {dag.py:3722} INFO - Setting next_dagrun for example_python_operator to None, run_after=None
[2023-11-04T17:21:37.297+0000] {processor.py:179} INFO - Processing /home/airflow/.local/lib/python3.8/site-packages/airflow/example_dags/example_python_operator.py took 0.185 seconds
[2023-11-04T17:22:07.491+0000] {processor.py:157} INFO - Started process (PID=4315) to work on /home/airflow/.local/lib/python3.8/site-packages/airflow/example_dags/example_python_operator.py
[2023-11-04T17:22:07.492+0000] {processor.py:829} INFO - Processing file /home/airflow/.local/lib/python3.8/site-packages/airflow/example_dags/example_python_operator.py for tasks to queue
[2023-11-04T17:22:07.494+0000] {logging_mixin.py:151} INFO - [2023-11-04T17:22:07.493+0000] {dagbag.py:536} INFO - Filling up the DagBag from /home/airflow/.local/lib/python3.8/site-packages/airflow/example_dags/example_python_operator.py
[2023-11-04T17:22:07.514+0000] {processor.py:839} INFO - DAG(s) dict_keys(['example_python_operator']) retrieved from /home/airflow/.local/lib/python3.8/site-packages/airflow/example_dags/example_python_operator.py
[2023-11-04T17:22:07.561+0000] {logging_mixin.py:151} INFO - [2023-11-04T17:22:07.560+0000] {dag.py:2941} INFO - Sync 1 DAGs
[2023-11-04T17:22:07.587+0000] {logging_mixin.py:151} INFO - [2023-11-04T17:22:07.586+0000] {dag.py:3722} INFO - Setting next_dagrun for example_python_operator to None, run_after=None
[2023-11-04T17:22:07.624+0000] {processor.py:179} INFO - Processing /home/airflow/.local/lib/python3.8/site-packages/airflow/example_dags/example_python_operator.py took 0.139 seconds
[2023-11-04T17:22:37.753+0000] {processor.py:157} INFO - Started process (PID=4551) to work on /home/airflow/.local/lib/python3.8/site-packages/airflow/example_dags/example_python_operator.py
[2023-11-04T17:22:37.756+0000] {processor.py:829} INFO - Processing file /home/airflow/.local/lib/python3.8/site-packages/airflow/example_dags/example_python_operator.py for tasks to queue
[2023-11-04T17:22:37.758+0000] {logging_mixin.py:151} INFO - [2023-11-04T17:22:37.757+0000] {dagbag.py:536} INFO - Filling up the DagBag from /home/airflow/.local/lib/python3.8/site-packages/airflow/example_dags/example_python_operator.py
[2023-11-04T17:22:37.788+0000] {processor.py:839} INFO - DAG(s) dict_keys(['example_python_operator']) retrieved from /home/airflow/.local/lib/python3.8/site-packages/airflow/example_dags/example_python_operator.py
[2023-11-04T17:22:37.854+0000] {logging_mixin.py:151} INFO - [2023-11-04T17:22:37.852+0000] {dag.py:2941} INFO - Sync 1 DAGs
[2023-11-04T17:22:37.892+0000] {logging_mixin.py:151} INFO - [2023-11-04T17:22:37.891+0000] {dag.py:3722} INFO - Setting next_dagrun for example_python_operator to None, run_after=None
[2023-11-04T17:22:37.971+0000] {processor.py:179} INFO - Processing /home/airflow/.local/lib/python3.8/site-packages/airflow/example_dags/example_python_operator.py took 0.225 seconds
