[2023-11-04T16:23:44.561+0000] {processor.py:157} INFO - Started process (PID=180) to work on /home/airflow/.local/lib/python3.8/site-packages/airflow/example_dags/example_latest_only.py
[2023-11-04T16:23:44.562+0000] {processor.py:829} INFO - Processing file /home/airflow/.local/lib/python3.8/site-packages/airflow/example_dags/example_latest_only.py for tasks to queue
[2023-11-04T16:23:44.564+0000] {logging_mixin.py:151} INFO - [2023-11-04T16:23:44.564+0000] {dagbag.py:536} INFO - Filling up the DagBag from /home/airflow/.local/lib/python3.8/site-packages/airflow/example_dags/example_latest_only.py
[2023-11-04T16:23:44.582+0000] {processor.py:839} INFO - DAG(s) dict_keys(['latest_only']) retrieved from /home/airflow/.local/lib/python3.8/site-packages/airflow/example_dags/example_latest_only.py
[2023-11-04T16:23:44.601+0000] {logging_mixin.py:151} INFO - [2023-11-04T16:23:44.600+0000] {dag.py:2941} INFO - Sync 1 DAGs
[2023-11-04T16:23:44.638+0000] {logging_mixin.py:151} INFO - [2023-11-04T16:23:44.638+0000] {dag.py:3722} INFO - Setting next_dagrun for latest_only to 2023-11-04T12:23:44.637858+00:00, run_after=2023-11-04T16:23:44.637858+00:00
[2023-11-04T16:23:44.672+0000] {processor.py:179} INFO - Processing /home/airflow/.local/lib/python3.8/site-packages/airflow/example_dags/example_latest_only.py took 0.116 seconds
[2023-11-04T16:24:15.144+0000] {processor.py:157} INFO - Started process (PID=418) to work on /home/airflow/.local/lib/python3.8/site-packages/airflow/example_dags/example_latest_only.py
[2023-11-04T16:24:15.146+0000] {processor.py:829} INFO - Processing file /home/airflow/.local/lib/python3.8/site-packages/airflow/example_dags/example_latest_only.py for tasks to queue
[2023-11-04T16:24:15.148+0000] {logging_mixin.py:151} INFO - [2023-11-04T16:24:15.147+0000] {dagbag.py:536} INFO - Filling up the DagBag from /home/airflow/.local/lib/python3.8/site-packages/airflow/example_dags/example_latest_only.py
[2023-11-04T16:24:15.158+0000] {processor.py:839} INFO - DAG(s) dict_keys(['latest_only']) retrieved from /home/airflow/.local/lib/python3.8/site-packages/airflow/example_dags/example_latest_only.py
[2023-11-04T16:24:15.189+0000] {logging_mixin.py:151} INFO - [2023-11-04T16:24:15.189+0000] {dag.py:2941} INFO - Sync 1 DAGs
[2023-11-04T16:24:15.229+0000] {logging_mixin.py:151} INFO - [2023-11-04T16:24:15.229+0000] {dag.py:3722} INFO - Setting next_dagrun for latest_only to 2023-11-04T12:24:15.229286+00:00, run_after=2023-11-04T16:24:15.229286+00:00
[2023-11-04T16:24:15.258+0000] {processor.py:179} INFO - Processing /home/airflow/.local/lib/python3.8/site-packages/airflow/example_dags/example_latest_only.py took 0.121 seconds
[2023-11-04T16:24:45.563+0000] {processor.py:157} INFO - Started process (PID=656) to work on /home/airflow/.local/lib/python3.8/site-packages/airflow/example_dags/example_latest_only.py
[2023-11-04T16:24:45.565+0000] {processor.py:829} INFO - Processing file /home/airflow/.local/lib/python3.8/site-packages/airflow/example_dags/example_latest_only.py for tasks to queue
[2023-11-04T16:24:45.567+0000] {logging_mixin.py:151} INFO - [2023-11-04T16:24:45.567+0000] {dagbag.py:536} INFO - Filling up the DagBag from /home/airflow/.local/lib/python3.8/site-packages/airflow/example_dags/example_latest_only.py
[2023-11-04T16:24:45.579+0000] {processor.py:839} INFO - DAG(s) dict_keys(['latest_only']) retrieved from /home/airflow/.local/lib/python3.8/site-packages/airflow/example_dags/example_latest_only.py
[2023-11-04T16:24:45.612+0000] {logging_mixin.py:151} INFO - [2023-11-04T16:24:45.612+0000] {dag.py:2941} INFO - Sync 1 DAGs
[2023-11-04T16:24:45.646+0000] {logging_mixin.py:151} INFO - [2023-11-04T16:24:45.646+0000] {dag.py:3722} INFO - Setting next_dagrun for latest_only to 2023-11-04T12:24:45.645825+00:00, run_after=2023-11-04T16:24:45.645825+00:00
[2023-11-04T16:24:45.681+0000] {processor.py:179} INFO - Processing /home/airflow/.local/lib/python3.8/site-packages/airflow/example_dags/example_latest_only.py took 0.125 seconds
[2023-11-04T16:25:15.847+0000] {processor.py:157} INFO - Started process (PID=894) to work on /home/airflow/.local/lib/python3.8/site-packages/airflow/example_dags/example_latest_only.py
[2023-11-04T16:25:15.849+0000] {processor.py:829} INFO - Processing file /home/airflow/.local/lib/python3.8/site-packages/airflow/example_dags/example_latest_only.py for tasks to queue
[2023-11-04T16:25:15.850+0000] {logging_mixin.py:151} INFO - [2023-11-04T16:25:15.850+0000] {dagbag.py:536} INFO - Filling up the DagBag from /home/airflow/.local/lib/python3.8/site-packages/airflow/example_dags/example_latest_only.py
[2023-11-04T16:25:15.859+0000] {processor.py:839} INFO - DAG(s) dict_keys(['latest_only']) retrieved from /home/airflow/.local/lib/python3.8/site-packages/airflow/example_dags/example_latest_only.py
[2023-11-04T16:25:15.891+0000] {logging_mixin.py:151} INFO - [2023-11-04T16:25:15.890+0000] {dag.py:2941} INFO - Sync 1 DAGs
[2023-11-04T16:25:15.924+0000] {logging_mixin.py:151} INFO - [2023-11-04T16:25:15.924+0000] {dag.py:3722} INFO - Setting next_dagrun for latest_only to 2023-11-04T12:25:15.924081+00:00, run_after=2023-11-04T16:25:15.924081+00:00
[2023-11-04T16:25:15.957+0000] {processor.py:179} INFO - Processing /home/airflow/.local/lib/python3.8/site-packages/airflow/example_dags/example_latest_only.py took 0.117 seconds
[2023-11-04T16:25:46.402+0000] {processor.py:157} INFO - Started process (PID=1132) to work on /home/airflow/.local/lib/python3.8/site-packages/airflow/example_dags/example_latest_only.py
[2023-11-04T16:25:46.404+0000] {processor.py:829} INFO - Processing file /home/airflow/.local/lib/python3.8/site-packages/airflow/example_dags/example_latest_only.py for tasks to queue
[2023-11-04T16:25:46.406+0000] {logging_mixin.py:151} INFO - [2023-11-04T16:25:46.405+0000] {dagbag.py:536} INFO - Filling up the DagBag from /home/airflow/.local/lib/python3.8/site-packages/airflow/example_dags/example_latest_only.py
[2023-11-04T16:25:46.415+0000] {processor.py:839} INFO - DAG(s) dict_keys(['latest_only']) retrieved from /home/airflow/.local/lib/python3.8/site-packages/airflow/example_dags/example_latest_only.py
[2023-11-04T16:25:46.448+0000] {logging_mixin.py:151} INFO - [2023-11-04T16:25:46.448+0000] {dag.py:2941} INFO - Sync 1 DAGs
[2023-11-04T16:25:46.483+0000] {logging_mixin.py:151} INFO - [2023-11-04T16:25:46.483+0000] {dag.py:3722} INFO - Setting next_dagrun for latest_only to 2023-11-04T12:25:46.482999+00:00, run_after=2023-11-04T16:25:46.482999+00:00
[2023-11-04T16:25:46.512+0000] {processor.py:179} INFO - Processing /home/airflow/.local/lib/python3.8/site-packages/airflow/example_dags/example_latest_only.py took 0.116 seconds
[2023-11-04T16:26:16.693+0000] {processor.py:157} INFO - Started process (PID=1370) to work on /home/airflow/.local/lib/python3.8/site-packages/airflow/example_dags/example_latest_only.py
[2023-11-04T16:26:16.695+0000] {processor.py:829} INFO - Processing file /home/airflow/.local/lib/python3.8/site-packages/airflow/example_dags/example_latest_only.py for tasks to queue
[2023-11-04T16:26:16.697+0000] {logging_mixin.py:151} INFO - [2023-11-04T16:26:16.696+0000] {dagbag.py:536} INFO - Filling up the DagBag from /home/airflow/.local/lib/python3.8/site-packages/airflow/example_dags/example_latest_only.py
[2023-11-04T16:26:16.707+0000] {processor.py:839} INFO - DAG(s) dict_keys(['latest_only']) retrieved from /home/airflow/.local/lib/python3.8/site-packages/airflow/example_dags/example_latest_only.py
[2023-11-04T16:26:16.727+0000] {logging_mixin.py:151} INFO - [2023-11-04T16:26:16.726+0000] {dag.py:2941} INFO - Sync 1 DAGs
[2023-11-04T16:26:16.763+0000] {logging_mixin.py:151} INFO - [2023-11-04T16:26:16.762+0000] {dag.py:3722} INFO - Setting next_dagrun for latest_only to 2023-11-04T12:26:16.762409+00:00, run_after=2023-11-04T16:26:16.762409+00:00
[2023-11-04T16:26:16.799+0000] {processor.py:179} INFO - Processing /home/airflow/.local/lib/python3.8/site-packages/airflow/example_dags/example_latest_only.py took 0.111 seconds
[2023-11-04T16:26:47.251+0000] {processor.py:157} INFO - Started process (PID=1608) to work on /home/airflow/.local/lib/python3.8/site-packages/airflow/example_dags/example_latest_only.py
[2023-11-04T16:26:47.253+0000] {processor.py:829} INFO - Processing file /home/airflow/.local/lib/python3.8/site-packages/airflow/example_dags/example_latest_only.py for tasks to queue
[2023-11-04T16:26:47.255+0000] {logging_mixin.py:151} INFO - [2023-11-04T16:26:47.254+0000] {dagbag.py:536} INFO - Filling up the DagBag from /home/airflow/.local/lib/python3.8/site-packages/airflow/example_dags/example_latest_only.py
[2023-11-04T16:26:47.264+0000] {processor.py:839} INFO - DAG(s) dict_keys(['latest_only']) retrieved from /home/airflow/.local/lib/python3.8/site-packages/airflow/example_dags/example_latest_only.py
[2023-11-04T16:26:47.295+0000] {logging_mixin.py:151} INFO - [2023-11-04T16:26:47.295+0000] {dag.py:2941} INFO - Sync 1 DAGs
[2023-11-04T16:26:47.327+0000] {logging_mixin.py:151} INFO - [2023-11-04T16:26:47.327+0000] {dag.py:3722} INFO - Setting next_dagrun for latest_only to 2023-11-04T12:26:47.326666+00:00, run_after=2023-11-04T16:26:47.326666+00:00
[2023-11-04T16:26:47.361+0000] {processor.py:179} INFO - Processing /home/airflow/.local/lib/python3.8/site-packages/airflow/example_dags/example_latest_only.py took 0.116 seconds
[2023-11-04T16:27:17.767+0000] {processor.py:157} INFO - Started process (PID=1846) to work on /home/airflow/.local/lib/python3.8/site-packages/airflow/example_dags/example_latest_only.py
[2023-11-04T16:27:17.769+0000] {processor.py:829} INFO - Processing file /home/airflow/.local/lib/python3.8/site-packages/airflow/example_dags/example_latest_only.py for tasks to queue
[2023-11-04T16:27:17.771+0000] {logging_mixin.py:151} INFO - [2023-11-04T16:27:17.770+0000] {dagbag.py:536} INFO - Filling up the DagBag from /home/airflow/.local/lib/python3.8/site-packages/airflow/example_dags/example_latest_only.py
[2023-11-04T16:27:17.781+0000] {processor.py:839} INFO - DAG(s) dict_keys(['latest_only']) retrieved from /home/airflow/.local/lib/python3.8/site-packages/airflow/example_dags/example_latest_only.py
[2023-11-04T16:27:17.814+0000] {logging_mixin.py:151} INFO - [2023-11-04T16:27:17.814+0000] {dag.py:2941} INFO - Sync 1 DAGs
[2023-11-04T16:27:17.848+0000] {logging_mixin.py:151} INFO - [2023-11-04T16:27:17.847+0000] {dag.py:3722} INFO - Setting next_dagrun for latest_only to 2023-11-04T12:27:17.847529+00:00, run_after=2023-11-04T16:27:17.847529+00:00
[2023-11-04T16:27:17.883+0000] {processor.py:179} INFO - Processing /home/airflow/.local/lib/python3.8/site-packages/airflow/example_dags/example_latest_only.py took 0.122 seconds
[2023-11-04T16:27:48.245+0000] {processor.py:157} INFO - Started process (PID=2085) to work on /home/airflow/.local/lib/python3.8/site-packages/airflow/example_dags/example_latest_only.py
[2023-11-04T16:27:48.247+0000] {processor.py:829} INFO - Processing file /home/airflow/.local/lib/python3.8/site-packages/airflow/example_dags/example_latest_only.py for tasks to queue
[2023-11-04T16:27:48.249+0000] {logging_mixin.py:151} INFO - [2023-11-04T16:27:48.248+0000] {dagbag.py:536} INFO - Filling up the DagBag from /home/airflow/.local/lib/python3.8/site-packages/airflow/example_dags/example_latest_only.py
[2023-11-04T16:27:48.260+0000] {processor.py:839} INFO - DAG(s) dict_keys(['latest_only']) retrieved from /home/airflow/.local/lib/python3.8/site-packages/airflow/example_dags/example_latest_only.py
[2023-11-04T16:27:48.281+0000] {logging_mixin.py:151} INFO - [2023-11-04T16:27:48.280+0000] {dag.py:2941} INFO - Sync 1 DAGs
[2023-11-04T16:27:48.320+0000] {logging_mixin.py:151} INFO - [2023-11-04T16:27:48.319+0000] {dag.py:3722} INFO - Setting next_dagrun for latest_only to 2023-11-04T12:27:48.319527+00:00, run_after=2023-11-04T16:27:48.319527+00:00
[2023-11-04T16:27:48.356+0000] {processor.py:179} INFO - Processing /home/airflow/.local/lib/python3.8/site-packages/airflow/example_dags/example_latest_only.py took 0.117 seconds
[2023-11-04T16:28:19.195+0000] {processor.py:157} INFO - Started process (PID=2323) to work on /home/airflow/.local/lib/python3.8/site-packages/airflow/example_dags/example_latest_only.py
[2023-11-04T16:28:19.197+0000] {processor.py:829} INFO - Processing file /home/airflow/.local/lib/python3.8/site-packages/airflow/example_dags/example_latest_only.py for tasks to queue
[2023-11-04T16:28:19.199+0000] {logging_mixin.py:151} INFO - [2023-11-04T16:28:19.198+0000] {dagbag.py:536} INFO - Filling up the DagBag from /home/airflow/.local/lib/python3.8/site-packages/airflow/example_dags/example_latest_only.py
[2023-11-04T16:28:19.209+0000] {processor.py:839} INFO - DAG(s) dict_keys(['latest_only']) retrieved from /home/airflow/.local/lib/python3.8/site-packages/airflow/example_dags/example_latest_only.py
[2023-11-04T16:28:19.240+0000] {logging_mixin.py:151} INFO - [2023-11-04T16:28:19.240+0000] {dag.py:2941} INFO - Sync 1 DAGs
[2023-11-04T16:28:19.273+0000] {logging_mixin.py:151} INFO - [2023-11-04T16:28:19.272+0000] {dag.py:3722} INFO - Setting next_dagrun for latest_only to 2023-11-04T12:28:19.272561+00:00, run_after=2023-11-04T16:28:19.272561+00:00
[2023-11-04T16:28:19.301+0000] {processor.py:179} INFO - Processing /home/airflow/.local/lib/python3.8/site-packages/airflow/example_dags/example_latest_only.py took 0.112 seconds
[2023-11-04T16:28:49.983+0000] {processor.py:157} INFO - Started process (PID=2561) to work on /home/airflow/.local/lib/python3.8/site-packages/airflow/example_dags/example_latest_only.py
[2023-11-04T16:28:49.985+0000] {processor.py:829} INFO - Processing file /home/airflow/.local/lib/python3.8/site-packages/airflow/example_dags/example_latest_only.py for tasks to queue
[2023-11-04T16:28:49.987+0000] {logging_mixin.py:151} INFO - [2023-11-04T16:28:49.986+0000] {dagbag.py:536} INFO - Filling up the DagBag from /home/airflow/.local/lib/python3.8/site-packages/airflow/example_dags/example_latest_only.py
[2023-11-04T16:28:49.996+0000] {processor.py:839} INFO - DAG(s) dict_keys(['latest_only']) retrieved from /home/airflow/.local/lib/python3.8/site-packages/airflow/example_dags/example_latest_only.py
[2023-11-04T16:28:50.029+0000] {logging_mixin.py:151} INFO - [2023-11-04T16:28:50.029+0000] {dag.py:2941} INFO - Sync 1 DAGs
[2023-11-04T16:28:50.063+0000] {logging_mixin.py:151} INFO - [2023-11-04T16:28:50.062+0000] {dag.py:3722} INFO - Setting next_dagrun for latest_only to 2023-11-04T12:28:50.062603+00:00, run_after=2023-11-04T16:28:50.062603+00:00
[2023-11-04T16:28:50.097+0000] {processor.py:179} INFO - Processing /home/airflow/.local/lib/python3.8/site-packages/airflow/example_dags/example_latest_only.py took 0.119 seconds
[2023-11-04T16:29:20.634+0000] {processor.py:157} INFO - Started process (PID=2799) to work on /home/airflow/.local/lib/python3.8/site-packages/airflow/example_dags/example_latest_only.py
[2023-11-04T16:29:20.636+0000] {processor.py:829} INFO - Processing file /home/airflow/.local/lib/python3.8/site-packages/airflow/example_dags/example_latest_only.py for tasks to queue
[2023-11-04T16:29:20.637+0000] {logging_mixin.py:151} INFO - [2023-11-04T16:29:20.637+0000] {dagbag.py:536} INFO - Filling up the DagBag from /home/airflow/.local/lib/python3.8/site-packages/airflow/example_dags/example_latest_only.py
[2023-11-04T16:29:20.647+0000] {processor.py:839} INFO - DAG(s) dict_keys(['latest_only']) retrieved from /home/airflow/.local/lib/python3.8/site-packages/airflow/example_dags/example_latest_only.py
[2023-11-04T16:29:20.679+0000] {logging_mixin.py:151} INFO - [2023-11-04T16:29:20.679+0000] {dag.py:2941} INFO - Sync 1 DAGs
[2023-11-04T16:29:20.712+0000] {logging_mixin.py:151} INFO - [2023-11-04T16:29:20.712+0000] {dag.py:3722} INFO - Setting next_dagrun for latest_only to 2023-11-04T12:29:20.712101+00:00, run_after=2023-11-04T16:29:20.712101+00:00
[2023-11-04T16:29:20.748+0000] {processor.py:179} INFO - Processing /home/airflow/.local/lib/python3.8/site-packages/airflow/example_dags/example_latest_only.py took 0.121 seconds
[2023-11-04T16:29:50.867+0000] {processor.py:157} INFO - Started process (PID=3037) to work on /home/airflow/.local/lib/python3.8/site-packages/airflow/example_dags/example_latest_only.py
[2023-11-04T16:29:50.868+0000] {processor.py:829} INFO - Processing file /home/airflow/.local/lib/python3.8/site-packages/airflow/example_dags/example_latest_only.py for tasks to queue
[2023-11-04T16:29:50.870+0000] {logging_mixin.py:151} INFO - [2023-11-04T16:29:50.870+0000] {dagbag.py:536} INFO - Filling up the DagBag from /home/airflow/.local/lib/python3.8/site-packages/airflow/example_dags/example_latest_only.py
[2023-11-04T16:29:50.879+0000] {processor.py:839} INFO - DAG(s) dict_keys(['latest_only']) retrieved from /home/airflow/.local/lib/python3.8/site-packages/airflow/example_dags/example_latest_only.py
[2023-11-04T16:29:50.898+0000] {logging_mixin.py:151} INFO - [2023-11-04T16:29:50.898+0000] {dag.py:2941} INFO - Sync 1 DAGs
[2023-11-04T16:29:50.932+0000] {logging_mixin.py:151} INFO - [2023-11-04T16:29:50.932+0000] {dag.py:3722} INFO - Setting next_dagrun for latest_only to 2023-11-04T12:29:50.932121+00:00, run_after=2023-11-04T16:29:50.932121+00:00
[2023-11-04T16:29:50.967+0000] {processor.py:179} INFO - Processing /home/airflow/.local/lib/python3.8/site-packages/airflow/example_dags/example_latest_only.py took 0.105 seconds
[2023-11-04T16:30:21.354+0000] {processor.py:157} INFO - Started process (PID=3275) to work on /home/airflow/.local/lib/python3.8/site-packages/airflow/example_dags/example_latest_only.py
[2023-11-04T16:30:21.356+0000] {processor.py:829} INFO - Processing file /home/airflow/.local/lib/python3.8/site-packages/airflow/example_dags/example_latest_only.py for tasks to queue
[2023-11-04T16:30:21.358+0000] {logging_mixin.py:151} INFO - [2023-11-04T16:30:21.357+0000] {dagbag.py:536} INFO - Filling up the DagBag from /home/airflow/.local/lib/python3.8/site-packages/airflow/example_dags/example_latest_only.py
[2023-11-04T16:30:21.368+0000] {processor.py:839} INFO - DAG(s) dict_keys(['latest_only']) retrieved from /home/airflow/.local/lib/python3.8/site-packages/airflow/example_dags/example_latest_only.py
[2023-11-04T16:30:21.400+0000] {logging_mixin.py:151} INFO - [2023-11-04T16:30:21.400+0000] {dag.py:2941} INFO - Sync 1 DAGs
[2023-11-04T16:30:21.437+0000] {logging_mixin.py:151} INFO - [2023-11-04T16:30:21.436+0000] {dag.py:3722} INFO - Setting next_dagrun for latest_only to 2023-11-04T12:30:21.436450+00:00, run_after=2023-11-04T16:30:21.436450+00:00
[2023-11-04T16:30:21.473+0000] {processor.py:179} INFO - Processing /home/airflow/.local/lib/python3.8/site-packages/airflow/example_dags/example_latest_only.py took 0.125 seconds
[2023-11-04T16:30:51.847+0000] {processor.py:157} INFO - Started process (PID=3513) to work on /home/airflow/.local/lib/python3.8/site-packages/airflow/example_dags/example_latest_only.py
[2023-11-04T16:30:51.849+0000] {processor.py:829} INFO - Processing file /home/airflow/.local/lib/python3.8/site-packages/airflow/example_dags/example_latest_only.py for tasks to queue
[2023-11-04T16:30:51.851+0000] {logging_mixin.py:151} INFO - [2023-11-04T16:30:51.850+0000] {dagbag.py:536} INFO - Filling up the DagBag from /home/airflow/.local/lib/python3.8/site-packages/airflow/example_dags/example_latest_only.py
[2023-11-04T16:30:51.860+0000] {processor.py:839} INFO - DAG(s) dict_keys(['latest_only']) retrieved from /home/airflow/.local/lib/python3.8/site-packages/airflow/example_dags/example_latest_only.py
[2023-11-04T16:30:51.902+0000] {logging_mixin.py:151} INFO - [2023-11-04T16:30:51.902+0000] {dag.py:2941} INFO - Sync 1 DAGs
[2023-11-04T16:30:51.955+0000] {logging_mixin.py:151} INFO - [2023-11-04T16:30:51.954+0000] {dag.py:3722} INFO - Setting next_dagrun for latest_only to 2023-11-04T12:30:51.953726+00:00, run_after=2023-11-04T16:30:51.953726+00:00
[2023-11-04T16:30:52.024+0000] {processor.py:179} INFO - Processing /home/airflow/.local/lib/python3.8/site-packages/airflow/example_dags/example_latest_only.py took 0.184 seconds
[2023-11-04T16:31:22.088+0000] {processor.py:157} INFO - Started process (PID=3751) to work on /home/airflow/.local/lib/python3.8/site-packages/airflow/example_dags/example_latest_only.py
[2023-11-04T16:31:22.090+0000] {processor.py:829} INFO - Processing file /home/airflow/.local/lib/python3.8/site-packages/airflow/example_dags/example_latest_only.py for tasks to queue
[2023-11-04T16:31:22.092+0000] {logging_mixin.py:151} INFO - [2023-11-04T16:31:22.092+0000] {dagbag.py:536} INFO - Filling up the DagBag from /home/airflow/.local/lib/python3.8/site-packages/airflow/example_dags/example_latest_only.py
[2023-11-04T16:31:22.103+0000] {processor.py:839} INFO - DAG(s) dict_keys(['latest_only']) retrieved from /home/airflow/.local/lib/python3.8/site-packages/airflow/example_dags/example_latest_only.py
[2023-11-04T16:31:22.139+0000] {logging_mixin.py:151} INFO - [2023-11-04T16:31:22.139+0000] {dag.py:2941} INFO - Sync 1 DAGs
[2023-11-04T16:31:22.176+0000] {logging_mixin.py:151} INFO - [2023-11-04T16:31:22.176+0000] {dag.py:3722} INFO - Setting next_dagrun for latest_only to 2023-11-04T12:31:22.176054+00:00, run_after=2023-11-04T16:31:22.176054+00:00
[2023-11-04T16:31:22.210+0000] {processor.py:179} INFO - Processing /home/airflow/.local/lib/python3.8/site-packages/airflow/example_dags/example_latest_only.py took 0.127 seconds
[2023-11-04T16:31:52.650+0000] {processor.py:157} INFO - Started process (PID=3989) to work on /home/airflow/.local/lib/python3.8/site-packages/airflow/example_dags/example_latest_only.py
[2023-11-04T16:31:52.652+0000] {processor.py:829} INFO - Processing file /home/airflow/.local/lib/python3.8/site-packages/airflow/example_dags/example_latest_only.py for tasks to queue
[2023-11-04T16:31:52.654+0000] {logging_mixin.py:151} INFO - [2023-11-04T16:31:52.653+0000] {dagbag.py:536} INFO - Filling up the DagBag from /home/airflow/.local/lib/python3.8/site-packages/airflow/example_dags/example_latest_only.py
[2023-11-04T16:31:52.663+0000] {processor.py:839} INFO - DAG(s) dict_keys(['latest_only']) retrieved from /home/airflow/.local/lib/python3.8/site-packages/airflow/example_dags/example_latest_only.py
[2023-11-04T16:31:52.684+0000] {logging_mixin.py:151} INFO - [2023-11-04T16:31:52.683+0000] {dag.py:2941} INFO - Sync 1 DAGs
[2023-11-04T16:31:52.728+0000] {logging_mixin.py:151} INFO - [2023-11-04T16:31:52.728+0000] {dag.py:3722} INFO - Setting next_dagrun for latest_only to 2023-11-04T12:31:52.728074+00:00, run_after=2023-11-04T16:31:52.728074+00:00
[2023-11-04T16:31:52.758+0000] {processor.py:179} INFO - Processing /home/airflow/.local/lib/python3.8/site-packages/airflow/example_dags/example_latest_only.py took 0.114 seconds
[2023-11-04T16:32:23.220+0000] {processor.py:157} INFO - Started process (PID=4227) to work on /home/airflow/.local/lib/python3.8/site-packages/airflow/example_dags/example_latest_only.py
[2023-11-04T16:32:23.222+0000] {processor.py:829} INFO - Processing file /home/airflow/.local/lib/python3.8/site-packages/airflow/example_dags/example_latest_only.py for tasks to queue
[2023-11-04T16:32:23.223+0000] {logging_mixin.py:151} INFO - [2023-11-04T16:32:23.223+0000] {dagbag.py:536} INFO - Filling up the DagBag from /home/airflow/.local/lib/python3.8/site-packages/airflow/example_dags/example_latest_only.py
[2023-11-04T16:32:23.233+0000] {processor.py:839} INFO - DAG(s) dict_keys(['latest_only']) retrieved from /home/airflow/.local/lib/python3.8/site-packages/airflow/example_dags/example_latest_only.py
[2023-11-04T16:32:23.266+0000] {logging_mixin.py:151} INFO - [2023-11-04T16:32:23.265+0000] {dag.py:2941} INFO - Sync 1 DAGs
[2023-11-04T16:32:23.302+0000] {logging_mixin.py:151} INFO - [2023-11-04T16:32:23.301+0000] {dag.py:3722} INFO - Setting next_dagrun for latest_only to 2023-11-04T12:32:23.301464+00:00, run_after=2023-11-04T16:32:23.301464+00:00
[2023-11-04T16:32:23.334+0000] {processor.py:179} INFO - Processing /home/airflow/.local/lib/python3.8/site-packages/airflow/example_dags/example_latest_only.py took 0.121 seconds
[2023-11-04T16:32:53.380+0000] {processor.py:157} INFO - Started process (PID=4465) to work on /home/airflow/.local/lib/python3.8/site-packages/airflow/example_dags/example_latest_only.py
[2023-11-04T16:32:53.381+0000] {processor.py:829} INFO - Processing file /home/airflow/.local/lib/python3.8/site-packages/airflow/example_dags/example_latest_only.py for tasks to queue
[2023-11-04T16:32:53.383+0000] {logging_mixin.py:151} INFO - [2023-11-04T16:32:53.383+0000] {dagbag.py:536} INFO - Filling up the DagBag from /home/airflow/.local/lib/python3.8/site-packages/airflow/example_dags/example_latest_only.py
[2023-11-04T16:32:53.394+0000] {processor.py:839} INFO - DAG(s) dict_keys(['latest_only']) retrieved from /home/airflow/.local/lib/python3.8/site-packages/airflow/example_dags/example_latest_only.py
[2023-11-04T16:32:53.426+0000] {logging_mixin.py:151} INFO - [2023-11-04T16:32:53.426+0000] {dag.py:2941} INFO - Sync 1 DAGs
[2023-11-04T16:32:53.459+0000] {logging_mixin.py:151} INFO - [2023-11-04T16:32:53.458+0000] {dag.py:3722} INFO - Setting next_dagrun for latest_only to 2023-11-04T12:32:53.458308+00:00, run_after=2023-11-04T16:32:53.458308+00:00
[2023-11-04T16:32:53.494+0000] {processor.py:179} INFO - Processing /home/airflow/.local/lib/python3.8/site-packages/airflow/example_dags/example_latest_only.py took 0.120 seconds
[2023-11-04T16:33:23.623+0000] {processor.py:157} INFO - Started process (PID=4703) to work on /home/airflow/.local/lib/python3.8/site-packages/airflow/example_dags/example_latest_only.py
[2023-11-04T16:33:23.625+0000] {processor.py:829} INFO - Processing file /home/airflow/.local/lib/python3.8/site-packages/airflow/example_dags/example_latest_only.py for tasks to queue
[2023-11-04T16:33:23.626+0000] {logging_mixin.py:151} INFO - [2023-11-04T16:33:23.626+0000] {dagbag.py:536} INFO - Filling up the DagBag from /home/airflow/.local/lib/python3.8/site-packages/airflow/example_dags/example_latest_only.py
[2023-11-04T16:33:23.636+0000] {processor.py:839} INFO - DAG(s) dict_keys(['latest_only']) retrieved from /home/airflow/.local/lib/python3.8/site-packages/airflow/example_dags/example_latest_only.py
[2023-11-04T16:33:23.668+0000] {logging_mixin.py:151} INFO - [2023-11-04T16:33:23.667+0000] {dag.py:2941} INFO - Sync 1 DAGs
[2023-11-04T16:33:23.702+0000] {logging_mixin.py:151} INFO - [2023-11-04T16:33:23.702+0000] {dag.py:3722} INFO - Setting next_dagrun for latest_only to 2023-11-04T12:33:23.701543+00:00, run_after=2023-11-04T16:33:23.701543+00:00
[2023-11-04T16:33:23.740+0000] {processor.py:179} INFO - Processing /home/airflow/.local/lib/python3.8/site-packages/airflow/example_dags/example_latest_only.py took 0.123 seconds
[2023-11-04T16:33:53.938+0000] {processor.py:157} INFO - Started process (PID=4941) to work on /home/airflow/.local/lib/python3.8/site-packages/airflow/example_dags/example_latest_only.py
[2023-11-04T16:33:53.940+0000] {processor.py:829} INFO - Processing file /home/airflow/.local/lib/python3.8/site-packages/airflow/example_dags/example_latest_only.py for tasks to queue
[2023-11-04T16:33:53.942+0000] {logging_mixin.py:151} INFO - [2023-11-04T16:33:53.941+0000] {dagbag.py:536} INFO - Filling up the DagBag from /home/airflow/.local/lib/python3.8/site-packages/airflow/example_dags/example_latest_only.py
[2023-11-04T16:33:53.953+0000] {processor.py:839} INFO - DAG(s) dict_keys(['latest_only']) retrieved from /home/airflow/.local/lib/python3.8/site-packages/airflow/example_dags/example_latest_only.py
[2023-11-04T16:33:53.986+0000] {logging_mixin.py:151} INFO - [2023-11-04T16:33:53.985+0000] {dag.py:2941} INFO - Sync 1 DAGs
[2023-11-04T16:33:54.029+0000] {logging_mixin.py:151} INFO - [2023-11-04T16:33:54.029+0000] {dag.py:3722} INFO - Setting next_dagrun for latest_only to 2023-11-04T12:33:54.028861+00:00, run_after=2023-11-04T16:33:54.028861+00:00
[2023-11-04T16:33:54.073+0000] {processor.py:179} INFO - Processing /home/airflow/.local/lib/python3.8/site-packages/airflow/example_dags/example_latest_only.py took 0.140 seconds
[2023-11-04T16:34:24.502+0000] {processor.py:157} INFO - Started process (PID=5179) to work on /home/airflow/.local/lib/python3.8/site-packages/airflow/example_dags/example_latest_only.py
[2023-11-04T16:34:24.504+0000] {processor.py:829} INFO - Processing file /home/airflow/.local/lib/python3.8/site-packages/airflow/example_dags/example_latest_only.py for tasks to queue
[2023-11-04T16:34:24.505+0000] {logging_mixin.py:151} INFO - [2023-11-04T16:34:24.505+0000] {dagbag.py:536} INFO - Filling up the DagBag from /home/airflow/.local/lib/python3.8/site-packages/airflow/example_dags/example_latest_only.py
[2023-11-04T16:34:24.515+0000] {processor.py:839} INFO - DAG(s) dict_keys(['latest_only']) retrieved from /home/airflow/.local/lib/python3.8/site-packages/airflow/example_dags/example_latest_only.py
[2023-11-04T16:34:24.573+0000] {logging_mixin.py:151} INFO - [2023-11-04T16:34:24.571+0000] {dag.py:2941} INFO - Sync 1 DAGs
[2023-11-04T16:34:24.612+0000] {logging_mixin.py:151} INFO - [2023-11-04T16:34:24.612+0000] {dag.py:3722} INFO - Setting next_dagrun for latest_only to 2023-11-04T12:34:24.612160+00:00, run_after=2023-11-04T16:34:24.612160+00:00
[2023-11-04T16:34:24.640+0000] {processor.py:179} INFO - Processing /home/airflow/.local/lib/python3.8/site-packages/airflow/example_dags/example_latest_only.py took 0.143 seconds
[2023-11-04T16:34:55.483+0000] {processor.py:157} INFO - Started process (PID=5417) to work on /home/airflow/.local/lib/python3.8/site-packages/airflow/example_dags/example_latest_only.py
[2023-11-04T16:34:55.485+0000] {processor.py:829} INFO - Processing file /home/airflow/.local/lib/python3.8/site-packages/airflow/example_dags/example_latest_only.py for tasks to queue
[2023-11-04T16:34:55.486+0000] {logging_mixin.py:151} INFO - [2023-11-04T16:34:55.486+0000] {dagbag.py:536} INFO - Filling up the DagBag from /home/airflow/.local/lib/python3.8/site-packages/airflow/example_dags/example_latest_only.py
[2023-11-04T16:34:55.495+0000] {processor.py:839} INFO - DAG(s) dict_keys(['latest_only']) retrieved from /home/airflow/.local/lib/python3.8/site-packages/airflow/example_dags/example_latest_only.py
[2023-11-04T16:34:55.527+0000] {logging_mixin.py:151} INFO - [2023-11-04T16:34:55.526+0000] {dag.py:2941} INFO - Sync 1 DAGs
[2023-11-04T16:34:55.559+0000] {logging_mixin.py:151} INFO - [2023-11-04T16:34:55.559+0000] {dag.py:3722} INFO - Setting next_dagrun for latest_only to 2023-11-04T12:34:55.559291+00:00, run_after=2023-11-04T16:34:55.559291+00:00
[2023-11-04T16:34:55.592+0000] {processor.py:179} INFO - Processing /home/airflow/.local/lib/python3.8/site-packages/airflow/example_dags/example_latest_only.py took 0.114 seconds
[2023-11-04T16:35:26.352+0000] {processor.py:157} INFO - Started process (PID=5655) to work on /home/airflow/.local/lib/python3.8/site-packages/airflow/example_dags/example_latest_only.py
[2023-11-04T16:35:26.354+0000] {processor.py:829} INFO - Processing file /home/airflow/.local/lib/python3.8/site-packages/airflow/example_dags/example_latest_only.py for tasks to queue
[2023-11-04T16:35:26.355+0000] {logging_mixin.py:151} INFO - [2023-11-04T16:35:26.355+0000] {dagbag.py:536} INFO - Filling up the DagBag from /home/airflow/.local/lib/python3.8/site-packages/airflow/example_dags/example_latest_only.py
[2023-11-04T16:35:26.364+0000] {processor.py:839} INFO - DAG(s) dict_keys(['latest_only']) retrieved from /home/airflow/.local/lib/python3.8/site-packages/airflow/example_dags/example_latest_only.py
[2023-11-04T16:35:26.395+0000] {logging_mixin.py:151} INFO - [2023-11-04T16:35:26.395+0000] {dag.py:2941} INFO - Sync 1 DAGs
[2023-11-04T16:35:26.429+0000] {logging_mixin.py:151} INFO - [2023-11-04T16:35:26.428+0000] {dag.py:3722} INFO - Setting next_dagrun for latest_only to 2023-11-04T12:35:26.428470+00:00, run_after=2023-11-04T16:35:26.428470+00:00
[2023-11-04T16:35:26.456+0000] {processor.py:179} INFO - Processing /home/airflow/.local/lib/python3.8/site-packages/airflow/example_dags/example_latest_only.py took 0.108 seconds
[2023-11-04T16:35:57.408+0000] {processor.py:157} INFO - Started process (PID=5893) to work on /home/airflow/.local/lib/python3.8/site-packages/airflow/example_dags/example_latest_only.py
[2023-11-04T16:35:57.409+0000] {processor.py:829} INFO - Processing file /home/airflow/.local/lib/python3.8/site-packages/airflow/example_dags/example_latest_only.py for tasks to queue
[2023-11-04T16:35:57.411+0000] {logging_mixin.py:151} INFO - [2023-11-04T16:35:57.411+0000] {dagbag.py:536} INFO - Filling up the DagBag from /home/airflow/.local/lib/python3.8/site-packages/airflow/example_dags/example_latest_only.py
[2023-11-04T16:35:57.420+0000] {processor.py:839} INFO - DAG(s) dict_keys(['latest_only']) retrieved from /home/airflow/.local/lib/python3.8/site-packages/airflow/example_dags/example_latest_only.py
[2023-11-04T16:35:57.451+0000] {logging_mixin.py:151} INFO - [2023-11-04T16:35:57.451+0000] {dag.py:2941} INFO - Sync 1 DAGs
[2023-11-04T16:35:57.484+0000] {logging_mixin.py:151} INFO - [2023-11-04T16:35:57.483+0000] {dag.py:3722} INFO - Setting next_dagrun for latest_only to 2023-11-04T12:35:57.483480+00:00, run_after=2023-11-04T16:35:57.483480+00:00
[2023-11-04T16:35:57.516+0000] {processor.py:179} INFO - Processing /home/airflow/.local/lib/python3.8/site-packages/airflow/example_dags/example_latest_only.py took 0.113 seconds
[2023-11-04T16:36:27.794+0000] {processor.py:157} INFO - Started process (PID=6131) to work on /home/airflow/.local/lib/python3.8/site-packages/airflow/example_dags/example_latest_only.py
[2023-11-04T16:36:27.796+0000] {processor.py:829} INFO - Processing file /home/airflow/.local/lib/python3.8/site-packages/airflow/example_dags/example_latest_only.py for tasks to queue
[2023-11-04T16:36:27.797+0000] {logging_mixin.py:151} INFO - [2023-11-04T16:36:27.797+0000] {dagbag.py:536} INFO - Filling up the DagBag from /home/airflow/.local/lib/python3.8/site-packages/airflow/example_dags/example_latest_only.py
[2023-11-04T16:36:27.806+0000] {processor.py:839} INFO - DAG(s) dict_keys(['latest_only']) retrieved from /home/airflow/.local/lib/python3.8/site-packages/airflow/example_dags/example_latest_only.py
[2023-11-04T16:36:27.837+0000] {logging_mixin.py:151} INFO - [2023-11-04T16:36:27.837+0000] {dag.py:2941} INFO - Sync 1 DAGs
[2023-11-04T16:36:27.870+0000] {logging_mixin.py:151} INFO - [2023-11-04T16:36:27.870+0000] {dag.py:3722} INFO - Setting next_dagrun for latest_only to 2023-11-04T12:36:27.869742+00:00, run_after=2023-11-04T16:36:27.869742+00:00
[2023-11-04T16:36:27.898+0000] {processor.py:179} INFO - Processing /home/airflow/.local/lib/python3.8/site-packages/airflow/example_dags/example_latest_only.py took 0.109 seconds
[2023-11-04T16:36:58.453+0000] {processor.py:157} INFO - Started process (PID=6369) to work on /home/airflow/.local/lib/python3.8/site-packages/airflow/example_dags/example_latest_only.py
[2023-11-04T16:36:58.457+0000] {processor.py:829} INFO - Processing file /home/airflow/.local/lib/python3.8/site-packages/airflow/example_dags/example_latest_only.py for tasks to queue
[2023-11-04T16:36:58.462+0000] {logging_mixin.py:151} INFO - [2023-11-04T16:36:58.461+0000] {dagbag.py:536} INFO - Filling up the DagBag from /home/airflow/.local/lib/python3.8/site-packages/airflow/example_dags/example_latest_only.py
[2023-11-04T16:36:58.480+0000] {processor.py:839} INFO - DAG(s) dict_keys(['latest_only']) retrieved from /home/airflow/.local/lib/python3.8/site-packages/airflow/example_dags/example_latest_only.py
[2023-11-04T16:36:58.536+0000] {logging_mixin.py:151} INFO - [2023-11-04T16:36:58.535+0000] {dag.py:2941} INFO - Sync 1 DAGs
[2023-11-04T16:36:58.591+0000] {logging_mixin.py:151} INFO - [2023-11-04T16:36:58.591+0000] {dag.py:3722} INFO - Setting next_dagrun for latest_only to 2023-11-04T12:36:58.591016+00:00, run_after=2023-11-04T16:36:58.591016+00:00
[2023-11-04T16:36:58.627+0000] {processor.py:179} INFO - Processing /home/airflow/.local/lib/python3.8/site-packages/airflow/example_dags/example_latest_only.py took 0.184 seconds
[2023-11-04T16:37:29.502+0000] {processor.py:157} INFO - Started process (PID=6607) to work on /home/airflow/.local/lib/python3.8/site-packages/airflow/example_dags/example_latest_only.py
[2023-11-04T16:37:29.503+0000] {processor.py:829} INFO - Processing file /home/airflow/.local/lib/python3.8/site-packages/airflow/example_dags/example_latest_only.py for tasks to queue
[2023-11-04T16:37:29.505+0000] {logging_mixin.py:151} INFO - [2023-11-04T16:37:29.504+0000] {dagbag.py:536} INFO - Filling up the DagBag from /home/airflow/.local/lib/python3.8/site-packages/airflow/example_dags/example_latest_only.py
[2023-11-04T16:37:29.514+0000] {processor.py:839} INFO - DAG(s) dict_keys(['latest_only']) retrieved from /home/airflow/.local/lib/python3.8/site-packages/airflow/example_dags/example_latest_only.py
[2023-11-04T16:37:29.549+0000] {logging_mixin.py:151} INFO - [2023-11-04T16:37:29.549+0000] {dag.py:2941} INFO - Sync 1 DAGs
[2023-11-04T16:37:29.583+0000] {logging_mixin.py:151} INFO - [2023-11-04T16:37:29.582+0000] {dag.py:3722} INFO - Setting next_dagrun for latest_only to 2023-11-04T12:37:29.582511+00:00, run_after=2023-11-04T16:37:29.582511+00:00
[2023-11-04T16:37:29.618+0000] {processor.py:179} INFO - Processing /home/airflow/.local/lib/python3.8/site-packages/airflow/example_dags/example_latest_only.py took 0.121 seconds
[2023-11-04T16:38:00.251+0000] {processor.py:157} INFO - Started process (PID=6852) to work on /home/airflow/.local/lib/python3.8/site-packages/airflow/example_dags/example_latest_only.py
[2023-11-04T16:38:00.253+0000] {processor.py:829} INFO - Processing file /home/airflow/.local/lib/python3.8/site-packages/airflow/example_dags/example_latest_only.py for tasks to queue
[2023-11-04T16:38:00.255+0000] {logging_mixin.py:151} INFO - [2023-11-04T16:38:00.254+0000] {dagbag.py:536} INFO - Filling up the DagBag from /home/airflow/.local/lib/python3.8/site-packages/airflow/example_dags/example_latest_only.py
[2023-11-04T16:38:00.266+0000] {processor.py:839} INFO - DAG(s) dict_keys(['latest_only']) retrieved from /home/airflow/.local/lib/python3.8/site-packages/airflow/example_dags/example_latest_only.py
[2023-11-04T16:38:00.301+0000] {logging_mixin.py:151} INFO - [2023-11-04T16:38:00.301+0000] {dag.py:2941} INFO - Sync 1 DAGs
[2023-11-04T16:38:00.337+0000] {logging_mixin.py:151} INFO - [2023-11-04T16:38:00.337+0000] {dag.py:3722} INFO - Setting next_dagrun for latest_only to 2023-11-04T12:38:00.336896+00:00, run_after=2023-11-04T16:38:00.336896+00:00
[2023-11-04T16:38:00.371+0000] {processor.py:179} INFO - Processing /home/airflow/.local/lib/python3.8/site-packages/airflow/example_dags/example_latest_only.py took 0.126 seconds
[2023-11-04T16:38:31.228+0000] {processor.py:157} INFO - Started process (PID=7090) to work on /home/airflow/.local/lib/python3.8/site-packages/airflow/example_dags/example_latest_only.py
[2023-11-04T16:38:31.230+0000] {processor.py:829} INFO - Processing file /home/airflow/.local/lib/python3.8/site-packages/airflow/example_dags/example_latest_only.py for tasks to queue
[2023-11-04T16:38:31.232+0000] {logging_mixin.py:151} INFO - [2023-11-04T16:38:31.232+0000] {dagbag.py:536} INFO - Filling up the DagBag from /home/airflow/.local/lib/python3.8/site-packages/airflow/example_dags/example_latest_only.py
[2023-11-04T16:38:31.242+0000] {processor.py:839} INFO - DAG(s) dict_keys(['latest_only']) retrieved from /home/airflow/.local/lib/python3.8/site-packages/airflow/example_dags/example_latest_only.py
[2023-11-04T16:38:31.274+0000] {logging_mixin.py:151} INFO - [2023-11-04T16:38:31.274+0000] {dag.py:2941} INFO - Sync 1 DAGs
[2023-11-04T16:38:31.310+0000] {logging_mixin.py:151} INFO - [2023-11-04T16:38:31.310+0000] {dag.py:3722} INFO - Setting next_dagrun for latest_only to 2023-11-04T12:38:31.309674+00:00, run_after=2023-11-04T16:38:31.309674+00:00
[2023-11-04T16:38:31.347+0000] {processor.py:179} INFO - Processing /home/airflow/.local/lib/python3.8/site-packages/airflow/example_dags/example_latest_only.py took 0.123 seconds
[2023-11-04T16:39:01.974+0000] {processor.py:157} INFO - Started process (PID=7328) to work on /home/airflow/.local/lib/python3.8/site-packages/airflow/example_dags/example_latest_only.py
[2023-11-04T16:39:01.975+0000] {processor.py:829} INFO - Processing file /home/airflow/.local/lib/python3.8/site-packages/airflow/example_dags/example_latest_only.py for tasks to queue
[2023-11-04T16:39:01.977+0000] {logging_mixin.py:151} INFO - [2023-11-04T16:39:01.976+0000] {dagbag.py:536} INFO - Filling up the DagBag from /home/airflow/.local/lib/python3.8/site-packages/airflow/example_dags/example_latest_only.py
[2023-11-04T16:39:01.988+0000] {processor.py:839} INFO - DAG(s) dict_keys(['latest_only']) retrieved from /home/airflow/.local/lib/python3.8/site-packages/airflow/example_dags/example_latest_only.py
[2023-11-04T16:39:02.024+0000] {logging_mixin.py:151} INFO - [2023-11-04T16:39:02.023+0000] {dag.py:2941} INFO - Sync 1 DAGs
[2023-11-04T16:39:02.060+0000] {logging_mixin.py:151} INFO - [2023-11-04T16:39:02.059+0000] {dag.py:3722} INFO - Setting next_dagrun for latest_only to 2023-11-04T12:39:02.059463+00:00, run_after=2023-11-04T16:39:02.059463+00:00
[2023-11-04T16:39:02.098+0000] {processor.py:179} INFO - Processing /home/airflow/.local/lib/python3.8/site-packages/airflow/example_dags/example_latest_only.py took 0.130 seconds
[2023-11-04T16:39:32.468+0000] {processor.py:157} INFO - Started process (PID=7566) to work on /home/airflow/.local/lib/python3.8/site-packages/airflow/example_dags/example_latest_only.py
[2023-11-04T16:39:32.470+0000] {processor.py:829} INFO - Processing file /home/airflow/.local/lib/python3.8/site-packages/airflow/example_dags/example_latest_only.py for tasks to queue
[2023-11-04T16:39:32.471+0000] {logging_mixin.py:151} INFO - [2023-11-04T16:39:32.471+0000] {dagbag.py:536} INFO - Filling up the DagBag from /home/airflow/.local/lib/python3.8/site-packages/airflow/example_dags/example_latest_only.py
[2023-11-04T16:39:32.480+0000] {processor.py:839} INFO - DAG(s) dict_keys(['latest_only']) retrieved from /home/airflow/.local/lib/python3.8/site-packages/airflow/example_dags/example_latest_only.py
[2023-11-04T16:39:32.512+0000] {logging_mixin.py:151} INFO - [2023-11-04T16:39:32.512+0000] {dag.py:2941} INFO - Sync 1 DAGs
[2023-11-04T16:39:32.548+0000] {logging_mixin.py:151} INFO - [2023-11-04T16:39:32.548+0000] {dag.py:3722} INFO - Setting next_dagrun for latest_only to 2023-11-04T12:39:32.548267+00:00, run_after=2023-11-04T16:39:32.548267+00:00
[2023-11-04T16:39:32.588+0000] {processor.py:179} INFO - Processing /home/airflow/.local/lib/python3.8/site-packages/airflow/example_dags/example_latest_only.py took 0.124 seconds
[2023-11-04T16:40:02.710+0000] {processor.py:157} INFO - Started process (PID=7804) to work on /home/airflow/.local/lib/python3.8/site-packages/airflow/example_dags/example_latest_only.py
[2023-11-04T16:40:02.712+0000] {processor.py:829} INFO - Processing file /home/airflow/.local/lib/python3.8/site-packages/airflow/example_dags/example_latest_only.py for tasks to queue
[2023-11-04T16:40:02.713+0000] {logging_mixin.py:151} INFO - [2023-11-04T16:40:02.713+0000] {dagbag.py:536} INFO - Filling up the DagBag from /home/airflow/.local/lib/python3.8/site-packages/airflow/example_dags/example_latest_only.py
[2023-11-04T16:40:02.723+0000] {processor.py:839} INFO - DAG(s) dict_keys(['latest_only']) retrieved from /home/airflow/.local/lib/python3.8/site-packages/airflow/example_dags/example_latest_only.py
[2023-11-04T16:40:02.756+0000] {logging_mixin.py:151} INFO - [2023-11-04T16:40:02.755+0000] {dag.py:2941} INFO - Sync 1 DAGs
[2023-11-04T16:40:02.791+0000] {logging_mixin.py:151} INFO - [2023-11-04T16:40:02.790+0000] {dag.py:3722} INFO - Setting next_dagrun for latest_only to 2023-11-04T12:40:02.790538+00:00, run_after=2023-11-04T16:40:02.790538+00:00
[2023-11-04T16:40:02.819+0000] {processor.py:179} INFO - Processing /home/airflow/.local/lib/python3.8/site-packages/airflow/example_dags/example_latest_only.py took 0.114 seconds
[2023-11-04T16:40:33.366+0000] {processor.py:157} INFO - Started process (PID=8042) to work on /home/airflow/.local/lib/python3.8/site-packages/airflow/example_dags/example_latest_only.py
[2023-11-04T16:40:33.368+0000] {processor.py:829} INFO - Processing file /home/airflow/.local/lib/python3.8/site-packages/airflow/example_dags/example_latest_only.py for tasks to queue
[2023-11-04T16:40:33.369+0000] {logging_mixin.py:151} INFO - [2023-11-04T16:40:33.369+0000] {dagbag.py:536} INFO - Filling up the DagBag from /home/airflow/.local/lib/python3.8/site-packages/airflow/example_dags/example_latest_only.py
[2023-11-04T16:40:33.380+0000] {processor.py:839} INFO - DAG(s) dict_keys(['latest_only']) retrieved from /home/airflow/.local/lib/python3.8/site-packages/airflow/example_dags/example_latest_only.py
[2023-11-04T16:40:33.413+0000] {logging_mixin.py:151} INFO - [2023-11-04T16:40:33.412+0000] {dag.py:2941} INFO - Sync 1 DAGs
[2023-11-04T16:40:33.448+0000] {logging_mixin.py:151} INFO - [2023-11-04T16:40:33.447+0000] {dag.py:3722} INFO - Setting next_dagrun for latest_only to 2023-11-04T12:40:33.447534+00:00, run_after=2023-11-04T16:40:33.447534+00:00
[2023-11-04T16:40:33.483+0000] {processor.py:179} INFO - Processing /home/airflow/.local/lib/python3.8/site-packages/airflow/example_dags/example_latest_only.py took 0.121 seconds
[2023-11-04T16:41:03.908+0000] {processor.py:157} INFO - Started process (PID=8280) to work on /home/airflow/.local/lib/python3.8/site-packages/airflow/example_dags/example_latest_only.py
[2023-11-04T16:41:03.909+0000] {processor.py:829} INFO - Processing file /home/airflow/.local/lib/python3.8/site-packages/airflow/example_dags/example_latest_only.py for tasks to queue
[2023-11-04T16:41:03.911+0000] {logging_mixin.py:151} INFO - [2023-11-04T16:41:03.910+0000] {dagbag.py:536} INFO - Filling up the DagBag from /home/airflow/.local/lib/python3.8/site-packages/airflow/example_dags/example_latest_only.py
[2023-11-04T16:41:03.920+0000] {processor.py:839} INFO - DAG(s) dict_keys(['latest_only']) retrieved from /home/airflow/.local/lib/python3.8/site-packages/airflow/example_dags/example_latest_only.py
[2023-11-04T16:41:03.952+0000] {logging_mixin.py:151} INFO - [2023-11-04T16:41:03.952+0000] {dag.py:2941} INFO - Sync 1 DAGs
[2023-11-04T16:41:03.986+0000] {logging_mixin.py:151} INFO - [2023-11-04T16:41:03.986+0000] {dag.py:3722} INFO - Setting next_dagrun for latest_only to 2023-11-04T12:41:03.985722+00:00, run_after=2023-11-04T16:41:03.985722+00:00
[2023-11-04T16:41:04.013+0000] {processor.py:179} INFO - Processing /home/airflow/.local/lib/python3.8/site-packages/airflow/example_dags/example_latest_only.py took 0.110 seconds
[2023-11-04T16:41:34.742+0000] {processor.py:157} INFO - Started process (PID=8518) to work on /home/airflow/.local/lib/python3.8/site-packages/airflow/example_dags/example_latest_only.py
[2023-11-04T16:41:34.744+0000] {processor.py:829} INFO - Processing file /home/airflow/.local/lib/python3.8/site-packages/airflow/example_dags/example_latest_only.py for tasks to queue
[2023-11-04T16:41:34.745+0000] {logging_mixin.py:151} INFO - [2023-11-04T16:41:34.745+0000] {dagbag.py:536} INFO - Filling up the DagBag from /home/airflow/.local/lib/python3.8/site-packages/airflow/example_dags/example_latest_only.py
[2023-11-04T16:41:34.755+0000] {processor.py:839} INFO - DAG(s) dict_keys(['latest_only']) retrieved from /home/airflow/.local/lib/python3.8/site-packages/airflow/example_dags/example_latest_only.py
[2023-11-04T16:41:34.789+0000] {logging_mixin.py:151} INFO - [2023-11-04T16:41:34.788+0000] {dag.py:2941} INFO - Sync 1 DAGs
[2023-11-04T16:41:34.824+0000] {logging_mixin.py:151} INFO - [2023-11-04T16:41:34.824+0000] {dag.py:3722} INFO - Setting next_dagrun for latest_only to 2023-11-04T12:41:34.823847+00:00, run_after=2023-11-04T16:41:34.823847+00:00
[2023-11-04T16:41:34.861+0000] {processor.py:179} INFO - Processing /home/airflow/.local/lib/python3.8/site-packages/airflow/example_dags/example_latest_only.py took 0.124 seconds
[2023-11-04T16:42:05.018+0000] {processor.py:157} INFO - Started process (PID=8756) to work on /home/airflow/.local/lib/python3.8/site-packages/airflow/example_dags/example_latest_only.py
[2023-11-04T16:42:05.020+0000] {processor.py:829} INFO - Processing file /home/airflow/.local/lib/python3.8/site-packages/airflow/example_dags/example_latest_only.py for tasks to queue
[2023-11-04T16:42:05.021+0000] {logging_mixin.py:151} INFO - [2023-11-04T16:42:05.021+0000] {dagbag.py:536} INFO - Filling up the DagBag from /home/airflow/.local/lib/python3.8/site-packages/airflow/example_dags/example_latest_only.py
[2023-11-04T16:42:05.031+0000] {processor.py:839} INFO - DAG(s) dict_keys(['latest_only']) retrieved from /home/airflow/.local/lib/python3.8/site-packages/airflow/example_dags/example_latest_only.py
[2023-11-04T16:42:05.065+0000] {logging_mixin.py:151} INFO - [2023-11-04T16:42:05.065+0000] {dag.py:2941} INFO - Sync 1 DAGs
[2023-11-04T16:42:05.102+0000] {logging_mixin.py:151} INFO - [2023-11-04T16:42:05.102+0000] {dag.py:3722} INFO - Setting next_dagrun for latest_only to 2023-11-04T12:42:05.102076+00:00, run_after=2023-11-04T16:42:05.102076+00:00
[2023-11-04T16:42:05.133+0000] {processor.py:179} INFO - Processing /home/airflow/.local/lib/python3.8/site-packages/airflow/example_dags/example_latest_only.py took 0.120 seconds
[2023-11-04T17:13:27.399+0000] {processor.py:157} INFO - Started process (PID=179) to work on /home/airflow/.local/lib/python3.8/site-packages/airflow/example_dags/example_latest_only.py
[2023-11-04T17:13:27.401+0000] {processor.py:829} INFO - Processing file /home/airflow/.local/lib/python3.8/site-packages/airflow/example_dags/example_latest_only.py for tasks to queue
[2023-11-04T17:13:27.403+0000] {logging_mixin.py:151} INFO - [2023-11-04T17:13:27.402+0000] {dagbag.py:536} INFO - Filling up the DagBag from /home/airflow/.local/lib/python3.8/site-packages/airflow/example_dags/example_latest_only.py
[2023-11-04T17:13:27.417+0000] {processor.py:839} INFO - DAG(s) dict_keys(['latest_only']) retrieved from /home/airflow/.local/lib/python3.8/site-packages/airflow/example_dags/example_latest_only.py
[2023-11-04T17:13:27.462+0000] {logging_mixin.py:151} INFO - [2023-11-04T17:13:27.461+0000] {dag.py:2941} INFO - Sync 1 DAGs
[2023-11-04T17:13:27.495+0000] {logging_mixin.py:151} INFO - [2023-11-04T17:13:27.495+0000] {dag.py:3722} INFO - Setting next_dagrun for latest_only to 2023-11-04T13:13:27.494942+00:00, run_after=2023-11-04T17:13:27.494942+00:00
[2023-11-04T17:13:27.538+0000] {processor.py:179} INFO - Processing /home/airflow/.local/lib/python3.8/site-packages/airflow/example_dags/example_latest_only.py took 0.144 seconds
[2023-11-04T17:13:58.163+0000] {processor.py:157} INFO - Started process (PID=417) to work on /home/airflow/.local/lib/python3.8/site-packages/airflow/example_dags/example_latest_only.py
[2023-11-04T17:13:58.165+0000] {processor.py:829} INFO - Processing file /home/airflow/.local/lib/python3.8/site-packages/airflow/example_dags/example_latest_only.py for tasks to queue
[2023-11-04T17:13:58.166+0000] {logging_mixin.py:151} INFO - [2023-11-04T17:13:58.166+0000] {dagbag.py:536} INFO - Filling up the DagBag from /home/airflow/.local/lib/python3.8/site-packages/airflow/example_dags/example_latest_only.py
[2023-11-04T17:13:58.175+0000] {processor.py:839} INFO - DAG(s) dict_keys(['latest_only']) retrieved from /home/airflow/.local/lib/python3.8/site-packages/airflow/example_dags/example_latest_only.py
[2023-11-04T17:13:58.198+0000] {logging_mixin.py:151} INFO - [2023-11-04T17:13:58.198+0000] {dag.py:2941} INFO - Sync 1 DAGs
[2023-11-04T17:13:58.235+0000] {logging_mixin.py:151} INFO - [2023-11-04T17:13:58.235+0000] {dag.py:3722} INFO - Setting next_dagrun for latest_only to 2023-11-04T13:13:58.234880+00:00, run_after=2023-11-04T17:13:58.234880+00:00
[2023-11-04T17:13:58.282+0000] {processor.py:179} INFO - Processing /home/airflow/.local/lib/python3.8/site-packages/airflow/example_dags/example_latest_only.py took 0.124 seconds
[2023-11-04T17:14:28.355+0000] {processor.py:157} INFO - Started process (PID=655) to work on /home/airflow/.local/lib/python3.8/site-packages/airflow/example_dags/example_latest_only.py
[2023-11-04T17:14:28.356+0000] {processor.py:829} INFO - Processing file /home/airflow/.local/lib/python3.8/site-packages/airflow/example_dags/example_latest_only.py for tasks to queue
[2023-11-04T17:14:28.358+0000] {logging_mixin.py:151} INFO - [2023-11-04T17:14:28.357+0000] {dagbag.py:536} INFO - Filling up the DagBag from /home/airflow/.local/lib/python3.8/site-packages/airflow/example_dags/example_latest_only.py
[2023-11-04T17:14:28.366+0000] {processor.py:839} INFO - DAG(s) dict_keys(['latest_only']) retrieved from /home/airflow/.local/lib/python3.8/site-packages/airflow/example_dags/example_latest_only.py
[2023-11-04T17:14:28.384+0000] {logging_mixin.py:151} INFO - [2023-11-04T17:14:28.384+0000] {dag.py:2941} INFO - Sync 1 DAGs
[2023-11-04T17:14:28.426+0000] {logging_mixin.py:151} INFO - [2023-11-04T17:14:28.426+0000] {dag.py:3722} INFO - Setting next_dagrun for latest_only to 2023-11-04T13:14:28.425893+00:00, run_after=2023-11-04T17:14:28.425893+00:00
[2023-11-04T17:14:28.461+0000] {processor.py:179} INFO - Processing /home/airflow/.local/lib/python3.8/site-packages/airflow/example_dags/example_latest_only.py took 0.113 seconds
[2023-11-04T17:14:59.066+0000] {processor.py:157} INFO - Started process (PID=893) to work on /home/airflow/.local/lib/python3.8/site-packages/airflow/example_dags/example_latest_only.py
[2023-11-04T17:14:59.067+0000] {processor.py:829} INFO - Processing file /home/airflow/.local/lib/python3.8/site-packages/airflow/example_dags/example_latest_only.py for tasks to queue
[2023-11-04T17:14:59.069+0000] {logging_mixin.py:151} INFO - [2023-11-04T17:14:59.069+0000] {dagbag.py:536} INFO - Filling up the DagBag from /home/airflow/.local/lib/python3.8/site-packages/airflow/example_dags/example_latest_only.py
[2023-11-04T17:14:59.078+0000] {processor.py:839} INFO - DAG(s) dict_keys(['latest_only']) retrieved from /home/airflow/.local/lib/python3.8/site-packages/airflow/example_dags/example_latest_only.py
[2023-11-04T17:14:59.114+0000] {logging_mixin.py:151} INFO - [2023-11-04T17:14:59.113+0000] {dag.py:2941} INFO - Sync 1 DAGs
[2023-11-04T17:14:59.153+0000] {logging_mixin.py:151} INFO - [2023-11-04T17:14:59.152+0000] {dag.py:3722} INFO - Setting next_dagrun for latest_only to 2023-11-04T13:14:59.152181+00:00, run_after=2023-11-04T17:14:59.152181+00:00
[2023-11-04T17:14:59.181+0000] {processor.py:179} INFO - Processing /home/airflow/.local/lib/python3.8/site-packages/airflow/example_dags/example_latest_only.py took 0.120 seconds
[2023-11-04T17:15:29.816+0000] {processor.py:157} INFO - Started process (PID=1131) to work on /home/airflow/.local/lib/python3.8/site-packages/airflow/example_dags/example_latest_only.py
[2023-11-04T17:15:29.817+0000] {processor.py:829} INFO - Processing file /home/airflow/.local/lib/python3.8/site-packages/airflow/example_dags/example_latest_only.py for tasks to queue
[2023-11-04T17:15:29.819+0000] {logging_mixin.py:151} INFO - [2023-11-04T17:15:29.818+0000] {dagbag.py:536} INFO - Filling up the DagBag from /home/airflow/.local/lib/python3.8/site-packages/airflow/example_dags/example_latest_only.py
[2023-11-04T17:15:29.829+0000] {processor.py:839} INFO - DAG(s) dict_keys(['latest_only']) retrieved from /home/airflow/.local/lib/python3.8/site-packages/airflow/example_dags/example_latest_only.py
[2023-11-04T17:15:29.869+0000] {logging_mixin.py:151} INFO - [2023-11-04T17:15:29.869+0000] {dag.py:2941} INFO - Sync 1 DAGs
[2023-11-04T17:15:29.909+0000] {logging_mixin.py:151} INFO - [2023-11-04T17:15:29.909+0000] {dag.py:3722} INFO - Setting next_dagrun for latest_only to 2023-11-04T13:15:29.909170+00:00, run_after=2023-11-04T17:15:29.909170+00:00
[2023-11-04T17:15:29.947+0000] {processor.py:179} INFO - Processing /home/airflow/.local/lib/python3.8/site-packages/airflow/example_dags/example_latest_only.py took 0.136 seconds
[2023-11-04T17:16:00.471+0000] {processor.py:157} INFO - Started process (PID=1390) to work on /home/airflow/.local/lib/python3.8/site-packages/airflow/example_dags/example_latest_only.py
[2023-11-04T17:16:00.474+0000] {processor.py:829} INFO - Processing file /home/airflow/.local/lib/python3.8/site-packages/airflow/example_dags/example_latest_only.py for tasks to queue
[2023-11-04T17:16:00.475+0000] {logging_mixin.py:151} INFO - [2023-11-04T17:16:00.475+0000] {dagbag.py:536} INFO - Filling up the DagBag from /home/airflow/.local/lib/python3.8/site-packages/airflow/example_dags/example_latest_only.py
[2023-11-04T17:16:00.486+0000] {processor.py:839} INFO - DAG(s) dict_keys(['latest_only']) retrieved from /home/airflow/.local/lib/python3.8/site-packages/airflow/example_dags/example_latest_only.py
[2023-11-04T17:16:00.527+0000] {logging_mixin.py:151} INFO - [2023-11-04T17:16:00.526+0000] {dag.py:2941} INFO - Sync 1 DAGs
[2023-11-04T17:16:00.578+0000] {logging_mixin.py:151} INFO - [2023-11-04T17:16:00.578+0000] {dag.py:3722} INFO - Setting next_dagrun for latest_only to 2023-11-04T13:16:00.577762+00:00, run_after=2023-11-04T17:16:00.577762+00:00
[2023-11-04T17:16:00.618+0000] {processor.py:179} INFO - Processing /home/airflow/.local/lib/python3.8/site-packages/airflow/example_dags/example_latest_only.py took 0.152 seconds
[2023-11-04T17:16:30.736+0000] {processor.py:157} INFO - Started process (PID=1632) to work on /home/airflow/.local/lib/python3.8/site-packages/airflow/example_dags/example_latest_only.py
[2023-11-04T17:16:30.738+0000] {processor.py:829} INFO - Processing file /home/airflow/.local/lib/python3.8/site-packages/airflow/example_dags/example_latest_only.py for tasks to queue
[2023-11-04T17:16:30.739+0000] {logging_mixin.py:151} INFO - [2023-11-04T17:16:30.739+0000] {dagbag.py:536} INFO - Filling up the DagBag from /home/airflow/.local/lib/python3.8/site-packages/airflow/example_dags/example_latest_only.py
[2023-11-04T17:16:30.749+0000] {processor.py:839} INFO - DAG(s) dict_keys(['latest_only']) retrieved from /home/airflow/.local/lib/python3.8/site-packages/airflow/example_dags/example_latest_only.py
[2023-11-04T17:16:30.779+0000] {logging_mixin.py:151} INFO - [2023-11-04T17:16:30.779+0000] {dag.py:2941} INFO - Sync 1 DAGs
[2023-11-04T17:16:30.812+0000] {logging_mixin.py:151} INFO - [2023-11-04T17:16:30.811+0000] {dag.py:3722} INFO - Setting next_dagrun for latest_only to 2023-11-04T13:16:30.811520+00:00, run_after=2023-11-04T17:16:30.811520+00:00
[2023-11-04T17:16:30.839+0000] {processor.py:179} INFO - Processing /home/airflow/.local/lib/python3.8/site-packages/airflow/example_dags/example_latest_only.py took 0.107 seconds
[2023-11-04T17:17:01.157+0000] {processor.py:157} INFO - Started process (PID=1870) to work on /home/airflow/.local/lib/python3.8/site-packages/airflow/example_dags/example_latest_only.py
[2023-11-04T17:17:01.158+0000] {processor.py:829} INFO - Processing file /home/airflow/.local/lib/python3.8/site-packages/airflow/example_dags/example_latest_only.py for tasks to queue
[2023-11-04T17:17:01.160+0000] {logging_mixin.py:151} INFO - [2023-11-04T17:17:01.159+0000] {dagbag.py:536} INFO - Filling up the DagBag from /home/airflow/.local/lib/python3.8/site-packages/airflow/example_dags/example_latest_only.py
[2023-11-04T17:17:01.169+0000] {processor.py:839} INFO - DAG(s) dict_keys(['latest_only']) retrieved from /home/airflow/.local/lib/python3.8/site-packages/airflow/example_dags/example_latest_only.py
[2023-11-04T17:17:01.199+0000] {logging_mixin.py:151} INFO - [2023-11-04T17:17:01.199+0000] {dag.py:2941} INFO - Sync 1 DAGs
[2023-11-04T17:17:01.233+0000] {logging_mixin.py:151} INFO - [2023-11-04T17:17:01.233+0000] {dag.py:3722} INFO - Setting next_dagrun for latest_only to 2023-11-04T13:17:01.233047+00:00, run_after=2023-11-04T17:17:01.233047+00:00
[2023-11-04T17:17:01.262+0000] {processor.py:179} INFO - Processing /home/airflow/.local/lib/python3.8/site-packages/airflow/example_dags/example_latest_only.py took 0.110 seconds
[2023-11-04T17:17:31.425+0000] {processor.py:157} INFO - Started process (PID=2108) to work on /home/airflow/.local/lib/python3.8/site-packages/airflow/example_dags/example_latest_only.py
[2023-11-04T17:17:31.427+0000] {processor.py:829} INFO - Processing file /home/airflow/.local/lib/python3.8/site-packages/airflow/example_dags/example_latest_only.py for tasks to queue
[2023-11-04T17:17:31.429+0000] {logging_mixin.py:151} INFO - [2023-11-04T17:17:31.428+0000] {dagbag.py:536} INFO - Filling up the DagBag from /home/airflow/.local/lib/python3.8/site-packages/airflow/example_dags/example_latest_only.py
[2023-11-04T17:17:31.440+0000] {processor.py:839} INFO - DAG(s) dict_keys(['latest_only']) retrieved from /home/airflow/.local/lib/python3.8/site-packages/airflow/example_dags/example_latest_only.py
[2023-11-04T17:17:31.474+0000] {logging_mixin.py:151} INFO - [2023-11-04T17:17:31.474+0000] {dag.py:2941} INFO - Sync 1 DAGs
[2023-11-04T17:17:31.532+0000] {logging_mixin.py:151} INFO - [2023-11-04T17:17:31.532+0000] {dag.py:3722} INFO - Setting next_dagrun for latest_only to 2023-11-04T13:17:31.531580+00:00, run_after=2023-11-04T17:17:31.531580+00:00
[2023-11-04T17:17:31.563+0000] {processor.py:179} INFO - Processing /home/airflow/.local/lib/python3.8/site-packages/airflow/example_dags/example_latest_only.py took 0.143 seconds
[2023-11-04T17:18:01.692+0000] {processor.py:157} INFO - Started process (PID=2346) to work on /home/airflow/.local/lib/python3.8/site-packages/airflow/example_dags/example_latest_only.py
[2023-11-04T17:18:01.693+0000] {processor.py:829} INFO - Processing file /home/airflow/.local/lib/python3.8/site-packages/airflow/example_dags/example_latest_only.py for tasks to queue
[2023-11-04T17:18:01.695+0000] {logging_mixin.py:151} INFO - [2023-11-04T17:18:01.695+0000] {dagbag.py:536} INFO - Filling up the DagBag from /home/airflow/.local/lib/python3.8/site-packages/airflow/example_dags/example_latest_only.py
[2023-11-04T17:18:01.704+0000] {processor.py:839} INFO - DAG(s) dict_keys(['latest_only']) retrieved from /home/airflow/.local/lib/python3.8/site-packages/airflow/example_dags/example_latest_only.py
[2023-11-04T17:18:01.735+0000] {logging_mixin.py:151} INFO - [2023-11-04T17:18:01.734+0000] {dag.py:2941} INFO - Sync 1 DAGs
[2023-11-04T17:18:01.766+0000] {logging_mixin.py:151} INFO - [2023-11-04T17:18:01.766+0000] {dag.py:3722} INFO - Setting next_dagrun for latest_only to 2023-11-04T13:18:01.766185+00:00, run_after=2023-11-04T17:18:01.766185+00:00
[2023-11-04T17:18:01.800+0000] {processor.py:179} INFO - Processing /home/airflow/.local/lib/python3.8/site-packages/airflow/example_dags/example_latest_only.py took 0.113 seconds
[2023-11-04T17:18:32.684+0000] {processor.py:157} INFO - Started process (PID=2584) to work on /home/airflow/.local/lib/python3.8/site-packages/airflow/example_dags/example_latest_only.py
[2023-11-04T17:18:32.685+0000] {processor.py:829} INFO - Processing file /home/airflow/.local/lib/python3.8/site-packages/airflow/example_dags/example_latest_only.py for tasks to queue
[2023-11-04T17:18:32.687+0000] {logging_mixin.py:151} INFO - [2023-11-04T17:18:32.687+0000] {dagbag.py:536} INFO - Filling up the DagBag from /home/airflow/.local/lib/python3.8/site-packages/airflow/example_dags/example_latest_only.py
[2023-11-04T17:18:32.696+0000] {processor.py:839} INFO - DAG(s) dict_keys(['latest_only']) retrieved from /home/airflow/.local/lib/python3.8/site-packages/airflow/example_dags/example_latest_only.py
[2023-11-04T17:18:32.727+0000] {logging_mixin.py:151} INFO - [2023-11-04T17:18:32.727+0000] {dag.py:2941} INFO - Sync 1 DAGs
[2023-11-04T17:18:32.759+0000] {logging_mixin.py:151} INFO - [2023-11-04T17:18:32.759+0000] {dag.py:3722} INFO - Setting next_dagrun for latest_only to 2023-11-04T13:18:32.759064+00:00, run_after=2023-11-04T17:18:32.759064+00:00
[2023-11-04T17:18:32.786+0000] {processor.py:179} INFO - Processing /home/airflow/.local/lib/python3.8/site-packages/airflow/example_dags/example_latest_only.py took 0.107 seconds
[2023-11-04T17:19:03.697+0000] {processor.py:157} INFO - Started process (PID=2822) to work on /home/airflow/.local/lib/python3.8/site-packages/airflow/example_dags/example_latest_only.py
[2023-11-04T17:19:03.698+0000] {processor.py:829} INFO - Processing file /home/airflow/.local/lib/python3.8/site-packages/airflow/example_dags/example_latest_only.py for tasks to queue
[2023-11-04T17:19:03.700+0000] {logging_mixin.py:151} INFO - [2023-11-04T17:19:03.699+0000] {dagbag.py:536} INFO - Filling up the DagBag from /home/airflow/.local/lib/python3.8/site-packages/airflow/example_dags/example_latest_only.py
[2023-11-04T17:19:03.710+0000] {processor.py:839} INFO - DAG(s) dict_keys(['latest_only']) retrieved from /home/airflow/.local/lib/python3.8/site-packages/airflow/example_dags/example_latest_only.py
[2023-11-04T17:19:03.740+0000] {logging_mixin.py:151} INFO - [2023-11-04T17:19:03.740+0000] {dag.py:2941} INFO - Sync 1 DAGs
[2023-11-04T17:19:03.775+0000] {logging_mixin.py:151} INFO - [2023-11-04T17:19:03.775+0000] {dag.py:3722} INFO - Setting next_dagrun for latest_only to 2023-11-04T13:19:03.774714+00:00, run_after=2023-11-04T17:19:03.774714+00:00
[2023-11-04T17:19:03.803+0000] {processor.py:179} INFO - Processing /home/airflow/.local/lib/python3.8/site-packages/airflow/example_dags/example_latest_only.py took 0.112 seconds
[2023-11-04T17:19:34.462+0000] {processor.py:157} INFO - Started process (PID=3060) to work on /home/airflow/.local/lib/python3.8/site-packages/airflow/example_dags/example_latest_only.py
[2023-11-04T17:19:34.464+0000] {processor.py:829} INFO - Processing file /home/airflow/.local/lib/python3.8/site-packages/airflow/example_dags/example_latest_only.py for tasks to queue
[2023-11-04T17:19:34.466+0000] {logging_mixin.py:151} INFO - [2023-11-04T17:19:34.465+0000] {dagbag.py:536} INFO - Filling up the DagBag from /home/airflow/.local/lib/python3.8/site-packages/airflow/example_dags/example_latest_only.py
[2023-11-04T17:19:34.475+0000] {processor.py:839} INFO - DAG(s) dict_keys(['latest_only']) retrieved from /home/airflow/.local/lib/python3.8/site-packages/airflow/example_dags/example_latest_only.py
[2023-11-04T17:19:34.506+0000] {logging_mixin.py:151} INFO - [2023-11-04T17:19:34.506+0000] {dag.py:2941} INFO - Sync 1 DAGs
[2023-11-04T17:19:34.541+0000] {logging_mixin.py:151} INFO - [2023-11-04T17:19:34.540+0000] {dag.py:3722} INFO - Setting next_dagrun for latest_only to 2023-11-04T13:19:34.540224+00:00, run_after=2023-11-04T17:19:34.540224+00:00
[2023-11-04T17:19:34.574+0000] {processor.py:179} INFO - Processing /home/airflow/.local/lib/python3.8/site-packages/airflow/example_dags/example_latest_only.py took 0.116 seconds
[2023-11-04T17:20:04.939+0000] {processor.py:157} INFO - Started process (PID=3298) to work on /home/airflow/.local/lib/python3.8/site-packages/airflow/example_dags/example_latest_only.py
[2023-11-04T17:20:04.940+0000] {processor.py:829} INFO - Processing file /home/airflow/.local/lib/python3.8/site-packages/airflow/example_dags/example_latest_only.py for tasks to queue
[2023-11-04T17:20:04.942+0000] {logging_mixin.py:151} INFO - [2023-11-04T17:20:04.941+0000] {dagbag.py:536} INFO - Filling up the DagBag from /home/airflow/.local/lib/python3.8/site-packages/airflow/example_dags/example_latest_only.py
[2023-11-04T17:20:04.951+0000] {processor.py:839} INFO - DAG(s) dict_keys(['latest_only']) retrieved from /home/airflow/.local/lib/python3.8/site-packages/airflow/example_dags/example_latest_only.py
[2023-11-04T17:20:04.982+0000] {logging_mixin.py:151} INFO - [2023-11-04T17:20:04.981+0000] {dag.py:2941} INFO - Sync 1 DAGs
[2023-11-04T17:20:05.014+0000] {logging_mixin.py:151} INFO - [2023-11-04T17:20:05.014+0000] {dag.py:3722} INFO - Setting next_dagrun for latest_only to 2023-11-04T13:20:05.013725+00:00, run_after=2023-11-04T17:20:05.013725+00:00
[2023-11-04T17:20:05.042+0000] {processor.py:179} INFO - Processing /home/airflow/.local/lib/python3.8/site-packages/airflow/example_dags/example_latest_only.py took 0.108 seconds
[2023-11-04T17:20:35.438+0000] {processor.py:157} INFO - Started process (PID=3536) to work on /home/airflow/.local/lib/python3.8/site-packages/airflow/example_dags/example_latest_only.py
[2023-11-04T17:20:35.439+0000] {processor.py:829} INFO - Processing file /home/airflow/.local/lib/python3.8/site-packages/airflow/example_dags/example_latest_only.py for tasks to queue
[2023-11-04T17:20:35.441+0000] {logging_mixin.py:151} INFO - [2023-11-04T17:20:35.440+0000] {dagbag.py:536} INFO - Filling up the DagBag from /home/airflow/.local/lib/python3.8/site-packages/airflow/example_dags/example_latest_only.py
[2023-11-04T17:20:35.450+0000] {processor.py:839} INFO - DAG(s) dict_keys(['latest_only']) retrieved from /home/airflow/.local/lib/python3.8/site-packages/airflow/example_dags/example_latest_only.py
[2023-11-04T17:20:35.481+0000] {logging_mixin.py:151} INFO - [2023-11-04T17:20:35.480+0000] {dag.py:2941} INFO - Sync 1 DAGs
[2023-11-04T17:20:35.514+0000] {logging_mixin.py:151} INFO - [2023-11-04T17:20:35.514+0000] {dag.py:3722} INFO - Setting next_dagrun for latest_only to 2023-11-04T13:20:35.514176+00:00, run_after=2023-11-04T17:20:35.514176+00:00
[2023-11-04T17:20:35.548+0000] {processor.py:179} INFO - Processing /home/airflow/.local/lib/python3.8/site-packages/airflow/example_dags/example_latest_only.py took 0.115 seconds
[2023-11-04T17:21:06.203+0000] {processor.py:157} INFO - Started process (PID=3781) to work on /home/airflow/.local/lib/python3.8/site-packages/airflow/example_dags/example_latest_only.py
[2023-11-04T17:21:06.205+0000] {processor.py:829} INFO - Processing file /home/airflow/.local/lib/python3.8/site-packages/airflow/example_dags/example_latest_only.py for tasks to queue
[2023-11-04T17:21:06.206+0000] {logging_mixin.py:151} INFO - [2023-11-04T17:21:06.206+0000] {dagbag.py:536} INFO - Filling up the DagBag from /home/airflow/.local/lib/python3.8/site-packages/airflow/example_dags/example_latest_only.py
[2023-11-04T17:21:06.216+0000] {processor.py:839} INFO - DAG(s) dict_keys(['latest_only']) retrieved from /home/airflow/.local/lib/python3.8/site-packages/airflow/example_dags/example_latest_only.py
[2023-11-04T17:21:06.246+0000] {logging_mixin.py:151} INFO - [2023-11-04T17:21:06.246+0000] {dag.py:2941} INFO - Sync 1 DAGs
[2023-11-04T17:21:06.280+0000] {logging_mixin.py:151} INFO - [2023-11-04T17:21:06.280+0000] {dag.py:3722} INFO - Setting next_dagrun for latest_only to 2023-11-04T13:21:06.279676+00:00, run_after=2023-11-04T17:21:06.279676+00:00
[2023-11-04T17:21:06.307+0000] {processor.py:179} INFO - Processing /home/airflow/.local/lib/python3.8/site-packages/airflow/example_dags/example_latest_only.py took 0.109 seconds
[2023-11-04T17:21:36.807+0000] {processor.py:157} INFO - Started process (PID=4046) to work on /home/airflow/.local/lib/python3.8/site-packages/airflow/example_dags/example_latest_only.py
[2023-11-04T17:21:36.810+0000] {processor.py:829} INFO - Processing file /home/airflow/.local/lib/python3.8/site-packages/airflow/example_dags/example_latest_only.py for tasks to queue
[2023-11-04T17:21:36.821+0000] {logging_mixin.py:151} INFO - [2023-11-04T17:21:36.821+0000] {dagbag.py:536} INFO - Filling up the DagBag from /home/airflow/.local/lib/python3.8/site-packages/airflow/example_dags/example_latest_only.py
[2023-11-04T17:21:36.846+0000] {processor.py:839} INFO - DAG(s) dict_keys(['latest_only']) retrieved from /home/airflow/.local/lib/python3.8/site-packages/airflow/example_dags/example_latest_only.py
[2023-11-04T17:21:36.918+0000] {logging_mixin.py:151} INFO - [2023-11-04T17:21:36.916+0000] {dag.py:2941} INFO - Sync 1 DAGs
[2023-11-04T17:21:37.012+0000] {logging_mixin.py:151} INFO - [2023-11-04T17:21:37.011+0000] {dag.py:3722} INFO - Setting next_dagrun for latest_only to 2023-11-04T13:21:37.011243+00:00, run_after=2023-11-04T17:21:37.011243+00:00
[2023-11-04T17:21:37.058+0000] {processor.py:179} INFO - Processing /home/airflow/.local/lib/python3.8/site-packages/airflow/example_dags/example_latest_only.py took 0.265 seconds
[2023-11-04T17:22:07.120+0000] {processor.py:157} INFO - Started process (PID=4305) to work on /home/airflow/.local/lib/python3.8/site-packages/airflow/example_dags/example_latest_only.py
[2023-11-04T17:22:07.121+0000] {processor.py:829} INFO - Processing file /home/airflow/.local/lib/python3.8/site-packages/airflow/example_dags/example_latest_only.py for tasks to queue
[2023-11-04T17:22:07.123+0000] {logging_mixin.py:151} INFO - [2023-11-04T17:22:07.122+0000] {dagbag.py:536} INFO - Filling up the DagBag from /home/airflow/.local/lib/python3.8/site-packages/airflow/example_dags/example_latest_only.py
[2023-11-04T17:22:07.134+0000] {processor.py:839} INFO - DAG(s) dict_keys(['latest_only']) retrieved from /home/airflow/.local/lib/python3.8/site-packages/airflow/example_dags/example_latest_only.py
[2023-11-04T17:22:07.177+0000] {logging_mixin.py:151} INFO - [2023-11-04T17:22:07.176+0000] {dag.py:2941} INFO - Sync 1 DAGs
[2023-11-04T17:22:07.219+0000] {logging_mixin.py:151} INFO - [2023-11-04T17:22:07.218+0000] {dag.py:3722} INFO - Setting next_dagrun for latest_only to 2023-11-04T13:22:07.218319+00:00, run_after=2023-11-04T17:22:07.218319+00:00
[2023-11-04T17:22:07.251+0000] {processor.py:179} INFO - Processing /home/airflow/.local/lib/python3.8/site-packages/airflow/example_dags/example_latest_only.py took 0.138 seconds
[2023-11-04T17:22:37.488+0000] {processor.py:157} INFO - Started process (PID=4543) to work on /home/airflow/.local/lib/python3.8/site-packages/airflow/example_dags/example_latest_only.py
[2023-11-04T17:22:37.490+0000] {processor.py:829} INFO - Processing file /home/airflow/.local/lib/python3.8/site-packages/airflow/example_dags/example_latest_only.py for tasks to queue
[2023-11-04T17:22:37.492+0000] {logging_mixin.py:151} INFO - [2023-11-04T17:22:37.491+0000] {dagbag.py:536} INFO - Filling up the DagBag from /home/airflow/.local/lib/python3.8/site-packages/airflow/example_dags/example_latest_only.py
[2023-11-04T17:22:37.507+0000] {processor.py:839} INFO - DAG(s) dict_keys(['latest_only']) retrieved from /home/airflow/.local/lib/python3.8/site-packages/airflow/example_dags/example_latest_only.py
[2023-11-04T17:22:37.559+0000] {logging_mixin.py:151} INFO - [2023-11-04T17:22:37.559+0000] {dag.py:2941} INFO - Sync 1 DAGs
[2023-11-04T17:22:37.627+0000] {logging_mixin.py:151} INFO - [2023-11-04T17:22:37.627+0000] {dag.py:3722} INFO - Setting next_dagrun for latest_only to 2023-11-04T13:22:37.626398+00:00, run_after=2023-11-04T17:22:37.626398+00:00
[2023-11-04T17:22:37.680+0000] {processor.py:179} INFO - Processing /home/airflow/.local/lib/python3.8/site-packages/airflow/example_dags/example_latest_only.py took 0.202 seconds
