[2023-11-04T16:23:46.041+0000] {processor.py:157} INFO - Started process (PID=258) to work on /home/airflow/.local/lib/python3.8/site-packages/airflow/example_dags/example_dynamic_task_mapping_with_no_taskflow_operators.py
[2023-11-04T16:23:46.042+0000] {processor.py:829} INFO - Processing file /home/airflow/.local/lib/python3.8/site-packages/airflow/example_dags/example_dynamic_task_mapping_with_no_taskflow_operators.py for tasks to queue
[2023-11-04T16:23:46.044+0000] {logging_mixin.py:151} INFO - [2023-11-04T16:23:46.044+0000] {dagbag.py:536} INFO - Filling up the DagBag from /home/airflow/.local/lib/python3.8/site-packages/airflow/example_dags/example_dynamic_task_mapping_with_no_taskflow_operators.py
[2023-11-04T16:23:46.061+0000] {processor.py:839} INFO - DAG(s) dict_keys(['example_dynamic_task_mapping_with_no_taskflow_operators']) retrieved from /home/airflow/.local/lib/python3.8/site-packages/airflow/example_dags/example_dynamic_task_mapping_with_no_taskflow_operators.py
[2023-11-04T16:23:46.082+0000] {logging_mixin.py:151} INFO - [2023-11-04T16:23:46.081+0000] {dag.py:2941} INFO - Sync 1 DAGs
[2023-11-04T16:23:46.120+0000] {logging_mixin.py:151} INFO - [2023-11-04T16:23:46.120+0000] {dag.py:3722} INFO - Setting next_dagrun for example_dynamic_task_mapping_with_no_taskflow_operators to 2023-11-03T16:23:46.119848+00:00, run_after=2023-11-04T16:23:46.119848+00:00
[2023-11-04T16:23:46.148+0000] {processor.py:179} INFO - Processing /home/airflow/.local/lib/python3.8/site-packages/airflow/example_dags/example_dynamic_task_mapping_with_no_taskflow_operators.py took 0.112 seconds
[2023-11-04T16:24:16.628+0000] {processor.py:157} INFO - Started process (PID=498) to work on /home/airflow/.local/lib/python3.8/site-packages/airflow/example_dags/example_dynamic_task_mapping_with_no_taskflow_operators.py
[2023-11-04T16:24:16.630+0000] {processor.py:829} INFO - Processing file /home/airflow/.local/lib/python3.8/site-packages/airflow/example_dags/example_dynamic_task_mapping_with_no_taskflow_operators.py for tasks to queue
[2023-11-04T16:24:16.632+0000] {logging_mixin.py:151} INFO - [2023-11-04T16:24:16.632+0000] {dagbag.py:536} INFO - Filling up the DagBag from /home/airflow/.local/lib/python3.8/site-packages/airflow/example_dags/example_dynamic_task_mapping_with_no_taskflow_operators.py
[2023-11-04T16:24:16.643+0000] {processor.py:839} INFO - DAG(s) dict_keys(['example_dynamic_task_mapping_with_no_taskflow_operators']) retrieved from /home/airflow/.local/lib/python3.8/site-packages/airflow/example_dags/example_dynamic_task_mapping_with_no_taskflow_operators.py
[2023-11-04T16:24:16.673+0000] {logging_mixin.py:151} INFO - [2023-11-04T16:24:16.672+0000] {dag.py:2941} INFO - Sync 1 DAGs
[2023-11-04T16:24:16.706+0000] {logging_mixin.py:151} INFO - [2023-11-04T16:24:16.706+0000] {dag.py:3722} INFO - Setting next_dagrun for example_dynamic_task_mapping_with_no_taskflow_operators to 2023-11-03T16:24:16.705893+00:00, run_after=2023-11-04T16:24:16.705893+00:00
[2023-11-04T16:24:16.736+0000] {processor.py:179} INFO - Processing /home/airflow/.local/lib/python3.8/site-packages/airflow/example_dags/example_dynamic_task_mapping_with_no_taskflow_operators.py took 0.112 seconds
[2023-11-04T16:24:47.181+0000] {processor.py:157} INFO - Started process (PID=736) to work on /home/airflow/.local/lib/python3.8/site-packages/airflow/example_dags/example_dynamic_task_mapping_with_no_taskflow_operators.py
[2023-11-04T16:24:47.183+0000] {processor.py:829} INFO - Processing file /home/airflow/.local/lib/python3.8/site-packages/airflow/example_dags/example_dynamic_task_mapping_with_no_taskflow_operators.py for tasks to queue
[2023-11-04T16:24:47.185+0000] {logging_mixin.py:151} INFO - [2023-11-04T16:24:47.184+0000] {dagbag.py:536} INFO - Filling up the DagBag from /home/airflow/.local/lib/python3.8/site-packages/airflow/example_dags/example_dynamic_task_mapping_with_no_taskflow_operators.py
[2023-11-04T16:24:47.196+0000] {processor.py:839} INFO - DAG(s) dict_keys(['example_dynamic_task_mapping_with_no_taskflow_operators']) retrieved from /home/airflow/.local/lib/python3.8/site-packages/airflow/example_dags/example_dynamic_task_mapping_with_no_taskflow_operators.py
[2023-11-04T16:24:47.228+0000] {logging_mixin.py:151} INFO - [2023-11-04T16:24:47.228+0000] {dag.py:2941} INFO - Sync 1 DAGs
[2023-11-04T16:24:47.263+0000] {logging_mixin.py:151} INFO - [2023-11-04T16:24:47.263+0000] {dag.py:3722} INFO - Setting next_dagrun for example_dynamic_task_mapping_with_no_taskflow_operators to 2023-11-03T16:24:47.263217+00:00, run_after=2023-11-04T16:24:47.263217+00:00
[2023-11-04T16:24:47.298+0000] {processor.py:179} INFO - Processing /home/airflow/.local/lib/python3.8/site-packages/airflow/example_dags/example_dynamic_task_mapping_with_no_taskflow_operators.py took 0.123 seconds
[2023-11-04T16:25:17.382+0000] {processor.py:157} INFO - Started process (PID=972) to work on /home/airflow/.local/lib/python3.8/site-packages/airflow/example_dags/example_dynamic_task_mapping_with_no_taskflow_operators.py
[2023-11-04T16:25:17.383+0000] {processor.py:829} INFO - Processing file /home/airflow/.local/lib/python3.8/site-packages/airflow/example_dags/example_dynamic_task_mapping_with_no_taskflow_operators.py for tasks to queue
[2023-11-04T16:25:17.385+0000] {logging_mixin.py:151} INFO - [2023-11-04T16:25:17.384+0000] {dagbag.py:536} INFO - Filling up the DagBag from /home/airflow/.local/lib/python3.8/site-packages/airflow/example_dags/example_dynamic_task_mapping_with_no_taskflow_operators.py
[2023-11-04T16:25:17.396+0000] {processor.py:839} INFO - DAG(s) dict_keys(['example_dynamic_task_mapping_with_no_taskflow_operators']) retrieved from /home/airflow/.local/lib/python3.8/site-packages/airflow/example_dags/example_dynamic_task_mapping_with_no_taskflow_operators.py
[2023-11-04T16:25:17.428+0000] {logging_mixin.py:151} INFO - [2023-11-04T16:25:17.427+0000] {dag.py:2941} INFO - Sync 1 DAGs
[2023-11-04T16:25:17.459+0000] {logging_mixin.py:151} INFO - [2023-11-04T16:25:17.459+0000] {dag.py:3722} INFO - Setting next_dagrun for example_dynamic_task_mapping_with_no_taskflow_operators to 2023-11-03T16:25:17.458556+00:00, run_after=2023-11-04T16:25:17.458556+00:00
[2023-11-04T16:25:17.487+0000] {processor.py:179} INFO - Processing /home/airflow/.local/lib/python3.8/site-packages/airflow/example_dags/example_dynamic_task_mapping_with_no_taskflow_operators.py took 0.110 seconds
[2023-11-04T16:25:47.709+0000] {processor.py:157} INFO - Started process (PID=1212) to work on /home/airflow/.local/lib/python3.8/site-packages/airflow/example_dags/example_dynamic_task_mapping_with_no_taskflow_operators.py
[2023-11-04T16:25:47.710+0000] {processor.py:829} INFO - Processing file /home/airflow/.local/lib/python3.8/site-packages/airflow/example_dags/example_dynamic_task_mapping_with_no_taskflow_operators.py for tasks to queue
[2023-11-04T16:25:47.712+0000] {logging_mixin.py:151} INFO - [2023-11-04T16:25:47.712+0000] {dagbag.py:536} INFO - Filling up the DagBag from /home/airflow/.local/lib/python3.8/site-packages/airflow/example_dags/example_dynamic_task_mapping_with_no_taskflow_operators.py
[2023-11-04T16:25:47.723+0000] {processor.py:839} INFO - DAG(s) dict_keys(['example_dynamic_task_mapping_with_no_taskflow_operators']) retrieved from /home/airflow/.local/lib/python3.8/site-packages/airflow/example_dags/example_dynamic_task_mapping_with_no_taskflow_operators.py
[2023-11-04T16:25:47.754+0000] {logging_mixin.py:151} INFO - [2023-11-04T16:25:47.753+0000] {dag.py:2941} INFO - Sync 1 DAGs
[2023-11-04T16:25:47.786+0000] {logging_mixin.py:151} INFO - [2023-11-04T16:25:47.786+0000] {dag.py:3722} INFO - Setting next_dagrun for example_dynamic_task_mapping_with_no_taskflow_operators to 2023-11-03T16:25:47.785803+00:00, run_after=2023-11-04T16:25:47.785803+00:00
[2023-11-04T16:25:47.816+0000] {processor.py:179} INFO - Processing /home/airflow/.local/lib/python3.8/site-packages/airflow/example_dags/example_dynamic_task_mapping_with_no_taskflow_operators.py took 0.112 seconds
[2023-11-04T16:26:18.251+0000] {processor.py:157} INFO - Started process (PID=1448) to work on /home/airflow/.local/lib/python3.8/site-packages/airflow/example_dags/example_dynamic_task_mapping_with_no_taskflow_operators.py
[2023-11-04T16:26:18.253+0000] {processor.py:829} INFO - Processing file /home/airflow/.local/lib/python3.8/site-packages/airflow/example_dags/example_dynamic_task_mapping_with_no_taskflow_operators.py for tasks to queue
[2023-11-04T16:26:18.255+0000] {logging_mixin.py:151} INFO - [2023-11-04T16:26:18.254+0000] {dagbag.py:536} INFO - Filling up the DagBag from /home/airflow/.local/lib/python3.8/site-packages/airflow/example_dags/example_dynamic_task_mapping_with_no_taskflow_operators.py
[2023-11-04T16:26:18.266+0000] {processor.py:839} INFO - DAG(s) dict_keys(['example_dynamic_task_mapping_with_no_taskflow_operators']) retrieved from /home/airflow/.local/lib/python3.8/site-packages/airflow/example_dags/example_dynamic_task_mapping_with_no_taskflow_operators.py
[2023-11-04T16:26:18.287+0000] {logging_mixin.py:151} INFO - [2023-11-04T16:26:18.287+0000] {dag.py:2941} INFO - Sync 1 DAGs
[2023-11-04T16:26:18.322+0000] {logging_mixin.py:151} INFO - [2023-11-04T16:26:18.322+0000] {dag.py:3722} INFO - Setting next_dagrun for example_dynamic_task_mapping_with_no_taskflow_operators to 2023-11-03T16:26:18.322077+00:00, run_after=2023-11-04T16:26:18.322077+00:00
[2023-11-04T16:26:18.356+0000] {processor.py:179} INFO - Processing /home/airflow/.local/lib/python3.8/site-packages/airflow/example_dags/example_dynamic_task_mapping_with_no_taskflow_operators.py took 0.110 seconds
[2023-11-04T16:26:48.779+0000] {processor.py:157} INFO - Started process (PID=1686) to work on /home/airflow/.local/lib/python3.8/site-packages/airflow/example_dags/example_dynamic_task_mapping_with_no_taskflow_operators.py
[2023-11-04T16:26:48.781+0000] {processor.py:829} INFO - Processing file /home/airflow/.local/lib/python3.8/site-packages/airflow/example_dags/example_dynamic_task_mapping_with_no_taskflow_operators.py for tasks to queue
[2023-11-04T16:26:48.782+0000] {logging_mixin.py:151} INFO - [2023-11-04T16:26:48.782+0000] {dagbag.py:536} INFO - Filling up the DagBag from /home/airflow/.local/lib/python3.8/site-packages/airflow/example_dags/example_dynamic_task_mapping_with_no_taskflow_operators.py
[2023-11-04T16:26:48.793+0000] {processor.py:839} INFO - DAG(s) dict_keys(['example_dynamic_task_mapping_with_no_taskflow_operators']) retrieved from /home/airflow/.local/lib/python3.8/site-packages/airflow/example_dags/example_dynamic_task_mapping_with_no_taskflow_operators.py
[2023-11-04T16:26:48.823+0000] {logging_mixin.py:151} INFO - [2023-11-04T16:26:48.822+0000] {dag.py:2941} INFO - Sync 1 DAGs
[2023-11-04T16:26:48.856+0000] {logging_mixin.py:151} INFO - [2023-11-04T16:26:48.856+0000] {dag.py:3722} INFO - Setting next_dagrun for example_dynamic_task_mapping_with_no_taskflow_operators to 2023-11-03T16:26:48.855863+00:00, run_after=2023-11-04T16:26:48.855863+00:00
[2023-11-04T16:26:48.886+0000] {processor.py:179} INFO - Processing /home/airflow/.local/lib/python3.8/site-packages/airflow/example_dags/example_dynamic_task_mapping_with_no_taskflow_operators.py took 0.112 seconds
[2023-11-04T16:27:19.601+0000] {processor.py:157} INFO - Started process (PID=1926) to work on /home/airflow/.local/lib/python3.8/site-packages/airflow/example_dags/example_dynamic_task_mapping_with_no_taskflow_operators.py
[2023-11-04T16:27:19.603+0000] {processor.py:829} INFO - Processing file /home/airflow/.local/lib/python3.8/site-packages/airflow/example_dags/example_dynamic_task_mapping_with_no_taskflow_operators.py for tasks to queue
[2023-11-04T16:27:19.605+0000] {logging_mixin.py:151} INFO - [2023-11-04T16:27:19.604+0000] {dagbag.py:536} INFO - Filling up the DagBag from /home/airflow/.local/lib/python3.8/site-packages/airflow/example_dags/example_dynamic_task_mapping_with_no_taskflow_operators.py
[2023-11-04T16:27:19.616+0000] {processor.py:839} INFO - DAG(s) dict_keys(['example_dynamic_task_mapping_with_no_taskflow_operators']) retrieved from /home/airflow/.local/lib/python3.8/site-packages/airflow/example_dags/example_dynamic_task_mapping_with_no_taskflow_operators.py
[2023-11-04T16:27:19.647+0000] {logging_mixin.py:151} INFO - [2023-11-04T16:27:19.647+0000] {dag.py:2941} INFO - Sync 1 DAGs
[2023-11-04T16:27:19.682+0000] {logging_mixin.py:151} INFO - [2023-11-04T16:27:19.682+0000] {dag.py:3722} INFO - Setting next_dagrun for example_dynamic_task_mapping_with_no_taskflow_operators to 2023-11-03T16:27:19.681591+00:00, run_after=2023-11-04T16:27:19.681591+00:00
[2023-11-04T16:27:19.718+0000] {processor.py:179} INFO - Processing /home/airflow/.local/lib/python3.8/site-packages/airflow/example_dags/example_dynamic_task_mapping_with_no_taskflow_operators.py took 0.123 seconds
[2023-11-04T16:27:50.351+0000] {processor.py:157} INFO - Started process (PID=2165) to work on /home/airflow/.local/lib/python3.8/site-packages/airflow/example_dags/example_dynamic_task_mapping_with_no_taskflow_operators.py
[2023-11-04T16:27:50.354+0000] {processor.py:829} INFO - Processing file /home/airflow/.local/lib/python3.8/site-packages/airflow/example_dags/example_dynamic_task_mapping_with_no_taskflow_operators.py for tasks to queue
[2023-11-04T16:27:50.357+0000] {logging_mixin.py:151} INFO - [2023-11-04T16:27:50.356+0000] {dagbag.py:536} INFO - Filling up the DagBag from /home/airflow/.local/lib/python3.8/site-packages/airflow/example_dags/example_dynamic_task_mapping_with_no_taskflow_operators.py
[2023-11-04T16:27:50.378+0000] {processor.py:839} INFO - DAG(s) dict_keys(['example_dynamic_task_mapping_with_no_taskflow_operators']) retrieved from /home/airflow/.local/lib/python3.8/site-packages/airflow/example_dags/example_dynamic_task_mapping_with_no_taskflow_operators.py
[2023-11-04T16:27:50.416+0000] {logging_mixin.py:151} INFO - [2023-11-04T16:27:50.415+0000] {dag.py:2941} INFO - Sync 1 DAGs
[2023-11-04T16:27:50.466+0000] {logging_mixin.py:151} INFO - [2023-11-04T16:27:50.466+0000] {dag.py:3722} INFO - Setting next_dagrun for example_dynamic_task_mapping_with_no_taskflow_operators to 2023-11-03T16:27:50.465984+00:00, run_after=2023-11-04T16:27:50.465984+00:00
[2023-11-04T16:27:50.517+0000] {processor.py:179} INFO - Processing /home/airflow/.local/lib/python3.8/site-packages/airflow/example_dags/example_dynamic_task_mapping_with_no_taskflow_operators.py took 0.175 seconds
[2023-11-04T16:28:20.885+0000] {processor.py:157} INFO - Started process (PID=2401) to work on /home/airflow/.local/lib/python3.8/site-packages/airflow/example_dags/example_dynamic_task_mapping_with_no_taskflow_operators.py
[2023-11-04T16:28:20.887+0000] {processor.py:829} INFO - Processing file /home/airflow/.local/lib/python3.8/site-packages/airflow/example_dags/example_dynamic_task_mapping_with_no_taskflow_operators.py for tasks to queue
[2023-11-04T16:28:20.891+0000] {logging_mixin.py:151} INFO - [2023-11-04T16:28:20.890+0000] {dagbag.py:536} INFO - Filling up the DagBag from /home/airflow/.local/lib/python3.8/site-packages/airflow/example_dags/example_dynamic_task_mapping_with_no_taskflow_operators.py
[2023-11-04T16:28:20.904+0000] {processor.py:839} INFO - DAG(s) dict_keys(['example_dynamic_task_mapping_with_no_taskflow_operators']) retrieved from /home/airflow/.local/lib/python3.8/site-packages/airflow/example_dags/example_dynamic_task_mapping_with_no_taskflow_operators.py
[2023-11-04T16:28:20.942+0000] {logging_mixin.py:151} INFO - [2023-11-04T16:28:20.942+0000] {dag.py:2941} INFO - Sync 1 DAGs
[2023-11-04T16:28:20.983+0000] {logging_mixin.py:151} INFO - [2023-11-04T16:28:20.982+0000] {dag.py:3722} INFO - Setting next_dagrun for example_dynamic_task_mapping_with_no_taskflow_operators to 2023-11-03T16:28:20.981714+00:00, run_after=2023-11-04T16:28:20.981714+00:00
[2023-11-04T16:28:21.019+0000] {processor.py:179} INFO - Processing /home/airflow/.local/lib/python3.8/site-packages/airflow/example_dags/example_dynamic_task_mapping_with_no_taskflow_operators.py took 0.143 seconds
[2023-11-04T16:28:51.237+0000] {processor.py:157} INFO - Started process (PID=2639) to work on /home/airflow/.local/lib/python3.8/site-packages/airflow/example_dags/example_dynamic_task_mapping_with_no_taskflow_operators.py
[2023-11-04T16:28:51.238+0000] {processor.py:829} INFO - Processing file /home/airflow/.local/lib/python3.8/site-packages/airflow/example_dags/example_dynamic_task_mapping_with_no_taskflow_operators.py for tasks to queue
[2023-11-04T16:28:51.240+0000] {logging_mixin.py:151} INFO - [2023-11-04T16:28:51.240+0000] {dagbag.py:536} INFO - Filling up the DagBag from /home/airflow/.local/lib/python3.8/site-packages/airflow/example_dags/example_dynamic_task_mapping_with_no_taskflow_operators.py
[2023-11-04T16:28:51.252+0000] {processor.py:839} INFO - DAG(s) dict_keys(['example_dynamic_task_mapping_with_no_taskflow_operators']) retrieved from /home/airflow/.local/lib/python3.8/site-packages/airflow/example_dags/example_dynamic_task_mapping_with_no_taskflow_operators.py
[2023-11-04T16:28:51.282+0000] {logging_mixin.py:151} INFO - [2023-11-04T16:28:51.282+0000] {dag.py:2941} INFO - Sync 1 DAGs
[2023-11-04T16:28:51.317+0000] {logging_mixin.py:151} INFO - [2023-11-04T16:28:51.317+0000] {dag.py:3722} INFO - Setting next_dagrun for example_dynamic_task_mapping_with_no_taskflow_operators to 2023-11-03T16:28:51.316956+00:00, run_after=2023-11-04T16:28:51.316956+00:00
[2023-11-04T16:28:51.348+0000] {processor.py:179} INFO - Processing /home/airflow/.local/lib/python3.8/site-packages/airflow/example_dags/example_dynamic_task_mapping_with_no_taskflow_operators.py took 0.117 seconds
[2023-11-04T16:29:22.027+0000] {processor.py:157} INFO - Started process (PID=2877) to work on /home/airflow/.local/lib/python3.8/site-packages/airflow/example_dags/example_dynamic_task_mapping_with_no_taskflow_operators.py
[2023-11-04T16:29:22.029+0000] {processor.py:829} INFO - Processing file /home/airflow/.local/lib/python3.8/site-packages/airflow/example_dags/example_dynamic_task_mapping_with_no_taskflow_operators.py for tasks to queue
[2023-11-04T16:29:22.030+0000] {logging_mixin.py:151} INFO - [2023-11-04T16:29:22.030+0000] {dagbag.py:536} INFO - Filling up the DagBag from /home/airflow/.local/lib/python3.8/site-packages/airflow/example_dags/example_dynamic_task_mapping_with_no_taskflow_operators.py
[2023-11-04T16:29:22.042+0000] {processor.py:839} INFO - DAG(s) dict_keys(['example_dynamic_task_mapping_with_no_taskflow_operators']) retrieved from /home/airflow/.local/lib/python3.8/site-packages/airflow/example_dags/example_dynamic_task_mapping_with_no_taskflow_operators.py
[2023-11-04T16:29:22.076+0000] {logging_mixin.py:151} INFO - [2023-11-04T16:29:22.076+0000] {dag.py:2941} INFO - Sync 1 DAGs
[2023-11-04T16:29:22.111+0000] {logging_mixin.py:151} INFO - [2023-11-04T16:29:22.111+0000] {dag.py:3722} INFO - Setting next_dagrun for example_dynamic_task_mapping_with_no_taskflow_operators to 2023-11-03T16:29:22.110995+00:00, run_after=2023-11-04T16:29:22.110995+00:00
[2023-11-04T16:29:22.141+0000] {processor.py:179} INFO - Processing /home/airflow/.local/lib/python3.8/site-packages/airflow/example_dags/example_dynamic_task_mapping_with_no_taskflow_operators.py took 0.119 seconds
[2023-11-04T16:29:52.304+0000] {processor.py:157} INFO - Started process (PID=3115) to work on /home/airflow/.local/lib/python3.8/site-packages/airflow/example_dags/example_dynamic_task_mapping_with_no_taskflow_operators.py
[2023-11-04T16:29:52.305+0000] {processor.py:829} INFO - Processing file /home/airflow/.local/lib/python3.8/site-packages/airflow/example_dags/example_dynamic_task_mapping_with_no_taskflow_operators.py for tasks to queue
[2023-11-04T16:29:52.307+0000] {logging_mixin.py:151} INFO - [2023-11-04T16:29:52.307+0000] {dagbag.py:536} INFO - Filling up the DagBag from /home/airflow/.local/lib/python3.8/site-packages/airflow/example_dags/example_dynamic_task_mapping_with_no_taskflow_operators.py
[2023-11-04T16:29:52.320+0000] {processor.py:839} INFO - DAG(s) dict_keys(['example_dynamic_task_mapping_with_no_taskflow_operators']) retrieved from /home/airflow/.local/lib/python3.8/site-packages/airflow/example_dags/example_dynamic_task_mapping_with_no_taskflow_operators.py
[2023-11-04T16:29:52.345+0000] {logging_mixin.py:151} INFO - [2023-11-04T16:29:52.345+0000] {dag.py:2941} INFO - Sync 1 DAGs
[2023-11-04T16:29:52.383+0000] {logging_mixin.py:151} INFO - [2023-11-04T16:29:52.383+0000] {dag.py:3722} INFO - Setting next_dagrun for example_dynamic_task_mapping_with_no_taskflow_operators to 2023-11-03T16:29:52.383297+00:00, run_after=2023-11-04T16:29:52.383297+00:00
[2023-11-04T16:29:52.415+0000] {processor.py:179} INFO - Processing /home/airflow/.local/lib/python3.8/site-packages/airflow/example_dags/example_dynamic_task_mapping_with_no_taskflow_operators.py took 0.117 seconds
[2023-11-04T16:30:22.871+0000] {processor.py:157} INFO - Started process (PID=3355) to work on /home/airflow/.local/lib/python3.8/site-packages/airflow/example_dags/example_dynamic_task_mapping_with_no_taskflow_operators.py
[2023-11-04T16:30:22.872+0000] {processor.py:829} INFO - Processing file /home/airflow/.local/lib/python3.8/site-packages/airflow/example_dags/example_dynamic_task_mapping_with_no_taskflow_operators.py for tasks to queue
[2023-11-04T16:30:22.874+0000] {logging_mixin.py:151} INFO - [2023-11-04T16:30:22.873+0000] {dagbag.py:536} INFO - Filling up the DagBag from /home/airflow/.local/lib/python3.8/site-packages/airflow/example_dags/example_dynamic_task_mapping_with_no_taskflow_operators.py
[2023-11-04T16:30:22.886+0000] {processor.py:839} INFO - DAG(s) dict_keys(['example_dynamic_task_mapping_with_no_taskflow_operators']) retrieved from /home/airflow/.local/lib/python3.8/site-packages/airflow/example_dags/example_dynamic_task_mapping_with_no_taskflow_operators.py
[2023-11-04T16:30:22.916+0000] {logging_mixin.py:151} INFO - [2023-11-04T16:30:22.915+0000] {dag.py:2941} INFO - Sync 1 DAGs
[2023-11-04T16:30:22.952+0000] {logging_mixin.py:151} INFO - [2023-11-04T16:30:22.952+0000] {dag.py:3722} INFO - Setting next_dagrun for example_dynamic_task_mapping_with_no_taskflow_operators to 2023-11-03T16:30:22.951596+00:00, run_after=2023-11-04T16:30:22.951596+00:00
[2023-11-04T16:30:22.982+0000] {processor.py:179} INFO - Processing /home/airflow/.local/lib/python3.8/site-packages/airflow/example_dags/example_dynamic_task_mapping_with_no_taskflow_operators.py took 0.116 seconds
[2023-11-04T16:30:55.199+0000] {processor.py:157} INFO - Started process (PID=3593) to work on /home/airflow/.local/lib/python3.8/site-packages/airflow/example_dags/example_dynamic_task_mapping_with_no_taskflow_operators.py
[2023-11-04T16:30:55.212+0000] {processor.py:829} INFO - Processing file /home/airflow/.local/lib/python3.8/site-packages/airflow/example_dags/example_dynamic_task_mapping_with_no_taskflow_operators.py for tasks to queue
[2023-11-04T16:30:55.241+0000] {logging_mixin.py:151} INFO - [2023-11-04T16:30:55.229+0000] {dagbag.py:536} INFO - Filling up the DagBag from /home/airflow/.local/lib/python3.8/site-packages/airflow/example_dags/example_dynamic_task_mapping_with_no_taskflow_operators.py
[2023-11-04T16:30:55.264+0000] {processor.py:839} INFO - DAG(s) dict_keys(['example_dynamic_task_mapping_with_no_taskflow_operators']) retrieved from /home/airflow/.local/lib/python3.8/site-packages/airflow/example_dags/example_dynamic_task_mapping_with_no_taskflow_operators.py
[2023-11-04T16:30:55.337+0000] {logging_mixin.py:151} INFO - [2023-11-04T16:30:55.337+0000] {dag.py:2941} INFO - Sync 1 DAGs
[2023-11-04T16:30:55.427+0000] {logging_mixin.py:151} INFO - [2023-11-04T16:30:55.427+0000] {dag.py:3722} INFO - Setting next_dagrun for example_dynamic_task_mapping_with_no_taskflow_operators to 2023-11-03T16:30:55.426396+00:00, run_after=2023-11-04T16:30:55.426396+00:00
[2023-11-04T16:30:55.471+0000] {processor.py:179} INFO - Processing /home/airflow/.local/lib/python3.8/site-packages/airflow/example_dags/example_dynamic_task_mapping_with_no_taskflow_operators.py took 0.321 seconds
[2023-11-04T16:31:25.834+0000] {processor.py:157} INFO - Started process (PID=3829) to work on /home/airflow/.local/lib/python3.8/site-packages/airflow/example_dags/example_dynamic_task_mapping_with_no_taskflow_operators.py
[2023-11-04T16:31:25.836+0000] {processor.py:829} INFO - Processing file /home/airflow/.local/lib/python3.8/site-packages/airflow/example_dags/example_dynamic_task_mapping_with_no_taskflow_operators.py for tasks to queue
[2023-11-04T16:31:25.837+0000] {logging_mixin.py:151} INFO - [2023-11-04T16:31:25.837+0000] {dagbag.py:536} INFO - Filling up the DagBag from /home/airflow/.local/lib/python3.8/site-packages/airflow/example_dags/example_dynamic_task_mapping_with_no_taskflow_operators.py
[2023-11-04T16:31:25.849+0000] {processor.py:839} INFO - DAG(s) dict_keys(['example_dynamic_task_mapping_with_no_taskflow_operators']) retrieved from /home/airflow/.local/lib/python3.8/site-packages/airflow/example_dags/example_dynamic_task_mapping_with_no_taskflow_operators.py
[2023-11-04T16:31:25.880+0000] {logging_mixin.py:151} INFO - [2023-11-04T16:31:25.880+0000] {dag.py:2941} INFO - Sync 1 DAGs
[2023-11-04T16:31:26.103+0000] {logging_mixin.py:151} INFO - [2023-11-04T16:31:26.102+0000] {dag.py:3722} INFO - Setting next_dagrun for example_dynamic_task_mapping_with_no_taskflow_operators to 2023-11-03T16:31:26.101930+00:00, run_after=2023-11-04T16:31:26.101930+00:00
[2023-11-04T16:31:26.139+0000] {processor.py:179} INFO - Processing /home/airflow/.local/lib/python3.8/site-packages/airflow/example_dags/example_dynamic_task_mapping_with_no_taskflow_operators.py took 0.310 seconds
[2023-11-04T16:31:57.031+0000] {processor.py:157} INFO - Started process (PID=4067) to work on /home/airflow/.local/lib/python3.8/site-packages/airflow/example_dags/example_dynamic_task_mapping_with_no_taskflow_operators.py
[2023-11-04T16:31:57.033+0000] {processor.py:829} INFO - Processing file /home/airflow/.local/lib/python3.8/site-packages/airflow/example_dags/example_dynamic_task_mapping_with_no_taskflow_operators.py for tasks to queue
[2023-11-04T16:31:57.034+0000] {logging_mixin.py:151} INFO - [2023-11-04T16:31:57.034+0000] {dagbag.py:536} INFO - Filling up the DagBag from /home/airflow/.local/lib/python3.8/site-packages/airflow/example_dags/example_dynamic_task_mapping_with_no_taskflow_operators.py
[2023-11-04T16:31:57.046+0000] {processor.py:839} INFO - DAG(s) dict_keys(['example_dynamic_task_mapping_with_no_taskflow_operators']) retrieved from /home/airflow/.local/lib/python3.8/site-packages/airflow/example_dags/example_dynamic_task_mapping_with_no_taskflow_operators.py
[2023-11-04T16:31:57.081+0000] {logging_mixin.py:151} INFO - [2023-11-04T16:31:57.081+0000] {dag.py:2941} INFO - Sync 1 DAGs
[2023-11-04T16:31:57.117+0000] {logging_mixin.py:151} INFO - [2023-11-04T16:31:57.117+0000] {dag.py:3722} INFO - Setting next_dagrun for example_dynamic_task_mapping_with_no_taskflow_operators to 2023-11-03T16:31:57.117265+00:00, run_after=2023-11-04T16:31:57.117265+00:00
[2023-11-04T16:31:57.149+0000] {processor.py:179} INFO - Processing /home/airflow/.local/lib/python3.8/site-packages/airflow/example_dags/example_dynamic_task_mapping_with_no_taskflow_operators.py took 0.123 seconds
[2023-11-04T16:32:27.660+0000] {processor.py:157} INFO - Started process (PID=4305) to work on /home/airflow/.local/lib/python3.8/site-packages/airflow/example_dags/example_dynamic_task_mapping_with_no_taskflow_operators.py
[2023-11-04T16:32:27.661+0000] {processor.py:829} INFO - Processing file /home/airflow/.local/lib/python3.8/site-packages/airflow/example_dags/example_dynamic_task_mapping_with_no_taskflow_operators.py for tasks to queue
[2023-11-04T16:32:27.663+0000] {logging_mixin.py:151} INFO - [2023-11-04T16:32:27.662+0000] {dagbag.py:536} INFO - Filling up the DagBag from /home/airflow/.local/lib/python3.8/site-packages/airflow/example_dags/example_dynamic_task_mapping_with_no_taskflow_operators.py
[2023-11-04T16:32:27.674+0000] {processor.py:839} INFO - DAG(s) dict_keys(['example_dynamic_task_mapping_with_no_taskflow_operators']) retrieved from /home/airflow/.local/lib/python3.8/site-packages/airflow/example_dags/example_dynamic_task_mapping_with_no_taskflow_operators.py
[2023-11-04T16:32:27.707+0000] {logging_mixin.py:151} INFO - [2023-11-04T16:32:27.707+0000] {dag.py:2941} INFO - Sync 1 DAGs
[2023-11-04T16:32:27.741+0000] {logging_mixin.py:151} INFO - [2023-11-04T16:32:27.741+0000] {dag.py:3722} INFO - Setting next_dagrun for example_dynamic_task_mapping_with_no_taskflow_operators to 2023-11-03T16:32:27.740983+00:00, run_after=2023-11-04T16:32:27.740983+00:00
[2023-11-04T16:32:27.770+0000] {processor.py:179} INFO - Processing /home/airflow/.local/lib/python3.8/site-packages/airflow/example_dags/example_dynamic_task_mapping_with_no_taskflow_operators.py took 0.116 seconds
[2023-11-04T16:32:57.823+0000] {processor.py:157} INFO - Started process (PID=4540) to work on /home/airflow/.local/lib/python3.8/site-packages/airflow/example_dags/example_dynamic_task_mapping_with_no_taskflow_operators.py
[2023-11-04T16:32:57.824+0000] {processor.py:829} INFO - Processing file /home/airflow/.local/lib/python3.8/site-packages/airflow/example_dags/example_dynamic_task_mapping_with_no_taskflow_operators.py for tasks to queue
[2023-11-04T16:32:57.826+0000] {logging_mixin.py:151} INFO - [2023-11-04T16:32:57.826+0000] {dagbag.py:536} INFO - Filling up the DagBag from /home/airflow/.local/lib/python3.8/site-packages/airflow/example_dags/example_dynamic_task_mapping_with_no_taskflow_operators.py
[2023-11-04T16:32:57.837+0000] {processor.py:839} INFO - DAG(s) dict_keys(['example_dynamic_task_mapping_with_no_taskflow_operators']) retrieved from /home/airflow/.local/lib/python3.8/site-packages/airflow/example_dags/example_dynamic_task_mapping_with_no_taskflow_operators.py
[2023-11-04T16:32:57.867+0000] {logging_mixin.py:151} INFO - [2023-11-04T16:32:57.867+0000] {dag.py:2941} INFO - Sync 1 DAGs
[2023-11-04T16:32:57.899+0000] {logging_mixin.py:151} INFO - [2023-11-04T16:32:57.899+0000] {dag.py:3722} INFO - Setting next_dagrun for example_dynamic_task_mapping_with_no_taskflow_operators to 2023-11-03T16:32:57.899196+00:00, run_after=2023-11-04T16:32:57.899196+00:00
[2023-11-04T16:32:57.932+0000] {processor.py:179} INFO - Processing /home/airflow/.local/lib/python3.8/site-packages/airflow/example_dags/example_dynamic_task_mapping_with_no_taskflow_operators.py took 0.115 seconds
[2023-11-04T16:33:28.060+0000] {processor.py:157} INFO - Started process (PID=4778) to work on /home/airflow/.local/lib/python3.8/site-packages/airflow/example_dags/example_dynamic_task_mapping_with_no_taskflow_operators.py
[2023-11-04T16:33:28.062+0000] {processor.py:829} INFO - Processing file /home/airflow/.local/lib/python3.8/site-packages/airflow/example_dags/example_dynamic_task_mapping_with_no_taskflow_operators.py for tasks to queue
[2023-11-04T16:33:28.063+0000] {logging_mixin.py:151} INFO - [2023-11-04T16:33:28.063+0000] {dagbag.py:536} INFO - Filling up the DagBag from /home/airflow/.local/lib/python3.8/site-packages/airflow/example_dags/example_dynamic_task_mapping_with_no_taskflow_operators.py
[2023-11-04T16:33:28.074+0000] {processor.py:839} INFO - DAG(s) dict_keys(['example_dynamic_task_mapping_with_no_taskflow_operators']) retrieved from /home/airflow/.local/lib/python3.8/site-packages/airflow/example_dags/example_dynamic_task_mapping_with_no_taskflow_operators.py
[2023-11-04T16:33:28.105+0000] {logging_mixin.py:151} INFO - [2023-11-04T16:33:28.105+0000] {dag.py:2941} INFO - Sync 1 DAGs
[2023-11-04T16:33:28.140+0000] {logging_mixin.py:151} INFO - [2023-11-04T16:33:28.139+0000] {dag.py:3722} INFO - Setting next_dagrun for example_dynamic_task_mapping_with_no_taskflow_operators to 2023-11-03T16:33:28.139437+00:00, run_after=2023-11-04T16:33:28.139437+00:00
[2023-11-04T16:33:28.174+0000] {processor.py:179} INFO - Processing /home/airflow/.local/lib/python3.8/site-packages/airflow/example_dags/example_dynamic_task_mapping_with_no_taskflow_operators.py took 0.119 seconds
[2023-11-04T16:33:58.259+0000] {processor.py:157} INFO - Started process (PID=5016) to work on /home/airflow/.local/lib/python3.8/site-packages/airflow/example_dags/example_dynamic_task_mapping_with_no_taskflow_operators.py
[2023-11-04T16:33:58.260+0000] {processor.py:829} INFO - Processing file /home/airflow/.local/lib/python3.8/site-packages/airflow/example_dags/example_dynamic_task_mapping_with_no_taskflow_operators.py for tasks to queue
[2023-11-04T16:33:58.262+0000] {logging_mixin.py:151} INFO - [2023-11-04T16:33:58.261+0000] {dagbag.py:536} INFO - Filling up the DagBag from /home/airflow/.local/lib/python3.8/site-packages/airflow/example_dags/example_dynamic_task_mapping_with_no_taskflow_operators.py
[2023-11-04T16:33:58.273+0000] {processor.py:839} INFO - DAG(s) dict_keys(['example_dynamic_task_mapping_with_no_taskflow_operators']) retrieved from /home/airflow/.local/lib/python3.8/site-packages/airflow/example_dags/example_dynamic_task_mapping_with_no_taskflow_operators.py
[2023-11-04T16:33:58.303+0000] {logging_mixin.py:151} INFO - [2023-11-04T16:33:58.303+0000] {dag.py:2941} INFO - Sync 1 DAGs
[2023-11-04T16:33:58.335+0000] {logging_mixin.py:151} INFO - [2023-11-04T16:33:58.335+0000] {dag.py:3722} INFO - Setting next_dagrun for example_dynamic_task_mapping_with_no_taskflow_operators to 2023-11-03T16:33:58.335306+00:00, run_after=2023-11-04T16:33:58.335306+00:00
[2023-11-04T16:33:58.369+0000] {processor.py:179} INFO - Processing /home/airflow/.local/lib/python3.8/site-packages/airflow/example_dags/example_dynamic_task_mapping_with_no_taskflow_operators.py took 0.115 seconds
[2023-11-04T16:34:28.805+0000] {processor.py:157} INFO - Started process (PID=5254) to work on /home/airflow/.local/lib/python3.8/site-packages/airflow/example_dags/example_dynamic_task_mapping_with_no_taskflow_operators.py
[2023-11-04T16:34:28.807+0000] {processor.py:829} INFO - Processing file /home/airflow/.local/lib/python3.8/site-packages/airflow/example_dags/example_dynamic_task_mapping_with_no_taskflow_operators.py for tasks to queue
[2023-11-04T16:34:28.810+0000] {logging_mixin.py:151} INFO - [2023-11-04T16:34:28.809+0000] {dagbag.py:536} INFO - Filling up the DagBag from /home/airflow/.local/lib/python3.8/site-packages/airflow/example_dags/example_dynamic_task_mapping_with_no_taskflow_operators.py
[2023-11-04T16:34:28.823+0000] {processor.py:839} INFO - DAG(s) dict_keys(['example_dynamic_task_mapping_with_no_taskflow_operators']) retrieved from /home/airflow/.local/lib/python3.8/site-packages/airflow/example_dags/example_dynamic_task_mapping_with_no_taskflow_operators.py
[2023-11-04T16:34:28.856+0000] {logging_mixin.py:151} INFO - [2023-11-04T16:34:28.855+0000] {dag.py:2941} INFO - Sync 1 DAGs
[2023-11-04T16:34:28.887+0000] {logging_mixin.py:151} INFO - [2023-11-04T16:34:28.887+0000] {dag.py:3722} INFO - Setting next_dagrun for example_dynamic_task_mapping_with_no_taskflow_operators to 2023-11-03T16:34:28.887245+00:00, run_after=2023-11-04T16:34:28.887245+00:00
[2023-11-04T16:34:28.920+0000] {processor.py:179} INFO - Processing /home/airflow/.local/lib/python3.8/site-packages/airflow/example_dags/example_dynamic_task_mapping_with_no_taskflow_operators.py took 0.119 seconds
[2023-11-04T16:34:59.656+0000] {processor.py:157} INFO - Started process (PID=5499) to work on /home/airflow/.local/lib/python3.8/site-packages/airflow/example_dags/example_dynamic_task_mapping_with_no_taskflow_operators.py
[2023-11-04T16:34:59.658+0000] {processor.py:829} INFO - Processing file /home/airflow/.local/lib/python3.8/site-packages/airflow/example_dags/example_dynamic_task_mapping_with_no_taskflow_operators.py for tasks to queue
[2023-11-04T16:34:59.660+0000] {logging_mixin.py:151} INFO - [2023-11-04T16:34:59.659+0000] {dagbag.py:536} INFO - Filling up the DagBag from /home/airflow/.local/lib/python3.8/site-packages/airflow/example_dags/example_dynamic_task_mapping_with_no_taskflow_operators.py
[2023-11-04T16:34:59.671+0000] {processor.py:839} INFO - DAG(s) dict_keys(['example_dynamic_task_mapping_with_no_taskflow_operators']) retrieved from /home/airflow/.local/lib/python3.8/site-packages/airflow/example_dags/example_dynamic_task_mapping_with_no_taskflow_operators.py
[2023-11-04T16:34:59.702+0000] {logging_mixin.py:151} INFO - [2023-11-04T16:34:59.701+0000] {dag.py:2941} INFO - Sync 1 DAGs
[2023-11-04T16:34:59.734+0000] {logging_mixin.py:151} INFO - [2023-11-04T16:34:59.734+0000] {dag.py:3722} INFO - Setting next_dagrun for example_dynamic_task_mapping_with_no_taskflow_operators to 2023-11-03T16:34:59.733788+00:00, run_after=2023-11-04T16:34:59.733788+00:00
[2023-11-04T16:34:59.766+0000] {processor.py:179} INFO - Processing /home/airflow/.local/lib/python3.8/site-packages/airflow/example_dags/example_dynamic_task_mapping_with_no_taskflow_operators.py took 0.115 seconds
[2023-11-04T16:35:30.487+0000] {processor.py:157} INFO - Started process (PID=5737) to work on /home/airflow/.local/lib/python3.8/site-packages/airflow/example_dags/example_dynamic_task_mapping_with_no_taskflow_operators.py
[2023-11-04T16:35:30.488+0000] {processor.py:829} INFO - Processing file /home/airflow/.local/lib/python3.8/site-packages/airflow/example_dags/example_dynamic_task_mapping_with_no_taskflow_operators.py for tasks to queue
[2023-11-04T16:35:30.490+0000] {logging_mixin.py:151} INFO - [2023-11-04T16:35:30.490+0000] {dagbag.py:536} INFO - Filling up the DagBag from /home/airflow/.local/lib/python3.8/site-packages/airflow/example_dags/example_dynamic_task_mapping_with_no_taskflow_operators.py
[2023-11-04T16:35:30.502+0000] {processor.py:839} INFO - DAG(s) dict_keys(['example_dynamic_task_mapping_with_no_taskflow_operators']) retrieved from /home/airflow/.local/lib/python3.8/site-packages/airflow/example_dags/example_dynamic_task_mapping_with_no_taskflow_operators.py
[2023-11-04T16:35:30.534+0000] {logging_mixin.py:151} INFO - [2023-11-04T16:35:30.533+0000] {dag.py:2941} INFO - Sync 1 DAGs
[2023-11-04T16:35:30.568+0000] {logging_mixin.py:151} INFO - [2023-11-04T16:35:30.568+0000] {dag.py:3722} INFO - Setting next_dagrun for example_dynamic_task_mapping_with_no_taskflow_operators to 2023-11-03T16:35:30.568234+00:00, run_after=2023-11-04T16:35:30.568234+00:00
[2023-11-04T16:35:30.602+0000] {processor.py:179} INFO - Processing /home/airflow/.local/lib/python3.8/site-packages/airflow/example_dags/example_dynamic_task_mapping_with_no_taskflow_operators.py took 0.121 seconds
[2023-11-04T16:36:00.973+0000] {processor.py:157} INFO - Started process (PID=5975) to work on /home/airflow/.local/lib/python3.8/site-packages/airflow/example_dags/example_dynamic_task_mapping_with_no_taskflow_operators.py
[2023-11-04T16:36:00.975+0000] {processor.py:829} INFO - Processing file /home/airflow/.local/lib/python3.8/site-packages/airflow/example_dags/example_dynamic_task_mapping_with_no_taskflow_operators.py for tasks to queue
[2023-11-04T16:36:00.976+0000] {logging_mixin.py:151} INFO - [2023-11-04T16:36:00.976+0000] {dagbag.py:536} INFO - Filling up the DagBag from /home/airflow/.local/lib/python3.8/site-packages/airflow/example_dags/example_dynamic_task_mapping_with_no_taskflow_operators.py
[2023-11-04T16:36:00.987+0000] {processor.py:839} INFO - DAG(s) dict_keys(['example_dynamic_task_mapping_with_no_taskflow_operators']) retrieved from /home/airflow/.local/lib/python3.8/site-packages/airflow/example_dags/example_dynamic_task_mapping_with_no_taskflow_operators.py
[2023-11-04T16:36:01.018+0000] {logging_mixin.py:151} INFO - [2023-11-04T16:36:01.018+0000] {dag.py:2941} INFO - Sync 1 DAGs
[2023-11-04T16:36:01.053+0000] {logging_mixin.py:151} INFO - [2023-11-04T16:36:01.053+0000] {dag.py:3722} INFO - Setting next_dagrun for example_dynamic_task_mapping_with_no_taskflow_operators to 2023-11-03T16:36:01.052884+00:00, run_after=2023-11-04T16:36:01.052884+00:00
[2023-11-04T16:36:01.085+0000] {processor.py:179} INFO - Processing /home/airflow/.local/lib/python3.8/site-packages/airflow/example_dags/example_dynamic_task_mapping_with_no_taskflow_operators.py took 0.117 seconds
[2023-11-04T16:36:31.215+0000] {processor.py:157} INFO - Started process (PID=6213) to work on /home/airflow/.local/lib/python3.8/site-packages/airflow/example_dags/example_dynamic_task_mapping_with_no_taskflow_operators.py
[2023-11-04T16:36:31.217+0000] {processor.py:829} INFO - Processing file /home/airflow/.local/lib/python3.8/site-packages/airflow/example_dags/example_dynamic_task_mapping_with_no_taskflow_operators.py for tasks to queue
[2023-11-04T16:36:31.218+0000] {logging_mixin.py:151} INFO - [2023-11-04T16:36:31.218+0000] {dagbag.py:536} INFO - Filling up the DagBag from /home/airflow/.local/lib/python3.8/site-packages/airflow/example_dags/example_dynamic_task_mapping_with_no_taskflow_operators.py
[2023-11-04T16:36:31.230+0000] {processor.py:839} INFO - DAG(s) dict_keys(['example_dynamic_task_mapping_with_no_taskflow_operators']) retrieved from /home/airflow/.local/lib/python3.8/site-packages/airflow/example_dags/example_dynamic_task_mapping_with_no_taskflow_operators.py
[2023-11-04T16:36:31.262+0000] {logging_mixin.py:151} INFO - [2023-11-04T16:36:31.262+0000] {dag.py:2941} INFO - Sync 1 DAGs
[2023-11-04T16:36:31.301+0000] {logging_mixin.py:151} INFO - [2023-11-04T16:36:31.300+0000] {dag.py:3722} INFO - Setting next_dagrun for example_dynamic_task_mapping_with_no_taskflow_operators to 2023-11-03T16:36:31.300320+00:00, run_after=2023-11-04T16:36:31.300320+00:00
[2023-11-04T16:36:31.335+0000] {processor.py:179} INFO - Processing /home/airflow/.local/lib/python3.8/site-packages/airflow/example_dags/example_dynamic_task_mapping_with_no_taskflow_operators.py took 0.125 seconds
[2023-11-04T16:37:01.405+0000] {processor.py:157} INFO - Started process (PID=6451) to work on /home/airflow/.local/lib/python3.8/site-packages/airflow/example_dags/example_dynamic_task_mapping_with_no_taskflow_operators.py
[2023-11-04T16:37:01.408+0000] {processor.py:829} INFO - Processing file /home/airflow/.local/lib/python3.8/site-packages/airflow/example_dags/example_dynamic_task_mapping_with_no_taskflow_operators.py for tasks to queue
[2023-11-04T16:37:01.410+0000] {logging_mixin.py:151} INFO - [2023-11-04T16:37:01.410+0000] {dagbag.py:536} INFO - Filling up the DagBag from /home/airflow/.local/lib/python3.8/site-packages/airflow/example_dags/example_dynamic_task_mapping_with_no_taskflow_operators.py
[2023-11-04T16:37:01.426+0000] {processor.py:839} INFO - DAG(s) dict_keys(['example_dynamic_task_mapping_with_no_taskflow_operators']) retrieved from /home/airflow/.local/lib/python3.8/site-packages/airflow/example_dags/example_dynamic_task_mapping_with_no_taskflow_operators.py
[2023-11-04T16:37:01.480+0000] {logging_mixin.py:151} INFO - [2023-11-04T16:37:01.480+0000] {dag.py:2941} INFO - Sync 1 DAGs
[2023-11-04T16:37:01.539+0000] {logging_mixin.py:151} INFO - [2023-11-04T16:37:01.538+0000] {dag.py:3722} INFO - Setting next_dagrun for example_dynamic_task_mapping_with_no_taskflow_operators to 2023-11-03T16:37:01.537992+00:00, run_after=2023-11-04T16:37:01.537992+00:00
[2023-11-04T16:37:01.592+0000] {processor.py:179} INFO - Processing /home/airflow/.local/lib/python3.8/site-packages/airflow/example_dags/example_dynamic_task_mapping_with_no_taskflow_operators.py took 0.195 seconds
[2023-11-04T16:37:31.823+0000] {processor.py:157} INFO - Started process (PID=6689) to work on /home/airflow/.local/lib/python3.8/site-packages/airflow/example_dags/example_dynamic_task_mapping_with_no_taskflow_operators.py
[2023-11-04T16:37:31.826+0000] {processor.py:829} INFO - Processing file /home/airflow/.local/lib/python3.8/site-packages/airflow/example_dags/example_dynamic_task_mapping_with_no_taskflow_operators.py for tasks to queue
[2023-11-04T16:37:31.833+0000] {logging_mixin.py:151} INFO - [2023-11-04T16:37:31.832+0000] {dagbag.py:536} INFO - Filling up the DagBag from /home/airflow/.local/lib/python3.8/site-packages/airflow/example_dags/example_dynamic_task_mapping_with_no_taskflow_operators.py
[2023-11-04T16:37:31.864+0000] {processor.py:839} INFO - DAG(s) dict_keys(['example_dynamic_task_mapping_with_no_taskflow_operators']) retrieved from /home/airflow/.local/lib/python3.8/site-packages/airflow/example_dags/example_dynamic_task_mapping_with_no_taskflow_operators.py
[2023-11-04T16:37:31.903+0000] {logging_mixin.py:151} INFO - [2023-11-04T16:37:31.902+0000] {dag.py:2941} INFO - Sync 1 DAGs
[2023-11-04T16:37:31.948+0000] {logging_mixin.py:151} INFO - [2023-11-04T16:37:31.948+0000] {dag.py:3722} INFO - Setting next_dagrun for example_dynamic_task_mapping_with_no_taskflow_operators to 2023-11-03T16:37:31.948002+00:00, run_after=2023-11-04T16:37:31.948002+00:00
[2023-11-04T16:37:31.983+0000] {processor.py:179} INFO - Processing /home/airflow/.local/lib/python3.8/site-packages/airflow/example_dags/example_dynamic_task_mapping_with_no_taskflow_operators.py took 0.168 seconds
[2023-11-04T16:38:02.396+0000] {processor.py:157} INFO - Started process (PID=6927) to work on /home/airflow/.local/lib/python3.8/site-packages/airflow/example_dags/example_dynamic_task_mapping_with_no_taskflow_operators.py
[2023-11-04T16:38:02.398+0000] {processor.py:829} INFO - Processing file /home/airflow/.local/lib/python3.8/site-packages/airflow/example_dags/example_dynamic_task_mapping_with_no_taskflow_operators.py for tasks to queue
[2023-11-04T16:38:02.399+0000] {logging_mixin.py:151} INFO - [2023-11-04T16:38:02.399+0000] {dagbag.py:536} INFO - Filling up the DagBag from /home/airflow/.local/lib/python3.8/site-packages/airflow/example_dags/example_dynamic_task_mapping_with_no_taskflow_operators.py
[2023-11-04T16:38:02.410+0000] {processor.py:839} INFO - DAG(s) dict_keys(['example_dynamic_task_mapping_with_no_taskflow_operators']) retrieved from /home/airflow/.local/lib/python3.8/site-packages/airflow/example_dags/example_dynamic_task_mapping_with_no_taskflow_operators.py
[2023-11-04T16:38:02.440+0000] {logging_mixin.py:151} INFO - [2023-11-04T16:38:02.440+0000] {dag.py:2941} INFO - Sync 1 DAGs
[2023-11-04T16:38:02.475+0000] {logging_mixin.py:151} INFO - [2023-11-04T16:38:02.475+0000] {dag.py:3722} INFO - Setting next_dagrun for example_dynamic_task_mapping_with_no_taskflow_operators to 2023-11-03T16:38:02.474666+00:00, run_after=2023-11-04T16:38:02.474666+00:00
[2023-11-04T16:38:02.505+0000] {processor.py:179} INFO - Processing /home/airflow/.local/lib/python3.8/site-packages/airflow/example_dags/example_dynamic_task_mapping_with_no_taskflow_operators.py took 0.114 seconds
[2023-11-04T16:38:32.617+0000] {processor.py:157} INFO - Started process (PID=7163) to work on /home/airflow/.local/lib/python3.8/site-packages/airflow/example_dags/example_dynamic_task_mapping_with_no_taskflow_operators.py
[2023-11-04T16:38:32.618+0000] {processor.py:829} INFO - Processing file /home/airflow/.local/lib/python3.8/site-packages/airflow/example_dags/example_dynamic_task_mapping_with_no_taskflow_operators.py for tasks to queue
[2023-11-04T16:38:32.620+0000] {logging_mixin.py:151} INFO - [2023-11-04T16:38:32.619+0000] {dagbag.py:536} INFO - Filling up the DagBag from /home/airflow/.local/lib/python3.8/site-packages/airflow/example_dags/example_dynamic_task_mapping_with_no_taskflow_operators.py
[2023-11-04T16:38:32.632+0000] {processor.py:839} INFO - DAG(s) dict_keys(['example_dynamic_task_mapping_with_no_taskflow_operators']) retrieved from /home/airflow/.local/lib/python3.8/site-packages/airflow/example_dags/example_dynamic_task_mapping_with_no_taskflow_operators.py
[2023-11-04T16:38:32.666+0000] {logging_mixin.py:151} INFO - [2023-11-04T16:38:32.666+0000] {dag.py:2941} INFO - Sync 1 DAGs
[2023-11-04T16:38:32.701+0000] {logging_mixin.py:151} INFO - [2023-11-04T16:38:32.701+0000] {dag.py:3722} INFO - Setting next_dagrun for example_dynamic_task_mapping_with_no_taskflow_operators to 2023-11-03T16:38:32.700766+00:00, run_after=2023-11-04T16:38:32.700766+00:00
[2023-11-04T16:38:32.732+0000] {processor.py:179} INFO - Processing /home/airflow/.local/lib/python3.8/site-packages/airflow/example_dags/example_dynamic_task_mapping_with_no_taskflow_operators.py took 0.120 seconds
[2023-11-04T16:39:03.263+0000] {processor.py:157} INFO - Started process (PID=7401) to work on /home/airflow/.local/lib/python3.8/site-packages/airflow/example_dags/example_dynamic_task_mapping_with_no_taskflow_operators.py
[2023-11-04T16:39:03.265+0000] {processor.py:829} INFO - Processing file /home/airflow/.local/lib/python3.8/site-packages/airflow/example_dags/example_dynamic_task_mapping_with_no_taskflow_operators.py for tasks to queue
[2023-11-04T16:39:03.266+0000] {logging_mixin.py:151} INFO - [2023-11-04T16:39:03.266+0000] {dagbag.py:536} INFO - Filling up the DagBag from /home/airflow/.local/lib/python3.8/site-packages/airflow/example_dags/example_dynamic_task_mapping_with_no_taskflow_operators.py
[2023-11-04T16:39:03.278+0000] {processor.py:839} INFO - DAG(s) dict_keys(['example_dynamic_task_mapping_with_no_taskflow_operators']) retrieved from /home/airflow/.local/lib/python3.8/site-packages/airflow/example_dags/example_dynamic_task_mapping_with_no_taskflow_operators.py
[2023-11-04T16:39:03.308+0000] {logging_mixin.py:151} INFO - [2023-11-04T16:39:03.308+0000] {dag.py:2941} INFO - Sync 1 DAGs
[2023-11-04T16:39:03.341+0000] {logging_mixin.py:151} INFO - [2023-11-04T16:39:03.341+0000] {dag.py:3722} INFO - Setting next_dagrun for example_dynamic_task_mapping_with_no_taskflow_operators to 2023-11-03T16:39:03.340825+00:00, run_after=2023-11-04T16:39:03.340825+00:00
[2023-11-04T16:39:03.369+0000] {processor.py:179} INFO - Processing /home/airflow/.local/lib/python3.8/site-packages/airflow/example_dags/example_dynamic_task_mapping_with_no_taskflow_operators.py took 0.111 seconds
[2023-11-04T16:39:33.751+0000] {processor.py:157} INFO - Started process (PID=7639) to work on /home/airflow/.local/lib/python3.8/site-packages/airflow/example_dags/example_dynamic_task_mapping_with_no_taskflow_operators.py
[2023-11-04T16:39:33.753+0000] {processor.py:829} INFO - Processing file /home/airflow/.local/lib/python3.8/site-packages/airflow/example_dags/example_dynamic_task_mapping_with_no_taskflow_operators.py for tasks to queue
[2023-11-04T16:39:33.755+0000] {logging_mixin.py:151} INFO - [2023-11-04T16:39:33.754+0000] {dagbag.py:536} INFO - Filling up the DagBag from /home/airflow/.local/lib/python3.8/site-packages/airflow/example_dags/example_dynamic_task_mapping_with_no_taskflow_operators.py
[2023-11-04T16:39:33.767+0000] {processor.py:839} INFO - DAG(s) dict_keys(['example_dynamic_task_mapping_with_no_taskflow_operators']) retrieved from /home/airflow/.local/lib/python3.8/site-packages/airflow/example_dags/example_dynamic_task_mapping_with_no_taskflow_operators.py
[2023-11-04T16:39:33.801+0000] {logging_mixin.py:151} INFO - [2023-11-04T16:39:33.801+0000] {dag.py:2941} INFO - Sync 1 DAGs
[2023-11-04T16:39:33.834+0000] {logging_mixin.py:151} INFO - [2023-11-04T16:39:33.834+0000] {dag.py:3722} INFO - Setting next_dagrun for example_dynamic_task_mapping_with_no_taskflow_operators to 2023-11-03T16:39:33.834039+00:00, run_after=2023-11-04T16:39:33.834039+00:00
[2023-11-04T16:39:33.865+0000] {processor.py:179} INFO - Processing /home/airflow/.local/lib/python3.8/site-packages/airflow/example_dags/example_dynamic_task_mapping_with_no_taskflow_operators.py took 0.120 seconds
[2023-11-04T16:40:03.976+0000] {processor.py:157} INFO - Started process (PID=7877) to work on /home/airflow/.local/lib/python3.8/site-packages/airflow/example_dags/example_dynamic_task_mapping_with_no_taskflow_operators.py
[2023-11-04T16:40:03.977+0000] {processor.py:829} INFO - Processing file /home/airflow/.local/lib/python3.8/site-packages/airflow/example_dags/example_dynamic_task_mapping_with_no_taskflow_operators.py for tasks to queue
[2023-11-04T16:40:03.979+0000] {logging_mixin.py:151} INFO - [2023-11-04T16:40:03.978+0000] {dagbag.py:536} INFO - Filling up the DagBag from /home/airflow/.local/lib/python3.8/site-packages/airflow/example_dags/example_dynamic_task_mapping_with_no_taskflow_operators.py
[2023-11-04T16:40:03.990+0000] {processor.py:839} INFO - DAG(s) dict_keys(['example_dynamic_task_mapping_with_no_taskflow_operators']) retrieved from /home/airflow/.local/lib/python3.8/site-packages/airflow/example_dags/example_dynamic_task_mapping_with_no_taskflow_operators.py
[2023-11-04T16:40:04.019+0000] {logging_mixin.py:151} INFO - [2023-11-04T16:40:04.018+0000] {dag.py:2941} INFO - Sync 1 DAGs
[2023-11-04T16:40:04.051+0000] {logging_mixin.py:151} INFO - [2023-11-04T16:40:04.051+0000] {dag.py:3722} INFO - Setting next_dagrun for example_dynamic_task_mapping_with_no_taskflow_operators to 2023-11-03T16:40:04.051083+00:00, run_after=2023-11-04T16:40:04.051083+00:00
[2023-11-04T16:40:04.082+0000] {processor.py:179} INFO - Processing /home/airflow/.local/lib/python3.8/site-packages/airflow/example_dags/example_dynamic_task_mapping_with_no_taskflow_operators.py took 0.111 seconds
[2023-11-04T16:40:34.805+0000] {processor.py:157} INFO - Started process (PID=8116) to work on /home/airflow/.local/lib/python3.8/site-packages/airflow/example_dags/example_dynamic_task_mapping_with_no_taskflow_operators.py
[2023-11-04T16:40:34.807+0000] {processor.py:829} INFO - Processing file /home/airflow/.local/lib/python3.8/site-packages/airflow/example_dags/example_dynamic_task_mapping_with_no_taskflow_operators.py for tasks to queue
[2023-11-04T16:40:34.808+0000] {logging_mixin.py:151} INFO - [2023-11-04T16:40:34.808+0000] {dagbag.py:536} INFO - Filling up the DagBag from /home/airflow/.local/lib/python3.8/site-packages/airflow/example_dags/example_dynamic_task_mapping_with_no_taskflow_operators.py
[2023-11-04T16:40:34.820+0000] {processor.py:839} INFO - DAG(s) dict_keys(['example_dynamic_task_mapping_with_no_taskflow_operators']) retrieved from /home/airflow/.local/lib/python3.8/site-packages/airflow/example_dags/example_dynamic_task_mapping_with_no_taskflow_operators.py
[2023-11-04T16:40:34.849+0000] {logging_mixin.py:151} INFO - [2023-11-04T16:40:34.849+0000] {dag.py:2941} INFO - Sync 1 DAGs
[2023-11-04T16:40:34.882+0000] {logging_mixin.py:151} INFO - [2023-11-04T16:40:34.881+0000] {dag.py:3722} INFO - Setting next_dagrun for example_dynamic_task_mapping_with_no_taskflow_operators to 2023-11-03T16:40:34.881518+00:00, run_after=2023-11-04T16:40:34.881518+00:00
[2023-11-04T16:40:34.910+0000] {processor.py:179} INFO - Processing /home/airflow/.local/lib/python3.8/site-packages/airflow/example_dags/example_dynamic_task_mapping_with_no_taskflow_operators.py took 0.111 seconds
[2023-11-04T16:41:05.190+0000] {processor.py:157} INFO - Started process (PID=8353) to work on /home/airflow/.local/lib/python3.8/site-packages/airflow/example_dags/example_dynamic_task_mapping_with_no_taskflow_operators.py
[2023-11-04T16:41:05.192+0000] {processor.py:829} INFO - Processing file /home/airflow/.local/lib/python3.8/site-packages/airflow/example_dags/example_dynamic_task_mapping_with_no_taskflow_operators.py for tasks to queue
[2023-11-04T16:41:05.193+0000] {logging_mixin.py:151} INFO - [2023-11-04T16:41:05.193+0000] {dagbag.py:536} INFO - Filling up the DagBag from /home/airflow/.local/lib/python3.8/site-packages/airflow/example_dags/example_dynamic_task_mapping_with_no_taskflow_operators.py
[2023-11-04T16:41:05.207+0000] {processor.py:839} INFO - DAG(s) dict_keys(['example_dynamic_task_mapping_with_no_taskflow_operators']) retrieved from /home/airflow/.local/lib/python3.8/site-packages/airflow/example_dags/example_dynamic_task_mapping_with_no_taskflow_operators.py
[2023-11-04T16:41:05.244+0000] {logging_mixin.py:151} INFO - [2023-11-04T16:41:05.244+0000] {dag.py:2941} INFO - Sync 1 DAGs
[2023-11-04T16:41:05.281+0000] {logging_mixin.py:151} INFO - [2023-11-04T16:41:05.281+0000] {dag.py:3722} INFO - Setting next_dagrun for example_dynamic_task_mapping_with_no_taskflow_operators to 2023-11-03T16:41:05.281010+00:00, run_after=2023-11-04T16:41:05.281010+00:00
[2023-11-04T16:41:05.315+0000] {processor.py:179} INFO - Processing /home/airflow/.local/lib/python3.8/site-packages/airflow/example_dags/example_dynamic_task_mapping_with_no_taskflow_operators.py took 0.130 seconds
[2023-11-04T16:41:35.886+0000] {processor.py:157} INFO - Started process (PID=8591) to work on /home/airflow/.local/lib/python3.8/site-packages/airflow/example_dags/example_dynamic_task_mapping_with_no_taskflow_operators.py
[2023-11-04T16:41:35.888+0000] {processor.py:829} INFO - Processing file /home/airflow/.local/lib/python3.8/site-packages/airflow/example_dags/example_dynamic_task_mapping_with_no_taskflow_operators.py for tasks to queue
[2023-11-04T16:41:35.889+0000] {logging_mixin.py:151} INFO - [2023-11-04T16:41:35.889+0000] {dagbag.py:536} INFO - Filling up the DagBag from /home/airflow/.local/lib/python3.8/site-packages/airflow/example_dags/example_dynamic_task_mapping_with_no_taskflow_operators.py
[2023-11-04T16:41:35.901+0000] {processor.py:839} INFO - DAG(s) dict_keys(['example_dynamic_task_mapping_with_no_taskflow_operators']) retrieved from /home/airflow/.local/lib/python3.8/site-packages/airflow/example_dags/example_dynamic_task_mapping_with_no_taskflow_operators.py
[2023-11-04T16:41:35.932+0000] {logging_mixin.py:151} INFO - [2023-11-04T16:41:35.932+0000] {dag.py:2941} INFO - Sync 1 DAGs
[2023-11-04T16:41:35.967+0000] {logging_mixin.py:151} INFO - [2023-11-04T16:41:35.966+0000] {dag.py:3722} INFO - Setting next_dagrun for example_dynamic_task_mapping_with_no_taskflow_operators to 2023-11-03T16:41:35.966357+00:00, run_after=2023-11-04T16:41:35.966357+00:00
[2023-11-04T16:41:35.993+0000] {processor.py:179} INFO - Processing /home/airflow/.local/lib/python3.8/site-packages/airflow/example_dags/example_dynamic_task_mapping_with_no_taskflow_operators.py took 0.112 seconds
[2023-11-04T16:42:06.427+0000] {processor.py:157} INFO - Started process (PID=8829) to work on /home/airflow/.local/lib/python3.8/site-packages/airflow/example_dags/example_dynamic_task_mapping_with_no_taskflow_operators.py
[2023-11-04T16:42:06.428+0000] {processor.py:829} INFO - Processing file /home/airflow/.local/lib/python3.8/site-packages/airflow/example_dags/example_dynamic_task_mapping_with_no_taskflow_operators.py for tasks to queue
[2023-11-04T16:42:06.430+0000] {logging_mixin.py:151} INFO - [2023-11-04T16:42:06.430+0000] {dagbag.py:536} INFO - Filling up the DagBag from /home/airflow/.local/lib/python3.8/site-packages/airflow/example_dags/example_dynamic_task_mapping_with_no_taskflow_operators.py
[2023-11-04T16:42:06.443+0000] {processor.py:839} INFO - DAG(s) dict_keys(['example_dynamic_task_mapping_with_no_taskflow_operators']) retrieved from /home/airflow/.local/lib/python3.8/site-packages/airflow/example_dags/example_dynamic_task_mapping_with_no_taskflow_operators.py
[2023-11-04T16:42:06.477+0000] {logging_mixin.py:151} INFO - [2023-11-04T16:42:06.477+0000] {dag.py:2941} INFO - Sync 1 DAGs
[2023-11-04T16:42:06.517+0000] {logging_mixin.py:151} INFO - [2023-11-04T16:42:06.517+0000] {dag.py:3722} INFO - Setting next_dagrun for example_dynamic_task_mapping_with_no_taskflow_operators to 2023-11-03T16:42:06.516852+00:00, run_after=2023-11-04T16:42:06.516852+00:00
[2023-11-04T16:42:06.545+0000] {processor.py:179} INFO - Processing /home/airflow/.local/lib/python3.8/site-packages/airflow/example_dags/example_dynamic_task_mapping_with_no_taskflow_operators.py took 0.127 seconds
[2023-11-04T17:13:29.208+0000] {processor.py:157} INFO - Started process (PID=257) to work on /home/airflow/.local/lib/python3.8/site-packages/airflow/example_dags/example_dynamic_task_mapping_with_no_taskflow_operators.py
[2023-11-04T17:13:29.210+0000] {processor.py:829} INFO - Processing file /home/airflow/.local/lib/python3.8/site-packages/airflow/example_dags/example_dynamic_task_mapping_with_no_taskflow_operators.py for tasks to queue
[2023-11-04T17:13:29.211+0000] {logging_mixin.py:151} INFO - [2023-11-04T17:13:29.211+0000] {dagbag.py:536} INFO - Filling up the DagBag from /home/airflow/.local/lib/python3.8/site-packages/airflow/example_dags/example_dynamic_task_mapping_with_no_taskflow_operators.py
[2023-11-04T17:13:29.226+0000] {processor.py:839} INFO - DAG(s) dict_keys(['example_dynamic_task_mapping_with_no_taskflow_operators']) retrieved from /home/airflow/.local/lib/python3.8/site-packages/airflow/example_dags/example_dynamic_task_mapping_with_no_taskflow_operators.py
[2023-11-04T17:13:29.265+0000] {logging_mixin.py:151} INFO - [2023-11-04T17:13:29.265+0000] {dag.py:2941} INFO - Sync 1 DAGs
[2023-11-04T17:13:29.298+0000] {logging_mixin.py:151} INFO - [2023-11-04T17:13:29.298+0000] {dag.py:3722} INFO - Setting next_dagrun for example_dynamic_task_mapping_with_no_taskflow_operators to 2023-11-03T17:13:29.297756+00:00, run_after=2023-11-04T17:13:29.297756+00:00
[2023-11-04T17:13:29.329+0000] {processor.py:179} INFO - Processing /home/airflow/.local/lib/python3.8/site-packages/airflow/example_dags/example_dynamic_task_mapping_with_no_taskflow_operators.py took 0.127 seconds
[2023-11-04T17:13:59.675+0000] {processor.py:157} INFO - Started process (PID=497) to work on /home/airflow/.local/lib/python3.8/site-packages/airflow/example_dags/example_dynamic_task_mapping_with_no_taskflow_operators.py
[2023-11-04T17:13:59.677+0000] {processor.py:829} INFO - Processing file /home/airflow/.local/lib/python3.8/site-packages/airflow/example_dags/example_dynamic_task_mapping_with_no_taskflow_operators.py for tasks to queue
[2023-11-04T17:13:59.680+0000] {logging_mixin.py:151} INFO - [2023-11-04T17:13:59.679+0000] {dagbag.py:536} INFO - Filling up the DagBag from /home/airflow/.local/lib/python3.8/site-packages/airflow/example_dags/example_dynamic_task_mapping_with_no_taskflow_operators.py
[2023-11-04T17:13:59.692+0000] {processor.py:839} INFO - DAG(s) dict_keys(['example_dynamic_task_mapping_with_no_taskflow_operators']) retrieved from /home/airflow/.local/lib/python3.8/site-packages/airflow/example_dags/example_dynamic_task_mapping_with_no_taskflow_operators.py
[2023-11-04T17:13:59.715+0000] {logging_mixin.py:151} INFO - [2023-11-04T17:13:59.715+0000] {dag.py:2941} INFO - Sync 1 DAGs
[2023-11-04T17:13:59.759+0000] {logging_mixin.py:151} INFO - [2023-11-04T17:13:59.759+0000] {dag.py:3722} INFO - Setting next_dagrun for example_dynamic_task_mapping_with_no_taskflow_operators to 2023-11-03T17:13:59.759070+00:00, run_after=2023-11-04T17:13:59.759070+00:00
[2023-11-04T17:13:59.806+0000] {processor.py:179} INFO - Processing /home/airflow/.local/lib/python3.8/site-packages/airflow/example_dags/example_dynamic_task_mapping_with_no_taskflow_operators.py took 0.135 seconds
[2023-11-04T17:14:29.943+0000] {processor.py:157} INFO - Started process (PID=735) to work on /home/airflow/.local/lib/python3.8/site-packages/airflow/example_dags/example_dynamic_task_mapping_with_no_taskflow_operators.py
[2023-11-04T17:14:29.945+0000] {processor.py:829} INFO - Processing file /home/airflow/.local/lib/python3.8/site-packages/airflow/example_dags/example_dynamic_task_mapping_with_no_taskflow_operators.py for tasks to queue
[2023-11-04T17:14:29.946+0000] {logging_mixin.py:151} INFO - [2023-11-04T17:14:29.946+0000] {dagbag.py:536} INFO - Filling up the DagBag from /home/airflow/.local/lib/python3.8/site-packages/airflow/example_dags/example_dynamic_task_mapping_with_no_taskflow_operators.py
[2023-11-04T17:14:29.957+0000] {processor.py:839} INFO - DAG(s) dict_keys(['example_dynamic_task_mapping_with_no_taskflow_operators']) retrieved from /home/airflow/.local/lib/python3.8/site-packages/airflow/example_dags/example_dynamic_task_mapping_with_no_taskflow_operators.py
[2023-11-04T17:14:29.975+0000] {logging_mixin.py:151} INFO - [2023-11-04T17:14:29.974+0000] {dag.py:2941} INFO - Sync 1 DAGs
[2023-11-04T17:14:30.009+0000] {logging_mixin.py:151} INFO - [2023-11-04T17:14:30.009+0000] {dag.py:3722} INFO - Setting next_dagrun for example_dynamic_task_mapping_with_no_taskflow_operators to 2023-11-03T17:14:30.008736+00:00, run_after=2023-11-04T17:14:30.008736+00:00
[2023-11-04T17:14:30.037+0000] {processor.py:179} INFO - Processing /home/airflow/.local/lib/python3.8/site-packages/airflow/example_dags/example_dynamic_task_mapping_with_no_taskflow_operators.py took 0.099 seconds
[2023-11-04T17:15:00.432+0000] {processor.py:157} INFO - Started process (PID=971) to work on /home/airflow/.local/lib/python3.8/site-packages/airflow/example_dags/example_dynamic_task_mapping_with_no_taskflow_operators.py
[2023-11-04T17:15:00.433+0000] {processor.py:829} INFO - Processing file /home/airflow/.local/lib/python3.8/site-packages/airflow/example_dags/example_dynamic_task_mapping_with_no_taskflow_operators.py for tasks to queue
[2023-11-04T17:15:00.435+0000] {logging_mixin.py:151} INFO - [2023-11-04T17:15:00.435+0000] {dagbag.py:536} INFO - Filling up the DagBag from /home/airflow/.local/lib/python3.8/site-packages/airflow/example_dags/example_dynamic_task_mapping_with_no_taskflow_operators.py
[2023-11-04T17:15:00.446+0000] {processor.py:839} INFO - DAG(s) dict_keys(['example_dynamic_task_mapping_with_no_taskflow_operators']) retrieved from /home/airflow/.local/lib/python3.8/site-packages/airflow/example_dags/example_dynamic_task_mapping_with_no_taskflow_operators.py
[2023-11-04T17:15:00.476+0000] {logging_mixin.py:151} INFO - [2023-11-04T17:15:00.476+0000] {dag.py:2941} INFO - Sync 1 DAGs
[2023-11-04T17:15:00.508+0000] {logging_mixin.py:151} INFO - [2023-11-04T17:15:00.508+0000] {dag.py:3722} INFO - Setting next_dagrun for example_dynamic_task_mapping_with_no_taskflow_operators to 2023-11-03T17:15:00.508264+00:00, run_after=2023-11-04T17:15:00.508264+00:00
[2023-11-04T17:15:00.541+0000] {processor.py:179} INFO - Processing /home/airflow/.local/lib/python3.8/site-packages/airflow/example_dags/example_dynamic_task_mapping_with_no_taskflow_operators.py took 0.114 seconds
[2023-11-04T17:15:31.572+0000] {processor.py:157} INFO - Started process (PID=1211) to work on /home/airflow/.local/lib/python3.8/site-packages/airflow/example_dags/example_dynamic_task_mapping_with_no_taskflow_operators.py
[2023-11-04T17:15:31.574+0000] {processor.py:829} INFO - Processing file /home/airflow/.local/lib/python3.8/site-packages/airflow/example_dags/example_dynamic_task_mapping_with_no_taskflow_operators.py for tasks to queue
[2023-11-04T17:15:31.575+0000] {logging_mixin.py:151} INFO - [2023-11-04T17:15:31.575+0000] {dagbag.py:536} INFO - Filling up the DagBag from /home/airflow/.local/lib/python3.8/site-packages/airflow/example_dags/example_dynamic_task_mapping_with_no_taskflow_operators.py
[2023-11-04T17:15:31.586+0000] {processor.py:839} INFO - DAG(s) dict_keys(['example_dynamic_task_mapping_with_no_taskflow_operators']) retrieved from /home/airflow/.local/lib/python3.8/site-packages/airflow/example_dags/example_dynamic_task_mapping_with_no_taskflow_operators.py
[2023-11-04T17:15:31.618+0000] {logging_mixin.py:151} INFO - [2023-11-04T17:15:31.618+0000] {dag.py:2941} INFO - Sync 1 DAGs
[2023-11-04T17:15:31.651+0000] {logging_mixin.py:151} INFO - [2023-11-04T17:15:31.650+0000] {dag.py:3722} INFO - Setting next_dagrun for example_dynamic_task_mapping_with_no_taskflow_operators to 2023-11-03T17:15:31.650449+00:00, run_after=2023-11-04T17:15:31.650449+00:00
[2023-11-04T17:15:31.683+0000] {processor.py:179} INFO - Processing /home/airflow/.local/lib/python3.8/site-packages/airflow/example_dags/example_dynamic_task_mapping_with_no_taskflow_operators.py took 0.116 seconds
[2023-11-04T17:16:02.319+0000] {processor.py:157} INFO - Started process (PID=1470) to work on /home/airflow/.local/lib/python3.8/site-packages/airflow/example_dags/example_dynamic_task_mapping_with_no_taskflow_operators.py
[2023-11-04T17:16:02.321+0000] {processor.py:829} INFO - Processing file /home/airflow/.local/lib/python3.8/site-packages/airflow/example_dags/example_dynamic_task_mapping_with_no_taskflow_operators.py for tasks to queue
[2023-11-04T17:16:02.323+0000] {logging_mixin.py:151} INFO - [2023-11-04T17:16:02.323+0000] {dagbag.py:536} INFO - Filling up the DagBag from /home/airflow/.local/lib/python3.8/site-packages/airflow/example_dags/example_dynamic_task_mapping_with_no_taskflow_operators.py
[2023-11-04T17:16:02.337+0000] {processor.py:839} INFO - DAG(s) dict_keys(['example_dynamic_task_mapping_with_no_taskflow_operators']) retrieved from /home/airflow/.local/lib/python3.8/site-packages/airflow/example_dags/example_dynamic_task_mapping_with_no_taskflow_operators.py
[2023-11-04T17:16:02.384+0000] {logging_mixin.py:151} INFO - [2023-11-04T17:16:02.384+0000] {dag.py:2941} INFO - Sync 1 DAGs
[2023-11-04T17:16:02.434+0000] {logging_mixin.py:151} INFO - [2023-11-04T17:16:02.434+0000] {dag.py:3722} INFO - Setting next_dagrun for example_dynamic_task_mapping_with_no_taskflow_operators to 2023-11-03T17:16:02.433041+00:00, run_after=2023-11-04T17:16:02.433041+00:00
[2023-11-04T17:16:02.488+0000] {processor.py:179} INFO - Processing /home/airflow/.local/lib/python3.8/site-packages/airflow/example_dags/example_dynamic_task_mapping_with_no_taskflow_operators.py took 0.174 seconds
[2023-11-04T17:16:33.066+0000] {processor.py:157} INFO - Started process (PID=1712) to work on /home/airflow/.local/lib/python3.8/site-packages/airflow/example_dags/example_dynamic_task_mapping_with_no_taskflow_operators.py
[2023-11-04T17:16:33.068+0000] {processor.py:829} INFO - Processing file /home/airflow/.local/lib/python3.8/site-packages/airflow/example_dags/example_dynamic_task_mapping_with_no_taskflow_operators.py for tasks to queue
[2023-11-04T17:16:33.069+0000] {logging_mixin.py:151} INFO - [2023-11-04T17:16:33.069+0000] {dagbag.py:536} INFO - Filling up the DagBag from /home/airflow/.local/lib/python3.8/site-packages/airflow/example_dags/example_dynamic_task_mapping_with_no_taskflow_operators.py
[2023-11-04T17:16:33.080+0000] {processor.py:839} INFO - DAG(s) dict_keys(['example_dynamic_task_mapping_with_no_taskflow_operators']) retrieved from /home/airflow/.local/lib/python3.8/site-packages/airflow/example_dags/example_dynamic_task_mapping_with_no_taskflow_operators.py
[2023-11-04T17:16:33.110+0000] {logging_mixin.py:151} INFO - [2023-11-04T17:16:33.110+0000] {dag.py:2941} INFO - Sync 1 DAGs
[2023-11-04T17:16:33.142+0000] {logging_mixin.py:151} INFO - [2023-11-04T17:16:33.142+0000] {dag.py:3722} INFO - Setting next_dagrun for example_dynamic_task_mapping_with_no_taskflow_operators to 2023-11-03T17:16:33.141562+00:00, run_after=2023-11-04T17:16:33.141562+00:00
[2023-11-04T17:16:33.171+0000] {processor.py:179} INFO - Processing /home/airflow/.local/lib/python3.8/site-packages/airflow/example_dags/example_dynamic_task_mapping_with_no_taskflow_operators.py took 0.109 seconds
[2023-11-04T17:17:03.761+0000] {processor.py:157} INFO - Started process (PID=1948) to work on /home/airflow/.local/lib/python3.8/site-packages/airflow/example_dags/example_dynamic_task_mapping_with_no_taskflow_operators.py
[2023-11-04T17:17:03.762+0000] {processor.py:829} INFO - Processing file /home/airflow/.local/lib/python3.8/site-packages/airflow/example_dags/example_dynamic_task_mapping_with_no_taskflow_operators.py for tasks to queue
[2023-11-04T17:17:03.764+0000] {logging_mixin.py:151} INFO - [2023-11-04T17:17:03.763+0000] {dagbag.py:536} INFO - Filling up the DagBag from /home/airflow/.local/lib/python3.8/site-packages/airflow/example_dags/example_dynamic_task_mapping_with_no_taskflow_operators.py
[2023-11-04T17:17:03.776+0000] {processor.py:839} INFO - DAG(s) dict_keys(['example_dynamic_task_mapping_with_no_taskflow_operators']) retrieved from /home/airflow/.local/lib/python3.8/site-packages/airflow/example_dags/example_dynamic_task_mapping_with_no_taskflow_operators.py
[2023-11-04T17:17:03.805+0000] {logging_mixin.py:151} INFO - [2023-11-04T17:17:03.804+0000] {dag.py:2941} INFO - Sync 1 DAGs
[2023-11-04T17:17:03.837+0000] {logging_mixin.py:151} INFO - [2023-11-04T17:17:03.837+0000] {dag.py:3722} INFO - Setting next_dagrun for example_dynamic_task_mapping_with_no_taskflow_operators to 2023-11-03T17:17:03.836782+00:00, run_after=2023-11-04T17:17:03.836782+00:00
[2023-11-04T17:17:03.866+0000] {processor.py:179} INFO - Processing /home/airflow/.local/lib/python3.8/site-packages/airflow/example_dags/example_dynamic_task_mapping_with_no_taskflow_operators.py took 0.110 seconds
[2023-11-04T17:17:33.946+0000] {processor.py:157} INFO - Started process (PID=2186) to work on /home/airflow/.local/lib/python3.8/site-packages/airflow/example_dags/example_dynamic_task_mapping_with_no_taskflow_operators.py
[2023-11-04T17:17:33.948+0000] {processor.py:829} INFO - Processing file /home/airflow/.local/lib/python3.8/site-packages/airflow/example_dags/example_dynamic_task_mapping_with_no_taskflow_operators.py for tasks to queue
[2023-11-04T17:17:33.949+0000] {logging_mixin.py:151} INFO - [2023-11-04T17:17:33.949+0000] {dagbag.py:536} INFO - Filling up the DagBag from /home/airflow/.local/lib/python3.8/site-packages/airflow/example_dags/example_dynamic_task_mapping_with_no_taskflow_operators.py
[2023-11-04T17:17:33.960+0000] {processor.py:839} INFO - DAG(s) dict_keys(['example_dynamic_task_mapping_with_no_taskflow_operators']) retrieved from /home/airflow/.local/lib/python3.8/site-packages/airflow/example_dags/example_dynamic_task_mapping_with_no_taskflow_operators.py
[2023-11-04T17:17:33.993+0000] {logging_mixin.py:151} INFO - [2023-11-04T17:17:33.993+0000] {dag.py:2941} INFO - Sync 1 DAGs
[2023-11-04T17:17:34.028+0000] {logging_mixin.py:151} INFO - [2023-11-04T17:17:34.028+0000] {dag.py:3722} INFO - Setting next_dagrun for example_dynamic_task_mapping_with_no_taskflow_operators to 2023-11-03T17:17:34.028103+00:00, run_after=2023-11-04T17:17:34.028103+00:00
[2023-11-04T17:17:34.060+0000] {processor.py:179} INFO - Processing /home/airflow/.local/lib/python3.8/site-packages/airflow/example_dags/example_dynamic_task_mapping_with_no_taskflow_operators.py took 0.119 seconds
[2023-11-04T17:18:04.133+0000] {processor.py:157} INFO - Started process (PID=2424) to work on /home/airflow/.local/lib/python3.8/site-packages/airflow/example_dags/example_dynamic_task_mapping_with_no_taskflow_operators.py
[2023-11-04T17:18:04.135+0000] {processor.py:829} INFO - Processing file /home/airflow/.local/lib/python3.8/site-packages/airflow/example_dags/example_dynamic_task_mapping_with_no_taskflow_operators.py for tasks to queue
[2023-11-04T17:18:04.137+0000] {logging_mixin.py:151} INFO - [2023-11-04T17:18:04.136+0000] {dagbag.py:536} INFO - Filling up the DagBag from /home/airflow/.local/lib/python3.8/site-packages/airflow/example_dags/example_dynamic_task_mapping_with_no_taskflow_operators.py
[2023-11-04T17:18:04.148+0000] {processor.py:839} INFO - DAG(s) dict_keys(['example_dynamic_task_mapping_with_no_taskflow_operators']) retrieved from /home/airflow/.local/lib/python3.8/site-packages/airflow/example_dags/example_dynamic_task_mapping_with_no_taskflow_operators.py
[2023-11-04T17:18:04.188+0000] {logging_mixin.py:151} INFO - [2023-11-04T17:18:04.188+0000] {dag.py:2941} INFO - Sync 1 DAGs
[2023-11-04T17:18:04.231+0000] {logging_mixin.py:151} INFO - [2023-11-04T17:18:04.231+0000] {dag.py:3722} INFO - Setting next_dagrun for example_dynamic_task_mapping_with_no_taskflow_operators to 2023-11-03T17:18:04.230950+00:00, run_after=2023-11-04T17:18:04.230950+00:00
[2023-11-04T17:18:04.264+0000] {processor.py:179} INFO - Processing /home/airflow/.local/lib/python3.8/site-packages/airflow/example_dags/example_dynamic_task_mapping_with_no_taskflow_operators.py took 0.136 seconds
[2023-11-04T17:18:35.038+0000] {processor.py:157} INFO - Started process (PID=2664) to work on /home/airflow/.local/lib/python3.8/site-packages/airflow/example_dags/example_dynamic_task_mapping_with_no_taskflow_operators.py
[2023-11-04T17:18:35.040+0000] {processor.py:829} INFO - Processing file /home/airflow/.local/lib/python3.8/site-packages/airflow/example_dags/example_dynamic_task_mapping_with_no_taskflow_operators.py for tasks to queue
[2023-11-04T17:18:35.041+0000] {logging_mixin.py:151} INFO - [2023-11-04T17:18:35.041+0000] {dagbag.py:536} INFO - Filling up the DagBag from /home/airflow/.local/lib/python3.8/site-packages/airflow/example_dags/example_dynamic_task_mapping_with_no_taskflow_operators.py
[2023-11-04T17:18:35.052+0000] {processor.py:839} INFO - DAG(s) dict_keys(['example_dynamic_task_mapping_with_no_taskflow_operators']) retrieved from /home/airflow/.local/lib/python3.8/site-packages/airflow/example_dags/example_dynamic_task_mapping_with_no_taskflow_operators.py
[2023-11-04T17:18:35.081+0000] {logging_mixin.py:151} INFO - [2023-11-04T17:18:35.080+0000] {dag.py:2941} INFO - Sync 1 DAGs
[2023-11-04T17:18:35.112+0000] {logging_mixin.py:151} INFO - [2023-11-04T17:18:35.112+0000] {dag.py:3722} INFO - Setting next_dagrun for example_dynamic_task_mapping_with_no_taskflow_operators to 2023-11-03T17:18:35.111769+00:00, run_after=2023-11-04T17:18:35.111769+00:00
[2023-11-04T17:18:35.144+0000] {processor.py:179} INFO - Processing /home/airflow/.local/lib/python3.8/site-packages/airflow/example_dags/example_dynamic_task_mapping_with_no_taskflow_operators.py took 0.111 seconds
[2023-11-04T17:19:05.369+0000] {processor.py:157} INFO - Started process (PID=2902) to work on /home/airflow/.local/lib/python3.8/site-packages/airflow/example_dags/example_dynamic_task_mapping_with_no_taskflow_operators.py
[2023-11-04T17:19:05.371+0000] {processor.py:829} INFO - Processing file /home/airflow/.local/lib/python3.8/site-packages/airflow/example_dags/example_dynamic_task_mapping_with_no_taskflow_operators.py for tasks to queue
[2023-11-04T17:19:05.372+0000] {logging_mixin.py:151} INFO - [2023-11-04T17:19:05.372+0000] {dagbag.py:536} INFO - Filling up the DagBag from /home/airflow/.local/lib/python3.8/site-packages/airflow/example_dags/example_dynamic_task_mapping_with_no_taskflow_operators.py
[2023-11-04T17:19:05.383+0000] {processor.py:839} INFO - DAG(s) dict_keys(['example_dynamic_task_mapping_with_no_taskflow_operators']) retrieved from /home/airflow/.local/lib/python3.8/site-packages/airflow/example_dags/example_dynamic_task_mapping_with_no_taskflow_operators.py
[2023-11-04T17:19:05.415+0000] {logging_mixin.py:151} INFO - [2023-11-04T17:19:05.414+0000] {dag.py:2941} INFO - Sync 1 DAGs
[2023-11-04T17:19:05.459+0000] {logging_mixin.py:151} INFO - [2023-11-04T17:19:05.459+0000] {dag.py:3722} INFO - Setting next_dagrun for example_dynamic_task_mapping_with_no_taskflow_operators to 2023-11-03T17:19:05.458912+00:00, run_after=2023-11-04T17:19:05.458912+00:00
[2023-11-04T17:19:05.494+0000] {processor.py:179} INFO - Processing /home/airflow/.local/lib/python3.8/site-packages/airflow/example_dags/example_dynamic_task_mapping_with_no_taskflow_operators.py took 0.130 seconds
[2023-11-04T17:19:35.711+0000] {processor.py:157} INFO - Started process (PID=3145) to work on /home/airflow/.local/lib/python3.8/site-packages/airflow/example_dags/example_dynamic_task_mapping_with_no_taskflow_operators.py
[2023-11-04T17:19:35.712+0000] {processor.py:829} INFO - Processing file /home/airflow/.local/lib/python3.8/site-packages/airflow/example_dags/example_dynamic_task_mapping_with_no_taskflow_operators.py for tasks to queue
[2023-11-04T17:19:35.714+0000] {logging_mixin.py:151} INFO - [2023-11-04T17:19:35.713+0000] {dagbag.py:536} INFO - Filling up the DagBag from /home/airflow/.local/lib/python3.8/site-packages/airflow/example_dags/example_dynamic_task_mapping_with_no_taskflow_operators.py
[2023-11-04T17:19:35.727+0000] {processor.py:839} INFO - DAG(s) dict_keys(['example_dynamic_task_mapping_with_no_taskflow_operators']) retrieved from /home/airflow/.local/lib/python3.8/site-packages/airflow/example_dags/example_dynamic_task_mapping_with_no_taskflow_operators.py
[2023-11-04T17:19:35.769+0000] {logging_mixin.py:151} INFO - [2023-11-04T17:19:35.769+0000] {dag.py:2941} INFO - Sync 1 DAGs
[2023-11-04T17:19:35.805+0000] {logging_mixin.py:151} INFO - [2023-11-04T17:19:35.804+0000] {dag.py:3722} INFO - Setting next_dagrun for example_dynamic_task_mapping_with_no_taskflow_operators to 2023-11-03T17:19:35.804559+00:00, run_after=2023-11-04T17:19:35.804559+00:00
[2023-11-04T17:19:35.836+0000] {processor.py:179} INFO - Processing /home/airflow/.local/lib/python3.8/site-packages/airflow/example_dags/example_dynamic_task_mapping_with_no_taskflow_operators.py took 0.130 seconds
[2023-11-04T17:20:06.403+0000] {processor.py:157} INFO - Started process (PID=3383) to work on /home/airflow/.local/lib/python3.8/site-packages/airflow/example_dags/example_dynamic_task_mapping_with_no_taskflow_operators.py
[2023-11-04T17:20:06.405+0000] {processor.py:829} INFO - Processing file /home/airflow/.local/lib/python3.8/site-packages/airflow/example_dags/example_dynamic_task_mapping_with_no_taskflow_operators.py for tasks to queue
[2023-11-04T17:20:06.407+0000] {logging_mixin.py:151} INFO - [2023-11-04T17:20:06.406+0000] {dagbag.py:536} INFO - Filling up the DagBag from /home/airflow/.local/lib/python3.8/site-packages/airflow/example_dags/example_dynamic_task_mapping_with_no_taskflow_operators.py
[2023-11-04T17:20:06.418+0000] {processor.py:839} INFO - DAG(s) dict_keys(['example_dynamic_task_mapping_with_no_taskflow_operators']) retrieved from /home/airflow/.local/lib/python3.8/site-packages/airflow/example_dags/example_dynamic_task_mapping_with_no_taskflow_operators.py
[2023-11-04T17:20:06.449+0000] {logging_mixin.py:151} INFO - [2023-11-04T17:20:06.449+0000] {dag.py:2941} INFO - Sync 1 DAGs
[2023-11-04T17:20:06.489+0000] {logging_mixin.py:151} INFO - [2023-11-04T17:20:06.489+0000] {dag.py:3722} INFO - Setting next_dagrun for example_dynamic_task_mapping_with_no_taskflow_operators to 2023-11-03T17:20:06.488829+00:00, run_after=2023-11-04T17:20:06.488829+00:00
[2023-11-04T17:20:06.520+0000] {processor.py:179} INFO - Processing /home/airflow/.local/lib/python3.8/site-packages/airflow/example_dags/example_dynamic_task_mapping_with_no_taskflow_operators.py took 0.121 seconds
[2023-11-04T17:20:36.753+0000] {processor.py:157} INFO - Started process (PID=3618) to work on /home/airflow/.local/lib/python3.8/site-packages/airflow/example_dags/example_dynamic_task_mapping_with_no_taskflow_operators.py
[2023-11-04T17:20:36.755+0000] {processor.py:829} INFO - Processing file /home/airflow/.local/lib/python3.8/site-packages/airflow/example_dags/example_dynamic_task_mapping_with_no_taskflow_operators.py for tasks to queue
[2023-11-04T17:20:36.756+0000] {logging_mixin.py:151} INFO - [2023-11-04T17:20:36.756+0000] {dagbag.py:536} INFO - Filling up the DagBag from /home/airflow/.local/lib/python3.8/site-packages/airflow/example_dags/example_dynamic_task_mapping_with_no_taskflow_operators.py
[2023-11-04T17:20:36.767+0000] {processor.py:839} INFO - DAG(s) dict_keys(['example_dynamic_task_mapping_with_no_taskflow_operators']) retrieved from /home/airflow/.local/lib/python3.8/site-packages/airflow/example_dags/example_dynamic_task_mapping_with_no_taskflow_operators.py
[2023-11-04T17:20:36.797+0000] {logging_mixin.py:151} INFO - [2023-11-04T17:20:36.796+0000] {dag.py:2941} INFO - Sync 1 DAGs
[2023-11-04T17:20:36.835+0000] {logging_mixin.py:151} INFO - [2023-11-04T17:20:36.835+0000] {dag.py:3722} INFO - Setting next_dagrun for example_dynamic_task_mapping_with_no_taskflow_operators to 2023-11-03T17:20:36.835138+00:00, run_after=2023-11-04T17:20:36.835138+00:00
[2023-11-04T17:20:36.864+0000] {processor.py:179} INFO - Processing /home/airflow/.local/lib/python3.8/site-packages/airflow/example_dags/example_dynamic_task_mapping_with_no_taskflow_operators.py took 0.116 seconds
[2023-11-04T17:21:07.585+0000] {processor.py:157} INFO - Started process (PID=3859) to work on /home/airflow/.local/lib/python3.8/site-packages/airflow/example_dags/example_dynamic_task_mapping_with_no_taskflow_operators.py
[2023-11-04T17:21:07.587+0000] {processor.py:829} INFO - Processing file /home/airflow/.local/lib/python3.8/site-packages/airflow/example_dags/example_dynamic_task_mapping_with_no_taskflow_operators.py for tasks to queue
[2023-11-04T17:21:07.589+0000] {logging_mixin.py:151} INFO - [2023-11-04T17:21:07.588+0000] {dagbag.py:536} INFO - Filling up the DagBag from /home/airflow/.local/lib/python3.8/site-packages/airflow/example_dags/example_dynamic_task_mapping_with_no_taskflow_operators.py
[2023-11-04T17:21:07.600+0000] {processor.py:839} INFO - DAG(s) dict_keys(['example_dynamic_task_mapping_with_no_taskflow_operators']) retrieved from /home/airflow/.local/lib/python3.8/site-packages/airflow/example_dags/example_dynamic_task_mapping_with_no_taskflow_operators.py
[2023-11-04T17:21:07.635+0000] {logging_mixin.py:151} INFO - [2023-11-04T17:21:07.635+0000] {dag.py:2941} INFO - Sync 1 DAGs
[2023-11-04T17:21:07.671+0000] {logging_mixin.py:151} INFO - [2023-11-04T17:21:07.670+0000] {dag.py:3722} INFO - Setting next_dagrun for example_dynamic_task_mapping_with_no_taskflow_operators to 2023-11-03T17:21:07.670213+00:00, run_after=2023-11-04T17:21:07.670213+00:00
[2023-11-04T17:21:07.706+0000] {processor.py:179} INFO - Processing /home/airflow/.local/lib/python3.8/site-packages/airflow/example_dags/example_dynamic_task_mapping_with_no_taskflow_operators.py took 0.126 seconds
[2023-11-04T17:21:38.910+0000] {processor.py:157} INFO - Started process (PID=4141) to work on /home/airflow/.local/lib/python3.8/site-packages/airflow/example_dags/example_dynamic_task_mapping_with_no_taskflow_operators.py
[2023-11-04T17:21:38.912+0000] {processor.py:829} INFO - Processing file /home/airflow/.local/lib/python3.8/site-packages/airflow/example_dags/example_dynamic_task_mapping_with_no_taskflow_operators.py for tasks to queue
[2023-11-04T17:21:38.915+0000] {logging_mixin.py:151} INFO - [2023-11-04T17:21:38.914+0000] {dagbag.py:536} INFO - Filling up the DagBag from /home/airflow/.local/lib/python3.8/site-packages/airflow/example_dags/example_dynamic_task_mapping_with_no_taskflow_operators.py
[2023-11-04T17:21:38.932+0000] {processor.py:839} INFO - DAG(s) dict_keys(['example_dynamic_task_mapping_with_no_taskflow_operators']) retrieved from /home/airflow/.local/lib/python3.8/site-packages/airflow/example_dags/example_dynamic_task_mapping_with_no_taskflow_operators.py
[2023-11-04T17:21:38.979+0000] {logging_mixin.py:151} INFO - [2023-11-04T17:21:38.978+0000] {dag.py:2941} INFO - Sync 1 DAGs
[2023-11-04T17:21:39.019+0000] {logging_mixin.py:151} INFO - [2023-11-04T17:21:39.019+0000] {dag.py:3722} INFO - Setting next_dagrun for example_dynamic_task_mapping_with_no_taskflow_operators to 2023-11-03T17:21:39.018820+00:00, run_after=2023-11-04T17:21:39.018820+00:00
[2023-11-04T17:21:39.054+0000] {processor.py:179} INFO - Processing /home/airflow/.local/lib/python3.8/site-packages/airflow/example_dags/example_dynamic_task_mapping_with_no_taskflow_operators.py took 0.149 seconds
[2023-11-04T17:22:09.489+0000] {processor.py:157} INFO - Started process (PID=4383) to work on /home/airflow/.local/lib/python3.8/site-packages/airflow/example_dags/example_dynamic_task_mapping_with_no_taskflow_operators.py
[2023-11-04T17:22:09.492+0000] {processor.py:829} INFO - Processing file /home/airflow/.local/lib/python3.8/site-packages/airflow/example_dags/example_dynamic_task_mapping_with_no_taskflow_operators.py for tasks to queue
[2023-11-04T17:22:09.494+0000] {logging_mixin.py:151} INFO - [2023-11-04T17:22:09.493+0000] {dagbag.py:536} INFO - Filling up the DagBag from /home/airflow/.local/lib/python3.8/site-packages/airflow/example_dags/example_dynamic_task_mapping_with_no_taskflow_operators.py
[2023-11-04T17:22:09.508+0000] {processor.py:839} INFO - DAG(s) dict_keys(['example_dynamic_task_mapping_with_no_taskflow_operators']) retrieved from /home/airflow/.local/lib/python3.8/site-packages/airflow/example_dags/example_dynamic_task_mapping_with_no_taskflow_operators.py
[2023-11-04T17:22:09.551+0000] {logging_mixin.py:151} INFO - [2023-11-04T17:22:09.551+0000] {dag.py:2941} INFO - Sync 1 DAGs
[2023-11-04T17:22:09.604+0000] {logging_mixin.py:151} INFO - [2023-11-04T17:22:09.604+0000] {dag.py:3722} INFO - Setting next_dagrun for example_dynamic_task_mapping_with_no_taskflow_operators to 2023-11-03T17:22:09.603983+00:00, run_after=2023-11-04T17:22:09.603983+00:00
[2023-11-04T17:22:09.646+0000] {processor.py:179} INFO - Processing /home/airflow/.local/lib/python3.8/site-packages/airflow/example_dags/example_dynamic_task_mapping_with_no_taskflow_operators.py took 0.164 seconds
[2023-11-04T17:22:39.781+0000] {processor.py:157} INFO - Started process (PID=4618) to work on /home/airflow/.local/lib/python3.8/site-packages/airflow/example_dags/example_dynamic_task_mapping_with_no_taskflow_operators.py
[2023-11-04T17:22:39.783+0000] {processor.py:829} INFO - Processing file /home/airflow/.local/lib/python3.8/site-packages/airflow/example_dags/example_dynamic_task_mapping_with_no_taskflow_operators.py for tasks to queue
[2023-11-04T17:22:39.786+0000] {logging_mixin.py:151} INFO - [2023-11-04T17:22:39.785+0000] {dagbag.py:536} INFO - Filling up the DagBag from /home/airflow/.local/lib/python3.8/site-packages/airflow/example_dags/example_dynamic_task_mapping_with_no_taskflow_operators.py
[2023-11-04T17:22:39.801+0000] {processor.py:839} INFO - DAG(s) dict_keys(['example_dynamic_task_mapping_with_no_taskflow_operators']) retrieved from /home/airflow/.local/lib/python3.8/site-packages/airflow/example_dags/example_dynamic_task_mapping_with_no_taskflow_operators.py
[2023-11-04T17:22:39.841+0000] {logging_mixin.py:151} INFO - [2023-11-04T17:22:39.841+0000] {dag.py:2941} INFO - Sync 1 DAGs
[2023-11-04T17:22:39.886+0000] {logging_mixin.py:151} INFO - [2023-11-04T17:22:39.886+0000] {dag.py:3722} INFO - Setting next_dagrun for example_dynamic_task_mapping_with_no_taskflow_operators to 2023-11-03T17:22:39.885858+00:00, run_after=2023-11-04T17:22:39.885858+00:00
[2023-11-04T17:22:39.931+0000] {processor.py:179} INFO - Processing /home/airflow/.local/lib/python3.8/site-packages/airflow/example_dags/example_dynamic_task_mapping_with_no_taskflow_operators.py took 0.155 seconds
