[2023-11-04T16:23:46.651+0000] {processor.py:157} INFO - Started process (PID=295) to work on /home/airflow/.local/lib/python3.8/site-packages/airflow/example_dags/tutorial_taskflow_api_virtualenv.py
[2023-11-04T16:23:46.653+0000] {processor.py:829} INFO - Processing file /home/airflow/.local/lib/python3.8/site-packages/airflow/example_dags/tutorial_taskflow_api_virtualenv.py for tasks to queue
[2023-11-04T16:23:46.654+0000] {logging_mixin.py:151} INFO - [2023-11-04T16:23:46.654+0000] {dagbag.py:536} INFO - Filling up the DagBag from /home/airflow/.local/lib/python3.8/site-packages/airflow/example_dags/tutorial_taskflow_api_virtualenv.py
[2023-11-04T16:23:46.666+0000] {processor.py:839} INFO - DAG(s) dict_keys(['tutorial_taskflow_api_virtualenv']) retrieved from /home/airflow/.local/lib/python3.8/site-packages/airflow/example_dags/tutorial_taskflow_api_virtualenv.py
[2023-11-04T16:23:46.685+0000] {logging_mixin.py:151} INFO - [2023-11-04T16:23:46.684+0000] {dag.py:2941} INFO - Sync 1 DAGs
[2023-11-04T16:23:46.707+0000] {logging_mixin.py:151} INFO - [2023-11-04T16:23:46.707+0000] {dag.py:3722} INFO - Setting next_dagrun for tutorial_taskflow_api_virtualenv to None, run_after=None
[2023-11-04T16:23:46.737+0000] {processor.py:179} INFO - Processing /home/airflow/.local/lib/python3.8/site-packages/airflow/example_dags/tutorial_taskflow_api_virtualenv.py took 0.092 seconds
[2023-11-04T16:24:17.250+0000] {processor.py:157} INFO - Started process (PID=533) to work on /home/airflow/.local/lib/python3.8/site-packages/airflow/example_dags/tutorial_taskflow_api_virtualenv.py
[2023-11-04T16:24:17.252+0000] {processor.py:829} INFO - Processing file /home/airflow/.local/lib/python3.8/site-packages/airflow/example_dags/tutorial_taskflow_api_virtualenv.py for tasks to queue
[2023-11-04T16:24:17.254+0000] {logging_mixin.py:151} INFO - [2023-11-04T16:24:17.253+0000] {dagbag.py:536} INFO - Filling up the DagBag from /home/airflow/.local/lib/python3.8/site-packages/airflow/example_dags/tutorial_taskflow_api_virtualenv.py
[2023-11-04T16:24:17.264+0000] {processor.py:839} INFO - DAG(s) dict_keys(['tutorial_taskflow_api_virtualenv']) retrieved from /home/airflow/.local/lib/python3.8/site-packages/airflow/example_dags/tutorial_taskflow_api_virtualenv.py
[2023-11-04T16:24:17.298+0000] {logging_mixin.py:151} INFO - [2023-11-04T16:24:17.298+0000] {dag.py:2941} INFO - Sync 1 DAGs
[2023-11-04T16:24:17.317+0000] {logging_mixin.py:151} INFO - [2023-11-04T16:24:17.317+0000] {dag.py:3722} INFO - Setting next_dagrun for tutorial_taskflow_api_virtualenv to None, run_after=None
[2023-11-04T16:24:17.351+0000] {processor.py:179} INFO - Processing /home/airflow/.local/lib/python3.8/site-packages/airflow/example_dags/tutorial_taskflow_api_virtualenv.py took 0.106 seconds
[2023-11-04T16:24:47.913+0000] {processor.py:157} INFO - Started process (PID=771) to work on /home/airflow/.local/lib/python3.8/site-packages/airflow/example_dags/tutorial_taskflow_api_virtualenv.py
[2023-11-04T16:24:47.915+0000] {processor.py:829} INFO - Processing file /home/airflow/.local/lib/python3.8/site-packages/airflow/example_dags/tutorial_taskflow_api_virtualenv.py for tasks to queue
[2023-11-04T16:24:47.917+0000] {logging_mixin.py:151} INFO - [2023-11-04T16:24:47.916+0000] {dagbag.py:536} INFO - Filling up the DagBag from /home/airflow/.local/lib/python3.8/site-packages/airflow/example_dags/tutorial_taskflow_api_virtualenv.py
[2023-11-04T16:24:47.927+0000] {processor.py:839} INFO - DAG(s) dict_keys(['tutorial_taskflow_api_virtualenv']) retrieved from /home/airflow/.local/lib/python3.8/site-packages/airflow/example_dags/tutorial_taskflow_api_virtualenv.py
[2023-11-04T16:24:47.962+0000] {logging_mixin.py:151} INFO - [2023-11-04T16:24:47.962+0000] {dag.py:2941} INFO - Sync 1 DAGs
[2023-11-04T16:24:47.982+0000] {logging_mixin.py:151} INFO - [2023-11-04T16:24:47.982+0000] {dag.py:3722} INFO - Setting next_dagrun for tutorial_taskflow_api_virtualenv to None, run_after=None
[2023-11-04T16:24:48.016+0000] {processor.py:179} INFO - Processing /home/airflow/.local/lib/python3.8/site-packages/airflow/example_dags/tutorial_taskflow_api_virtualenv.py took 0.108 seconds
[2023-11-04T16:25:18.205+0000] {processor.py:157} INFO - Started process (PID=1007) to work on /home/airflow/.local/lib/python3.8/site-packages/airflow/example_dags/tutorial_taskflow_api_virtualenv.py
[2023-11-04T16:25:18.206+0000] {processor.py:829} INFO - Processing file /home/airflow/.local/lib/python3.8/site-packages/airflow/example_dags/tutorial_taskflow_api_virtualenv.py for tasks to queue
[2023-11-04T16:25:18.208+0000] {logging_mixin.py:151} INFO - [2023-11-04T16:25:18.208+0000] {dagbag.py:536} INFO - Filling up the DagBag from /home/airflow/.local/lib/python3.8/site-packages/airflow/example_dags/tutorial_taskflow_api_virtualenv.py
[2023-11-04T16:25:18.219+0000] {processor.py:839} INFO - DAG(s) dict_keys(['tutorial_taskflow_api_virtualenv']) retrieved from /home/airflow/.local/lib/python3.8/site-packages/airflow/example_dags/tutorial_taskflow_api_virtualenv.py
[2023-11-04T16:25:18.252+0000] {logging_mixin.py:151} INFO - [2023-11-04T16:25:18.252+0000] {dag.py:2941} INFO - Sync 1 DAGs
[2023-11-04T16:25:18.271+0000] {logging_mixin.py:151} INFO - [2023-11-04T16:25:18.271+0000] {dag.py:3722} INFO - Setting next_dagrun for tutorial_taskflow_api_virtualenv to None, run_after=None
[2023-11-04T16:25:18.302+0000] {processor.py:179} INFO - Processing /home/airflow/.local/lib/python3.8/site-packages/airflow/example_dags/tutorial_taskflow_api_virtualenv.py took 0.103 seconds
[2023-11-04T16:25:48.445+0000] {processor.py:157} INFO - Started process (PID=1245) to work on /home/airflow/.local/lib/python3.8/site-packages/airflow/example_dags/tutorial_taskflow_api_virtualenv.py
[2023-11-04T16:25:48.446+0000] {processor.py:829} INFO - Processing file /home/airflow/.local/lib/python3.8/site-packages/airflow/example_dags/tutorial_taskflow_api_virtualenv.py for tasks to queue
[2023-11-04T16:25:48.448+0000] {logging_mixin.py:151} INFO - [2023-11-04T16:25:48.447+0000] {dagbag.py:536} INFO - Filling up the DagBag from /home/airflow/.local/lib/python3.8/site-packages/airflow/example_dags/tutorial_taskflow_api_virtualenv.py
[2023-11-04T16:25:48.458+0000] {processor.py:839} INFO - DAG(s) dict_keys(['tutorial_taskflow_api_virtualenv']) retrieved from /home/airflow/.local/lib/python3.8/site-packages/airflow/example_dags/tutorial_taskflow_api_virtualenv.py
[2023-11-04T16:25:48.493+0000] {logging_mixin.py:151} INFO - [2023-11-04T16:25:48.492+0000] {dag.py:2941} INFO - Sync 1 DAGs
[2023-11-04T16:25:48.513+0000] {logging_mixin.py:151} INFO - [2023-11-04T16:25:48.513+0000] {dag.py:3722} INFO - Setting next_dagrun for tutorial_taskflow_api_virtualenv to None, run_after=None
[2023-11-04T16:25:48.549+0000] {processor.py:179} INFO - Processing /home/airflow/.local/lib/python3.8/site-packages/airflow/example_dags/tutorial_taskflow_api_virtualenv.py took 0.110 seconds
[2023-11-04T16:26:18.822+0000] {processor.py:157} INFO - Started process (PID=1483) to work on /home/airflow/.local/lib/python3.8/site-packages/airflow/example_dags/tutorial_taskflow_api_virtualenv.py
[2023-11-04T16:26:18.823+0000] {processor.py:829} INFO - Processing file /home/airflow/.local/lib/python3.8/site-packages/airflow/example_dags/tutorial_taskflow_api_virtualenv.py for tasks to queue
[2023-11-04T16:26:18.825+0000] {logging_mixin.py:151} INFO - [2023-11-04T16:26:18.825+0000] {dagbag.py:536} INFO - Filling up the DagBag from /home/airflow/.local/lib/python3.8/site-packages/airflow/example_dags/tutorial_taskflow_api_virtualenv.py
[2023-11-04T16:26:18.836+0000] {processor.py:839} INFO - DAG(s) dict_keys(['tutorial_taskflow_api_virtualenv']) retrieved from /home/airflow/.local/lib/python3.8/site-packages/airflow/example_dags/tutorial_taskflow_api_virtualenv.py
[2023-11-04T16:26:18.855+0000] {logging_mixin.py:151} INFO - [2023-11-04T16:26:18.855+0000] {dag.py:2941} INFO - Sync 1 DAGs
[2023-11-04T16:26:18.877+0000] {logging_mixin.py:151} INFO - [2023-11-04T16:26:18.877+0000] {dag.py:3722} INFO - Setting next_dagrun for tutorial_taskflow_api_virtualenv to None, run_after=None
[2023-11-04T16:26:18.907+0000] {processor.py:179} INFO - Processing /home/airflow/.local/lib/python3.8/site-packages/airflow/example_dags/tutorial_taskflow_api_virtualenv.py took 0.090 seconds
[2023-11-04T16:26:49.505+0000] {processor.py:157} INFO - Started process (PID=1721) to work on /home/airflow/.local/lib/python3.8/site-packages/airflow/example_dags/tutorial_taskflow_api_virtualenv.py
[2023-11-04T16:26:49.506+0000] {processor.py:829} INFO - Processing file /home/airflow/.local/lib/python3.8/site-packages/airflow/example_dags/tutorial_taskflow_api_virtualenv.py for tasks to queue
[2023-11-04T16:26:49.508+0000] {logging_mixin.py:151} INFO - [2023-11-04T16:26:49.507+0000] {dagbag.py:536} INFO - Filling up the DagBag from /home/airflow/.local/lib/python3.8/site-packages/airflow/example_dags/tutorial_taskflow_api_virtualenv.py
[2023-11-04T16:26:49.518+0000] {processor.py:839} INFO - DAG(s) dict_keys(['tutorial_taskflow_api_virtualenv']) retrieved from /home/airflow/.local/lib/python3.8/site-packages/airflow/example_dags/tutorial_taskflow_api_virtualenv.py
[2023-11-04T16:26:49.551+0000] {logging_mixin.py:151} INFO - [2023-11-04T16:26:49.550+0000] {dag.py:2941} INFO - Sync 1 DAGs
[2023-11-04T16:26:49.571+0000] {logging_mixin.py:151} INFO - [2023-11-04T16:26:49.571+0000] {dag.py:3722} INFO - Setting next_dagrun for tutorial_taskflow_api_virtualenv to None, run_after=None
[2023-11-04T16:26:49.606+0000] {processor.py:179} INFO - Processing /home/airflow/.local/lib/python3.8/site-packages/airflow/example_dags/tutorial_taskflow_api_virtualenv.py took 0.107 seconds
[2023-11-04T16:27:20.269+0000] {processor.py:157} INFO - Started process (PID=1961) to work on /home/airflow/.local/lib/python3.8/site-packages/airflow/example_dags/tutorial_taskflow_api_virtualenv.py
[2023-11-04T16:27:20.271+0000] {processor.py:829} INFO - Processing file /home/airflow/.local/lib/python3.8/site-packages/airflow/example_dags/tutorial_taskflow_api_virtualenv.py for tasks to queue
[2023-11-04T16:27:20.272+0000] {logging_mixin.py:151} INFO - [2023-11-04T16:27:20.272+0000] {dagbag.py:536} INFO - Filling up the DagBag from /home/airflow/.local/lib/python3.8/site-packages/airflow/example_dags/tutorial_taskflow_api_virtualenv.py
[2023-11-04T16:27:20.283+0000] {processor.py:839} INFO - DAG(s) dict_keys(['tutorial_taskflow_api_virtualenv']) retrieved from /home/airflow/.local/lib/python3.8/site-packages/airflow/example_dags/tutorial_taskflow_api_virtualenv.py
[2023-11-04T16:27:20.319+0000] {logging_mixin.py:151} INFO - [2023-11-04T16:27:20.319+0000] {dag.py:2941} INFO - Sync 1 DAGs
[2023-11-04T16:27:20.340+0000] {logging_mixin.py:151} INFO - [2023-11-04T16:27:20.340+0000] {dag.py:3722} INFO - Setting next_dagrun for tutorial_taskflow_api_virtualenv to None, run_after=None
[2023-11-04T16:27:20.400+0000] {processor.py:179} INFO - Processing /home/airflow/.local/lib/python3.8/site-packages/airflow/example_dags/tutorial_taskflow_api_virtualenv.py took 0.137 seconds
[2023-11-04T16:27:51.746+0000] {processor.py:157} INFO - Started process (PID=2198) to work on /home/airflow/.local/lib/python3.8/site-packages/airflow/example_dags/tutorial_taskflow_api_virtualenv.py
[2023-11-04T16:27:51.749+0000] {processor.py:829} INFO - Processing file /home/airflow/.local/lib/python3.8/site-packages/airflow/example_dags/tutorial_taskflow_api_virtualenv.py for tasks to queue
[2023-11-04T16:27:51.752+0000] {logging_mixin.py:151} INFO - [2023-11-04T16:27:51.752+0000] {dagbag.py:536} INFO - Filling up the DagBag from /home/airflow/.local/lib/python3.8/site-packages/airflow/example_dags/tutorial_taskflow_api_virtualenv.py
[2023-11-04T16:27:51.768+0000] {processor.py:839} INFO - DAG(s) dict_keys(['tutorial_taskflow_api_virtualenv']) retrieved from /home/airflow/.local/lib/python3.8/site-packages/airflow/example_dags/tutorial_taskflow_api_virtualenv.py
[2023-11-04T16:27:51.801+0000] {logging_mixin.py:151} INFO - [2023-11-04T16:27:51.800+0000] {dag.py:2941} INFO - Sync 1 DAGs
[2023-11-04T16:27:51.913+0000] {logging_mixin.py:151} INFO - [2023-11-04T16:27:51.912+0000] {dag.py:3722} INFO - Setting next_dagrun for tutorial_taskflow_api_virtualenv to None, run_after=None
[2023-11-04T16:27:51.995+0000] {processor.py:179} INFO - Processing /home/airflow/.local/lib/python3.8/site-packages/airflow/example_dags/tutorial_taskflow_api_virtualenv.py took 0.266 seconds
[2023-11-04T16:28:22.507+0000] {processor.py:157} INFO - Started process (PID=2436) to work on /home/airflow/.local/lib/python3.8/site-packages/airflow/example_dags/tutorial_taskflow_api_virtualenv.py
[2023-11-04T16:28:22.509+0000] {processor.py:829} INFO - Processing file /home/airflow/.local/lib/python3.8/site-packages/airflow/example_dags/tutorial_taskflow_api_virtualenv.py for tasks to queue
[2023-11-04T16:28:22.511+0000] {logging_mixin.py:151} INFO - [2023-11-04T16:28:22.510+0000] {dagbag.py:536} INFO - Filling up the DagBag from /home/airflow/.local/lib/python3.8/site-packages/airflow/example_dags/tutorial_taskflow_api_virtualenv.py
[2023-11-04T16:28:22.522+0000] {processor.py:839} INFO - DAG(s) dict_keys(['tutorial_taskflow_api_virtualenv']) retrieved from /home/airflow/.local/lib/python3.8/site-packages/airflow/example_dags/tutorial_taskflow_api_virtualenv.py
[2023-11-04T16:28:22.555+0000] {logging_mixin.py:151} INFO - [2023-11-04T16:28:22.555+0000] {dag.py:2941} INFO - Sync 1 DAGs
[2023-11-04T16:28:22.576+0000] {logging_mixin.py:151} INFO - [2023-11-04T16:28:22.576+0000] {dag.py:3722} INFO - Setting next_dagrun for tutorial_taskflow_api_virtualenv to None, run_after=None
[2023-11-04T16:28:22.604+0000] {processor.py:179} INFO - Processing /home/airflow/.local/lib/python3.8/site-packages/airflow/example_dags/tutorial_taskflow_api_virtualenv.py took 0.102 seconds
[2023-11-04T16:28:52.845+0000] {processor.py:157} INFO - Started process (PID=2674) to work on /home/airflow/.local/lib/python3.8/site-packages/airflow/example_dags/tutorial_taskflow_api_virtualenv.py
[2023-11-04T16:28:52.846+0000] {processor.py:829} INFO - Processing file /home/airflow/.local/lib/python3.8/site-packages/airflow/example_dags/tutorial_taskflow_api_virtualenv.py for tasks to queue
[2023-11-04T16:28:52.848+0000] {logging_mixin.py:151} INFO - [2023-11-04T16:28:52.848+0000] {dagbag.py:536} INFO - Filling up the DagBag from /home/airflow/.local/lib/python3.8/site-packages/airflow/example_dags/tutorial_taskflow_api_virtualenv.py
[2023-11-04T16:28:52.860+0000] {processor.py:839} INFO - DAG(s) dict_keys(['tutorial_taskflow_api_virtualenv']) retrieved from /home/airflow/.local/lib/python3.8/site-packages/airflow/example_dags/tutorial_taskflow_api_virtualenv.py
[2023-11-04T16:28:52.892+0000] {logging_mixin.py:151} INFO - [2023-11-04T16:28:52.892+0000] {dag.py:2941} INFO - Sync 1 DAGs
[2023-11-04T16:28:52.912+0000] {logging_mixin.py:151} INFO - [2023-11-04T16:28:52.911+0000] {dag.py:3722} INFO - Setting next_dagrun for tutorial_taskflow_api_virtualenv to None, run_after=None
[2023-11-04T16:28:52.941+0000] {processor.py:179} INFO - Processing /home/airflow/.local/lib/python3.8/site-packages/airflow/example_dags/tutorial_taskflow_api_virtualenv.py took 0.102 seconds
[2023-11-04T16:29:23.635+0000] {processor.py:157} INFO - Started process (PID=2912) to work on /home/airflow/.local/lib/python3.8/site-packages/airflow/example_dags/tutorial_taskflow_api_virtualenv.py
[2023-11-04T16:29:23.636+0000] {processor.py:829} INFO - Processing file /home/airflow/.local/lib/python3.8/site-packages/airflow/example_dags/tutorial_taskflow_api_virtualenv.py for tasks to queue
[2023-11-04T16:29:23.638+0000] {logging_mixin.py:151} INFO - [2023-11-04T16:29:23.637+0000] {dagbag.py:536} INFO - Filling up the DagBag from /home/airflow/.local/lib/python3.8/site-packages/airflow/example_dags/tutorial_taskflow_api_virtualenv.py
[2023-11-04T16:29:23.649+0000] {processor.py:839} INFO - DAG(s) dict_keys(['tutorial_taskflow_api_virtualenv']) retrieved from /home/airflow/.local/lib/python3.8/site-packages/airflow/example_dags/tutorial_taskflow_api_virtualenv.py
[2023-11-04T16:29:23.684+0000] {logging_mixin.py:151} INFO - [2023-11-04T16:29:23.684+0000] {dag.py:2941} INFO - Sync 1 DAGs
[2023-11-04T16:29:23.705+0000] {logging_mixin.py:151} INFO - [2023-11-04T16:29:23.704+0000] {dag.py:3722} INFO - Setting next_dagrun for tutorial_taskflow_api_virtualenv to None, run_after=None
[2023-11-04T16:29:23.738+0000] {processor.py:179} INFO - Processing /home/airflow/.local/lib/python3.8/site-packages/airflow/example_dags/tutorial_taskflow_api_virtualenv.py took 0.109 seconds
[2023-11-04T16:29:53.847+0000] {processor.py:157} INFO - Started process (PID=3150) to work on /home/airflow/.local/lib/python3.8/site-packages/airflow/example_dags/tutorial_taskflow_api_virtualenv.py
[2023-11-04T16:29:53.849+0000] {processor.py:829} INFO - Processing file /home/airflow/.local/lib/python3.8/site-packages/airflow/example_dags/tutorial_taskflow_api_virtualenv.py for tasks to queue
[2023-11-04T16:29:53.851+0000] {logging_mixin.py:151} INFO - [2023-11-04T16:29:53.851+0000] {dagbag.py:536} INFO - Filling up the DagBag from /home/airflow/.local/lib/python3.8/site-packages/airflow/example_dags/tutorial_taskflow_api_virtualenv.py
[2023-11-04T16:29:53.863+0000] {processor.py:839} INFO - DAG(s) dict_keys(['tutorial_taskflow_api_virtualenv']) retrieved from /home/airflow/.local/lib/python3.8/site-packages/airflow/example_dags/tutorial_taskflow_api_virtualenv.py
[2023-11-04T16:29:53.886+0000] {logging_mixin.py:151} INFO - [2023-11-04T16:29:53.886+0000] {dag.py:2941} INFO - Sync 1 DAGs
[2023-11-04T16:29:53.912+0000] {logging_mixin.py:151} INFO - [2023-11-04T16:29:53.912+0000] {dag.py:3722} INFO - Setting next_dagrun for tutorial_taskflow_api_virtualenv to None, run_after=None
[2023-11-04T16:29:53.944+0000] {processor.py:179} INFO - Processing /home/airflow/.local/lib/python3.8/site-packages/airflow/example_dags/tutorial_taskflow_api_virtualenv.py took 0.102 seconds
[2023-11-04T16:30:24.564+0000] {processor.py:157} INFO - Started process (PID=3388) to work on /home/airflow/.local/lib/python3.8/site-packages/airflow/example_dags/tutorial_taskflow_api_virtualenv.py
[2023-11-04T16:30:24.566+0000] {processor.py:829} INFO - Processing file /home/airflow/.local/lib/python3.8/site-packages/airflow/example_dags/tutorial_taskflow_api_virtualenv.py for tasks to queue
[2023-11-04T16:30:24.567+0000] {logging_mixin.py:151} INFO - [2023-11-04T16:30:24.567+0000] {dagbag.py:536} INFO - Filling up the DagBag from /home/airflow/.local/lib/python3.8/site-packages/airflow/example_dags/tutorial_taskflow_api_virtualenv.py
[2023-11-04T16:30:24.580+0000] {processor.py:839} INFO - DAG(s) dict_keys(['tutorial_taskflow_api_virtualenv']) retrieved from /home/airflow/.local/lib/python3.8/site-packages/airflow/example_dags/tutorial_taskflow_api_virtualenv.py
[2023-11-04T16:30:24.614+0000] {logging_mixin.py:151} INFO - [2023-11-04T16:30:24.614+0000] {dag.py:2941} INFO - Sync 1 DAGs
[2023-11-04T16:30:24.634+0000] {logging_mixin.py:151} INFO - [2023-11-04T16:30:24.633+0000] {dag.py:3722} INFO - Setting next_dagrun for tutorial_taskflow_api_virtualenv to None, run_after=None
[2023-11-04T16:30:24.664+0000] {processor.py:179} INFO - Processing /home/airflow/.local/lib/python3.8/site-packages/airflow/example_dags/tutorial_taskflow_api_virtualenv.py took 0.105 seconds
[2023-11-04T16:30:56.296+0000] {processor.py:157} INFO - Started process (PID=3626) to work on /home/airflow/.local/lib/python3.8/site-packages/airflow/example_dags/tutorial_taskflow_api_virtualenv.py
[2023-11-04T16:30:56.298+0000] {processor.py:829} INFO - Processing file /home/airflow/.local/lib/python3.8/site-packages/airflow/example_dags/tutorial_taskflow_api_virtualenv.py for tasks to queue
[2023-11-04T16:30:56.301+0000] {logging_mixin.py:151} INFO - [2023-11-04T16:30:56.300+0000] {dagbag.py:536} INFO - Filling up the DagBag from /home/airflow/.local/lib/python3.8/site-packages/airflow/example_dags/tutorial_taskflow_api_virtualenv.py
[2023-11-04T16:30:56.314+0000] {processor.py:839} INFO - DAG(s) dict_keys(['tutorial_taskflow_api_virtualenv']) retrieved from /home/airflow/.local/lib/python3.8/site-packages/airflow/example_dags/tutorial_taskflow_api_virtualenv.py
[2023-11-04T16:30:56.357+0000] {logging_mixin.py:151} INFO - [2023-11-04T16:30:56.356+0000] {dag.py:2941} INFO - Sync 1 DAGs
[2023-11-04T16:30:56.399+0000] {logging_mixin.py:151} INFO - [2023-11-04T16:30:56.399+0000] {dag.py:3722} INFO - Setting next_dagrun for tutorial_taskflow_api_virtualenv to None, run_after=None
[2023-11-04T16:30:56.494+0000] {processor.py:179} INFO - Processing /home/airflow/.local/lib/python3.8/site-packages/airflow/example_dags/tutorial_taskflow_api_virtualenv.py took 0.205 seconds
[2023-11-04T16:31:27.169+0000] {processor.py:157} INFO - Started process (PID=3866) to work on /home/airflow/.local/lib/python3.8/site-packages/airflow/example_dags/tutorial_taskflow_api_virtualenv.py
[2023-11-04T16:31:27.170+0000] {processor.py:829} INFO - Processing file /home/airflow/.local/lib/python3.8/site-packages/airflow/example_dags/tutorial_taskflow_api_virtualenv.py for tasks to queue
[2023-11-04T16:31:27.172+0000] {logging_mixin.py:151} INFO - [2023-11-04T16:31:27.172+0000] {dagbag.py:536} INFO - Filling up the DagBag from /home/airflow/.local/lib/python3.8/site-packages/airflow/example_dags/tutorial_taskflow_api_virtualenv.py
[2023-11-04T16:31:27.188+0000] {processor.py:839} INFO - DAG(s) dict_keys(['tutorial_taskflow_api_virtualenv']) retrieved from /home/airflow/.local/lib/python3.8/site-packages/airflow/example_dags/tutorial_taskflow_api_virtualenv.py
[2023-11-04T16:31:27.213+0000] {logging_mixin.py:151} INFO - [2023-11-04T16:31:27.213+0000] {dag.py:2941} INFO - Sync 1 DAGs
[2023-11-04T16:31:27.239+0000] {logging_mixin.py:151} INFO - [2023-11-04T16:31:27.239+0000] {dag.py:3722} INFO - Setting next_dagrun for tutorial_taskflow_api_virtualenv to None, run_after=None
[2023-11-04T16:31:27.275+0000] {processor.py:179} INFO - Processing /home/airflow/.local/lib/python3.8/site-packages/airflow/example_dags/tutorial_taskflow_api_virtualenv.py took 0.112 seconds
[2023-11-04T16:31:57.861+0000] {processor.py:157} INFO - Started process (PID=4102) to work on /home/airflow/.local/lib/python3.8/site-packages/airflow/example_dags/tutorial_taskflow_api_virtualenv.py
[2023-11-04T16:31:57.863+0000] {processor.py:829} INFO - Processing file /home/airflow/.local/lib/python3.8/site-packages/airflow/example_dags/tutorial_taskflow_api_virtualenv.py for tasks to queue
[2023-11-04T16:31:57.865+0000] {logging_mixin.py:151} INFO - [2023-11-04T16:31:57.865+0000] {dagbag.py:536} INFO - Filling up the DagBag from /home/airflow/.local/lib/python3.8/site-packages/airflow/example_dags/tutorial_taskflow_api_virtualenv.py
[2023-11-04T16:31:57.881+0000] {processor.py:839} INFO - DAG(s) dict_keys(['tutorial_taskflow_api_virtualenv']) retrieved from /home/airflow/.local/lib/python3.8/site-packages/airflow/example_dags/tutorial_taskflow_api_virtualenv.py
[2023-11-04T16:31:57.920+0000] {logging_mixin.py:151} INFO - [2023-11-04T16:31:57.919+0000] {dag.py:2941} INFO - Sync 1 DAGs
[2023-11-04T16:31:57.942+0000] {logging_mixin.py:151} INFO - [2023-11-04T16:31:57.942+0000] {dag.py:3722} INFO - Setting next_dagrun for tutorial_taskflow_api_virtualenv to None, run_after=None
[2023-11-04T16:31:57.974+0000] {processor.py:179} INFO - Processing /home/airflow/.local/lib/python3.8/site-packages/airflow/example_dags/tutorial_taskflow_api_virtualenv.py took 0.119 seconds
[2023-11-04T16:32:28.442+0000] {processor.py:157} INFO - Started process (PID=4340) to work on /home/airflow/.local/lib/python3.8/site-packages/airflow/example_dags/tutorial_taskflow_api_virtualenv.py
[2023-11-04T16:32:28.444+0000] {processor.py:829} INFO - Processing file /home/airflow/.local/lib/python3.8/site-packages/airflow/example_dags/tutorial_taskflow_api_virtualenv.py for tasks to queue
[2023-11-04T16:32:28.446+0000] {logging_mixin.py:151} INFO - [2023-11-04T16:32:28.445+0000] {dagbag.py:536} INFO - Filling up the DagBag from /home/airflow/.local/lib/python3.8/site-packages/airflow/example_dags/tutorial_taskflow_api_virtualenv.py
[2023-11-04T16:32:28.458+0000] {processor.py:839} INFO - DAG(s) dict_keys(['tutorial_taskflow_api_virtualenv']) retrieved from /home/airflow/.local/lib/python3.8/site-packages/airflow/example_dags/tutorial_taskflow_api_virtualenv.py
[2023-11-04T16:32:28.494+0000] {logging_mixin.py:151} INFO - [2023-11-04T16:32:28.494+0000] {dag.py:2941} INFO - Sync 1 DAGs
[2023-11-04T16:32:28.515+0000] {logging_mixin.py:151} INFO - [2023-11-04T16:32:28.514+0000] {dag.py:3722} INFO - Setting next_dagrun for tutorial_taskflow_api_virtualenv to None, run_after=None
[2023-11-04T16:32:28.543+0000] {processor.py:179} INFO - Processing /home/airflow/.local/lib/python3.8/site-packages/airflow/example_dags/tutorial_taskflow_api_virtualenv.py took 0.106 seconds
[2023-11-04T16:32:58.827+0000] {processor.py:157} INFO - Started process (PID=4580) to work on /home/airflow/.local/lib/python3.8/site-packages/airflow/example_dags/tutorial_taskflow_api_virtualenv.py
[2023-11-04T16:32:58.828+0000] {processor.py:829} INFO - Processing file /home/airflow/.local/lib/python3.8/site-packages/airflow/example_dags/tutorial_taskflow_api_virtualenv.py for tasks to queue
[2023-11-04T16:32:58.830+0000] {logging_mixin.py:151} INFO - [2023-11-04T16:32:58.830+0000] {dagbag.py:536} INFO - Filling up the DagBag from /home/airflow/.local/lib/python3.8/site-packages/airflow/example_dags/tutorial_taskflow_api_virtualenv.py
[2023-11-04T16:32:58.840+0000] {processor.py:839} INFO - DAG(s) dict_keys(['tutorial_taskflow_api_virtualenv']) retrieved from /home/airflow/.local/lib/python3.8/site-packages/airflow/example_dags/tutorial_taskflow_api_virtualenv.py
[2023-11-04T16:32:58.875+0000] {logging_mixin.py:151} INFO - [2023-11-04T16:32:58.875+0000] {dag.py:2941} INFO - Sync 1 DAGs
[2023-11-04T16:32:58.896+0000] {logging_mixin.py:151} INFO - [2023-11-04T16:32:58.896+0000] {dag.py:3722} INFO - Setting next_dagrun for tutorial_taskflow_api_virtualenv to None, run_after=None
[2023-11-04T16:32:58.932+0000] {processor.py:179} INFO - Processing /home/airflow/.local/lib/python3.8/site-packages/airflow/example_dags/tutorial_taskflow_api_virtualenv.py took 0.110 seconds
[2023-11-04T16:33:29.089+0000] {processor.py:157} INFO - Started process (PID=4816) to work on /home/airflow/.local/lib/python3.8/site-packages/airflow/example_dags/tutorial_taskflow_api_virtualenv.py
[2023-11-04T16:33:29.090+0000] {processor.py:829} INFO - Processing file /home/airflow/.local/lib/python3.8/site-packages/airflow/example_dags/tutorial_taskflow_api_virtualenv.py for tasks to queue
[2023-11-04T16:33:29.092+0000] {logging_mixin.py:151} INFO - [2023-11-04T16:33:29.091+0000] {dagbag.py:536} INFO - Filling up the DagBag from /home/airflow/.local/lib/python3.8/site-packages/airflow/example_dags/tutorial_taskflow_api_virtualenv.py
[2023-11-04T16:33:29.103+0000] {processor.py:839} INFO - DAG(s) dict_keys(['tutorial_taskflow_api_virtualenv']) retrieved from /home/airflow/.local/lib/python3.8/site-packages/airflow/example_dags/tutorial_taskflow_api_virtualenv.py
[2023-11-04T16:33:29.138+0000] {logging_mixin.py:151} INFO - [2023-11-04T16:33:29.138+0000] {dag.py:2941} INFO - Sync 1 DAGs
[2023-11-04T16:33:29.158+0000] {logging_mixin.py:151} INFO - [2023-11-04T16:33:29.158+0000] {dag.py:3722} INFO - Setting next_dagrun for tutorial_taskflow_api_virtualenv to None, run_after=None
[2023-11-04T16:33:29.194+0000] {processor.py:179} INFO - Processing /home/airflow/.local/lib/python3.8/site-packages/airflow/example_dags/tutorial_taskflow_api_virtualenv.py took 0.111 seconds
[2023-11-04T16:34:00.057+0000] {processor.py:157} INFO - Started process (PID=5063) to work on /home/airflow/.local/lib/python3.8/site-packages/airflow/example_dags/tutorial_taskflow_api_virtualenv.py
[2023-11-04T16:34:00.059+0000] {processor.py:829} INFO - Processing file /home/airflow/.local/lib/python3.8/site-packages/airflow/example_dags/tutorial_taskflow_api_virtualenv.py for tasks to queue
[2023-11-04T16:34:00.060+0000] {logging_mixin.py:151} INFO - [2023-11-04T16:34:00.060+0000] {dagbag.py:536} INFO - Filling up the DagBag from /home/airflow/.local/lib/python3.8/site-packages/airflow/example_dags/tutorial_taskflow_api_virtualenv.py
[2023-11-04T16:34:00.071+0000] {processor.py:839} INFO - DAG(s) dict_keys(['tutorial_taskflow_api_virtualenv']) retrieved from /home/airflow/.local/lib/python3.8/site-packages/airflow/example_dags/tutorial_taskflow_api_virtualenv.py
[2023-11-04T16:34:00.105+0000] {logging_mixin.py:151} INFO - [2023-11-04T16:34:00.104+0000] {dag.py:2941} INFO - Sync 1 DAGs
[2023-11-04T16:34:00.125+0000] {logging_mixin.py:151} INFO - [2023-11-04T16:34:00.125+0000] {dag.py:3722} INFO - Setting next_dagrun for tutorial_taskflow_api_virtualenv to None, run_after=None
[2023-11-04T16:34:00.159+0000] {processor.py:179} INFO - Processing /home/airflow/.local/lib/python3.8/site-packages/airflow/example_dags/tutorial_taskflow_api_virtualenv.py took 0.106 seconds
[2023-11-04T16:34:30.499+0000] {processor.py:157} INFO - Started process (PID=5300) to work on /home/airflow/.local/lib/python3.8/site-packages/airflow/example_dags/tutorial_taskflow_api_virtualenv.py
[2023-11-04T16:34:30.501+0000] {processor.py:829} INFO - Processing file /home/airflow/.local/lib/python3.8/site-packages/airflow/example_dags/tutorial_taskflow_api_virtualenv.py for tasks to queue
[2023-11-04T16:34:30.502+0000] {logging_mixin.py:151} INFO - [2023-11-04T16:34:30.502+0000] {dagbag.py:536} INFO - Filling up the DagBag from /home/airflow/.local/lib/python3.8/site-packages/airflow/example_dags/tutorial_taskflow_api_virtualenv.py
[2023-11-04T16:34:30.514+0000] {processor.py:839} INFO - DAG(s) dict_keys(['tutorial_taskflow_api_virtualenv']) retrieved from /home/airflow/.local/lib/python3.8/site-packages/airflow/example_dags/tutorial_taskflow_api_virtualenv.py
[2023-11-04T16:34:30.547+0000] {logging_mixin.py:151} INFO - [2023-11-04T16:34:30.547+0000] {dag.py:2941} INFO - Sync 1 DAGs
[2023-11-04T16:34:30.568+0000] {logging_mixin.py:151} INFO - [2023-11-04T16:34:30.567+0000] {dag.py:3722} INFO - Setting next_dagrun for tutorial_taskflow_api_virtualenv to None, run_after=None
[2023-11-04T16:34:30.598+0000] {processor.py:179} INFO - Processing /home/airflow/.local/lib/python3.8/site-packages/airflow/example_dags/tutorial_taskflow_api_virtualenv.py took 0.104 seconds
[2023-11-04T16:35:01.427+0000] {processor.py:157} INFO - Started process (PID=5539) to work on /home/airflow/.local/lib/python3.8/site-packages/airflow/example_dags/tutorial_taskflow_api_virtualenv.py
[2023-11-04T16:35:01.429+0000] {processor.py:829} INFO - Processing file /home/airflow/.local/lib/python3.8/site-packages/airflow/example_dags/tutorial_taskflow_api_virtualenv.py for tasks to queue
[2023-11-04T16:35:01.430+0000] {logging_mixin.py:151} INFO - [2023-11-04T16:35:01.430+0000] {dagbag.py:536} INFO - Filling up the DagBag from /home/airflow/.local/lib/python3.8/site-packages/airflow/example_dags/tutorial_taskflow_api_virtualenv.py
[2023-11-04T16:35:01.441+0000] {processor.py:839} INFO - DAG(s) dict_keys(['tutorial_taskflow_api_virtualenv']) retrieved from /home/airflow/.local/lib/python3.8/site-packages/airflow/example_dags/tutorial_taskflow_api_virtualenv.py
[2023-11-04T16:35:01.475+0000] {logging_mixin.py:151} INFO - [2023-11-04T16:35:01.474+0000] {dag.py:2941} INFO - Sync 1 DAGs
[2023-11-04T16:35:01.494+0000] {logging_mixin.py:151} INFO - [2023-11-04T16:35:01.494+0000] {dag.py:3722} INFO - Setting next_dagrun for tutorial_taskflow_api_virtualenv to None, run_after=None
[2023-11-04T16:35:01.527+0000] {processor.py:179} INFO - Processing /home/airflow/.local/lib/python3.8/site-packages/airflow/example_dags/tutorial_taskflow_api_virtualenv.py took 0.104 seconds
[2023-11-04T16:35:32.362+0000] {processor.py:157} INFO - Started process (PID=5777) to work on /home/airflow/.local/lib/python3.8/site-packages/airflow/example_dags/tutorial_taskflow_api_virtualenv.py
[2023-11-04T16:35:32.364+0000] {processor.py:829} INFO - Processing file /home/airflow/.local/lib/python3.8/site-packages/airflow/example_dags/tutorial_taskflow_api_virtualenv.py for tasks to queue
[2023-11-04T16:35:32.365+0000] {logging_mixin.py:151} INFO - [2023-11-04T16:35:32.365+0000] {dagbag.py:536} INFO - Filling up the DagBag from /home/airflow/.local/lib/python3.8/site-packages/airflow/example_dags/tutorial_taskflow_api_virtualenv.py
[2023-11-04T16:35:32.376+0000] {processor.py:839} INFO - DAG(s) dict_keys(['tutorial_taskflow_api_virtualenv']) retrieved from /home/airflow/.local/lib/python3.8/site-packages/airflow/example_dags/tutorial_taskflow_api_virtualenv.py
[2023-11-04T16:35:32.409+0000] {logging_mixin.py:151} INFO - [2023-11-04T16:35:32.409+0000] {dag.py:2941} INFO - Sync 1 DAGs
[2023-11-04T16:35:32.428+0000] {logging_mixin.py:151} INFO - [2023-11-04T16:35:32.428+0000] {dag.py:3722} INFO - Setting next_dagrun for tutorial_taskflow_api_virtualenv to None, run_after=None
[2023-11-04T16:35:32.459+0000] {processor.py:179} INFO - Processing /home/airflow/.local/lib/python3.8/site-packages/airflow/example_dags/tutorial_taskflow_api_virtualenv.py took 0.103 seconds
[2023-11-04T16:36:02.886+0000] {processor.py:157} INFO - Started process (PID=6015) to work on /home/airflow/.local/lib/python3.8/site-packages/airflow/example_dags/tutorial_taskflow_api_virtualenv.py
[2023-11-04T16:36:02.888+0000] {processor.py:829} INFO - Processing file /home/airflow/.local/lib/python3.8/site-packages/airflow/example_dags/tutorial_taskflow_api_virtualenv.py for tasks to queue
[2023-11-04T16:36:02.889+0000] {logging_mixin.py:151} INFO - [2023-11-04T16:36:02.889+0000] {dagbag.py:536} INFO - Filling up the DagBag from /home/airflow/.local/lib/python3.8/site-packages/airflow/example_dags/tutorial_taskflow_api_virtualenv.py
[2023-11-04T16:36:02.900+0000] {processor.py:839} INFO - DAG(s) dict_keys(['tutorial_taskflow_api_virtualenv']) retrieved from /home/airflow/.local/lib/python3.8/site-packages/airflow/example_dags/tutorial_taskflow_api_virtualenv.py
[2023-11-04T16:36:02.944+0000] {logging_mixin.py:151} INFO - [2023-11-04T16:36:02.944+0000] {dag.py:2941} INFO - Sync 1 DAGs
[2023-11-04T16:36:02.964+0000] {logging_mixin.py:151} INFO - [2023-11-04T16:36:02.964+0000] {dag.py:3722} INFO - Setting next_dagrun for tutorial_taskflow_api_virtualenv to None, run_after=None
[2023-11-04T16:36:02.997+0000] {processor.py:179} INFO - Processing /home/airflow/.local/lib/python3.8/site-packages/airflow/example_dags/tutorial_taskflow_api_virtualenv.py took 0.116 seconds
[2023-11-04T16:36:33.183+0000] {processor.py:157} INFO - Started process (PID=6251) to work on /home/airflow/.local/lib/python3.8/site-packages/airflow/example_dags/tutorial_taskflow_api_virtualenv.py
[2023-11-04T16:36:33.185+0000] {processor.py:829} INFO - Processing file /home/airflow/.local/lib/python3.8/site-packages/airflow/example_dags/tutorial_taskflow_api_virtualenv.py for tasks to queue
[2023-11-04T16:36:33.187+0000] {logging_mixin.py:151} INFO - [2023-11-04T16:36:33.186+0000] {dagbag.py:536} INFO - Filling up the DagBag from /home/airflow/.local/lib/python3.8/site-packages/airflow/example_dags/tutorial_taskflow_api_virtualenv.py
[2023-11-04T16:36:33.198+0000] {processor.py:839} INFO - DAG(s) dict_keys(['tutorial_taskflow_api_virtualenv']) retrieved from /home/airflow/.local/lib/python3.8/site-packages/airflow/example_dags/tutorial_taskflow_api_virtualenv.py
[2023-11-04T16:36:33.236+0000] {logging_mixin.py:151} INFO - [2023-11-04T16:36:33.236+0000] {dag.py:2941} INFO - Sync 1 DAGs
[2023-11-04T16:36:33.256+0000] {logging_mixin.py:151} INFO - [2023-11-04T16:36:33.256+0000] {dag.py:3722} INFO - Setting next_dagrun for tutorial_taskflow_api_virtualenv to None, run_after=None
[2023-11-04T16:36:33.292+0000] {processor.py:179} INFO - Processing /home/airflow/.local/lib/python3.8/site-packages/airflow/example_dags/tutorial_taskflow_api_virtualenv.py took 0.114 seconds
[2023-11-04T16:37:04.294+0000] {processor.py:157} INFO - Started process (PID=6491) to work on /home/airflow/.local/lib/python3.8/site-packages/airflow/example_dags/tutorial_taskflow_api_virtualenv.py
[2023-11-04T16:37:04.298+0000] {processor.py:829} INFO - Processing file /home/airflow/.local/lib/python3.8/site-packages/airflow/example_dags/tutorial_taskflow_api_virtualenv.py for tasks to queue
[2023-11-04T16:37:04.301+0000] {logging_mixin.py:151} INFO - [2023-11-04T16:37:04.301+0000] {dagbag.py:536} INFO - Filling up the DagBag from /home/airflow/.local/lib/python3.8/site-packages/airflow/example_dags/tutorial_taskflow_api_virtualenv.py
[2023-11-04T16:37:04.346+0000] {processor.py:839} INFO - DAG(s) dict_keys(['tutorial_taskflow_api_virtualenv']) retrieved from /home/airflow/.local/lib/python3.8/site-packages/airflow/example_dags/tutorial_taskflow_api_virtualenv.py
[2023-11-04T16:37:04.511+0000] {logging_mixin.py:151} INFO - [2023-11-04T16:37:04.509+0000] {dag.py:2941} INFO - Sync 1 DAGs
[2023-11-04T16:37:04.625+0000] {logging_mixin.py:151} INFO - [2023-11-04T16:37:04.625+0000] {dag.py:3722} INFO - Setting next_dagrun for tutorial_taskflow_api_virtualenv to None, run_after=None
[2023-11-04T16:37:04.726+0000] {processor.py:179} INFO - Processing /home/airflow/.local/lib/python3.8/site-packages/airflow/example_dags/tutorial_taskflow_api_virtualenv.py took 0.440 seconds
[2023-11-04T16:37:34.982+0000] {processor.py:157} INFO - Started process (PID=6729) to work on /home/airflow/.local/lib/python3.8/site-packages/airflow/example_dags/tutorial_taskflow_api_virtualenv.py
[2023-11-04T16:37:34.983+0000] {processor.py:829} INFO - Processing file /home/airflow/.local/lib/python3.8/site-packages/airflow/example_dags/tutorial_taskflow_api_virtualenv.py for tasks to queue
[2023-11-04T16:37:34.985+0000] {logging_mixin.py:151} INFO - [2023-11-04T16:37:34.984+0000] {dagbag.py:536} INFO - Filling up the DagBag from /home/airflow/.local/lib/python3.8/site-packages/airflow/example_dags/tutorial_taskflow_api_virtualenv.py
[2023-11-04T16:37:34.995+0000] {processor.py:839} INFO - DAG(s) dict_keys(['tutorial_taskflow_api_virtualenv']) retrieved from /home/airflow/.local/lib/python3.8/site-packages/airflow/example_dags/tutorial_taskflow_api_virtualenv.py
[2023-11-04T16:37:35.028+0000] {logging_mixin.py:151} INFO - [2023-11-04T16:37:35.028+0000] {dag.py:2941} INFO - Sync 1 DAGs
[2023-11-04T16:37:35.049+0000] {logging_mixin.py:151} INFO - [2023-11-04T16:37:35.048+0000] {dag.py:3722} INFO - Setting next_dagrun for tutorial_taskflow_api_virtualenv to None, run_after=None
[2023-11-04T16:37:35.079+0000] {processor.py:179} INFO - Processing /home/airflow/.local/lib/python3.8/site-packages/airflow/example_dags/tutorial_taskflow_api_virtualenv.py took 0.102 seconds
[2023-11-04T16:38:05.349+0000] {processor.py:157} INFO - Started process (PID=6967) to work on /home/airflow/.local/lib/python3.8/site-packages/airflow/example_dags/tutorial_taskflow_api_virtualenv.py
[2023-11-04T16:38:05.350+0000] {processor.py:829} INFO - Processing file /home/airflow/.local/lib/python3.8/site-packages/airflow/example_dags/tutorial_taskflow_api_virtualenv.py for tasks to queue
[2023-11-04T16:38:05.351+0000] {logging_mixin.py:151} INFO - [2023-11-04T16:38:05.351+0000] {dagbag.py:536} INFO - Filling up the DagBag from /home/airflow/.local/lib/python3.8/site-packages/airflow/example_dags/tutorial_taskflow_api_virtualenv.py
[2023-11-04T16:38:05.361+0000] {processor.py:839} INFO - DAG(s) dict_keys(['tutorial_taskflow_api_virtualenv']) retrieved from /home/airflow/.local/lib/python3.8/site-packages/airflow/example_dags/tutorial_taskflow_api_virtualenv.py
[2023-11-04T16:38:05.397+0000] {logging_mixin.py:151} INFO - [2023-11-04T16:38:05.397+0000] {dag.py:2941} INFO - Sync 1 DAGs
[2023-11-04T16:38:05.416+0000] {logging_mixin.py:151} INFO - [2023-11-04T16:38:05.416+0000] {dag.py:3722} INFO - Setting next_dagrun for tutorial_taskflow_api_virtualenv to None, run_after=None
[2023-11-04T16:38:05.448+0000] {processor.py:179} INFO - Processing /home/airflow/.local/lib/python3.8/site-packages/airflow/example_dags/tutorial_taskflow_api_virtualenv.py took 0.105 seconds
[2023-11-04T16:38:35.541+0000] {processor.py:157} INFO - Started process (PID=7203) to work on /home/airflow/.local/lib/python3.8/site-packages/airflow/example_dags/tutorial_taskflow_api_virtualenv.py
[2023-11-04T16:38:35.542+0000] {processor.py:829} INFO - Processing file /home/airflow/.local/lib/python3.8/site-packages/airflow/example_dags/tutorial_taskflow_api_virtualenv.py for tasks to queue
[2023-11-04T16:38:35.544+0000] {logging_mixin.py:151} INFO - [2023-11-04T16:38:35.543+0000] {dagbag.py:536} INFO - Filling up the DagBag from /home/airflow/.local/lib/python3.8/site-packages/airflow/example_dags/tutorial_taskflow_api_virtualenv.py
[2023-11-04T16:38:35.555+0000] {processor.py:839} INFO - DAG(s) dict_keys(['tutorial_taskflow_api_virtualenv']) retrieved from /home/airflow/.local/lib/python3.8/site-packages/airflow/example_dags/tutorial_taskflow_api_virtualenv.py
[2023-11-04T16:38:35.585+0000] {logging_mixin.py:151} INFO - [2023-11-04T16:38:35.585+0000] {dag.py:2941} INFO - Sync 1 DAGs
[2023-11-04T16:38:35.605+0000] {logging_mixin.py:151} INFO - [2023-11-04T16:38:35.605+0000] {dag.py:3722} INFO - Setting next_dagrun for tutorial_taskflow_api_virtualenv to None, run_after=None
[2023-11-04T16:38:35.634+0000] {processor.py:179} INFO - Processing /home/airflow/.local/lib/python3.8/site-packages/airflow/example_dags/tutorial_taskflow_api_virtualenv.py took 0.098 seconds
[2023-11-04T16:39:06.074+0000] {processor.py:157} INFO - Started process (PID=7441) to work on /home/airflow/.local/lib/python3.8/site-packages/airflow/example_dags/tutorial_taskflow_api_virtualenv.py
[2023-11-04T16:39:06.076+0000] {processor.py:829} INFO - Processing file /home/airflow/.local/lib/python3.8/site-packages/airflow/example_dags/tutorial_taskflow_api_virtualenv.py for tasks to queue
[2023-11-04T16:39:06.079+0000] {logging_mixin.py:151} INFO - [2023-11-04T16:39:06.079+0000] {dagbag.py:536} INFO - Filling up the DagBag from /home/airflow/.local/lib/python3.8/site-packages/airflow/example_dags/tutorial_taskflow_api_virtualenv.py
[2023-11-04T16:39:06.092+0000] {processor.py:839} INFO - DAG(s) dict_keys(['tutorial_taskflow_api_virtualenv']) retrieved from /home/airflow/.local/lib/python3.8/site-packages/airflow/example_dags/tutorial_taskflow_api_virtualenv.py
[2023-11-04T16:39:06.125+0000] {logging_mixin.py:151} INFO - [2023-11-04T16:39:06.125+0000] {dag.py:2941} INFO - Sync 1 DAGs
[2023-11-04T16:39:06.146+0000] {logging_mixin.py:151} INFO - [2023-11-04T16:39:06.145+0000] {dag.py:3722} INFO - Setting next_dagrun for tutorial_taskflow_api_virtualenv to None, run_after=None
[2023-11-04T16:39:06.180+0000] {processor.py:179} INFO - Processing /home/airflow/.local/lib/python3.8/site-packages/airflow/example_dags/tutorial_taskflow_api_virtualenv.py took 0.113 seconds
[2023-11-04T16:39:36.539+0000] {processor.py:157} INFO - Started process (PID=7679) to work on /home/airflow/.local/lib/python3.8/site-packages/airflow/example_dags/tutorial_taskflow_api_virtualenv.py
[2023-11-04T16:39:36.541+0000] {processor.py:829} INFO - Processing file /home/airflow/.local/lib/python3.8/site-packages/airflow/example_dags/tutorial_taskflow_api_virtualenv.py for tasks to queue
[2023-11-04T16:39:36.543+0000] {logging_mixin.py:151} INFO - [2023-11-04T16:39:36.542+0000] {dagbag.py:536} INFO - Filling up the DagBag from /home/airflow/.local/lib/python3.8/site-packages/airflow/example_dags/tutorial_taskflow_api_virtualenv.py
[2023-11-04T16:39:36.553+0000] {processor.py:839} INFO - DAG(s) dict_keys(['tutorial_taskflow_api_virtualenv']) retrieved from /home/airflow/.local/lib/python3.8/site-packages/airflow/example_dags/tutorial_taskflow_api_virtualenv.py
[2023-11-04T16:39:36.586+0000] {logging_mixin.py:151} INFO - [2023-11-04T16:39:36.586+0000] {dag.py:2941} INFO - Sync 1 DAGs
[2023-11-04T16:39:36.606+0000] {logging_mixin.py:151} INFO - [2023-11-04T16:39:36.605+0000] {dag.py:3722} INFO - Setting next_dagrun for tutorial_taskflow_api_virtualenv to None, run_after=None
[2023-11-04T16:39:36.640+0000] {processor.py:179} INFO - Processing /home/airflow/.local/lib/python3.8/site-packages/airflow/example_dags/tutorial_taskflow_api_virtualenv.py took 0.106 seconds
[2023-11-04T16:40:06.949+0000] {processor.py:157} INFO - Started process (PID=7918) to work on /home/airflow/.local/lib/python3.8/site-packages/airflow/example_dags/tutorial_taskflow_api_virtualenv.py
[2023-11-04T16:40:06.951+0000] {processor.py:829} INFO - Processing file /home/airflow/.local/lib/python3.8/site-packages/airflow/example_dags/tutorial_taskflow_api_virtualenv.py for tasks to queue
[2023-11-04T16:40:06.952+0000] {logging_mixin.py:151} INFO - [2023-11-04T16:40:06.952+0000] {dagbag.py:536} INFO - Filling up the DagBag from /home/airflow/.local/lib/python3.8/site-packages/airflow/example_dags/tutorial_taskflow_api_virtualenv.py
[2023-11-04T16:40:06.963+0000] {processor.py:839} INFO - DAG(s) dict_keys(['tutorial_taskflow_api_virtualenv']) retrieved from /home/airflow/.local/lib/python3.8/site-packages/airflow/example_dags/tutorial_taskflow_api_virtualenv.py
[2023-11-04T16:40:06.994+0000] {logging_mixin.py:151} INFO - [2023-11-04T16:40:06.993+0000] {dag.py:2941} INFO - Sync 1 DAGs
[2023-11-04T16:40:07.013+0000] {logging_mixin.py:151} INFO - [2023-11-04T16:40:07.013+0000] {dag.py:3722} INFO - Setting next_dagrun for tutorial_taskflow_api_virtualenv to None, run_after=None
[2023-11-04T16:40:07.043+0000] {processor.py:179} INFO - Processing /home/airflow/.local/lib/python3.8/site-packages/airflow/example_dags/tutorial_taskflow_api_virtualenv.py took 0.099 seconds
[2023-11-04T16:40:37.575+0000] {processor.py:157} INFO - Started process (PID=8155) to work on /home/airflow/.local/lib/python3.8/site-packages/airflow/example_dags/tutorial_taskflow_api_virtualenv.py
[2023-11-04T16:40:37.577+0000] {processor.py:829} INFO - Processing file /home/airflow/.local/lib/python3.8/site-packages/airflow/example_dags/tutorial_taskflow_api_virtualenv.py for tasks to queue
[2023-11-04T16:40:37.579+0000] {logging_mixin.py:151} INFO - [2023-11-04T16:40:37.578+0000] {dagbag.py:536} INFO - Filling up the DagBag from /home/airflow/.local/lib/python3.8/site-packages/airflow/example_dags/tutorial_taskflow_api_virtualenv.py
[2023-11-04T16:40:37.590+0000] {processor.py:839} INFO - DAG(s) dict_keys(['tutorial_taskflow_api_virtualenv']) retrieved from /home/airflow/.local/lib/python3.8/site-packages/airflow/example_dags/tutorial_taskflow_api_virtualenv.py
[2023-11-04T16:40:37.623+0000] {logging_mixin.py:151} INFO - [2023-11-04T16:40:37.623+0000] {dag.py:2941} INFO - Sync 1 DAGs
[2023-11-04T16:40:37.645+0000] {logging_mixin.py:151} INFO - [2023-11-04T16:40:37.644+0000] {dag.py:3722} INFO - Setting next_dagrun for tutorial_taskflow_api_virtualenv to None, run_after=None
[2023-11-04T16:40:37.674+0000] {processor.py:179} INFO - Processing /home/airflow/.local/lib/python3.8/site-packages/airflow/example_dags/tutorial_taskflow_api_virtualenv.py took 0.103 seconds
[2023-11-04T16:41:07.894+0000] {processor.py:157} INFO - Started process (PID=8393) to work on /home/airflow/.local/lib/python3.8/site-packages/airflow/example_dags/tutorial_taskflow_api_virtualenv.py
[2023-11-04T16:41:07.895+0000] {processor.py:829} INFO - Processing file /home/airflow/.local/lib/python3.8/site-packages/airflow/example_dags/tutorial_taskflow_api_virtualenv.py for tasks to queue
[2023-11-04T16:41:07.897+0000] {logging_mixin.py:151} INFO - [2023-11-04T16:41:07.896+0000] {dagbag.py:536} INFO - Filling up the DagBag from /home/airflow/.local/lib/python3.8/site-packages/airflow/example_dags/tutorial_taskflow_api_virtualenv.py
[2023-11-04T16:41:07.908+0000] {processor.py:839} INFO - DAG(s) dict_keys(['tutorial_taskflow_api_virtualenv']) retrieved from /home/airflow/.local/lib/python3.8/site-packages/airflow/example_dags/tutorial_taskflow_api_virtualenv.py
[2023-11-04T16:41:07.940+0000] {logging_mixin.py:151} INFO - [2023-11-04T16:41:07.940+0000] {dag.py:2941} INFO - Sync 1 DAGs
[2023-11-04T16:41:07.959+0000] {logging_mixin.py:151} INFO - [2023-11-04T16:41:07.959+0000] {dag.py:3722} INFO - Setting next_dagrun for tutorial_taskflow_api_virtualenv to None, run_after=None
[2023-11-04T16:41:07.988+0000] {processor.py:179} INFO - Processing /home/airflow/.local/lib/python3.8/site-packages/airflow/example_dags/tutorial_taskflow_api_virtualenv.py took 0.100 seconds
[2023-11-04T16:41:38.619+0000] {processor.py:157} INFO - Started process (PID=8631) to work on /home/airflow/.local/lib/python3.8/site-packages/airflow/example_dags/tutorial_taskflow_api_virtualenv.py
[2023-11-04T16:41:38.621+0000] {processor.py:829} INFO - Processing file /home/airflow/.local/lib/python3.8/site-packages/airflow/example_dags/tutorial_taskflow_api_virtualenv.py for tasks to queue
[2023-11-04T16:41:38.623+0000] {logging_mixin.py:151} INFO - [2023-11-04T16:41:38.623+0000] {dagbag.py:536} INFO - Filling up the DagBag from /home/airflow/.local/lib/python3.8/site-packages/airflow/example_dags/tutorial_taskflow_api_virtualenv.py
[2023-11-04T16:41:38.634+0000] {processor.py:839} INFO - DAG(s) dict_keys(['tutorial_taskflow_api_virtualenv']) retrieved from /home/airflow/.local/lib/python3.8/site-packages/airflow/example_dags/tutorial_taskflow_api_virtualenv.py
[2023-11-04T16:41:38.669+0000] {logging_mixin.py:151} INFO - [2023-11-04T16:41:38.669+0000] {dag.py:2941} INFO - Sync 1 DAGs
[2023-11-04T16:41:38.688+0000] {logging_mixin.py:151} INFO - [2023-11-04T16:41:38.688+0000] {dag.py:3722} INFO - Setting next_dagrun for tutorial_taskflow_api_virtualenv to None, run_after=None
[2023-11-04T16:41:38.715+0000] {processor.py:179} INFO - Processing /home/airflow/.local/lib/python3.8/site-packages/airflow/example_dags/tutorial_taskflow_api_virtualenv.py took 0.101 seconds
[2023-11-04T16:42:09.321+0000] {processor.py:157} INFO - Started process (PID=8869) to work on /home/airflow/.local/lib/python3.8/site-packages/airflow/example_dags/tutorial_taskflow_api_virtualenv.py
[2023-11-04T16:42:09.323+0000] {processor.py:829} INFO - Processing file /home/airflow/.local/lib/python3.8/site-packages/airflow/example_dags/tutorial_taskflow_api_virtualenv.py for tasks to queue
[2023-11-04T16:42:09.324+0000] {logging_mixin.py:151} INFO - [2023-11-04T16:42:09.324+0000] {dagbag.py:536} INFO - Filling up the DagBag from /home/airflow/.local/lib/python3.8/site-packages/airflow/example_dags/tutorial_taskflow_api_virtualenv.py
[2023-11-04T16:42:09.335+0000] {processor.py:839} INFO - DAG(s) dict_keys(['tutorial_taskflow_api_virtualenv']) retrieved from /home/airflow/.local/lib/python3.8/site-packages/airflow/example_dags/tutorial_taskflow_api_virtualenv.py
[2023-11-04T16:42:09.369+0000] {logging_mixin.py:151} INFO - [2023-11-04T16:42:09.369+0000] {dag.py:2941} INFO - Sync 1 DAGs
[2023-11-04T16:42:09.388+0000] {logging_mixin.py:151} INFO - [2023-11-04T16:42:09.387+0000] {dag.py:3722} INFO - Setting next_dagrun for tutorial_taskflow_api_virtualenv to None, run_after=None
[2023-11-04T16:42:09.417+0000] {processor.py:179} INFO - Processing /home/airflow/.local/lib/python3.8/site-packages/airflow/example_dags/tutorial_taskflow_api_virtualenv.py took 0.101 seconds
[2023-11-04T17:13:30.110+0000] {processor.py:157} INFO - Started process (PID=292) to work on /home/airflow/.local/lib/python3.8/site-packages/airflow/example_dags/tutorial_taskflow_api_virtualenv.py
[2023-11-04T17:13:30.112+0000] {processor.py:829} INFO - Processing file /home/airflow/.local/lib/python3.8/site-packages/airflow/example_dags/tutorial_taskflow_api_virtualenv.py for tasks to queue
[2023-11-04T17:13:30.114+0000] {logging_mixin.py:151} INFO - [2023-11-04T17:13:30.113+0000] {dagbag.py:536} INFO - Filling up the DagBag from /home/airflow/.local/lib/python3.8/site-packages/airflow/example_dags/tutorial_taskflow_api_virtualenv.py
[2023-11-04T17:13:30.125+0000] {processor.py:839} INFO - DAG(s) dict_keys(['tutorial_taskflow_api_virtualenv']) retrieved from /home/airflow/.local/lib/python3.8/site-packages/airflow/example_dags/tutorial_taskflow_api_virtualenv.py
[2023-11-04T17:13:30.180+0000] {logging_mixin.py:151} INFO - [2023-11-04T17:13:30.180+0000] {dag.py:2941} INFO - Sync 1 DAGs
[2023-11-04T17:13:30.215+0000] {logging_mixin.py:151} INFO - [2023-11-04T17:13:30.215+0000] {dag.py:3722} INFO - Setting next_dagrun for tutorial_taskflow_api_virtualenv to None, run_after=None
[2023-11-04T17:13:30.250+0000] {processor.py:179} INFO - Processing /home/airflow/.local/lib/python3.8/site-packages/airflow/example_dags/tutorial_taskflow_api_virtualenv.py took 0.144 seconds
[2023-11-04T17:14:00.360+0000] {processor.py:157} INFO - Started process (PID=530) to work on /home/airflow/.local/lib/python3.8/site-packages/airflow/example_dags/tutorial_taskflow_api_virtualenv.py
[2023-11-04T17:14:00.361+0000] {processor.py:829} INFO - Processing file /home/airflow/.local/lib/python3.8/site-packages/airflow/example_dags/tutorial_taskflow_api_virtualenv.py for tasks to queue
[2023-11-04T17:14:00.363+0000] {logging_mixin.py:151} INFO - [2023-11-04T17:14:00.363+0000] {dagbag.py:536} INFO - Filling up the DagBag from /home/airflow/.local/lib/python3.8/site-packages/airflow/example_dags/tutorial_taskflow_api_virtualenv.py
[2023-11-04T17:14:00.375+0000] {processor.py:839} INFO - DAG(s) dict_keys(['tutorial_taskflow_api_virtualenv']) retrieved from /home/airflow/.local/lib/python3.8/site-packages/airflow/example_dags/tutorial_taskflow_api_virtualenv.py
[2023-11-04T17:14:00.392+0000] {logging_mixin.py:151} INFO - [2023-11-04T17:14:00.392+0000] {dag.py:2941} INFO - Sync 1 DAGs
[2023-11-04T17:14:00.415+0000] {logging_mixin.py:151} INFO - [2023-11-04T17:14:00.415+0000] {dag.py:3722} INFO - Setting next_dagrun for tutorial_taskflow_api_virtualenv to None, run_after=None
[2023-11-04T17:14:00.444+0000] {processor.py:179} INFO - Processing /home/airflow/.local/lib/python3.8/site-packages/airflow/example_dags/tutorial_taskflow_api_virtualenv.py took 0.089 seconds
[2023-11-04T17:14:30.516+0000] {processor.py:157} INFO - Started process (PID=768) to work on /home/airflow/.local/lib/python3.8/site-packages/airflow/example_dags/tutorial_taskflow_api_virtualenv.py
[2023-11-04T17:14:30.517+0000] {processor.py:829} INFO - Processing file /home/airflow/.local/lib/python3.8/site-packages/airflow/example_dags/tutorial_taskflow_api_virtualenv.py for tasks to queue
[2023-11-04T17:14:30.519+0000] {logging_mixin.py:151} INFO - [2023-11-04T17:14:30.519+0000] {dagbag.py:536} INFO - Filling up the DagBag from /home/airflow/.local/lib/python3.8/site-packages/airflow/example_dags/tutorial_taskflow_api_virtualenv.py
[2023-11-04T17:14:30.529+0000] {processor.py:839} INFO - DAG(s) dict_keys(['tutorial_taskflow_api_virtualenv']) retrieved from /home/airflow/.local/lib/python3.8/site-packages/airflow/example_dags/tutorial_taskflow_api_virtualenv.py
[2023-11-04T17:14:30.547+0000] {logging_mixin.py:151} INFO - [2023-11-04T17:14:30.546+0000] {dag.py:2941} INFO - Sync 1 DAGs
[2023-11-04T17:14:30.568+0000] {logging_mixin.py:151} INFO - [2023-11-04T17:14:30.567+0000] {dag.py:3722} INFO - Setting next_dagrun for tutorial_taskflow_api_virtualenv to None, run_after=None
[2023-11-04T17:14:30.596+0000] {processor.py:179} INFO - Processing /home/airflow/.local/lib/python3.8/site-packages/airflow/example_dags/tutorial_taskflow_api_virtualenv.py took 0.085 seconds
[2023-11-04T17:15:01.125+0000] {processor.py:157} INFO - Started process (PID=1006) to work on /home/airflow/.local/lib/python3.8/site-packages/airflow/example_dags/tutorial_taskflow_api_virtualenv.py
[2023-11-04T17:15:01.126+0000] {processor.py:829} INFO - Processing file /home/airflow/.local/lib/python3.8/site-packages/airflow/example_dags/tutorial_taskflow_api_virtualenv.py for tasks to queue
[2023-11-04T17:15:01.128+0000] {logging_mixin.py:151} INFO - [2023-11-04T17:15:01.128+0000] {dagbag.py:536} INFO - Filling up the DagBag from /home/airflow/.local/lib/python3.8/site-packages/airflow/example_dags/tutorial_taskflow_api_virtualenv.py
[2023-11-04T17:15:01.139+0000] {processor.py:839} INFO - DAG(s) dict_keys(['tutorial_taskflow_api_virtualenv']) retrieved from /home/airflow/.local/lib/python3.8/site-packages/airflow/example_dags/tutorial_taskflow_api_virtualenv.py
[2023-11-04T17:15:01.176+0000] {logging_mixin.py:151} INFO - [2023-11-04T17:15:01.175+0000] {dag.py:2941} INFO - Sync 1 DAGs
[2023-11-04T17:15:01.200+0000] {logging_mixin.py:151} INFO - [2023-11-04T17:15:01.200+0000] {dag.py:3722} INFO - Setting next_dagrun for tutorial_taskflow_api_virtualenv to None, run_after=None
[2023-11-04T17:15:01.237+0000] {processor.py:179} INFO - Processing /home/airflow/.local/lib/python3.8/site-packages/airflow/example_dags/tutorial_taskflow_api_virtualenv.py took 0.118 seconds
[2023-11-04T17:15:32.202+0000] {processor.py:157} INFO - Started process (PID=1246) to work on /home/airflow/.local/lib/python3.8/site-packages/airflow/example_dags/tutorial_taskflow_api_virtualenv.py
[2023-11-04T17:15:32.203+0000] {processor.py:829} INFO - Processing file /home/airflow/.local/lib/python3.8/site-packages/airflow/example_dags/tutorial_taskflow_api_virtualenv.py for tasks to queue
[2023-11-04T17:15:32.206+0000] {logging_mixin.py:151} INFO - [2023-11-04T17:15:32.205+0000] {dagbag.py:536} INFO - Filling up the DagBag from /home/airflow/.local/lib/python3.8/site-packages/airflow/example_dags/tutorial_taskflow_api_virtualenv.py
[2023-11-04T17:15:32.217+0000] {processor.py:839} INFO - DAG(s) dict_keys(['tutorial_taskflow_api_virtualenv']) retrieved from /home/airflow/.local/lib/python3.8/site-packages/airflow/example_dags/tutorial_taskflow_api_virtualenv.py
[2023-11-04T17:15:32.248+0000] {logging_mixin.py:151} INFO - [2023-11-04T17:15:32.248+0000] {dag.py:2941} INFO - Sync 1 DAGs
[2023-11-04T17:15:32.267+0000] {logging_mixin.py:151} INFO - [2023-11-04T17:15:32.267+0000] {dag.py:3722} INFO - Setting next_dagrun for tutorial_taskflow_api_virtualenv to None, run_after=None
[2023-11-04T17:15:32.297+0000] {processor.py:179} INFO - Processing /home/airflow/.local/lib/python3.8/site-packages/airflow/example_dags/tutorial_taskflow_api_virtualenv.py took 0.099 seconds
[2023-11-04T17:16:03.436+0000] {processor.py:157} INFO - Started process (PID=1508) to work on /home/airflow/.local/lib/python3.8/site-packages/airflow/example_dags/tutorial_taskflow_api_virtualenv.py
[2023-11-04T17:16:03.437+0000] {processor.py:829} INFO - Processing file /home/airflow/.local/lib/python3.8/site-packages/airflow/example_dags/tutorial_taskflow_api_virtualenv.py for tasks to queue
[2023-11-04T17:16:03.439+0000] {logging_mixin.py:151} INFO - [2023-11-04T17:16:03.438+0000] {dagbag.py:536} INFO - Filling up the DagBag from /home/airflow/.local/lib/python3.8/site-packages/airflow/example_dags/tutorial_taskflow_api_virtualenv.py
[2023-11-04T17:16:03.450+0000] {processor.py:839} INFO - DAG(s) dict_keys(['tutorial_taskflow_api_virtualenv']) retrieved from /home/airflow/.local/lib/python3.8/site-packages/airflow/example_dags/tutorial_taskflow_api_virtualenv.py
[2023-11-04T17:16:03.494+0000] {logging_mixin.py:151} INFO - [2023-11-04T17:16:03.493+0000] {dag.py:2941} INFO - Sync 1 DAGs
[2023-11-04T17:16:03.521+0000] {logging_mixin.py:151} INFO - [2023-11-04T17:16:03.521+0000] {dag.py:3722} INFO - Setting next_dagrun for tutorial_taskflow_api_virtualenv to None, run_after=None
[2023-11-04T17:16:03.559+0000] {processor.py:179} INFO - Processing /home/airflow/.local/lib/python3.8/site-packages/airflow/example_dags/tutorial_taskflow_api_virtualenv.py took 0.129 seconds
[2023-11-04T17:16:33.740+0000] {processor.py:157} INFO - Started process (PID=1747) to work on /home/airflow/.local/lib/python3.8/site-packages/airflow/example_dags/tutorial_taskflow_api_virtualenv.py
[2023-11-04T17:16:33.742+0000] {processor.py:829} INFO - Processing file /home/airflow/.local/lib/python3.8/site-packages/airflow/example_dags/tutorial_taskflow_api_virtualenv.py for tasks to queue
[2023-11-04T17:16:33.743+0000] {logging_mixin.py:151} INFO - [2023-11-04T17:16:33.743+0000] {dagbag.py:536} INFO - Filling up the DagBag from /home/airflow/.local/lib/python3.8/site-packages/airflow/example_dags/tutorial_taskflow_api_virtualenv.py
[2023-11-04T17:16:33.754+0000] {processor.py:839} INFO - DAG(s) dict_keys(['tutorial_taskflow_api_virtualenv']) retrieved from /home/airflow/.local/lib/python3.8/site-packages/airflow/example_dags/tutorial_taskflow_api_virtualenv.py
[2023-11-04T17:16:33.786+0000] {logging_mixin.py:151} INFO - [2023-11-04T17:16:33.786+0000] {dag.py:2941} INFO - Sync 1 DAGs
[2023-11-04T17:16:33.805+0000] {logging_mixin.py:151} INFO - [2023-11-04T17:16:33.805+0000] {dag.py:3722} INFO - Setting next_dagrun for tutorial_taskflow_api_virtualenv to None, run_after=None
[2023-11-04T17:16:33.841+0000] {processor.py:179} INFO - Processing /home/airflow/.local/lib/python3.8/site-packages/airflow/example_dags/tutorial_taskflow_api_virtualenv.py took 0.106 seconds
[2023-11-04T17:17:04.624+0000] {processor.py:157} INFO - Started process (PID=1985) to work on /home/airflow/.local/lib/python3.8/site-packages/airflow/example_dags/tutorial_taskflow_api_virtualenv.py
[2023-11-04T17:17:04.626+0000] {processor.py:829} INFO - Processing file /home/airflow/.local/lib/python3.8/site-packages/airflow/example_dags/tutorial_taskflow_api_virtualenv.py for tasks to queue
[2023-11-04T17:17:04.627+0000] {logging_mixin.py:151} INFO - [2023-11-04T17:17:04.627+0000] {dagbag.py:536} INFO - Filling up the DagBag from /home/airflow/.local/lib/python3.8/site-packages/airflow/example_dags/tutorial_taskflow_api_virtualenv.py
[2023-11-04T17:17:04.638+0000] {processor.py:839} INFO - DAG(s) dict_keys(['tutorial_taskflow_api_virtualenv']) retrieved from /home/airflow/.local/lib/python3.8/site-packages/airflow/example_dags/tutorial_taskflow_api_virtualenv.py
[2023-11-04T17:17:04.670+0000] {logging_mixin.py:151} INFO - [2023-11-04T17:17:04.669+0000] {dag.py:2941} INFO - Sync 1 DAGs
[2023-11-04T17:17:04.689+0000] {logging_mixin.py:151} INFO - [2023-11-04T17:17:04.689+0000] {dag.py:3722} INFO - Setting next_dagrun for tutorial_taskflow_api_virtualenv to None, run_after=None
[2023-11-04T17:17:04.724+0000] {processor.py:179} INFO - Processing /home/airflow/.local/lib/python3.8/site-packages/airflow/example_dags/tutorial_taskflow_api_virtualenv.py took 0.105 seconds
[2023-11-04T17:17:34.836+0000] {processor.py:157} INFO - Started process (PID=2221) to work on /home/airflow/.local/lib/python3.8/site-packages/airflow/example_dags/tutorial_taskflow_api_virtualenv.py
[2023-11-04T17:17:34.838+0000] {processor.py:829} INFO - Processing file /home/airflow/.local/lib/python3.8/site-packages/airflow/example_dags/tutorial_taskflow_api_virtualenv.py for tasks to queue
[2023-11-04T17:17:34.840+0000] {logging_mixin.py:151} INFO - [2023-11-04T17:17:34.839+0000] {dagbag.py:536} INFO - Filling up the DagBag from /home/airflow/.local/lib/python3.8/site-packages/airflow/example_dags/tutorial_taskflow_api_virtualenv.py
[2023-11-04T17:17:34.853+0000] {processor.py:839} INFO - DAG(s) dict_keys(['tutorial_taskflow_api_virtualenv']) retrieved from /home/airflow/.local/lib/python3.8/site-packages/airflow/example_dags/tutorial_taskflow_api_virtualenv.py
[2023-11-04T17:17:34.888+0000] {logging_mixin.py:151} INFO - [2023-11-04T17:17:34.887+0000] {dag.py:2941} INFO - Sync 1 DAGs
[2023-11-04T17:17:34.911+0000] {logging_mixin.py:151} INFO - [2023-11-04T17:17:34.910+0000] {dag.py:3722} INFO - Setting next_dagrun for tutorial_taskflow_api_virtualenv to None, run_after=None
[2023-11-04T17:17:34.942+0000] {processor.py:179} INFO - Processing /home/airflow/.local/lib/python3.8/site-packages/airflow/example_dags/tutorial_taskflow_api_virtualenv.py took 0.111 seconds
[2023-11-04T17:18:05.071+0000] {processor.py:157} INFO - Started process (PID=2459) to work on /home/airflow/.local/lib/python3.8/site-packages/airflow/example_dags/tutorial_taskflow_api_virtualenv.py
[2023-11-04T17:18:05.073+0000] {processor.py:829} INFO - Processing file /home/airflow/.local/lib/python3.8/site-packages/airflow/example_dags/tutorial_taskflow_api_virtualenv.py for tasks to queue
[2023-11-04T17:18:05.075+0000] {logging_mixin.py:151} INFO - [2023-11-04T17:18:05.074+0000] {dagbag.py:536} INFO - Filling up the DagBag from /home/airflow/.local/lib/python3.8/site-packages/airflow/example_dags/tutorial_taskflow_api_virtualenv.py
[2023-11-04T17:18:05.087+0000] {processor.py:839} INFO - DAG(s) dict_keys(['tutorial_taskflow_api_virtualenv']) retrieved from /home/airflow/.local/lib/python3.8/site-packages/airflow/example_dags/tutorial_taskflow_api_virtualenv.py
[2023-11-04T17:18:05.126+0000] {logging_mixin.py:151} INFO - [2023-11-04T17:18:05.126+0000] {dag.py:2941} INFO - Sync 1 DAGs
[2023-11-04T17:18:05.146+0000] {logging_mixin.py:151} INFO - [2023-11-04T17:18:05.146+0000] {dag.py:3722} INFO - Setting next_dagrun for tutorial_taskflow_api_virtualenv to None, run_after=None
[2023-11-04T17:18:05.173+0000] {processor.py:179} INFO - Processing /home/airflow/.local/lib/python3.8/site-packages/airflow/example_dags/tutorial_taskflow_api_virtualenv.py took 0.108 seconds
[2023-11-04T17:18:35.765+0000] {processor.py:157} INFO - Started process (PID=2706) to work on /home/airflow/.local/lib/python3.8/site-packages/airflow/example_dags/tutorial_taskflow_api_virtualenv.py
[2023-11-04T17:18:35.767+0000] {processor.py:829} INFO - Processing file /home/airflow/.local/lib/python3.8/site-packages/airflow/example_dags/tutorial_taskflow_api_virtualenv.py for tasks to queue
[2023-11-04T17:18:35.768+0000] {logging_mixin.py:151} INFO - [2023-11-04T17:18:35.768+0000] {dagbag.py:536} INFO - Filling up the DagBag from /home/airflow/.local/lib/python3.8/site-packages/airflow/example_dags/tutorial_taskflow_api_virtualenv.py
[2023-11-04T17:18:35.778+0000] {processor.py:839} INFO - DAG(s) dict_keys(['tutorial_taskflow_api_virtualenv']) retrieved from /home/airflow/.local/lib/python3.8/site-packages/airflow/example_dags/tutorial_taskflow_api_virtualenv.py
[2023-11-04T17:18:35.810+0000] {logging_mixin.py:151} INFO - [2023-11-04T17:18:35.810+0000] {dag.py:2941} INFO - Sync 1 DAGs
[2023-11-04T17:18:35.829+0000] {logging_mixin.py:151} INFO - [2023-11-04T17:18:35.828+0000] {dag.py:3722} INFO - Setting next_dagrun for tutorial_taskflow_api_virtualenv to None, run_after=None
[2023-11-04T17:18:35.857+0000] {processor.py:179} INFO - Processing /home/airflow/.local/lib/python3.8/site-packages/airflow/example_dags/tutorial_taskflow_api_virtualenv.py took 0.097 seconds
[2023-11-04T17:19:06.008+0000] {processor.py:157} INFO - Started process (PID=2942) to work on /home/airflow/.local/lib/python3.8/site-packages/airflow/example_dags/tutorial_taskflow_api_virtualenv.py
[2023-11-04T17:19:06.010+0000] {processor.py:829} INFO - Processing file /home/airflow/.local/lib/python3.8/site-packages/airflow/example_dags/tutorial_taskflow_api_virtualenv.py for tasks to queue
[2023-11-04T17:19:06.011+0000] {logging_mixin.py:151} INFO - [2023-11-04T17:19:06.011+0000] {dagbag.py:536} INFO - Filling up the DagBag from /home/airflow/.local/lib/python3.8/site-packages/airflow/example_dags/tutorial_taskflow_api_virtualenv.py
[2023-11-04T17:19:06.022+0000] {processor.py:839} INFO - DAG(s) dict_keys(['tutorial_taskflow_api_virtualenv']) retrieved from /home/airflow/.local/lib/python3.8/site-packages/airflow/example_dags/tutorial_taskflow_api_virtualenv.py
[2023-11-04T17:19:06.057+0000] {logging_mixin.py:151} INFO - [2023-11-04T17:19:06.056+0000] {dag.py:2941} INFO - Sync 1 DAGs
[2023-11-04T17:19:06.076+0000] {logging_mixin.py:151} INFO - [2023-11-04T17:19:06.076+0000] {dag.py:3722} INFO - Setting next_dagrun for tutorial_taskflow_api_virtualenv to None, run_after=None
[2023-11-04T17:19:06.104+0000] {processor.py:179} INFO - Processing /home/airflow/.local/lib/python3.8/site-packages/airflow/example_dags/tutorial_taskflow_api_virtualenv.py took 0.101 seconds
[2023-11-04T17:19:36.413+0000] {processor.py:157} INFO - Started process (PID=3180) to work on /home/airflow/.local/lib/python3.8/site-packages/airflow/example_dags/tutorial_taskflow_api_virtualenv.py
[2023-11-04T17:19:36.414+0000] {processor.py:829} INFO - Processing file /home/airflow/.local/lib/python3.8/site-packages/airflow/example_dags/tutorial_taskflow_api_virtualenv.py for tasks to queue
[2023-11-04T17:19:36.416+0000] {logging_mixin.py:151} INFO - [2023-11-04T17:19:36.415+0000] {dagbag.py:536} INFO - Filling up the DagBag from /home/airflow/.local/lib/python3.8/site-packages/airflow/example_dags/tutorial_taskflow_api_virtualenv.py
[2023-11-04T17:19:36.426+0000] {processor.py:839} INFO - DAG(s) dict_keys(['tutorial_taskflow_api_virtualenv']) retrieved from /home/airflow/.local/lib/python3.8/site-packages/airflow/example_dags/tutorial_taskflow_api_virtualenv.py
[2023-11-04T17:19:36.459+0000] {logging_mixin.py:151} INFO - [2023-11-04T17:19:36.458+0000] {dag.py:2941} INFO - Sync 1 DAGs
[2023-11-04T17:19:36.478+0000] {logging_mixin.py:151} INFO - [2023-11-04T17:19:36.478+0000] {dag.py:3722} INFO - Setting next_dagrun for tutorial_taskflow_api_virtualenv to None, run_after=None
[2023-11-04T17:19:36.509+0000] {processor.py:179} INFO - Processing /home/airflow/.local/lib/python3.8/site-packages/airflow/example_dags/tutorial_taskflow_api_virtualenv.py took 0.101 seconds
[2023-11-04T17:20:07.106+0000] {processor.py:157} INFO - Started process (PID=3418) to work on /home/airflow/.local/lib/python3.8/site-packages/airflow/example_dags/tutorial_taskflow_api_virtualenv.py
[2023-11-04T17:20:07.108+0000] {processor.py:829} INFO - Processing file /home/airflow/.local/lib/python3.8/site-packages/airflow/example_dags/tutorial_taskflow_api_virtualenv.py for tasks to queue
[2023-11-04T17:20:07.110+0000] {logging_mixin.py:151} INFO - [2023-11-04T17:20:07.109+0000] {dagbag.py:536} INFO - Filling up the DagBag from /home/airflow/.local/lib/python3.8/site-packages/airflow/example_dags/tutorial_taskflow_api_virtualenv.py
[2023-11-04T17:20:07.121+0000] {processor.py:839} INFO - DAG(s) dict_keys(['tutorial_taskflow_api_virtualenv']) retrieved from /home/airflow/.local/lib/python3.8/site-packages/airflow/example_dags/tutorial_taskflow_api_virtualenv.py
[2023-11-04T17:20:07.154+0000] {logging_mixin.py:151} INFO - [2023-11-04T17:20:07.154+0000] {dag.py:2941} INFO - Sync 1 DAGs
[2023-11-04T17:20:07.173+0000] {logging_mixin.py:151} INFO - [2023-11-04T17:20:07.173+0000] {dag.py:3722} INFO - Setting next_dagrun for tutorial_taskflow_api_virtualenv to None, run_after=None
[2023-11-04T17:20:07.201+0000] {processor.py:179} INFO - Processing /home/airflow/.local/lib/python3.8/site-packages/airflow/example_dags/tutorial_taskflow_api_virtualenv.py took 0.099 seconds
[2023-11-04T17:20:37.544+0000] {processor.py:157} INFO - Started process (PID=3658) to work on /home/airflow/.local/lib/python3.8/site-packages/airflow/example_dags/tutorial_taskflow_api_virtualenv.py
[2023-11-04T17:20:37.546+0000] {processor.py:829} INFO - Processing file /home/airflow/.local/lib/python3.8/site-packages/airflow/example_dags/tutorial_taskflow_api_virtualenv.py for tasks to queue
[2023-11-04T17:20:37.548+0000] {logging_mixin.py:151} INFO - [2023-11-04T17:20:37.547+0000] {dagbag.py:536} INFO - Filling up the DagBag from /home/airflow/.local/lib/python3.8/site-packages/airflow/example_dags/tutorial_taskflow_api_virtualenv.py
[2023-11-04T17:20:37.558+0000] {processor.py:839} INFO - DAG(s) dict_keys(['tutorial_taskflow_api_virtualenv']) retrieved from /home/airflow/.local/lib/python3.8/site-packages/airflow/example_dags/tutorial_taskflow_api_virtualenv.py
[2023-11-04T17:20:37.590+0000] {logging_mixin.py:151} INFO - [2023-11-04T17:20:37.590+0000] {dag.py:2941} INFO - Sync 1 DAGs
[2023-11-04T17:20:37.609+0000] {logging_mixin.py:151} INFO - [2023-11-04T17:20:37.609+0000] {dag.py:3722} INFO - Setting next_dagrun for tutorial_taskflow_api_virtualenv to None, run_after=None
[2023-11-04T17:20:37.639+0000] {processor.py:179} INFO - Processing /home/airflow/.local/lib/python3.8/site-packages/airflow/example_dags/tutorial_taskflow_api_virtualenv.py took 0.099 seconds
[2023-11-04T17:21:08.731+0000] {processor.py:157} INFO - Started process (PID=3899) to work on /home/airflow/.local/lib/python3.8/site-packages/airflow/example_dags/tutorial_taskflow_api_virtualenv.py
[2023-11-04T17:21:08.733+0000] {processor.py:829} INFO - Processing file /home/airflow/.local/lib/python3.8/site-packages/airflow/example_dags/tutorial_taskflow_api_virtualenv.py for tasks to queue
[2023-11-04T17:21:08.736+0000] {logging_mixin.py:151} INFO - [2023-11-04T17:21:08.735+0000] {dagbag.py:536} INFO - Filling up the DagBag from /home/airflow/.local/lib/python3.8/site-packages/airflow/example_dags/tutorial_taskflow_api_virtualenv.py
[2023-11-04T17:21:08.754+0000] {processor.py:839} INFO - DAG(s) dict_keys(['tutorial_taskflow_api_virtualenv']) retrieved from /home/airflow/.local/lib/python3.8/site-packages/airflow/example_dags/tutorial_taskflow_api_virtualenv.py
[2023-11-04T17:21:08.808+0000] {logging_mixin.py:151} INFO - [2023-11-04T17:21:08.808+0000] {dag.py:2941} INFO - Sync 1 DAGs
[2023-11-04T17:21:08.843+0000] {logging_mixin.py:151} INFO - [2023-11-04T17:21:08.842+0000] {dag.py:3722} INFO - Setting next_dagrun for tutorial_taskflow_api_virtualenv to None, run_after=None
[2023-11-04T17:21:08.901+0000] {processor.py:179} INFO - Processing /home/airflow/.local/lib/python3.8/site-packages/airflow/example_dags/tutorial_taskflow_api_virtualenv.py took 0.179 seconds
[2023-11-04T17:21:39.792+0000] {processor.py:157} INFO - Started process (PID=4176) to work on /home/airflow/.local/lib/python3.8/site-packages/airflow/example_dags/tutorial_taskflow_api_virtualenv.py
[2023-11-04T17:21:39.795+0000] {processor.py:829} INFO - Processing file /home/airflow/.local/lib/python3.8/site-packages/airflow/example_dags/tutorial_taskflow_api_virtualenv.py for tasks to queue
[2023-11-04T17:21:39.799+0000] {logging_mixin.py:151} INFO - [2023-11-04T17:21:39.798+0000] {dagbag.py:536} INFO - Filling up the DagBag from /home/airflow/.local/lib/python3.8/site-packages/airflow/example_dags/tutorial_taskflow_api_virtualenv.py
[2023-11-04T17:21:39.821+0000] {processor.py:839} INFO - DAG(s) dict_keys(['tutorial_taskflow_api_virtualenv']) retrieved from /home/airflow/.local/lib/python3.8/site-packages/airflow/example_dags/tutorial_taskflow_api_virtualenv.py
[2023-11-04T17:21:39.892+0000] {logging_mixin.py:151} INFO - [2023-11-04T17:21:39.892+0000] {dag.py:2941} INFO - Sync 1 DAGs
[2023-11-04T17:21:39.927+0000] {logging_mixin.py:151} INFO - [2023-11-04T17:21:39.927+0000] {dag.py:3722} INFO - Setting next_dagrun for tutorial_taskflow_api_virtualenv to None, run_after=None
[2023-11-04T17:21:39.967+0000] {processor.py:179} INFO - Processing /home/airflow/.local/lib/python3.8/site-packages/airflow/example_dags/tutorial_taskflow_api_virtualenv.py took 0.184 seconds
[2023-11-04T17:22:10.384+0000] {processor.py:157} INFO - Started process (PID=4413) to work on /home/airflow/.local/lib/python3.8/site-packages/airflow/example_dags/tutorial_taskflow_api_virtualenv.py
[2023-11-04T17:22:10.385+0000] {processor.py:829} INFO - Processing file /home/airflow/.local/lib/python3.8/site-packages/airflow/example_dags/tutorial_taskflow_api_virtualenv.py for tasks to queue
[2023-11-04T17:22:10.389+0000] {logging_mixin.py:151} INFO - [2023-11-04T17:22:10.388+0000] {dagbag.py:536} INFO - Filling up the DagBag from /home/airflow/.local/lib/python3.8/site-packages/airflow/example_dags/tutorial_taskflow_api_virtualenv.py
[2023-11-04T17:22:10.408+0000] {processor.py:839} INFO - DAG(s) dict_keys(['tutorial_taskflow_api_virtualenv']) retrieved from /home/airflow/.local/lib/python3.8/site-packages/airflow/example_dags/tutorial_taskflow_api_virtualenv.py
[2023-11-04T17:22:10.456+0000] {logging_mixin.py:151} INFO - [2023-11-04T17:22:10.455+0000] {dag.py:2941} INFO - Sync 1 DAGs
[2023-11-04T17:22:10.486+0000] {logging_mixin.py:151} INFO - [2023-11-04T17:22:10.486+0000] {dag.py:3722} INFO - Setting next_dagrun for tutorial_taskflow_api_virtualenv to None, run_after=None
[2023-11-04T17:22:10.534+0000] {processor.py:179} INFO - Processing /home/airflow/.local/lib/python3.8/site-packages/airflow/example_dags/tutorial_taskflow_api_virtualenv.py took 0.158 seconds
[2023-11-04T17:22:41.146+0000] {processor.py:157} INFO - Started process (PID=4656) to work on /home/airflow/.local/lib/python3.8/site-packages/airflow/example_dags/tutorial_taskflow_api_virtualenv.py
[2023-11-04T17:22:41.148+0000] {processor.py:829} INFO - Processing file /home/airflow/.local/lib/python3.8/site-packages/airflow/example_dags/tutorial_taskflow_api_virtualenv.py for tasks to queue
[2023-11-04T17:22:41.150+0000] {logging_mixin.py:151} INFO - [2023-11-04T17:22:41.149+0000] {dagbag.py:536} INFO - Filling up the DagBag from /home/airflow/.local/lib/python3.8/site-packages/airflow/example_dags/tutorial_taskflow_api_virtualenv.py
[2023-11-04T17:22:41.162+0000] {processor.py:839} INFO - DAG(s) dict_keys(['tutorial_taskflow_api_virtualenv']) retrieved from /home/airflow/.local/lib/python3.8/site-packages/airflow/example_dags/tutorial_taskflow_api_virtualenv.py
[2023-11-04T17:22:41.209+0000] {logging_mixin.py:151} INFO - [2023-11-04T17:22:41.209+0000] {dag.py:2941} INFO - Sync 1 DAGs
[2023-11-04T17:22:41.236+0000] {logging_mixin.py:151} INFO - [2023-11-04T17:22:41.236+0000] {dag.py:3722} INFO - Setting next_dagrun for tutorial_taskflow_api_virtualenv to None, run_after=None
[2023-11-04T17:22:41.275+0000] {processor.py:179} INFO - Processing /home/airflow/.local/lib/python3.8/site-packages/airflow/example_dags/tutorial_taskflow_api_virtualenv.py took 0.135 seconds
