[2023-11-04T16:23:45.524+0000] {processor.py:157} INFO - Started process (PID=228) to work on /home/airflow/.local/lib/python3.8/site-packages/airflow/example_dags/tutorial_dag.py
[2023-11-04T16:23:45.525+0000] {processor.py:829} INFO - Processing file /home/airflow/.local/lib/python3.8/site-packages/airflow/example_dags/tutorial_dag.py for tasks to queue
[2023-11-04T16:23:45.527+0000] {logging_mixin.py:151} INFO - [2023-11-04T16:23:45.527+0000] {dagbag.py:536} INFO - Filling up the DagBag from /home/airflow/.local/lib/python3.8/site-packages/airflow/example_dags/tutorial_dag.py
[2023-11-04T16:23:45.539+0000] {processor.py:839} INFO - DAG(s) dict_keys(['tutorial_dag']) retrieved from /home/airflow/.local/lib/python3.8/site-packages/airflow/example_dags/tutorial_dag.py
[2023-11-04T16:23:45.558+0000] {logging_mixin.py:151} INFO - [2023-11-04T16:23:45.557+0000] {dag.py:2941} INFO - Sync 1 DAGs
[2023-11-04T16:23:45.580+0000] {logging_mixin.py:151} INFO - [2023-11-04T16:23:45.580+0000] {dag.py:3722} INFO - Setting next_dagrun for tutorial_dag to None, run_after=None
[2023-11-04T16:23:45.618+0000] {processor.py:179} INFO - Processing /home/airflow/.local/lib/python3.8/site-packages/airflow/example_dags/tutorial_dag.py took 0.100 seconds
[2023-11-04T16:24:15.899+0000] {processor.py:157} INFO - Started process (PID=461) to work on /home/airflow/.local/lib/python3.8/site-packages/airflow/example_dags/tutorial_dag.py
[2023-11-04T16:24:15.901+0000] {processor.py:829} INFO - Processing file /home/airflow/.local/lib/python3.8/site-packages/airflow/example_dags/tutorial_dag.py for tasks to queue
[2023-11-04T16:24:15.903+0000] {logging_mixin.py:151} INFO - [2023-11-04T16:24:15.902+0000] {dagbag.py:536} INFO - Filling up the DagBag from /home/airflow/.local/lib/python3.8/site-packages/airflow/example_dags/tutorial_dag.py
[2023-11-04T16:24:15.911+0000] {processor.py:839} INFO - DAG(s) dict_keys(['tutorial_dag']) retrieved from /home/airflow/.local/lib/python3.8/site-packages/airflow/example_dags/tutorial_dag.py
[2023-11-04T16:24:15.943+0000] {logging_mixin.py:151} INFO - [2023-11-04T16:24:15.943+0000] {dag.py:2941} INFO - Sync 1 DAGs
[2023-11-04T16:24:15.963+0000] {logging_mixin.py:151} INFO - [2023-11-04T16:24:15.963+0000] {dag.py:3722} INFO - Setting next_dagrun for tutorial_dag to None, run_after=None
[2023-11-04T16:24:15.991+0000] {processor.py:179} INFO - Processing /home/airflow/.local/lib/python3.8/site-packages/airflow/example_dags/tutorial_dag.py took 0.097 seconds
[2023-11-04T16:24:46.556+0000] {processor.py:157} INFO - Started process (PID=704) to work on /home/airflow/.local/lib/python3.8/site-packages/airflow/example_dags/tutorial_dag.py
[2023-11-04T16:24:46.558+0000] {processor.py:829} INFO - Processing file /home/airflow/.local/lib/python3.8/site-packages/airflow/example_dags/tutorial_dag.py for tasks to queue
[2023-11-04T16:24:46.559+0000] {logging_mixin.py:151} INFO - [2023-11-04T16:24:46.559+0000] {dagbag.py:536} INFO - Filling up the DagBag from /home/airflow/.local/lib/python3.8/site-packages/airflow/example_dags/tutorial_dag.py
[2023-11-04T16:24:46.568+0000] {processor.py:839} INFO - DAG(s) dict_keys(['tutorial_dag']) retrieved from /home/airflow/.local/lib/python3.8/site-packages/airflow/example_dags/tutorial_dag.py
[2023-11-04T16:24:46.603+0000] {logging_mixin.py:151} INFO - [2023-11-04T16:24:46.603+0000] {dag.py:2941} INFO - Sync 1 DAGs
[2023-11-04T16:24:46.623+0000] {logging_mixin.py:151} INFO - [2023-11-04T16:24:46.623+0000] {dag.py:3722} INFO - Setting next_dagrun for tutorial_dag to None, run_after=None
[2023-11-04T16:24:46.667+0000] {processor.py:179} INFO - Processing /home/airflow/.local/lib/python3.8/site-packages/airflow/example_dags/tutorial_dag.py took 0.117 seconds
[2023-11-04T16:25:16.895+0000] {processor.py:157} INFO - Started process (PID=942) to work on /home/airflow/.local/lib/python3.8/site-packages/airflow/example_dags/tutorial_dag.py
[2023-11-04T16:25:16.897+0000] {processor.py:829} INFO - Processing file /home/airflow/.local/lib/python3.8/site-packages/airflow/example_dags/tutorial_dag.py for tasks to queue
[2023-11-04T16:25:16.898+0000] {logging_mixin.py:151} INFO - [2023-11-04T16:25:16.898+0000] {dagbag.py:536} INFO - Filling up the DagBag from /home/airflow/.local/lib/python3.8/site-packages/airflow/example_dags/tutorial_dag.py
[2023-11-04T16:25:16.907+0000] {processor.py:839} INFO - DAG(s) dict_keys(['tutorial_dag']) retrieved from /home/airflow/.local/lib/python3.8/site-packages/airflow/example_dags/tutorial_dag.py
[2023-11-04T16:25:16.942+0000] {logging_mixin.py:151} INFO - [2023-11-04T16:25:16.941+0000] {dag.py:2941} INFO - Sync 1 DAGs
[2023-11-04T16:25:16.962+0000] {logging_mixin.py:151} INFO - [2023-11-04T16:25:16.961+0000] {dag.py:3722} INFO - Setting next_dagrun for tutorial_dag to None, run_after=None
[2023-11-04T16:25:16.992+0000] {processor.py:179} INFO - Processing /home/airflow/.local/lib/python3.8/site-packages/airflow/example_dags/tutorial_dag.py took 0.102 seconds
[2023-11-04T16:25:47.147+0000] {processor.py:157} INFO - Started process (PID=1180) to work on /home/airflow/.local/lib/python3.8/site-packages/airflow/example_dags/tutorial_dag.py
[2023-11-04T16:25:47.149+0000] {processor.py:829} INFO - Processing file /home/airflow/.local/lib/python3.8/site-packages/airflow/example_dags/tutorial_dag.py for tasks to queue
[2023-11-04T16:25:47.151+0000] {logging_mixin.py:151} INFO - [2023-11-04T16:25:47.151+0000] {dagbag.py:536} INFO - Filling up the DagBag from /home/airflow/.local/lib/python3.8/site-packages/airflow/example_dags/tutorial_dag.py
[2023-11-04T16:25:47.159+0000] {processor.py:839} INFO - DAG(s) dict_keys(['tutorial_dag']) retrieved from /home/airflow/.local/lib/python3.8/site-packages/airflow/example_dags/tutorial_dag.py
[2023-11-04T16:25:47.193+0000] {logging_mixin.py:151} INFO - [2023-11-04T16:25:47.193+0000] {dag.py:2941} INFO - Sync 1 DAGs
[2023-11-04T16:25:47.213+0000] {logging_mixin.py:151} INFO - [2023-11-04T16:25:47.213+0000] {dag.py:3722} INFO - Setting next_dagrun for tutorial_dag to None, run_after=None
[2023-11-04T16:25:47.246+0000] {processor.py:179} INFO - Processing /home/airflow/.local/lib/python3.8/site-packages/airflow/example_dags/tutorial_dag.py took 0.103 seconds
[2023-11-04T16:26:17.786+0000] {processor.py:157} INFO - Started process (PID=1418) to work on /home/airflow/.local/lib/python3.8/site-packages/airflow/example_dags/tutorial_dag.py
[2023-11-04T16:26:17.788+0000] {processor.py:829} INFO - Processing file /home/airflow/.local/lib/python3.8/site-packages/airflow/example_dags/tutorial_dag.py for tasks to queue
[2023-11-04T16:26:17.789+0000] {logging_mixin.py:151} INFO - [2023-11-04T16:26:17.789+0000] {dagbag.py:536} INFO - Filling up the DagBag from /home/airflow/.local/lib/python3.8/site-packages/airflow/example_dags/tutorial_dag.py
[2023-11-04T16:26:17.798+0000] {processor.py:839} INFO - DAG(s) dict_keys(['tutorial_dag']) retrieved from /home/airflow/.local/lib/python3.8/site-packages/airflow/example_dags/tutorial_dag.py
[2023-11-04T16:26:17.818+0000] {logging_mixin.py:151} INFO - [2023-11-04T16:26:17.818+0000] {dag.py:2941} INFO - Sync 1 DAGs
[2023-11-04T16:26:17.842+0000] {logging_mixin.py:151} INFO - [2023-11-04T16:26:17.841+0000] {dag.py:3722} INFO - Setting next_dagrun for tutorial_dag to None, run_after=None
[2023-11-04T16:26:17.874+0000] {processor.py:179} INFO - Processing /home/airflow/.local/lib/python3.8/site-packages/airflow/example_dags/tutorial_dag.py took 0.093 seconds
[2023-11-04T16:26:48.208+0000] {processor.py:157} INFO - Started process (PID=1656) to work on /home/airflow/.local/lib/python3.8/site-packages/airflow/example_dags/tutorial_dag.py
[2023-11-04T16:26:48.210+0000] {processor.py:829} INFO - Processing file /home/airflow/.local/lib/python3.8/site-packages/airflow/example_dags/tutorial_dag.py for tasks to queue
[2023-11-04T16:26:48.211+0000] {logging_mixin.py:151} INFO - [2023-11-04T16:26:48.211+0000] {dagbag.py:536} INFO - Filling up the DagBag from /home/airflow/.local/lib/python3.8/site-packages/airflow/example_dags/tutorial_dag.py
[2023-11-04T16:26:48.220+0000] {processor.py:839} INFO - DAG(s) dict_keys(['tutorial_dag']) retrieved from /home/airflow/.local/lib/python3.8/site-packages/airflow/example_dags/tutorial_dag.py
[2023-11-04T16:26:48.253+0000] {logging_mixin.py:151} INFO - [2023-11-04T16:26:48.252+0000] {dag.py:2941} INFO - Sync 1 DAGs
[2023-11-04T16:26:48.273+0000] {logging_mixin.py:151} INFO - [2023-11-04T16:26:48.272+0000] {dag.py:3722} INFO - Setting next_dagrun for tutorial_dag to None, run_after=None
[2023-11-04T16:26:48.301+0000] {processor.py:179} INFO - Processing /home/airflow/.local/lib/python3.8/site-packages/airflow/example_dags/tutorial_dag.py took 0.098 seconds
[2023-11-04T16:27:18.754+0000] {processor.py:157} INFO - Started process (PID=1894) to work on /home/airflow/.local/lib/python3.8/site-packages/airflow/example_dags/tutorial_dag.py
[2023-11-04T16:27:18.756+0000] {processor.py:829} INFO - Processing file /home/airflow/.local/lib/python3.8/site-packages/airflow/example_dags/tutorial_dag.py for tasks to queue
[2023-11-04T16:27:18.758+0000] {logging_mixin.py:151} INFO - [2023-11-04T16:27:18.757+0000] {dagbag.py:536} INFO - Filling up the DagBag from /home/airflow/.local/lib/python3.8/site-packages/airflow/example_dags/tutorial_dag.py
[2023-11-04T16:27:18.767+0000] {processor.py:839} INFO - DAG(s) dict_keys(['tutorial_dag']) retrieved from /home/airflow/.local/lib/python3.8/site-packages/airflow/example_dags/tutorial_dag.py
[2023-11-04T16:27:18.803+0000] {logging_mixin.py:151} INFO - [2023-11-04T16:27:18.803+0000] {dag.py:2941} INFO - Sync 1 DAGs
[2023-11-04T16:27:18.825+0000] {logging_mixin.py:151} INFO - [2023-11-04T16:27:18.825+0000] {dag.py:3722} INFO - Setting next_dagrun for tutorial_dag to None, run_after=None
[2023-11-04T16:27:18.855+0000] {processor.py:179} INFO - Processing /home/airflow/.local/lib/python3.8/site-packages/airflow/example_dags/tutorial_dag.py took 0.106 seconds
[2023-11-04T16:27:49.293+0000] {processor.py:157} INFO - Started process (PID=2133) to work on /home/airflow/.local/lib/python3.8/site-packages/airflow/example_dags/tutorial_dag.py
[2023-11-04T16:27:49.310+0000] {processor.py:829} INFO - Processing file /home/airflow/.local/lib/python3.8/site-packages/airflow/example_dags/tutorial_dag.py for tasks to queue
[2023-11-04T16:27:49.321+0000] {logging_mixin.py:151} INFO - [2023-11-04T16:27:49.319+0000] {dagbag.py:536} INFO - Filling up the DagBag from /home/airflow/.local/lib/python3.8/site-packages/airflow/example_dags/tutorial_dag.py
[2023-11-04T16:27:49.347+0000] {processor.py:839} INFO - DAG(s) dict_keys(['tutorial_dag']) retrieved from /home/airflow/.local/lib/python3.8/site-packages/airflow/example_dags/tutorial_dag.py
[2023-11-04T16:27:49.402+0000] {logging_mixin.py:151} INFO - [2023-11-04T16:27:49.401+0000] {dag.py:2941} INFO - Sync 1 DAGs
[2023-11-04T16:27:49.459+0000] {logging_mixin.py:151} INFO - [2023-11-04T16:27:49.458+0000] {dag.py:3722} INFO - Setting next_dagrun for tutorial_dag to None, run_after=None
[2023-11-04T16:27:49.536+0000] {processor.py:179} INFO - Processing /home/airflow/.local/lib/python3.8/site-packages/airflow/example_dags/tutorial_dag.py took 0.254 seconds
[2023-11-04T16:28:20.165+0000] {processor.py:157} INFO - Started process (PID=2371) to work on /home/airflow/.local/lib/python3.8/site-packages/airflow/example_dags/tutorial_dag.py
[2023-11-04T16:28:20.166+0000] {processor.py:829} INFO - Processing file /home/airflow/.local/lib/python3.8/site-packages/airflow/example_dags/tutorial_dag.py for tasks to queue
[2023-11-04T16:28:20.168+0000] {logging_mixin.py:151} INFO - [2023-11-04T16:28:20.168+0000] {dagbag.py:536} INFO - Filling up the DagBag from /home/airflow/.local/lib/python3.8/site-packages/airflow/example_dags/tutorial_dag.py
[2023-11-04T16:28:20.177+0000] {processor.py:839} INFO - DAG(s) dict_keys(['tutorial_dag']) retrieved from /home/airflow/.local/lib/python3.8/site-packages/airflow/example_dags/tutorial_dag.py
[2023-11-04T16:28:20.210+0000] {logging_mixin.py:151} INFO - [2023-11-04T16:28:20.209+0000] {dag.py:2941} INFO - Sync 1 DAGs
[2023-11-04T16:28:20.230+0000] {logging_mixin.py:151} INFO - [2023-11-04T16:28:20.230+0000] {dag.py:3722} INFO - Setting next_dagrun for tutorial_dag to None, run_after=None
[2023-11-04T16:28:20.260+0000] {processor.py:179} INFO - Processing /home/airflow/.local/lib/python3.8/site-packages/airflow/example_dags/tutorial_dag.py took 0.101 seconds
[2023-11-04T16:28:50.755+0000] {processor.py:157} INFO - Started process (PID=2609) to work on /home/airflow/.local/lib/python3.8/site-packages/airflow/example_dags/tutorial_dag.py
[2023-11-04T16:28:50.757+0000] {processor.py:829} INFO - Processing file /home/airflow/.local/lib/python3.8/site-packages/airflow/example_dags/tutorial_dag.py for tasks to queue
[2023-11-04T16:28:50.759+0000] {logging_mixin.py:151} INFO - [2023-11-04T16:28:50.758+0000] {dagbag.py:536} INFO - Filling up the DagBag from /home/airflow/.local/lib/python3.8/site-packages/airflow/example_dags/tutorial_dag.py
[2023-11-04T16:28:50.768+0000] {processor.py:839} INFO - DAG(s) dict_keys(['tutorial_dag']) retrieved from /home/airflow/.local/lib/python3.8/site-packages/airflow/example_dags/tutorial_dag.py
[2023-11-04T16:28:50.802+0000] {logging_mixin.py:151} INFO - [2023-11-04T16:28:50.802+0000] {dag.py:2941} INFO - Sync 1 DAGs
[2023-11-04T16:28:50.822+0000] {logging_mixin.py:151} INFO - [2023-11-04T16:28:50.822+0000] {dag.py:3722} INFO - Setting next_dagrun for tutorial_dag to None, run_after=None
[2023-11-04T16:28:50.850+0000] {processor.py:179} INFO - Processing /home/airflow/.local/lib/python3.8/site-packages/airflow/example_dags/tutorial_dag.py took 0.100 seconds
[2023-11-04T16:29:21.439+0000] {processor.py:157} INFO - Started process (PID=2847) to work on /home/airflow/.local/lib/python3.8/site-packages/airflow/example_dags/tutorial_dag.py
[2023-11-04T16:29:21.442+0000] {processor.py:829} INFO - Processing file /home/airflow/.local/lib/python3.8/site-packages/airflow/example_dags/tutorial_dag.py for tasks to queue
[2023-11-04T16:29:21.445+0000] {logging_mixin.py:151} INFO - [2023-11-04T16:29:21.444+0000] {dagbag.py:536} INFO - Filling up the DagBag from /home/airflow/.local/lib/python3.8/site-packages/airflow/example_dags/tutorial_dag.py
[2023-11-04T16:29:21.456+0000] {processor.py:839} INFO - DAG(s) dict_keys(['tutorial_dag']) retrieved from /home/airflow/.local/lib/python3.8/site-packages/airflow/example_dags/tutorial_dag.py
[2023-11-04T16:29:21.492+0000] {logging_mixin.py:151} INFO - [2023-11-04T16:29:21.492+0000] {dag.py:2941} INFO - Sync 1 DAGs
[2023-11-04T16:29:21.513+0000] {logging_mixin.py:151} INFO - [2023-11-04T16:29:21.513+0000] {dag.py:3722} INFO - Setting next_dagrun for tutorial_dag to None, run_after=None
[2023-11-04T16:29:21.555+0000] {processor.py:179} INFO - Processing /home/airflow/.local/lib/python3.8/site-packages/airflow/example_dags/tutorial_dag.py took 0.122 seconds
[2023-11-04T16:29:51.795+0000] {processor.py:157} INFO - Started process (PID=3085) to work on /home/airflow/.local/lib/python3.8/site-packages/airflow/example_dags/tutorial_dag.py
[2023-11-04T16:29:51.796+0000] {processor.py:829} INFO - Processing file /home/airflow/.local/lib/python3.8/site-packages/airflow/example_dags/tutorial_dag.py for tasks to queue
[2023-11-04T16:29:51.798+0000] {logging_mixin.py:151} INFO - [2023-11-04T16:29:51.798+0000] {dagbag.py:536} INFO - Filling up the DagBag from /home/airflow/.local/lib/python3.8/site-packages/airflow/example_dags/tutorial_dag.py
[2023-11-04T16:29:51.807+0000] {processor.py:839} INFO - DAG(s) dict_keys(['tutorial_dag']) retrieved from /home/airflow/.local/lib/python3.8/site-packages/airflow/example_dags/tutorial_dag.py
[2023-11-04T16:29:51.826+0000] {logging_mixin.py:151} INFO - [2023-11-04T16:29:51.825+0000] {dag.py:2941} INFO - Sync 1 DAGs
[2023-11-04T16:29:51.850+0000] {logging_mixin.py:151} INFO - [2023-11-04T16:29:51.850+0000] {dag.py:3722} INFO - Setting next_dagrun for tutorial_dag to None, run_after=None
[2023-11-04T16:29:51.886+0000] {processor.py:179} INFO - Processing /home/airflow/.local/lib/python3.8/site-packages/airflow/example_dags/tutorial_dag.py took 0.096 seconds
[2023-11-04T16:30:22.317+0000] {processor.py:157} INFO - Started process (PID=3323) to work on /home/airflow/.local/lib/python3.8/site-packages/airflow/example_dags/tutorial_dag.py
[2023-11-04T16:30:22.319+0000] {processor.py:829} INFO - Processing file /home/airflow/.local/lib/python3.8/site-packages/airflow/example_dags/tutorial_dag.py for tasks to queue
[2023-11-04T16:30:22.320+0000] {logging_mixin.py:151} INFO - [2023-11-04T16:30:22.320+0000] {dagbag.py:536} INFO - Filling up the DagBag from /home/airflow/.local/lib/python3.8/site-packages/airflow/example_dags/tutorial_dag.py
[2023-11-04T16:30:22.329+0000] {processor.py:839} INFO - DAG(s) dict_keys(['tutorial_dag']) retrieved from /home/airflow/.local/lib/python3.8/site-packages/airflow/example_dags/tutorial_dag.py
[2023-11-04T16:30:22.361+0000] {logging_mixin.py:151} INFO - [2023-11-04T16:30:22.361+0000] {dag.py:2941} INFO - Sync 1 DAGs
[2023-11-04T16:30:22.381+0000] {logging_mixin.py:151} INFO - [2023-11-04T16:30:22.381+0000] {dag.py:3722} INFO - Setting next_dagrun for tutorial_dag to None, run_after=None
[2023-11-04T16:30:22.411+0000] {processor.py:179} INFO - Processing /home/airflow/.local/lib/python3.8/site-packages/airflow/example_dags/tutorial_dag.py took 0.100 seconds
[2023-11-04T16:30:53.445+0000] {processor.py:157} INFO - Started process (PID=3561) to work on /home/airflow/.local/lib/python3.8/site-packages/airflow/example_dags/tutorial_dag.py
[2023-11-04T16:30:53.446+0000] {processor.py:829} INFO - Processing file /home/airflow/.local/lib/python3.8/site-packages/airflow/example_dags/tutorial_dag.py for tasks to queue
[2023-11-04T16:30:53.448+0000] {logging_mixin.py:151} INFO - [2023-11-04T16:30:53.448+0000] {dagbag.py:536} INFO - Filling up the DagBag from /home/airflow/.local/lib/python3.8/site-packages/airflow/example_dags/tutorial_dag.py
[2023-11-04T16:30:53.459+0000] {processor.py:839} INFO - DAG(s) dict_keys(['tutorial_dag']) retrieved from /home/airflow/.local/lib/python3.8/site-packages/airflow/example_dags/tutorial_dag.py
[2023-11-04T16:30:53.494+0000] {logging_mixin.py:151} INFO - [2023-11-04T16:30:53.494+0000] {dag.py:2941} INFO - Sync 1 DAGs
[2023-11-04T16:30:53.526+0000] {logging_mixin.py:151} INFO - [2023-11-04T16:30:53.525+0000] {dag.py:3722} INFO - Setting next_dagrun for tutorial_dag to None, run_after=None
[2023-11-04T16:30:53.615+0000] {processor.py:179} INFO - Processing /home/airflow/.local/lib/python3.8/site-packages/airflow/example_dags/tutorial_dag.py took 0.176 seconds
[2023-11-04T16:31:24.011+0000] {processor.py:157} INFO - Started process (PID=3799) to work on /home/airflow/.local/lib/python3.8/site-packages/airflow/example_dags/tutorial_dag.py
[2023-11-04T16:31:24.013+0000] {processor.py:829} INFO - Processing file /home/airflow/.local/lib/python3.8/site-packages/airflow/example_dags/tutorial_dag.py for tasks to queue
[2023-11-04T16:31:24.015+0000] {logging_mixin.py:151} INFO - [2023-11-04T16:31:24.014+0000] {dagbag.py:536} INFO - Filling up the DagBag from /home/airflow/.local/lib/python3.8/site-packages/airflow/example_dags/tutorial_dag.py
[2023-11-04T16:31:24.023+0000] {processor.py:839} INFO - DAG(s) dict_keys(['tutorial_dag']) retrieved from /home/airflow/.local/lib/python3.8/site-packages/airflow/example_dags/tutorial_dag.py
[2023-11-04T16:31:24.060+0000] {logging_mixin.py:151} INFO - [2023-11-04T16:31:24.059+0000] {dag.py:2941} INFO - Sync 1 DAGs
[2023-11-04T16:31:24.080+0000] {logging_mixin.py:151} INFO - [2023-11-04T16:31:24.080+0000] {dag.py:3722} INFO - Setting next_dagrun for tutorial_dag to None, run_after=None
[2023-11-04T16:31:24.118+0000] {processor.py:179} INFO - Processing /home/airflow/.local/lib/python3.8/site-packages/airflow/example_dags/tutorial_dag.py took 0.112 seconds
[2023-11-04T16:31:54.533+0000] {processor.py:157} INFO - Started process (PID=4037) to work on /home/airflow/.local/lib/python3.8/site-packages/airflow/example_dags/tutorial_dag.py
[2023-11-04T16:31:54.534+0000] {processor.py:829} INFO - Processing file /home/airflow/.local/lib/python3.8/site-packages/airflow/example_dags/tutorial_dag.py for tasks to queue
[2023-11-04T16:31:54.536+0000] {logging_mixin.py:151} INFO - [2023-11-04T16:31:54.536+0000] {dagbag.py:536} INFO - Filling up the DagBag from /home/airflow/.local/lib/python3.8/site-packages/airflow/example_dags/tutorial_dag.py
[2023-11-04T16:31:54.545+0000] {processor.py:839} INFO - DAG(s) dict_keys(['tutorial_dag']) retrieved from /home/airflow/.local/lib/python3.8/site-packages/airflow/example_dags/tutorial_dag.py
[2023-11-04T16:31:54.564+0000] {logging_mixin.py:151} INFO - [2023-11-04T16:31:54.564+0000] {dag.py:2941} INFO - Sync 1 DAGs
[2023-11-04T16:31:54.588+0000] {logging_mixin.py:151} INFO - [2023-11-04T16:31:54.588+0000] {dag.py:3722} INFO - Setting next_dagrun for tutorial_dag to None, run_after=None
[2023-11-04T16:31:54.627+0000] {processor.py:179} INFO - Processing /home/airflow/.local/lib/python3.8/site-packages/airflow/example_dags/tutorial_dag.py took 0.099 seconds
[2023-11-04T16:32:25.156+0000] {processor.py:157} INFO - Started process (PID=4275) to work on /home/airflow/.local/lib/python3.8/site-packages/airflow/example_dags/tutorial_dag.py
[2023-11-04T16:32:25.158+0000] {processor.py:829} INFO - Processing file /home/airflow/.local/lib/python3.8/site-packages/airflow/example_dags/tutorial_dag.py for tasks to queue
[2023-11-04T16:32:25.160+0000] {logging_mixin.py:151} INFO - [2023-11-04T16:32:25.159+0000] {dagbag.py:536} INFO - Filling up the DagBag from /home/airflow/.local/lib/python3.8/site-packages/airflow/example_dags/tutorial_dag.py
[2023-11-04T16:32:25.171+0000] {processor.py:839} INFO - DAG(s) dict_keys(['tutorial_dag']) retrieved from /home/airflow/.local/lib/python3.8/site-packages/airflow/example_dags/tutorial_dag.py
[2023-11-04T16:32:25.206+0000] {logging_mixin.py:151} INFO - [2023-11-04T16:32:25.206+0000] {dag.py:2941} INFO - Sync 1 DAGs
[2023-11-04T16:32:25.230+0000] {logging_mixin.py:151} INFO - [2023-11-04T16:32:25.230+0000] {dag.py:3722} INFO - Setting next_dagrun for tutorial_dag to None, run_after=None
[2023-11-04T16:32:25.261+0000] {processor.py:179} INFO - Processing /home/airflow/.local/lib/python3.8/site-packages/airflow/example_dags/tutorial_dag.py took 0.110 seconds
[2023-11-04T16:32:55.353+0000] {processor.py:157} INFO - Started process (PID=4513) to work on /home/airflow/.local/lib/python3.8/site-packages/airflow/example_dags/tutorial_dag.py
[2023-11-04T16:32:55.354+0000] {processor.py:829} INFO - Processing file /home/airflow/.local/lib/python3.8/site-packages/airflow/example_dags/tutorial_dag.py for tasks to queue
[2023-11-04T16:32:55.356+0000] {logging_mixin.py:151} INFO - [2023-11-04T16:32:55.355+0000] {dagbag.py:536} INFO - Filling up the DagBag from /home/airflow/.local/lib/python3.8/site-packages/airflow/example_dags/tutorial_dag.py
[2023-11-04T16:32:55.364+0000] {processor.py:839} INFO - DAG(s) dict_keys(['tutorial_dag']) retrieved from /home/airflow/.local/lib/python3.8/site-packages/airflow/example_dags/tutorial_dag.py
[2023-11-04T16:32:55.399+0000] {logging_mixin.py:151} INFO - [2023-11-04T16:32:55.398+0000] {dag.py:2941} INFO - Sync 1 DAGs
[2023-11-04T16:32:55.420+0000] {logging_mixin.py:151} INFO - [2023-11-04T16:32:55.420+0000] {dag.py:3722} INFO - Setting next_dagrun for tutorial_dag to None, run_after=None
[2023-11-04T16:32:55.450+0000] {processor.py:179} INFO - Processing /home/airflow/.local/lib/python3.8/site-packages/airflow/example_dags/tutorial_dag.py took 0.102 seconds
[2023-11-04T16:33:25.587+0000] {processor.py:157} INFO - Started process (PID=4751) to work on /home/airflow/.local/lib/python3.8/site-packages/airflow/example_dags/tutorial_dag.py
[2023-11-04T16:33:25.589+0000] {processor.py:829} INFO - Processing file /home/airflow/.local/lib/python3.8/site-packages/airflow/example_dags/tutorial_dag.py for tasks to queue
[2023-11-04T16:33:25.590+0000] {logging_mixin.py:151} INFO - [2023-11-04T16:33:25.590+0000] {dagbag.py:536} INFO - Filling up the DagBag from /home/airflow/.local/lib/python3.8/site-packages/airflow/example_dags/tutorial_dag.py
[2023-11-04T16:33:25.599+0000] {processor.py:839} INFO - DAG(s) dict_keys(['tutorial_dag']) retrieved from /home/airflow/.local/lib/python3.8/site-packages/airflow/example_dags/tutorial_dag.py
[2023-11-04T16:33:25.632+0000] {logging_mixin.py:151} INFO - [2023-11-04T16:33:25.631+0000] {dag.py:2941} INFO - Sync 1 DAGs
[2023-11-04T16:33:25.652+0000] {logging_mixin.py:151} INFO - [2023-11-04T16:33:25.652+0000] {dag.py:3722} INFO - Setting next_dagrun for tutorial_dag to None, run_after=None
[2023-11-04T16:33:25.680+0000] {processor.py:179} INFO - Processing /home/airflow/.local/lib/python3.8/site-packages/airflow/example_dags/tutorial_dag.py took 0.098 seconds
[2023-11-04T16:33:55.873+0000] {processor.py:157} INFO - Started process (PID=4989) to work on /home/airflow/.local/lib/python3.8/site-packages/airflow/example_dags/tutorial_dag.py
[2023-11-04T16:33:55.874+0000] {processor.py:829} INFO - Processing file /home/airflow/.local/lib/python3.8/site-packages/airflow/example_dags/tutorial_dag.py for tasks to queue
[2023-11-04T16:33:55.876+0000] {logging_mixin.py:151} INFO - [2023-11-04T16:33:55.876+0000] {dagbag.py:536} INFO - Filling up the DagBag from /home/airflow/.local/lib/python3.8/site-packages/airflow/example_dags/tutorial_dag.py
[2023-11-04T16:33:55.885+0000] {processor.py:839} INFO - DAG(s) dict_keys(['tutorial_dag']) retrieved from /home/airflow/.local/lib/python3.8/site-packages/airflow/example_dags/tutorial_dag.py
[2023-11-04T16:33:55.920+0000] {logging_mixin.py:151} INFO - [2023-11-04T16:33:55.919+0000] {dag.py:2941} INFO - Sync 1 DAGs
[2023-11-04T16:33:55.940+0000] {logging_mixin.py:151} INFO - [2023-11-04T16:33:55.940+0000] {dag.py:3722} INFO - Setting next_dagrun for tutorial_dag to None, run_after=None
[2023-11-04T16:33:55.970+0000] {processor.py:179} INFO - Processing /home/airflow/.local/lib/python3.8/site-packages/airflow/example_dags/tutorial_dag.py took 0.103 seconds
[2023-11-04T16:34:26.409+0000] {processor.py:157} INFO - Started process (PID=5227) to work on /home/airflow/.local/lib/python3.8/site-packages/airflow/example_dags/tutorial_dag.py
[2023-11-04T16:34:26.410+0000] {processor.py:829} INFO - Processing file /home/airflow/.local/lib/python3.8/site-packages/airflow/example_dags/tutorial_dag.py for tasks to queue
[2023-11-04T16:34:26.412+0000] {logging_mixin.py:151} INFO - [2023-11-04T16:34:26.412+0000] {dagbag.py:536} INFO - Filling up the DagBag from /home/airflow/.local/lib/python3.8/site-packages/airflow/example_dags/tutorial_dag.py
[2023-11-04T16:34:26.421+0000] {processor.py:839} INFO - DAG(s) dict_keys(['tutorial_dag']) retrieved from /home/airflow/.local/lib/python3.8/site-packages/airflow/example_dags/tutorial_dag.py
[2023-11-04T16:34:26.456+0000] {logging_mixin.py:151} INFO - [2023-11-04T16:34:26.456+0000] {dag.py:2941} INFO - Sync 1 DAGs
[2023-11-04T16:34:26.476+0000] {logging_mixin.py:151} INFO - [2023-11-04T16:34:26.476+0000] {dag.py:3722} INFO - Setting next_dagrun for tutorial_dag to None, run_after=None
[2023-11-04T16:34:26.508+0000] {processor.py:179} INFO - Processing /home/airflow/.local/lib/python3.8/site-packages/airflow/example_dags/tutorial_dag.py took 0.105 seconds
[2023-11-04T16:34:57.288+0000] {processor.py:157} INFO - Started process (PID=5465) to work on /home/airflow/.local/lib/python3.8/site-packages/airflow/example_dags/tutorial_dag.py
[2023-11-04T16:34:57.290+0000] {processor.py:829} INFO - Processing file /home/airflow/.local/lib/python3.8/site-packages/airflow/example_dags/tutorial_dag.py for tasks to queue
[2023-11-04T16:34:57.292+0000] {logging_mixin.py:151} INFO - [2023-11-04T16:34:57.291+0000] {dagbag.py:536} INFO - Filling up the DagBag from /home/airflow/.local/lib/python3.8/site-packages/airflow/example_dags/tutorial_dag.py
[2023-11-04T16:34:57.300+0000] {processor.py:839} INFO - DAG(s) dict_keys(['tutorial_dag']) retrieved from /home/airflow/.local/lib/python3.8/site-packages/airflow/example_dags/tutorial_dag.py
[2023-11-04T16:34:57.335+0000] {logging_mixin.py:151} INFO - [2023-11-04T16:34:57.334+0000] {dag.py:2941} INFO - Sync 1 DAGs
[2023-11-04T16:34:57.355+0000] {logging_mixin.py:151} INFO - [2023-11-04T16:34:57.355+0000] {dag.py:3722} INFO - Setting next_dagrun for tutorial_dag to None, run_after=None
[2023-11-04T16:34:57.384+0000] {processor.py:179} INFO - Processing /home/airflow/.local/lib/python3.8/site-packages/airflow/example_dags/tutorial_dag.py took 0.101 seconds
[2023-11-04T16:35:28.136+0000] {processor.py:157} INFO - Started process (PID=5703) to work on /home/airflow/.local/lib/python3.8/site-packages/airflow/example_dags/tutorial_dag.py
[2023-11-04T16:35:28.138+0000] {processor.py:829} INFO - Processing file /home/airflow/.local/lib/python3.8/site-packages/airflow/example_dags/tutorial_dag.py for tasks to queue
[2023-11-04T16:35:28.139+0000] {logging_mixin.py:151} INFO - [2023-11-04T16:35:28.139+0000] {dagbag.py:536} INFO - Filling up the DagBag from /home/airflow/.local/lib/python3.8/site-packages/airflow/example_dags/tutorial_dag.py
[2023-11-04T16:35:28.148+0000] {processor.py:839} INFO - DAG(s) dict_keys(['tutorial_dag']) retrieved from /home/airflow/.local/lib/python3.8/site-packages/airflow/example_dags/tutorial_dag.py
[2023-11-04T16:35:28.181+0000] {logging_mixin.py:151} INFO - [2023-11-04T16:35:28.181+0000] {dag.py:2941} INFO - Sync 1 DAGs
[2023-11-04T16:35:28.200+0000] {logging_mixin.py:151} INFO - [2023-11-04T16:35:28.200+0000] {dag.py:3722} INFO - Setting next_dagrun for tutorial_dag to None, run_after=None
[2023-11-04T16:35:28.230+0000] {processor.py:179} INFO - Processing /home/airflow/.local/lib/python3.8/site-packages/airflow/example_dags/tutorial_dag.py took 0.099 seconds
[2023-11-04T16:35:58.537+0000] {processor.py:157} INFO - Started process (PID=5943) to work on /home/airflow/.local/lib/python3.8/site-packages/airflow/example_dags/tutorial_dag.py
[2023-11-04T16:35:58.539+0000] {processor.py:829} INFO - Processing file /home/airflow/.local/lib/python3.8/site-packages/airflow/example_dags/tutorial_dag.py for tasks to queue
[2023-11-04T16:35:58.540+0000] {logging_mixin.py:151} INFO - [2023-11-04T16:35:58.540+0000] {dagbag.py:536} INFO - Filling up the DagBag from /home/airflow/.local/lib/python3.8/site-packages/airflow/example_dags/tutorial_dag.py
[2023-11-04T16:35:58.550+0000] {processor.py:839} INFO - DAG(s) dict_keys(['tutorial_dag']) retrieved from /home/airflow/.local/lib/python3.8/site-packages/airflow/example_dags/tutorial_dag.py
[2023-11-04T16:35:58.588+0000] {logging_mixin.py:151} INFO - [2023-11-04T16:35:58.588+0000] {dag.py:2941} INFO - Sync 1 DAGs
[2023-11-04T16:35:58.611+0000] {logging_mixin.py:151} INFO - [2023-11-04T16:35:58.611+0000] {dag.py:3722} INFO - Setting next_dagrun for tutorial_dag to None, run_after=None
[2023-11-04T16:35:58.645+0000] {processor.py:179} INFO - Processing /home/airflow/.local/lib/python3.8/site-packages/airflow/example_dags/tutorial_dag.py took 0.115 seconds
[2023-11-04T16:36:28.877+0000] {processor.py:157} INFO - Started process (PID=6181) to work on /home/airflow/.local/lib/python3.8/site-packages/airflow/example_dags/tutorial_dag.py
[2023-11-04T16:36:28.879+0000] {processor.py:829} INFO - Processing file /home/airflow/.local/lib/python3.8/site-packages/airflow/example_dags/tutorial_dag.py for tasks to queue
[2023-11-04T16:36:28.880+0000] {logging_mixin.py:151} INFO - [2023-11-04T16:36:28.880+0000] {dagbag.py:536} INFO - Filling up the DagBag from /home/airflow/.local/lib/python3.8/site-packages/airflow/example_dags/tutorial_dag.py
[2023-11-04T16:36:28.889+0000] {processor.py:839} INFO - DAG(s) dict_keys(['tutorial_dag']) retrieved from /home/airflow/.local/lib/python3.8/site-packages/airflow/example_dags/tutorial_dag.py
[2023-11-04T16:36:28.923+0000] {logging_mixin.py:151} INFO - [2023-11-04T16:36:28.922+0000] {dag.py:2941} INFO - Sync 1 DAGs
[2023-11-04T16:36:28.942+0000] {logging_mixin.py:151} INFO - [2023-11-04T16:36:28.942+0000] {dag.py:3722} INFO - Setting next_dagrun for tutorial_dag to None, run_after=None
[2023-11-04T16:36:28.971+0000] {processor.py:179} INFO - Processing /home/airflow/.local/lib/python3.8/site-packages/airflow/example_dags/tutorial_dag.py took 0.098 seconds
[2023-11-04T16:36:59.745+0000] {processor.py:157} INFO - Started process (PID=6417) to work on /home/airflow/.local/lib/python3.8/site-packages/airflow/example_dags/tutorial_dag.py
[2023-11-04T16:36:59.747+0000] {processor.py:829} INFO - Processing file /home/airflow/.local/lib/python3.8/site-packages/airflow/example_dags/tutorial_dag.py for tasks to queue
[2023-11-04T16:36:59.750+0000] {logging_mixin.py:151} INFO - [2023-11-04T16:36:59.750+0000] {dagbag.py:536} INFO - Filling up the DagBag from /home/airflow/.local/lib/python3.8/site-packages/airflow/example_dags/tutorial_dag.py
[2023-11-04T16:36:59.763+0000] {processor.py:839} INFO - DAG(s) dict_keys(['tutorial_dag']) retrieved from /home/airflow/.local/lib/python3.8/site-packages/airflow/example_dags/tutorial_dag.py
[2023-11-04T16:36:59.845+0000] {logging_mixin.py:151} INFO - [2023-11-04T16:36:59.844+0000] {dag.py:2941} INFO - Sync 1 DAGs
[2023-11-04T16:36:59.882+0000] {logging_mixin.py:151} INFO - [2023-11-04T16:36:59.882+0000] {dag.py:3722} INFO - Setting next_dagrun for tutorial_dag to None, run_after=None
[2023-11-04T16:36:59.932+0000] {processor.py:179} INFO - Processing /home/airflow/.local/lib/python3.8/site-packages/airflow/example_dags/tutorial_dag.py took 0.194 seconds
[2023-11-04T16:37:30.442+0000] {processor.py:157} INFO - Started process (PID=6662) to work on /home/airflow/.local/lib/python3.8/site-packages/airflow/example_dags/tutorial_dag.py
[2023-11-04T16:37:30.443+0000] {processor.py:829} INFO - Processing file /home/airflow/.local/lib/python3.8/site-packages/airflow/example_dags/tutorial_dag.py for tasks to queue
[2023-11-04T16:37:30.445+0000] {logging_mixin.py:151} INFO - [2023-11-04T16:37:30.444+0000] {dagbag.py:536} INFO - Filling up the DagBag from /home/airflow/.local/lib/python3.8/site-packages/airflow/example_dags/tutorial_dag.py
[2023-11-04T16:37:30.453+0000] {processor.py:839} INFO - DAG(s) dict_keys(['tutorial_dag']) retrieved from /home/airflow/.local/lib/python3.8/site-packages/airflow/example_dags/tutorial_dag.py
[2023-11-04T16:37:30.488+0000] {logging_mixin.py:151} INFO - [2023-11-04T16:37:30.487+0000] {dag.py:2941} INFO - Sync 1 DAGs
[2023-11-04T16:37:30.508+0000] {logging_mixin.py:151} INFO - [2023-11-04T16:37:30.507+0000] {dag.py:3722} INFO - Setting next_dagrun for tutorial_dag to None, run_after=None
[2023-11-04T16:37:30.538+0000] {processor.py:179} INFO - Processing /home/airflow/.local/lib/python3.8/site-packages/airflow/example_dags/tutorial_dag.py took 0.101 seconds
[2023-11-04T16:38:01.036+0000] {processor.py:157} INFO - Started process (PID=6900) to work on /home/airflow/.local/lib/python3.8/site-packages/airflow/example_dags/tutorial_dag.py
[2023-11-04T16:38:01.038+0000] {processor.py:829} INFO - Processing file /home/airflow/.local/lib/python3.8/site-packages/airflow/example_dags/tutorial_dag.py for tasks to queue
[2023-11-04T16:38:01.041+0000] {logging_mixin.py:151} INFO - [2023-11-04T16:38:01.040+0000] {dagbag.py:536} INFO - Filling up the DagBag from /home/airflow/.local/lib/python3.8/site-packages/airflow/example_dags/tutorial_dag.py
[2023-11-04T16:38:01.050+0000] {processor.py:839} INFO - DAG(s) dict_keys(['tutorial_dag']) retrieved from /home/airflow/.local/lib/python3.8/site-packages/airflow/example_dags/tutorial_dag.py
[2023-11-04T16:38:01.084+0000] {logging_mixin.py:151} INFO - [2023-11-04T16:38:01.084+0000] {dag.py:2941} INFO - Sync 1 DAGs
[2023-11-04T16:38:01.104+0000] {logging_mixin.py:151} INFO - [2023-11-04T16:38:01.103+0000] {dag.py:3722} INFO - Setting next_dagrun for tutorial_dag to None, run_after=None
[2023-11-04T16:38:01.134+0000] {processor.py:179} INFO - Processing /home/airflow/.local/lib/python3.8/site-packages/airflow/example_dags/tutorial_dag.py took 0.105 seconds
[2023-11-04T16:38:32.243+0000] {processor.py:157} INFO - Started process (PID=7138) to work on /home/airflow/.local/lib/python3.8/site-packages/airflow/example_dags/tutorial_dag.py
[2023-11-04T16:38:32.245+0000] {processor.py:829} INFO - Processing file /home/airflow/.local/lib/python3.8/site-packages/airflow/example_dags/tutorial_dag.py for tasks to queue
[2023-11-04T16:38:32.247+0000] {logging_mixin.py:151} INFO - [2023-11-04T16:38:32.247+0000] {dagbag.py:536} INFO - Filling up the DagBag from /home/airflow/.local/lib/python3.8/site-packages/airflow/example_dags/tutorial_dag.py
[2023-11-04T16:38:32.257+0000] {processor.py:839} INFO - DAG(s) dict_keys(['tutorial_dag']) retrieved from /home/airflow/.local/lib/python3.8/site-packages/airflow/example_dags/tutorial_dag.py
[2023-11-04T16:38:32.290+0000] {logging_mixin.py:151} INFO - [2023-11-04T16:38:32.290+0000] {dag.py:2941} INFO - Sync 1 DAGs
[2023-11-04T16:38:32.317+0000] {logging_mixin.py:151} INFO - [2023-11-04T16:38:32.317+0000] {dag.py:3722} INFO - Setting next_dagrun for tutorial_dag to None, run_after=None
[2023-11-04T16:38:32.355+0000] {processor.py:179} INFO - Processing /home/airflow/.local/lib/python3.8/site-packages/airflow/example_dags/tutorial_dag.py took 0.117 seconds
[2023-11-04T16:39:02.818+0000] {processor.py:157} INFO - Started process (PID=7376) to work on /home/airflow/.local/lib/python3.8/site-packages/airflow/example_dags/tutorial_dag.py
[2023-11-04T16:39:02.820+0000] {processor.py:829} INFO - Processing file /home/airflow/.local/lib/python3.8/site-packages/airflow/example_dags/tutorial_dag.py for tasks to queue
[2023-11-04T16:39:02.822+0000] {logging_mixin.py:151} INFO - [2023-11-04T16:39:02.821+0000] {dagbag.py:536} INFO - Filling up the DagBag from /home/airflow/.local/lib/python3.8/site-packages/airflow/example_dags/tutorial_dag.py
[2023-11-04T16:39:02.831+0000] {processor.py:839} INFO - DAG(s) dict_keys(['tutorial_dag']) retrieved from /home/airflow/.local/lib/python3.8/site-packages/airflow/example_dags/tutorial_dag.py
[2023-11-04T16:39:02.867+0000] {logging_mixin.py:151} INFO - [2023-11-04T16:39:02.867+0000] {dag.py:2941} INFO - Sync 1 DAGs
[2023-11-04T16:39:02.888+0000] {logging_mixin.py:151} INFO - [2023-11-04T16:39:02.888+0000] {dag.py:3722} INFO - Setting next_dagrun for tutorial_dag to None, run_after=None
[2023-11-04T16:39:02.924+0000] {processor.py:179} INFO - Processing /home/airflow/.local/lib/python3.8/site-packages/airflow/example_dags/tutorial_dag.py took 0.111 seconds
[2023-11-04T16:39:33.293+0000] {processor.py:157} INFO - Started process (PID=7614) to work on /home/airflow/.local/lib/python3.8/site-packages/airflow/example_dags/tutorial_dag.py
[2023-11-04T16:39:33.295+0000] {processor.py:829} INFO - Processing file /home/airflow/.local/lib/python3.8/site-packages/airflow/example_dags/tutorial_dag.py for tasks to queue
[2023-11-04T16:39:33.296+0000] {logging_mixin.py:151} INFO - [2023-11-04T16:39:33.296+0000] {dagbag.py:536} INFO - Filling up the DagBag from /home/airflow/.local/lib/python3.8/site-packages/airflow/example_dags/tutorial_dag.py
[2023-11-04T16:39:33.305+0000] {processor.py:839} INFO - DAG(s) dict_keys(['tutorial_dag']) retrieved from /home/airflow/.local/lib/python3.8/site-packages/airflow/example_dags/tutorial_dag.py
[2023-11-04T16:39:33.337+0000] {logging_mixin.py:151} INFO - [2023-11-04T16:39:33.336+0000] {dag.py:2941} INFO - Sync 1 DAGs
[2023-11-04T16:39:33.356+0000] {logging_mixin.py:151} INFO - [2023-11-04T16:39:33.356+0000] {dag.py:3722} INFO - Setting next_dagrun for tutorial_dag to None, run_after=None
[2023-11-04T16:39:33.391+0000] {processor.py:179} INFO - Processing /home/airflow/.local/lib/python3.8/site-packages/airflow/example_dags/tutorial_dag.py took 0.102 seconds
[2023-11-04T16:40:03.503+0000] {processor.py:157} INFO - Started process (PID=7852) to work on /home/airflow/.local/lib/python3.8/site-packages/airflow/example_dags/tutorial_dag.py
[2023-11-04T16:40:03.505+0000] {processor.py:829} INFO - Processing file /home/airflow/.local/lib/python3.8/site-packages/airflow/example_dags/tutorial_dag.py for tasks to queue
[2023-11-04T16:40:03.506+0000] {logging_mixin.py:151} INFO - [2023-11-04T16:40:03.506+0000] {dagbag.py:536} INFO - Filling up the DagBag from /home/airflow/.local/lib/python3.8/site-packages/airflow/example_dags/tutorial_dag.py
[2023-11-04T16:40:03.515+0000] {processor.py:839} INFO - DAG(s) dict_keys(['tutorial_dag']) retrieved from /home/airflow/.local/lib/python3.8/site-packages/airflow/example_dags/tutorial_dag.py
[2023-11-04T16:40:03.549+0000] {logging_mixin.py:151} INFO - [2023-11-04T16:40:03.549+0000] {dag.py:2941} INFO - Sync 1 DAGs
[2023-11-04T16:40:03.570+0000] {logging_mixin.py:151} INFO - [2023-11-04T16:40:03.570+0000] {dag.py:3722} INFO - Setting next_dagrun for tutorial_dag to None, run_after=None
[2023-11-04T16:40:03.605+0000] {processor.py:179} INFO - Processing /home/airflow/.local/lib/python3.8/site-packages/airflow/example_dags/tutorial_dag.py took 0.107 seconds
[2023-11-04T16:40:34.246+0000] {processor.py:157} INFO - Started process (PID=8090) to work on /home/airflow/.local/lib/python3.8/site-packages/airflow/example_dags/tutorial_dag.py
[2023-11-04T16:40:34.248+0000] {processor.py:829} INFO - Processing file /home/airflow/.local/lib/python3.8/site-packages/airflow/example_dags/tutorial_dag.py for tasks to queue
[2023-11-04T16:40:34.249+0000] {logging_mixin.py:151} INFO - [2023-11-04T16:40:34.249+0000] {dagbag.py:536} INFO - Filling up the DagBag from /home/airflow/.local/lib/python3.8/site-packages/airflow/example_dags/tutorial_dag.py
[2023-11-04T16:40:34.258+0000] {processor.py:839} INFO - DAG(s) dict_keys(['tutorial_dag']) retrieved from /home/airflow/.local/lib/python3.8/site-packages/airflow/example_dags/tutorial_dag.py
[2023-11-04T16:40:34.290+0000] {logging_mixin.py:151} INFO - [2023-11-04T16:40:34.290+0000] {dag.py:2941} INFO - Sync 1 DAGs
[2023-11-04T16:40:34.314+0000] {logging_mixin.py:151} INFO - [2023-11-04T16:40:34.313+0000] {dag.py:3722} INFO - Setting next_dagrun for tutorial_dag to None, run_after=None
[2023-11-04T16:40:34.354+0000] {processor.py:179} INFO - Processing /home/airflow/.local/lib/python3.8/site-packages/airflow/example_dags/tutorial_dag.py took 0.112 seconds
[2023-11-04T16:41:04.784+0000] {processor.py:157} INFO - Started process (PID=8328) to work on /home/airflow/.local/lib/python3.8/site-packages/airflow/example_dags/tutorial_dag.py
[2023-11-04T16:41:04.786+0000] {processor.py:829} INFO - Processing file /home/airflow/.local/lib/python3.8/site-packages/airflow/example_dags/tutorial_dag.py for tasks to queue
[2023-11-04T16:41:04.787+0000] {logging_mixin.py:151} INFO - [2023-11-04T16:41:04.787+0000] {dagbag.py:536} INFO - Filling up the DagBag from /home/airflow/.local/lib/python3.8/site-packages/airflow/example_dags/tutorial_dag.py
[2023-11-04T16:41:04.798+0000] {processor.py:839} INFO - DAG(s) dict_keys(['tutorial_dag']) retrieved from /home/airflow/.local/lib/python3.8/site-packages/airflow/example_dags/tutorial_dag.py
[2023-11-04T16:41:04.839+0000] {logging_mixin.py:151} INFO - [2023-11-04T16:41:04.838+0000] {dag.py:2941} INFO - Sync 1 DAGs
[2023-11-04T16:41:04.860+0000] {logging_mixin.py:151} INFO - [2023-11-04T16:41:04.860+0000] {dag.py:3722} INFO - Setting next_dagrun for tutorial_dag to None, run_after=None
[2023-11-04T16:41:04.895+0000] {processor.py:179} INFO - Processing /home/airflow/.local/lib/python3.8/site-packages/airflow/example_dags/tutorial_dag.py took 0.116 seconds
[2023-11-04T16:41:35.525+0000] {processor.py:157} INFO - Started process (PID=8566) to work on /home/airflow/.local/lib/python3.8/site-packages/airflow/example_dags/tutorial_dag.py
[2023-11-04T16:41:35.527+0000] {processor.py:829} INFO - Processing file /home/airflow/.local/lib/python3.8/site-packages/airflow/example_dags/tutorial_dag.py for tasks to queue
[2023-11-04T16:41:35.528+0000] {logging_mixin.py:151} INFO - [2023-11-04T16:41:35.528+0000] {dagbag.py:536} INFO - Filling up the DagBag from /home/airflow/.local/lib/python3.8/site-packages/airflow/example_dags/tutorial_dag.py
[2023-11-04T16:41:35.537+0000] {processor.py:839} INFO - DAG(s) dict_keys(['tutorial_dag']) retrieved from /home/airflow/.local/lib/python3.8/site-packages/airflow/example_dags/tutorial_dag.py
[2023-11-04T16:41:35.571+0000] {logging_mixin.py:151} INFO - [2023-11-04T16:41:35.571+0000] {dag.py:2941} INFO - Sync 1 DAGs
[2023-11-04T16:41:35.591+0000] {logging_mixin.py:151} INFO - [2023-11-04T16:41:35.591+0000] {dag.py:3722} INFO - Setting next_dagrun for tutorial_dag to None, run_after=None
[2023-11-04T16:41:35.619+0000] {processor.py:179} INFO - Processing /home/airflow/.local/lib/python3.8/site-packages/airflow/example_dags/tutorial_dag.py took 0.098 seconds
[2023-11-04T16:42:05.868+0000] {processor.py:157} INFO - Started process (PID=8804) to work on /home/airflow/.local/lib/python3.8/site-packages/airflow/example_dags/tutorial_dag.py
[2023-11-04T16:42:05.870+0000] {processor.py:829} INFO - Processing file /home/airflow/.local/lib/python3.8/site-packages/airflow/example_dags/tutorial_dag.py for tasks to queue
[2023-11-04T16:42:05.871+0000] {logging_mixin.py:151} INFO - [2023-11-04T16:42:05.871+0000] {dagbag.py:536} INFO - Filling up the DagBag from /home/airflow/.local/lib/python3.8/site-packages/airflow/example_dags/tutorial_dag.py
[2023-11-04T16:42:05.883+0000] {processor.py:839} INFO - DAG(s) dict_keys(['tutorial_dag']) retrieved from /home/airflow/.local/lib/python3.8/site-packages/airflow/example_dags/tutorial_dag.py
[2023-11-04T16:42:05.920+0000] {logging_mixin.py:151} INFO - [2023-11-04T16:42:05.920+0000] {dag.py:2941} INFO - Sync 1 DAGs
[2023-11-04T16:42:05.968+0000] {logging_mixin.py:151} INFO - [2023-11-04T16:42:05.967+0000] {dag.py:3722} INFO - Setting next_dagrun for tutorial_dag to None, run_after=None
[2023-11-04T16:42:06.025+0000] {processor.py:179} INFO - Processing /home/airflow/.local/lib/python3.8/site-packages/airflow/example_dags/tutorial_dag.py took 0.162 seconds
[2023-11-04T17:13:28.451+0000] {processor.py:157} INFO - Started process (PID=227) to work on /home/airflow/.local/lib/python3.8/site-packages/airflow/example_dags/tutorial_dag.py
[2023-11-04T17:13:28.453+0000] {processor.py:829} INFO - Processing file /home/airflow/.local/lib/python3.8/site-packages/airflow/example_dags/tutorial_dag.py for tasks to queue
[2023-11-04T17:13:28.455+0000] {logging_mixin.py:151} INFO - [2023-11-04T17:13:28.455+0000] {dagbag.py:536} INFO - Filling up the DagBag from /home/airflow/.local/lib/python3.8/site-packages/airflow/example_dags/tutorial_dag.py
[2023-11-04T17:13:28.467+0000] {processor.py:839} INFO - DAG(s) dict_keys(['tutorial_dag']) retrieved from /home/airflow/.local/lib/python3.8/site-packages/airflow/example_dags/tutorial_dag.py
[2023-11-04T17:13:28.511+0000] {logging_mixin.py:151} INFO - [2023-11-04T17:13:28.510+0000] {dag.py:2941} INFO - Sync 1 DAGs
[2023-11-04T17:13:28.533+0000] {logging_mixin.py:151} INFO - [2023-11-04T17:13:28.532+0000] {dag.py:3722} INFO - Setting next_dagrun for tutorial_dag to None, run_after=None
[2023-11-04T17:13:28.562+0000] {processor.py:179} INFO - Processing /home/airflow/.local/lib/python3.8/site-packages/airflow/example_dags/tutorial_dag.py took 0.116 seconds
[2023-11-04T17:13:59.134+0000] {processor.py:157} INFO - Started process (PID=465) to work on /home/airflow/.local/lib/python3.8/site-packages/airflow/example_dags/tutorial_dag.py
[2023-11-04T17:13:59.136+0000] {processor.py:829} INFO - Processing file /home/airflow/.local/lib/python3.8/site-packages/airflow/example_dags/tutorial_dag.py for tasks to queue
[2023-11-04T17:13:59.138+0000] {logging_mixin.py:151} INFO - [2023-11-04T17:13:59.138+0000] {dagbag.py:536} INFO - Filling up the DagBag from /home/airflow/.local/lib/python3.8/site-packages/airflow/example_dags/tutorial_dag.py
[2023-11-04T17:13:59.151+0000] {processor.py:839} INFO - DAG(s) dict_keys(['tutorial_dag']) retrieved from /home/airflow/.local/lib/python3.8/site-packages/airflow/example_dags/tutorial_dag.py
[2023-11-04T17:13:59.170+0000] {logging_mixin.py:151} INFO - [2023-11-04T17:13:59.170+0000] {dag.py:2941} INFO - Sync 1 DAGs
[2023-11-04T17:13:59.196+0000] {logging_mixin.py:151} INFO - [2023-11-04T17:13:59.196+0000] {dag.py:3722} INFO - Setting next_dagrun for tutorial_dag to None, run_after=None
[2023-11-04T17:13:59.232+0000] {processor.py:179} INFO - Processing /home/airflow/.local/lib/python3.8/site-packages/airflow/example_dags/tutorial_dag.py took 0.102 seconds
[2023-11-04T17:14:29.288+0000] {processor.py:157} INFO - Started process (PID=703) to work on /home/airflow/.local/lib/python3.8/site-packages/airflow/example_dags/tutorial_dag.py
[2023-11-04T17:14:29.290+0000] {processor.py:829} INFO - Processing file /home/airflow/.local/lib/python3.8/site-packages/airflow/example_dags/tutorial_dag.py for tasks to queue
[2023-11-04T17:14:29.292+0000] {logging_mixin.py:151} INFO - [2023-11-04T17:14:29.292+0000] {dagbag.py:536} INFO - Filling up the DagBag from /home/airflow/.local/lib/python3.8/site-packages/airflow/example_dags/tutorial_dag.py
[2023-11-04T17:14:29.301+0000] {processor.py:839} INFO - DAG(s) dict_keys(['tutorial_dag']) retrieved from /home/airflow/.local/lib/python3.8/site-packages/airflow/example_dags/tutorial_dag.py
[2023-11-04T17:14:29.318+0000] {logging_mixin.py:151} INFO - [2023-11-04T17:14:29.318+0000] {dag.py:2941} INFO - Sync 1 DAGs
[2023-11-04T17:14:29.339+0000] {logging_mixin.py:151} INFO - [2023-11-04T17:14:29.339+0000] {dag.py:3722} INFO - Setting next_dagrun for tutorial_dag to None, run_after=None
[2023-11-04T17:14:29.367+0000] {processor.py:179} INFO - Processing /home/airflow/.local/lib/python3.8/site-packages/airflow/example_dags/tutorial_dag.py took 0.083 seconds
[2023-11-04T17:14:59.920+0000] {processor.py:157} INFO - Started process (PID=941) to work on /home/airflow/.local/lib/python3.8/site-packages/airflow/example_dags/tutorial_dag.py
[2023-11-04T17:14:59.921+0000] {processor.py:829} INFO - Processing file /home/airflow/.local/lib/python3.8/site-packages/airflow/example_dags/tutorial_dag.py for tasks to queue
[2023-11-04T17:14:59.923+0000] {logging_mixin.py:151} INFO - [2023-11-04T17:14:59.922+0000] {dagbag.py:536} INFO - Filling up the DagBag from /home/airflow/.local/lib/python3.8/site-packages/airflow/example_dags/tutorial_dag.py
[2023-11-04T17:14:59.931+0000] {processor.py:839} INFO - DAG(s) dict_keys(['tutorial_dag']) retrieved from /home/airflow/.local/lib/python3.8/site-packages/airflow/example_dags/tutorial_dag.py
[2023-11-04T17:14:59.964+0000] {logging_mixin.py:151} INFO - [2023-11-04T17:14:59.964+0000] {dag.py:2941} INFO - Sync 1 DAGs
[2023-11-04T17:15:00.017+0000] {logging_mixin.py:151} INFO - [2023-11-04T17:15:00.016+0000] {dag.py:3722} INFO - Setting next_dagrun for tutorial_dag to None, run_after=None
[2023-11-04T17:15:00.098+0000] {processor.py:179} INFO - Processing /home/airflow/.local/lib/python3.8/site-packages/airflow/example_dags/tutorial_dag.py took 0.185 seconds
[2023-11-04T17:15:30.839+0000] {processor.py:157} INFO - Started process (PID=1179) to work on /home/airflow/.local/lib/python3.8/site-packages/airflow/example_dags/tutorial_dag.py
[2023-11-04T17:15:30.841+0000] {processor.py:829} INFO - Processing file /home/airflow/.local/lib/python3.8/site-packages/airflow/example_dags/tutorial_dag.py for tasks to queue
[2023-11-04T17:15:30.843+0000] {logging_mixin.py:151} INFO - [2023-11-04T17:15:30.842+0000] {dagbag.py:536} INFO - Filling up the DagBag from /home/airflow/.local/lib/python3.8/site-packages/airflow/example_dags/tutorial_dag.py
[2023-11-04T17:15:30.851+0000] {processor.py:839} INFO - DAG(s) dict_keys(['tutorial_dag']) retrieved from /home/airflow/.local/lib/python3.8/site-packages/airflow/example_dags/tutorial_dag.py
[2023-11-04T17:15:30.883+0000] {logging_mixin.py:151} INFO - [2023-11-04T17:15:30.883+0000] {dag.py:2941} INFO - Sync 1 DAGs
[2023-11-04T17:15:30.902+0000] {logging_mixin.py:151} INFO - [2023-11-04T17:15:30.902+0000] {dag.py:3722} INFO - Setting next_dagrun for tutorial_dag to None, run_after=None
[2023-11-04T17:15:30.931+0000] {processor.py:179} INFO - Processing /home/airflow/.local/lib/python3.8/site-packages/airflow/example_dags/tutorial_dag.py took 0.097 seconds
[2023-11-04T17:16:01.504+0000] {processor.py:157} INFO - Started process (PID=1439) to work on /home/airflow/.local/lib/python3.8/site-packages/airflow/example_dags/tutorial_dag.py
[2023-11-04T17:16:01.506+0000] {processor.py:829} INFO - Processing file /home/airflow/.local/lib/python3.8/site-packages/airflow/example_dags/tutorial_dag.py for tasks to queue
[2023-11-04T17:16:01.509+0000] {logging_mixin.py:151} INFO - [2023-11-04T17:16:01.508+0000] {dagbag.py:536} INFO - Filling up the DagBag from /home/airflow/.local/lib/python3.8/site-packages/airflow/example_dags/tutorial_dag.py
[2023-11-04T17:16:01.521+0000] {processor.py:839} INFO - DAG(s) dict_keys(['tutorial_dag']) retrieved from /home/airflow/.local/lib/python3.8/site-packages/airflow/example_dags/tutorial_dag.py
[2023-11-04T17:16:01.578+0000] {logging_mixin.py:151} INFO - [2023-11-04T17:16:01.578+0000] {dag.py:2941} INFO - Sync 1 DAGs
[2023-11-04T17:16:01.608+0000] {logging_mixin.py:151} INFO - [2023-11-04T17:16:01.607+0000] {dag.py:3722} INFO - Setting next_dagrun for tutorial_dag to None, run_after=None
[2023-11-04T17:16:01.643+0000] {processor.py:179} INFO - Processing /home/airflow/.local/lib/python3.8/site-packages/airflow/example_dags/tutorial_dag.py took 0.145 seconds
[2023-11-04T17:16:32.508+0000] {processor.py:157} INFO - Started process (PID=1680) to work on /home/airflow/.local/lib/python3.8/site-packages/airflow/example_dags/tutorial_dag.py
[2023-11-04T17:16:32.510+0000] {processor.py:829} INFO - Processing file /home/airflow/.local/lib/python3.8/site-packages/airflow/example_dags/tutorial_dag.py for tasks to queue
[2023-11-04T17:16:32.511+0000] {logging_mixin.py:151} INFO - [2023-11-04T17:16:32.511+0000] {dagbag.py:536} INFO - Filling up the DagBag from /home/airflow/.local/lib/python3.8/site-packages/airflow/example_dags/tutorial_dag.py
[2023-11-04T17:16:32.520+0000] {processor.py:839} INFO - DAG(s) dict_keys(['tutorial_dag']) retrieved from /home/airflow/.local/lib/python3.8/site-packages/airflow/example_dags/tutorial_dag.py
[2023-11-04T17:16:32.555+0000] {logging_mixin.py:151} INFO - [2023-11-04T17:16:32.555+0000] {dag.py:2941} INFO - Sync 1 DAGs
[2023-11-04T17:16:32.575+0000] {logging_mixin.py:151} INFO - [2023-11-04T17:16:32.575+0000] {dag.py:3722} INFO - Setting next_dagrun for tutorial_dag to None, run_after=None
[2023-11-04T17:16:32.603+0000] {processor.py:179} INFO - Processing /home/airflow/.local/lib/python3.8/site-packages/airflow/example_dags/tutorial_dag.py took 0.100 seconds
[2023-11-04T17:17:03.119+0000] {processor.py:157} INFO - Started process (PID=1918) to work on /home/airflow/.local/lib/python3.8/site-packages/airflow/example_dags/tutorial_dag.py
[2023-11-04T17:17:03.121+0000] {processor.py:829} INFO - Processing file /home/airflow/.local/lib/python3.8/site-packages/airflow/example_dags/tutorial_dag.py for tasks to queue
[2023-11-04T17:17:03.122+0000] {logging_mixin.py:151} INFO - [2023-11-04T17:17:03.122+0000] {dagbag.py:536} INFO - Filling up the DagBag from /home/airflow/.local/lib/python3.8/site-packages/airflow/example_dags/tutorial_dag.py
[2023-11-04T17:17:03.131+0000] {processor.py:839} INFO - DAG(s) dict_keys(['tutorial_dag']) retrieved from /home/airflow/.local/lib/python3.8/site-packages/airflow/example_dags/tutorial_dag.py
[2023-11-04T17:17:03.170+0000] {logging_mixin.py:151} INFO - [2023-11-04T17:17:03.169+0000] {dag.py:2941} INFO - Sync 1 DAGs
[2023-11-04T17:17:03.191+0000] {logging_mixin.py:151} INFO - [2023-11-04T17:17:03.190+0000] {dag.py:3722} INFO - Setting next_dagrun for tutorial_dag to None, run_after=None
[2023-11-04T17:17:03.224+0000] {processor.py:179} INFO - Processing /home/airflow/.local/lib/python3.8/site-packages/airflow/example_dags/tutorial_dag.py took 0.109 seconds
[2023-11-04T17:17:33.345+0000] {processor.py:157} INFO - Started process (PID=2156) to work on /home/airflow/.local/lib/python3.8/site-packages/airflow/example_dags/tutorial_dag.py
[2023-11-04T17:17:33.347+0000] {processor.py:829} INFO - Processing file /home/airflow/.local/lib/python3.8/site-packages/airflow/example_dags/tutorial_dag.py for tasks to queue
[2023-11-04T17:17:33.348+0000] {logging_mixin.py:151} INFO - [2023-11-04T17:17:33.348+0000] {dagbag.py:536} INFO - Filling up the DagBag from /home/airflow/.local/lib/python3.8/site-packages/airflow/example_dags/tutorial_dag.py
[2023-11-04T17:17:33.357+0000] {processor.py:839} INFO - DAG(s) dict_keys(['tutorial_dag']) retrieved from /home/airflow/.local/lib/python3.8/site-packages/airflow/example_dags/tutorial_dag.py
[2023-11-04T17:17:33.390+0000] {logging_mixin.py:151} INFO - [2023-11-04T17:17:33.389+0000] {dag.py:2941} INFO - Sync 1 DAGs
[2023-11-04T17:17:33.410+0000] {logging_mixin.py:151} INFO - [2023-11-04T17:17:33.410+0000] {dag.py:3722} INFO - Setting next_dagrun for tutorial_dag to None, run_after=None
[2023-11-04T17:17:33.453+0000] {processor.py:179} INFO - Processing /home/airflow/.local/lib/python3.8/site-packages/airflow/example_dags/tutorial_dag.py took 0.113 seconds
[2023-11-04T17:18:03.578+0000] {processor.py:157} INFO - Started process (PID=2394) to work on /home/airflow/.local/lib/python3.8/site-packages/airflow/example_dags/tutorial_dag.py
[2023-11-04T17:18:03.580+0000] {processor.py:829} INFO - Processing file /home/airflow/.local/lib/python3.8/site-packages/airflow/example_dags/tutorial_dag.py for tasks to queue
[2023-11-04T17:18:03.581+0000] {logging_mixin.py:151} INFO - [2023-11-04T17:18:03.581+0000] {dagbag.py:536} INFO - Filling up the DagBag from /home/airflow/.local/lib/python3.8/site-packages/airflow/example_dags/tutorial_dag.py
[2023-11-04T17:18:03.590+0000] {processor.py:839} INFO - DAG(s) dict_keys(['tutorial_dag']) retrieved from /home/airflow/.local/lib/python3.8/site-packages/airflow/example_dags/tutorial_dag.py
[2023-11-04T17:18:03.622+0000] {logging_mixin.py:151} INFO - [2023-11-04T17:18:03.621+0000] {dag.py:2941} INFO - Sync 1 DAGs
[2023-11-04T17:18:03.641+0000] {logging_mixin.py:151} INFO - [2023-11-04T17:18:03.640+0000] {dag.py:3722} INFO - Setting next_dagrun for tutorial_dag to None, run_after=None
[2023-11-04T17:18:03.668+0000] {processor.py:179} INFO - Processing /home/airflow/.local/lib/python3.8/site-packages/airflow/example_dags/tutorial_dag.py took 0.095 seconds
[2023-11-04T17:18:34.478+0000] {processor.py:157} INFO - Started process (PID=2632) to work on /home/airflow/.local/lib/python3.8/site-packages/airflow/example_dags/tutorial_dag.py
[2023-11-04T17:18:34.479+0000] {processor.py:829} INFO - Processing file /home/airflow/.local/lib/python3.8/site-packages/airflow/example_dags/tutorial_dag.py for tasks to queue
[2023-11-04T17:18:34.481+0000] {logging_mixin.py:151} INFO - [2023-11-04T17:18:34.480+0000] {dagbag.py:536} INFO - Filling up the DagBag from /home/airflow/.local/lib/python3.8/site-packages/airflow/example_dags/tutorial_dag.py
[2023-11-04T17:18:34.489+0000] {processor.py:839} INFO - DAG(s) dict_keys(['tutorial_dag']) retrieved from /home/airflow/.local/lib/python3.8/site-packages/airflow/example_dags/tutorial_dag.py
[2023-11-04T17:18:34.521+0000] {logging_mixin.py:151} INFO - [2023-11-04T17:18:34.520+0000] {dag.py:2941} INFO - Sync 1 DAGs
[2023-11-04T17:18:34.540+0000] {logging_mixin.py:151} INFO - [2023-11-04T17:18:34.540+0000] {dag.py:3722} INFO - Setting next_dagrun for tutorial_dag to None, run_after=None
[2023-11-04T17:18:34.575+0000] {processor.py:179} INFO - Processing /home/airflow/.local/lib/python3.8/site-packages/airflow/example_dags/tutorial_dag.py took 0.102 seconds
[2023-11-04T17:19:04.691+0000] {processor.py:157} INFO - Started process (PID=2870) to work on /home/airflow/.local/lib/python3.8/site-packages/airflow/example_dags/tutorial_dag.py
[2023-11-04T17:19:04.693+0000] {processor.py:829} INFO - Processing file /home/airflow/.local/lib/python3.8/site-packages/airflow/example_dags/tutorial_dag.py for tasks to queue
[2023-11-04T17:19:04.694+0000] {logging_mixin.py:151} INFO - [2023-11-04T17:19:04.694+0000] {dagbag.py:536} INFO - Filling up the DagBag from /home/airflow/.local/lib/python3.8/site-packages/airflow/example_dags/tutorial_dag.py
[2023-11-04T17:19:04.703+0000] {processor.py:839} INFO - DAG(s) dict_keys(['tutorial_dag']) retrieved from /home/airflow/.local/lib/python3.8/site-packages/airflow/example_dags/tutorial_dag.py
[2023-11-04T17:19:04.735+0000] {logging_mixin.py:151} INFO - [2023-11-04T17:19:04.735+0000] {dag.py:2941} INFO - Sync 1 DAGs
[2023-11-04T17:19:04.755+0000] {logging_mixin.py:151} INFO - [2023-11-04T17:19:04.755+0000] {dag.py:3722} INFO - Setting next_dagrun for tutorial_dag to None, run_after=None
[2023-11-04T17:19:04.783+0000] {processor.py:179} INFO - Processing /home/airflow/.local/lib/python3.8/site-packages/airflow/example_dags/tutorial_dag.py took 0.097 seconds
[2023-11-04T17:19:35.231+0000] {processor.py:157} INFO - Started process (PID=3108) to work on /home/airflow/.local/lib/python3.8/site-packages/airflow/example_dags/tutorial_dag.py
[2023-11-04T17:19:35.233+0000] {processor.py:829} INFO - Processing file /home/airflow/.local/lib/python3.8/site-packages/airflow/example_dags/tutorial_dag.py for tasks to queue
[2023-11-04T17:19:35.235+0000] {logging_mixin.py:151} INFO - [2023-11-04T17:19:35.234+0000] {dagbag.py:536} INFO - Filling up the DagBag from /home/airflow/.local/lib/python3.8/site-packages/airflow/example_dags/tutorial_dag.py
[2023-11-04T17:19:35.243+0000] {processor.py:839} INFO - DAG(s) dict_keys(['tutorial_dag']) retrieved from /home/airflow/.local/lib/python3.8/site-packages/airflow/example_dags/tutorial_dag.py
[2023-11-04T17:19:35.275+0000] {logging_mixin.py:151} INFO - [2023-11-04T17:19:35.274+0000] {dag.py:2941} INFO - Sync 1 DAGs
[2023-11-04T17:19:35.295+0000] {logging_mixin.py:151} INFO - [2023-11-04T17:19:35.295+0000] {dag.py:3722} INFO - Setting next_dagrun for tutorial_dag to None, run_after=None
[2023-11-04T17:19:35.328+0000] {processor.py:179} INFO - Processing /home/airflow/.local/lib/python3.8/site-packages/airflow/example_dags/tutorial_dag.py took 0.101 seconds
[2023-11-04T17:20:05.676+0000] {processor.py:157} INFO - Started process (PID=3347) to work on /home/airflow/.local/lib/python3.8/site-packages/airflow/example_dags/tutorial_dag.py
[2023-11-04T17:20:05.678+0000] {processor.py:829} INFO - Processing file /home/airflow/.local/lib/python3.8/site-packages/airflow/example_dags/tutorial_dag.py for tasks to queue
[2023-11-04T17:20:05.680+0000] {logging_mixin.py:151} INFO - [2023-11-04T17:20:05.680+0000] {dagbag.py:536} INFO - Filling up the DagBag from /home/airflow/.local/lib/python3.8/site-packages/airflow/example_dags/tutorial_dag.py
[2023-11-04T17:20:05.689+0000] {processor.py:839} INFO - DAG(s) dict_keys(['tutorial_dag']) retrieved from /home/airflow/.local/lib/python3.8/site-packages/airflow/example_dags/tutorial_dag.py
[2023-11-04T17:20:05.720+0000] {logging_mixin.py:151} INFO - [2023-11-04T17:20:05.720+0000] {dag.py:2941} INFO - Sync 1 DAGs
[2023-11-04T17:20:05.739+0000] {logging_mixin.py:151} INFO - [2023-11-04T17:20:05.739+0000] {dag.py:3722} INFO - Setting next_dagrun for tutorial_dag to None, run_after=None
[2023-11-04T17:20:05.767+0000] {processor.py:179} INFO - Processing /home/airflow/.local/lib/python3.8/site-packages/airflow/example_dags/tutorial_dag.py took 0.098 seconds
[2023-11-04T17:20:36.197+0000] {processor.py:157} INFO - Started process (PID=3588) to work on /home/airflow/.local/lib/python3.8/site-packages/airflow/example_dags/tutorial_dag.py
[2023-11-04T17:20:36.199+0000] {processor.py:829} INFO - Processing file /home/airflow/.local/lib/python3.8/site-packages/airflow/example_dags/tutorial_dag.py for tasks to queue
[2023-11-04T17:20:36.200+0000] {logging_mixin.py:151} INFO - [2023-11-04T17:20:36.200+0000] {dagbag.py:536} INFO - Filling up the DagBag from /home/airflow/.local/lib/python3.8/site-packages/airflow/example_dags/tutorial_dag.py
[2023-11-04T17:20:36.208+0000] {processor.py:839} INFO - DAG(s) dict_keys(['tutorial_dag']) retrieved from /home/airflow/.local/lib/python3.8/site-packages/airflow/example_dags/tutorial_dag.py
[2023-11-04T17:20:36.239+0000] {logging_mixin.py:151} INFO - [2023-11-04T17:20:36.239+0000] {dag.py:2941} INFO - Sync 1 DAGs
[2023-11-04T17:20:36.259+0000] {logging_mixin.py:151} INFO - [2023-11-04T17:20:36.258+0000] {dag.py:3722} INFO - Setting next_dagrun for tutorial_dag to None, run_after=None
[2023-11-04T17:20:36.287+0000] {processor.py:179} INFO - Processing /home/airflow/.local/lib/python3.8/site-packages/airflow/example_dags/tutorial_dag.py took 0.095 seconds
[2023-11-04T17:21:07.094+0000] {processor.py:157} INFO - Started process (PID=3829) to work on /home/airflow/.local/lib/python3.8/site-packages/airflow/example_dags/tutorial_dag.py
[2023-11-04T17:21:07.096+0000] {processor.py:829} INFO - Processing file /home/airflow/.local/lib/python3.8/site-packages/airflow/example_dags/tutorial_dag.py for tasks to queue
[2023-11-04T17:21:07.097+0000] {logging_mixin.py:151} INFO - [2023-11-04T17:21:07.097+0000] {dagbag.py:536} INFO - Filling up the DagBag from /home/airflow/.local/lib/python3.8/site-packages/airflow/example_dags/tutorial_dag.py
[2023-11-04T17:21:07.106+0000] {processor.py:839} INFO - DAG(s) dict_keys(['tutorial_dag']) retrieved from /home/airflow/.local/lib/python3.8/site-packages/airflow/example_dags/tutorial_dag.py
[2023-11-04T17:21:07.140+0000] {logging_mixin.py:151} INFO - [2023-11-04T17:21:07.139+0000] {dag.py:2941} INFO - Sync 1 DAGs
[2023-11-04T17:21:07.160+0000] {logging_mixin.py:151} INFO - [2023-11-04T17:21:07.160+0000] {dag.py:3722} INFO - Setting next_dagrun for tutorial_dag to None, run_after=None
[2023-11-04T17:21:07.194+0000] {processor.py:179} INFO - Processing /home/airflow/.local/lib/python3.8/site-packages/airflow/example_dags/tutorial_dag.py took 0.105 seconds
[2023-11-04T17:21:38.222+0000] {processor.py:157} INFO - Started process (PID=4101) to work on /home/airflow/.local/lib/python3.8/site-packages/airflow/example_dags/tutorial_dag.py
[2023-11-04T17:21:38.225+0000] {processor.py:829} INFO - Processing file /home/airflow/.local/lib/python3.8/site-packages/airflow/example_dags/tutorial_dag.py for tasks to queue
[2023-11-04T17:21:38.227+0000] {logging_mixin.py:151} INFO - [2023-11-04T17:21:38.226+0000] {dagbag.py:536} INFO - Filling up the DagBag from /home/airflow/.local/lib/python3.8/site-packages/airflow/example_dags/tutorial_dag.py
[2023-11-04T17:21:38.241+0000] {processor.py:839} INFO - DAG(s) dict_keys(['tutorial_dag']) retrieved from /home/airflow/.local/lib/python3.8/site-packages/airflow/example_dags/tutorial_dag.py
[2023-11-04T17:21:38.295+0000] {logging_mixin.py:151} INFO - [2023-11-04T17:21:38.295+0000] {dag.py:2941} INFO - Sync 1 DAGs
[2023-11-04T17:21:38.335+0000] {logging_mixin.py:151} INFO - [2023-11-04T17:21:38.335+0000] {dag.py:3722} INFO - Setting next_dagrun for tutorial_dag to None, run_after=None
[2023-11-04T17:21:38.385+0000] {processor.py:179} INFO - Processing /home/airflow/.local/lib/python3.8/site-packages/airflow/example_dags/tutorial_dag.py took 0.169 seconds
[2023-11-04T17:22:08.770+0000] {processor.py:157} INFO - Started process (PID=4355) to work on /home/airflow/.local/lib/python3.8/site-packages/airflow/example_dags/tutorial_dag.py
[2023-11-04T17:22:08.772+0000] {processor.py:829} INFO - Processing file /home/airflow/.local/lib/python3.8/site-packages/airflow/example_dags/tutorial_dag.py for tasks to queue
[2023-11-04T17:22:08.774+0000] {logging_mixin.py:151} INFO - [2023-11-04T17:22:08.774+0000] {dagbag.py:536} INFO - Filling up the DagBag from /home/airflow/.local/lib/python3.8/site-packages/airflow/example_dags/tutorial_dag.py
[2023-11-04T17:22:08.791+0000] {processor.py:839} INFO - DAG(s) dict_keys(['tutorial_dag']) retrieved from /home/airflow/.local/lib/python3.8/site-packages/airflow/example_dags/tutorial_dag.py
[2023-11-04T17:22:08.848+0000] {logging_mixin.py:151} INFO - [2023-11-04T17:22:08.848+0000] {dag.py:2941} INFO - Sync 1 DAGs
[2023-11-04T17:22:08.884+0000] {logging_mixin.py:151} INFO - [2023-11-04T17:22:08.884+0000] {dag.py:3722} INFO - Setting next_dagrun for tutorial_dag to None, run_after=None
[2023-11-04T17:22:08.949+0000] {processor.py:179} INFO - Processing /home/airflow/.local/lib/python3.8/site-packages/airflow/example_dags/tutorial_dag.py took 0.190 seconds
[2023-11-04T17:22:39.010+0000] {processor.py:157} INFO - Started process (PID=4593) to work on /home/airflow/.local/lib/python3.8/site-packages/airflow/example_dags/tutorial_dag.py
[2023-11-04T17:22:39.012+0000] {processor.py:829} INFO - Processing file /home/airflow/.local/lib/python3.8/site-packages/airflow/example_dags/tutorial_dag.py for tasks to queue
[2023-11-04T17:22:39.015+0000] {logging_mixin.py:151} INFO - [2023-11-04T17:22:39.014+0000] {dagbag.py:536} INFO - Filling up the DagBag from /home/airflow/.local/lib/python3.8/site-packages/airflow/example_dags/tutorial_dag.py
[2023-11-04T17:22:39.028+0000] {processor.py:839} INFO - DAG(s) dict_keys(['tutorial_dag']) retrieved from /home/airflow/.local/lib/python3.8/site-packages/airflow/example_dags/tutorial_dag.py
[2023-11-04T17:22:39.070+0000] {logging_mixin.py:151} INFO - [2023-11-04T17:22:39.070+0000] {dag.py:2941} INFO - Sync 1 DAGs
[2023-11-04T17:22:39.098+0000] {logging_mixin.py:151} INFO - [2023-11-04T17:22:39.097+0000] {dag.py:3722} INFO - Setting next_dagrun for tutorial_dag to None, run_after=None
[2023-11-04T17:22:39.141+0000] {processor.py:179} INFO - Processing /home/airflow/.local/lib/python3.8/site-packages/airflow/example_dags/tutorial_dag.py took 0.136 seconds
