[2023-11-04T16:41:40.165+0100] {processor.py:157} INFO - Started process (PID=3115) to work on /Users/audioworkstation/Documents/WORKSPACE/LEARNING/Airflow-Training/.venv/lib/python3.10/site-packages/airflow/example_dags/subdags/subdag.py
[2023-11-04T16:41:40.169+0100] {processor.py:829} INFO - Processing file /Users/audioworkstation/Documents/WORKSPACE/LEARNING/Airflow-Training/.venv/lib/python3.10/site-packages/airflow/example_dags/subdags/subdag.py for tasks to queue
[2023-11-04T16:41:40.169+0100] {logging_mixin.py:151} INFO - [2023-11-04T16:41:40.169+0100] {dagbag.py:539} INFO - Filling up the DagBag from /Users/audioworkstation/Documents/WORKSPACE/LEARNING/Airflow-Training/.venv/lib/python3.10/site-packages/airflow/example_dags/subdags/subdag.py
[2023-11-04T16:41:40.172+0100] {processor.py:841} WARNING - No viable dags retrieved from /Users/audioworkstation/Documents/WORKSPACE/LEARNING/Airflow-Training/.venv/lib/python3.10/site-packages/airflow/example_dags/subdags/subdag.py
[2023-11-04T16:41:40.290+0100] {processor.py:179} INFO - Processing /Users/audioworkstation/Documents/WORKSPACE/LEARNING/Airflow-Training/.venv/lib/python3.10/site-packages/airflow/example_dags/subdags/subdag.py took 0.125 seconds
[2023-11-04T16:43:26.746+0100] {processor.py:157} INFO - Started process (PID=3468) to work on /Users/audioworkstation/Documents/WORKSPACE/LEARNING/Airflow-Training/.venv/lib/python3.10/site-packages/airflow/example_dags/subdags/subdag.py
[2023-11-04T16:43:26.750+0100] {processor.py:829} INFO - Processing file /Users/audioworkstation/Documents/WORKSPACE/LEARNING/Airflow-Training/.venv/lib/python3.10/site-packages/airflow/example_dags/subdags/subdag.py for tasks to queue
[2023-11-04T16:43:26.751+0100] {logging_mixin.py:151} INFO - [2023-11-04T16:43:26.751+0100] {dagbag.py:539} INFO - Filling up the DagBag from /Users/audioworkstation/Documents/WORKSPACE/LEARNING/Airflow-Training/.venv/lib/python3.10/site-packages/airflow/example_dags/subdags/subdag.py
[2023-11-04T16:43:26.754+0100] {processor.py:841} WARNING - No viable dags retrieved from /Users/audioworkstation/Documents/WORKSPACE/LEARNING/Airflow-Training/.venv/lib/python3.10/site-packages/airflow/example_dags/subdags/subdag.py
[2023-11-04T16:43:26.891+0100] {processor.py:179} INFO - Processing /Users/audioworkstation/Documents/WORKSPACE/LEARNING/Airflow-Training/.venv/lib/python3.10/site-packages/airflow/example_dags/subdags/subdag.py took 0.146 seconds
[2023-11-04T16:44:42.688+0100] {processor.py:157} INFO - Started process (PID=3716) to work on /Users/audioworkstation/Documents/WORKSPACE/LEARNING/Airflow-Training/.venv/lib/python3.10/site-packages/airflow/example_dags/subdags/subdag.py
[2023-11-04T16:44:42.692+0100] {processor.py:829} INFO - Processing file /Users/audioworkstation/Documents/WORKSPACE/LEARNING/Airflow-Training/.venv/lib/python3.10/site-packages/airflow/example_dags/subdags/subdag.py for tasks to queue
[2023-11-04T16:44:42.692+0100] {logging_mixin.py:151} INFO - [2023-11-04T16:44:42.692+0100] {dagbag.py:539} INFO - Filling up the DagBag from /Users/audioworkstation/Documents/WORKSPACE/LEARNING/Airflow-Training/.venv/lib/python3.10/site-packages/airflow/example_dags/subdags/subdag.py
[2023-11-04T16:44:42.695+0100] {processor.py:841} WARNING - No viable dags retrieved from /Users/audioworkstation/Documents/WORKSPACE/LEARNING/Airflow-Training/.venv/lib/python3.10/site-packages/airflow/example_dags/subdags/subdag.py
[2023-11-04T16:44:42.817+0100] {processor.py:179} INFO - Processing /Users/audioworkstation/Documents/WORKSPACE/LEARNING/Airflow-Training/.venv/lib/python3.10/site-packages/airflow/example_dags/subdags/subdag.py took 0.130 seconds
[2023-11-04T16:45:58.017+0100] {processor.py:157} INFO - Started process (PID=3973) to work on /Users/audioworkstation/Documents/WORKSPACE/LEARNING/Airflow-Training/.venv/lib/python3.10/site-packages/airflow/example_dags/subdags/subdag.py
[2023-11-04T16:45:58.021+0100] {processor.py:829} INFO - Processing file /Users/audioworkstation/Documents/WORKSPACE/LEARNING/Airflow-Training/.venv/lib/python3.10/site-packages/airflow/example_dags/subdags/subdag.py for tasks to queue
[2023-11-04T16:45:58.021+0100] {logging_mixin.py:151} INFO - [2023-11-04T16:45:58.021+0100] {dagbag.py:539} INFO - Filling up the DagBag from /Users/audioworkstation/Documents/WORKSPACE/LEARNING/Airflow-Training/.venv/lib/python3.10/site-packages/airflow/example_dags/subdags/subdag.py
[2023-11-04T16:45:58.024+0100] {processor.py:841} WARNING - No viable dags retrieved from /Users/audioworkstation/Documents/WORKSPACE/LEARNING/Airflow-Training/.venv/lib/python3.10/site-packages/airflow/example_dags/subdags/subdag.py
[2023-11-04T16:45:58.161+0100] {processor.py:179} INFO - Processing /Users/audioworkstation/Documents/WORKSPACE/LEARNING/Airflow-Training/.venv/lib/python3.10/site-packages/airflow/example_dags/subdags/subdag.py took 0.146 seconds
[2023-11-04T16:47:24.021+0100] {processor.py:157} INFO - Started process (PID=4264) to work on /Users/audioworkstation/Documents/WORKSPACE/LEARNING/Airflow-Training/.venv/lib/python3.10/site-packages/airflow/example_dags/subdags/subdag.py
[2023-11-04T16:47:24.024+0100] {processor.py:829} INFO - Processing file /Users/audioworkstation/Documents/WORKSPACE/LEARNING/Airflow-Training/.venv/lib/python3.10/site-packages/airflow/example_dags/subdags/subdag.py for tasks to queue
[2023-11-04T16:47:24.025+0100] {logging_mixin.py:151} INFO - [2023-11-04T16:47:24.025+0100] {dagbag.py:539} INFO - Filling up the DagBag from /Users/audioworkstation/Documents/WORKSPACE/LEARNING/Airflow-Training/.venv/lib/python3.10/site-packages/airflow/example_dags/subdags/subdag.py
[2023-11-04T16:47:24.028+0100] {processor.py:841} WARNING - No viable dags retrieved from /Users/audioworkstation/Documents/WORKSPACE/LEARNING/Airflow-Training/.venv/lib/python3.10/site-packages/airflow/example_dags/subdags/subdag.py
[2023-11-04T16:47:24.154+0100] {processor.py:179} INFO - Processing /Users/audioworkstation/Documents/WORKSPACE/LEARNING/Airflow-Training/.venv/lib/python3.10/site-packages/airflow/example_dags/subdags/subdag.py took 0.134 seconds
[2023-11-04T16:48:42.952+0100] {processor.py:157} INFO - Started process (PID=4546) to work on /Users/audioworkstation/Documents/WORKSPACE/LEARNING/Airflow-Training/.venv/lib/python3.10/site-packages/airflow/example_dags/subdags/subdag.py
[2023-11-04T16:48:42.959+0100] {processor.py:829} INFO - Processing file /Users/audioworkstation/Documents/WORKSPACE/LEARNING/Airflow-Training/.venv/lib/python3.10/site-packages/airflow/example_dags/subdags/subdag.py for tasks to queue
[2023-11-04T16:48:42.960+0100] {logging_mixin.py:151} INFO - [2023-11-04T16:48:42.960+0100] {dagbag.py:539} INFO - Filling up the DagBag from /Users/audioworkstation/Documents/WORKSPACE/LEARNING/Airflow-Training/.venv/lib/python3.10/site-packages/airflow/example_dags/subdags/subdag.py
[2023-11-04T16:48:42.964+0100] {processor.py:841} WARNING - No viable dags retrieved from /Users/audioworkstation/Documents/WORKSPACE/LEARNING/Airflow-Training/.venv/lib/python3.10/site-packages/airflow/example_dags/subdags/subdag.py
[2023-11-04T16:48:43.135+0100] {processor.py:179} INFO - Processing /Users/audioworkstation/Documents/WORKSPACE/LEARNING/Airflow-Training/.venv/lib/python3.10/site-packages/airflow/example_dags/subdags/subdag.py took 0.184 seconds
[2023-11-04T16:50:22.291+0100] {processor.py:157} INFO - Started process (PID=4894) to work on /Users/audioworkstation/Documents/WORKSPACE/LEARNING/Airflow-Training/.venv/lib/python3.10/site-packages/airflow/example_dags/subdags/subdag.py
[2023-11-04T16:50:22.295+0100] {processor.py:829} INFO - Processing file /Users/audioworkstation/Documents/WORKSPACE/LEARNING/Airflow-Training/.venv/lib/python3.10/site-packages/airflow/example_dags/subdags/subdag.py for tasks to queue
[2023-11-04T16:50:22.296+0100] {logging_mixin.py:151} INFO - [2023-11-04T16:50:22.296+0100] {dagbag.py:539} INFO - Filling up the DagBag from /Users/audioworkstation/Documents/WORKSPACE/LEARNING/Airflow-Training/.venv/lib/python3.10/site-packages/airflow/example_dags/subdags/subdag.py
[2023-11-04T16:50:22.299+0100] {processor.py:841} WARNING - No viable dags retrieved from /Users/audioworkstation/Documents/WORKSPACE/LEARNING/Airflow-Training/.venv/lib/python3.10/site-packages/airflow/example_dags/subdags/subdag.py
[2023-11-04T16:50:22.431+0100] {processor.py:179} INFO - Processing /Users/audioworkstation/Documents/WORKSPACE/LEARNING/Airflow-Training/.venv/lib/python3.10/site-packages/airflow/example_dags/subdags/subdag.py took 0.140 seconds
[2023-11-04T16:51:36.903+0100] {processor.py:157} INFO - Started process (PID=5144) to work on /Users/audioworkstation/Documents/WORKSPACE/LEARNING/Airflow-Training/.venv/lib/python3.10/site-packages/airflow/example_dags/subdags/subdag.py
[2023-11-04T16:51:36.912+0100] {processor.py:829} INFO - Processing file /Users/audioworkstation/Documents/WORKSPACE/LEARNING/Airflow-Training/.venv/lib/python3.10/site-packages/airflow/example_dags/subdags/subdag.py for tasks to queue
[2023-11-04T16:51:36.913+0100] {logging_mixin.py:151} INFO - [2023-11-04T16:51:36.913+0100] {dagbag.py:539} INFO - Filling up the DagBag from /Users/audioworkstation/Documents/WORKSPACE/LEARNING/Airflow-Training/.venv/lib/python3.10/site-packages/airflow/example_dags/subdags/subdag.py
[2023-11-04T16:51:36.920+0100] {processor.py:841} WARNING - No viable dags retrieved from /Users/audioworkstation/Documents/WORKSPACE/LEARNING/Airflow-Training/.venv/lib/python3.10/site-packages/airflow/example_dags/subdags/subdag.py
[2023-11-04T16:51:37.148+0100] {processor.py:179} INFO - Processing /Users/audioworkstation/Documents/WORKSPACE/LEARNING/Airflow-Training/.venv/lib/python3.10/site-packages/airflow/example_dags/subdags/subdag.py took 0.245 seconds
