[2023-11-05T10:52:04.847+0000] {processor.py:157} INFO - Started process (PID=1402) to work on /opt/airflow/dags/second_dag.py
[2023-11-05T10:52:04.849+0000] {processor.py:829} INFO - Processing file /opt/airflow/dags/second_dag.py for tasks to queue
[2023-11-05T10:52:04.852+0000] {logging_mixin.py:151} INFO - [2023-11-05T10:52:04.851+0000] {dagbag.py:536} INFO - Filling up the DagBag from /opt/airflow/dags/second_dag.py
[2023-11-05T10:52:04.889+0000] {processor.py:839} INFO - DAG(s) dict_keys(['my_second_dag']) retrieved from /opt/airflow/dags/second_dag.py
[2023-11-05T10:52:05.138+0000] {logging_mixin.py:151} INFO - [2023-11-05T10:52:05.138+0000] {manager.py:499} INFO - Created Permission View: %s
[2023-11-05T10:52:05.153+0000] {logging_mixin.py:151} INFO - [2023-11-05T10:52:05.152+0000] {manager.py:499} INFO - Created Permission View: %s
[2023-11-05T10:52:05.163+0000] {logging_mixin.py:151} INFO - [2023-11-05T10:52:05.163+0000] {manager.py:499} INFO - Created Permission View: %s
[2023-11-05T10:52:05.164+0000] {logging_mixin.py:151} INFO - [2023-11-05T10:52:05.164+0000] {dag.py:2941} INFO - Sync 1 DAGs
[2023-11-05T10:52:05.186+0000] {logging_mixin.py:151} INFO - [2023-11-05T10:52:05.186+0000] {dag.py:2963} INFO - Creating ORM DAG for my_second_dag
[2023-11-05T10:52:05.207+0000] {logging_mixin.py:151} INFO - [2023-11-05T10:52:05.207+0000] {dag.py:3722} INFO - Setting next_dagrun for my_second_dag to 2023-11-05T00:00:00+00:00, run_after=2023-11-06T00:00:00+00:00
[2023-11-05T10:52:05.232+0000] {processor.py:179} INFO - Processing /opt/airflow/dags/second_dag.py took 0.390 seconds
[2023-11-05T10:57:05.270+0000] {processor.py:157} INFO - Started process (PID=1538) to work on /opt/airflow/dags/second_dag.py
[2023-11-05T10:57:05.279+0000] {processor.py:829} INFO - Processing file /opt/airflow/dags/second_dag.py for tasks to queue
[2023-11-05T10:57:05.282+0000] {logging_mixin.py:151} INFO - [2023-11-05T10:57:05.282+0000] {dagbag.py:536} INFO - Filling up the DagBag from /opt/airflow/dags/second_dag.py
[2023-11-05T10:57:05.352+0000] {processor.py:839} INFO - DAG(s) dict_keys(['my_second_dag']) retrieved from /opt/airflow/dags/second_dag.py
[2023-11-05T10:57:05.575+0000] {logging_mixin.py:151} INFO - [2023-11-05T10:57:05.575+0000] {dag.py:2941} INFO - Sync 1 DAGs
[2023-11-05T10:57:05.597+0000] {logging_mixin.py:151} INFO - [2023-11-05T10:57:05.596+0000] {dag.py:2963} INFO - Creating ORM DAG for my_second_dag
[2023-11-05T10:57:05.619+0000] {logging_mixin.py:151} INFO - [2023-11-05T10:57:05.618+0000] {dag.py:3722} INFO - Setting next_dagrun for my_second_dag to 2023-11-05T00:00:00+00:00, run_after=2023-11-06T00:00:00+00:00
[2023-11-05T10:57:05.657+0000] {processor.py:179} INFO - Processing /opt/airflow/dags/second_dag.py took 0.396 seconds
[2023-11-05T10:57:35.747+0000] {processor.py:157} INFO - Started process (PID=1555) to work on /opt/airflow/dags/second_dag.py
[2023-11-05T10:57:35.749+0000] {processor.py:829} INFO - Processing file /opt/airflow/dags/second_dag.py for tasks to queue
[2023-11-05T10:57:35.751+0000] {logging_mixin.py:151} INFO - [2023-11-05T10:57:35.750+0000] {dagbag.py:536} INFO - Filling up the DagBag from /opt/airflow/dags/second_dag.py
[2023-11-05T10:57:35.777+0000] {processor.py:839} INFO - DAG(s) dict_keys(['my_second_dag']) retrieved from /opt/airflow/dags/second_dag.py
[2023-11-05T10:57:35.817+0000] {logging_mixin.py:151} INFO - [2023-11-05T10:57:35.817+0000] {dag.py:2941} INFO - Sync 1 DAGs
[2023-11-05T10:57:35.856+0000] {logging_mixin.py:151} INFO - [2023-11-05T10:57:35.856+0000] {dag.py:3722} INFO - Setting next_dagrun for my_second_dag to 2023-11-05T00:00:00+00:00, run_after=2023-11-06T00:00:00+00:00
[2023-11-05T10:57:35.895+0000] {processor.py:179} INFO - Processing /opt/airflow/dags/second_dag.py took 0.154 seconds
[2023-11-05T10:58:06.104+0000] {processor.py:157} INFO - Started process (PID=1572) to work on /opt/airflow/dags/second_dag.py
[2023-11-05T10:58:06.106+0000] {processor.py:829} INFO - Processing file /opt/airflow/dags/second_dag.py for tasks to queue
[2023-11-05T10:58:06.108+0000] {logging_mixin.py:151} INFO - [2023-11-05T10:58:06.107+0000] {dagbag.py:536} INFO - Filling up the DagBag from /opt/airflow/dags/second_dag.py
[2023-11-05T10:58:06.137+0000] {processor.py:839} INFO - DAG(s) dict_keys(['my_second_dag']) retrieved from /opt/airflow/dags/second_dag.py
[2023-11-05T10:58:06.182+0000] {logging_mixin.py:151} INFO - [2023-11-05T10:58:06.182+0000] {dag.py:2941} INFO - Sync 1 DAGs
[2023-11-05T10:58:06.228+0000] {logging_mixin.py:151} INFO - [2023-11-05T10:58:06.228+0000] {dag.py:3722} INFO - Setting next_dagrun for my_second_dag to 2023-11-05T00:00:00+00:00, run_after=2023-11-06T00:00:00+00:00
[2023-11-05T10:58:06.265+0000] {processor.py:179} INFO - Processing /opt/airflow/dags/second_dag.py took 0.166 seconds
[2023-11-05T10:58:36.463+0000] {processor.py:157} INFO - Started process (PID=1589) to work on /opt/airflow/dags/second_dag.py
[2023-11-05T10:58:36.464+0000] {processor.py:829} INFO - Processing file /opt/airflow/dags/second_dag.py for tasks to queue
[2023-11-05T10:58:36.466+0000] {logging_mixin.py:151} INFO - [2023-11-05T10:58:36.466+0000] {dagbag.py:536} INFO - Filling up the DagBag from /opt/airflow/dags/second_dag.py
[2023-11-05T10:58:36.493+0000] {processor.py:839} INFO - DAG(s) dict_keys(['my_second_dag']) retrieved from /opt/airflow/dags/second_dag.py
[2023-11-05T10:58:36.536+0000] {logging_mixin.py:151} INFO - [2023-11-05T10:58:36.535+0000] {dag.py:2941} INFO - Sync 1 DAGs
[2023-11-05T10:58:36.574+0000] {logging_mixin.py:151} INFO - [2023-11-05T10:58:36.574+0000] {dag.py:3722} INFO - Setting next_dagrun for my_second_dag to 2023-11-05T00:00:00+00:00, run_after=2023-11-06T00:00:00+00:00
[2023-11-05T10:58:36.612+0000] {processor.py:179} INFO - Processing /opt/airflow/dags/second_dag.py took 0.154 seconds
[2023-11-05T10:59:06.811+0000] {processor.py:157} INFO - Started process (PID=1606) to work on /opt/airflow/dags/second_dag.py
[2023-11-05T10:59:06.813+0000] {processor.py:829} INFO - Processing file /opt/airflow/dags/second_dag.py for tasks to queue
[2023-11-05T10:59:06.814+0000] {logging_mixin.py:151} INFO - [2023-11-05T10:59:06.814+0000] {dagbag.py:536} INFO - Filling up the DagBag from /opt/airflow/dags/second_dag.py
[2023-11-05T10:59:06.841+0000] {processor.py:839} INFO - DAG(s) dict_keys(['my_second_dag']) retrieved from /opt/airflow/dags/second_dag.py
[2023-11-05T10:59:06.883+0000] {logging_mixin.py:151} INFO - [2023-11-05T10:59:06.883+0000] {dag.py:2941} INFO - Sync 1 DAGs
[2023-11-05T10:59:06.921+0000] {logging_mixin.py:151} INFO - [2023-11-05T10:59:06.921+0000] {dag.py:3722} INFO - Setting next_dagrun for my_second_dag to 2023-11-05T00:00:00+00:00, run_after=2023-11-06T00:00:00+00:00
[2023-11-05T10:59:06.960+0000] {processor.py:179} INFO - Processing /opt/airflow/dags/second_dag.py took 0.154 seconds
[2023-11-05T10:59:37.158+0000] {processor.py:157} INFO - Started process (PID=1623) to work on /opt/airflow/dags/second_dag.py
[2023-11-05T10:59:37.160+0000] {processor.py:829} INFO - Processing file /opt/airflow/dags/second_dag.py for tasks to queue
[2023-11-05T10:59:37.163+0000] {logging_mixin.py:151} INFO - [2023-11-05T10:59:37.162+0000] {dagbag.py:536} INFO - Filling up the DagBag from /opt/airflow/dags/second_dag.py
[2023-11-05T10:59:37.190+0000] {processor.py:839} INFO - DAG(s) dict_keys(['my_second_dag']) retrieved from /opt/airflow/dags/second_dag.py
[2023-11-05T10:59:37.232+0000] {logging_mixin.py:151} INFO - [2023-11-05T10:59:37.232+0000] {dag.py:2941} INFO - Sync 1 DAGs
[2023-11-05T10:59:37.269+0000] {logging_mixin.py:151} INFO - [2023-11-05T10:59:37.269+0000] {dag.py:3722} INFO - Setting next_dagrun for my_second_dag to 2023-11-05T00:00:00+00:00, run_after=2023-11-06T00:00:00+00:00
[2023-11-05T10:59:37.305+0000] {processor.py:179} INFO - Processing /opt/airflow/dags/second_dag.py took 0.152 seconds
[2023-11-05T11:00:07.510+0000] {processor.py:157} INFO - Started process (PID=1640) to work on /opt/airflow/dags/second_dag.py
[2023-11-05T11:00:07.512+0000] {processor.py:829} INFO - Processing file /opt/airflow/dags/second_dag.py for tasks to queue
[2023-11-05T11:00:07.514+0000] {logging_mixin.py:151} INFO - [2023-11-05T11:00:07.513+0000] {dagbag.py:536} INFO - Filling up the DagBag from /opt/airflow/dags/second_dag.py
[2023-11-05T11:00:07.540+0000] {processor.py:839} INFO - DAG(s) dict_keys(['my_second_dag']) retrieved from /opt/airflow/dags/second_dag.py
[2023-11-05T11:00:07.580+0000] {logging_mixin.py:151} INFO - [2023-11-05T11:00:07.580+0000] {dag.py:2941} INFO - Sync 1 DAGs
[2023-11-05T11:00:07.620+0000] {logging_mixin.py:151} INFO - [2023-11-05T11:00:07.620+0000] {dag.py:3722} INFO - Setting next_dagrun for my_second_dag to 2023-11-05T00:00:00+00:00, run_after=2023-11-06T00:00:00+00:00
[2023-11-05T11:00:07.656+0000] {processor.py:179} INFO - Processing /opt/airflow/dags/second_dag.py took 0.152 seconds
[2023-11-05T11:00:37.852+0000] {processor.py:157} INFO - Started process (PID=1658) to work on /opt/airflow/dags/second_dag.py
[2023-11-05T11:00:37.854+0000] {processor.py:829} INFO - Processing file /opt/airflow/dags/second_dag.py for tasks to queue
[2023-11-05T11:00:37.856+0000] {logging_mixin.py:151} INFO - [2023-11-05T11:00:37.855+0000] {dagbag.py:536} INFO - Filling up the DagBag from /opt/airflow/dags/second_dag.py
[2023-11-05T11:00:37.882+0000] {processor.py:839} INFO - DAG(s) dict_keys(['my_second_dag']) retrieved from /opt/airflow/dags/second_dag.py
[2023-11-05T11:00:37.926+0000] {logging_mixin.py:151} INFO - [2023-11-05T11:00:37.925+0000] {dag.py:2941} INFO - Sync 1 DAGs
[2023-11-05T11:00:37.965+0000] {logging_mixin.py:151} INFO - [2023-11-05T11:00:37.965+0000] {dag.py:3722} INFO - Setting next_dagrun for my_second_dag to 2023-11-05T00:00:00+00:00, run_after=2023-11-06T00:00:00+00:00
[2023-11-05T11:00:38.002+0000] {processor.py:179} INFO - Processing /opt/airflow/dags/second_dag.py took 0.155 seconds
[2023-11-05T11:01:08.254+0000] {processor.py:157} INFO - Started process (PID=1675) to work on /opt/airflow/dags/second_dag.py
[2023-11-05T11:01:08.256+0000] {processor.py:829} INFO - Processing file /opt/airflow/dags/second_dag.py for tasks to queue
[2023-11-05T11:01:08.257+0000] {logging_mixin.py:151} INFO - [2023-11-05T11:01:08.257+0000] {dagbag.py:536} INFO - Filling up the DagBag from /opt/airflow/dags/second_dag.py
[2023-11-05T11:01:08.283+0000] {processor.py:839} INFO - DAG(s) dict_keys(['my_second_dag']) retrieved from /opt/airflow/dags/second_dag.py
[2023-11-05T11:01:08.321+0000] {logging_mixin.py:151} INFO - [2023-11-05T11:01:08.321+0000] {dag.py:2941} INFO - Sync 1 DAGs
[2023-11-05T11:01:08.358+0000] {logging_mixin.py:151} INFO - [2023-11-05T11:01:08.358+0000] {dag.py:3722} INFO - Setting next_dagrun for my_second_dag to 2023-11-05T00:00:00+00:00, run_after=2023-11-06T00:00:00+00:00
[2023-11-05T11:01:08.393+0000] {processor.py:179} INFO - Processing /opt/airflow/dags/second_dag.py took 0.145 seconds
[2023-11-05T11:01:38.584+0000] {processor.py:157} INFO - Started process (PID=1692) to work on /opt/airflow/dags/second_dag.py
[2023-11-05T11:01:38.586+0000] {processor.py:829} INFO - Processing file /opt/airflow/dags/second_dag.py for tasks to queue
[2023-11-05T11:01:38.587+0000] {logging_mixin.py:151} INFO - [2023-11-05T11:01:38.587+0000] {dagbag.py:536} INFO - Filling up the DagBag from /opt/airflow/dags/second_dag.py
[2023-11-05T11:01:38.612+0000] {processor.py:839} INFO - DAG(s) dict_keys(['my_second_dag']) retrieved from /opt/airflow/dags/second_dag.py
[2023-11-05T11:01:38.649+0000] {logging_mixin.py:151} INFO - [2023-11-05T11:01:38.649+0000] {dag.py:2941} INFO - Sync 1 DAGs
[2023-11-05T11:01:38.683+0000] {logging_mixin.py:151} INFO - [2023-11-05T11:01:38.683+0000] {dag.py:3722} INFO - Setting next_dagrun for my_second_dag to 2023-11-05T00:00:00+00:00, run_after=2023-11-06T00:00:00+00:00
[2023-11-05T11:01:38.716+0000] {processor.py:179} INFO - Processing /opt/airflow/dags/second_dag.py took 0.136 seconds
[2023-11-05T11:02:09.117+0000] {processor.py:157} INFO - Started process (PID=1719) to work on /opt/airflow/dags/second_dag.py
[2023-11-05T11:02:09.118+0000] {processor.py:829} INFO - Processing file /opt/airflow/dags/second_dag.py for tasks to queue
[2023-11-05T11:02:09.120+0000] {logging_mixin.py:151} INFO - [2023-11-05T11:02:09.119+0000] {dagbag.py:536} INFO - Filling up the DagBag from /opt/airflow/dags/second_dag.py
[2023-11-05T11:02:09.144+0000] {processor.py:839} INFO - DAG(s) dict_keys(['my_second_dag']) retrieved from /opt/airflow/dags/second_dag.py
[2023-11-05T11:02:09.180+0000] {logging_mixin.py:151} INFO - [2023-11-05T11:02:09.180+0000] {dag.py:2941} INFO - Sync 1 DAGs
[2023-11-05T11:02:09.215+0000] {logging_mixin.py:151} INFO - [2023-11-05T11:02:09.215+0000] {dag.py:3722} INFO - Setting next_dagrun for my_second_dag to 2023-11-05T00:00:00+00:00, run_after=2023-11-06T00:00:00+00:00
[2023-11-05T11:02:09.247+0000] {processor.py:179} INFO - Processing /opt/airflow/dags/second_dag.py took 0.136 seconds
[2023-11-05T11:02:39.576+0000] {processor.py:157} INFO - Started process (PID=1761) to work on /opt/airflow/dags/second_dag.py
[2023-11-05T11:02:39.577+0000] {processor.py:829} INFO - Processing file /opt/airflow/dags/second_dag.py for tasks to queue
[2023-11-05T11:02:39.579+0000] {logging_mixin.py:151} INFO - [2023-11-05T11:02:39.578+0000] {dagbag.py:536} INFO - Filling up the DagBag from /opt/airflow/dags/second_dag.py
[2023-11-05T11:02:39.604+0000] {processor.py:839} INFO - DAG(s) dict_keys(['my_second_dag']) retrieved from /opt/airflow/dags/second_dag.py
[2023-11-05T11:02:39.641+0000] {logging_mixin.py:151} INFO - [2023-11-05T11:02:39.641+0000] {dag.py:2941} INFO - Sync 1 DAGs
[2023-11-05T11:02:39.676+0000] {logging_mixin.py:151} INFO - [2023-11-05T11:02:39.676+0000] {dag.py:3722} INFO - Setting next_dagrun for my_second_dag to 2023-11-05T00:00:00+00:00, run_after=2023-11-06T00:00:00+00:00
[2023-11-05T11:02:39.709+0000] {processor.py:179} INFO - Processing /opt/airflow/dags/second_dag.py took 0.138 seconds
[2023-11-05T11:03:10.322+0000] {processor.py:157} INFO - Started process (PID=1813) to work on /opt/airflow/dags/second_dag.py
[2023-11-05T11:03:10.324+0000] {processor.py:829} INFO - Processing file /opt/airflow/dags/second_dag.py for tasks to queue
[2023-11-05T11:03:10.325+0000] {logging_mixin.py:151} INFO - [2023-11-05T11:03:10.325+0000] {dagbag.py:536} INFO - Filling up the DagBag from /opt/airflow/dags/second_dag.py
[2023-11-05T11:03:10.349+0000] {processor.py:839} INFO - DAG(s) dict_keys(['my_second_dag']) retrieved from /opt/airflow/dags/second_dag.py
[2023-11-05T11:03:10.385+0000] {logging_mixin.py:151} INFO - [2023-11-05T11:03:10.385+0000] {dag.py:2941} INFO - Sync 1 DAGs
[2023-11-05T11:03:10.419+0000] {logging_mixin.py:151} INFO - [2023-11-05T11:03:10.419+0000] {dag.py:3722} INFO - Setting next_dagrun for my_second_dag to 2023-11-05T00:00:00+00:00, run_after=2023-11-06T00:00:00+00:00
[2023-11-05T11:03:10.453+0000] {processor.py:179} INFO - Processing /opt/airflow/dags/second_dag.py took 0.135 seconds
[2023-11-05T11:03:41.093+0000] {processor.py:157} INFO - Started process (PID=1871) to work on /opt/airflow/dags/second_dag.py
[2023-11-05T11:03:41.095+0000] {processor.py:829} INFO - Processing file /opt/airflow/dags/second_dag.py for tasks to queue
[2023-11-05T11:03:41.096+0000] {logging_mixin.py:151} INFO - [2023-11-05T11:03:41.096+0000] {dagbag.py:536} INFO - Filling up the DagBag from /opt/airflow/dags/second_dag.py
[2023-11-05T11:03:41.121+0000] {processor.py:839} INFO - DAG(s) dict_keys(['my_second_dag']) retrieved from /opt/airflow/dags/second_dag.py
[2023-11-05T11:03:41.159+0000] {logging_mixin.py:151} INFO - [2023-11-05T11:03:41.159+0000] {dag.py:2941} INFO - Sync 1 DAGs
[2023-11-05T11:03:41.194+0000] {logging_mixin.py:151} INFO - [2023-11-05T11:03:41.194+0000] {dag.py:3722} INFO - Setting next_dagrun for my_second_dag to 2023-11-05T00:00:00+00:00, run_after=2023-11-06T00:00:00+00:00
[2023-11-05T11:03:41.227+0000] {processor.py:179} INFO - Processing /opt/airflow/dags/second_dag.py took 0.140 seconds
[2023-11-05T11:04:11.569+0000] {processor.py:157} INFO - Started process (PID=1904) to work on /opt/airflow/dags/second_dag.py
[2023-11-05T11:04:11.571+0000] {processor.py:829} INFO - Processing file /opt/airflow/dags/second_dag.py for tasks to queue
[2023-11-05T11:04:11.572+0000] {logging_mixin.py:151} INFO - [2023-11-05T11:04:11.572+0000] {dagbag.py:536} INFO - Filling up the DagBag from /opt/airflow/dags/second_dag.py
[2023-11-05T11:04:11.597+0000] {processor.py:839} INFO - DAG(s) dict_keys(['my_second_dag']) retrieved from /opt/airflow/dags/second_dag.py
[2023-11-05T11:04:11.634+0000] {logging_mixin.py:151} INFO - [2023-11-05T11:04:11.634+0000] {dag.py:2941} INFO - Sync 1 DAGs
[2023-11-05T11:04:11.669+0000] {logging_mixin.py:151} INFO - [2023-11-05T11:04:11.668+0000] {dag.py:3722} INFO - Setting next_dagrun for my_second_dag to 2023-11-05T00:00:00+00:00, run_after=2023-11-06T00:00:00+00:00
[2023-11-05T11:04:11.700+0000] {processor.py:179} INFO - Processing /opt/airflow/dags/second_dag.py took 0.137 seconds
[2023-11-05T11:04:41.971+0000] {processor.py:157} INFO - Started process (PID=1926) to work on /opt/airflow/dags/second_dag.py
[2023-11-05T11:04:41.973+0000] {processor.py:829} INFO - Processing file /opt/airflow/dags/second_dag.py for tasks to queue
[2023-11-05T11:04:41.976+0000] {logging_mixin.py:151} INFO - [2023-11-05T11:04:41.975+0000] {dagbag.py:536} INFO - Filling up the DagBag from /opt/airflow/dags/second_dag.py
[2023-11-05T11:04:42.007+0000] {processor.py:839} INFO - DAG(s) dict_keys(['my_second_dag']) retrieved from /opt/airflow/dags/second_dag.py
[2023-11-05T11:04:42.056+0000] {logging_mixin.py:151} INFO - [2023-11-05T11:04:42.055+0000] {dag.py:2941} INFO - Sync 1 DAGs
[2023-11-05T11:04:42.099+0000] {logging_mixin.py:151} INFO - [2023-11-05T11:04:42.099+0000] {dag.py:3722} INFO - Setting next_dagrun for my_second_dag to 2023-11-05T00:00:00+00:00, run_after=2023-11-06T00:00:00+00:00
[2023-11-05T11:04:42.139+0000] {processor.py:179} INFO - Processing /opt/airflow/dags/second_dag.py took 0.174 seconds
[2023-11-05T11:05:12.385+0000] {processor.py:157} INFO - Started process (PID=1957) to work on /opt/airflow/dags/second_dag.py
[2023-11-05T11:05:12.386+0000] {processor.py:829} INFO - Processing file /opt/airflow/dags/second_dag.py for tasks to queue
[2023-11-05T11:05:12.388+0000] {logging_mixin.py:151} INFO - [2023-11-05T11:05:12.388+0000] {dagbag.py:536} INFO - Filling up the DagBag from /opt/airflow/dags/second_dag.py
[2023-11-05T11:05:12.412+0000] {processor.py:839} INFO - DAG(s) dict_keys(['my_second_dag']) retrieved from /opt/airflow/dags/second_dag.py
[2023-11-05T11:05:12.449+0000] {logging_mixin.py:151} INFO - [2023-11-05T11:05:12.449+0000] {dag.py:2941} INFO - Sync 1 DAGs
[2023-11-05T11:05:12.483+0000] {logging_mixin.py:151} INFO - [2023-11-05T11:05:12.483+0000] {dag.py:3722} INFO - Setting next_dagrun for my_second_dag to 2023-11-05T00:00:00+00:00, run_after=2023-11-06T00:00:00+00:00
[2023-11-05T11:05:12.515+0000] {processor.py:179} INFO - Processing /opt/airflow/dags/second_dag.py took 0.136 seconds
[2023-11-05T11:05:43.071+0000] {processor.py:157} INFO - Started process (PID=1989) to work on /opt/airflow/dags/second_dag.py
[2023-11-05T11:05:43.073+0000] {processor.py:829} INFO - Processing file /opt/airflow/dags/second_dag.py for tasks to queue
[2023-11-05T11:05:43.075+0000] {logging_mixin.py:151} INFO - [2023-11-05T11:05:43.074+0000] {dagbag.py:536} INFO - Filling up the DagBag from /opt/airflow/dags/second_dag.py
[2023-11-05T11:05:43.100+0000] {processor.py:839} INFO - DAG(s) dict_keys(['my_second_dag']) retrieved from /opt/airflow/dags/second_dag.py
[2023-11-05T11:05:43.140+0000] {logging_mixin.py:151} INFO - [2023-11-05T11:05:43.140+0000] {dag.py:2941} INFO - Sync 1 DAGs
[2023-11-05T11:05:43.179+0000] {logging_mixin.py:151} INFO - [2023-11-05T11:05:43.179+0000] {dag.py:3722} INFO - Setting next_dagrun for my_second_dag to 2023-11-05T00:00:00+00:00, run_after=2023-11-06T00:00:00+00:00
[2023-11-05T11:05:43.212+0000] {processor.py:179} INFO - Processing /opt/airflow/dags/second_dag.py took 0.146 seconds
[2023-11-05T11:06:13.742+0000] {processor.py:157} INFO - Started process (PID=2026) to work on /opt/airflow/dags/second_dag.py
[2023-11-05T11:06:13.743+0000] {processor.py:829} INFO - Processing file /opt/airflow/dags/second_dag.py for tasks to queue
[2023-11-05T11:06:13.745+0000] {logging_mixin.py:151} INFO - [2023-11-05T11:06:13.744+0000] {dagbag.py:536} INFO - Filling up the DagBag from /opt/airflow/dags/second_dag.py
[2023-11-05T11:06:13.769+0000] {processor.py:839} INFO - DAG(s) dict_keys(['my_second_dag']) retrieved from /opt/airflow/dags/second_dag.py
[2023-11-05T11:06:13.804+0000] {logging_mixin.py:151} INFO - [2023-11-05T11:06:13.804+0000] {dag.py:2941} INFO - Sync 1 DAGs
[2023-11-05T11:06:13.839+0000] {logging_mixin.py:151} INFO - [2023-11-05T11:06:13.839+0000] {dag.py:3722} INFO - Setting next_dagrun for my_second_dag to 2023-11-05T00:00:00+00:00, run_after=2023-11-06T00:00:00+00:00
[2023-11-05T11:06:13.872+0000] {processor.py:179} INFO - Processing /opt/airflow/dags/second_dag.py took 0.135 seconds
[2023-11-05T11:06:44.328+0000] {processor.py:157} INFO - Started process (PID=2053) to work on /opt/airflow/dags/second_dag.py
[2023-11-05T11:06:44.330+0000] {processor.py:829} INFO - Processing file /opt/airflow/dags/second_dag.py for tasks to queue
[2023-11-05T11:06:44.331+0000] {logging_mixin.py:151} INFO - [2023-11-05T11:06:44.331+0000] {dagbag.py:536} INFO - Filling up the DagBag from /opt/airflow/dags/second_dag.py
[2023-11-05T11:06:44.356+0000] {processor.py:839} INFO - DAG(s) dict_keys(['my_second_dag']) retrieved from /opt/airflow/dags/second_dag.py
[2023-11-05T11:06:44.398+0000] {logging_mixin.py:151} INFO - [2023-11-05T11:06:44.398+0000] {dag.py:2941} INFO - Sync 1 DAGs
[2023-11-05T11:06:44.443+0000] {logging_mixin.py:151} INFO - [2023-11-05T11:06:44.443+0000] {dag.py:3722} INFO - Setting next_dagrun for my_second_dag to 2023-11-05T00:00:00+00:00, run_after=2023-11-06T00:00:00+00:00
[2023-11-05T11:06:44.483+0000] {processor.py:179} INFO - Processing /opt/airflow/dags/second_dag.py took 0.160 seconds
[2023-11-05T11:07:14.855+0000] {processor.py:157} INFO - Started process (PID=2084) to work on /opt/airflow/dags/second_dag.py
[2023-11-05T11:07:14.857+0000] {processor.py:829} INFO - Processing file /opt/airflow/dags/second_dag.py for tasks to queue
[2023-11-05T11:07:14.858+0000] {logging_mixin.py:151} INFO - [2023-11-05T11:07:14.858+0000] {dagbag.py:536} INFO - Filling up the DagBag from /opt/airflow/dags/second_dag.py
[2023-11-05T11:07:14.883+0000] {processor.py:839} INFO - DAG(s) dict_keys(['my_second_dag']) retrieved from /opt/airflow/dags/second_dag.py
[2023-11-05T11:07:14.918+0000] {logging_mixin.py:151} INFO - [2023-11-05T11:07:14.918+0000] {dag.py:2941} INFO - Sync 1 DAGs
[2023-11-05T11:07:14.952+0000] {logging_mixin.py:151} INFO - [2023-11-05T11:07:14.952+0000] {dag.py:3722} INFO - Setting next_dagrun for my_second_dag to 2023-11-05T00:00:00+00:00, run_after=2023-11-06T00:00:00+00:00
[2023-11-05T11:07:14.985+0000] {processor.py:179} INFO - Processing /opt/airflow/dags/second_dag.py took 0.135 seconds
[2023-11-05T11:07:45.448+0000] {processor.py:157} INFO - Started process (PID=2126) to work on /opt/airflow/dags/second_dag.py
[2023-11-05T11:07:45.450+0000] {processor.py:829} INFO - Processing file /opt/airflow/dags/second_dag.py for tasks to queue
[2023-11-05T11:07:45.451+0000] {logging_mixin.py:151} INFO - [2023-11-05T11:07:45.451+0000] {dagbag.py:536} INFO - Filling up the DagBag from /opt/airflow/dags/second_dag.py
[2023-11-05T11:07:45.477+0000] {processor.py:839} INFO - DAG(s) dict_keys(['my_second_dag']) retrieved from /opt/airflow/dags/second_dag.py
[2023-11-05T11:07:45.514+0000] {logging_mixin.py:151} INFO - [2023-11-05T11:07:45.514+0000] {dag.py:2941} INFO - Sync 1 DAGs
[2023-11-05T11:07:45.549+0000] {logging_mixin.py:151} INFO - [2023-11-05T11:07:45.549+0000] {dag.py:3722} INFO - Setting next_dagrun for my_second_dag to 2023-11-05T00:00:00+00:00, run_after=2023-11-06T00:00:00+00:00
[2023-11-05T11:07:45.581+0000] {processor.py:179} INFO - Processing /opt/airflow/dags/second_dag.py took 0.137 seconds
[2023-11-05T11:08:16.092+0000] {processor.py:157} INFO - Started process (PID=2167) to work on /opt/airflow/dags/second_dag.py
[2023-11-05T11:08:16.094+0000] {processor.py:829} INFO - Processing file /opt/airflow/dags/second_dag.py for tasks to queue
[2023-11-05T11:08:16.096+0000] {logging_mixin.py:151} INFO - [2023-11-05T11:08:16.095+0000] {dagbag.py:536} INFO - Filling up the DagBag from /opt/airflow/dags/second_dag.py
[2023-11-05T11:08:16.121+0000] {processor.py:839} INFO - DAG(s) dict_keys(['my_second_dag']) retrieved from /opt/airflow/dags/second_dag.py
[2023-11-05T11:08:16.158+0000] {logging_mixin.py:151} INFO - [2023-11-05T11:08:16.158+0000] {dag.py:2941} INFO - Sync 1 DAGs
[2023-11-05T11:08:16.192+0000] {logging_mixin.py:151} INFO - [2023-11-05T11:08:16.192+0000] {dag.py:3722} INFO - Setting next_dagrun for my_second_dag to 2023-11-05T00:00:00+00:00, run_after=2023-11-06T00:00:00+00:00
[2023-11-05T11:08:16.224+0000] {processor.py:179} INFO - Processing /opt/airflow/dags/second_dag.py took 0.136 seconds
[2023-11-05T11:08:46.642+0000] {processor.py:157} INFO - Started process (PID=2189) to work on /opt/airflow/dags/second_dag.py
[2023-11-05T11:08:46.644+0000] {processor.py:829} INFO - Processing file /opt/airflow/dags/second_dag.py for tasks to queue
[2023-11-05T11:08:46.645+0000] {logging_mixin.py:151} INFO - [2023-11-05T11:08:46.645+0000] {dagbag.py:536} INFO - Filling up the DagBag from /opt/airflow/dags/second_dag.py
[2023-11-05T11:08:46.670+0000] {processor.py:839} INFO - DAG(s) dict_keys(['my_second_dag']) retrieved from /opt/airflow/dags/second_dag.py
[2023-11-05T11:08:46.707+0000] {logging_mixin.py:151} INFO - [2023-11-05T11:08:46.706+0000] {dag.py:2941} INFO - Sync 1 DAGs
[2023-11-05T11:08:46.742+0000] {logging_mixin.py:151} INFO - [2023-11-05T11:08:46.742+0000] {dag.py:3722} INFO - Setting next_dagrun for my_second_dag to 2023-11-05T00:00:00+00:00, run_after=2023-11-06T00:00:00+00:00
[2023-11-05T11:08:46.775+0000] {processor.py:179} INFO - Processing /opt/airflow/dags/second_dag.py took 0.138 seconds
[2023-11-05T11:09:17.045+0000] {processor.py:157} INFO - Started process (PID=2211) to work on /opt/airflow/dags/second_dag.py
[2023-11-05T11:09:17.046+0000] {processor.py:829} INFO - Processing file /opt/airflow/dags/second_dag.py for tasks to queue
[2023-11-05T11:09:17.048+0000] {logging_mixin.py:151} INFO - [2023-11-05T11:09:17.048+0000] {dagbag.py:536} INFO - Filling up the DagBag from /opt/airflow/dags/second_dag.py
[2023-11-05T11:09:17.073+0000] {processor.py:839} INFO - DAG(s) dict_keys(['my_second_dag']) retrieved from /opt/airflow/dags/second_dag.py
[2023-11-05T11:09:17.111+0000] {logging_mixin.py:151} INFO - [2023-11-05T11:09:17.110+0000] {dag.py:2941} INFO - Sync 1 DAGs
[2023-11-05T11:09:17.147+0000] {logging_mixin.py:151} INFO - [2023-11-05T11:09:17.147+0000] {dag.py:3722} INFO - Setting next_dagrun for my_second_dag to 2023-11-05T00:00:00+00:00, run_after=2023-11-06T00:00:00+00:00
[2023-11-05T11:09:17.180+0000] {processor.py:179} INFO - Processing /opt/airflow/dags/second_dag.py took 0.141 seconds
[2023-11-05T11:09:47.513+0000] {processor.py:157} INFO - Started process (PID=2233) to work on /opt/airflow/dags/second_dag.py
[2023-11-05T11:09:47.514+0000] {processor.py:829} INFO - Processing file /opt/airflow/dags/second_dag.py for tasks to queue
[2023-11-05T11:09:47.516+0000] {logging_mixin.py:151} INFO - [2023-11-05T11:09:47.516+0000] {dagbag.py:536} INFO - Filling up the DagBag from /opt/airflow/dags/second_dag.py
[2023-11-05T11:09:47.543+0000] {processor.py:839} INFO - DAG(s) dict_keys(['my_second_dag']) retrieved from /opt/airflow/dags/second_dag.py
[2023-11-05T11:09:47.583+0000] {logging_mixin.py:151} INFO - [2023-11-05T11:09:47.583+0000] {dag.py:2941} INFO - Sync 1 DAGs
[2023-11-05T11:09:47.621+0000] {logging_mixin.py:151} INFO - [2023-11-05T11:09:47.621+0000] {dag.py:3722} INFO - Setting next_dagrun for my_second_dag to 2023-11-05T00:00:00+00:00, run_after=2023-11-06T00:00:00+00:00
[2023-11-05T11:09:47.660+0000] {processor.py:179} INFO - Processing /opt/airflow/dags/second_dag.py took 0.152 seconds
[2023-11-05T11:10:17.996+0000] {processor.py:157} INFO - Started process (PID=2255) to work on /opt/airflow/dags/second_dag.py
[2023-11-05T11:10:17.998+0000] {processor.py:829} INFO - Processing file /opt/airflow/dags/second_dag.py for tasks to queue
[2023-11-05T11:10:18.000+0000] {logging_mixin.py:151} INFO - [2023-11-05T11:10:17.999+0000] {dagbag.py:536} INFO - Filling up the DagBag from /opt/airflow/dags/second_dag.py
[2023-11-05T11:10:18.024+0000] {processor.py:839} INFO - DAG(s) dict_keys(['my_second_dag']) retrieved from /opt/airflow/dags/second_dag.py
[2023-11-05T11:10:18.062+0000] {logging_mixin.py:151} INFO - [2023-11-05T11:10:18.062+0000] {dag.py:2941} INFO - Sync 1 DAGs
[2023-11-05T11:10:18.097+0000] {logging_mixin.py:151} INFO - [2023-11-05T11:10:18.097+0000] {dag.py:3722} INFO - Setting next_dagrun for my_second_dag to 2023-11-05T00:00:00+00:00, run_after=2023-11-06T00:00:00+00:00
[2023-11-05T11:10:18.133+0000] {processor.py:179} INFO - Processing /opt/airflow/dags/second_dag.py took 0.143 seconds
[2023-11-05T11:10:48.410+0000] {processor.py:157} INFO - Started process (PID=2285) to work on /opt/airflow/dags/second_dag.py
[2023-11-05T11:10:48.415+0000] {processor.py:829} INFO - Processing file /opt/airflow/dags/second_dag.py for tasks to queue
[2023-11-05T11:10:48.417+0000] {logging_mixin.py:151} INFO - [2023-11-05T11:10:48.417+0000] {dagbag.py:536} INFO - Filling up the DagBag from /opt/airflow/dags/second_dag.py
[2023-11-05T11:10:48.445+0000] {processor.py:839} INFO - DAG(s) dict_keys(['my_second_dag']) retrieved from /opt/airflow/dags/second_dag.py
[2023-11-05T11:10:48.482+0000] {logging_mixin.py:151} INFO - [2023-11-05T11:10:48.482+0000] {dag.py:2941} INFO - Sync 1 DAGs
[2023-11-05T11:10:48.531+0000] {logging_mixin.py:151} INFO - [2023-11-05T11:10:48.531+0000] {dag.py:3722} INFO - Setting next_dagrun for my_second_dag to 2023-11-05T00:00:00+00:00, run_after=2023-11-06T00:00:00+00:00
[2023-11-05T11:10:48.585+0000] {processor.py:179} INFO - Processing /opt/airflow/dags/second_dag.py took 0.180 seconds
[2023-11-05T11:11:18.997+0000] {processor.py:157} INFO - Started process (PID=2320) to work on /opt/airflow/dags/second_dag.py
[2023-11-05T11:11:18.999+0000] {processor.py:829} INFO - Processing file /opt/airflow/dags/second_dag.py for tasks to queue
[2023-11-05T11:11:19.002+0000] {logging_mixin.py:151} INFO - [2023-11-05T11:11:19.002+0000] {dagbag.py:536} INFO - Filling up the DagBag from /opt/airflow/dags/second_dag.py
[2023-11-05T11:11:19.043+0000] {processor.py:839} INFO - DAG(s) dict_keys(['my_second_dag']) retrieved from /opt/airflow/dags/second_dag.py
[2023-11-05T11:11:19.086+0000] {logging_mixin.py:151} INFO - [2023-11-05T11:11:19.086+0000] {dag.py:2941} INFO - Sync 1 DAGs
[2023-11-05T11:11:19.129+0000] {logging_mixin.py:151} INFO - [2023-11-05T11:11:19.129+0000] {dag.py:3722} INFO - Setting next_dagrun for my_second_dag to 2023-11-05T00:00:00+00:00, run_after=2023-11-06T00:00:00+00:00
[2023-11-05T11:11:19.167+0000] {processor.py:179} INFO - Processing /opt/airflow/dags/second_dag.py took 0.176 seconds
[2023-11-05T11:11:49.407+0000] {processor.py:157} INFO - Started process (PID=2342) to work on /opt/airflow/dags/second_dag.py
[2023-11-05T11:11:49.410+0000] {processor.py:829} INFO - Processing file /opt/airflow/dags/second_dag.py for tasks to queue
[2023-11-05T11:11:49.413+0000] {logging_mixin.py:151} INFO - [2023-11-05T11:11:49.413+0000] {dagbag.py:536} INFO - Filling up the DagBag from /opt/airflow/dags/second_dag.py
[2023-11-05T11:11:49.442+0000] {processor.py:839} INFO - DAG(s) dict_keys(['my_second_dag']) retrieved from /opt/airflow/dags/second_dag.py
[2023-11-05T11:11:49.486+0000] {logging_mixin.py:151} INFO - [2023-11-05T11:11:49.486+0000] {dag.py:2941} INFO - Sync 1 DAGs
[2023-11-05T11:11:49.533+0000] {logging_mixin.py:151} INFO - [2023-11-05T11:11:49.532+0000] {dag.py:3722} INFO - Setting next_dagrun for my_second_dag to 2023-11-05T00:00:00+00:00, run_after=2023-11-06T00:00:00+00:00
[2023-11-05T11:11:49.567+0000] {processor.py:179} INFO - Processing /opt/airflow/dags/second_dag.py took 0.167 seconds
[2023-11-05T11:12:19.993+0000] {processor.py:157} INFO - Started process (PID=2364) to work on /opt/airflow/dags/second_dag.py
[2023-11-05T11:12:20.000+0000] {processor.py:829} INFO - Processing file /opt/airflow/dags/second_dag.py for tasks to queue
[2023-11-05T11:12:20.002+0000] {logging_mixin.py:151} INFO - [2023-11-05T11:12:20.002+0000] {dagbag.py:536} INFO - Filling up the DagBag from /opt/airflow/dags/second_dag.py
[2023-11-05T11:12:20.025+0000] {processor.py:839} INFO - DAG(s) dict_keys(['my_second_dag']) retrieved from /opt/airflow/dags/second_dag.py
[2023-11-05T11:12:20.062+0000] {logging_mixin.py:151} INFO - [2023-11-05T11:12:20.061+0000] {dag.py:2941} INFO - Sync 1 DAGs
[2023-11-05T11:12:20.094+0000] {logging_mixin.py:151} INFO - [2023-11-05T11:12:20.094+0000] {dag.py:3722} INFO - Setting next_dagrun for my_second_dag to 2023-11-05T00:00:00+00:00, run_after=2023-11-06T00:00:00+00:00
[2023-11-05T11:12:20.125+0000] {processor.py:179} INFO - Processing /opt/airflow/dags/second_dag.py took 0.136 seconds
[2023-11-05T11:12:50.360+0000] {processor.py:157} INFO - Started process (PID=2386) to work on /opt/airflow/dags/second_dag.py
[2023-11-05T11:12:50.367+0000] {processor.py:829} INFO - Processing file /opt/airflow/dags/second_dag.py for tasks to queue
[2023-11-05T11:12:50.369+0000] {logging_mixin.py:151} INFO - [2023-11-05T11:12:50.369+0000] {dagbag.py:536} INFO - Filling up the DagBag from /opt/airflow/dags/second_dag.py
[2023-11-05T11:12:50.394+0000] {processor.py:839} INFO - DAG(s) dict_keys(['my_second_dag']) retrieved from /opt/airflow/dags/second_dag.py
[2023-11-05T11:12:50.429+0000] {logging_mixin.py:151} INFO - [2023-11-05T11:12:50.429+0000] {dag.py:2941} INFO - Sync 1 DAGs
[2023-11-05T11:12:50.462+0000] {logging_mixin.py:151} INFO - [2023-11-05T11:12:50.462+0000] {dag.py:3722} INFO - Setting next_dagrun for my_second_dag to 2023-11-05T00:00:00+00:00, run_after=2023-11-06T00:00:00+00:00
[2023-11-05T11:12:50.493+0000] {processor.py:179} INFO - Processing /opt/airflow/dags/second_dag.py took 0.138 seconds
[2023-11-05T11:13:20.844+0000] {processor.py:157} INFO - Started process (PID=2411) to work on /opt/airflow/dags/second_dag.py
[2023-11-05T11:13:20.846+0000] {processor.py:829} INFO - Processing file /opt/airflow/dags/second_dag.py for tasks to queue
[2023-11-05T11:13:20.848+0000] {logging_mixin.py:151} INFO - [2023-11-05T11:13:20.847+0000] {dagbag.py:536} INFO - Filling up the DagBag from /opt/airflow/dags/second_dag.py
[2023-11-05T11:13:20.872+0000] {processor.py:839} INFO - DAG(s) dict_keys(['my_second_dag']) retrieved from /opt/airflow/dags/second_dag.py
[2023-11-05T11:13:20.905+0000] {logging_mixin.py:151} INFO - [2023-11-05T11:13:20.905+0000] {dag.py:2941} INFO - Sync 1 DAGs
[2023-11-05T11:13:20.938+0000] {logging_mixin.py:151} INFO - [2023-11-05T11:13:20.938+0000] {dag.py:3722} INFO - Setting next_dagrun for my_second_dag to 2023-11-05T00:00:00+00:00, run_after=2023-11-06T00:00:00+00:00
[2023-11-05T11:13:20.969+0000] {processor.py:179} INFO - Processing /opt/airflow/dags/second_dag.py took 0.129 seconds
[2023-11-05T11:13:51.225+0000] {processor.py:157} INFO - Started process (PID=2433) to work on /opt/airflow/dags/second_dag.py
[2023-11-05T11:13:51.226+0000] {processor.py:829} INFO - Processing file /opt/airflow/dags/second_dag.py for tasks to queue
[2023-11-05T11:13:51.228+0000] {logging_mixin.py:151} INFO - [2023-11-05T11:13:51.228+0000] {dagbag.py:536} INFO - Filling up the DagBag from /opt/airflow/dags/second_dag.py
[2023-11-05T11:13:51.260+0000] {processor.py:839} INFO - DAG(s) dict_keys(['my_second_dag']) retrieved from /opt/airflow/dags/second_dag.py
[2023-11-05T11:13:51.297+0000] {logging_mixin.py:151} INFO - [2023-11-05T11:13:51.297+0000] {dag.py:2941} INFO - Sync 1 DAGs
[2023-11-05T11:13:51.333+0000] {logging_mixin.py:151} INFO - [2023-11-05T11:13:51.332+0000] {dag.py:3722} INFO - Setting next_dagrun for my_second_dag to 2023-11-05T00:00:00+00:00, run_after=2023-11-06T00:00:00+00:00
[2023-11-05T11:13:51.363+0000] {processor.py:179} INFO - Processing /opt/airflow/dags/second_dag.py took 0.143 seconds
[2023-11-05T11:14:21.715+0000] {processor.py:157} INFO - Started process (PID=2455) to work on /opt/airflow/dags/second_dag.py
[2023-11-05T11:14:21.718+0000] {processor.py:829} INFO - Processing file /opt/airflow/dags/second_dag.py for tasks to queue
[2023-11-05T11:14:21.720+0000] {logging_mixin.py:151} INFO - [2023-11-05T11:14:21.719+0000] {dagbag.py:536} INFO - Filling up the DagBag from /opt/airflow/dags/second_dag.py
[2023-11-05T11:14:21.744+0000] {processor.py:839} INFO - DAG(s) dict_keys(['my_second_dag']) retrieved from /opt/airflow/dags/second_dag.py
[2023-11-05T11:14:21.780+0000] {logging_mixin.py:151} INFO - [2023-11-05T11:14:21.780+0000] {dag.py:2941} INFO - Sync 1 DAGs
[2023-11-05T11:14:21.816+0000] {logging_mixin.py:151} INFO - [2023-11-05T11:14:21.816+0000] {dag.py:3722} INFO - Setting next_dagrun for my_second_dag to 2023-11-05T00:00:00+00:00, run_after=2023-11-06T00:00:00+00:00
[2023-11-05T11:14:21.849+0000] {processor.py:179} INFO - Processing /opt/airflow/dags/second_dag.py took 0.139 seconds
[2023-11-05T11:14:52.569+0000] {processor.py:157} INFO - Started process (PID=2502) to work on /opt/airflow/dags/second_dag.py
[2023-11-05T11:14:52.573+0000] {processor.py:829} INFO - Processing file /opt/airflow/dags/second_dag.py for tasks to queue
[2023-11-05T11:14:52.579+0000] {logging_mixin.py:151} INFO - [2023-11-05T11:14:52.578+0000] {dagbag.py:536} INFO - Filling up the DagBag from /opt/airflow/dags/second_dag.py
[2023-11-05T11:14:52.628+0000] {processor.py:839} INFO - DAG(s) dict_keys(['my_second_dag']) retrieved from /opt/airflow/dags/second_dag.py
[2023-11-05T11:14:52.697+0000] {logging_mixin.py:151} INFO - [2023-11-05T11:14:52.697+0000] {dag.py:2941} INFO - Sync 1 DAGs
[2023-11-05T11:14:52.772+0000] {logging_mixin.py:151} INFO - [2023-11-05T11:14:52.772+0000] {dag.py:3722} INFO - Setting next_dagrun for my_second_dag to 2023-11-05T00:00:00+00:00, run_after=2023-11-06T00:00:00+00:00
[2023-11-05T11:14:52.827+0000] {processor.py:179} INFO - Processing /opt/airflow/dags/second_dag.py took 0.266 seconds
[2023-11-05T11:15:23.144+0000] {processor.py:157} INFO - Started process (PID=2533) to work on /opt/airflow/dags/second_dag.py
[2023-11-05T11:15:23.146+0000] {processor.py:829} INFO - Processing file /opt/airflow/dags/second_dag.py for tasks to queue
[2023-11-05T11:15:23.147+0000] {logging_mixin.py:151} INFO - [2023-11-05T11:15:23.147+0000] {dagbag.py:536} INFO - Filling up the DagBag from /opt/airflow/dags/second_dag.py
[2023-11-05T11:15:23.172+0000] {processor.py:839} INFO - DAG(s) dict_keys(['my_second_dag']) retrieved from /opt/airflow/dags/second_dag.py
[2023-11-05T11:15:23.211+0000] {logging_mixin.py:151} INFO - [2023-11-05T11:15:23.211+0000] {dag.py:2941} INFO - Sync 1 DAGs
[2023-11-05T11:15:23.248+0000] {logging_mixin.py:151} INFO - [2023-11-05T11:15:23.248+0000] {dag.py:3722} INFO - Setting next_dagrun for my_second_dag to 2023-11-05T00:00:00+00:00, run_after=2023-11-06T00:00:00+00:00
[2023-11-05T11:15:23.282+0000] {processor.py:179} INFO - Processing /opt/airflow/dags/second_dag.py took 0.143 seconds
[2023-11-05T11:15:53.627+0000] {processor.py:157} INFO - Started process (PID=2555) to work on /opt/airflow/dags/second_dag.py
[2023-11-05T11:15:53.629+0000] {processor.py:829} INFO - Processing file /opt/airflow/dags/second_dag.py for tasks to queue
[2023-11-05T11:15:53.632+0000] {logging_mixin.py:151} INFO - [2023-11-05T11:15:53.631+0000] {dagbag.py:536} INFO - Filling up the DagBag from /opt/airflow/dags/second_dag.py
[2023-11-05T11:15:53.658+0000] {processor.py:839} INFO - DAG(s) dict_keys(['my_second_dag']) retrieved from /opt/airflow/dags/second_dag.py
[2023-11-05T11:15:53.697+0000] {logging_mixin.py:151} INFO - [2023-11-05T11:15:53.697+0000] {dag.py:2941} INFO - Sync 1 DAGs
[2023-11-05T11:15:53.735+0000] {logging_mixin.py:151} INFO - [2023-11-05T11:15:53.734+0000] {dag.py:3722} INFO - Setting next_dagrun for my_second_dag to 2023-11-05T00:00:00+00:00, run_after=2023-11-06T00:00:00+00:00
[2023-11-05T11:15:53.771+0000] {processor.py:179} INFO - Processing /opt/airflow/dags/second_dag.py took 0.150 seconds
[2023-11-05T11:16:24.057+0000] {processor.py:157} INFO - Started process (PID=2577) to work on /opt/airflow/dags/second_dag.py
[2023-11-05T11:16:24.064+0000] {processor.py:829} INFO - Processing file /opt/airflow/dags/second_dag.py for tasks to queue
[2023-11-05T11:16:24.066+0000] {logging_mixin.py:151} INFO - [2023-11-05T11:16:24.066+0000] {dagbag.py:536} INFO - Filling up the DagBag from /opt/airflow/dags/second_dag.py
[2023-11-05T11:16:24.091+0000] {processor.py:839} INFO - DAG(s) dict_keys(['my_second_dag']) retrieved from /opt/airflow/dags/second_dag.py
[2023-11-05T11:16:24.127+0000] {logging_mixin.py:151} INFO - [2023-11-05T11:16:24.127+0000] {dag.py:2941} INFO - Sync 1 DAGs
[2023-11-05T11:16:24.160+0000] {logging_mixin.py:151} INFO - [2023-11-05T11:16:24.160+0000] {dag.py:3722} INFO - Setting next_dagrun for my_second_dag to 2023-11-05T00:00:00+00:00, run_after=2023-11-06T00:00:00+00:00
[2023-11-05T11:16:24.192+0000] {processor.py:179} INFO - Processing /opt/airflow/dags/second_dag.py took 0.140 seconds
[2023-11-05T11:16:54.513+0000] {processor.py:157} INFO - Started process (PID=2599) to work on /opt/airflow/dags/second_dag.py
[2023-11-05T11:16:54.520+0000] {processor.py:829} INFO - Processing file /opt/airflow/dags/second_dag.py for tasks to queue
[2023-11-05T11:16:54.522+0000] {logging_mixin.py:151} INFO - [2023-11-05T11:16:54.522+0000] {dagbag.py:536} INFO - Filling up the DagBag from /opt/airflow/dags/second_dag.py
[2023-11-05T11:16:54.546+0000] {processor.py:839} INFO - DAG(s) dict_keys(['my_second_dag']) retrieved from /opt/airflow/dags/second_dag.py
[2023-11-05T11:16:54.581+0000] {logging_mixin.py:151} INFO - [2023-11-05T11:16:54.581+0000] {dag.py:2941} INFO - Sync 1 DAGs
[2023-11-05T11:16:54.613+0000] {logging_mixin.py:151} INFO - [2023-11-05T11:16:54.613+0000] {dag.py:3722} INFO - Setting next_dagrun for my_second_dag to 2023-11-05T00:00:00+00:00, run_after=2023-11-06T00:00:00+00:00
[2023-11-05T11:16:54.645+0000] {processor.py:179} INFO - Processing /opt/airflow/dags/second_dag.py took 0.138 seconds
[2023-11-05T11:17:24.961+0000] {processor.py:157} INFO - Started process (PID=2628) to work on /opt/airflow/dags/second_dag.py
[2023-11-05T11:17:24.963+0000] {processor.py:829} INFO - Processing file /opt/airflow/dags/second_dag.py for tasks to queue
[2023-11-05T11:17:24.966+0000] {logging_mixin.py:151} INFO - [2023-11-05T11:17:24.965+0000] {dagbag.py:536} INFO - Filling up the DagBag from /opt/airflow/dags/second_dag.py
[2023-11-05T11:17:24.992+0000] {processor.py:839} INFO - DAG(s) dict_keys(['my_second_dag']) retrieved from /opt/airflow/dags/second_dag.py
[2023-11-05T11:17:25.028+0000] {logging_mixin.py:151} INFO - [2023-11-05T11:17:25.027+0000] {dag.py:2941} INFO - Sync 1 DAGs
[2023-11-05T11:17:25.061+0000] {logging_mixin.py:151} INFO - [2023-11-05T11:17:25.061+0000] {dag.py:3722} INFO - Setting next_dagrun for my_second_dag to 2023-11-05T00:00:00+00:00, run_after=2023-11-06T00:00:00+00:00
[2023-11-05T11:17:25.089+0000] {processor.py:179} INFO - Processing /opt/airflow/dags/second_dag.py took 0.133 seconds
[2023-11-05T11:17:55.401+0000] {processor.py:157} INFO - Started process (PID=2651) to work on /opt/airflow/dags/second_dag.py
[2023-11-05T11:17:55.403+0000] {processor.py:829} INFO - Processing file /opt/airflow/dags/second_dag.py for tasks to queue
[2023-11-05T11:17:55.404+0000] {logging_mixin.py:151} INFO - [2023-11-05T11:17:55.404+0000] {dagbag.py:536} INFO - Filling up the DagBag from /opt/airflow/dags/second_dag.py
[2023-11-05T11:17:55.430+0000] {processor.py:839} INFO - DAG(s) dict_keys(['my_second_dag']) retrieved from /opt/airflow/dags/second_dag.py
[2023-11-05T11:17:55.468+0000] {logging_mixin.py:151} INFO - [2023-11-05T11:17:55.468+0000] {dag.py:2941} INFO - Sync 1 DAGs
[2023-11-05T11:17:55.505+0000] {logging_mixin.py:151} INFO - [2023-11-05T11:17:55.505+0000] {dag.py:3722} INFO - Setting next_dagrun for my_second_dag to 2023-11-05T00:00:00+00:00, run_after=2023-11-06T00:00:00+00:00
[2023-11-05T11:17:55.533+0000] {processor.py:179} INFO - Processing /opt/airflow/dags/second_dag.py took 0.137 seconds
[2023-11-05T11:18:25.753+0000] {processor.py:157} INFO - Started process (PID=2673) to work on /opt/airflow/dags/second_dag.py
[2023-11-05T11:18:25.757+0000] {processor.py:829} INFO - Processing file /opt/airflow/dags/second_dag.py for tasks to queue
[2023-11-05T11:18:25.759+0000] {logging_mixin.py:151} INFO - [2023-11-05T11:18:25.759+0000] {dagbag.py:536} INFO - Filling up the DagBag from /opt/airflow/dags/second_dag.py
[2023-11-05T11:18:25.793+0000] {processor.py:839} INFO - DAG(s) dict_keys(['my_second_dag']) retrieved from /opt/airflow/dags/second_dag.py
[2023-11-05T11:18:25.832+0000] {logging_mixin.py:151} INFO - [2023-11-05T11:18:25.831+0000] {dag.py:2941} INFO - Sync 1 DAGs
[2023-11-05T11:18:25.869+0000] {logging_mixin.py:151} INFO - [2023-11-05T11:18:25.869+0000] {dag.py:3722} INFO - Setting next_dagrun for my_second_dag to 2023-11-05T00:00:00+00:00, run_after=2023-11-06T00:00:00+00:00
[2023-11-05T11:18:25.899+0000] {processor.py:179} INFO - Processing /opt/airflow/dags/second_dag.py took 0.154 seconds
[2023-11-05T11:18:56.198+0000] {processor.py:157} INFO - Started process (PID=2695) to work on /opt/airflow/dags/second_dag.py
[2023-11-05T11:18:56.200+0000] {processor.py:829} INFO - Processing file /opt/airflow/dags/second_dag.py for tasks to queue
[2023-11-05T11:18:56.201+0000] {logging_mixin.py:151} INFO - [2023-11-05T11:18:56.201+0000] {dagbag.py:536} INFO - Filling up the DagBag from /opt/airflow/dags/second_dag.py
[2023-11-05T11:18:56.225+0000] {processor.py:839} INFO - DAG(s) dict_keys(['my_second_dag']) retrieved from /opt/airflow/dags/second_dag.py
[2023-11-05T11:18:56.263+0000] {logging_mixin.py:151} INFO - [2023-11-05T11:18:56.263+0000] {dag.py:2941} INFO - Sync 1 DAGs
[2023-11-05T11:18:56.297+0000] {logging_mixin.py:151} INFO - [2023-11-05T11:18:56.297+0000] {dag.py:3722} INFO - Setting next_dagrun for my_second_dag to 2023-11-05T00:00:00+00:00, run_after=2023-11-06T00:00:00+00:00
[2023-11-05T11:18:56.328+0000] {processor.py:179} INFO - Processing /opt/airflow/dags/second_dag.py took 0.135 seconds
[2023-11-05T11:19:26.715+0000] {processor.py:157} INFO - Started process (PID=2717) to work on /opt/airflow/dags/second_dag.py
[2023-11-05T11:19:26.717+0000] {processor.py:829} INFO - Processing file /opt/airflow/dags/second_dag.py for tasks to queue
[2023-11-05T11:19:26.718+0000] {logging_mixin.py:151} INFO - [2023-11-05T11:19:26.718+0000] {dagbag.py:536} INFO - Filling up the DagBag from /opt/airflow/dags/second_dag.py
[2023-11-05T11:19:26.743+0000] {processor.py:839} INFO - DAG(s) dict_keys(['my_second_dag']) retrieved from /opt/airflow/dags/second_dag.py
[2023-11-05T11:19:26.778+0000] {logging_mixin.py:151} INFO - [2023-11-05T11:19:26.777+0000] {dag.py:2941} INFO - Sync 1 DAGs
[2023-11-05T11:19:26.810+0000] {logging_mixin.py:151} INFO - [2023-11-05T11:19:26.810+0000] {dag.py:3722} INFO - Setting next_dagrun for my_second_dag to 2023-11-05T00:00:00+00:00, run_after=2023-11-06T00:00:00+00:00
[2023-11-05T11:19:26.838+0000] {processor.py:179} INFO - Processing /opt/airflow/dags/second_dag.py took 0.129 seconds
[2023-11-05T11:19:57.170+0000] {processor.py:157} INFO - Started process (PID=2732) to work on /opt/airflow/dags/second_dag.py
[2023-11-05T11:19:57.179+0000] {processor.py:829} INFO - Processing file /opt/airflow/dags/second_dag.py for tasks to queue
[2023-11-05T11:19:57.184+0000] {logging_mixin.py:151} INFO - [2023-11-05T11:19:57.184+0000] {dagbag.py:536} INFO - Filling up the DagBag from /opt/airflow/dags/second_dag.py
[2023-11-05T11:19:57.267+0000] {processor.py:839} INFO - DAG(s) dict_keys(['my_second_dag']) retrieved from /opt/airflow/dags/second_dag.py
[2023-11-05T11:19:57.337+0000] {logging_mixin.py:151} INFO - [2023-11-05T11:19:57.336+0000] {dag.py:2941} INFO - Sync 1 DAGs
[2023-11-05T11:19:57.402+0000] {logging_mixin.py:151} INFO - [2023-11-05T11:19:57.402+0000] {dag.py:3722} INFO - Setting next_dagrun for my_second_dag to 2023-11-05T00:00:00+00:00, run_after=2023-11-06T00:00:00+00:00
[2023-11-05T11:19:57.481+0000] {processor.py:179} INFO - Processing /opt/airflow/dags/second_dag.py took 0.324 seconds
[2023-11-05T11:20:27.711+0000] {processor.py:157} INFO - Started process (PID=2756) to work on /opt/airflow/dags/second_dag.py
[2023-11-05T11:20:27.713+0000] {processor.py:829} INFO - Processing file /opt/airflow/dags/second_dag.py for tasks to queue
[2023-11-05T11:20:27.715+0000] {logging_mixin.py:151} INFO - [2023-11-05T11:20:27.714+0000] {dagbag.py:536} INFO - Filling up the DagBag from /opt/airflow/dags/second_dag.py
[2023-11-05T11:20:27.740+0000] {processor.py:839} INFO - DAG(s) dict_keys(['my_second_dag']) retrieved from /opt/airflow/dags/second_dag.py
[2023-11-05T11:20:27.780+0000] {logging_mixin.py:151} INFO - [2023-11-05T11:20:27.780+0000] {dag.py:2941} INFO - Sync 1 DAGs
[2023-11-05T11:20:27.816+0000] {logging_mixin.py:151} INFO - [2023-11-05T11:20:27.816+0000] {dag.py:3722} INFO - Setting next_dagrun for my_second_dag to 2023-11-05T00:00:00+00:00, run_after=2023-11-06T00:00:00+00:00
[2023-11-05T11:20:27.848+0000] {processor.py:179} INFO - Processing /opt/airflow/dags/second_dag.py took 0.143 seconds
[2023-11-05T11:20:58.081+0000] {processor.py:157} INFO - Started process (PID=2786) to work on /opt/airflow/dags/second_dag.py
[2023-11-05T11:20:58.085+0000] {processor.py:829} INFO - Processing file /opt/airflow/dags/second_dag.py for tasks to queue
[2023-11-05T11:20:58.087+0000] {logging_mixin.py:151} INFO - [2023-11-05T11:20:58.086+0000] {dagbag.py:536} INFO - Filling up the DagBag from /opt/airflow/dags/second_dag.py
[2023-11-05T11:20:58.119+0000] {processor.py:839} INFO - DAG(s) dict_keys(['my_second_dag']) retrieved from /opt/airflow/dags/second_dag.py
[2023-11-05T11:20:58.160+0000] {logging_mixin.py:151} INFO - [2023-11-05T11:20:58.160+0000] {dag.py:2941} INFO - Sync 1 DAGs
[2023-11-05T11:20:58.196+0000] {logging_mixin.py:151} INFO - [2023-11-05T11:20:58.196+0000] {dag.py:3722} INFO - Setting next_dagrun for my_second_dag to 2023-11-05T00:00:00+00:00, run_after=2023-11-06T00:00:00+00:00
[2023-11-05T11:20:58.225+0000] {processor.py:179} INFO - Processing /opt/airflow/dags/second_dag.py took 0.149 seconds
[2023-11-05T11:21:28.802+0000] {processor.py:157} INFO - Started process (PID=2825) to work on /opt/airflow/dags/second_dag.py
[2023-11-05T11:21:28.804+0000] {processor.py:829} INFO - Processing file /opt/airflow/dags/second_dag.py for tasks to queue
[2023-11-05T11:21:28.805+0000] {logging_mixin.py:151} INFO - [2023-11-05T11:21:28.805+0000] {dagbag.py:536} INFO - Filling up the DagBag from /opt/airflow/dags/second_dag.py
[2023-11-05T11:21:28.830+0000] {processor.py:839} INFO - DAG(s) dict_keys(['my_second_dag']) retrieved from /opt/airflow/dags/second_dag.py
[2023-11-05T11:21:28.866+0000] {logging_mixin.py:151} INFO - [2023-11-05T11:21:28.866+0000] {dag.py:2941} INFO - Sync 1 DAGs
[2023-11-05T11:21:28.899+0000] {logging_mixin.py:151} INFO - [2023-11-05T11:21:28.898+0000] {dag.py:3722} INFO - Setting next_dagrun for my_second_dag to 2023-11-05T00:00:00+00:00, run_after=2023-11-06T00:00:00+00:00
[2023-11-05T11:21:28.932+0000] {processor.py:179} INFO - Processing /opt/airflow/dags/second_dag.py took 0.134 seconds
[2023-11-05T11:21:59.472+0000] {processor.py:157} INFO - Started process (PID=2862) to work on /opt/airflow/dags/second_dag.py
[2023-11-05T11:21:59.474+0000] {processor.py:829} INFO - Processing file /opt/airflow/dags/second_dag.py for tasks to queue
[2023-11-05T11:21:59.475+0000] {logging_mixin.py:151} INFO - [2023-11-05T11:21:59.475+0000] {dagbag.py:536} INFO - Filling up the DagBag from /opt/airflow/dags/second_dag.py
[2023-11-05T11:21:59.501+0000] {processor.py:839} INFO - DAG(s) dict_keys(['my_second_dag']) retrieved from /opt/airflow/dags/second_dag.py
[2023-11-05T11:21:59.540+0000] {logging_mixin.py:151} INFO - [2023-11-05T11:21:59.539+0000] {dag.py:2941} INFO - Sync 1 DAGs
[2023-11-05T11:21:59.576+0000] {logging_mixin.py:151} INFO - [2023-11-05T11:21:59.576+0000] {dag.py:3722} INFO - Setting next_dagrun for my_second_dag to 2023-11-05T00:00:00+00:00, run_after=2023-11-06T00:00:00+00:00
[2023-11-05T11:21:59.616+0000] {processor.py:179} INFO - Processing /opt/airflow/dags/second_dag.py took 0.149 seconds
[2023-11-05T11:22:29.870+0000] {processor.py:157} INFO - Started process (PID=2900) to work on /opt/airflow/dags/second_dag.py
[2023-11-05T11:22:29.872+0000] {processor.py:829} INFO - Processing file /opt/airflow/dags/second_dag.py for tasks to queue
[2023-11-05T11:22:29.874+0000] {logging_mixin.py:151} INFO - [2023-11-05T11:22:29.874+0000] {dagbag.py:536} INFO - Filling up the DagBag from /opt/airflow/dags/second_dag.py
[2023-11-05T11:22:29.903+0000] {processor.py:839} INFO - DAG(s) dict_keys(['my_second_dag']) retrieved from /opt/airflow/dags/second_dag.py
[2023-11-05T11:22:29.943+0000] {logging_mixin.py:151} INFO - [2023-11-05T11:22:29.943+0000] {dag.py:2941} INFO - Sync 1 DAGs
[2023-11-05T11:22:29.987+0000] {logging_mixin.py:151} INFO - [2023-11-05T11:22:29.986+0000] {dag.py:3722} INFO - Setting next_dagrun for my_second_dag to 2023-11-05T00:00:00+00:00, run_after=2023-11-06T00:00:00+00:00
[2023-11-05T11:22:30.032+0000] {processor.py:179} INFO - Processing /opt/airflow/dags/second_dag.py took 0.167 seconds
[2023-11-05T11:23:00.423+0000] {processor.py:157} INFO - Started process (PID=2922) to work on /opt/airflow/dags/second_dag.py
[2023-11-05T11:23:00.426+0000] {processor.py:829} INFO - Processing file /opt/airflow/dags/second_dag.py for tasks to queue
[2023-11-05T11:23:00.429+0000] {logging_mixin.py:151} INFO - [2023-11-05T11:23:00.428+0000] {dagbag.py:536} INFO - Filling up the DagBag from /opt/airflow/dags/second_dag.py
[2023-11-05T11:23:00.464+0000] {processor.py:839} INFO - DAG(s) dict_keys(['my_second_dag']) retrieved from /opt/airflow/dags/second_dag.py
[2023-11-05T11:23:00.520+0000] {logging_mixin.py:151} INFO - [2023-11-05T11:23:00.520+0000] {dag.py:2941} INFO - Sync 1 DAGs
[2023-11-05T11:23:00.575+0000] {logging_mixin.py:151} INFO - [2023-11-05T11:23:00.574+0000] {dag.py:3722} INFO - Setting next_dagrun for my_second_dag to 2023-11-05T00:00:00+00:00, run_after=2023-11-06T00:00:00+00:00
[2023-11-05T11:23:00.611+0000] {processor.py:179} INFO - Processing /opt/airflow/dags/second_dag.py took 0.194 seconds
