[2023-11-05T11:02:05.944+0000] {processor.py:157} INFO - Started process (PID=1712) to work on /opt/airflow/dags/internal_dags/third_dag.py
[2023-11-05T11:02:05.946+0000] {processor.py:829} INFO - Processing file /opt/airflow/dags/internal_dags/third_dag.py for tasks to queue
[2023-11-05T11:02:05.949+0000] {logging_mixin.py:151} INFO - [2023-11-05T11:02:05.948+0000] {dagbag.py:536} INFO - Filling up the DagBag from /opt/airflow/dags/internal_dags/third_dag.py
[2023-11-05T11:02:05.985+0000] {processor.py:839} INFO - DAG(s) dict_keys(['my_third_dag']) retrieved from /opt/airflow/dags/internal_dags/third_dag.py
[2023-11-05T11:02:06.232+0000] {logging_mixin.py:151} INFO - [2023-11-05T11:02:06.231+0000] {manager.py:499} INFO - Created Permission View: %s
[2023-11-05T11:02:06.246+0000] {logging_mixin.py:151} INFO - [2023-11-05T11:02:06.246+0000] {manager.py:499} INFO - Created Permission View: %s
[2023-11-05T11:02:06.257+0000] {logging_mixin.py:151} INFO - [2023-11-05T11:02:06.256+0000] {manager.py:499} INFO - Created Permission View: %s
[2023-11-05T11:02:06.258+0000] {logging_mixin.py:151} INFO - [2023-11-05T11:02:06.257+0000] {dag.py:2941} INFO - Sync 1 DAGs
[2023-11-05T11:02:06.276+0000] {logging_mixin.py:151} INFO - [2023-11-05T11:02:06.275+0000] {dag.py:2963} INFO - Creating ORM DAG for my_third_dag
[2023-11-05T11:02:06.292+0000] {logging_mixin.py:151} INFO - [2023-11-05T11:02:06.292+0000] {dag.py:3722} INFO - Setting next_dagrun for my_third_dag to 2023-11-05T00:00:00+00:00, run_after=2023-11-06T00:00:00+00:00
[2023-11-05T11:02:06.319+0000] {processor.py:179} INFO - Processing /opt/airflow/dags/internal_dags/third_dag.py took 0.380 seconds
[2023-11-05T11:02:36.518+0000] {processor.py:157} INFO - Started process (PID=1756) to work on /opt/airflow/dags/internal_dags/third_dag.py
[2023-11-05T11:02:36.520+0000] {processor.py:829} INFO - Processing file /opt/airflow/dags/internal_dags/third_dag.py for tasks to queue
[2023-11-05T11:02:36.522+0000] {logging_mixin.py:151} INFO - [2023-11-05T11:02:36.522+0000] {dagbag.py:536} INFO - Filling up the DagBag from /opt/airflow/dags/internal_dags/third_dag.py
[2023-11-05T11:02:36.549+0000] {processor.py:839} INFO - DAG(s) dict_keys(['my_third_dag']) retrieved from /opt/airflow/dags/internal_dags/third_dag.py
[2023-11-05T11:02:36.586+0000] {logging_mixin.py:151} INFO - [2023-11-05T11:02:36.586+0000] {dag.py:2941} INFO - Sync 1 DAGs
[2023-11-05T11:02:36.623+0000] {logging_mixin.py:151} INFO - [2023-11-05T11:02:36.623+0000] {dag.py:3722} INFO - Setting next_dagrun for my_third_dag to 2023-11-05T00:00:00+00:00, run_after=2023-11-06T00:00:00+00:00
[2023-11-05T11:02:36.657+0000] {processor.py:179} INFO - Processing /opt/airflow/dags/internal_dags/third_dag.py took 0.144 seconds
[2023-11-05T11:03:07.289+0000] {processor.py:157} INFO - Started process (PID=1808) to work on /opt/airflow/dags/internal_dags/third_dag.py
[2023-11-05T11:03:07.290+0000] {processor.py:829} INFO - Processing file /opt/airflow/dags/internal_dags/third_dag.py for tasks to queue
[2023-11-05T11:03:07.292+0000] {logging_mixin.py:151} INFO - [2023-11-05T11:03:07.291+0000] {dagbag.py:536} INFO - Filling up the DagBag from /opt/airflow/dags/internal_dags/third_dag.py
[2023-11-05T11:03:07.317+0000] {processor.py:839} INFO - DAG(s) dict_keys(['my_third_dag']) retrieved from /opt/airflow/dags/internal_dags/third_dag.py
[2023-11-05T11:03:07.361+0000] {logging_mixin.py:151} INFO - [2023-11-05T11:03:07.361+0000] {dag.py:2941} INFO - Sync 1 DAGs
[2023-11-05T11:03:07.400+0000] {logging_mixin.py:151} INFO - [2023-11-05T11:03:07.400+0000] {dag.py:3722} INFO - Setting next_dagrun for my_third_dag to 2023-11-05T00:00:00+00:00, run_after=2023-11-06T00:00:00+00:00
[2023-11-05T11:03:07.431+0000] {processor.py:179} INFO - Processing /opt/airflow/dags/internal_dags/third_dag.py took 0.147 seconds
[2023-11-05T11:03:38.037+0000] {processor.py:157} INFO - Started process (PID=1861) to work on /opt/airflow/dags/internal_dags/third_dag.py
[2023-11-05T11:03:38.039+0000] {processor.py:829} INFO - Processing file /opt/airflow/dags/internal_dags/third_dag.py for tasks to queue
[2023-11-05T11:03:38.041+0000] {logging_mixin.py:151} INFO - [2023-11-05T11:03:38.040+0000] {dagbag.py:536} INFO - Filling up the DagBag from /opt/airflow/dags/internal_dags/third_dag.py
[2023-11-05T11:03:38.065+0000] {processor.py:839} INFO - DAG(s) dict_keys(['my_third_dag']) retrieved from /opt/airflow/dags/internal_dags/third_dag.py
[2023-11-05T11:03:38.101+0000] {logging_mixin.py:151} INFO - [2023-11-05T11:03:38.101+0000] {dag.py:2941} INFO - Sync 1 DAGs
[2023-11-05T11:03:38.136+0000] {logging_mixin.py:151} INFO - [2023-11-05T11:03:38.136+0000] {dag.py:3722} INFO - Setting next_dagrun for my_third_dag to 2023-11-05T00:00:00+00:00, run_after=2023-11-06T00:00:00+00:00
[2023-11-05T11:03:38.175+0000] {processor.py:179} INFO - Processing /opt/airflow/dags/internal_dags/third_dag.py took 0.142 seconds
[2023-11-05T11:04:08.532+0000] {processor.py:157} INFO - Started process (PID=1899) to work on /opt/airflow/dags/internal_dags/third_dag.py
[2023-11-05T11:04:08.539+0000] {processor.py:829} INFO - Processing file /opt/airflow/dags/internal_dags/third_dag.py for tasks to queue
[2023-11-05T11:04:08.540+0000] {logging_mixin.py:151} INFO - [2023-11-05T11:04:08.540+0000] {dagbag.py:536} INFO - Filling up the DagBag from /opt/airflow/dags/internal_dags/third_dag.py
[2023-11-05T11:04:08.564+0000] {processor.py:839} INFO - DAG(s) dict_keys(['my_third_dag']) retrieved from /opt/airflow/dags/internal_dags/third_dag.py
[2023-11-05T11:04:08.603+0000] {logging_mixin.py:151} INFO - [2023-11-05T11:04:08.603+0000] {dag.py:2941} INFO - Sync 1 DAGs
[2023-11-05T11:04:08.639+0000] {logging_mixin.py:151} INFO - [2023-11-05T11:04:08.639+0000] {dag.py:3722} INFO - Setting next_dagrun for my_third_dag to 2023-11-05T00:00:00+00:00, run_after=2023-11-06T00:00:00+00:00
[2023-11-05T11:04:08.672+0000] {processor.py:179} INFO - Processing /opt/airflow/dags/internal_dags/third_dag.py took 0.145 seconds
[2023-11-05T11:04:38.949+0000] {processor.py:157} INFO - Started process (PID=1921) to work on /opt/airflow/dags/internal_dags/third_dag.py
[2023-11-05T11:04:38.952+0000] {processor.py:829} INFO - Processing file /opt/airflow/dags/internal_dags/third_dag.py for tasks to queue
[2023-11-05T11:04:38.956+0000] {logging_mixin.py:151} INFO - [2023-11-05T11:04:38.955+0000] {dagbag.py:536} INFO - Filling up the DagBag from /opt/airflow/dags/internal_dags/third_dag.py
[2023-11-05T11:04:38.991+0000] {processor.py:839} INFO - DAG(s) dict_keys(['my_third_dag']) retrieved from /opt/airflow/dags/internal_dags/third_dag.py
[2023-11-05T11:04:39.053+0000] {logging_mixin.py:151} INFO - [2023-11-05T11:04:39.053+0000] {dag.py:2941} INFO - Sync 1 DAGs
[2023-11-05T11:04:39.109+0000] {logging_mixin.py:151} INFO - [2023-11-05T11:04:39.109+0000] {dag.py:3722} INFO - Setting next_dagrun for my_third_dag to 2023-11-05T00:00:00+00:00, run_after=2023-11-06T00:00:00+00:00
[2023-11-05T11:04:39.156+0000] {processor.py:179} INFO - Processing /opt/airflow/dags/internal_dags/third_dag.py took 0.214 seconds
[2023-11-05T11:05:09.356+0000] {processor.py:157} INFO - Started process (PID=1952) to work on /opt/airflow/dags/internal_dags/third_dag.py
[2023-11-05T11:05:09.358+0000] {processor.py:829} INFO - Processing file /opt/airflow/dags/internal_dags/third_dag.py for tasks to queue
[2023-11-05T11:05:09.359+0000] {logging_mixin.py:151} INFO - [2023-11-05T11:05:09.359+0000] {dagbag.py:536} INFO - Filling up the DagBag from /opt/airflow/dags/internal_dags/third_dag.py
[2023-11-05T11:05:09.390+0000] {processor.py:839} INFO - DAG(s) dict_keys(['my_third_dag']) retrieved from /opt/airflow/dags/internal_dags/third_dag.py
[2023-11-05T11:05:09.437+0000] {logging_mixin.py:151} INFO - [2023-11-05T11:05:09.436+0000] {dag.py:2941} INFO - Sync 1 DAGs
[2023-11-05T11:05:09.473+0000] {logging_mixin.py:151} INFO - [2023-11-05T11:05:09.473+0000] {dag.py:3722} INFO - Setting next_dagrun for my_third_dag to 2023-11-05T00:00:00+00:00, run_after=2023-11-06T00:00:00+00:00
[2023-11-05T11:05:09.501+0000] {processor.py:179} INFO - Processing /opt/airflow/dags/internal_dags/third_dag.py took 0.150 seconds
[2023-11-05T11:05:39.901+0000] {processor.py:157} INFO - Started process (PID=1984) to work on /opt/airflow/dags/internal_dags/third_dag.py
[2023-11-05T11:05:39.903+0000] {processor.py:829} INFO - Processing file /opt/airflow/dags/internal_dags/third_dag.py for tasks to queue
[2023-11-05T11:05:39.904+0000] {logging_mixin.py:151} INFO - [2023-11-05T11:05:39.904+0000] {dagbag.py:536} INFO - Filling up the DagBag from /opt/airflow/dags/internal_dags/third_dag.py
[2023-11-05T11:05:39.928+0000] {processor.py:839} INFO - DAG(s) dict_keys(['my_third_dag']) retrieved from /opt/airflow/dags/internal_dags/third_dag.py
[2023-11-05T11:05:39.966+0000] {logging_mixin.py:151} INFO - [2023-11-05T11:05:39.966+0000] {dag.py:2941} INFO - Sync 1 DAGs
[2023-11-05T11:05:40.005+0000] {logging_mixin.py:151} INFO - [2023-11-05T11:05:40.004+0000] {dag.py:3722} INFO - Setting next_dagrun for my_third_dag to 2023-11-05T00:00:00+00:00, run_after=2023-11-06T00:00:00+00:00
[2023-11-05T11:05:40.039+0000] {processor.py:179} INFO - Processing /opt/airflow/dags/internal_dags/third_dag.py took 0.142 seconds
[2023-11-05T11:06:10.611+0000] {processor.py:157} INFO - Started process (PID=2021) to work on /opt/airflow/dags/internal_dags/third_dag.py
[2023-11-05T11:06:10.613+0000] {processor.py:829} INFO - Processing file /opt/airflow/dags/internal_dags/third_dag.py for tasks to queue
[2023-11-05T11:06:10.614+0000] {logging_mixin.py:151} INFO - [2023-11-05T11:06:10.614+0000] {dagbag.py:536} INFO - Filling up the DagBag from /opt/airflow/dags/internal_dags/third_dag.py
[2023-11-05T11:06:10.638+0000] {processor.py:839} INFO - DAG(s) dict_keys(['my_third_dag']) retrieved from /opt/airflow/dags/internal_dags/third_dag.py
[2023-11-05T11:06:10.675+0000] {logging_mixin.py:151} INFO - [2023-11-05T11:06:10.675+0000] {dag.py:2941} INFO - Sync 1 DAGs
[2023-11-05T11:06:10.711+0000] {logging_mixin.py:151} INFO - [2023-11-05T11:06:10.711+0000] {dag.py:3722} INFO - Setting next_dagrun for my_third_dag to 2023-11-05T00:00:00+00:00, run_after=2023-11-06T00:00:00+00:00
[2023-11-05T11:06:10.738+0000] {processor.py:179} INFO - Processing /opt/airflow/dags/internal_dags/third_dag.py took 0.132 seconds
[2023-11-05T11:06:41.292+0000] {processor.py:157} INFO - Started process (PID=2048) to work on /opt/airflow/dags/internal_dags/third_dag.py
[2023-11-05T11:06:41.295+0000] {processor.py:829} INFO - Processing file /opt/airflow/dags/internal_dags/third_dag.py for tasks to queue
[2023-11-05T11:06:41.298+0000] {logging_mixin.py:151} INFO - [2023-11-05T11:06:41.297+0000] {dagbag.py:536} INFO - Filling up the DagBag from /opt/airflow/dags/internal_dags/third_dag.py
[2023-11-05T11:06:41.346+0000] {processor.py:839} INFO - DAG(s) dict_keys(['my_third_dag']) retrieved from /opt/airflow/dags/internal_dags/third_dag.py
[2023-11-05T11:06:41.410+0000] {logging_mixin.py:151} INFO - [2023-11-05T11:06:41.410+0000] {dag.py:2941} INFO - Sync 1 DAGs
[2023-11-05T11:06:41.481+0000] {logging_mixin.py:151} INFO - [2023-11-05T11:06:41.480+0000] {dag.py:3722} INFO - Setting next_dagrun for my_third_dag to 2023-11-05T00:00:00+00:00, run_after=2023-11-06T00:00:00+00:00
[2023-11-05T11:06:41.548+0000] {processor.py:179} INFO - Processing /opt/airflow/dags/internal_dags/third_dag.py took 0.262 seconds
[2023-11-05T11:07:11.717+0000] {processor.py:157} INFO - Started process (PID=2079) to work on /opt/airflow/dags/internal_dags/third_dag.py
[2023-11-05T11:07:11.718+0000] {processor.py:829} INFO - Processing file /opt/airflow/dags/internal_dags/third_dag.py for tasks to queue
[2023-11-05T11:07:11.720+0000] {logging_mixin.py:151} INFO - [2023-11-05T11:07:11.719+0000] {dagbag.py:536} INFO - Filling up the DagBag from /opt/airflow/dags/internal_dags/third_dag.py
[2023-11-05T11:07:11.744+0000] {processor.py:839} INFO - DAG(s) dict_keys(['my_third_dag']) retrieved from /opt/airflow/dags/internal_dags/third_dag.py
[2023-11-05T11:07:11.781+0000] {logging_mixin.py:151} INFO - [2023-11-05T11:07:11.780+0000] {dag.py:2941} INFO - Sync 1 DAGs
[2023-11-05T11:07:11.814+0000] {logging_mixin.py:151} INFO - [2023-11-05T11:07:11.814+0000] {dag.py:3722} INFO - Setting next_dagrun for my_third_dag to 2023-11-05T00:00:00+00:00, run_after=2023-11-06T00:00:00+00:00
[2023-11-05T11:07:11.843+0000] {processor.py:179} INFO - Processing /opt/airflow/dags/internal_dags/third_dag.py took 0.131 seconds
[2023-11-05T11:07:42.238+0000] {processor.py:157} INFO - Started process (PID=2114) to work on /opt/airflow/dags/internal_dags/third_dag.py
[2023-11-05T11:07:42.240+0000] {processor.py:829} INFO - Processing file /opt/airflow/dags/internal_dags/third_dag.py for tasks to queue
[2023-11-05T11:07:42.242+0000] {logging_mixin.py:151} INFO - [2023-11-05T11:07:42.241+0000] {dagbag.py:536} INFO - Filling up the DagBag from /opt/airflow/dags/internal_dags/third_dag.py
[2023-11-05T11:07:42.283+0000] {processor.py:839} INFO - DAG(s) dict_keys(['my_third_dag']) retrieved from /opt/airflow/dags/internal_dags/third_dag.py
[2023-11-05T11:07:42.327+0000] {logging_mixin.py:151} INFO - [2023-11-05T11:07:42.327+0000] {dag.py:2941} INFO - Sync 1 DAGs
[2023-11-05T11:07:42.363+0000] {logging_mixin.py:151} INFO - [2023-11-05T11:07:42.363+0000] {dag.py:3722} INFO - Setting next_dagrun for my_third_dag to 2023-11-05T00:00:00+00:00, run_after=2023-11-06T00:00:00+00:00
[2023-11-05T11:07:42.391+0000] {processor.py:179} INFO - Processing /opt/airflow/dags/internal_dags/third_dag.py took 0.158 seconds
[2023-11-05T11:08:12.987+0000] {processor.py:157} INFO - Started process (PID=2162) to work on /opt/airflow/dags/internal_dags/third_dag.py
[2023-11-05T11:08:12.989+0000] {processor.py:829} INFO - Processing file /opt/airflow/dags/internal_dags/third_dag.py for tasks to queue
[2023-11-05T11:08:12.990+0000] {logging_mixin.py:151} INFO - [2023-11-05T11:08:12.990+0000] {dagbag.py:536} INFO - Filling up the DagBag from /opt/airflow/dags/internal_dags/third_dag.py
[2023-11-05T11:08:13.016+0000] {processor.py:839} INFO - DAG(s) dict_keys(['my_third_dag']) retrieved from /opt/airflow/dags/internal_dags/third_dag.py
[2023-11-05T11:08:13.054+0000] {logging_mixin.py:151} INFO - [2023-11-05T11:08:13.054+0000] {dag.py:2941} INFO - Sync 1 DAGs
[2023-11-05T11:08:13.090+0000] {logging_mixin.py:151} INFO - [2023-11-05T11:08:13.090+0000] {dag.py:3722} INFO - Setting next_dagrun for my_third_dag to 2023-11-05T00:00:00+00:00, run_after=2023-11-06T00:00:00+00:00
[2023-11-05T11:08:13.126+0000] {processor.py:179} INFO - Processing /opt/airflow/dags/internal_dags/third_dag.py took 0.144 seconds
[2023-11-05T11:08:43.444+0000] {processor.py:157} INFO - Started process (PID=2184) to work on /opt/airflow/dags/internal_dags/third_dag.py
[2023-11-05T11:08:43.446+0000] {processor.py:829} INFO - Processing file /opt/airflow/dags/internal_dags/third_dag.py for tasks to queue
[2023-11-05T11:08:43.449+0000] {logging_mixin.py:151} INFO - [2023-11-05T11:08:43.449+0000] {dagbag.py:536} INFO - Filling up the DagBag from /opt/airflow/dags/internal_dags/third_dag.py
[2023-11-05T11:08:43.487+0000] {processor.py:839} INFO - DAG(s) dict_keys(['my_third_dag']) retrieved from /opt/airflow/dags/internal_dags/third_dag.py
[2023-11-05T11:08:43.547+0000] {logging_mixin.py:151} INFO - [2023-11-05T11:08:43.546+0000] {dag.py:2941} INFO - Sync 1 DAGs
[2023-11-05T11:08:43.600+0000] {logging_mixin.py:151} INFO - [2023-11-05T11:08:43.600+0000] {dag.py:3722} INFO - Setting next_dagrun for my_third_dag to 2023-11-05T00:00:00+00:00, run_after=2023-11-06T00:00:00+00:00
[2023-11-05T11:08:43.644+0000] {processor.py:179} INFO - Processing /opt/airflow/dags/internal_dags/third_dag.py took 0.208 seconds
[2023-11-05T11:09:13.978+0000] {processor.py:157} INFO - Started process (PID=2206) to work on /opt/airflow/dags/internal_dags/third_dag.py
[2023-11-05T11:09:13.980+0000] {processor.py:829} INFO - Processing file /opt/airflow/dags/internal_dags/third_dag.py for tasks to queue
[2023-11-05T11:09:13.981+0000] {logging_mixin.py:151} INFO - [2023-11-05T11:09:13.981+0000] {dagbag.py:536} INFO - Filling up the DagBag from /opt/airflow/dags/internal_dags/third_dag.py
[2023-11-05T11:09:14.007+0000] {processor.py:839} INFO - DAG(s) dict_keys(['my_third_dag']) retrieved from /opt/airflow/dags/internal_dags/third_dag.py
[2023-11-05T11:09:14.042+0000] {logging_mixin.py:151} INFO - [2023-11-05T11:09:14.042+0000] {dag.py:2941} INFO - Sync 1 DAGs
[2023-11-05T11:09:14.076+0000] {logging_mixin.py:151} INFO - [2023-11-05T11:09:14.076+0000] {dag.py:3722} INFO - Setting next_dagrun for my_third_dag to 2023-11-05T00:00:00+00:00, run_after=2023-11-06T00:00:00+00:00
[2023-11-05T11:09:14.109+0000] {processor.py:179} INFO - Processing /opt/airflow/dags/internal_dags/third_dag.py took 0.135 seconds
[2023-11-05T11:09:44.385+0000] {processor.py:157} INFO - Started process (PID=2228) to work on /opt/airflow/dags/internal_dags/third_dag.py
[2023-11-05T11:09:44.386+0000] {processor.py:829} INFO - Processing file /opt/airflow/dags/internal_dags/third_dag.py for tasks to queue
[2023-11-05T11:09:44.388+0000] {logging_mixin.py:151} INFO - [2023-11-05T11:09:44.387+0000] {dagbag.py:536} INFO - Filling up the DagBag from /opt/airflow/dags/internal_dags/third_dag.py
[2023-11-05T11:09:44.412+0000] {processor.py:839} INFO - DAG(s) dict_keys(['my_third_dag']) retrieved from /opt/airflow/dags/internal_dags/third_dag.py
[2023-11-05T11:09:44.449+0000] {logging_mixin.py:151} INFO - [2023-11-05T11:09:44.449+0000] {dag.py:2941} INFO - Sync 1 DAGs
[2023-11-05T11:09:44.483+0000] {logging_mixin.py:151} INFO - [2023-11-05T11:09:44.483+0000] {dag.py:3722} INFO - Setting next_dagrun for my_third_dag to 2023-11-05T00:00:00+00:00, run_after=2023-11-06T00:00:00+00:00
[2023-11-05T11:09:44.515+0000] {processor.py:179} INFO - Processing /opt/airflow/dags/internal_dags/third_dag.py took 0.135 seconds
[2023-11-05T11:10:14.916+0000] {processor.py:157} INFO - Started process (PID=2250) to work on /opt/airflow/dags/internal_dags/third_dag.py
[2023-11-05T11:10:14.927+0000] {processor.py:829} INFO - Processing file /opt/airflow/dags/internal_dags/third_dag.py for tasks to queue
[2023-11-05T11:10:14.931+0000] {logging_mixin.py:151} INFO - [2023-11-05T11:10:14.930+0000] {dagbag.py:536} INFO - Filling up the DagBag from /opt/airflow/dags/internal_dags/third_dag.py
[2023-11-05T11:10:14.979+0000] {processor.py:839} INFO - DAG(s) dict_keys(['my_third_dag']) retrieved from /opt/airflow/dags/internal_dags/third_dag.py
[2023-11-05T11:10:15.048+0000] {logging_mixin.py:151} INFO - [2023-11-05T11:10:15.048+0000] {dag.py:2941} INFO - Sync 1 DAGs
[2023-11-05T11:10:15.121+0000] {logging_mixin.py:151} INFO - [2023-11-05T11:10:15.121+0000] {dag.py:3722} INFO - Setting next_dagrun for my_third_dag to 2023-11-05T00:00:00+00:00, run_after=2023-11-06T00:00:00+00:00
[2023-11-05T11:10:15.158+0000] {processor.py:179} INFO - Processing /opt/airflow/dags/internal_dags/third_dag.py took 0.249 seconds
[2023-11-05T11:10:45.366+0000] {processor.py:157} INFO - Started process (PID=2277) to work on /opt/airflow/dags/internal_dags/third_dag.py
[2023-11-05T11:10:45.373+0000] {processor.py:829} INFO - Processing file /opt/airflow/dags/internal_dags/third_dag.py for tasks to queue
[2023-11-05T11:10:45.375+0000] {logging_mixin.py:151} INFO - [2023-11-05T11:10:45.374+0000] {dagbag.py:536} INFO - Filling up the DagBag from /opt/airflow/dags/internal_dags/third_dag.py
[2023-11-05T11:10:45.399+0000] {processor.py:839} INFO - DAG(s) dict_keys(['my_third_dag']) retrieved from /opt/airflow/dags/internal_dags/third_dag.py
[2023-11-05T11:10:45.436+0000] {logging_mixin.py:151} INFO - [2023-11-05T11:10:45.436+0000] {dag.py:2941} INFO - Sync 1 DAGs
[2023-11-05T11:10:45.471+0000] {logging_mixin.py:151} INFO - [2023-11-05T11:10:45.470+0000] {dag.py:3722} INFO - Setting next_dagrun for my_third_dag to 2023-11-05T00:00:00+00:00, run_after=2023-11-06T00:00:00+00:00
[2023-11-05T11:10:45.497+0000] {processor.py:179} INFO - Processing /opt/airflow/dags/internal_dags/third_dag.py took 0.137 seconds
[2023-11-05T11:11:15.957+0000] {processor.py:157} INFO - Started process (PID=2315) to work on /opt/airflow/dags/internal_dags/third_dag.py
[2023-11-05T11:11:15.964+0000] {processor.py:829} INFO - Processing file /opt/airflow/dags/internal_dags/third_dag.py for tasks to queue
[2023-11-05T11:11:15.966+0000] {logging_mixin.py:151} INFO - [2023-11-05T11:11:15.966+0000] {dagbag.py:536} INFO - Filling up the DagBag from /opt/airflow/dags/internal_dags/third_dag.py
[2023-11-05T11:11:15.993+0000] {processor.py:839} INFO - DAG(s) dict_keys(['my_third_dag']) retrieved from /opt/airflow/dags/internal_dags/third_dag.py
[2023-11-05T11:11:16.032+0000] {logging_mixin.py:151} INFO - [2023-11-05T11:11:16.032+0000] {dag.py:2941} INFO - Sync 1 DAGs
[2023-11-05T11:11:16.070+0000] {logging_mixin.py:151} INFO - [2023-11-05T11:11:16.070+0000] {dag.py:3722} INFO - Setting next_dagrun for my_third_dag to 2023-11-05T00:00:00+00:00, run_after=2023-11-06T00:00:00+00:00
[2023-11-05T11:11:16.105+0000] {processor.py:179} INFO - Processing /opt/airflow/dags/internal_dags/third_dag.py took 0.153 seconds
[2023-11-05T11:11:46.376+0000] {processor.py:157} INFO - Started process (PID=2337) to work on /opt/airflow/dags/internal_dags/third_dag.py
[2023-11-05T11:11:46.384+0000] {processor.py:829} INFO - Processing file /opt/airflow/dags/internal_dags/third_dag.py for tasks to queue
[2023-11-05T11:11:46.386+0000] {logging_mixin.py:151} INFO - [2023-11-05T11:11:46.385+0000] {dagbag.py:536} INFO - Filling up the DagBag from /opt/airflow/dags/internal_dags/third_dag.py
[2023-11-05T11:11:46.414+0000] {processor.py:839} INFO - DAG(s) dict_keys(['my_third_dag']) retrieved from /opt/airflow/dags/internal_dags/third_dag.py
[2023-11-05T11:11:46.454+0000] {logging_mixin.py:151} INFO - [2023-11-05T11:11:46.454+0000] {dag.py:2941} INFO - Sync 1 DAGs
[2023-11-05T11:11:46.492+0000] {logging_mixin.py:151} INFO - [2023-11-05T11:11:46.492+0000] {dag.py:3722} INFO - Setting next_dagrun for my_third_dag to 2023-11-05T00:00:00+00:00, run_after=2023-11-06T00:00:00+00:00
[2023-11-05T11:11:46.528+0000] {processor.py:179} INFO - Processing /opt/airflow/dags/internal_dags/third_dag.py took 0.158 seconds
[2023-11-05T11:12:16.820+0000] {processor.py:157} INFO - Started process (PID=2359) to work on /opt/airflow/dags/internal_dags/third_dag.py
[2023-11-05T11:12:16.827+0000] {processor.py:829} INFO - Processing file /opt/airflow/dags/internal_dags/third_dag.py for tasks to queue
[2023-11-05T11:12:16.829+0000] {logging_mixin.py:151} INFO - [2023-11-05T11:12:16.828+0000] {dagbag.py:536} INFO - Filling up the DagBag from /opt/airflow/dags/internal_dags/third_dag.py
[2023-11-05T11:12:16.853+0000] {processor.py:839} INFO - DAG(s) dict_keys(['my_third_dag']) retrieved from /opt/airflow/dags/internal_dags/third_dag.py
[2023-11-05T11:12:16.891+0000] {logging_mixin.py:151} INFO - [2023-11-05T11:12:16.891+0000] {dag.py:2941} INFO - Sync 1 DAGs
[2023-11-05T11:12:16.924+0000] {logging_mixin.py:151} INFO - [2023-11-05T11:12:16.924+0000] {dag.py:3722} INFO - Setting next_dagrun for my_third_dag to 2023-11-05T00:00:00+00:00, run_after=2023-11-06T00:00:00+00:00
[2023-11-05T11:12:16.959+0000] {processor.py:179} INFO - Processing /opt/airflow/dags/internal_dags/third_dag.py took 0.145 seconds
[2023-11-05T11:12:47.321+0000] {processor.py:157} INFO - Started process (PID=2381) to work on /opt/airflow/dags/internal_dags/third_dag.py
[2023-11-05T11:12:47.328+0000] {processor.py:829} INFO - Processing file /opt/airflow/dags/internal_dags/third_dag.py for tasks to queue
[2023-11-05T11:12:47.329+0000] {logging_mixin.py:151} INFO - [2023-11-05T11:12:47.329+0000] {dagbag.py:536} INFO - Filling up the DagBag from /opt/airflow/dags/internal_dags/third_dag.py
[2023-11-05T11:12:47.355+0000] {processor.py:839} INFO - DAG(s) dict_keys(['my_third_dag']) retrieved from /opt/airflow/dags/internal_dags/third_dag.py
[2023-11-05T11:12:47.390+0000] {logging_mixin.py:151} INFO - [2023-11-05T11:12:47.390+0000] {dag.py:2941} INFO - Sync 1 DAGs
[2023-11-05T11:12:47.422+0000] {logging_mixin.py:151} INFO - [2023-11-05T11:12:47.422+0000] {dag.py:3722} INFO - Setting next_dagrun for my_third_dag to 2023-11-05T00:00:00+00:00, run_after=2023-11-06T00:00:00+00:00
[2023-11-05T11:12:47.454+0000] {processor.py:179} INFO - Processing /opt/airflow/dags/internal_dags/third_dag.py took 0.137 seconds
[2023-11-05T11:13:17.702+0000] {processor.py:157} INFO - Started process (PID=2406) to work on /opt/airflow/dags/internal_dags/third_dag.py
[2023-11-05T11:13:17.709+0000] {processor.py:829} INFO - Processing file /opt/airflow/dags/internal_dags/third_dag.py for tasks to queue
[2023-11-05T11:13:17.711+0000] {logging_mixin.py:151} INFO - [2023-11-05T11:13:17.711+0000] {dagbag.py:536} INFO - Filling up the DagBag from /opt/airflow/dags/internal_dags/third_dag.py
[2023-11-05T11:13:17.735+0000] {processor.py:839} INFO - DAG(s) dict_keys(['my_third_dag']) retrieved from /opt/airflow/dags/internal_dags/third_dag.py
[2023-11-05T11:13:17.772+0000] {logging_mixin.py:151} INFO - [2023-11-05T11:13:17.771+0000] {dag.py:2941} INFO - Sync 1 DAGs
[2023-11-05T11:13:17.805+0000] {logging_mixin.py:151} INFO - [2023-11-05T11:13:17.805+0000] {dag.py:3722} INFO - Setting next_dagrun for my_third_dag to 2023-11-05T00:00:00+00:00, run_after=2023-11-06T00:00:00+00:00
[2023-11-05T11:13:17.836+0000] {processor.py:179} INFO - Processing /opt/airflow/dags/internal_dags/third_dag.py took 0.139 seconds
[2023-11-05T11:13:48.171+0000] {processor.py:157} INFO - Started process (PID=2428) to work on /opt/airflow/dags/internal_dags/third_dag.py
[2023-11-05T11:13:48.173+0000] {processor.py:829} INFO - Processing file /opt/airflow/dags/internal_dags/third_dag.py for tasks to queue
[2023-11-05T11:13:48.174+0000] {logging_mixin.py:151} INFO - [2023-11-05T11:13:48.174+0000] {dagbag.py:536} INFO - Filling up the DagBag from /opt/airflow/dags/internal_dags/third_dag.py
[2023-11-05T11:13:48.202+0000] {processor.py:839} INFO - DAG(s) dict_keys(['my_third_dag']) retrieved from /opt/airflow/dags/internal_dags/third_dag.py
[2023-11-05T11:13:48.240+0000] {logging_mixin.py:151} INFO - [2023-11-05T11:13:48.240+0000] {dag.py:2941} INFO - Sync 1 DAGs
[2023-11-05T11:13:48.274+0000] {logging_mixin.py:151} INFO - [2023-11-05T11:13:48.273+0000] {dag.py:3722} INFO - Setting next_dagrun for my_third_dag to 2023-11-05T00:00:00+00:00, run_after=2023-11-06T00:00:00+00:00
[2023-11-05T11:13:48.305+0000] {processor.py:179} INFO - Processing /opt/airflow/dags/internal_dags/third_dag.py took 0.139 seconds
[2023-11-05T11:14:18.572+0000] {processor.py:157} INFO - Started process (PID=2450) to work on /opt/airflow/dags/internal_dags/third_dag.py
[2023-11-05T11:14:18.579+0000] {processor.py:829} INFO - Processing file /opt/airflow/dags/internal_dags/third_dag.py for tasks to queue
[2023-11-05T11:14:18.581+0000] {logging_mixin.py:151} INFO - [2023-11-05T11:14:18.580+0000] {dagbag.py:536} INFO - Filling up the DagBag from /opt/airflow/dags/internal_dags/third_dag.py
[2023-11-05T11:14:18.605+0000] {processor.py:839} INFO - DAG(s) dict_keys(['my_third_dag']) retrieved from /opt/airflow/dags/internal_dags/third_dag.py
[2023-11-05T11:14:18.641+0000] {logging_mixin.py:151} INFO - [2023-11-05T11:14:18.641+0000] {dag.py:2941} INFO - Sync 1 DAGs
[2023-11-05T11:14:18.676+0000] {logging_mixin.py:151} INFO - [2023-11-05T11:14:18.676+0000] {dag.py:3722} INFO - Setting next_dagrun for my_third_dag to 2023-11-05T00:00:00+00:00, run_after=2023-11-06T00:00:00+00:00
[2023-11-05T11:14:18.708+0000] {processor.py:179} INFO - Processing /opt/airflow/dags/internal_dags/third_dag.py took 0.141 seconds
[2023-11-05T11:14:49.434+0000] {processor.py:157} INFO - Started process (PID=2497) to work on /opt/airflow/dags/internal_dags/third_dag.py
[2023-11-05T11:14:49.436+0000] {processor.py:829} INFO - Processing file /opt/airflow/dags/internal_dags/third_dag.py for tasks to queue
[2023-11-05T11:14:49.437+0000] {logging_mixin.py:151} INFO - [2023-11-05T11:14:49.437+0000] {dagbag.py:536} INFO - Filling up the DagBag from /opt/airflow/dags/internal_dags/third_dag.py
[2023-11-05T11:14:49.463+0000] {processor.py:839} INFO - DAG(s) dict_keys(['my_third_dag']) retrieved from /opt/airflow/dags/internal_dags/third_dag.py
[2023-11-05T11:14:49.505+0000] {logging_mixin.py:151} INFO - [2023-11-05T11:14:49.505+0000] {dag.py:2941} INFO - Sync 1 DAGs
[2023-11-05T11:14:49.550+0000] {logging_mixin.py:151} INFO - [2023-11-05T11:14:49.550+0000] {dag.py:3722} INFO - Setting next_dagrun for my_third_dag to 2023-11-05T00:00:00+00:00, run_after=2023-11-06T00:00:00+00:00
[2023-11-05T11:14:49.589+0000] {processor.py:179} INFO - Processing /opt/airflow/dags/internal_dags/third_dag.py took 0.161 seconds
[2023-11-05T11:15:20.041+0000] {processor.py:157} INFO - Started process (PID=2528) to work on /opt/airflow/dags/internal_dags/third_dag.py
[2023-11-05T11:15:20.048+0000] {processor.py:829} INFO - Processing file /opt/airflow/dags/internal_dags/third_dag.py for tasks to queue
[2023-11-05T11:15:20.050+0000] {logging_mixin.py:151} INFO - [2023-11-05T11:15:20.050+0000] {dagbag.py:536} INFO - Filling up the DagBag from /opt/airflow/dags/internal_dags/third_dag.py
[2023-11-05T11:15:20.076+0000] {processor.py:839} INFO - DAG(s) dict_keys(['my_third_dag']) retrieved from /opt/airflow/dags/internal_dags/third_dag.py
[2023-11-05T11:15:20.115+0000] {logging_mixin.py:151} INFO - [2023-11-05T11:15:20.115+0000] {dag.py:2941} INFO - Sync 1 DAGs
[2023-11-05T11:15:20.153+0000] {logging_mixin.py:151} INFO - [2023-11-05T11:15:20.153+0000] {dag.py:3722} INFO - Setting next_dagrun for my_third_dag to 2023-11-05T00:00:00+00:00, run_after=2023-11-06T00:00:00+00:00
[2023-11-05T11:15:20.194+0000] {processor.py:179} INFO - Processing /opt/airflow/dags/internal_dags/third_dag.py took 0.159 seconds
[2023-11-05T11:15:50.476+0000] {processor.py:157} INFO - Started process (PID=2550) to work on /opt/airflow/dags/internal_dags/third_dag.py
[2023-11-05T11:15:50.478+0000] {processor.py:829} INFO - Processing file /opt/airflow/dags/internal_dags/third_dag.py for tasks to queue
[2023-11-05T11:15:50.480+0000] {logging_mixin.py:151} INFO - [2023-11-05T11:15:50.479+0000] {dagbag.py:536} INFO - Filling up the DagBag from /opt/airflow/dags/internal_dags/third_dag.py
[2023-11-05T11:15:50.515+0000] {processor.py:839} INFO - DAG(s) dict_keys(['my_third_dag']) retrieved from /opt/airflow/dags/internal_dags/third_dag.py
[2023-11-05T11:15:50.562+0000] {logging_mixin.py:151} INFO - [2023-11-05T11:15:50.562+0000] {dag.py:2941} INFO - Sync 1 DAGs
[2023-11-05T11:15:50.606+0000] {logging_mixin.py:151} INFO - [2023-11-05T11:15:50.606+0000] {dag.py:3722} INFO - Setting next_dagrun for my_third_dag to 2023-11-05T00:00:00+00:00, run_after=2023-11-06T00:00:00+00:00
[2023-11-05T11:15:50.639+0000] {processor.py:179} INFO - Processing /opt/airflow/dags/internal_dags/third_dag.py took 0.170 seconds
[2023-11-05T11:16:20.951+0000] {processor.py:157} INFO - Started process (PID=2572) to work on /opt/airflow/dags/internal_dags/third_dag.py
[2023-11-05T11:16:20.958+0000] {processor.py:829} INFO - Processing file /opt/airflow/dags/internal_dags/third_dag.py for tasks to queue
[2023-11-05T11:16:20.959+0000] {logging_mixin.py:151} INFO - [2023-11-05T11:16:20.959+0000] {dagbag.py:536} INFO - Filling up the DagBag from /opt/airflow/dags/internal_dags/third_dag.py
[2023-11-05T11:16:20.984+0000] {processor.py:839} INFO - DAG(s) dict_keys(['my_third_dag']) retrieved from /opt/airflow/dags/internal_dags/third_dag.py
[2023-11-05T11:16:21.020+0000] {logging_mixin.py:151} INFO - [2023-11-05T11:16:21.020+0000] {dag.py:2941} INFO - Sync 1 DAGs
[2023-11-05T11:16:21.053+0000] {logging_mixin.py:151} INFO - [2023-11-05T11:16:21.053+0000] {dag.py:3722} INFO - Setting next_dagrun for my_third_dag to 2023-11-05T00:00:00+00:00, run_after=2023-11-06T00:00:00+00:00
[2023-11-05T11:16:21.086+0000] {processor.py:179} INFO - Processing /opt/airflow/dags/internal_dags/third_dag.py took 0.140 seconds
[2023-11-05T11:16:51.365+0000] {processor.py:157} INFO - Started process (PID=2594) to work on /opt/airflow/dags/internal_dags/third_dag.py
[2023-11-05T11:16:51.373+0000] {processor.py:829} INFO - Processing file /opt/airflow/dags/internal_dags/third_dag.py for tasks to queue
[2023-11-05T11:16:51.375+0000] {logging_mixin.py:151} INFO - [2023-11-05T11:16:51.375+0000] {dagbag.py:536} INFO - Filling up the DagBag from /opt/airflow/dags/internal_dags/third_dag.py
[2023-11-05T11:16:51.406+0000] {processor.py:839} INFO - DAG(s) dict_keys(['my_third_dag']) retrieved from /opt/airflow/dags/internal_dags/third_dag.py
[2023-11-05T11:16:51.449+0000] {logging_mixin.py:151} INFO - [2023-11-05T11:16:51.449+0000] {dag.py:2941} INFO - Sync 1 DAGs
[2023-11-05T11:16:51.490+0000] {logging_mixin.py:151} INFO - [2023-11-05T11:16:51.490+0000] {dag.py:3722} INFO - Setting next_dagrun for my_third_dag to 2023-11-05T00:00:00+00:00, run_after=2023-11-06T00:00:00+00:00
[2023-11-05T11:16:51.530+0000] {processor.py:179} INFO - Processing /opt/airflow/dags/internal_dags/third_dag.py took 0.171 seconds
[2023-11-05T11:17:21.851+0000] {processor.py:157} INFO - Started process (PID=2617) to work on /opt/airflow/dags/internal_dags/third_dag.py
[2023-11-05T11:17:21.853+0000] {processor.py:829} INFO - Processing file /opt/airflow/dags/internal_dags/third_dag.py for tasks to queue
[2023-11-05T11:17:21.855+0000] {logging_mixin.py:151} INFO - [2023-11-05T11:17:21.854+0000] {dagbag.py:536} INFO - Filling up the DagBag from /opt/airflow/dags/internal_dags/third_dag.py
[2023-11-05T11:17:21.878+0000] {processor.py:839} INFO - DAG(s) dict_keys(['my_third_dag']) retrieved from /opt/airflow/dags/internal_dags/third_dag.py
[2023-11-05T11:17:21.913+0000] {logging_mixin.py:151} INFO - [2023-11-05T11:17:21.913+0000] {dag.py:2941} INFO - Sync 1 DAGs
[2023-11-05T11:17:21.947+0000] {logging_mixin.py:151} INFO - [2023-11-05T11:17:21.947+0000] {dag.py:3722} INFO - Setting next_dagrun for my_third_dag to 2023-11-05T00:00:00+00:00, run_after=2023-11-06T00:00:00+00:00
[2023-11-05T11:17:21.978+0000] {processor.py:179} INFO - Processing /opt/airflow/dags/internal_dags/third_dag.py took 0.133 seconds
[2023-11-05T11:17:52.268+0000] {processor.py:157} INFO - Started process (PID=2639) to work on /opt/airflow/dags/internal_dags/third_dag.py
[2023-11-05T11:17:52.270+0000] {processor.py:829} INFO - Processing file /opt/airflow/dags/internal_dags/third_dag.py for tasks to queue
[2023-11-05T11:17:52.271+0000] {logging_mixin.py:151} INFO - [2023-11-05T11:17:52.271+0000] {dagbag.py:536} INFO - Filling up the DagBag from /opt/airflow/dags/internal_dags/third_dag.py
[2023-11-05T11:17:52.297+0000] {processor.py:839} INFO - DAG(s) dict_keys(['my_third_dag']) retrieved from /opt/airflow/dags/internal_dags/third_dag.py
[2023-11-05T11:17:52.334+0000] {logging_mixin.py:151} INFO - [2023-11-05T11:17:52.334+0000] {dag.py:2941} INFO - Sync 1 DAGs
[2023-11-05T11:17:52.370+0000] {logging_mixin.py:151} INFO - [2023-11-05T11:17:52.370+0000] {dag.py:3722} INFO - Setting next_dagrun for my_third_dag to 2023-11-05T00:00:00+00:00, run_after=2023-11-06T00:00:00+00:00
[2023-11-05T11:17:52.404+0000] {processor.py:179} INFO - Processing /opt/airflow/dags/internal_dags/third_dag.py took 0.141 seconds
[2023-11-05T11:18:22.722+0000] {processor.py:157} INFO - Started process (PID=2661) to work on /opt/airflow/dags/internal_dags/third_dag.py
[2023-11-05T11:18:22.729+0000] {processor.py:829} INFO - Processing file /opt/airflow/dags/internal_dags/third_dag.py for tasks to queue
[2023-11-05T11:18:22.731+0000] {logging_mixin.py:151} INFO - [2023-11-05T11:18:22.731+0000] {dagbag.py:536} INFO - Filling up the DagBag from /opt/airflow/dags/internal_dags/third_dag.py
[2023-11-05T11:18:22.756+0000] {processor.py:839} INFO - DAG(s) dict_keys(['my_third_dag']) retrieved from /opt/airflow/dags/internal_dags/third_dag.py
[2023-11-05T11:18:22.792+0000] {logging_mixin.py:151} INFO - [2023-11-05T11:18:22.792+0000] {dag.py:2941} INFO - Sync 1 DAGs
[2023-11-05T11:18:22.828+0000] {logging_mixin.py:151} INFO - [2023-11-05T11:18:22.828+0000] {dag.py:3722} INFO - Setting next_dagrun for my_third_dag to 2023-11-05T00:00:00+00:00, run_after=2023-11-06T00:00:00+00:00
[2023-11-05T11:18:22.854+0000] {processor.py:179} INFO - Processing /opt/airflow/dags/internal_dags/third_dag.py took 0.137 seconds
[2023-11-05T11:18:53.170+0000] {processor.py:157} INFO - Started process (PID=2683) to work on /opt/airflow/dags/internal_dags/third_dag.py
[2023-11-05T11:18:53.172+0000] {processor.py:829} INFO - Processing file /opt/airflow/dags/internal_dags/third_dag.py for tasks to queue
[2023-11-05T11:18:53.173+0000] {logging_mixin.py:151} INFO - [2023-11-05T11:18:53.173+0000] {dagbag.py:536} INFO - Filling up the DagBag from /opt/airflow/dags/internal_dags/third_dag.py
[2023-11-05T11:18:53.198+0000] {processor.py:839} INFO - DAG(s) dict_keys(['my_third_dag']) retrieved from /opt/airflow/dags/internal_dags/third_dag.py
[2023-11-05T11:18:53.234+0000] {logging_mixin.py:151} INFO - [2023-11-05T11:18:53.234+0000] {dag.py:2941} INFO - Sync 1 DAGs
[2023-11-05T11:18:53.266+0000] {logging_mixin.py:151} INFO - [2023-11-05T11:18:53.266+0000] {dag.py:3722} INFO - Setting next_dagrun for my_third_dag to 2023-11-05T00:00:00+00:00, run_after=2023-11-06T00:00:00+00:00
[2023-11-05T11:18:53.293+0000] {processor.py:179} INFO - Processing /opt/airflow/dags/internal_dags/third_dag.py took 0.128 seconds
[2023-11-05T11:19:23.548+0000] {processor.py:157} INFO - Started process (PID=2705) to work on /opt/airflow/dags/internal_dags/third_dag.py
[2023-11-05T11:19:23.549+0000] {processor.py:829} INFO - Processing file /opt/airflow/dags/internal_dags/third_dag.py for tasks to queue
[2023-11-05T11:19:23.551+0000] {logging_mixin.py:151} INFO - [2023-11-05T11:19:23.550+0000] {dagbag.py:536} INFO - Filling up the DagBag from /opt/airflow/dags/internal_dags/third_dag.py
[2023-11-05T11:19:23.578+0000] {processor.py:839} INFO - DAG(s) dict_keys(['my_third_dag']) retrieved from /opt/airflow/dags/internal_dags/third_dag.py
[2023-11-05T11:19:23.618+0000] {logging_mixin.py:151} INFO - [2023-11-05T11:19:23.617+0000] {dag.py:2941} INFO - Sync 1 DAGs
[2023-11-05T11:19:23.656+0000] {logging_mixin.py:151} INFO - [2023-11-05T11:19:23.655+0000] {dag.py:3722} INFO - Setting next_dagrun for my_third_dag to 2023-11-05T00:00:00+00:00, run_after=2023-11-06T00:00:00+00:00
[2023-11-05T11:19:23.689+0000] {processor.py:179} INFO - Processing /opt/airflow/dags/internal_dags/third_dag.py took 0.147 seconds
[2023-11-05T11:19:54.044+0000] {processor.py:157} INFO - Started process (PID=2727) to work on /opt/airflow/dags/internal_dags/third_dag.py
[2023-11-05T11:19:54.049+0000] {processor.py:829} INFO - Processing file /opt/airflow/dags/internal_dags/third_dag.py for tasks to queue
[2023-11-05T11:19:54.051+0000] {logging_mixin.py:151} INFO - [2023-11-05T11:19:54.051+0000] {dagbag.py:536} INFO - Filling up the DagBag from /opt/airflow/dags/internal_dags/third_dag.py
[2023-11-05T11:19:54.099+0000] {processor.py:839} INFO - DAG(s) dict_keys(['my_third_dag']) retrieved from /opt/airflow/dags/internal_dags/third_dag.py
[2023-11-05T11:19:54.164+0000] {logging_mixin.py:151} INFO - [2023-11-05T11:19:54.164+0000] {dag.py:2941} INFO - Sync 1 DAGs
[2023-11-05T11:19:54.244+0000] {logging_mixin.py:151} INFO - [2023-11-05T11:19:54.243+0000] {dag.py:3722} INFO - Setting next_dagrun for my_third_dag to 2023-11-05T00:00:00+00:00, run_after=2023-11-06T00:00:00+00:00
[2023-11-05T11:19:54.315+0000] {processor.py:179} INFO - Processing /opt/airflow/dags/internal_dags/third_dag.py took 0.282 seconds
[2023-11-05T11:20:24.702+0000] {processor.py:157} INFO - Started process (PID=2751) to work on /opt/airflow/dags/internal_dags/third_dag.py
[2023-11-05T11:20:24.705+0000] {processor.py:829} INFO - Processing file /opt/airflow/dags/internal_dags/third_dag.py for tasks to queue
[2023-11-05T11:20:24.710+0000] {logging_mixin.py:151} INFO - [2023-11-05T11:20:24.707+0000] {dagbag.py:536} INFO - Filling up the DagBag from /opt/airflow/dags/internal_dags/third_dag.py
[2023-11-05T11:20:24.744+0000] {processor.py:839} INFO - DAG(s) dict_keys(['my_third_dag']) retrieved from /opt/airflow/dags/internal_dags/third_dag.py
[2023-11-05T11:20:24.798+0000] {logging_mixin.py:151} INFO - [2023-11-05T11:20:24.798+0000] {dag.py:2941} INFO - Sync 1 DAGs
[2023-11-05T11:20:24.839+0000] {logging_mixin.py:151} INFO - [2023-11-05T11:20:24.839+0000] {dag.py:3722} INFO - Setting next_dagrun for my_third_dag to 2023-11-05T00:00:00+00:00, run_after=2023-11-06T00:00:00+00:00
[2023-11-05T11:20:24.947+0000] {processor.py:179} INFO - Processing /opt/airflow/dags/internal_dags/third_dag.py took 0.252 seconds
[2023-11-05T11:20:55.051+0000] {processor.py:157} INFO - Started process (PID=2773) to work on /opt/airflow/dags/internal_dags/third_dag.py
[2023-11-05T11:20:55.054+0000] {processor.py:829} INFO - Processing file /opt/airflow/dags/internal_dags/third_dag.py for tasks to queue
[2023-11-05T11:20:55.055+0000] {logging_mixin.py:151} INFO - [2023-11-05T11:20:55.055+0000] {dagbag.py:536} INFO - Filling up the DagBag from /opt/airflow/dags/internal_dags/third_dag.py
[2023-11-05T11:20:55.081+0000] {processor.py:839} INFO - DAG(s) dict_keys(['my_third_dag']) retrieved from /opt/airflow/dags/internal_dags/third_dag.py
[2023-11-05T11:20:55.120+0000] {logging_mixin.py:151} INFO - [2023-11-05T11:20:55.120+0000] {dag.py:2941} INFO - Sync 1 DAGs
[2023-11-05T11:20:55.156+0000] {logging_mixin.py:151} INFO - [2023-11-05T11:20:55.156+0000] {dag.py:3722} INFO - Setting next_dagrun for my_third_dag to 2023-11-05T00:00:00+00:00, run_after=2023-11-06T00:00:00+00:00
[2023-11-05T11:20:55.194+0000] {processor.py:179} INFO - Processing /opt/airflow/dags/internal_dags/third_dag.py took 0.153 seconds
[2023-11-05T11:21:25.774+0000] {processor.py:157} INFO - Started process (PID=2820) to work on /opt/airflow/dags/internal_dags/third_dag.py
[2023-11-05T11:21:25.776+0000] {processor.py:829} INFO - Processing file /opt/airflow/dags/internal_dags/third_dag.py for tasks to queue
[2023-11-05T11:21:25.777+0000] {logging_mixin.py:151} INFO - [2023-11-05T11:21:25.777+0000] {dagbag.py:536} INFO - Filling up the DagBag from /opt/airflow/dags/internal_dags/third_dag.py
[2023-11-05T11:21:25.802+0000] {processor.py:839} INFO - DAG(s) dict_keys(['my_third_dag']) retrieved from /opt/airflow/dags/internal_dags/third_dag.py
[2023-11-05T11:21:25.838+0000] {logging_mixin.py:151} INFO - [2023-11-05T11:21:25.838+0000] {dag.py:2941} INFO - Sync 1 DAGs
[2023-11-05T11:21:25.871+0000] {logging_mixin.py:151} INFO - [2023-11-05T11:21:25.871+0000] {dag.py:3722} INFO - Setting next_dagrun for my_third_dag to 2023-11-05T00:00:00+00:00, run_after=2023-11-06T00:00:00+00:00
[2023-11-05T11:21:25.902+0000] {processor.py:179} INFO - Processing /opt/airflow/dags/internal_dags/third_dag.py took 0.133 seconds
[2023-11-05T11:21:56.330+0000] {processor.py:157} INFO - Started process (PID=2857) to work on /opt/airflow/dags/internal_dags/third_dag.py
[2023-11-05T11:21:56.332+0000] {processor.py:829} INFO - Processing file /opt/airflow/dags/internal_dags/third_dag.py for tasks to queue
[2023-11-05T11:21:56.333+0000] {logging_mixin.py:151} INFO - [2023-11-05T11:21:56.333+0000] {dagbag.py:536} INFO - Filling up the DagBag from /opt/airflow/dags/internal_dags/third_dag.py
[2023-11-05T11:21:56.360+0000] {processor.py:839} INFO - DAG(s) dict_keys(['my_third_dag']) retrieved from /opt/airflow/dags/internal_dags/third_dag.py
[2023-11-05T11:21:56.401+0000] {logging_mixin.py:151} INFO - [2023-11-05T11:21:56.400+0000] {dag.py:2941} INFO - Sync 1 DAGs
[2023-11-05T11:21:56.437+0000] {logging_mixin.py:151} INFO - [2023-11-05T11:21:56.437+0000] {dag.py:3722} INFO - Setting next_dagrun for my_third_dag to 2023-11-05T00:00:00+00:00, run_after=2023-11-06T00:00:00+00:00
[2023-11-05T11:21:56.466+0000] {processor.py:179} INFO - Processing /opt/airflow/dags/internal_dags/third_dag.py took 0.142 seconds
[2023-11-05T11:22:26.840+0000] {processor.py:157} INFO - Started process (PID=2888) to work on /opt/airflow/dags/internal_dags/third_dag.py
[2023-11-05T11:22:26.842+0000] {processor.py:829} INFO - Processing file /opt/airflow/dags/internal_dags/third_dag.py for tasks to queue
[2023-11-05T11:22:26.844+0000] {logging_mixin.py:151} INFO - [2023-11-05T11:22:26.843+0000] {dagbag.py:536} INFO - Filling up the DagBag from /opt/airflow/dags/internal_dags/third_dag.py
[2023-11-05T11:22:26.869+0000] {processor.py:839} INFO - DAG(s) dict_keys(['my_third_dag']) retrieved from /opt/airflow/dags/internal_dags/third_dag.py
[2023-11-05T11:22:26.908+0000] {logging_mixin.py:151} INFO - [2023-11-05T11:22:26.908+0000] {dag.py:2941} INFO - Sync 1 DAGs
[2023-11-05T11:22:26.947+0000] {logging_mixin.py:151} INFO - [2023-11-05T11:22:26.946+0000] {dag.py:3722} INFO - Setting next_dagrun for my_third_dag to 2023-11-05T00:00:00+00:00, run_after=2023-11-06T00:00:00+00:00
[2023-11-05T11:22:26.981+0000] {processor.py:179} INFO - Processing /opt/airflow/dags/internal_dags/third_dag.py took 0.146 seconds
[2023-11-05T11:22:57.240+0000] {processor.py:157} INFO - Started process (PID=2910) to work on /opt/airflow/dags/internal_dags/third_dag.py
[2023-11-05T11:22:57.241+0000] {processor.py:829} INFO - Processing file /opt/airflow/dags/internal_dags/third_dag.py for tasks to queue
[2023-11-05T11:22:57.243+0000] {logging_mixin.py:151} INFO - [2023-11-05T11:22:57.242+0000] {dagbag.py:536} INFO - Filling up the DagBag from /opt/airflow/dags/internal_dags/third_dag.py
[2023-11-05T11:22:57.269+0000] {processor.py:839} INFO - DAG(s) dict_keys(['my_third_dag']) retrieved from /opt/airflow/dags/internal_dags/third_dag.py
[2023-11-05T11:22:57.307+0000] {logging_mixin.py:151} INFO - [2023-11-05T11:22:57.306+0000] {dag.py:2941} INFO - Sync 1 DAGs
[2023-11-05T11:22:57.343+0000] {logging_mixin.py:151} INFO - [2023-11-05T11:22:57.342+0000] {dag.py:3722} INFO - Setting next_dagrun for my_third_dag to 2023-11-05T00:00:00+00:00, run_after=2023-11-06T00:00:00+00:00
[2023-11-05T11:22:57.376+0000] {processor.py:179} INFO - Processing /opt/airflow/dags/internal_dags/third_dag.py took 0.142 seconds
