[2023-11-06T12:06:04.656+0000] {taskinstance.py:1159} INFO - Dependencies all met for dep_context=non-requeueable deps ti=<TaskInstance: catchup_and_backfill_dag.task_a scheduled__2023-10-25T00:00:00+00:00 [queued]>
[2023-11-06T12:06:04.673+0000] {taskinstance.py:1159} INFO - Dependencies all met for dep_context=requeueable deps ti=<TaskInstance: catchup_and_backfill_dag.task_a scheduled__2023-10-25T00:00:00+00:00 [queued]>
[2023-11-06T12:06:04.674+0000] {taskinstance.py:1361} INFO - Starting attempt 1 of 2
[2023-11-06T12:06:04.770+0000] {taskinstance.py:1382} INFO - Executing <Task(BashOperator): task_a> on 2023-10-25 00:00:00+00:00
[2023-11-06T12:06:04.778+0000] {standard_task_runner.py:57} INFO - Started process 869 to run task
[2023-11-06T12:06:04.794+0000] {standard_task_runner.py:84} INFO - Running: ['***', 'tasks', 'run', 'catchup_and_backfill_dag', 'task_a', 'scheduled__2023-10-25T00:00:00+00:00', '--job-id', '99', '--raw', '--subdir', 'DAGS_FOLDER/catchup_and_backfill_dag.py', '--cfg-path', '/tmp/tmp3c0spa99']
[2023-11-06T12:06:04.800+0000] {standard_task_runner.py:85} INFO - Job 99: Subtask task_a
[2023-11-06T12:06:04.912+0000] {task_command.py:416} INFO - Running <TaskInstance: catchup_and_backfill_dag.task_a scheduled__2023-10-25T00:00:00+00:00 [running]> on host cf1baac588aa
[2023-11-06T12:06:05.043+0000] {taskinstance.py:1662} INFO - Exporting env vars: AIRFLOW_CTX_DAG_OWNER='safarnejad' AIRFLOW_CTX_DAG_ID='catchup_and_backfill_dag' AIRFLOW_CTX_TASK_ID='task_a' AIRFLOW_CTX_EXECUTION_DATE='2023-10-25T00:00:00+00:00' AIRFLOW_CTX_TRY_NUMBER='1' AIRFLOW_CTX_DAG_RUN_ID='scheduled__2023-10-25T00:00:00+00:00'
[2023-11-06T12:06:05.047+0000] {subprocess.py:63} INFO - Tmp dir root location: /tmp
[2023-11-06T12:06:05.049+0000] {subprocess.py:75} INFO - Running command: ['/bin/bash', '-c', 'echo Hello World :)']
[2023-11-06T12:06:05.066+0000] {subprocess.py:86} INFO - Output:
[2023-11-06T12:06:05.070+0000] {subprocess.py:93} INFO - /bin/bash: -c: line 1: syntax error near unexpected token `)'
[2023-11-06T12:06:05.071+0000] {subprocess.py:93} INFO - /bin/bash: -c: line 1: `echo Hello World :)'
[2023-11-06T12:06:05.072+0000] {subprocess.py:97} INFO - Command exited with return code 2
[2023-11-06T12:06:05.097+0000] {taskinstance.py:1937} ERROR - Task failed with exception
Traceback (most recent call last):
  File "/home/airflow/.local/lib/python3.8/site-packages/airflow/operators/bash.py", line 210, in execute
    raise AirflowException(
airflow.exceptions.AirflowException: Bash command failed. The command returned a non-zero exit code 2.
[2023-11-06T12:06:05.108+0000] {taskinstance.py:1400} INFO - Marking task as UP_FOR_RETRY. dag_id=catchup_and_backfill_dag, task_id=task_a, execution_date=20231025T000000, start_date=20231106T120604, end_date=20231106T120605
[2023-11-06T12:06:05.134+0000] {standard_task_runner.py:104} ERROR - Failed to execute job 99 for task task_a (Bash command failed. The command returned a non-zero exit code 2.; 869)
[2023-11-06T12:06:05.160+0000] {local_task_job_runner.py:228} INFO - Task exited with return code 1
[2023-11-06T12:06:05.195+0000] {taskinstance.py:2778} INFO - 0 downstream tasks scheduled from follow-on schedule check
[2023-11-06T12:19:09.769+0000] {taskinstance.py:1159} INFO - Dependencies all met for dep_context=non-requeueable deps ti=<TaskInstance: catchup_and_backfill_dag.task_a scheduled__2023-10-25T00:00:00+00:00 [queued]>
[2023-11-06T12:19:09.801+0000] {taskinstance.py:1159} INFO - Dependencies all met for dep_context=requeueable deps ti=<TaskInstance: catchup_and_backfill_dag.task_a scheduled__2023-10-25T00:00:00+00:00 [queued]>
[2023-11-06T12:19:09.803+0000] {taskinstance.py:1361} INFO - Starting attempt 1 of 2
[2023-11-06T12:19:09.890+0000] {taskinstance.py:1382} INFO - Executing <Task(BashOperator): task_a> on 2023-10-25 00:00:00+00:00
[2023-11-06T12:19:09.908+0000] {standard_task_runner.py:57} INFO - Started process 2079 to run task
[2023-11-06T12:19:09.918+0000] {standard_task_runner.py:84} INFO - Running: ['***', 'tasks', 'run', 'catchup_and_backfill_dag', 'task_a', 'scheduled__2023-10-25T00:00:00+00:00', '--job-id', '171', '--raw', '--subdir', 'DAGS_FOLDER/catchup_and_backfill_dag.py', '--cfg-path', '/tmp/tmprn1feenb']
[2023-11-06T12:19:09.927+0000] {standard_task_runner.py:85} INFO - Job 171: Subtask task_a
[2023-11-06T12:19:10.059+0000] {task_command.py:416} INFO - Running <TaskInstance: catchup_and_backfill_dag.task_a scheduled__2023-10-25T00:00:00+00:00 [running]> on host cf1baac588aa
[2023-11-06T12:19:10.298+0000] {taskinstance.py:1662} INFO - Exporting env vars: AIRFLOW_CTX_DAG_OWNER='safarnejad' AIRFLOW_CTX_DAG_ID='catchup_and_backfill_dag' AIRFLOW_CTX_TASK_ID='task_a' AIRFLOW_CTX_EXECUTION_DATE='2023-10-25T00:00:00+00:00' AIRFLOW_CTX_TRY_NUMBER='1' AIRFLOW_CTX_DAG_RUN_ID='scheduled__2023-10-25T00:00:00+00:00'
[2023-11-06T12:19:10.301+0000] {subprocess.py:63} INFO - Tmp dir root location: /tmp
[2023-11-06T12:19:10.302+0000] {subprocess.py:75} INFO - Running command: ['/bin/bash', '-c', 'echo Hello World.']
[2023-11-06T12:19:10.325+0000] {subprocess.py:86} INFO - Output:
[2023-11-06T12:19:10.330+0000] {subprocess.py:93} INFO - Hello World.
[2023-11-06T12:19:10.331+0000] {subprocess.py:97} INFO - Command exited with return code 0
[2023-11-06T12:19:10.381+0000] {taskinstance.py:1400} INFO - Marking task as SUCCESS. dag_id=catchup_and_backfill_dag, task_id=task_a, execution_date=20231025T000000, start_date=20231106T121909, end_date=20231106T121910
[2023-11-06T12:19:10.428+0000] {local_task_job_runner.py:228} INFO - Task exited with return code 0
[2023-11-06T12:19:10.478+0000] {taskinstance.py:2778} INFO - 0 downstream tasks scheduled from follow-on schedule check
