[2023-11-06T12:06:03.654+0000] {taskinstance.py:1159} INFO - Dependencies all met for dep_context=non-requeueable deps ti=<TaskInstance: catchup_and_backfill_dag.task_a scheduled__2023-10-20T00:00:00+00:00 [queued]>
[2023-11-06T12:06:03.686+0000] {taskinstance.py:1159} INFO - Dependencies all met for dep_context=requeueable deps ti=<TaskInstance: catchup_and_backfill_dag.task_a scheduled__2023-10-20T00:00:00+00:00 [queued]>
[2023-11-06T12:06:03.690+0000] {taskinstance.py:1361} INFO - Starting attempt 1 of 2
[2023-11-06T12:06:03.771+0000] {taskinstance.py:1382} INFO - Executing <Task(BashOperator): task_a> on 2023-10-20 00:00:00+00:00
[2023-11-06T12:06:03.782+0000] {standard_task_runner.py:57} INFO - Started process 853 to run task
[2023-11-06T12:06:03.790+0000] {standard_task_runner.py:84} INFO - Running: ['***', 'tasks', 'run', 'catchup_and_backfill_dag', 'task_a', 'scheduled__2023-10-20T00:00:00+00:00', '--job-id', '94', '--raw', '--subdir', 'DAGS_FOLDER/catchup_and_backfill_dag.py', '--cfg-path', '/tmp/tmpkormtjmh']
[2023-11-06T12:06:03.798+0000] {standard_task_runner.py:85} INFO - Job 94: Subtask task_a
[2023-11-06T12:06:03.947+0000] {task_command.py:416} INFO - Running <TaskInstance: catchup_and_backfill_dag.task_a scheduled__2023-10-20T00:00:00+00:00 [running]> on host cf1baac588aa
[2023-11-06T12:06:04.160+0000] {taskinstance.py:1662} INFO - Exporting env vars: AIRFLOW_CTX_DAG_OWNER='safarnejad' AIRFLOW_CTX_DAG_ID='catchup_and_backfill_dag' AIRFLOW_CTX_TASK_ID='task_a' AIRFLOW_CTX_EXECUTION_DATE='2023-10-20T00:00:00+00:00' AIRFLOW_CTX_TRY_NUMBER='1' AIRFLOW_CTX_DAG_RUN_ID='scheduled__2023-10-20T00:00:00+00:00'
[2023-11-06T12:06:04.165+0000] {subprocess.py:63} INFO - Tmp dir root location: /tmp
[2023-11-06T12:06:04.167+0000] {subprocess.py:75} INFO - Running command: ['/bin/bash', '-c', 'echo Hello World :)']
[2023-11-06T12:06:04.181+0000] {subprocess.py:86} INFO - Output:
[2023-11-06T12:06:04.184+0000] {subprocess.py:93} INFO - /bin/bash: -c: line 1: syntax error near unexpected token `)'
[2023-11-06T12:06:04.185+0000] {subprocess.py:93} INFO - /bin/bash: -c: line 1: `echo Hello World :)'
[2023-11-06T12:06:04.186+0000] {subprocess.py:97} INFO - Command exited with return code 2
[2023-11-06T12:06:04.206+0000] {taskinstance.py:1937} ERROR - Task failed with exception
Traceback (most recent call last):
  File "/home/airflow/.local/lib/python3.8/site-packages/airflow/operators/bash.py", line 210, in execute
    raise AirflowException(
airflow.exceptions.AirflowException: Bash command failed. The command returned a non-zero exit code 2.
[2023-11-06T12:06:04.214+0000] {taskinstance.py:1400} INFO - Marking task as UP_FOR_RETRY. dag_id=catchup_and_backfill_dag, task_id=task_a, execution_date=20231020T000000, start_date=20231106T120603, end_date=20231106T120604
[2023-11-06T12:06:04.238+0000] {standard_task_runner.py:104} ERROR - Failed to execute job 94 for task task_a (Bash command failed. The command returned a non-zero exit code 2.; 853)
[2023-11-06T12:06:04.259+0000] {local_task_job_runner.py:228} INFO - Task exited with return code 1
[2023-11-06T12:06:04.305+0000] {taskinstance.py:2778} INFO - 0 downstream tasks scheduled from follow-on schedule check
[2023-11-06T12:19:06.761+0000] {taskinstance.py:1159} INFO - Dependencies all met for dep_context=non-requeueable deps ti=<TaskInstance: catchup_and_backfill_dag.task_a scheduled__2023-10-20T00:00:00+00:00 [queued]>
[2023-11-06T12:19:06.781+0000] {taskinstance.py:1159} INFO - Dependencies all met for dep_context=requeueable deps ti=<TaskInstance: catchup_and_backfill_dag.task_a scheduled__2023-10-20T00:00:00+00:00 [queued]>
[2023-11-06T12:19:06.783+0000] {taskinstance.py:1361} INFO - Starting attempt 1 of 2
[2023-11-06T12:19:06.835+0000] {taskinstance.py:1382} INFO - Executing <Task(BashOperator): task_a> on 2023-10-20 00:00:00+00:00
[2023-11-06T12:19:06.885+0000] {standard_task_runner.py:57} INFO - Started process 2050 to run task
[2023-11-06T12:19:06.902+0000] {standard_task_runner.py:84} INFO - Running: ['***', 'tasks', 'run', 'catchup_and_backfill_dag', 'task_a', 'scheduled__2023-10-20T00:00:00+00:00', '--job-id', '166', '--raw', '--subdir', 'DAGS_FOLDER/catchup_and_backfill_dag.py', '--cfg-path', '/tmp/tmpzv6onq3h']
[2023-11-06T12:19:06.910+0000] {standard_task_runner.py:85} INFO - Job 166: Subtask task_a
[2023-11-06T12:19:07.116+0000] {task_command.py:416} INFO - Running <TaskInstance: catchup_and_backfill_dag.task_a scheduled__2023-10-20T00:00:00+00:00 [running]> on host cf1baac588aa
[2023-11-06T12:19:07.328+0000] {taskinstance.py:1662} INFO - Exporting env vars: AIRFLOW_CTX_DAG_OWNER='safarnejad' AIRFLOW_CTX_DAG_ID='catchup_and_backfill_dag' AIRFLOW_CTX_TASK_ID='task_a' AIRFLOW_CTX_EXECUTION_DATE='2023-10-20T00:00:00+00:00' AIRFLOW_CTX_TRY_NUMBER='1' AIRFLOW_CTX_DAG_RUN_ID='scheduled__2023-10-20T00:00:00+00:00'
[2023-11-06T12:19:07.331+0000] {subprocess.py:63} INFO - Tmp dir root location: /tmp
[2023-11-06T12:19:07.333+0000] {subprocess.py:75} INFO - Running command: ['/bin/bash', '-c', 'echo Hello World.']
[2023-11-06T12:19:07.350+0000] {subprocess.py:86} INFO - Output:
[2023-11-06T12:19:07.354+0000] {subprocess.py:93} INFO - Hello World.
[2023-11-06T12:19:07.357+0000] {subprocess.py:97} INFO - Command exited with return code 0
[2023-11-06T12:19:07.406+0000] {taskinstance.py:1400} INFO - Marking task as SUCCESS. dag_id=catchup_and_backfill_dag, task_id=task_a, execution_date=20231020T000000, start_date=20231106T121906, end_date=20231106T121907
[2023-11-06T12:19:07.452+0000] {local_task_job_runner.py:228} INFO - Task exited with return code 0
[2023-11-06T12:19:07.481+0000] {taskinstance.py:2778} INFO - 0 downstream tasks scheduled from follow-on schedule check
