[2023-11-04T16:42:26.090+0100] {processor.py:157} INFO - Started process (PID=3268) to work on /Users/audioworkstation/Documents/WORKSPACE/LEARNING/Airflow-Training/.venv/lib/python3.10/site-packages/airflow/example_dags/example_setup_teardown_taskflow.py
[2023-11-04T16:42:26.094+0100] {processor.py:829} INFO - Processing file /Users/audioworkstation/Documents/WORKSPACE/LEARNING/Airflow-Training/.venv/lib/python3.10/site-packages/airflow/example_dags/example_setup_teardown_taskflow.py for tasks to queue
[2023-11-04T16:42:26.095+0100] {logging_mixin.py:151} INFO - [2023-11-04T16:42:26.095+0100] {dagbag.py:539} INFO - Filling up the DagBag from /Users/audioworkstation/Documents/WORKSPACE/LEARNING/Airflow-Training/.venv/lib/python3.10/site-packages/airflow/example_dags/example_setup_teardown_taskflow.py
[2023-11-04T16:42:26.147+0100] {processor.py:839} INFO - DAG(s) dict_keys(['example_setup_teardown_taskflow']) retrieved from /Users/audioworkstation/Documents/WORKSPACE/LEARNING/Airflow-Training/.venv/lib/python3.10/site-packages/airflow/example_dags/example_setup_teardown_taskflow.py
[2023-11-04T16:42:26.319+0100] {logging_mixin.py:151} INFO - [2023-11-04T16:42:26.319+0100] {dag.py:2915} INFO - Sync 1 DAGs
[2023-11-04T16:42:26.334+0100] {logging_mixin.py:151} INFO - [2023-11-04T16:42:26.334+0100] {dag.py:3696} INFO - Setting next_dagrun for example_setup_teardown_taskflow to 2023-11-03T15:42:26.333904+00:00, run_after=2023-11-04T15:42:26.333904+00:00
[2023-11-04T16:42:26.352+0100] {processor.py:179} INFO - Processing /Users/audioworkstation/Documents/WORKSPACE/LEARNING/Airflow-Training/.venv/lib/python3.10/site-packages/airflow/example_dags/example_setup_teardown_taskflow.py took 0.263 seconds
[2023-11-04T16:44:12.689+0100] {processor.py:157} INFO - Started process (PID=3617) to work on /Users/audioworkstation/Documents/WORKSPACE/LEARNING/Airflow-Training/.venv/lib/python3.10/site-packages/airflow/example_dags/example_setup_teardown_taskflow.py
[2023-11-04T16:44:12.694+0100] {processor.py:829} INFO - Processing file /Users/audioworkstation/Documents/WORKSPACE/LEARNING/Airflow-Training/.venv/lib/python3.10/site-packages/airflow/example_dags/example_setup_teardown_taskflow.py for tasks to queue
[2023-11-04T16:44:12.694+0100] {logging_mixin.py:151} INFO - [2023-11-04T16:44:12.694+0100] {dagbag.py:539} INFO - Filling up the DagBag from /Users/audioworkstation/Documents/WORKSPACE/LEARNING/Airflow-Training/.venv/lib/python3.10/site-packages/airflow/example_dags/example_setup_teardown_taskflow.py
[2023-11-04T16:44:12.751+0100] {processor.py:839} INFO - DAG(s) dict_keys(['example_setup_teardown_taskflow']) retrieved from /Users/audioworkstation/Documents/WORKSPACE/LEARNING/Airflow-Training/.venv/lib/python3.10/site-packages/airflow/example_dags/example_setup_teardown_taskflow.py
[2023-11-04T16:44:12.913+0100] {logging_mixin.py:151} INFO - [2023-11-04T16:44:12.913+0100] {dag.py:2915} INFO - Sync 1 DAGs
[2023-11-04T16:44:12.928+0100] {logging_mixin.py:151} INFO - [2023-11-04T16:44:12.928+0100] {dag.py:3696} INFO - Setting next_dagrun for example_setup_teardown_taskflow to 2023-11-03T15:44:12.928364+00:00, run_after=2023-11-04T15:44:12.928364+00:00
[2023-11-04T16:44:12.952+0100] {processor.py:179} INFO - Processing /Users/audioworkstation/Documents/WORKSPACE/LEARNING/Airflow-Training/.venv/lib/python3.10/site-packages/airflow/example_dags/example_setup_teardown_taskflow.py took 0.263 seconds
[2023-11-04T16:46:50.706+0100] {processor.py:157} INFO - Started process (PID=4143) to work on /Users/audioworkstation/Documents/WORKSPACE/LEARNING/Airflow-Training/.venv/lib/python3.10/site-packages/airflow/example_dags/example_setup_teardown_taskflow.py
[2023-11-04T16:46:50.711+0100] {processor.py:829} INFO - Processing file /Users/audioworkstation/Documents/WORKSPACE/LEARNING/Airflow-Training/.venv/lib/python3.10/site-packages/airflow/example_dags/example_setup_teardown_taskflow.py for tasks to queue
[2023-11-04T16:46:50.711+0100] {logging_mixin.py:151} INFO - [2023-11-04T16:46:50.711+0100] {dagbag.py:539} INFO - Filling up the DagBag from /Users/audioworkstation/Documents/WORKSPACE/LEARNING/Airflow-Training/.venv/lib/python3.10/site-packages/airflow/example_dags/example_setup_teardown_taskflow.py
[2023-11-04T16:46:50.766+0100] {processor.py:839} INFO - DAG(s) dict_keys(['example_setup_teardown_taskflow']) retrieved from /Users/audioworkstation/Documents/WORKSPACE/LEARNING/Airflow-Training/.venv/lib/python3.10/site-packages/airflow/example_dags/example_setup_teardown_taskflow.py
[2023-11-04T16:46:50.945+0100] {logging_mixin.py:151} INFO - [2023-11-04T16:46:50.944+0100] {dag.py:2915} INFO - Sync 1 DAGs
[2023-11-04T16:46:50.963+0100] {logging_mixin.py:151} INFO - [2023-11-04T16:46:50.963+0100] {dag.py:3696} INFO - Setting next_dagrun for example_setup_teardown_taskflow to 2023-11-03T15:46:50.963012+00:00, run_after=2023-11-04T15:46:50.963012+00:00
[2023-11-04T16:46:50.990+0100] {processor.py:179} INFO - Processing /Users/audioworkstation/Documents/WORKSPACE/LEARNING/Airflow-Training/.venv/lib/python3.10/site-packages/airflow/example_dags/example_setup_teardown_taskflow.py took 0.284 seconds
[2023-11-04T16:48:06.722+0100] {processor.py:157} INFO - Started process (PID=4431) to work on /Users/audioworkstation/Documents/WORKSPACE/LEARNING/Airflow-Training/.venv/lib/python3.10/site-packages/airflow/example_dags/example_setup_teardown_taskflow.py
[2023-11-04T16:48:06.726+0100] {processor.py:829} INFO - Processing file /Users/audioworkstation/Documents/WORKSPACE/LEARNING/Airflow-Training/.venv/lib/python3.10/site-packages/airflow/example_dags/example_setup_teardown_taskflow.py for tasks to queue
[2023-11-04T16:48:06.726+0100] {logging_mixin.py:151} INFO - [2023-11-04T16:48:06.726+0100] {dagbag.py:539} INFO - Filling up the DagBag from /Users/audioworkstation/Documents/WORKSPACE/LEARNING/Airflow-Training/.venv/lib/python3.10/site-packages/airflow/example_dags/example_setup_teardown_taskflow.py
[2023-11-04T16:48:06.775+0100] {processor.py:839} INFO - DAG(s) dict_keys(['example_setup_teardown_taskflow']) retrieved from /Users/audioworkstation/Documents/WORKSPACE/LEARNING/Airflow-Training/.venv/lib/python3.10/site-packages/airflow/example_dags/example_setup_teardown_taskflow.py
[2023-11-04T16:48:06.921+0100] {logging_mixin.py:151} INFO - [2023-11-04T16:48:06.920+0100] {dag.py:2915} INFO - Sync 1 DAGs
[2023-11-04T16:48:06.934+0100] {logging_mixin.py:151} INFO - [2023-11-04T16:48:06.934+0100] {dag.py:3696} INFO - Setting next_dagrun for example_setup_teardown_taskflow to 2023-11-03T15:48:06.934074+00:00, run_after=2023-11-04T15:48:06.934074+00:00
[2023-11-04T16:48:06.958+0100] {processor.py:179} INFO - Processing /Users/audioworkstation/Documents/WORKSPACE/LEARNING/Airflow-Training/.venv/lib/python3.10/site-packages/airflow/example_dags/example_setup_teardown_taskflow.py took 0.237 seconds
[2023-11-04T16:49:48.855+0100] {processor.py:157} INFO - Started process (PID=4779) to work on /Users/audioworkstation/Documents/WORKSPACE/LEARNING/Airflow-Training/.venv/lib/python3.10/site-packages/airflow/example_dags/example_setup_teardown_taskflow.py
[2023-11-04T16:49:48.860+0100] {processor.py:829} INFO - Processing file /Users/audioworkstation/Documents/WORKSPACE/LEARNING/Airflow-Training/.venv/lib/python3.10/site-packages/airflow/example_dags/example_setup_teardown_taskflow.py for tasks to queue
[2023-11-04T16:49:48.860+0100] {logging_mixin.py:151} INFO - [2023-11-04T16:49:48.860+0100] {dagbag.py:539} INFO - Filling up the DagBag from /Users/audioworkstation/Documents/WORKSPACE/LEARNING/Airflow-Training/.venv/lib/python3.10/site-packages/airflow/example_dags/example_setup_teardown_taskflow.py
[2023-11-04T16:49:48.916+0100] {processor.py:839} INFO - DAG(s) dict_keys(['example_setup_teardown_taskflow']) retrieved from /Users/audioworkstation/Documents/WORKSPACE/LEARNING/Airflow-Training/.venv/lib/python3.10/site-packages/airflow/example_dags/example_setup_teardown_taskflow.py
[2023-11-04T16:49:49.078+0100] {logging_mixin.py:151} INFO - [2023-11-04T16:49:49.078+0100] {dag.py:2915} INFO - Sync 1 DAGs
[2023-11-04T16:49:49.092+0100] {logging_mixin.py:151} INFO - [2023-11-04T16:49:49.092+0100] {dag.py:3696} INFO - Setting next_dagrun for example_setup_teardown_taskflow to 2023-11-03T15:49:49.092684+00:00, run_after=2023-11-04T15:49:49.092684+00:00
[2023-11-04T16:49:49.119+0100] {processor.py:179} INFO - Processing /Users/audioworkstation/Documents/WORKSPACE/LEARNING/Airflow-Training/.venv/lib/python3.10/site-packages/airflow/example_dags/example_setup_teardown_taskflow.py took 0.265 seconds
[2023-11-04T16:51:06.872+0100] {processor.py:157} INFO - Started process (PID=5045) to work on /Users/audioworkstation/Documents/WORKSPACE/LEARNING/Airflow-Training/.venv/lib/python3.10/site-packages/airflow/example_dags/example_setup_teardown_taskflow.py
[2023-11-04T16:51:06.876+0100] {processor.py:829} INFO - Processing file /Users/audioworkstation/Documents/WORKSPACE/LEARNING/Airflow-Training/.venv/lib/python3.10/site-packages/airflow/example_dags/example_setup_teardown_taskflow.py for tasks to queue
[2023-11-04T16:51:06.877+0100] {logging_mixin.py:151} INFO - [2023-11-04T16:51:06.876+0100] {dagbag.py:539} INFO - Filling up the DagBag from /Users/audioworkstation/Documents/WORKSPACE/LEARNING/Airflow-Training/.venv/lib/python3.10/site-packages/airflow/example_dags/example_setup_teardown_taskflow.py
[2023-11-04T16:51:06.927+0100] {processor.py:839} INFO - DAG(s) dict_keys(['example_setup_teardown_taskflow']) retrieved from /Users/audioworkstation/Documents/WORKSPACE/LEARNING/Airflow-Training/.venv/lib/python3.10/site-packages/airflow/example_dags/example_setup_teardown_taskflow.py
[2023-11-04T16:51:07.082+0100] {logging_mixin.py:151} INFO - [2023-11-04T16:51:07.082+0100] {dag.py:2915} INFO - Sync 1 DAGs
[2023-11-04T16:51:07.096+0100] {logging_mixin.py:151} INFO - [2023-11-04T16:51:07.096+0100] {dag.py:3696} INFO - Setting next_dagrun for example_setup_teardown_taskflow to 2023-11-03T15:51:07.096207+00:00, run_after=2023-11-04T15:51:07.096207+00:00
[2023-11-04T16:51:07.121+0100] {processor.py:179} INFO - Processing /Users/audioworkstation/Documents/WORKSPACE/LEARNING/Airflow-Training/.venv/lib/python3.10/site-packages/airflow/example_dags/example_setup_teardown_taskflow.py took 0.250 seconds
