[2023-11-04T16:42:12.739+0100] {processor.py:157} INFO - Started process (PID=3220) to work on /Users/audioworkstation/Documents/WORKSPACE/LEARNING/Airflow-Training/.venv/lib/python3.10/site-packages/airflow/example_dags/example_task_group.py
[2023-11-04T16:42:12.743+0100] {processor.py:829} INFO - Processing file /Users/audioworkstation/Documents/WORKSPACE/LEARNING/Airflow-Training/.venv/lib/python3.10/site-packages/airflow/example_dags/example_task_group.py for tasks to queue
[2023-11-04T16:42:12.743+0100] {logging_mixin.py:151} INFO - [2023-11-04T16:42:12.743+0100] {dagbag.py:539} INFO - Filling up the DagBag from /Users/audioworkstation/Documents/WORKSPACE/LEARNING/Airflow-Training/.venv/lib/python3.10/site-packages/airflow/example_dags/example_task_group.py
[2023-11-04T16:42:12.770+0100] {processor.py:839} INFO - DAG(s) dict_keys(['example_task_group']) retrieved from /Users/audioworkstation/Documents/WORKSPACE/LEARNING/Airflow-Training/.venv/lib/python3.10/site-packages/airflow/example_dags/example_task_group.py
[2023-11-04T16:42:12.924+0100] {logging_mixin.py:151} INFO - [2023-11-04T16:42:12.924+0100] {dag.py:2915} INFO - Sync 1 DAGs
[2023-11-04T16:42:12.937+0100] {logging_mixin.py:151} INFO - [2023-11-04T16:42:12.937+0100] {dag.py:3696} INFO - Setting next_dagrun for example_task_group to 2023-11-03T15:42:12.937166+00:00, run_after=2023-11-04T15:42:12.937166+00:00
[2023-11-04T16:42:12.959+0100] {processor.py:179} INFO - Processing /Users/audioworkstation/Documents/WORKSPACE/LEARNING/Airflow-Training/.venv/lib/python3.10/site-packages/airflow/example_dags/example_task_group.py took 0.221 seconds
[2023-11-04T16:43:58.690+0100] {processor.py:157} INFO - Started process (PID=3569) to work on /Users/audioworkstation/Documents/WORKSPACE/LEARNING/Airflow-Training/.venv/lib/python3.10/site-packages/airflow/example_dags/example_task_group.py
[2023-11-04T16:43:58.694+0100] {processor.py:829} INFO - Processing file /Users/audioworkstation/Documents/WORKSPACE/LEARNING/Airflow-Training/.venv/lib/python3.10/site-packages/airflow/example_dags/example_task_group.py for tasks to queue
[2023-11-04T16:43:58.695+0100] {logging_mixin.py:151} INFO - [2023-11-04T16:43:58.695+0100] {dagbag.py:539} INFO - Filling up the DagBag from /Users/audioworkstation/Documents/WORKSPACE/LEARNING/Airflow-Training/.venv/lib/python3.10/site-packages/airflow/example_dags/example_task_group.py
[2023-11-04T16:43:58.727+0100] {processor.py:839} INFO - DAG(s) dict_keys(['example_task_group']) retrieved from /Users/audioworkstation/Documents/WORKSPACE/LEARNING/Airflow-Training/.venv/lib/python3.10/site-packages/airflow/example_dags/example_task_group.py
[2023-11-04T16:43:58.909+0100] {logging_mixin.py:151} INFO - [2023-11-04T16:43:58.909+0100] {dag.py:2915} INFO - Sync 1 DAGs
[2023-11-04T16:43:58.925+0100] {logging_mixin.py:151} INFO - [2023-11-04T16:43:58.925+0100] {dag.py:3696} INFO - Setting next_dagrun for example_task_group to 2023-11-03T15:43:58.925268+00:00, run_after=2023-11-04T15:43:58.925268+00:00
[2023-11-04T16:43:58.950+0100] {processor.py:179} INFO - Processing /Users/audioworkstation/Documents/WORKSPACE/LEARNING/Airflow-Training/.venv/lib/python3.10/site-packages/airflow/example_dags/example_task_group.py took 0.261 seconds
[2023-11-04T16:45:12.863+0100] {processor.py:157} INFO - Started process (PID=3816) to work on /Users/audioworkstation/Documents/WORKSPACE/LEARNING/Airflow-Training/.venv/lib/python3.10/site-packages/airflow/example_dags/example_task_group.py
[2023-11-04T16:45:12.867+0100] {processor.py:829} INFO - Processing file /Users/audioworkstation/Documents/WORKSPACE/LEARNING/Airflow-Training/.venv/lib/python3.10/site-packages/airflow/example_dags/example_task_group.py for tasks to queue
[2023-11-04T16:45:12.868+0100] {logging_mixin.py:151} INFO - [2023-11-04T16:45:12.868+0100] {dagbag.py:539} INFO - Filling up the DagBag from /Users/audioworkstation/Documents/WORKSPACE/LEARNING/Airflow-Training/.venv/lib/python3.10/site-packages/airflow/example_dags/example_task_group.py
[2023-11-04T16:45:12.895+0100] {processor.py:839} INFO - DAG(s) dict_keys(['example_task_group']) retrieved from /Users/audioworkstation/Documents/WORKSPACE/LEARNING/Airflow-Training/.venv/lib/python3.10/site-packages/airflow/example_dags/example_task_group.py
[2023-11-04T16:45:13.050+0100] {logging_mixin.py:151} INFO - [2023-11-04T16:45:13.050+0100] {dag.py:2915} INFO - Sync 1 DAGs
[2023-11-04T16:45:13.065+0100] {logging_mixin.py:151} INFO - [2023-11-04T16:45:13.064+0100] {dag.py:3696} INFO - Setting next_dagrun for example_task_group to 2023-11-03T15:45:13.064807+00:00, run_after=2023-11-04T15:45:13.064807+00:00
[2023-11-04T16:45:13.089+0100] {processor.py:179} INFO - Processing /Users/audioworkstation/Documents/WORKSPACE/LEARNING/Airflow-Training/.venv/lib/python3.10/site-packages/airflow/example_dags/example_task_group.py took 0.226 seconds
[2023-11-04T16:46:37.553+0100] {processor.py:157} INFO - Started process (PID=4107) to work on /Users/audioworkstation/Documents/WORKSPACE/LEARNING/Airflow-Training/.venv/lib/python3.10/site-packages/airflow/example_dags/example_task_group.py
[2023-11-04T16:46:37.557+0100] {processor.py:829} INFO - Processing file /Users/audioworkstation/Documents/WORKSPACE/LEARNING/Airflow-Training/.venv/lib/python3.10/site-packages/airflow/example_dags/example_task_group.py for tasks to queue
[2023-11-04T16:46:37.558+0100] {logging_mixin.py:151} INFO - [2023-11-04T16:46:37.558+0100] {dagbag.py:539} INFO - Filling up the DagBag from /Users/audioworkstation/Documents/WORKSPACE/LEARNING/Airflow-Training/.venv/lib/python3.10/site-packages/airflow/example_dags/example_task_group.py
[2023-11-04T16:46:37.590+0100] {processor.py:839} INFO - DAG(s) dict_keys(['example_task_group']) retrieved from /Users/audioworkstation/Documents/WORKSPACE/LEARNING/Airflow-Training/.venv/lib/python3.10/site-packages/airflow/example_dags/example_task_group.py
[2023-11-04T16:46:37.751+0100] {logging_mixin.py:151} INFO - [2023-11-04T16:46:37.750+0100] {dag.py:2915} INFO - Sync 1 DAGs
[2023-11-04T16:46:37.764+0100] {logging_mixin.py:151} INFO - [2023-11-04T16:46:37.764+0100] {dag.py:3696} INFO - Setting next_dagrun for example_task_group to 2023-11-03T15:46:37.764486+00:00, run_after=2023-11-04T15:46:37.764486+00:00
[2023-11-04T16:46:37.788+0100] {processor.py:179} INFO - Processing /Users/audioworkstation/Documents/WORKSPACE/LEARNING/Airflow-Training/.venv/lib/python3.10/site-packages/airflow/example_dags/example_task_group.py took 0.236 seconds
[2023-11-04T16:47:54.279+0100] {processor.py:157} INFO - Started process (PID=4382) to work on /Users/audioworkstation/Documents/WORKSPACE/LEARNING/Airflow-Training/.venv/lib/python3.10/site-packages/airflow/example_dags/example_task_group.py
[2023-11-04T16:47:54.283+0100] {processor.py:829} INFO - Processing file /Users/audioworkstation/Documents/WORKSPACE/LEARNING/Airflow-Training/.venv/lib/python3.10/site-packages/airflow/example_dags/example_task_group.py for tasks to queue
[2023-11-04T16:47:54.283+0100] {logging_mixin.py:151} INFO - [2023-11-04T16:47:54.283+0100] {dagbag.py:539} INFO - Filling up the DagBag from /Users/audioworkstation/Documents/WORKSPACE/LEARNING/Airflow-Training/.venv/lib/python3.10/site-packages/airflow/example_dags/example_task_group.py
[2023-11-04T16:47:54.310+0100] {processor.py:839} INFO - DAG(s) dict_keys(['example_task_group']) retrieved from /Users/audioworkstation/Documents/WORKSPACE/LEARNING/Airflow-Training/.venv/lib/python3.10/site-packages/airflow/example_dags/example_task_group.py
[2023-11-04T16:47:54.464+0100] {logging_mixin.py:151} INFO - [2023-11-04T16:47:54.463+0100] {dag.py:2915} INFO - Sync 1 DAGs
[2023-11-04T16:47:54.477+0100] {logging_mixin.py:151} INFO - [2023-11-04T16:47:54.477+0100] {dag.py:3696} INFO - Setting next_dagrun for example_task_group to 2023-11-03T15:47:54.477569+00:00, run_after=2023-11-04T15:47:54.477569+00:00
[2023-11-04T16:47:54.501+0100] {processor.py:179} INFO - Processing /Users/audioworkstation/Documents/WORKSPACE/LEARNING/Airflow-Training/.venv/lib/python3.10/site-packages/airflow/example_dags/example_task_group.py took 0.223 seconds
[2023-11-04T16:49:19.590+0100] {processor.py:157} INFO - Started process (PID=4665) to work on /Users/audioworkstation/Documents/WORKSPACE/LEARNING/Airflow-Training/.venv/lib/python3.10/site-packages/airflow/example_dags/example_task_group.py
[2023-11-04T16:49:19.601+0100] {processor.py:829} INFO - Processing file /Users/audioworkstation/Documents/WORKSPACE/LEARNING/Airflow-Training/.venv/lib/python3.10/site-packages/airflow/example_dags/example_task_group.py for tasks to queue
[2023-11-04T16:49:19.602+0100] {logging_mixin.py:151} INFO - [2023-11-04T16:49:19.601+0100] {dagbag.py:539} INFO - Filling up the DagBag from /Users/audioworkstation/Documents/WORKSPACE/LEARNING/Airflow-Training/.venv/lib/python3.10/site-packages/airflow/example_dags/example_task_group.py
[2023-11-04T16:49:19.720+0100] {processor.py:839} INFO - DAG(s) dict_keys(['example_task_group']) retrieved from /Users/audioworkstation/Documents/WORKSPACE/LEARNING/Airflow-Training/.venv/lib/python3.10/site-packages/airflow/example_dags/example_task_group.py
[2023-11-04T16:49:20.002+0100] {logging_mixin.py:151} INFO - [2023-11-04T16:49:20.001+0100] {dag.py:2915} INFO - Sync 1 DAGs
[2023-11-04T16:49:20.030+0100] {logging_mixin.py:151} INFO - [2023-11-04T16:49:20.030+0100] {dag.py:3696} INFO - Setting next_dagrun for example_task_group to 2023-11-03T15:49:20.029927+00:00, run_after=2023-11-04T15:49:20.029927+00:00
[2023-11-04T16:49:20.053+0100] {processor.py:179} INFO - Processing /Users/audioworkstation/Documents/WORKSPACE/LEARNING/Airflow-Training/.venv/lib/python3.10/site-packages/airflow/example_dags/example_task_group.py took 0.464 seconds
[2023-11-04T16:50:53.477+0100] {processor.py:157} INFO - Started process (PID=4996) to work on /Users/audioworkstation/Documents/WORKSPACE/LEARNING/Airflow-Training/.venv/lib/python3.10/site-packages/airflow/example_dags/example_task_group.py
[2023-11-04T16:50:53.481+0100] {processor.py:829} INFO - Processing file /Users/audioworkstation/Documents/WORKSPACE/LEARNING/Airflow-Training/.venv/lib/python3.10/site-packages/airflow/example_dags/example_task_group.py for tasks to queue
[2023-11-04T16:50:53.482+0100] {logging_mixin.py:151} INFO - [2023-11-04T16:50:53.481+0100] {dagbag.py:539} INFO - Filling up the DagBag from /Users/audioworkstation/Documents/WORKSPACE/LEARNING/Airflow-Training/.venv/lib/python3.10/site-packages/airflow/example_dags/example_task_group.py
[2023-11-04T16:50:53.512+0100] {processor.py:839} INFO - DAG(s) dict_keys(['example_task_group']) retrieved from /Users/audioworkstation/Documents/WORKSPACE/LEARNING/Airflow-Training/.venv/lib/python3.10/site-packages/airflow/example_dags/example_task_group.py
[2023-11-04T16:50:53.674+0100] {logging_mixin.py:151} INFO - [2023-11-04T16:50:53.673+0100] {dag.py:2915} INFO - Sync 1 DAGs
[2023-11-04T16:50:53.687+0100] {logging_mixin.py:151} INFO - [2023-11-04T16:50:53.687+0100] {dag.py:3696} INFO - Setting next_dagrun for example_task_group to 2023-11-03T15:50:53.687363+00:00, run_after=2023-11-04T15:50:53.687363+00:00
[2023-11-04T16:50:53.710+0100] {processor.py:179} INFO - Processing /Users/audioworkstation/Documents/WORKSPACE/LEARNING/Airflow-Training/.venv/lib/python3.10/site-packages/airflow/example_dags/example_task_group.py took 0.234 seconds
[2023-11-04T16:52:08.647+0100] {processor.py:157} INFO - Started process (PID=5246) to work on /Users/audioworkstation/Documents/WORKSPACE/LEARNING/Airflow-Training/.venv/lib/python3.10/site-packages/airflow/example_dags/example_task_group.py
[2023-11-04T16:52:08.652+0100] {processor.py:829} INFO - Processing file /Users/audioworkstation/Documents/WORKSPACE/LEARNING/Airflow-Training/.venv/lib/python3.10/site-packages/airflow/example_dags/example_task_group.py for tasks to queue
[2023-11-04T16:52:08.654+0100] {logging_mixin.py:151} INFO - [2023-11-04T16:52:08.653+0100] {dagbag.py:539} INFO - Filling up the DagBag from /Users/audioworkstation/Documents/WORKSPACE/LEARNING/Airflow-Training/.venv/lib/python3.10/site-packages/airflow/example_dags/example_task_group.py
[2023-11-04T16:52:08.695+0100] {processor.py:839} INFO - DAG(s) dict_keys(['example_task_group']) retrieved from /Users/audioworkstation/Documents/WORKSPACE/LEARNING/Airflow-Training/.venv/lib/python3.10/site-packages/airflow/example_dags/example_task_group.py
[2023-11-04T16:52:09.022+0100] {logging_mixin.py:151} INFO - [2023-11-04T16:52:09.021+0100] {dag.py:2915} INFO - Sync 1 DAGs
[2023-11-04T16:52:09.048+0100] {logging_mixin.py:151} INFO - [2023-11-04T16:52:09.048+0100] {dag.py:3696} INFO - Setting next_dagrun for example_task_group to 2023-11-03T15:52:09.048233+00:00, run_after=2023-11-04T15:52:09.048233+00:00
[2023-11-04T16:52:09.076+0100] {processor.py:179} INFO - Processing /Users/audioworkstation/Documents/WORKSPACE/LEARNING/Airflow-Training/.venv/lib/python3.10/site-packages/airflow/example_dags/example_task_group.py took 0.430 seconds
