[2023-11-04T16:43:22.820+0100] {processor.py:157} INFO - Started process (PID=3452) to work on /Users/audioworkstation/Documents/WORKSPACE/LEARNING/Airflow-Training/.venv/lib/python3.10/site-packages/airflow/example_dags/example_branch_datetime_operator.py
[2023-11-04T16:43:22.825+0100] {processor.py:829} INFO - Processing file /Users/audioworkstation/Documents/WORKSPACE/LEARNING/Airflow-Training/.venv/lib/python3.10/site-packages/airflow/example_dags/example_branch_datetime_operator.py for tasks to queue
[2023-11-04T16:43:22.825+0100] {logging_mixin.py:151} INFO - [2023-11-04T16:43:22.825+0100] {dagbag.py:539} INFO - Filling up the DagBag from /Users/audioworkstation/Documents/WORKSPACE/LEARNING/Airflow-Training/.venv/lib/python3.10/site-packages/airflow/example_dags/example_branch_datetime_operator.py
[2023-11-04T16:43:22.858+0100] {processor.py:839} INFO - DAG(s) dict_keys(['example_branch_datetime_operator', 'example_branch_datetime_operator_3', 'example_branch_datetime_operator_2']) retrieved from /Users/audioworkstation/Documents/WORKSPACE/LEARNING/Airflow-Training/.venv/lib/python3.10/site-packages/airflow/example_dags/example_branch_datetime_operator.py
[2023-11-04T16:43:23.037+0100] {logging_mixin.py:151} INFO - [2023-11-04T16:43:23.037+0100] {dag.py:2915} INFO - Sync 3 DAGs
[2023-11-04T16:43:23.057+0100] {logging_mixin.py:151} INFO - [2023-11-04T16:43:23.057+0100] {dag.py:3696} INFO - Setting next_dagrun for example_branch_datetime_operator to 2023-11-03T00:00:00+00:00, run_after=2023-11-04T00:00:00+00:00
[2023-11-04T16:43:23.062+0100] {logging_mixin.py:151} INFO - [2023-11-04T16:43:23.061+0100] {dag.py:3696} INFO - Setting next_dagrun for example_branch_datetime_operator_2 to 2023-11-03T00:00:00+00:00, run_after=2023-11-04T00:00:00+00:00
[2023-11-04T16:43:23.064+0100] {logging_mixin.py:151} INFO - [2023-11-04T16:43:23.064+0100] {dag.py:3696} INFO - Setting next_dagrun for example_branch_datetime_operator_3 to 2023-11-03T00:00:00+00:00, run_after=2023-11-04T00:00:00+00:00
[2023-11-04T16:43:23.087+0100] {processor.py:179} INFO - Processing /Users/audioworkstation/Documents/WORKSPACE/LEARNING/Airflow-Training/.venv/lib/python3.10/site-packages/airflow/example_dags/example_branch_datetime_operator.py took 0.267 seconds
[2023-11-04T16:45:52.427+0100] {processor.py:157} INFO - Started process (PID=3955) to work on /Users/audioworkstation/Documents/WORKSPACE/LEARNING/Airflow-Training/.venv/lib/python3.10/site-packages/airflow/example_dags/example_branch_datetime_operator.py
[2023-11-04T16:45:52.433+0100] {processor.py:829} INFO - Processing file /Users/audioworkstation/Documents/WORKSPACE/LEARNING/Airflow-Training/.venv/lib/python3.10/site-packages/airflow/example_dags/example_branch_datetime_operator.py for tasks to queue
[2023-11-04T16:45:52.433+0100] {logging_mixin.py:151} INFO - [2023-11-04T16:45:52.433+0100] {dagbag.py:539} INFO - Filling up the DagBag from /Users/audioworkstation/Documents/WORKSPACE/LEARNING/Airflow-Training/.venv/lib/python3.10/site-packages/airflow/example_dags/example_branch_datetime_operator.py
[2023-11-04T16:45:52.482+0100] {processor.py:839} INFO - DAG(s) dict_keys(['example_branch_datetime_operator_3', 'example_branch_datetime_operator', 'example_branch_datetime_operator_2']) retrieved from /Users/audioworkstation/Documents/WORKSPACE/LEARNING/Airflow-Training/.venv/lib/python3.10/site-packages/airflow/example_dags/example_branch_datetime_operator.py
[2023-11-04T16:45:52.740+0100] {logging_mixin.py:151} INFO - [2023-11-04T16:45:52.740+0100] {dag.py:2915} INFO - Sync 3 DAGs
[2023-11-04T16:45:52.767+0100] {logging_mixin.py:151} INFO - [2023-11-04T16:45:52.767+0100] {dag.py:3696} INFO - Setting next_dagrun for example_branch_datetime_operator to 2023-11-03T00:00:00+00:00, run_after=2023-11-04T00:00:00+00:00
[2023-11-04T16:45:52.771+0100] {logging_mixin.py:151} INFO - [2023-11-04T16:45:52.771+0100] {dag.py:3696} INFO - Setting next_dagrun for example_branch_datetime_operator_2 to 2023-11-03T00:00:00+00:00, run_after=2023-11-04T00:00:00+00:00
[2023-11-04T16:45:52.774+0100] {logging_mixin.py:151} INFO - [2023-11-04T16:45:52.774+0100] {dag.py:3696} INFO - Setting next_dagrun for example_branch_datetime_operator_3 to 2023-11-03T00:00:00+00:00, run_after=2023-11-04T00:00:00+00:00
[2023-11-04T16:45:52.803+0100] {processor.py:179} INFO - Processing /Users/audioworkstation/Documents/WORKSPACE/LEARNING/Airflow-Training/.venv/lib/python3.10/site-packages/airflow/example_dags/example_branch_datetime_operator.py took 0.377 seconds
[2023-11-04T16:48:37.368+0100] {processor.py:157} INFO - Started process (PID=4530) to work on /Users/audioworkstation/Documents/WORKSPACE/LEARNING/Airflow-Training/.venv/lib/python3.10/site-packages/airflow/example_dags/example_branch_datetime_operator.py
[2023-11-04T16:48:37.373+0100] {processor.py:829} INFO - Processing file /Users/audioworkstation/Documents/WORKSPACE/LEARNING/Airflow-Training/.venv/lib/python3.10/site-packages/airflow/example_dags/example_branch_datetime_operator.py for tasks to queue
[2023-11-04T16:48:37.373+0100] {logging_mixin.py:151} INFO - [2023-11-04T16:48:37.373+0100] {dagbag.py:539} INFO - Filling up the DagBag from /Users/audioworkstation/Documents/WORKSPACE/LEARNING/Airflow-Training/.venv/lib/python3.10/site-packages/airflow/example_dags/example_branch_datetime_operator.py
[2023-11-04T16:48:37.411+0100] {processor.py:839} INFO - DAG(s) dict_keys(['example_branch_datetime_operator', 'example_branch_datetime_operator_3', 'example_branch_datetime_operator_2']) retrieved from /Users/audioworkstation/Documents/WORKSPACE/LEARNING/Airflow-Training/.venv/lib/python3.10/site-packages/airflow/example_dags/example_branch_datetime_operator.py
[2023-11-04T16:48:37.612+0100] {logging_mixin.py:151} INFO - [2023-11-04T16:48:37.611+0100] {dag.py:2915} INFO - Sync 3 DAGs
[2023-11-04T16:48:37.632+0100] {logging_mixin.py:151} INFO - [2023-11-04T16:48:37.632+0100] {dag.py:3696} INFO - Setting next_dagrun for example_branch_datetime_operator to 2023-11-03T00:00:00+00:00, run_after=2023-11-04T00:00:00+00:00
[2023-11-04T16:48:37.637+0100] {logging_mixin.py:151} INFO - [2023-11-04T16:48:37.637+0100] {dag.py:3696} INFO - Setting next_dagrun for example_branch_datetime_operator_2 to 2023-11-03T00:00:00+00:00, run_after=2023-11-04T00:00:00+00:00
[2023-11-04T16:48:37.641+0100] {logging_mixin.py:151} INFO - [2023-11-04T16:48:37.640+0100] {dag.py:3696} INFO - Setting next_dagrun for example_branch_datetime_operator_3 to 2023-11-03T00:00:00+00:00, run_after=2023-11-04T00:00:00+00:00
[2023-11-04T16:48:37.665+0100] {processor.py:179} INFO - Processing /Users/audioworkstation/Documents/WORKSPACE/LEARNING/Airflow-Training/.venv/lib/python3.10/site-packages/airflow/example_dags/example_branch_datetime_operator.py took 0.298 seconds
[2023-11-04T16:51:32.753+0100] {processor.py:157} INFO - Started process (PID=5128) to work on /Users/audioworkstation/Documents/WORKSPACE/LEARNING/Airflow-Training/.venv/lib/python3.10/site-packages/airflow/example_dags/example_branch_datetime_operator.py
[2023-11-04T16:51:32.757+0100] {processor.py:829} INFO - Processing file /Users/audioworkstation/Documents/WORKSPACE/LEARNING/Airflow-Training/.venv/lib/python3.10/site-packages/airflow/example_dags/example_branch_datetime_operator.py for tasks to queue
[2023-11-04T16:51:32.757+0100] {logging_mixin.py:151} INFO - [2023-11-04T16:51:32.757+0100] {dagbag.py:539} INFO - Filling up the DagBag from /Users/audioworkstation/Documents/WORKSPACE/LEARNING/Airflow-Training/.venv/lib/python3.10/site-packages/airflow/example_dags/example_branch_datetime_operator.py
[2023-11-04T16:51:32.786+0100] {processor.py:839} INFO - DAG(s) dict_keys(['example_branch_datetime_operator_3', 'example_branch_datetime_operator', 'example_branch_datetime_operator_2']) retrieved from /Users/audioworkstation/Documents/WORKSPACE/LEARNING/Airflow-Training/.venv/lib/python3.10/site-packages/airflow/example_dags/example_branch_datetime_operator.py
[2023-11-04T16:51:32.942+0100] {logging_mixin.py:151} INFO - [2023-11-04T16:51:32.941+0100] {dag.py:2915} INFO - Sync 3 DAGs
[2023-11-04T16:51:32.957+0100] {logging_mixin.py:151} INFO - [2023-11-04T16:51:32.957+0100] {dag.py:3696} INFO - Setting next_dagrun for example_branch_datetime_operator to 2023-11-03T00:00:00+00:00, run_after=2023-11-04T00:00:00+00:00
[2023-11-04T16:51:32.961+0100] {logging_mixin.py:151} INFO - [2023-11-04T16:51:32.961+0100] {dag.py:3696} INFO - Setting next_dagrun for example_branch_datetime_operator_2 to 2023-11-03T00:00:00+00:00, run_after=2023-11-04T00:00:00+00:00
[2023-11-04T16:51:32.963+0100] {logging_mixin.py:151} INFO - [2023-11-04T16:51:32.963+0100] {dag.py:3696} INFO - Setting next_dagrun for example_branch_datetime_operator_3 to 2023-11-03T00:00:00+00:00, run_after=2023-11-04T00:00:00+00:00
[2023-11-04T16:51:32.986+0100] {processor.py:179} INFO - Processing /Users/audioworkstation/Documents/WORKSPACE/LEARNING/Airflow-Training/.venv/lib/python3.10/site-packages/airflow/example_dags/example_branch_datetime_operator.py took 0.234 seconds
