[2023-11-04T16:43:20.284+0100] {processor.py:157} INFO - Started process (PID=3437) to work on /Users/audioworkstation/Documents/WORKSPACE/LEARNING/Airflow-Training/.venv/lib/python3.10/site-packages/airflow/example_dags/example_branch_day_of_week_operator.py
[2023-11-04T16:43:20.288+0100] {processor.py:829} INFO - Processing file /Users/audioworkstation/Documents/WORKSPACE/LEARNING/Airflow-Training/.venv/lib/python3.10/site-packages/airflow/example_dags/example_branch_day_of_week_operator.py for tasks to queue
[2023-11-04T16:43:20.289+0100] {logging_mixin.py:151} INFO - [2023-11-04T16:43:20.289+0100] {dagbag.py:539} INFO - Filling up the DagBag from /Users/audioworkstation/Documents/WORKSPACE/LEARNING/Airflow-Training/.venv/lib/python3.10/site-packages/airflow/example_dags/example_branch_day_of_week_operator.py
[2023-11-04T16:43:20.326+0100] {processor.py:839} INFO - DAG(s) dict_keys(['example_weekday_branch_operator']) retrieved from /Users/audioworkstation/Documents/WORKSPACE/LEARNING/Airflow-Training/.venv/lib/python3.10/site-packages/airflow/example_dags/example_branch_day_of_week_operator.py
[2023-11-04T16:43:20.509+0100] {logging_mixin.py:151} INFO - [2023-11-04T16:43:20.509+0100] {dag.py:2915} INFO - Sync 1 DAGs
[2023-11-04T16:43:20.527+0100] {logging_mixin.py:151} INFO - [2023-11-04T16:43:20.527+0100] {dag.py:3696} INFO - Setting next_dagrun for example_weekday_branch_operator to 2023-11-03T00:00:00+00:00, run_after=2023-11-04T00:00:00+00:00
[2023-11-04T16:43:20.550+0100] {processor.py:179} INFO - Processing /Users/audioworkstation/Documents/WORKSPACE/LEARNING/Airflow-Training/.venv/lib/python3.10/site-packages/airflow/example_dags/example_branch_day_of_week_operator.py took 0.267 seconds
[2023-11-04T16:45:49.329+0100] {processor.py:157} INFO - Started process (PID=3938) to work on /Users/audioworkstation/Documents/WORKSPACE/LEARNING/Airflow-Training/.venv/lib/python3.10/site-packages/airflow/example_dags/example_branch_day_of_week_operator.py
[2023-11-04T16:45:49.334+0100] {processor.py:829} INFO - Processing file /Users/audioworkstation/Documents/WORKSPACE/LEARNING/Airflow-Training/.venv/lib/python3.10/site-packages/airflow/example_dags/example_branch_day_of_week_operator.py for tasks to queue
[2023-11-04T16:45:49.335+0100] {logging_mixin.py:151} INFO - [2023-11-04T16:45:49.335+0100] {dagbag.py:539} INFO - Filling up the DagBag from /Users/audioworkstation/Documents/WORKSPACE/LEARNING/Airflow-Training/.venv/lib/python3.10/site-packages/airflow/example_dags/example_branch_day_of_week_operator.py
[2023-11-04T16:45:49.369+0100] {processor.py:839} INFO - DAG(s) dict_keys(['example_weekday_branch_operator']) retrieved from /Users/audioworkstation/Documents/WORKSPACE/LEARNING/Airflow-Training/.venv/lib/python3.10/site-packages/airflow/example_dags/example_branch_day_of_week_operator.py
[2023-11-04T16:45:49.543+0100] {logging_mixin.py:151} INFO - [2023-11-04T16:45:49.543+0100] {dag.py:2915} INFO - Sync 1 DAGs
[2023-11-04T16:45:49.561+0100] {logging_mixin.py:151} INFO - [2023-11-04T16:45:49.561+0100] {dag.py:3696} INFO - Setting next_dagrun for example_weekday_branch_operator to 2023-11-03T00:00:00+00:00, run_after=2023-11-04T00:00:00+00:00
[2023-11-04T16:45:49.586+0100] {processor.py:179} INFO - Processing /Users/audioworkstation/Documents/WORKSPACE/LEARNING/Airflow-Training/.venv/lib/python3.10/site-packages/airflow/example_dags/example_branch_day_of_week_operator.py took 0.258 seconds
[2023-11-04T16:48:34.713+0100] {processor.py:157} INFO - Started process (PID=4515) to work on /Users/audioworkstation/Documents/WORKSPACE/LEARNING/Airflow-Training/.venv/lib/python3.10/site-packages/airflow/example_dags/example_branch_day_of_week_operator.py
[2023-11-04T16:48:34.718+0100] {processor.py:829} INFO - Processing file /Users/audioworkstation/Documents/WORKSPACE/LEARNING/Airflow-Training/.venv/lib/python3.10/site-packages/airflow/example_dags/example_branch_day_of_week_operator.py for tasks to queue
[2023-11-04T16:48:34.719+0100] {logging_mixin.py:151} INFO - [2023-11-04T16:48:34.718+0100] {dagbag.py:539} INFO - Filling up the DagBag from /Users/audioworkstation/Documents/WORKSPACE/LEARNING/Airflow-Training/.venv/lib/python3.10/site-packages/airflow/example_dags/example_branch_day_of_week_operator.py
[2023-11-04T16:48:34.752+0100] {processor.py:839} INFO - DAG(s) dict_keys(['example_weekday_branch_operator']) retrieved from /Users/audioworkstation/Documents/WORKSPACE/LEARNING/Airflow-Training/.venv/lib/python3.10/site-packages/airflow/example_dags/example_branch_day_of_week_operator.py
[2023-11-04T16:48:34.938+0100] {logging_mixin.py:151} INFO - [2023-11-04T16:48:34.938+0100] {dag.py:2915} INFO - Sync 1 DAGs
[2023-11-04T16:48:34.957+0100] {logging_mixin.py:151} INFO - [2023-11-04T16:48:34.957+0100] {dag.py:3696} INFO - Setting next_dagrun for example_weekday_branch_operator to 2023-11-03T00:00:00+00:00, run_after=2023-11-04T00:00:00+00:00
[2023-11-04T16:48:34.982+0100] {processor.py:179} INFO - Processing /Users/audioworkstation/Documents/WORKSPACE/LEARNING/Airflow-Training/.venv/lib/python3.10/site-packages/airflow/example_dags/example_branch_day_of_week_operator.py took 0.270 seconds
[2023-11-04T16:51:30.332+0100] {processor.py:157} INFO - Started process (PID=5113) to work on /Users/audioworkstation/Documents/WORKSPACE/LEARNING/Airflow-Training/.venv/lib/python3.10/site-packages/airflow/example_dags/example_branch_day_of_week_operator.py
[2023-11-04T16:51:30.336+0100] {processor.py:829} INFO - Processing file /Users/audioworkstation/Documents/WORKSPACE/LEARNING/Airflow-Training/.venv/lib/python3.10/site-packages/airflow/example_dags/example_branch_day_of_week_operator.py for tasks to queue
[2023-11-04T16:51:30.337+0100] {logging_mixin.py:151} INFO - [2023-11-04T16:51:30.336+0100] {dagbag.py:539} INFO - Filling up the DagBag from /Users/audioworkstation/Documents/WORKSPACE/LEARNING/Airflow-Training/.venv/lib/python3.10/site-packages/airflow/example_dags/example_branch_day_of_week_operator.py
[2023-11-04T16:51:30.364+0100] {processor.py:839} INFO - DAG(s) dict_keys(['example_weekday_branch_operator']) retrieved from /Users/audioworkstation/Documents/WORKSPACE/LEARNING/Airflow-Training/.venv/lib/python3.10/site-packages/airflow/example_dags/example_branch_day_of_week_operator.py
[2023-11-04T16:51:30.519+0100] {logging_mixin.py:151} INFO - [2023-11-04T16:51:30.519+0100] {dag.py:2915} INFO - Sync 1 DAGs
[2023-11-04T16:51:30.536+0100] {logging_mixin.py:151} INFO - [2023-11-04T16:51:30.536+0100] {dag.py:3696} INFO - Setting next_dagrun for example_weekday_branch_operator to 2023-11-03T00:00:00+00:00, run_after=2023-11-04T00:00:00+00:00
[2023-11-04T16:51:30.560+0100] {processor.py:179} INFO - Processing /Users/audioworkstation/Documents/WORKSPACE/LEARNING/Airflow-Training/.venv/lib/python3.10/site-packages/airflow/example_dags/example_branch_day_of_week_operator.py took 0.228 seconds
