[2023-11-04T16:42:46.241+0100] {processor.py:157} INFO - Started process (PID=3335) to work on /Users/audioworkstation/Documents/WORKSPACE/LEARNING/Airflow-Training/.venv/lib/python3.10/site-packages/airflow/example_dags/example_nested_branch_dag.py
[2023-11-04T16:42:46.246+0100] {processor.py:829} INFO - Processing file /Users/audioworkstation/Documents/WORKSPACE/LEARNING/Airflow-Training/.venv/lib/python3.10/site-packages/airflow/example_dags/example_nested_branch_dag.py for tasks to queue
[2023-11-04T16:42:46.246+0100] {logging_mixin.py:151} INFO - [2023-11-04T16:42:46.246+0100] {dagbag.py:539} INFO - Filling up the DagBag from /Users/audioworkstation/Documents/WORKSPACE/LEARNING/Airflow-Training/.venv/lib/python3.10/site-packages/airflow/example_dags/example_nested_branch_dag.py
[2023-11-04T16:42:46.306+0100] {processor.py:839} INFO - DAG(s) dict_keys(['example_nested_branch_dag']) retrieved from /Users/audioworkstation/Documents/WORKSPACE/LEARNING/Airflow-Training/.venv/lib/python3.10/site-packages/airflow/example_dags/example_nested_branch_dag.py
[2023-11-04T16:42:46.547+0100] {logging_mixin.py:151} INFO - [2023-11-04T16:42:46.547+0100] {dag.py:2915} INFO - Sync 1 DAGs
[2023-11-04T16:42:46.577+0100] {logging_mixin.py:151} INFO - [2023-11-04T16:42:46.576+0100] {dag.py:3696} INFO - Setting next_dagrun for example_nested_branch_dag to 2023-11-03T00:00:00+00:00, run_after=2023-11-04T00:00:00+00:00
[2023-11-04T16:42:46.607+0100] {processor.py:179} INFO - Processing /Users/audioworkstation/Documents/WORKSPACE/LEARNING/Airflow-Training/.venv/lib/python3.10/site-packages/airflow/example_dags/example_nested_branch_dag.py took 0.367 seconds
[2023-11-04T16:44:32.182+0100] {processor.py:157} INFO - Started process (PID=3683) to work on /Users/audioworkstation/Documents/WORKSPACE/LEARNING/Airflow-Training/.venv/lib/python3.10/site-packages/airflow/example_dags/example_nested_branch_dag.py
[2023-11-04T16:44:32.185+0100] {processor.py:829} INFO - Processing file /Users/audioworkstation/Documents/WORKSPACE/LEARNING/Airflow-Training/.venv/lib/python3.10/site-packages/airflow/example_dags/example_nested_branch_dag.py for tasks to queue
[2023-11-04T16:44:32.186+0100] {logging_mixin.py:151} INFO - [2023-11-04T16:44:32.186+0100] {dagbag.py:539} INFO - Filling up the DagBag from /Users/audioworkstation/Documents/WORKSPACE/LEARNING/Airflow-Training/.venv/lib/python3.10/site-packages/airflow/example_dags/example_nested_branch_dag.py
[2023-11-04T16:44:32.235+0100] {processor.py:839} INFO - DAG(s) dict_keys(['example_nested_branch_dag']) retrieved from /Users/audioworkstation/Documents/WORKSPACE/LEARNING/Airflow-Training/.venv/lib/python3.10/site-packages/airflow/example_dags/example_nested_branch_dag.py
[2023-11-04T16:44:32.382+0100] {logging_mixin.py:151} INFO - [2023-11-04T16:44:32.382+0100] {dag.py:2915} INFO - Sync 1 DAGs
[2023-11-04T16:44:32.396+0100] {logging_mixin.py:151} INFO - [2023-11-04T16:44:32.396+0100] {dag.py:3696} INFO - Setting next_dagrun for example_nested_branch_dag to 2023-11-03T00:00:00+00:00, run_after=2023-11-04T00:00:00+00:00
[2023-11-04T16:44:32.421+0100] {processor.py:179} INFO - Processing /Users/audioworkstation/Documents/WORKSPACE/LEARNING/Airflow-Training/.venv/lib/python3.10/site-packages/airflow/example_dags/example_nested_branch_dag.py took 0.240 seconds
[2023-11-04T16:47:11.136+0100] {processor.py:157} INFO - Started process (PID=4224) to work on /Users/audioworkstation/Documents/WORKSPACE/LEARNING/Airflow-Training/.venv/lib/python3.10/site-packages/airflow/example_dags/example_nested_branch_dag.py
[2023-11-04T16:47:11.140+0100] {processor.py:829} INFO - Processing file /Users/audioworkstation/Documents/WORKSPACE/LEARNING/Airflow-Training/.venv/lib/python3.10/site-packages/airflow/example_dags/example_nested_branch_dag.py for tasks to queue
[2023-11-04T16:47:11.140+0100] {logging_mixin.py:151} INFO - [2023-11-04T16:47:11.140+0100] {dagbag.py:539} INFO - Filling up the DagBag from /Users/audioworkstation/Documents/WORKSPACE/LEARNING/Airflow-Training/.venv/lib/python3.10/site-packages/airflow/example_dags/example_nested_branch_dag.py
[2023-11-04T16:47:11.189+0100] {processor.py:839} INFO - DAG(s) dict_keys(['example_nested_branch_dag']) retrieved from /Users/audioworkstation/Documents/WORKSPACE/LEARNING/Airflow-Training/.venv/lib/python3.10/site-packages/airflow/example_dags/example_nested_branch_dag.py
[2023-11-04T16:47:11.336+0100] {logging_mixin.py:151} INFO - [2023-11-04T16:47:11.336+0100] {dag.py:2915} INFO - Sync 1 DAGs
[2023-11-04T16:47:11.350+0100] {logging_mixin.py:151} INFO - [2023-11-04T16:47:11.350+0100] {dag.py:3696} INFO - Setting next_dagrun for example_nested_branch_dag to 2023-11-03T00:00:00+00:00, run_after=2023-11-04T00:00:00+00:00
[2023-11-04T16:47:11.375+0100] {processor.py:179} INFO - Processing /Users/audioworkstation/Documents/WORKSPACE/LEARNING/Airflow-Training/.venv/lib/python3.10/site-packages/airflow/example_dags/example_nested_branch_dag.py took 0.239 seconds
[2023-11-04T16:50:06.764+0100] {processor.py:157} INFO - Started process (PID=4844) to work on /Users/audioworkstation/Documents/WORKSPACE/LEARNING/Airflow-Training/.venv/lib/python3.10/site-packages/airflow/example_dags/example_nested_branch_dag.py
[2023-11-04T16:50:06.768+0100] {processor.py:829} INFO - Processing file /Users/audioworkstation/Documents/WORKSPACE/LEARNING/Airflow-Training/.venv/lib/python3.10/site-packages/airflow/example_dags/example_nested_branch_dag.py for tasks to queue
[2023-11-04T16:50:06.768+0100] {logging_mixin.py:151} INFO - [2023-11-04T16:50:06.768+0100] {dagbag.py:539} INFO - Filling up the DagBag from /Users/audioworkstation/Documents/WORKSPACE/LEARNING/Airflow-Training/.venv/lib/python3.10/site-packages/airflow/example_dags/example_nested_branch_dag.py
[2023-11-04T16:50:06.817+0100] {processor.py:839} INFO - DAG(s) dict_keys(['example_nested_branch_dag']) retrieved from /Users/audioworkstation/Documents/WORKSPACE/LEARNING/Airflow-Training/.venv/lib/python3.10/site-packages/airflow/example_dags/example_nested_branch_dag.py
[2023-11-04T16:50:06.964+0100] {logging_mixin.py:151} INFO - [2023-11-04T16:50:06.964+0100] {dag.py:2915} INFO - Sync 1 DAGs
[2023-11-04T16:50:06.979+0100] {logging_mixin.py:151} INFO - [2023-11-04T16:50:06.979+0100] {dag.py:3696} INFO - Setting next_dagrun for example_nested_branch_dag to 2023-11-03T00:00:00+00:00, run_after=2023-11-04T00:00:00+00:00
[2023-11-04T16:50:07.003+0100] {processor.py:179} INFO - Processing /Users/audioworkstation/Documents/WORKSPACE/LEARNING/Airflow-Training/.venv/lib/python3.10/site-packages/airflow/example_dags/example_nested_branch_dag.py took 0.239 seconds
