[2023-11-04T16:42:05.450+0100] {processor.py:157} INFO - Started process (PID=3164) to work on /Users/audioworkstation/Documents/WORKSPACE/LEARNING/Airflow-Training/.venv/lib/python3.10/site-packages/airflow/example_dags/example_trigger_controller_dag.py
[2023-11-04T16:42:05.456+0100] {processor.py:829} INFO - Processing file /Users/audioworkstation/Documents/WORKSPACE/LEARNING/Airflow-Training/.venv/lib/python3.10/site-packages/airflow/example_dags/example_trigger_controller_dag.py for tasks to queue
[2023-11-04T16:42:05.456+0100] {logging_mixin.py:151} INFO - [2023-11-04T16:42:05.456+0100] {dagbag.py:539} INFO - Filling up the DagBag from /Users/audioworkstation/Documents/WORKSPACE/LEARNING/Airflow-Training/.venv/lib/python3.10/site-packages/airflow/example_dags/example_trigger_controller_dag.py
[2023-11-04T16:42:05.512+0100] {processor.py:839} INFO - DAG(s) dict_keys(['example_trigger_controller_dag']) retrieved from /Users/audioworkstation/Documents/WORKSPACE/LEARNING/Airflow-Training/.venv/lib/python3.10/site-packages/airflow/example_dags/example_trigger_controller_dag.py
[2023-11-04T16:42:05.872+0100] {logging_mixin.py:151} INFO - [2023-11-04T16:42:05.871+0100] {dag.py:2915} INFO - Sync 1 DAGs
[2023-11-04T16:42:05.901+0100] {logging_mixin.py:151} INFO - [2023-11-04T16:42:05.901+0100] {dag.py:3696} INFO - Setting next_dagrun for example_trigger_controller_dag to 2021-01-01T00:00:00+00:00, run_after=2021-01-01T00:00:00+00:00
[2023-11-04T16:42:05.920+0100] {processor.py:179} INFO - Processing /Users/audioworkstation/Documents/WORKSPACE/LEARNING/Airflow-Training/.venv/lib/python3.10/site-packages/airflow/example_dags/example_trigger_controller_dag.py took 0.471 seconds
[2023-11-04T16:43:51.185+0100] {processor.py:157} INFO - Started process (PID=3551) to work on /Users/audioworkstation/Documents/WORKSPACE/LEARNING/Airflow-Training/.venv/lib/python3.10/site-packages/airflow/example_dags/example_trigger_controller_dag.py
[2023-11-04T16:43:51.189+0100] {processor.py:829} INFO - Processing file /Users/audioworkstation/Documents/WORKSPACE/LEARNING/Airflow-Training/.venv/lib/python3.10/site-packages/airflow/example_dags/example_trigger_controller_dag.py for tasks to queue
[2023-11-04T16:43:51.189+0100] {logging_mixin.py:151} INFO - [2023-11-04T16:43:51.189+0100] {dagbag.py:539} INFO - Filling up the DagBag from /Users/audioworkstation/Documents/WORKSPACE/LEARNING/Airflow-Training/.venv/lib/python3.10/site-packages/airflow/example_dags/example_trigger_controller_dag.py
[2023-11-04T16:43:51.216+0100] {processor.py:839} INFO - DAG(s) dict_keys(['example_trigger_controller_dag']) retrieved from /Users/audioworkstation/Documents/WORKSPACE/LEARNING/Airflow-Training/.venv/lib/python3.10/site-packages/airflow/example_dags/example_trigger_controller_dag.py
[2023-11-04T16:43:51.380+0100] {logging_mixin.py:151} INFO - [2023-11-04T16:43:51.380+0100] {dag.py:2915} INFO - Sync 1 DAGs
[2023-11-04T16:43:51.395+0100] {logging_mixin.py:151} INFO - [2023-11-04T16:43:51.395+0100] {dag.py:3696} INFO - Setting next_dagrun for example_trigger_controller_dag to 2021-01-01T00:00:00+00:00, run_after=2021-01-01T00:00:00+00:00
[2023-11-04T16:43:51.420+0100] {processor.py:179} INFO - Processing /Users/audioworkstation/Documents/WORKSPACE/LEARNING/Airflow-Training/.venv/lib/python3.10/site-packages/airflow/example_dags/example_trigger_controller_dag.py took 0.236 seconds
[2023-11-04T16:45:06.436+0100] {processor.py:157} INFO - Started process (PID=3799) to work on /Users/audioworkstation/Documents/WORKSPACE/LEARNING/Airflow-Training/.venv/lib/python3.10/site-packages/airflow/example_dags/example_trigger_controller_dag.py
[2023-11-04T16:45:06.439+0100] {processor.py:829} INFO - Processing file /Users/audioworkstation/Documents/WORKSPACE/LEARNING/Airflow-Training/.venv/lib/python3.10/site-packages/airflow/example_dags/example_trigger_controller_dag.py for tasks to queue
[2023-11-04T16:45:06.440+0100] {logging_mixin.py:151} INFO - [2023-11-04T16:45:06.440+0100] {dagbag.py:539} INFO - Filling up the DagBag from /Users/audioworkstation/Documents/WORKSPACE/LEARNING/Airflow-Training/.venv/lib/python3.10/site-packages/airflow/example_dags/example_trigger_controller_dag.py
[2023-11-04T16:45:06.465+0100] {processor.py:839} INFO - DAG(s) dict_keys(['example_trigger_controller_dag']) retrieved from /Users/audioworkstation/Documents/WORKSPACE/LEARNING/Airflow-Training/.venv/lib/python3.10/site-packages/airflow/example_dags/example_trigger_controller_dag.py
[2023-11-04T16:45:06.615+0100] {logging_mixin.py:151} INFO - [2023-11-04T16:45:06.614+0100] {dag.py:2915} INFO - Sync 1 DAGs
[2023-11-04T16:45:06.629+0100] {logging_mixin.py:151} INFO - [2023-11-04T16:45:06.629+0100] {dag.py:3696} INFO - Setting next_dagrun for example_trigger_controller_dag to 2021-01-01T00:00:00+00:00, run_after=2021-01-01T00:00:00+00:00
[2023-11-04T16:45:06.652+0100] {processor.py:179} INFO - Processing /Users/audioworkstation/Documents/WORKSPACE/LEARNING/Airflow-Training/.venv/lib/python3.10/site-packages/airflow/example_dags/example_trigger_controller_dag.py took 0.218 seconds
[2023-11-04T16:46:29.714+0100] {processor.py:157} INFO - Started process (PID=4076) to work on /Users/audioworkstation/Documents/WORKSPACE/LEARNING/Airflow-Training/.venv/lib/python3.10/site-packages/airflow/example_dags/example_trigger_controller_dag.py
[2023-11-04T16:46:29.718+0100] {processor.py:829} INFO - Processing file /Users/audioworkstation/Documents/WORKSPACE/LEARNING/Airflow-Training/.venv/lib/python3.10/site-packages/airflow/example_dags/example_trigger_controller_dag.py for tasks to queue
[2023-11-04T16:46:29.719+0100] {logging_mixin.py:151} INFO - [2023-11-04T16:46:29.719+0100] {dagbag.py:539} INFO - Filling up the DagBag from /Users/audioworkstation/Documents/WORKSPACE/LEARNING/Airflow-Training/.venv/lib/python3.10/site-packages/airflow/example_dags/example_trigger_controller_dag.py
[2023-11-04T16:46:29.749+0100] {processor.py:839} INFO - DAG(s) dict_keys(['example_trigger_controller_dag']) retrieved from /Users/audioworkstation/Documents/WORKSPACE/LEARNING/Airflow-Training/.venv/lib/python3.10/site-packages/airflow/example_dags/example_trigger_controller_dag.py
[2023-11-04T16:46:29.914+0100] {logging_mixin.py:151} INFO - [2023-11-04T16:46:29.914+0100] {dag.py:2915} INFO - Sync 1 DAGs
[2023-11-04T16:46:29.929+0100] {logging_mixin.py:151} INFO - [2023-11-04T16:46:29.929+0100] {dag.py:3696} INFO - Setting next_dagrun for example_trigger_controller_dag to 2021-01-01T00:00:00+00:00, run_after=2021-01-01T00:00:00+00:00
[2023-11-04T16:46:29.954+0100] {processor.py:179} INFO - Processing /Users/audioworkstation/Documents/WORKSPACE/LEARNING/Airflow-Training/.venv/lib/python3.10/site-packages/airflow/example_dags/example_trigger_controller_dag.py took 0.240 seconds
[2023-11-04T16:47:47.865+0100] {processor.py:157} INFO - Started process (PID=4365) to work on /Users/audioworkstation/Documents/WORKSPACE/LEARNING/Airflow-Training/.venv/lib/python3.10/site-packages/airflow/example_dags/example_trigger_controller_dag.py
[2023-11-04T16:47:47.870+0100] {processor.py:829} INFO - Processing file /Users/audioworkstation/Documents/WORKSPACE/LEARNING/Airflow-Training/.venv/lib/python3.10/site-packages/airflow/example_dags/example_trigger_controller_dag.py for tasks to queue
[2023-11-04T16:47:47.870+0100] {logging_mixin.py:151} INFO - [2023-11-04T16:47:47.870+0100] {dagbag.py:539} INFO - Filling up the DagBag from /Users/audioworkstation/Documents/WORKSPACE/LEARNING/Airflow-Training/.venv/lib/python3.10/site-packages/airflow/example_dags/example_trigger_controller_dag.py
[2023-11-04T16:47:47.901+0100] {processor.py:839} INFO - DAG(s) dict_keys(['example_trigger_controller_dag']) retrieved from /Users/audioworkstation/Documents/WORKSPACE/LEARNING/Airflow-Training/.venv/lib/python3.10/site-packages/airflow/example_dags/example_trigger_controller_dag.py
[2023-11-04T16:47:48.062+0100] {logging_mixin.py:151} INFO - [2023-11-04T16:47:48.062+0100] {dag.py:2915} INFO - Sync 1 DAGs
[2023-11-04T16:47:48.076+0100] {logging_mixin.py:151} INFO - [2023-11-04T16:47:48.076+0100] {dag.py:3696} INFO - Setting next_dagrun for example_trigger_controller_dag to 2021-01-01T00:00:00+00:00, run_after=2021-01-01T00:00:00+00:00
[2023-11-04T16:47:48.099+0100] {processor.py:179} INFO - Processing /Users/audioworkstation/Documents/WORKSPACE/LEARNING/Airflow-Training/.venv/lib/python3.10/site-packages/airflow/example_dags/example_trigger_controller_dag.py took 0.235 seconds
[2023-11-04T16:49:10.494+0100] {processor.py:157} INFO - Started process (PID=4632) to work on /Users/audioworkstation/Documents/WORKSPACE/LEARNING/Airflow-Training/.venv/lib/python3.10/site-packages/airflow/example_dags/example_trigger_controller_dag.py
[2023-11-04T16:49:10.500+0100] {processor.py:829} INFO - Processing file /Users/audioworkstation/Documents/WORKSPACE/LEARNING/Airflow-Training/.venv/lib/python3.10/site-packages/airflow/example_dags/example_trigger_controller_dag.py for tasks to queue
[2023-11-04T16:49:10.501+0100] {logging_mixin.py:151} INFO - [2023-11-04T16:49:10.500+0100] {dagbag.py:539} INFO - Filling up the DagBag from /Users/audioworkstation/Documents/WORKSPACE/LEARNING/Airflow-Training/.venv/lib/python3.10/site-packages/airflow/example_dags/example_trigger_controller_dag.py
[2023-11-04T16:49:10.540+0100] {processor.py:839} INFO - DAG(s) dict_keys(['example_trigger_controller_dag']) retrieved from /Users/audioworkstation/Documents/WORKSPACE/LEARNING/Airflow-Training/.venv/lib/python3.10/site-packages/airflow/example_dags/example_trigger_controller_dag.py
[2023-11-04T16:49:10.820+0100] {logging_mixin.py:151} INFO - [2023-11-04T16:49:10.819+0100] {dag.py:2915} INFO - Sync 1 DAGs
[2023-11-04T16:49:10.860+0100] {logging_mixin.py:151} INFO - [2023-11-04T16:49:10.859+0100] {dag.py:3696} INFO - Setting next_dagrun for example_trigger_controller_dag to 2021-01-01T00:00:00+00:00, run_after=2021-01-01T00:00:00+00:00
[2023-11-04T16:49:10.892+0100] {processor.py:179} INFO - Processing /Users/audioworkstation/Documents/WORKSPACE/LEARNING/Airflow-Training/.venv/lib/python3.10/site-packages/airflow/example_dags/example_trigger_controller_dag.py took 0.398 seconds
[2023-11-04T16:50:45.695+0100] {processor.py:157} INFO - Started process (PID=4963) to work on /Users/audioworkstation/Documents/WORKSPACE/LEARNING/Airflow-Training/.venv/lib/python3.10/site-packages/airflow/example_dags/example_trigger_controller_dag.py
[2023-11-04T16:50:45.700+0100] {processor.py:829} INFO - Processing file /Users/audioworkstation/Documents/WORKSPACE/LEARNING/Airflow-Training/.venv/lib/python3.10/site-packages/airflow/example_dags/example_trigger_controller_dag.py for tasks to queue
[2023-11-04T16:50:45.700+0100] {logging_mixin.py:151} INFO - [2023-11-04T16:50:45.700+0100] {dagbag.py:539} INFO - Filling up the DagBag from /Users/audioworkstation/Documents/WORKSPACE/LEARNING/Airflow-Training/.venv/lib/python3.10/site-packages/airflow/example_dags/example_trigger_controller_dag.py
[2023-11-04T16:50:45.727+0100] {processor.py:839} INFO - DAG(s) dict_keys(['example_trigger_controller_dag']) retrieved from /Users/audioworkstation/Documents/WORKSPACE/LEARNING/Airflow-Training/.venv/lib/python3.10/site-packages/airflow/example_dags/example_trigger_controller_dag.py
[2023-11-04T16:50:45.888+0100] {logging_mixin.py:151} INFO - [2023-11-04T16:50:45.888+0100] {dag.py:2915} INFO - Sync 1 DAGs
[2023-11-04T16:50:45.903+0100] {logging_mixin.py:151} INFO - [2023-11-04T16:50:45.903+0100] {dag.py:3696} INFO - Setting next_dagrun for example_trigger_controller_dag to 2021-01-01T00:00:00+00:00, run_after=2021-01-01T00:00:00+00:00
[2023-11-04T16:50:45.928+0100] {processor.py:179} INFO - Processing /Users/audioworkstation/Documents/WORKSPACE/LEARNING/Airflow-Training/.venv/lib/python3.10/site-packages/airflow/example_dags/example_trigger_controller_dag.py took 0.233 seconds
[2023-11-04T16:52:00.649+0100] {processor.py:157} INFO - Started process (PID=5213) to work on /Users/audioworkstation/Documents/WORKSPACE/LEARNING/Airflow-Training/.venv/lib/python3.10/site-packages/airflow/example_dags/example_trigger_controller_dag.py
[2023-11-04T16:52:00.652+0100] {processor.py:829} INFO - Processing file /Users/audioworkstation/Documents/WORKSPACE/LEARNING/Airflow-Training/.venv/lib/python3.10/site-packages/airflow/example_dags/example_trigger_controller_dag.py for tasks to queue
[2023-11-04T16:52:00.653+0100] {logging_mixin.py:151} INFO - [2023-11-04T16:52:00.653+0100] {dagbag.py:539} INFO - Filling up the DagBag from /Users/audioworkstation/Documents/WORKSPACE/LEARNING/Airflow-Training/.venv/lib/python3.10/site-packages/airflow/example_dags/example_trigger_controller_dag.py
[2023-11-04T16:52:00.687+0100] {processor.py:839} INFO - DAG(s) dict_keys(['example_trigger_controller_dag']) retrieved from /Users/audioworkstation/Documents/WORKSPACE/LEARNING/Airflow-Training/.venv/lib/python3.10/site-packages/airflow/example_dags/example_trigger_controller_dag.py
[2023-11-04T16:52:00.887+0100] {logging_mixin.py:151} INFO - [2023-11-04T16:52:00.887+0100] {dag.py:2915} INFO - Sync 1 DAGs
[2023-11-04T16:52:00.915+0100] {logging_mixin.py:151} INFO - [2023-11-04T16:52:00.915+0100] {dag.py:3696} INFO - Setting next_dagrun for example_trigger_controller_dag to 2021-01-01T00:00:00+00:00, run_after=2021-01-01T00:00:00+00:00
[2023-11-04T16:52:00.944+0100] {processor.py:179} INFO - Processing /Users/audioworkstation/Documents/WORKSPACE/LEARNING/Airflow-Training/.venv/lib/python3.10/site-packages/airflow/example_dags/example_trigger_controller_dag.py took 0.296 seconds
