[2023-11-04T16:42:32.596+0100] {processor.py:157} INFO - Started process (PID=3286) to work on /Users/audioworkstation/Documents/WORKSPACE/LEARNING/Airflow-Training/.venv/lib/python3.10/site-packages/airflow/example_dags/example_sensor_decorator.py
[2023-11-04T16:42:32.600+0100] {processor.py:829} INFO - Processing file /Users/audioworkstation/Documents/WORKSPACE/LEARNING/Airflow-Training/.venv/lib/python3.10/site-packages/airflow/example_dags/example_sensor_decorator.py for tasks to queue
[2023-11-04T16:42:32.601+0100] {logging_mixin.py:151} INFO - [2023-11-04T16:42:32.601+0100] {dagbag.py:539} INFO - Filling up the DagBag from /Users/audioworkstation/Documents/WORKSPACE/LEARNING/Airflow-Training/.venv/lib/python3.10/site-packages/airflow/example_dags/example_sensor_decorator.py
[2023-11-04T16:42:32.654+0100] {processor.py:839} INFO - DAG(s) dict_keys(['example_sensor_decorator']) retrieved from /Users/audioworkstation/Documents/WORKSPACE/LEARNING/Airflow-Training/.venv/lib/python3.10/site-packages/airflow/example_dags/example_sensor_decorator.py
[2023-11-04T16:42:32.819+0100] {logging_mixin.py:151} INFO - [2023-11-04T16:42:32.819+0100] {dag.py:2915} INFO - Sync 1 DAGs
[2023-11-04T16:42:32.827+0100] {logging_mixin.py:151} INFO - [2023-11-04T16:42:32.827+0100] {dag.py:3696} INFO - Setting next_dagrun for example_sensor_decorator to None, run_after=None
[2023-11-04T16:42:32.851+0100] {processor.py:179} INFO - Processing /Users/audioworkstation/Documents/WORKSPACE/LEARNING/Airflow-Training/.venv/lib/python3.10/site-packages/airflow/example_dags/example_sensor_decorator.py took 0.256 seconds
[2023-11-04T16:44:20.194+0100] {processor.py:157} INFO - Started process (PID=3635) to work on /Users/audioworkstation/Documents/WORKSPACE/LEARNING/Airflow-Training/.venv/lib/python3.10/site-packages/airflow/example_dags/example_sensor_decorator.py
[2023-11-04T16:44:20.198+0100] {processor.py:829} INFO - Processing file /Users/audioworkstation/Documents/WORKSPACE/LEARNING/Airflow-Training/.venv/lib/python3.10/site-packages/airflow/example_dags/example_sensor_decorator.py for tasks to queue
[2023-11-04T16:44:20.198+0100] {logging_mixin.py:151} INFO - [2023-11-04T16:44:20.198+0100] {dagbag.py:539} INFO - Filling up the DagBag from /Users/audioworkstation/Documents/WORKSPACE/LEARNING/Airflow-Training/.venv/lib/python3.10/site-packages/airflow/example_dags/example_sensor_decorator.py
[2023-11-04T16:44:20.245+0100] {processor.py:839} INFO - DAG(s) dict_keys(['example_sensor_decorator']) retrieved from /Users/audioworkstation/Documents/WORKSPACE/LEARNING/Airflow-Training/.venv/lib/python3.10/site-packages/airflow/example_dags/example_sensor_decorator.py
[2023-11-04T16:44:20.404+0100] {logging_mixin.py:151} INFO - [2023-11-04T16:44:20.404+0100] {dag.py:2915} INFO - Sync 1 DAGs
[2023-11-04T16:44:20.411+0100] {logging_mixin.py:151} INFO - [2023-11-04T16:44:20.411+0100] {dag.py:3696} INFO - Setting next_dagrun for example_sensor_decorator to None, run_after=None
[2023-11-04T16:44:20.435+0100] {processor.py:179} INFO - Processing /Users/audioworkstation/Documents/WORKSPACE/LEARNING/Airflow-Training/.venv/lib/python3.10/site-packages/airflow/example_dags/example_sensor_decorator.py took 0.241 seconds
[2023-11-04T16:46:57.797+0100] {processor.py:157} INFO - Started process (PID=4174) to work on /Users/audioworkstation/Documents/WORKSPACE/LEARNING/Airflow-Training/.venv/lib/python3.10/site-packages/airflow/example_dags/example_sensor_decorator.py
[2023-11-04T16:46:57.801+0100] {processor.py:829} INFO - Processing file /Users/audioworkstation/Documents/WORKSPACE/LEARNING/Airflow-Training/.venv/lib/python3.10/site-packages/airflow/example_dags/example_sensor_decorator.py for tasks to queue
[2023-11-04T16:46:57.802+0100] {logging_mixin.py:151} INFO - [2023-11-04T16:46:57.802+0100] {dagbag.py:539} INFO - Filling up the DagBag from /Users/audioworkstation/Documents/WORKSPACE/LEARNING/Airflow-Training/.venv/lib/python3.10/site-packages/airflow/example_dags/example_sensor_decorator.py
[2023-11-04T16:46:57.861+0100] {processor.py:839} INFO - DAG(s) dict_keys(['example_sensor_decorator']) retrieved from /Users/audioworkstation/Documents/WORKSPACE/LEARNING/Airflow-Training/.venv/lib/python3.10/site-packages/airflow/example_dags/example_sensor_decorator.py
[2023-11-04T16:46:58.061+0100] {logging_mixin.py:151} INFO - [2023-11-04T16:46:58.061+0100] {dag.py:2915} INFO - Sync 1 DAGs
[2023-11-04T16:46:58.070+0100] {logging_mixin.py:151} INFO - [2023-11-04T16:46:58.070+0100] {dag.py:3696} INFO - Setting next_dagrun for example_sensor_decorator to None, run_after=None
[2023-11-04T16:46:58.090+0100] {processor.py:179} INFO - Processing /Users/audioworkstation/Documents/WORKSPACE/LEARNING/Airflow-Training/.venv/lib/python3.10/site-packages/airflow/example_dags/example_sensor_decorator.py took 0.295 seconds
[2023-11-04T16:49:55.403+0100] {processor.py:157} INFO - Started process (PID=4796) to work on /Users/audioworkstation/Documents/WORKSPACE/LEARNING/Airflow-Training/.venv/lib/python3.10/site-packages/airflow/example_dags/example_sensor_decorator.py
[2023-11-04T16:49:55.407+0100] {processor.py:829} INFO - Processing file /Users/audioworkstation/Documents/WORKSPACE/LEARNING/Airflow-Training/.venv/lib/python3.10/site-packages/airflow/example_dags/example_sensor_decorator.py for tasks to queue
[2023-11-04T16:49:55.408+0100] {logging_mixin.py:151} INFO - [2023-11-04T16:49:55.408+0100] {dagbag.py:539} INFO - Filling up the DagBag from /Users/audioworkstation/Documents/WORKSPACE/LEARNING/Airflow-Training/.venv/lib/python3.10/site-packages/airflow/example_dags/example_sensor_decorator.py
[2023-11-04T16:49:55.461+0100] {processor.py:839} INFO - DAG(s) dict_keys(['example_sensor_decorator']) retrieved from /Users/audioworkstation/Documents/WORKSPACE/LEARNING/Airflow-Training/.venv/lib/python3.10/site-packages/airflow/example_dags/example_sensor_decorator.py
[2023-11-04T16:49:55.637+0100] {logging_mixin.py:151} INFO - [2023-11-04T16:49:55.637+0100] {dag.py:2915} INFO - Sync 1 DAGs
[2023-11-04T16:49:55.646+0100] {logging_mixin.py:151} INFO - [2023-11-04T16:49:55.646+0100] {dag.py:3696} INFO - Setting next_dagrun for example_sensor_decorator to None, run_after=None
[2023-11-04T16:49:55.671+0100] {processor.py:179} INFO - Processing /Users/audioworkstation/Documents/WORKSPACE/LEARNING/Airflow-Training/.venv/lib/python3.10/site-packages/airflow/example_dags/example_sensor_decorator.py took 0.268 seconds
[2023-11-04T16:52:30.808+0100] {processor.py:157} INFO - Started process (PID=5313) to work on /Users/audioworkstation/Documents/WORKSPACE/LEARNING/Airflow-Training/.venv/lib/python3.10/site-packages/airflow/example_dags/example_sensor_decorator.py
[2023-11-04T16:52:30.812+0100] {processor.py:829} INFO - Processing file /Users/audioworkstation/Documents/WORKSPACE/LEARNING/Airflow-Training/.venv/lib/python3.10/site-packages/airflow/example_dags/example_sensor_decorator.py for tasks to queue
[2023-11-04T16:52:30.813+0100] {logging_mixin.py:151} INFO - [2023-11-04T16:52:30.813+0100] {dagbag.py:539} INFO - Filling up the DagBag from /Users/audioworkstation/Documents/WORKSPACE/LEARNING/Airflow-Training/.venv/lib/python3.10/site-packages/airflow/example_dags/example_sensor_decorator.py
[2023-11-04T16:52:30.872+0100] {processor.py:839} INFO - DAG(s) dict_keys(['example_sensor_decorator']) retrieved from /Users/audioworkstation/Documents/WORKSPACE/LEARNING/Airflow-Training/.venv/lib/python3.10/site-packages/airflow/example_dags/example_sensor_decorator.py
[2023-11-04T16:52:31.075+0100] {logging_mixin.py:151} INFO - [2023-11-04T16:52:31.075+0100] {dag.py:2915} INFO - Sync 1 DAGs
[2023-11-04T16:52:31.085+0100] {logging_mixin.py:151} INFO - [2023-11-04T16:52:31.085+0100] {dag.py:3696} INFO - Setting next_dagrun for example_sensor_decorator to None, run_after=None
[2023-11-04T16:52:31.105+0100] {processor.py:179} INFO - Processing /Users/audioworkstation/Documents/WORKSPACE/LEARNING/Airflow-Training/.venv/lib/python3.10/site-packages/airflow/example_dags/example_sensor_decorator.py took 0.298 seconds
