[2023-11-04T16:42:52.835+0100] {processor.py:157} INFO - Started process (PID=3352) to work on /Users/audioworkstation/Documents/WORKSPACE/LEARNING/Airflow-Training/.venv/lib/python3.10/site-packages/airflow/example_dags/example_latest_only.py
[2023-11-04T16:42:52.839+0100] {processor.py:829} INFO - Processing file /Users/audioworkstation/Documents/WORKSPACE/LEARNING/Airflow-Training/.venv/lib/python3.10/site-packages/airflow/example_dags/example_latest_only.py for tasks to queue
[2023-11-04T16:42:52.840+0100] {logging_mixin.py:151} INFO - [2023-11-04T16:42:52.840+0100] {dagbag.py:539} INFO - Filling up the DagBag from /Users/audioworkstation/Documents/WORKSPACE/LEARNING/Airflow-Training/.venv/lib/python3.10/site-packages/airflow/example_dags/example_latest_only.py
[2023-11-04T16:42:52.870+0100] {processor.py:839} INFO - DAG(s) dict_keys(['latest_only']) retrieved from /Users/audioworkstation/Documents/WORKSPACE/LEARNING/Airflow-Training/.venv/lib/python3.10/site-packages/airflow/example_dags/example_latest_only.py
[2023-11-04T16:42:53.047+0100] {logging_mixin.py:151} INFO - [2023-11-04T16:42:53.046+0100] {dag.py:2915} INFO - Sync 1 DAGs
[2023-11-04T16:42:53.064+0100] {logging_mixin.py:151} INFO - [2023-11-04T16:42:53.064+0100] {dag.py:3696} INFO - Setting next_dagrun for latest_only to 2023-11-04T11:42:53.064184+00:00, run_after=2023-11-04T15:42:53.064184+00:00
[2023-11-04T16:42:53.088+0100] {processor.py:179} INFO - Processing /Users/audioworkstation/Documents/WORKSPACE/LEARNING/Airflow-Training/.venv/lib/python3.10/site-packages/airflow/example_dags/example_latest_only.py took 0.254 seconds
[2023-11-04T16:44:38.631+0100] {processor.py:157} INFO - Started process (PID=3700) to work on /Users/audioworkstation/Documents/WORKSPACE/LEARNING/Airflow-Training/.venv/lib/python3.10/site-packages/airflow/example_dags/example_latest_only.py
[2023-11-04T16:44:38.635+0100] {processor.py:829} INFO - Processing file /Users/audioworkstation/Documents/WORKSPACE/LEARNING/Airflow-Training/.venv/lib/python3.10/site-packages/airflow/example_dags/example_latest_only.py for tasks to queue
[2023-11-04T16:44:38.636+0100] {logging_mixin.py:151} INFO - [2023-11-04T16:44:38.635+0100] {dagbag.py:539} INFO - Filling up the DagBag from /Users/audioworkstation/Documents/WORKSPACE/LEARNING/Airflow-Training/.venv/lib/python3.10/site-packages/airflow/example_dags/example_latest_only.py
[2023-11-04T16:44:38.659+0100] {processor.py:839} INFO - DAG(s) dict_keys(['latest_only']) retrieved from /Users/audioworkstation/Documents/WORKSPACE/LEARNING/Airflow-Training/.venv/lib/python3.10/site-packages/airflow/example_dags/example_latest_only.py
[2023-11-04T16:44:38.806+0100] {logging_mixin.py:151} INFO - [2023-11-04T16:44:38.806+0100] {dag.py:2915} INFO - Sync 1 DAGs
[2023-11-04T16:44:38.821+0100] {logging_mixin.py:151} INFO - [2023-11-04T16:44:38.820+0100] {dag.py:3696} INFO - Setting next_dagrun for latest_only to 2023-11-04T11:44:38.820771+00:00, run_after=2023-11-04T15:44:38.820771+00:00
[2023-11-04T16:44:38.843+0100] {processor.py:179} INFO - Processing /Users/audioworkstation/Documents/WORKSPACE/LEARNING/Airflow-Training/.venv/lib/python3.10/site-packages/airflow/example_dags/example_latest_only.py took 0.213 seconds
[2023-11-04T16:47:17.544+0100] {processor.py:157} INFO - Started process (PID=4242) to work on /Users/audioworkstation/Documents/WORKSPACE/LEARNING/Airflow-Training/.venv/lib/python3.10/site-packages/airflow/example_dags/example_latest_only.py
[2023-11-04T16:47:17.549+0100] {processor.py:829} INFO - Processing file /Users/audioworkstation/Documents/WORKSPACE/LEARNING/Airflow-Training/.venv/lib/python3.10/site-packages/airflow/example_dags/example_latest_only.py for tasks to queue
[2023-11-04T16:47:17.549+0100] {logging_mixin.py:151} INFO - [2023-11-04T16:47:17.549+0100] {dagbag.py:539} INFO - Filling up the DagBag from /Users/audioworkstation/Documents/WORKSPACE/LEARNING/Airflow-Training/.venv/lib/python3.10/site-packages/airflow/example_dags/example_latest_only.py
[2023-11-04T16:47:17.578+0100] {processor.py:839} INFO - DAG(s) dict_keys(['latest_only']) retrieved from /Users/audioworkstation/Documents/WORKSPACE/LEARNING/Airflow-Training/.venv/lib/python3.10/site-packages/airflow/example_dags/example_latest_only.py
[2023-11-04T16:47:17.775+0100] {logging_mixin.py:151} INFO - [2023-11-04T16:47:17.775+0100] {dag.py:2915} INFO - Sync 1 DAGs
[2023-11-04T16:47:17.792+0100] {logging_mixin.py:151} INFO - [2023-11-04T16:47:17.792+0100] {dag.py:3696} INFO - Setting next_dagrun for latest_only to 2023-11-04T11:47:17.792255+00:00, run_after=2023-11-04T15:47:17.792255+00:00
[2023-11-04T16:47:17.816+0100] {processor.py:179} INFO - Processing /Users/audioworkstation/Documents/WORKSPACE/LEARNING/Airflow-Training/.venv/lib/python3.10/site-packages/airflow/example_dags/example_latest_only.py took 0.272 seconds
[2023-11-04T16:50:13.297+0100] {processor.py:157} INFO - Started process (PID=4861) to work on /Users/audioworkstation/Documents/WORKSPACE/LEARNING/Airflow-Training/.venv/lib/python3.10/site-packages/airflow/example_dags/example_latest_only.py
[2023-11-04T16:50:13.301+0100] {processor.py:829} INFO - Processing file /Users/audioworkstation/Documents/WORKSPACE/LEARNING/Airflow-Training/.venv/lib/python3.10/site-packages/airflow/example_dags/example_latest_only.py for tasks to queue
[2023-11-04T16:50:13.302+0100] {logging_mixin.py:151} INFO - [2023-11-04T16:50:13.301+0100] {dagbag.py:539} INFO - Filling up the DagBag from /Users/audioworkstation/Documents/WORKSPACE/LEARNING/Airflow-Training/.venv/lib/python3.10/site-packages/airflow/example_dags/example_latest_only.py
[2023-11-04T16:50:13.327+0100] {processor.py:839} INFO - DAG(s) dict_keys(['latest_only']) retrieved from /Users/audioworkstation/Documents/WORKSPACE/LEARNING/Airflow-Training/.venv/lib/python3.10/site-packages/airflow/example_dags/example_latest_only.py
[2023-11-04T16:50:13.484+0100] {logging_mixin.py:151} INFO - [2023-11-04T16:50:13.484+0100] {dag.py:2915} INFO - Sync 1 DAGs
[2023-11-04T16:50:13.498+0100] {logging_mixin.py:151} INFO - [2023-11-04T16:50:13.498+0100] {dag.py:3696} INFO - Setting next_dagrun for latest_only to 2023-11-04T11:50:13.498681+00:00, run_after=2023-11-04T15:50:13.498681+00:00
[2023-11-04T16:50:13.522+0100] {processor.py:179} INFO - Processing /Users/audioworkstation/Documents/WORKSPACE/LEARNING/Airflow-Training/.venv/lib/python3.10/site-packages/airflow/example_dags/example_latest_only.py took 0.226 seconds
