[2023-11-04T16:43:08.788+0100] {processor.py:157} INFO - Started process (PID=3403) to work on /Users/audioworkstation/Documents/WORKSPACE/LEARNING/Airflow-Training/.venv/lib/python3.10/site-packages/airflow/example_dags/example_complex.py
[2023-11-04T16:43:08.792+0100] {processor.py:829} INFO - Processing file /Users/audioworkstation/Documents/WORKSPACE/LEARNING/Airflow-Training/.venv/lib/python3.10/site-packages/airflow/example_dags/example_complex.py for tasks to queue
[2023-11-04T16:43:08.793+0100] {logging_mixin.py:151} INFO - [2023-11-04T16:43:08.793+0100] {dagbag.py:539} INFO - Filling up the DagBag from /Users/audioworkstation/Documents/WORKSPACE/LEARNING/Airflow-Training/.venv/lib/python3.10/site-packages/airflow/example_dags/example_complex.py
[2023-11-04T16:43:08.822+0100] {processor.py:839} INFO - DAG(s) dict_keys(['example_complex']) retrieved from /Users/audioworkstation/Documents/WORKSPACE/LEARNING/Airflow-Training/.venv/lib/python3.10/site-packages/airflow/example_dags/example_complex.py
[2023-11-04T16:43:08.993+0100] {logging_mixin.py:151} INFO - [2023-11-04T16:43:08.993+0100] {dag.py:2915} INFO - Sync 1 DAGs
[2023-11-04T16:43:09.001+0100] {logging_mixin.py:151} INFO - [2023-11-04T16:43:09.000+0100] {dag.py:3696} INFO - Setting next_dagrun for example_complex to None, run_after=None
[2023-11-04T16:43:09.025+0100] {processor.py:179} INFO - Processing /Users/audioworkstation/Documents/WORKSPACE/LEARNING/Airflow-Training/.venv/lib/python3.10/site-packages/airflow/example_dags/example_complex.py took 0.237 seconds
[2023-11-04T16:45:37.778+0100] {processor.py:157} INFO - Started process (PID=3899) to work on /Users/audioworkstation/Documents/WORKSPACE/LEARNING/Airflow-Training/.venv/lib/python3.10/site-packages/airflow/example_dags/example_complex.py
[2023-11-04T16:45:37.782+0100] {processor.py:829} INFO - Processing file /Users/audioworkstation/Documents/WORKSPACE/LEARNING/Airflow-Training/.venv/lib/python3.10/site-packages/airflow/example_dags/example_complex.py for tasks to queue
[2023-11-04T16:45:37.783+0100] {logging_mixin.py:151} INFO - [2023-11-04T16:45:37.782+0100] {dagbag.py:539} INFO - Filling up the DagBag from /Users/audioworkstation/Documents/WORKSPACE/LEARNING/Airflow-Training/.venv/lib/python3.10/site-packages/airflow/example_dags/example_complex.py
[2023-11-04T16:45:37.815+0100] {processor.py:839} INFO - DAG(s) dict_keys(['example_complex']) retrieved from /Users/audioworkstation/Documents/WORKSPACE/LEARNING/Airflow-Training/.venv/lib/python3.10/site-packages/airflow/example_dags/example_complex.py
[2023-11-04T16:45:37.976+0100] {logging_mixin.py:151} INFO - [2023-11-04T16:45:37.976+0100] {dag.py:2915} INFO - Sync 1 DAGs
[2023-11-04T16:45:37.984+0100] {logging_mixin.py:151} INFO - [2023-11-04T16:45:37.984+0100] {dag.py:3696} INFO - Setting next_dagrun for example_complex to None, run_after=None
[2023-11-04T16:45:38.008+0100] {processor.py:179} INFO - Processing /Users/audioworkstation/Documents/WORKSPACE/LEARNING/Airflow-Training/.venv/lib/python3.10/site-packages/airflow/example_dags/example_complex.py took 0.230 seconds
[2023-11-04T16:48:20.774+0100] {processor.py:157} INFO - Started process (PID=4467) to work on /Users/audioworkstation/Documents/WORKSPACE/LEARNING/Airflow-Training/.venv/lib/python3.10/site-packages/airflow/example_dags/example_complex.py
[2023-11-04T16:48:20.778+0100] {processor.py:829} INFO - Processing file /Users/audioworkstation/Documents/WORKSPACE/LEARNING/Airflow-Training/.venv/lib/python3.10/site-packages/airflow/example_dags/example_complex.py for tasks to queue
[2023-11-04T16:48:20.779+0100] {logging_mixin.py:151} INFO - [2023-11-04T16:48:20.779+0100] {dagbag.py:539} INFO - Filling up the DagBag from /Users/audioworkstation/Documents/WORKSPACE/LEARNING/Airflow-Training/.venv/lib/python3.10/site-packages/airflow/example_dags/example_complex.py
[2023-11-04T16:48:20.816+0100] {processor.py:839} INFO - DAG(s) dict_keys(['example_complex']) retrieved from /Users/audioworkstation/Documents/WORKSPACE/LEARNING/Airflow-Training/.venv/lib/python3.10/site-packages/airflow/example_dags/example_complex.py
[2023-11-04T16:48:21.060+0100] {logging_mixin.py:151} INFO - [2023-11-04T16:48:21.060+0100] {dag.py:2915} INFO - Sync 1 DAGs
[2023-11-04T16:48:21.070+0100] {logging_mixin.py:151} INFO - [2023-11-04T16:48:21.070+0100] {dag.py:3696} INFO - Setting next_dagrun for example_complex to None, run_after=None
[2023-11-04T16:48:21.093+0100] {processor.py:179} INFO - Processing /Users/audioworkstation/Documents/WORKSPACE/LEARNING/Airflow-Training/.venv/lib/python3.10/site-packages/airflow/example_dags/example_complex.py took 0.321 seconds
[2023-11-04T16:51:17.052+0100] {processor.py:157} INFO - Started process (PID=5078) to work on /Users/audioworkstation/Documents/WORKSPACE/LEARNING/Airflow-Training/.venv/lib/python3.10/site-packages/airflow/example_dags/example_complex.py
[2023-11-04T16:51:17.057+0100] {processor.py:829} INFO - Processing file /Users/audioworkstation/Documents/WORKSPACE/LEARNING/Airflow-Training/.venv/lib/python3.10/site-packages/airflow/example_dags/example_complex.py for tasks to queue
[2023-11-04T16:51:17.057+0100] {logging_mixin.py:151} INFO - [2023-11-04T16:51:17.057+0100] {dagbag.py:539} INFO - Filling up the DagBag from /Users/audioworkstation/Documents/WORKSPACE/LEARNING/Airflow-Training/.venv/lib/python3.10/site-packages/airflow/example_dags/example_complex.py
[2023-11-04T16:51:17.088+0100] {processor.py:839} INFO - DAG(s) dict_keys(['example_complex']) retrieved from /Users/audioworkstation/Documents/WORKSPACE/LEARNING/Airflow-Training/.venv/lib/python3.10/site-packages/airflow/example_dags/example_complex.py
[2023-11-04T16:51:17.250+0100] {logging_mixin.py:151} INFO - [2023-11-04T16:51:17.249+0100] {dag.py:2915} INFO - Sync 1 DAGs
[2023-11-04T16:51:17.258+0100] {logging_mixin.py:151} INFO - [2023-11-04T16:51:17.257+0100] {dag.py:3696} INFO - Setting next_dagrun for example_complex to None, run_after=None
[2023-11-04T16:51:17.281+0100] {processor.py:179} INFO - Processing /Users/audioworkstation/Documents/WORKSPACE/LEARNING/Airflow-Training/.venv/lib/python3.10/site-packages/airflow/example_dags/example_complex.py took 0.230 seconds
