[2023-11-04T16:43:11.366+0100] {processor.py:157} INFO - Started process (PID=3418) to work on /Users/audioworkstation/Documents/WORKSPACE/LEARNING/Airflow-Training/.venv/lib/python3.10/site-packages/airflow/example_dags/example_branch_python_dop_operator_3.py
[2023-11-04T16:43:11.371+0100] {processor.py:829} INFO - Processing file /Users/audioworkstation/Documents/WORKSPACE/LEARNING/Airflow-Training/.venv/lib/python3.10/site-packages/airflow/example_dags/example_branch_python_dop_operator_3.py for tasks to queue
[2023-11-04T16:43:11.372+0100] {logging_mixin.py:151} INFO - [2023-11-04T16:43:11.371+0100] {dagbag.py:539} INFO - Filling up the DagBag from /Users/audioworkstation/Documents/WORKSPACE/LEARNING/Airflow-Training/.venv/lib/python3.10/site-packages/airflow/example_dags/example_branch_python_dop_operator_3.py
[2023-11-04T16:43:11.431+0100] {processor.py:839} INFO - DAG(s) dict_keys(['example_branch_dop_operator_v3']) retrieved from /Users/audioworkstation/Documents/WORKSPACE/LEARNING/Airflow-Training/.venv/lib/python3.10/site-packages/airflow/example_dags/example_branch_python_dop_operator_3.py
[2023-11-04T16:43:11.622+0100] {logging_mixin.py:151} INFO - [2023-11-04T16:43:11.622+0100] {dag.py:2915} INFO - Sync 1 DAGs
[2023-11-04T16:43:11.643+0100] {logging_mixin.py:151} INFO - [2023-11-04T16:43:11.643+0100] {dag.py:3696} INFO - Setting next_dagrun for example_branch_dop_operator_v3 to 2023-11-04T15:42:00+00:00, run_after=2023-11-04T15:43:00+00:00
[2023-11-04T16:43:11.670+0100] {processor.py:179} INFO - Processing /Users/audioworkstation/Documents/WORKSPACE/LEARNING/Airflow-Training/.venv/lib/python3.10/site-packages/airflow/example_dags/example_branch_python_dop_operator_3.py took 0.305 seconds
[2023-11-04T16:45:39.725+0100] {processor.py:157} INFO - Started process (PID=3902) to work on /Users/audioworkstation/Documents/WORKSPACE/LEARNING/Airflow-Training/.venv/lib/python3.10/site-packages/airflow/example_dags/example_branch_python_dop_operator_3.py
[2023-11-04T16:45:39.729+0100] {processor.py:829} INFO - Processing file /Users/audioworkstation/Documents/WORKSPACE/LEARNING/Airflow-Training/.venv/lib/python3.10/site-packages/airflow/example_dags/example_branch_python_dop_operator_3.py for tasks to queue
[2023-11-04T16:45:39.729+0100] {logging_mixin.py:151} INFO - [2023-11-04T16:45:39.729+0100] {dagbag.py:539} INFO - Filling up the DagBag from /Users/audioworkstation/Documents/WORKSPACE/LEARNING/Airflow-Training/.venv/lib/python3.10/site-packages/airflow/example_dags/example_branch_python_dop_operator_3.py
[2023-11-04T16:45:39.780+0100] {processor.py:839} INFO - DAG(s) dict_keys(['example_branch_dop_operator_v3']) retrieved from /Users/audioworkstation/Documents/WORKSPACE/LEARNING/Airflow-Training/.venv/lib/python3.10/site-packages/airflow/example_dags/example_branch_python_dop_operator_3.py
[2023-11-04T16:45:39.959+0100] {logging_mixin.py:151} INFO - [2023-11-04T16:45:39.959+0100] {dag.py:2915} INFO - Sync 1 DAGs
[2023-11-04T16:45:39.978+0100] {logging_mixin.py:151} INFO - [2023-11-04T16:45:39.978+0100] {dag.py:3696} INFO - Setting next_dagrun for example_branch_dop_operator_v3 to 2023-11-04T15:44:00+00:00, run_after=2023-11-04T15:45:00+00:00
[2023-11-04T16:45:40.005+0100] {processor.py:179} INFO - Processing /Users/audioworkstation/Documents/WORKSPACE/LEARNING/Airflow-Training/.venv/lib/python3.10/site-packages/airflow/example_dags/example_branch_python_dop_operator_3.py took 0.281 seconds
[2023-11-04T16:48:23.508+0100] {processor.py:157} INFO - Started process (PID=4482) to work on /Users/audioworkstation/Documents/WORKSPACE/LEARNING/Airflow-Training/.venv/lib/python3.10/site-packages/airflow/example_dags/example_branch_python_dop_operator_3.py
[2023-11-04T16:48:23.513+0100] {processor.py:829} INFO - Processing file /Users/audioworkstation/Documents/WORKSPACE/LEARNING/Airflow-Training/.venv/lib/python3.10/site-packages/airflow/example_dags/example_branch_python_dop_operator_3.py for tasks to queue
[2023-11-04T16:48:23.514+0100] {logging_mixin.py:151} INFO - [2023-11-04T16:48:23.514+0100] {dagbag.py:539} INFO - Filling up the DagBag from /Users/audioworkstation/Documents/WORKSPACE/LEARNING/Airflow-Training/.venv/lib/python3.10/site-packages/airflow/example_dags/example_branch_python_dop_operator_3.py
[2023-11-04T16:48:23.587+0100] {processor.py:839} INFO - DAG(s) dict_keys(['example_branch_dop_operator_v3']) retrieved from /Users/audioworkstation/Documents/WORKSPACE/LEARNING/Airflow-Training/.venv/lib/python3.10/site-packages/airflow/example_dags/example_branch_python_dop_operator_3.py
[2023-11-04T16:48:23.772+0100] {logging_mixin.py:151} INFO - [2023-11-04T16:48:23.772+0100] {dag.py:2915} INFO - Sync 1 DAGs
[2023-11-04T16:48:23.795+0100] {logging_mixin.py:151} INFO - [2023-11-04T16:48:23.795+0100] {dag.py:3696} INFO - Setting next_dagrun for example_branch_dop_operator_v3 to 2023-11-04T15:47:00+00:00, run_after=2023-11-04T15:48:00+00:00
[2023-11-04T16:48:23.821+0100] {processor.py:179} INFO - Processing /Users/audioworkstation/Documents/WORKSPACE/LEARNING/Airflow-Training/.venv/lib/python3.10/site-packages/airflow/example_dags/example_branch_python_dop_operator_3.py took 0.314 seconds
[2023-11-04T16:51:19.591+0100] {processor.py:157} INFO - Started process (PID=5079) to work on /Users/audioworkstation/Documents/WORKSPACE/LEARNING/Airflow-Training/.venv/lib/python3.10/site-packages/airflow/example_dags/example_branch_python_dop_operator_3.py
[2023-11-04T16:51:19.597+0100] {processor.py:829} INFO - Processing file /Users/audioworkstation/Documents/WORKSPACE/LEARNING/Airflow-Training/.venv/lib/python3.10/site-packages/airflow/example_dags/example_branch_python_dop_operator_3.py for tasks to queue
[2023-11-04T16:51:19.597+0100] {logging_mixin.py:151} INFO - [2023-11-04T16:51:19.597+0100] {dagbag.py:539} INFO - Filling up the DagBag from /Users/audioworkstation/Documents/WORKSPACE/LEARNING/Airflow-Training/.venv/lib/python3.10/site-packages/airflow/example_dags/example_branch_python_dop_operator_3.py
[2023-11-04T16:51:19.660+0100] {processor.py:839} INFO - DAG(s) dict_keys(['example_branch_dop_operator_v3']) retrieved from /Users/audioworkstation/Documents/WORKSPACE/LEARNING/Airflow-Training/.venv/lib/python3.10/site-packages/airflow/example_dags/example_branch_python_dop_operator_3.py
[2023-11-04T16:51:19.846+0100] {logging_mixin.py:151} INFO - [2023-11-04T16:51:19.846+0100] {dag.py:2915} INFO - Sync 1 DAGs
[2023-11-04T16:51:19.870+0100] {logging_mixin.py:151} INFO - [2023-11-04T16:51:19.869+0100] {dag.py:3696} INFO - Setting next_dagrun for example_branch_dop_operator_v3 to 2023-11-04T15:50:00+00:00, run_after=2023-11-04T15:51:00+00:00
[2023-11-04T16:51:19.898+0100] {processor.py:179} INFO - Processing /Users/audioworkstation/Documents/WORKSPACE/LEARNING/Airflow-Training/.venv/lib/python3.10/site-packages/airflow/example_dags/example_branch_python_dop_operator_3.py took 0.308 seconds
