[2023-11-04T16:43:05.803+0100] {processor.py:157} INFO - Started process (PID=3388) to work on /Users/audioworkstation/Documents/WORKSPACE/LEARNING/Airflow-Training/.venv/lib/python3.10/site-packages/airflow/example_dags/example_dag_decorator.py
[2023-11-04T16:43:05.808+0100] {processor.py:829} INFO - Processing file /Users/audioworkstation/Documents/WORKSPACE/LEARNING/Airflow-Training/.venv/lib/python3.10/site-packages/airflow/example_dags/example_dag_decorator.py for tasks to queue
[2023-11-04T16:43:05.809+0100] {logging_mixin.py:151} INFO - [2023-11-04T16:43:05.809+0100] {dagbag.py:539} INFO - Filling up the DagBag from /Users/audioworkstation/Documents/WORKSPACE/LEARNING/Airflow-Training/.venv/lib/python3.10/site-packages/airflow/example_dags/example_dag_decorator.py
[2023-11-04T16:43:06.072+0100] {processor.py:839} INFO - DAG(s) dict_keys(['example_dag_decorator']) retrieved from /Users/audioworkstation/Documents/WORKSPACE/LEARNING/Airflow-Training/.venv/lib/python3.10/site-packages/airflow/example_dags/example_dag_decorator.py
[2023-11-04T16:43:06.554+0100] {logging_mixin.py:151} INFO - [2023-11-04T16:43:06.554+0100] {security.py:708} INFO - Not syncing DAG-level permissions for DAG 'DAG:example_dag_decorator' as access control is unset.
[2023-11-04T16:43:06.555+0100] {logging_mixin.py:151} INFO - [2023-11-04T16:43:06.554+0100] {dag.py:2915} INFO - Sync 1 DAGs
[2023-11-04T16:43:06.563+0100] {logging_mixin.py:151} INFO - [2023-11-04T16:43:06.562+0100] {dag.py:3696} INFO - Setting next_dagrun for example_dag_decorator to None, run_after=None
[2023-11-04T16:43:06.587+0100] {processor.py:179} INFO - Processing /Users/audioworkstation/Documents/WORKSPACE/LEARNING/Airflow-Training/.venv/lib/python3.10/site-packages/airflow/example_dags/example_dag_decorator.py took 0.784 seconds
[2023-11-04T16:45:34.685+0100] {processor.py:157} INFO - Started process (PID=3884) to work on /Users/audioworkstation/Documents/WORKSPACE/LEARNING/Airflow-Training/.venv/lib/python3.10/site-packages/airflow/example_dags/example_dag_decorator.py
[2023-11-04T16:45:34.689+0100] {processor.py:829} INFO - Processing file /Users/audioworkstation/Documents/WORKSPACE/LEARNING/Airflow-Training/.venv/lib/python3.10/site-packages/airflow/example_dags/example_dag_decorator.py for tasks to queue
[2023-11-04T16:45:34.690+0100] {logging_mixin.py:151} INFO - [2023-11-04T16:45:34.690+0100] {dagbag.py:539} INFO - Filling up the DagBag from /Users/audioworkstation/Documents/WORKSPACE/LEARNING/Airflow-Training/.venv/lib/python3.10/site-packages/airflow/example_dags/example_dag_decorator.py
[2023-11-04T16:45:34.891+0100] {processor.py:839} INFO - DAG(s) dict_keys(['example_dag_decorator']) retrieved from /Users/audioworkstation/Documents/WORKSPACE/LEARNING/Airflow-Training/.venv/lib/python3.10/site-packages/airflow/example_dags/example_dag_decorator.py
[2023-11-04T16:45:35.427+0100] {logging_mixin.py:151} INFO - [2023-11-04T16:45:35.426+0100] {security.py:708} INFO - Not syncing DAG-level permissions for DAG 'DAG:example_dag_decorator' as access control is unset.
[2023-11-04T16:45:35.427+0100] {logging_mixin.py:151} INFO - [2023-11-04T16:45:35.427+0100] {dag.py:2915} INFO - Sync 1 DAGs
[2023-11-04T16:45:35.437+0100] {logging_mixin.py:151} INFO - [2023-11-04T16:45:35.437+0100] {dag.py:3696} INFO - Setting next_dagrun for example_dag_decorator to None, run_after=None
[2023-11-04T16:45:35.459+0100] {processor.py:179} INFO - Processing /Users/audioworkstation/Documents/WORKSPACE/LEARNING/Airflow-Training/.venv/lib/python3.10/site-packages/airflow/example_dags/example_dag_decorator.py took 0.774 seconds
[2023-11-04T16:48:17.245+0100] {processor.py:157} INFO - Started process (PID=4466) to work on /Users/audioworkstation/Documents/WORKSPACE/LEARNING/Airflow-Training/.venv/lib/python3.10/site-packages/airflow/example_dags/example_dag_decorator.py
[2023-11-04T16:48:17.250+0100] {processor.py:829} INFO - Processing file /Users/audioworkstation/Documents/WORKSPACE/LEARNING/Airflow-Training/.venv/lib/python3.10/site-packages/airflow/example_dags/example_dag_decorator.py for tasks to queue
[2023-11-04T16:48:17.250+0100] {logging_mixin.py:151} INFO - [2023-11-04T16:48:17.250+0100] {dagbag.py:539} INFO - Filling up the DagBag from /Users/audioworkstation/Documents/WORKSPACE/LEARNING/Airflow-Training/.venv/lib/python3.10/site-packages/airflow/example_dags/example_dag_decorator.py
[2023-11-04T16:48:17.555+0100] {processor.py:839} INFO - DAG(s) dict_keys(['example_dag_decorator']) retrieved from /Users/audioworkstation/Documents/WORKSPACE/LEARNING/Airflow-Training/.venv/lib/python3.10/site-packages/airflow/example_dags/example_dag_decorator.py
[2023-11-04T16:48:18.223+0100] {logging_mixin.py:151} INFO - [2023-11-04T16:48:18.223+0100] {security.py:708} INFO - Not syncing DAG-level permissions for DAG 'DAG:example_dag_decorator' as access control is unset.
[2023-11-04T16:48:18.224+0100] {logging_mixin.py:151} INFO - [2023-11-04T16:48:18.223+0100] {dag.py:2915} INFO - Sync 1 DAGs
[2023-11-04T16:48:18.234+0100] {logging_mixin.py:151} INFO - [2023-11-04T16:48:18.234+0100] {dag.py:3696} INFO - Setting next_dagrun for example_dag_decorator to None, run_after=None
[2023-11-04T16:48:18.256+0100] {processor.py:179} INFO - Processing /Users/audioworkstation/Documents/WORKSPACE/LEARNING/Airflow-Training/.venv/lib/python3.10/site-packages/airflow/example_dags/example_dag_decorator.py took 1.013 seconds
[2023-11-04T16:51:13.934+0100] {processor.py:157} INFO - Started process (PID=5062) to work on /Users/audioworkstation/Documents/WORKSPACE/LEARNING/Airflow-Training/.venv/lib/python3.10/site-packages/airflow/example_dags/example_dag_decorator.py
[2023-11-04T16:51:13.938+0100] {processor.py:829} INFO - Processing file /Users/audioworkstation/Documents/WORKSPACE/LEARNING/Airflow-Training/.venv/lib/python3.10/site-packages/airflow/example_dags/example_dag_decorator.py for tasks to queue
[2023-11-04T16:51:13.939+0100] {logging_mixin.py:151} INFO - [2023-11-04T16:51:13.938+0100] {dagbag.py:539} INFO - Filling up the DagBag from /Users/audioworkstation/Documents/WORKSPACE/LEARNING/Airflow-Training/.venv/lib/python3.10/site-packages/airflow/example_dags/example_dag_decorator.py
[2023-11-04T16:51:14.146+0100] {processor.py:839} INFO - DAG(s) dict_keys(['example_dag_decorator']) retrieved from /Users/audioworkstation/Documents/WORKSPACE/LEARNING/Airflow-Training/.venv/lib/python3.10/site-packages/airflow/example_dags/example_dag_decorator.py
[2023-11-04T16:51:14.634+0100] {logging_mixin.py:151} INFO - [2023-11-04T16:51:14.634+0100] {security.py:708} INFO - Not syncing DAG-level permissions for DAG 'DAG:example_dag_decorator' as access control is unset.
[2023-11-04T16:51:14.635+0100] {logging_mixin.py:151} INFO - [2023-11-04T16:51:14.635+0100] {dag.py:2915} INFO - Sync 1 DAGs
[2023-11-04T16:51:14.643+0100] {logging_mixin.py:151} INFO - [2023-11-04T16:51:14.643+0100] {dag.py:3696} INFO - Setting next_dagrun for example_dag_decorator to None, run_after=None
[2023-11-04T16:51:14.664+0100] {processor.py:179} INFO - Processing /Users/audioworkstation/Documents/WORKSPACE/LEARNING/Airflow-Training/.venv/lib/python3.10/site-packages/airflow/example_dags/example_dag_decorator.py took 0.731 seconds
