[2023-11-04T16:42:50.234+0100] {processor.py:157} INFO - Started process (PID=3337) to work on /Users/audioworkstation/Documents/WORKSPACE/LEARNING/Airflow-Training/.venv/lib/python3.10/site-packages/airflow/example_dags/example_latest_only_with_trigger.py
[2023-11-04T16:42:50.238+0100] {processor.py:829} INFO - Processing file /Users/audioworkstation/Documents/WORKSPACE/LEARNING/Airflow-Training/.venv/lib/python3.10/site-packages/airflow/example_dags/example_latest_only_with_trigger.py for tasks to queue
[2023-11-04T16:42:50.238+0100] {logging_mixin.py:151} INFO - [2023-11-04T16:42:50.238+0100] {dagbag.py:539} INFO - Filling up the DagBag from /Users/audioworkstation/Documents/WORKSPACE/LEARNING/Airflow-Training/.venv/lib/python3.10/site-packages/airflow/example_dags/example_latest_only_with_trigger.py
[2023-11-04T16:42:50.265+0100] {processor.py:839} INFO - DAG(s) dict_keys(['latest_only_with_trigger']) retrieved from /Users/audioworkstation/Documents/WORKSPACE/LEARNING/Airflow-Training/.venv/lib/python3.10/site-packages/airflow/example_dags/example_latest_only_with_trigger.py
[2023-11-04T16:42:50.434+0100] {logging_mixin.py:151} INFO - [2023-11-04T16:42:50.434+0100] {dag.py:2915} INFO - Sync 1 DAGs
[2023-11-04T16:42:50.451+0100] {logging_mixin.py:151} INFO - [2023-11-04T16:42:50.451+0100] {dag.py:3696} INFO - Setting next_dagrun for latest_only_with_trigger to 2023-11-04T11:42:50.451298+00:00, run_after=2023-11-04T15:42:50.451298+00:00
[2023-11-04T16:42:50.478+0100] {processor.py:179} INFO - Processing /Users/audioworkstation/Documents/WORKSPACE/LEARNING/Airflow-Training/.venv/lib/python3.10/site-packages/airflow/example_dags/example_latest_only_with_trigger.py took 0.245 seconds
[2023-11-04T16:44:36.253+0100] {processor.py:157} INFO - Started process (PID=3699) to work on /Users/audioworkstation/Documents/WORKSPACE/LEARNING/Airflow-Training/.venv/lib/python3.10/site-packages/airflow/example_dags/example_latest_only_with_trigger.py
[2023-11-04T16:44:36.257+0100] {processor.py:829} INFO - Processing file /Users/audioworkstation/Documents/WORKSPACE/LEARNING/Airflow-Training/.venv/lib/python3.10/site-packages/airflow/example_dags/example_latest_only_with_trigger.py for tasks to queue
[2023-11-04T16:44:36.257+0100] {logging_mixin.py:151} INFO - [2023-11-04T16:44:36.257+0100] {dagbag.py:539} INFO - Filling up the DagBag from /Users/audioworkstation/Documents/WORKSPACE/LEARNING/Airflow-Training/.venv/lib/python3.10/site-packages/airflow/example_dags/example_latest_only_with_trigger.py
[2023-11-04T16:44:36.282+0100] {processor.py:839} INFO - DAG(s) dict_keys(['latest_only_with_trigger']) retrieved from /Users/audioworkstation/Documents/WORKSPACE/LEARNING/Airflow-Training/.venv/lib/python3.10/site-packages/airflow/example_dags/example_latest_only_with_trigger.py
[2023-11-04T16:44:36.433+0100] {logging_mixin.py:151} INFO - [2023-11-04T16:44:36.433+0100] {dag.py:2915} INFO - Sync 1 DAGs
[2023-11-04T16:44:36.447+0100] {logging_mixin.py:151} INFO - [2023-11-04T16:44:36.447+0100] {dag.py:3696} INFO - Setting next_dagrun for latest_only_with_trigger to 2023-11-04T11:44:36.447045+00:00, run_after=2023-11-04T15:44:36.447045+00:00
[2023-11-04T16:44:36.471+0100] {processor.py:179} INFO - Processing /Users/audioworkstation/Documents/WORKSPACE/LEARNING/Airflow-Training/.venv/lib/python3.10/site-packages/airflow/example_dags/example_latest_only_with_trigger.py took 0.218 seconds
[2023-11-04T16:47:16.018+0100] {processor.py:157} INFO - Started process (PID=4234) to work on /Users/audioworkstation/Documents/WORKSPACE/LEARNING/Airflow-Training/.venv/lib/python3.10/site-packages/airflow/example_dags/example_latest_only_with_trigger.py
[2023-11-04T16:47:16.022+0100] {processor.py:829} INFO - Processing file /Users/audioworkstation/Documents/WORKSPACE/LEARNING/Airflow-Training/.venv/lib/python3.10/site-packages/airflow/example_dags/example_latest_only_with_trigger.py for tasks to queue
[2023-11-04T16:47:16.022+0100] {logging_mixin.py:151} INFO - [2023-11-04T16:47:16.022+0100] {dagbag.py:539} INFO - Filling up the DagBag from /Users/audioworkstation/Documents/WORKSPACE/LEARNING/Airflow-Training/.venv/lib/python3.10/site-packages/airflow/example_dags/example_latest_only_with_trigger.py
[2023-11-04T16:47:16.048+0100] {processor.py:839} INFO - DAG(s) dict_keys(['latest_only_with_trigger']) retrieved from /Users/audioworkstation/Documents/WORKSPACE/LEARNING/Airflow-Training/.venv/lib/python3.10/site-packages/airflow/example_dags/example_latest_only_with_trigger.py
[2023-11-04T16:47:16.201+0100] {logging_mixin.py:151} INFO - [2023-11-04T16:47:16.201+0100] {dag.py:2915} INFO - Sync 1 DAGs
[2023-11-04T16:47:16.215+0100] {logging_mixin.py:151} INFO - [2023-11-04T16:47:16.215+0100] {dag.py:3696} INFO - Setting next_dagrun for latest_only_with_trigger to 2023-11-04T11:47:16.215570+00:00, run_after=2023-11-04T15:47:16.215570+00:00
[2023-11-04T16:47:16.236+0100] {processor.py:179} INFO - Processing /Users/audioworkstation/Documents/WORKSPACE/LEARNING/Airflow-Training/.venv/lib/python3.10/site-packages/airflow/example_dags/example_latest_only_with_trigger.py took 0.219 seconds
[2023-11-04T16:50:10.753+0100] {processor.py:157} INFO - Started process (PID=4846) to work on /Users/audioworkstation/Documents/WORKSPACE/LEARNING/Airflow-Training/.venv/lib/python3.10/site-packages/airflow/example_dags/example_latest_only_with_trigger.py
[2023-11-04T16:50:10.757+0100] {processor.py:829} INFO - Processing file /Users/audioworkstation/Documents/WORKSPACE/LEARNING/Airflow-Training/.venv/lib/python3.10/site-packages/airflow/example_dags/example_latest_only_with_trigger.py for tasks to queue
[2023-11-04T16:50:10.758+0100] {logging_mixin.py:151} INFO - [2023-11-04T16:50:10.758+0100] {dagbag.py:539} INFO - Filling up the DagBag from /Users/audioworkstation/Documents/WORKSPACE/LEARNING/Airflow-Training/.venv/lib/python3.10/site-packages/airflow/example_dags/example_latest_only_with_trigger.py
[2023-11-04T16:50:10.790+0100] {processor.py:839} INFO - DAG(s) dict_keys(['latest_only_with_trigger']) retrieved from /Users/audioworkstation/Documents/WORKSPACE/LEARNING/Airflow-Training/.venv/lib/python3.10/site-packages/airflow/example_dags/example_latest_only_with_trigger.py
[2023-11-04T16:50:10.976+0100] {logging_mixin.py:151} INFO - [2023-11-04T16:50:10.976+0100] {dag.py:2915} INFO - Sync 1 DAGs
[2023-11-04T16:50:10.994+0100] {logging_mixin.py:151} INFO - [2023-11-04T16:50:10.994+0100] {dag.py:3696} INFO - Setting next_dagrun for latest_only_with_trigger to 2023-11-04T11:50:10.993900+00:00, run_after=2023-11-04T15:50:10.993900+00:00
[2023-11-04T16:50:11.018+0100] {processor.py:179} INFO - Processing /Users/audioworkstation/Documents/WORKSPACE/LEARNING/Airflow-Training/.venv/lib/python3.10/site-packages/airflow/example_dags/example_latest_only_with_trigger.py took 0.266 seconds
