[2023-11-04T16:42:19.624+0100] {processor.py:157} INFO - Started process (PID=3237) to work on /Users/audioworkstation/Documents/WORKSPACE/LEARNING/Airflow-Training/.venv/lib/python3.10/site-packages/airflow/example_dags/example_skip_dag.py
[2023-11-04T16:42:19.628+0100] {processor.py:829} INFO - Processing file /Users/audioworkstation/Documents/WORKSPACE/LEARNING/Airflow-Training/.venv/lib/python3.10/site-packages/airflow/example_dags/example_skip_dag.py for tasks to queue
[2023-11-04T16:42:19.629+0100] {logging_mixin.py:151} INFO - [2023-11-04T16:42:19.628+0100] {dagbag.py:539} INFO - Filling up the DagBag from /Users/audioworkstation/Documents/WORKSPACE/LEARNING/Airflow-Training/.venv/lib/python3.10/site-packages/airflow/example_dags/example_skip_dag.py
[2023-11-04T16:42:19.654+0100] {processor.py:839} INFO - DAG(s) dict_keys(['example_skip_dag']) retrieved from /Users/audioworkstation/Documents/WORKSPACE/LEARNING/Airflow-Training/.venv/lib/python3.10/site-packages/airflow/example_dags/example_skip_dag.py
[2023-11-04T16:42:19.815+0100] {logging_mixin.py:151} INFO - [2023-11-04T16:42:19.815+0100] {dag.py:2915} INFO - Sync 1 DAGs
[2023-11-04T16:42:19.829+0100] {logging_mixin.py:151} INFO - [2023-11-04T16:42:19.828+0100] {dag.py:3696} INFO - Setting next_dagrun for example_skip_dag to 2023-11-03T15:42:19.828869+00:00, run_after=2023-11-04T15:42:19.828869+00:00
[2023-11-04T16:42:19.852+0100] {processor.py:179} INFO - Processing /Users/audioworkstation/Documents/WORKSPACE/LEARNING/Airflow-Training/.venv/lib/python3.10/site-packages/airflow/example_dags/example_skip_dag.py took 0.229 seconds
[2023-11-04T16:44:05.181+0100] {processor.py:157} INFO - Started process (PID=3586) to work on /Users/audioworkstation/Documents/WORKSPACE/LEARNING/Airflow-Training/.venv/lib/python3.10/site-packages/airflow/example_dags/example_skip_dag.py
[2023-11-04T16:44:05.186+0100] {processor.py:829} INFO - Processing file /Users/audioworkstation/Documents/WORKSPACE/LEARNING/Airflow-Training/.venv/lib/python3.10/site-packages/airflow/example_dags/example_skip_dag.py for tasks to queue
[2023-11-04T16:44:05.186+0100] {logging_mixin.py:151} INFO - [2023-11-04T16:44:05.186+0100] {dagbag.py:539} INFO - Filling up the DagBag from /Users/audioworkstation/Documents/WORKSPACE/LEARNING/Airflow-Training/.venv/lib/python3.10/site-packages/airflow/example_dags/example_skip_dag.py
[2023-11-04T16:44:05.216+0100] {processor.py:839} INFO - DAG(s) dict_keys(['example_skip_dag']) retrieved from /Users/audioworkstation/Documents/WORKSPACE/LEARNING/Airflow-Training/.venv/lib/python3.10/site-packages/airflow/example_dags/example_skip_dag.py
[2023-11-04T16:44:05.402+0100] {logging_mixin.py:151} INFO - [2023-11-04T16:44:05.402+0100] {dag.py:2915} INFO - Sync 1 DAGs
[2023-11-04T16:44:05.420+0100] {logging_mixin.py:151} INFO - [2023-11-04T16:44:05.420+0100] {dag.py:3696} INFO - Setting next_dagrun for example_skip_dag to 2023-11-03T15:44:05.419897+00:00, run_after=2023-11-04T15:44:05.419897+00:00
[2023-11-04T16:44:05.446+0100] {processor.py:179} INFO - Processing /Users/audioworkstation/Documents/WORKSPACE/LEARNING/Airflow-Training/.venv/lib/python3.10/site-packages/airflow/example_dags/example_skip_dag.py took 0.265 seconds
[2023-11-04T16:45:19.268+0100] {processor.py:157} INFO - Started process (PID=3834) to work on /Users/audioworkstation/Documents/WORKSPACE/LEARNING/Airflow-Training/.venv/lib/python3.10/site-packages/airflow/example_dags/example_skip_dag.py
[2023-11-04T16:45:19.272+0100] {processor.py:829} INFO - Processing file /Users/audioworkstation/Documents/WORKSPACE/LEARNING/Airflow-Training/.venv/lib/python3.10/site-packages/airflow/example_dags/example_skip_dag.py for tasks to queue
[2023-11-04T16:45:19.272+0100] {logging_mixin.py:151} INFO - [2023-11-04T16:45:19.272+0100] {dagbag.py:539} INFO - Filling up the DagBag from /Users/audioworkstation/Documents/WORKSPACE/LEARNING/Airflow-Training/.venv/lib/python3.10/site-packages/airflow/example_dags/example_skip_dag.py
[2023-11-04T16:45:19.298+0100] {processor.py:839} INFO - DAG(s) dict_keys(['example_skip_dag']) retrieved from /Users/audioworkstation/Documents/WORKSPACE/LEARNING/Airflow-Training/.venv/lib/python3.10/site-packages/airflow/example_dags/example_skip_dag.py
[2023-11-04T16:45:19.449+0100] {logging_mixin.py:151} INFO - [2023-11-04T16:45:19.448+0100] {dag.py:2915} INFO - Sync 1 DAGs
[2023-11-04T16:45:19.463+0100] {logging_mixin.py:151} INFO - [2023-11-04T16:45:19.463+0100] {dag.py:3696} INFO - Setting next_dagrun for example_skip_dag to 2023-11-03T15:45:19.462892+00:00, run_after=2023-11-04T15:45:19.462892+00:00
[2023-11-04T16:45:19.484+0100] {processor.py:179} INFO - Processing /Users/audioworkstation/Documents/WORKSPACE/LEARNING/Airflow-Training/.venv/lib/python3.10/site-packages/airflow/example_dags/example_skip_dag.py took 0.217 seconds
[2023-11-04T16:46:43.718+0100] {processor.py:157} INFO - Started process (PID=4126) to work on /Users/audioworkstation/Documents/WORKSPACE/LEARNING/Airflow-Training/.venv/lib/python3.10/site-packages/airflow/example_dags/example_skip_dag.py
[2023-11-04T16:46:43.722+0100] {processor.py:829} INFO - Processing file /Users/audioworkstation/Documents/WORKSPACE/LEARNING/Airflow-Training/.venv/lib/python3.10/site-packages/airflow/example_dags/example_skip_dag.py for tasks to queue
[2023-11-04T16:46:43.722+0100] {logging_mixin.py:151} INFO - [2023-11-04T16:46:43.722+0100] {dagbag.py:539} INFO - Filling up the DagBag from /Users/audioworkstation/Documents/WORKSPACE/LEARNING/Airflow-Training/.venv/lib/python3.10/site-packages/airflow/example_dags/example_skip_dag.py
[2023-11-04T16:46:43.749+0100] {processor.py:839} INFO - DAG(s) dict_keys(['example_skip_dag']) retrieved from /Users/audioworkstation/Documents/WORKSPACE/LEARNING/Airflow-Training/.venv/lib/python3.10/site-packages/airflow/example_dags/example_skip_dag.py
[2023-11-04T16:46:43.919+0100] {logging_mixin.py:151} INFO - [2023-11-04T16:46:43.919+0100] {dag.py:2915} INFO - Sync 1 DAGs
[2023-11-04T16:46:43.935+0100] {logging_mixin.py:151} INFO - [2023-11-04T16:46:43.935+0100] {dag.py:3696} INFO - Setting next_dagrun for example_skip_dag to 2023-11-03T15:46:43.935548+00:00, run_after=2023-11-04T15:46:43.935548+00:00
[2023-11-04T16:46:43.951+0100] {processor.py:179} INFO - Processing /Users/audioworkstation/Documents/WORKSPACE/LEARNING/Airflow-Training/.venv/lib/python3.10/site-packages/airflow/example_dags/example_skip_dag.py took 0.233 seconds
[2023-11-04T16:48:00.857+0100] {processor.py:157} INFO - Started process (PID=4400) to work on /Users/audioworkstation/Documents/WORKSPACE/LEARNING/Airflow-Training/.venv/lib/python3.10/site-packages/airflow/example_dags/example_skip_dag.py
[2023-11-04T16:48:00.862+0100] {processor.py:829} INFO - Processing file /Users/audioworkstation/Documents/WORKSPACE/LEARNING/Airflow-Training/.venv/lib/python3.10/site-packages/airflow/example_dags/example_skip_dag.py for tasks to queue
[2023-11-04T16:48:00.862+0100] {logging_mixin.py:151} INFO - [2023-11-04T16:48:00.862+0100] {dagbag.py:539} INFO - Filling up the DagBag from /Users/audioworkstation/Documents/WORKSPACE/LEARNING/Airflow-Training/.venv/lib/python3.10/site-packages/airflow/example_dags/example_skip_dag.py
[2023-11-04T16:48:00.888+0100] {processor.py:839} INFO - DAG(s) dict_keys(['example_skip_dag']) retrieved from /Users/audioworkstation/Documents/WORKSPACE/LEARNING/Airflow-Training/.venv/lib/python3.10/site-packages/airflow/example_dags/example_skip_dag.py
[2023-11-04T16:48:01.050+0100] {logging_mixin.py:151} INFO - [2023-11-04T16:48:01.050+0100] {dag.py:2915} INFO - Sync 1 DAGs
[2023-11-04T16:48:01.065+0100] {logging_mixin.py:151} INFO - [2023-11-04T16:48:01.065+0100] {dag.py:3696} INFO - Setting next_dagrun for example_skip_dag to 2023-11-03T15:48:01.065623+00:00, run_after=2023-11-04T15:48:01.065623+00:00
[2023-11-04T16:48:01.088+0100] {processor.py:179} INFO - Processing /Users/audioworkstation/Documents/WORKSPACE/LEARNING/Airflow-Training/.venv/lib/python3.10/site-packages/airflow/example_dags/example_skip_dag.py took 0.231 seconds
[2023-11-04T16:49:27.096+0100] {processor.py:157} INFO - Started process (PID=4696) to work on /Users/audioworkstation/Documents/WORKSPACE/LEARNING/Airflow-Training/.venv/lib/python3.10/site-packages/airflow/example_dags/example_skip_dag.py
[2023-11-04T16:49:27.100+0100] {processor.py:829} INFO - Processing file /Users/audioworkstation/Documents/WORKSPACE/LEARNING/Airflow-Training/.venv/lib/python3.10/site-packages/airflow/example_dags/example_skip_dag.py for tasks to queue
[2023-11-04T16:49:27.101+0100] {logging_mixin.py:151} INFO - [2023-11-04T16:49:27.100+0100] {dagbag.py:539} INFO - Filling up the DagBag from /Users/audioworkstation/Documents/WORKSPACE/LEARNING/Airflow-Training/.venv/lib/python3.10/site-packages/airflow/example_dags/example_skip_dag.py
[2023-11-04T16:49:27.125+0100] {processor.py:839} INFO - DAG(s) dict_keys(['example_skip_dag']) retrieved from /Users/audioworkstation/Documents/WORKSPACE/LEARNING/Airflow-Training/.venv/lib/python3.10/site-packages/airflow/example_dags/example_skip_dag.py
[2023-11-04T16:49:27.311+0100] {logging_mixin.py:151} INFO - [2023-11-04T16:49:27.311+0100] {dag.py:2915} INFO - Sync 1 DAGs
[2023-11-04T16:49:27.329+0100] {logging_mixin.py:151} INFO - [2023-11-04T16:49:27.329+0100] {dag.py:3696} INFO - Setting next_dagrun for example_skip_dag to 2023-11-03T15:49:27.329520+00:00, run_after=2023-11-04T15:49:27.329520+00:00
[2023-11-04T16:49:27.354+0100] {processor.py:179} INFO - Processing /Users/audioworkstation/Documents/WORKSPACE/LEARNING/Airflow-Training/.venv/lib/python3.10/site-packages/airflow/example_dags/example_skip_dag.py took 0.259 seconds
[2023-11-04T16:50:59.746+0100] {processor.py:157} INFO - Started process (PID=5013) to work on /Users/audioworkstation/Documents/WORKSPACE/LEARNING/Airflow-Training/.venv/lib/python3.10/site-packages/airflow/example_dags/example_skip_dag.py
[2023-11-04T16:50:59.754+0100] {processor.py:829} INFO - Processing file /Users/audioworkstation/Documents/WORKSPACE/LEARNING/Airflow-Training/.venv/lib/python3.10/site-packages/airflow/example_dags/example_skip_dag.py for tasks to queue
[2023-11-04T16:50:59.755+0100] {logging_mixin.py:151} INFO - [2023-11-04T16:50:59.754+0100] {dagbag.py:539} INFO - Filling up the DagBag from /Users/audioworkstation/Documents/WORKSPACE/LEARNING/Airflow-Training/.venv/lib/python3.10/site-packages/airflow/example_dags/example_skip_dag.py
[2023-11-04T16:50:59.798+0100] {processor.py:839} INFO - DAG(s) dict_keys(['example_skip_dag']) retrieved from /Users/audioworkstation/Documents/WORKSPACE/LEARNING/Airflow-Training/.venv/lib/python3.10/site-packages/airflow/example_dags/example_skip_dag.py
[2023-11-04T16:51:00.068+0100] {logging_mixin.py:151} INFO - [2023-11-04T16:51:00.068+0100] {dag.py:2915} INFO - Sync 1 DAGs
[2023-11-04T16:51:00.091+0100] {logging_mixin.py:151} INFO - [2023-11-04T16:51:00.091+0100] {dag.py:3696} INFO - Setting next_dagrun for example_skip_dag to 2023-11-03T15:51:00.091263+00:00, run_after=2023-11-04T15:51:00.091263+00:00
[2023-11-04T16:51:00.111+0100] {processor.py:179} INFO - Processing /Users/audioworkstation/Documents/WORKSPACE/LEARNING/Airflow-Training/.venv/lib/python3.10/site-packages/airflow/example_dags/example_skip_dag.py took 0.365 seconds
[2023-11-04T16:52:17.352+0100] {processor.py:157} INFO - Started process (PID=5279) to work on /Users/audioworkstation/Documents/WORKSPACE/LEARNING/Airflow-Training/.venv/lib/python3.10/site-packages/airflow/example_dags/example_skip_dag.py
[2023-11-04T16:52:17.358+0100] {processor.py:829} INFO - Processing file /Users/audioworkstation/Documents/WORKSPACE/LEARNING/Airflow-Training/.venv/lib/python3.10/site-packages/airflow/example_dags/example_skip_dag.py for tasks to queue
[2023-11-04T16:52:17.358+0100] {logging_mixin.py:151} INFO - [2023-11-04T16:52:17.358+0100] {dagbag.py:539} INFO - Filling up the DagBag from /Users/audioworkstation/Documents/WORKSPACE/LEARNING/Airflow-Training/.venv/lib/python3.10/site-packages/airflow/example_dags/example_skip_dag.py
[2023-11-04T16:52:17.394+0100] {processor.py:839} INFO - DAG(s) dict_keys(['example_skip_dag']) retrieved from /Users/audioworkstation/Documents/WORKSPACE/LEARNING/Airflow-Training/.venv/lib/python3.10/site-packages/airflow/example_dags/example_skip_dag.py
[2023-11-04T16:52:17.599+0100] {logging_mixin.py:151} INFO - [2023-11-04T16:52:17.599+0100] {dag.py:2915} INFO - Sync 1 DAGs
[2023-11-04T16:52:17.618+0100] {logging_mixin.py:151} INFO - [2023-11-04T16:52:17.617+0100] {dag.py:3696} INFO - Setting next_dagrun for example_skip_dag to 2023-11-03T15:52:17.617674+00:00, run_after=2023-11-04T15:52:17.617674+00:00
[2023-11-04T16:52:17.644+0100] {processor.py:179} INFO - Processing /Users/audioworkstation/Documents/WORKSPACE/LEARNING/Airflow-Training/.venv/lib/python3.10/site-packages/airflow/example_dags/example_skip_dag.py took 0.294 seconds
