[2023-11-04T16:41:57.541+0100] {processor.py:157} INFO - Started process (PID=3154) to work on /Users/audioworkstation/Documents/WORKSPACE/LEARNING/Airflow-Training/.venv/lib/python3.10/site-packages/airflow/example_dags/example_xcomargs.py
[2023-11-04T16:41:57.546+0100] {processor.py:829} INFO - Processing file /Users/audioworkstation/Documents/WORKSPACE/LEARNING/Airflow-Training/.venv/lib/python3.10/site-packages/airflow/example_dags/example_xcomargs.py for tasks to queue
[2023-11-04T16:41:57.547+0100] {logging_mixin.py:151} INFO - [2023-11-04T16:41:57.547+0100] {dagbag.py:539} INFO - Filling up the DagBag from /Users/audioworkstation/Documents/WORKSPACE/LEARNING/Airflow-Training/.venv/lib/python3.10/site-packages/airflow/example_dags/example_xcomargs.py
[2023-11-04T16:41:57.607+0100] {processor.py:839} INFO - DAG(s) dict_keys(['example_xcom_args_with_operators', 'example_xcom_args']) retrieved from /Users/audioworkstation/Documents/WORKSPACE/LEARNING/Airflow-Training/.venv/lib/python3.10/site-packages/airflow/example_dags/example_xcomargs.py
[2023-11-04T16:41:57.778+0100] {logging_mixin.py:151} INFO - [2023-11-04T16:41:57.778+0100] {dag.py:2915} INFO - Sync 2 DAGs
[2023-11-04T16:41:57.787+0100] {logging_mixin.py:151} INFO - [2023-11-04T16:41:57.787+0100] {dag.py:3696} INFO - Setting next_dagrun for example_xcom_args to None, run_after=None
[2023-11-04T16:41:57.789+0100] {logging_mixin.py:151} INFO - [2023-11-04T16:41:57.789+0100] {dag.py:3696} INFO - Setting next_dagrun for example_xcom_args_with_operators to None, run_after=None
[2023-11-04T16:41:57.813+0100] {processor.py:179} INFO - Processing /Users/audioworkstation/Documents/WORKSPACE/LEARNING/Airflow-Training/.venv/lib/python3.10/site-packages/airflow/example_dags/example_xcomargs.py took 0.273 seconds
[2023-11-04T16:43:44.579+0100] {processor.py:157} INFO - Started process (PID=3520) to work on /Users/audioworkstation/Documents/WORKSPACE/LEARNING/Airflow-Training/.venv/lib/python3.10/site-packages/airflow/example_dags/example_xcomargs.py
[2023-11-04T16:43:44.584+0100] {processor.py:829} INFO - Processing file /Users/audioworkstation/Documents/WORKSPACE/LEARNING/Airflow-Training/.venv/lib/python3.10/site-packages/airflow/example_dags/example_xcomargs.py for tasks to queue
[2023-11-04T16:43:44.584+0100] {logging_mixin.py:151} INFO - [2023-11-04T16:43:44.584+0100] {dagbag.py:539} INFO - Filling up the DagBag from /Users/audioworkstation/Documents/WORKSPACE/LEARNING/Airflow-Training/.venv/lib/python3.10/site-packages/airflow/example_dags/example_xcomargs.py
[2023-11-04T16:43:44.637+0100] {processor.py:839} INFO - DAG(s) dict_keys(['example_xcom_args', 'example_xcom_args_with_operators']) retrieved from /Users/audioworkstation/Documents/WORKSPACE/LEARNING/Airflow-Training/.venv/lib/python3.10/site-packages/airflow/example_dags/example_xcomargs.py
[2023-11-04T16:43:44.796+0100] {logging_mixin.py:151} INFO - [2023-11-04T16:43:44.795+0100] {dag.py:2915} INFO - Sync 2 DAGs
[2023-11-04T16:43:44.804+0100] {logging_mixin.py:151} INFO - [2023-11-04T16:43:44.803+0100] {dag.py:3696} INFO - Setting next_dagrun for example_xcom_args to None, run_after=None
[2023-11-04T16:43:44.807+0100] {logging_mixin.py:151} INFO - [2023-11-04T16:43:44.807+0100] {dag.py:3696} INFO - Setting next_dagrun for example_xcom_args_with_operators to None, run_after=None
[2023-11-04T16:43:44.828+0100] {processor.py:179} INFO - Processing /Users/audioworkstation/Documents/WORKSPACE/LEARNING/Airflow-Training/.venv/lib/python3.10/site-packages/airflow/example_dags/example_xcomargs.py took 0.250 seconds
[2023-11-04T16:45:00.075+0100] {processor.py:157} INFO - Started process (PID=3768) to work on /Users/audioworkstation/Documents/WORKSPACE/LEARNING/Airflow-Training/.venv/lib/python3.10/site-packages/airflow/example_dags/example_xcomargs.py
[2023-11-04T16:45:00.079+0100] {processor.py:829} INFO - Processing file /Users/audioworkstation/Documents/WORKSPACE/LEARNING/Airflow-Training/.venv/lib/python3.10/site-packages/airflow/example_dags/example_xcomargs.py for tasks to queue
[2023-11-04T16:45:00.080+0100] {logging_mixin.py:151} INFO - [2023-11-04T16:45:00.080+0100] {dagbag.py:539} INFO - Filling up the DagBag from /Users/audioworkstation/Documents/WORKSPACE/LEARNING/Airflow-Training/.venv/lib/python3.10/site-packages/airflow/example_dags/example_xcomargs.py
[2023-11-04T16:45:00.138+0100] {processor.py:839} INFO - DAG(s) dict_keys(['example_xcom_args', 'example_xcom_args_with_operators']) retrieved from /Users/audioworkstation/Documents/WORKSPACE/LEARNING/Airflow-Training/.venv/lib/python3.10/site-packages/airflow/example_dags/example_xcomargs.py
[2023-11-04T16:45:00.290+0100] {logging_mixin.py:151} INFO - [2023-11-04T16:45:00.290+0100] {dag.py:2915} INFO - Sync 2 DAGs
[2023-11-04T16:45:00.299+0100] {logging_mixin.py:151} INFO - [2023-11-04T16:45:00.299+0100] {dag.py:3696} INFO - Setting next_dagrun for example_xcom_args to None, run_after=None
[2023-11-04T16:45:00.301+0100] {logging_mixin.py:151} INFO - [2023-11-04T16:45:00.301+0100] {dag.py:3696} INFO - Setting next_dagrun for example_xcom_args_with_operators to None, run_after=None
[2023-11-04T16:45:00.323+0100] {processor.py:179} INFO - Processing /Users/audioworkstation/Documents/WORKSPACE/LEARNING/Airflow-Training/.venv/lib/python3.10/site-packages/airflow/example_dags/example_xcomargs.py took 0.248 seconds
[2023-11-04T16:46:18.721+0100] {processor.py:157} INFO - Started process (PID=4040) to work on /Users/audioworkstation/Documents/WORKSPACE/LEARNING/Airflow-Training/.venv/lib/python3.10/site-packages/airflow/example_dags/example_xcomargs.py
[2023-11-04T16:46:18.726+0100] {processor.py:829} INFO - Processing file /Users/audioworkstation/Documents/WORKSPACE/LEARNING/Airflow-Training/.venv/lib/python3.10/site-packages/airflow/example_dags/example_xcomargs.py for tasks to queue
[2023-11-04T16:46:18.726+0100] {logging_mixin.py:151} INFO - [2023-11-04T16:46:18.726+0100] {dagbag.py:539} INFO - Filling up the DagBag from /Users/audioworkstation/Documents/WORKSPACE/LEARNING/Airflow-Training/.venv/lib/python3.10/site-packages/airflow/example_dags/example_xcomargs.py
[2023-11-04T16:46:18.786+0100] {processor.py:839} INFO - DAG(s) dict_keys(['example_xcom_args', 'example_xcom_args_with_operators']) retrieved from /Users/audioworkstation/Documents/WORKSPACE/LEARNING/Airflow-Training/.venv/lib/python3.10/site-packages/airflow/example_dags/example_xcomargs.py
[2023-11-04T16:46:18.957+0100] {logging_mixin.py:151} INFO - [2023-11-04T16:46:18.957+0100] {dag.py:2915} INFO - Sync 2 DAGs
[2023-11-04T16:46:18.966+0100] {logging_mixin.py:151} INFO - [2023-11-04T16:46:18.966+0100] {dag.py:3696} INFO - Setting next_dagrun for example_xcom_args to None, run_after=None
[2023-11-04T16:46:18.969+0100] {logging_mixin.py:151} INFO - [2023-11-04T16:46:18.969+0100] {dag.py:3696} INFO - Setting next_dagrun for example_xcom_args_with_operators to None, run_after=None
[2023-11-04T16:46:18.991+0100] {processor.py:179} INFO - Processing /Users/audioworkstation/Documents/WORKSPACE/LEARNING/Airflow-Training/.venv/lib/python3.10/site-packages/airflow/example_dags/example_xcomargs.py took 0.270 seconds
[2023-11-04T16:47:41.327+0100] {processor.py:157} INFO - Started process (PID=4347) to work on /Users/audioworkstation/Documents/WORKSPACE/LEARNING/Airflow-Training/.venv/lib/python3.10/site-packages/airflow/example_dags/example_xcomargs.py
[2023-11-04T16:47:41.332+0100] {processor.py:829} INFO - Processing file /Users/audioworkstation/Documents/WORKSPACE/LEARNING/Airflow-Training/.venv/lib/python3.10/site-packages/airflow/example_dags/example_xcomargs.py for tasks to queue
[2023-11-04T16:47:41.332+0100] {logging_mixin.py:151} INFO - [2023-11-04T16:47:41.332+0100] {dagbag.py:539} INFO - Filling up the DagBag from /Users/audioworkstation/Documents/WORKSPACE/LEARNING/Airflow-Training/.venv/lib/python3.10/site-packages/airflow/example_dags/example_xcomargs.py
[2023-11-04T16:47:41.383+0100] {processor.py:839} INFO - DAG(s) dict_keys(['example_xcom_args_with_operators', 'example_xcom_args']) retrieved from /Users/audioworkstation/Documents/WORKSPACE/LEARNING/Airflow-Training/.venv/lib/python3.10/site-packages/airflow/example_dags/example_xcomargs.py
[2023-11-04T16:47:41.543+0100] {logging_mixin.py:151} INFO - [2023-11-04T16:47:41.543+0100] {dag.py:2915} INFO - Sync 2 DAGs
[2023-11-04T16:47:41.552+0100] {logging_mixin.py:151} INFO - [2023-11-04T16:47:41.551+0100] {dag.py:3696} INFO - Setting next_dagrun for example_xcom_args to None, run_after=None
[2023-11-04T16:47:41.554+0100] {logging_mixin.py:151} INFO - [2023-11-04T16:47:41.554+0100] {dag.py:3696} INFO - Setting next_dagrun for example_xcom_args_with_operators to None, run_after=None
[2023-11-04T16:47:41.577+0100] {processor.py:179} INFO - Processing /Users/audioworkstation/Documents/WORKSPACE/LEARNING/Airflow-Training/.venv/lib/python3.10/site-packages/airflow/example_dags/example_xcomargs.py took 0.251 seconds
[2023-11-04T16:49:01.866+0100] {processor.py:157} INFO - Started process (PID=4614) to work on /Users/audioworkstation/Documents/WORKSPACE/LEARNING/Airflow-Training/.venv/lib/python3.10/site-packages/airflow/example_dags/example_xcomargs.py
[2023-11-04T16:49:01.871+0100] {processor.py:829} INFO - Processing file /Users/audioworkstation/Documents/WORKSPACE/LEARNING/Airflow-Training/.venv/lib/python3.10/site-packages/airflow/example_dags/example_xcomargs.py for tasks to queue
[2023-11-04T16:49:01.872+0100] {logging_mixin.py:151} INFO - [2023-11-04T16:49:01.871+0100] {dagbag.py:539} INFO - Filling up the DagBag from /Users/audioworkstation/Documents/WORKSPACE/LEARNING/Airflow-Training/.venv/lib/python3.10/site-packages/airflow/example_dags/example_xcomargs.py
[2023-11-04T16:49:01.935+0100] {processor.py:839} INFO - DAG(s) dict_keys(['example_xcom_args', 'example_xcom_args_with_operators']) retrieved from /Users/audioworkstation/Documents/WORKSPACE/LEARNING/Airflow-Training/.venv/lib/python3.10/site-packages/airflow/example_dags/example_xcomargs.py
[2023-11-04T16:49:02.121+0100] {logging_mixin.py:151} INFO - [2023-11-04T16:49:02.120+0100] {dag.py:2915} INFO - Sync 2 DAGs
[2023-11-04T16:49:02.130+0100] {logging_mixin.py:151} INFO - [2023-11-04T16:49:02.130+0100] {dag.py:3696} INFO - Setting next_dagrun for example_xcom_args to None, run_after=None
[2023-11-04T16:49:02.134+0100] {logging_mixin.py:151} INFO - [2023-11-04T16:49:02.134+0100] {dag.py:3696} INFO - Setting next_dagrun for example_xcom_args_with_operators to None, run_after=None
[2023-11-04T16:49:02.159+0100] {processor.py:179} INFO - Processing /Users/audioworkstation/Documents/WORKSPACE/LEARNING/Airflow-Training/.venv/lib/python3.10/site-packages/airflow/example_dags/example_xcomargs.py took 0.293 seconds
[2023-11-04T16:50:39.222+0100] {processor.py:157} INFO - Started process (PID=4945) to work on /Users/audioworkstation/Documents/WORKSPACE/LEARNING/Airflow-Training/.venv/lib/python3.10/site-packages/airflow/example_dags/example_xcomargs.py
[2023-11-04T16:50:39.227+0100] {processor.py:829} INFO - Processing file /Users/audioworkstation/Documents/WORKSPACE/LEARNING/Airflow-Training/.venv/lib/python3.10/site-packages/airflow/example_dags/example_xcomargs.py for tasks to queue
[2023-11-04T16:50:39.228+0100] {logging_mixin.py:151} INFO - [2023-11-04T16:50:39.228+0100] {dagbag.py:539} INFO - Filling up the DagBag from /Users/audioworkstation/Documents/WORKSPACE/LEARNING/Airflow-Training/.venv/lib/python3.10/site-packages/airflow/example_dags/example_xcomargs.py
[2023-11-04T16:50:39.286+0100] {processor.py:839} INFO - DAG(s) dict_keys(['example_xcom_args_with_operators', 'example_xcom_args']) retrieved from /Users/audioworkstation/Documents/WORKSPACE/LEARNING/Airflow-Training/.venv/lib/python3.10/site-packages/airflow/example_dags/example_xcomargs.py
[2023-11-04T16:50:39.452+0100] {logging_mixin.py:151} INFO - [2023-11-04T16:50:39.452+0100] {dag.py:2915} INFO - Sync 2 DAGs
[2023-11-04T16:50:39.461+0100] {logging_mixin.py:151} INFO - [2023-11-04T16:50:39.461+0100] {dag.py:3696} INFO - Setting next_dagrun for example_xcom_args to None, run_after=None
[2023-11-04T16:50:39.463+0100] {logging_mixin.py:151} INFO - [2023-11-04T16:50:39.463+0100] {dag.py:3696} INFO - Setting next_dagrun for example_xcom_args_with_operators to None, run_after=None
[2023-11-04T16:50:39.489+0100] {processor.py:179} INFO - Processing /Users/audioworkstation/Documents/WORKSPACE/LEARNING/Airflow-Training/.venv/lib/python3.10/site-packages/airflow/example_dags/example_xcomargs.py took 0.268 seconds
[2023-11-04T16:51:53.890+0100] {processor.py:157} INFO - Started process (PID=5195) to work on /Users/audioworkstation/Documents/WORKSPACE/LEARNING/Airflow-Training/.venv/lib/python3.10/site-packages/airflow/example_dags/example_xcomargs.py
[2023-11-04T16:51:53.894+0100] {processor.py:829} INFO - Processing file /Users/audioworkstation/Documents/WORKSPACE/LEARNING/Airflow-Training/.venv/lib/python3.10/site-packages/airflow/example_dags/example_xcomargs.py for tasks to queue
[2023-11-04T16:51:53.895+0100] {logging_mixin.py:151} INFO - [2023-11-04T16:51:53.894+0100] {dagbag.py:539} INFO - Filling up the DagBag from /Users/audioworkstation/Documents/WORKSPACE/LEARNING/Airflow-Training/.venv/lib/python3.10/site-packages/airflow/example_dags/example_xcomargs.py
[2023-11-04T16:51:53.944+0100] {processor.py:839} INFO - DAG(s) dict_keys(['example_xcom_args', 'example_xcom_args_with_operators']) retrieved from /Users/audioworkstation/Documents/WORKSPACE/LEARNING/Airflow-Training/.venv/lib/python3.10/site-packages/airflow/example_dags/example_xcomargs.py
[2023-11-04T16:51:54.097+0100] {logging_mixin.py:151} INFO - [2023-11-04T16:51:54.096+0100] {dag.py:2915} INFO - Sync 2 DAGs
[2023-11-04T16:51:54.104+0100] {logging_mixin.py:151} INFO - [2023-11-04T16:51:54.104+0100] {dag.py:3696} INFO - Setting next_dagrun for example_xcom_args to None, run_after=None
[2023-11-04T16:51:54.106+0100] {logging_mixin.py:151} INFO - [2023-11-04T16:51:54.106+0100] {dag.py:3696} INFO - Setting next_dagrun for example_xcom_args_with_operators to None, run_after=None
[2023-11-04T16:51:54.129+0100] {processor.py:179} INFO - Processing /Users/audioworkstation/Documents/WORKSPACE/LEARNING/Airflow-Training/.venv/lib/python3.10/site-packages/airflow/example_dags/example_xcomargs.py took 0.239 seconds
