[2023-11-04T16:42:43.769+0100] {processor.py:157} INFO - Started process (PID=3320) to work on /Users/audioworkstation/Documents/WORKSPACE/LEARNING/Airflow-Training/.venv/lib/python3.10/site-packages/airflow/example_dags/example_params_trigger_ui.py
[2023-11-04T16:42:43.773+0100] {processor.py:829} INFO - Processing file /Users/audioworkstation/Documents/WORKSPACE/LEARNING/Airflow-Training/.venv/lib/python3.10/site-packages/airflow/example_dags/example_params_trigger_ui.py for tasks to queue
[2023-11-04T16:42:43.773+0100] {logging_mixin.py:151} INFO - [2023-11-04T16:42:43.773+0100] {dagbag.py:539} INFO - Filling up the DagBag from /Users/audioworkstation/Documents/WORKSPACE/LEARNING/Airflow-Training/.venv/lib/python3.10/site-packages/airflow/example_dags/example_params_trigger_ui.py
[2023-11-04T16:42:43.864+0100] {processor.py:839} INFO - DAG(s) dict_keys(['example_params_trigger_ui']) retrieved from /Users/audioworkstation/Documents/WORKSPACE/LEARNING/Airflow-Training/.venv/lib/python3.10/site-packages/airflow/example_dags/example_params_trigger_ui.py
[2023-11-04T16:42:44.008+0100] {logging_mixin.py:151} INFO - [2023-11-04T16:42:44.008+0100] {dag.py:2915} INFO - Sync 1 DAGs
[2023-11-04T16:42:44.015+0100] {logging_mixin.py:151} INFO - [2023-11-04T16:42:44.015+0100] {dag.py:3696} INFO - Setting next_dagrun for example_params_trigger_ui to None, run_after=None
[2023-11-04T16:42:44.040+0100] {processor.py:179} INFO - Processing /Users/audioworkstation/Documents/WORKSPACE/LEARNING/Airflow-Training/.venv/lib/python3.10/site-packages/airflow/example_dags/example_params_trigger_ui.py took 0.272 seconds
[2023-11-04T16:44:29.754+0100] {processor.py:157} INFO - Started process (PID=3668) to work on /Users/audioworkstation/Documents/WORKSPACE/LEARNING/Airflow-Training/.venv/lib/python3.10/site-packages/airflow/example_dags/example_params_trigger_ui.py
[2023-11-04T16:44:29.758+0100] {processor.py:829} INFO - Processing file /Users/audioworkstation/Documents/WORKSPACE/LEARNING/Airflow-Training/.venv/lib/python3.10/site-packages/airflow/example_dags/example_params_trigger_ui.py for tasks to queue
[2023-11-04T16:44:29.759+0100] {logging_mixin.py:151} INFO - [2023-11-04T16:44:29.759+0100] {dagbag.py:539} INFO - Filling up the DagBag from /Users/audioworkstation/Documents/WORKSPACE/LEARNING/Airflow-Training/.venv/lib/python3.10/site-packages/airflow/example_dags/example_params_trigger_ui.py
[2023-11-04T16:44:29.860+0100] {processor.py:839} INFO - DAG(s) dict_keys(['example_params_trigger_ui']) retrieved from /Users/audioworkstation/Documents/WORKSPACE/LEARNING/Airflow-Training/.venv/lib/python3.10/site-packages/airflow/example_dags/example_params_trigger_ui.py
[2023-11-04T16:44:29.998+0100] {logging_mixin.py:151} INFO - [2023-11-04T16:44:29.998+0100] {dag.py:2915} INFO - Sync 1 DAGs
[2023-11-04T16:44:30.006+0100] {logging_mixin.py:151} INFO - [2023-11-04T16:44:30.006+0100] {dag.py:3696} INFO - Setting next_dagrun for example_params_trigger_ui to None, run_after=None
[2023-11-04T16:44:30.032+0100] {processor.py:179} INFO - Processing /Users/audioworkstation/Documents/WORKSPACE/LEARNING/Airflow-Training/.venv/lib/python3.10/site-packages/airflow/example_dags/example_params_trigger_ui.py took 0.278 seconds
[2023-11-04T16:47:08.728+0100] {processor.py:157} INFO - Started process (PID=4207) to work on /Users/audioworkstation/Documents/WORKSPACE/LEARNING/Airflow-Training/.venv/lib/python3.10/site-packages/airflow/example_dags/example_params_trigger_ui.py
[2023-11-04T16:47:08.732+0100] {processor.py:829} INFO - Processing file /Users/audioworkstation/Documents/WORKSPACE/LEARNING/Airflow-Training/.venv/lib/python3.10/site-packages/airflow/example_dags/example_params_trigger_ui.py for tasks to queue
[2023-11-04T16:47:08.733+0100] {logging_mixin.py:151} INFO - [2023-11-04T16:47:08.733+0100] {dagbag.py:539} INFO - Filling up the DagBag from /Users/audioworkstation/Documents/WORKSPACE/LEARNING/Airflow-Training/.venv/lib/python3.10/site-packages/airflow/example_dags/example_params_trigger_ui.py
[2023-11-04T16:47:08.822+0100] {processor.py:839} INFO - DAG(s) dict_keys(['example_params_trigger_ui']) retrieved from /Users/audioworkstation/Documents/WORKSPACE/LEARNING/Airflow-Training/.venv/lib/python3.10/site-packages/airflow/example_dags/example_params_trigger_ui.py
[2023-11-04T16:47:08.962+0100] {logging_mixin.py:151} INFO - [2023-11-04T16:47:08.962+0100] {dag.py:2915} INFO - Sync 1 DAGs
[2023-11-04T16:47:08.969+0100] {logging_mixin.py:151} INFO - [2023-11-04T16:47:08.969+0100] {dag.py:3696} INFO - Setting next_dagrun for example_params_trigger_ui to None, run_after=None
[2023-11-04T16:47:08.994+0100] {processor.py:179} INFO - Processing /Users/audioworkstation/Documents/WORKSPACE/LEARNING/Airflow-Training/.venv/lib/python3.10/site-packages/airflow/example_dags/example_params_trigger_ui.py took 0.267 seconds
[2023-11-04T16:50:04.268+0100] {processor.py:157} INFO - Started process (PID=4829) to work on /Users/audioworkstation/Documents/WORKSPACE/LEARNING/Airflow-Training/.venv/lib/python3.10/site-packages/airflow/example_dags/example_params_trigger_ui.py
[2023-11-04T16:50:04.272+0100] {processor.py:829} INFO - Processing file /Users/audioworkstation/Documents/WORKSPACE/LEARNING/Airflow-Training/.venv/lib/python3.10/site-packages/airflow/example_dags/example_params_trigger_ui.py for tasks to queue
[2023-11-04T16:50:04.272+0100] {logging_mixin.py:151} INFO - [2023-11-04T16:50:04.272+0100] {dagbag.py:539} INFO - Filling up the DagBag from /Users/audioworkstation/Documents/WORKSPACE/LEARNING/Airflow-Training/.venv/lib/python3.10/site-packages/airflow/example_dags/example_params_trigger_ui.py
[2023-11-04T16:50:04.358+0100] {processor.py:839} INFO - DAG(s) dict_keys(['example_params_trigger_ui']) retrieved from /Users/audioworkstation/Documents/WORKSPACE/LEARNING/Airflow-Training/.venv/lib/python3.10/site-packages/airflow/example_dags/example_params_trigger_ui.py
[2023-11-04T16:50:04.491+0100] {logging_mixin.py:151} INFO - [2023-11-04T16:50:04.491+0100] {dag.py:2915} INFO - Sync 1 DAGs
[2023-11-04T16:50:04.498+0100] {logging_mixin.py:151} INFO - [2023-11-04T16:50:04.498+0100] {dag.py:3696} INFO - Setting next_dagrun for example_params_trigger_ui to None, run_after=None
[2023-11-04T16:50:04.522+0100] {processor.py:179} INFO - Processing /Users/audioworkstation/Documents/WORKSPACE/LEARNING/Airflow-Training/.venv/lib/python3.10/site-packages/airflow/example_dags/example_params_trigger_ui.py took 0.255 seconds
