[2023-11-04T16:43:03.154+0100] {processor.py:157} INFO - Started process (PID=3387) to work on /Users/audioworkstation/Documents/WORKSPACE/LEARNING/Airflow-Training/.venv/lib/python3.10/site-packages/airflow/example_dags/example_datasets.py
[2023-11-04T16:43:03.158+0100] {processor.py:829} INFO - Processing file /Users/audioworkstation/Documents/WORKSPACE/LEARNING/Airflow-Training/.venv/lib/python3.10/site-packages/airflow/example_dags/example_datasets.py for tasks to queue
[2023-11-04T16:43:03.158+0100] {logging_mixin.py:151} INFO - [2023-11-04T16:43:03.158+0100] {dagbag.py:539} INFO - Filling up the DagBag from /Users/audioworkstation/Documents/WORKSPACE/LEARNING/Airflow-Training/.venv/lib/python3.10/site-packages/airflow/example_dags/example_datasets.py
[2023-11-04T16:43:03.186+0100] {processor.py:839} INFO - DAG(s) dict_keys(['dataset_consumes_1', 'dataset_consumes_unknown_never_scheduled', 'dataset_produces_2', 'dataset_produces_1', 'dataset_consumes_1_never_scheduled', 'dataset_consumes_1_and_2']) retrieved from /Users/audioworkstation/Documents/WORKSPACE/LEARNING/Airflow-Training/.venv/lib/python3.10/site-packages/airflow/example_dags/example_datasets.py
[2023-11-04T16:43:03.350+0100] {logging_mixin.py:151} INFO - [2023-11-04T16:43:03.350+0100] {dag.py:2915} INFO - Sync 6 DAGs
[2023-11-04T16:43:03.365+0100] {logging_mixin.py:151} INFO - [2023-11-04T16:43:03.364+0100] {dag.py:3696} INFO - Setting next_dagrun for dataset_consumes_1 to None, run_after=None
[2023-11-04T16:43:03.367+0100] {logging_mixin.py:151} INFO - [2023-11-04T16:43:03.367+0100] {dag.py:3696} INFO - Setting next_dagrun for dataset_consumes_1_and_2 to None, run_after=None
[2023-11-04T16:43:03.368+0100] {logging_mixin.py:151} INFO - [2023-11-04T16:43:03.367+0100] {dag.py:3696} INFO - Setting next_dagrun for dataset_consumes_1_never_scheduled to None, run_after=None
[2023-11-04T16:43:03.368+0100] {logging_mixin.py:151} INFO - [2023-11-04T16:43:03.368+0100] {dag.py:3696} INFO - Setting next_dagrun for dataset_consumes_unknown_never_scheduled to None, run_after=None
[2023-11-04T16:43:03.370+0100] {logging_mixin.py:151} INFO - [2023-11-04T16:43:03.370+0100] {dag.py:3696} INFO - Setting next_dagrun for dataset_produces_1 to 2023-11-03T00:00:00+00:00, run_after=2023-11-04T00:00:00+00:00
[2023-11-04T16:43:03.371+0100] {logging_mixin.py:151} INFO - [2023-11-04T16:43:03.371+0100] {dag.py:3696} INFO - Setting next_dagrun for dataset_produces_2 to None, run_after=None
[2023-11-04T16:43:03.405+0100] {processor.py:179} INFO - Processing /Users/audioworkstation/Documents/WORKSPACE/LEARNING/Airflow-Training/.venv/lib/python3.10/site-packages/airflow/example_dags/example_datasets.py took 0.251 seconds
[2023-11-04T16:45:32.142+0100] {processor.py:157} INFO - Started process (PID=3883) to work on /Users/audioworkstation/Documents/WORKSPACE/LEARNING/Airflow-Training/.venv/lib/python3.10/site-packages/airflow/example_dags/example_datasets.py
[2023-11-04T16:45:32.146+0100] {processor.py:829} INFO - Processing file /Users/audioworkstation/Documents/WORKSPACE/LEARNING/Airflow-Training/.venv/lib/python3.10/site-packages/airflow/example_dags/example_datasets.py for tasks to queue
[2023-11-04T16:45:32.146+0100] {logging_mixin.py:151} INFO - [2023-11-04T16:45:32.146+0100] {dagbag.py:539} INFO - Filling up the DagBag from /Users/audioworkstation/Documents/WORKSPACE/LEARNING/Airflow-Training/.venv/lib/python3.10/site-packages/airflow/example_dags/example_datasets.py
[2023-11-04T16:45:32.174+0100] {processor.py:839} INFO - DAG(s) dict_keys(['dataset_consumes_unknown_never_scheduled', 'dataset_consumes_1', 'dataset_consumes_1_and_2', 'dataset_produces_1', 'dataset_consumes_1_never_scheduled', 'dataset_produces_2']) retrieved from /Users/audioworkstation/Documents/WORKSPACE/LEARNING/Airflow-Training/.venv/lib/python3.10/site-packages/airflow/example_dags/example_datasets.py
[2023-11-04T16:45:32.339+0100] {logging_mixin.py:151} INFO - [2023-11-04T16:45:32.338+0100] {dag.py:2915} INFO - Sync 6 DAGs
[2023-11-04T16:45:32.356+0100] {logging_mixin.py:151} INFO - [2023-11-04T16:45:32.356+0100] {dag.py:3696} INFO - Setting next_dagrun for dataset_consumes_1 to None, run_after=None
[2023-11-04T16:45:32.359+0100] {logging_mixin.py:151} INFO - [2023-11-04T16:45:32.359+0100] {dag.py:3696} INFO - Setting next_dagrun for dataset_consumes_1_and_2 to None, run_after=None
[2023-11-04T16:45:32.360+0100] {logging_mixin.py:151} INFO - [2023-11-04T16:45:32.360+0100] {dag.py:3696} INFO - Setting next_dagrun for dataset_consumes_1_never_scheduled to None, run_after=None
[2023-11-04T16:45:32.361+0100] {logging_mixin.py:151} INFO - [2023-11-04T16:45:32.361+0100] {dag.py:3696} INFO - Setting next_dagrun for dataset_consumes_unknown_never_scheduled to None, run_after=None
[2023-11-04T16:45:32.364+0100] {logging_mixin.py:151} INFO - [2023-11-04T16:45:32.364+0100] {dag.py:3696} INFO - Setting next_dagrun for dataset_produces_1 to 2023-11-03T00:00:00+00:00, run_after=2023-11-04T00:00:00+00:00
[2023-11-04T16:45:32.365+0100] {logging_mixin.py:151} INFO - [2023-11-04T16:45:32.364+0100] {dag.py:3696} INFO - Setting next_dagrun for dataset_produces_2 to None, run_after=None
[2023-11-04T16:45:32.395+0100] {processor.py:179} INFO - Processing /Users/audioworkstation/Documents/WORKSPACE/LEARNING/Airflow-Training/.venv/lib/python3.10/site-packages/airflow/example_dags/example_datasets.py took 0.254 seconds
[2023-11-04T16:48:13.960+0100] {processor.py:157} INFO - Started process (PID=4448) to work on /Users/audioworkstation/Documents/WORKSPACE/LEARNING/Airflow-Training/.venv/lib/python3.10/site-packages/airflow/example_dags/example_datasets.py
[2023-11-04T16:48:13.965+0100] {processor.py:829} INFO - Processing file /Users/audioworkstation/Documents/WORKSPACE/LEARNING/Airflow-Training/.venv/lib/python3.10/site-packages/airflow/example_dags/example_datasets.py for tasks to queue
[2023-11-04T16:48:13.966+0100] {logging_mixin.py:151} INFO - [2023-11-04T16:48:13.966+0100] {dagbag.py:539} INFO - Filling up the DagBag from /Users/audioworkstation/Documents/WORKSPACE/LEARNING/Airflow-Training/.venv/lib/python3.10/site-packages/airflow/example_dags/example_datasets.py
[2023-11-04T16:48:14.004+0100] {processor.py:839} INFO - DAG(s) dict_keys(['dataset_produces_2', 'dataset_consumes_1_never_scheduled', 'dataset_consumes_1_and_2', 'dataset_consumes_1', 'dataset_consumes_unknown_never_scheduled', 'dataset_produces_1']) retrieved from /Users/audioworkstation/Documents/WORKSPACE/LEARNING/Airflow-Training/.venv/lib/python3.10/site-packages/airflow/example_dags/example_datasets.py
[2023-11-04T16:48:14.230+0100] {logging_mixin.py:151} INFO - [2023-11-04T16:48:14.229+0100] {dag.py:2915} INFO - Sync 6 DAGs
[2023-11-04T16:48:14.281+0100] {logging_mixin.py:151} INFO - [2023-11-04T16:48:14.281+0100] {dag.py:3696} INFO - Setting next_dagrun for dataset_consumes_1 to None, run_after=None
[2023-11-04T16:48:14.293+0100] {logging_mixin.py:151} INFO - [2023-11-04T16:48:14.293+0100] {dag.py:3696} INFO - Setting next_dagrun for dataset_consumes_1_and_2 to None, run_after=None
[2023-11-04T16:48:14.296+0100] {logging_mixin.py:151} INFO - [2023-11-04T16:48:14.296+0100] {dag.py:3696} INFO - Setting next_dagrun for dataset_consumes_1_never_scheduled to None, run_after=None
[2023-11-04T16:48:14.300+0100] {logging_mixin.py:151} INFO - [2023-11-04T16:48:14.299+0100] {dag.py:3696} INFO - Setting next_dagrun for dataset_consumes_unknown_never_scheduled to None, run_after=None
[2023-11-04T16:48:14.307+0100] {logging_mixin.py:151} INFO - [2023-11-04T16:48:14.305+0100] {dag.py:3696} INFO - Setting next_dagrun for dataset_produces_1 to 2023-11-03T00:00:00+00:00, run_after=2023-11-04T00:00:00+00:00
[2023-11-04T16:48:14.312+0100] {logging_mixin.py:151} INFO - [2023-11-04T16:48:14.311+0100] {dag.py:3696} INFO - Setting next_dagrun for dataset_produces_2 to None, run_after=None
[2023-11-04T16:48:14.366+0100] {processor.py:179} INFO - Processing /Users/audioworkstation/Documents/WORKSPACE/LEARNING/Airflow-Training/.venv/lib/python3.10/site-packages/airflow/example_dags/example_datasets.py took 0.407 seconds
[2023-11-04T16:51:11.335+0100] {processor.py:157} INFO - Started process (PID=5061) to work on /Users/audioworkstation/Documents/WORKSPACE/LEARNING/Airflow-Training/.venv/lib/python3.10/site-packages/airflow/example_dags/example_datasets.py
[2023-11-04T16:51:11.339+0100] {processor.py:829} INFO - Processing file /Users/audioworkstation/Documents/WORKSPACE/LEARNING/Airflow-Training/.venv/lib/python3.10/site-packages/airflow/example_dags/example_datasets.py for tasks to queue
[2023-11-04T16:51:11.340+0100] {logging_mixin.py:151} INFO - [2023-11-04T16:51:11.339+0100] {dagbag.py:539} INFO - Filling up the DagBag from /Users/audioworkstation/Documents/WORKSPACE/LEARNING/Airflow-Training/.venv/lib/python3.10/site-packages/airflow/example_dags/example_datasets.py
[2023-11-04T16:51:11.372+0100] {processor.py:839} INFO - DAG(s) dict_keys(['dataset_produces_2', 'dataset_consumes_1', 'dataset_consumes_unknown_never_scheduled', 'dataset_produces_1', 'dataset_consumes_1_and_2', 'dataset_consumes_1_never_scheduled']) retrieved from /Users/audioworkstation/Documents/WORKSPACE/LEARNING/Airflow-Training/.venv/lib/python3.10/site-packages/airflow/example_dags/example_datasets.py
[2023-11-04T16:51:11.557+0100] {logging_mixin.py:151} INFO - [2023-11-04T16:51:11.557+0100] {dag.py:2915} INFO - Sync 6 DAGs
[2023-11-04T16:51:11.574+0100] {logging_mixin.py:151} INFO - [2023-11-04T16:51:11.574+0100] {dag.py:3696} INFO - Setting next_dagrun for dataset_consumes_1 to None, run_after=None
[2023-11-04T16:51:11.577+0100] {logging_mixin.py:151} INFO - [2023-11-04T16:51:11.577+0100] {dag.py:3696} INFO - Setting next_dagrun for dataset_consumes_1_and_2 to None, run_after=None
[2023-11-04T16:51:11.578+0100] {logging_mixin.py:151} INFO - [2023-11-04T16:51:11.577+0100] {dag.py:3696} INFO - Setting next_dagrun for dataset_consumes_1_never_scheduled to None, run_after=None
[2023-11-04T16:51:11.578+0100] {logging_mixin.py:151} INFO - [2023-11-04T16:51:11.578+0100] {dag.py:3696} INFO - Setting next_dagrun for dataset_consumes_unknown_never_scheduled to None, run_after=None
[2023-11-04T16:51:11.581+0100] {logging_mixin.py:151} INFO - [2023-11-04T16:51:11.580+0100] {dag.py:3696} INFO - Setting next_dagrun for dataset_produces_1 to 2023-11-03T00:00:00+00:00, run_after=2023-11-04T00:00:00+00:00
[2023-11-04T16:51:11.581+0100] {logging_mixin.py:151} INFO - [2023-11-04T16:51:11.581+0100] {dag.py:3696} INFO - Setting next_dagrun for dataset_produces_2 to None, run_after=None
[2023-11-04T16:51:11.614+0100] {processor.py:179} INFO - Processing /Users/audioworkstation/Documents/WORKSPACE/LEARNING/Airflow-Training/.venv/lib/python3.10/site-packages/airflow/example_dags/example_datasets.py took 0.281 seconds
