[2023-11-04T16:42:10.075+0100] {processor.py:157} INFO - Started process (PID=3204) to work on /Users/audioworkstation/Documents/WORKSPACE/LEARNING/Airflow-Training/.venv/lib/python3.10/site-packages/airflow/example_dags/example_task_group_decorator.py
[2023-11-04T16:42:10.080+0100] {processor.py:829} INFO - Processing file /Users/audioworkstation/Documents/WORKSPACE/LEARNING/Airflow-Training/.venv/lib/python3.10/site-packages/airflow/example_dags/example_task_group_decorator.py for tasks to queue
[2023-11-04T16:42:10.080+0100] {logging_mixin.py:151} INFO - [2023-11-04T16:42:10.080+0100] {dagbag.py:539} INFO - Filling up the DagBag from /Users/audioworkstation/Documents/WORKSPACE/LEARNING/Airflow-Training/.venv/lib/python3.10/site-packages/airflow/example_dags/example_task_group_decorator.py
[2023-11-04T16:42:10.142+0100] {processor.py:839} INFO - DAG(s) dict_keys(['example_task_group_decorator']) retrieved from /Users/audioworkstation/Documents/WORKSPACE/LEARNING/Airflow-Training/.venv/lib/python3.10/site-packages/airflow/example_dags/example_task_group_decorator.py
[2023-11-04T16:42:10.335+0100] {logging_mixin.py:151} INFO - [2023-11-04T16:42:10.335+0100] {dag.py:2915} INFO - Sync 1 DAGs
[2023-11-04T16:42:10.362+0100] {logging_mixin.py:151} INFO - [2023-11-04T16:42:10.361+0100] {dag.py:3696} INFO - Setting next_dagrun for example_task_group_decorator to 2023-11-03T15:42:10.361529+00:00, run_after=2023-11-04T15:42:10.361529+00:00
[2023-11-04T16:42:10.399+0100] {processor.py:179} INFO - Processing /Users/audioworkstation/Documents/WORKSPACE/LEARNING/Airflow-Training/.venv/lib/python3.10/site-packages/airflow/example_dags/example_task_group_decorator.py took 0.325 seconds
[2023-11-04T16:43:56.071+0100] {processor.py:157} INFO - Started process (PID=3567) to work on /Users/audioworkstation/Documents/WORKSPACE/LEARNING/Airflow-Training/.venv/lib/python3.10/site-packages/airflow/example_dags/example_task_group_decorator.py
[2023-11-04T16:43:56.075+0100] {processor.py:829} INFO - Processing file /Users/audioworkstation/Documents/WORKSPACE/LEARNING/Airflow-Training/.venv/lib/python3.10/site-packages/airflow/example_dags/example_task_group_decorator.py for tasks to queue
[2023-11-04T16:43:56.076+0100] {logging_mixin.py:151} INFO - [2023-11-04T16:43:56.076+0100] {dagbag.py:539} INFO - Filling up the DagBag from /Users/audioworkstation/Documents/WORKSPACE/LEARNING/Airflow-Training/.venv/lib/python3.10/site-packages/airflow/example_dags/example_task_group_decorator.py
[2023-11-04T16:43:56.134+0100] {processor.py:839} INFO - DAG(s) dict_keys(['example_task_group_decorator']) retrieved from /Users/audioworkstation/Documents/WORKSPACE/LEARNING/Airflow-Training/.venv/lib/python3.10/site-packages/airflow/example_dags/example_task_group_decorator.py
[2023-11-04T16:43:56.292+0100] {logging_mixin.py:151} INFO - [2023-11-04T16:43:56.291+0100] {dag.py:2915} INFO - Sync 1 DAGs
[2023-11-04T16:43:56.308+0100] {logging_mixin.py:151} INFO - [2023-11-04T16:43:56.308+0100] {dag.py:3696} INFO - Setting next_dagrun for example_task_group_decorator to 2023-11-03T15:43:56.307995+00:00, run_after=2023-11-04T15:43:56.307995+00:00
[2023-11-04T16:43:56.334+0100] {processor.py:179} INFO - Processing /Users/audioworkstation/Documents/WORKSPACE/LEARNING/Airflow-Training/.venv/lib/python3.10/site-packages/airflow/example_dags/example_task_group_decorator.py took 0.264 seconds
[2023-11-04T16:45:10.394+0100] {processor.py:157} INFO - Started process (PID=3801) to work on /Users/audioworkstation/Documents/WORKSPACE/LEARNING/Airflow-Training/.venv/lib/python3.10/site-packages/airflow/example_dags/example_task_group_decorator.py
[2023-11-04T16:45:10.399+0100] {processor.py:829} INFO - Processing file /Users/audioworkstation/Documents/WORKSPACE/LEARNING/Airflow-Training/.venv/lib/python3.10/site-packages/airflow/example_dags/example_task_group_decorator.py for tasks to queue
[2023-11-04T16:45:10.399+0100] {logging_mixin.py:151} INFO - [2023-11-04T16:45:10.399+0100] {dagbag.py:539} INFO - Filling up the DagBag from /Users/audioworkstation/Documents/WORKSPACE/LEARNING/Airflow-Training/.venv/lib/python3.10/site-packages/airflow/example_dags/example_task_group_decorator.py
[2023-11-04T16:45:10.462+0100] {processor.py:839} INFO - DAG(s) dict_keys(['example_task_group_decorator']) retrieved from /Users/audioworkstation/Documents/WORKSPACE/LEARNING/Airflow-Training/.venv/lib/python3.10/site-packages/airflow/example_dags/example_task_group_decorator.py
[2023-11-04T16:45:10.637+0100] {logging_mixin.py:151} INFO - [2023-11-04T16:45:10.637+0100] {dag.py:2915} INFO - Sync 1 DAGs
[2023-11-04T16:45:10.653+0100] {logging_mixin.py:151} INFO - [2023-11-04T16:45:10.652+0100] {dag.py:3696} INFO - Setting next_dagrun for example_task_group_decorator to 2023-11-03T15:45:10.652855+00:00, run_after=2023-11-04T15:45:10.652855+00:00
[2023-11-04T16:45:10.678+0100] {processor.py:179} INFO - Processing /Users/audioworkstation/Documents/WORKSPACE/LEARNING/Airflow-Training/.venv/lib/python3.10/site-packages/airflow/example_dags/example_task_group_decorator.py took 0.285 seconds
[2023-11-04T16:46:34.911+0100] {processor.py:157} INFO - Started process (PID=4092) to work on /Users/audioworkstation/Documents/WORKSPACE/LEARNING/Airflow-Training/.venv/lib/python3.10/site-packages/airflow/example_dags/example_task_group_decorator.py
[2023-11-04T16:46:34.916+0100] {processor.py:829} INFO - Processing file /Users/audioworkstation/Documents/WORKSPACE/LEARNING/Airflow-Training/.venv/lib/python3.10/site-packages/airflow/example_dags/example_task_group_decorator.py for tasks to queue
[2023-11-04T16:46:34.917+0100] {logging_mixin.py:151} INFO - [2023-11-04T16:46:34.916+0100] {dagbag.py:539} INFO - Filling up the DagBag from /Users/audioworkstation/Documents/WORKSPACE/LEARNING/Airflow-Training/.venv/lib/python3.10/site-packages/airflow/example_dags/example_task_group_decorator.py
[2023-11-04T16:46:34.987+0100] {processor.py:839} INFO - DAG(s) dict_keys(['example_task_group_decorator']) retrieved from /Users/audioworkstation/Documents/WORKSPACE/LEARNING/Airflow-Training/.venv/lib/python3.10/site-packages/airflow/example_dags/example_task_group_decorator.py
[2023-11-04T16:46:35.240+0100] {logging_mixin.py:151} INFO - [2023-11-04T16:46:35.240+0100] {dag.py:2915} INFO - Sync 1 DAGs
[2023-11-04T16:46:35.259+0100] {logging_mixin.py:151} INFO - [2023-11-04T16:46:35.259+0100] {dag.py:3696} INFO - Setting next_dagrun for example_task_group_decorator to 2023-11-03T15:46:35.259273+00:00, run_after=2023-11-04T15:46:35.259273+00:00
[2023-11-04T16:46:35.288+0100] {processor.py:179} INFO - Processing /Users/audioworkstation/Documents/WORKSPACE/LEARNING/Airflow-Training/.venv/lib/python3.10/site-packages/airflow/example_dags/example_task_group_decorator.py took 0.377 seconds
[2023-11-04T16:47:51.858+0100] {processor.py:157} INFO - Started process (PID=4381) to work on /Users/audioworkstation/Documents/WORKSPACE/LEARNING/Airflow-Training/.venv/lib/python3.10/site-packages/airflow/example_dags/example_task_group_decorator.py
[2023-11-04T16:47:51.862+0100] {processor.py:829} INFO - Processing file /Users/audioworkstation/Documents/WORKSPACE/LEARNING/Airflow-Training/.venv/lib/python3.10/site-packages/airflow/example_dags/example_task_group_decorator.py for tasks to queue
[2023-11-04T16:47:51.862+0100] {logging_mixin.py:151} INFO - [2023-11-04T16:47:51.862+0100] {dagbag.py:539} INFO - Filling up the DagBag from /Users/audioworkstation/Documents/WORKSPACE/LEARNING/Airflow-Training/.venv/lib/python3.10/site-packages/airflow/example_dags/example_task_group_decorator.py
[2023-11-04T16:47:51.914+0100] {processor.py:839} INFO - DAG(s) dict_keys(['example_task_group_decorator']) retrieved from /Users/audioworkstation/Documents/WORKSPACE/LEARNING/Airflow-Training/.venv/lib/python3.10/site-packages/airflow/example_dags/example_task_group_decorator.py
[2023-11-04T16:47:52.065+0100] {logging_mixin.py:151} INFO - [2023-11-04T16:47:52.064+0100] {dag.py:2915} INFO - Sync 1 DAGs
[2023-11-04T16:47:52.078+0100] {logging_mixin.py:151} INFO - [2023-11-04T16:47:52.078+0100] {dag.py:3696} INFO - Setting next_dagrun for example_task_group_decorator to 2023-11-03T15:47:52.077876+00:00, run_after=2023-11-04T15:47:52.077876+00:00
[2023-11-04T16:47:52.102+0100] {processor.py:179} INFO - Processing /Users/audioworkstation/Documents/WORKSPACE/LEARNING/Airflow-Training/.venv/lib/python3.10/site-packages/airflow/example_dags/example_task_group_decorator.py took 0.244 seconds
[2023-11-04T16:49:16.900+0100] {processor.py:157} INFO - Started process (PID=4664) to work on /Users/audioworkstation/Documents/WORKSPACE/LEARNING/Airflow-Training/.venv/lib/python3.10/site-packages/airflow/example_dags/example_task_group_decorator.py
[2023-11-04T16:49:16.904+0100] {processor.py:829} INFO - Processing file /Users/audioworkstation/Documents/WORKSPACE/LEARNING/Airflow-Training/.venv/lib/python3.10/site-packages/airflow/example_dags/example_task_group_decorator.py for tasks to queue
[2023-11-04T16:49:16.905+0100] {logging_mixin.py:151} INFO - [2023-11-04T16:49:16.904+0100] {dagbag.py:539} INFO - Filling up the DagBag from /Users/audioworkstation/Documents/WORKSPACE/LEARNING/Airflow-Training/.venv/lib/python3.10/site-packages/airflow/example_dags/example_task_group_decorator.py
[2023-11-04T16:49:16.966+0100] {processor.py:839} INFO - DAG(s) dict_keys(['example_task_group_decorator']) retrieved from /Users/audioworkstation/Documents/WORKSPACE/LEARNING/Airflow-Training/.venv/lib/python3.10/site-packages/airflow/example_dags/example_task_group_decorator.py
[2023-11-04T16:49:17.129+0100] {logging_mixin.py:151} INFO - [2023-11-04T16:49:17.129+0100] {dag.py:2915} INFO - Sync 1 DAGs
[2023-11-04T16:49:17.143+0100] {logging_mixin.py:151} INFO - [2023-11-04T16:49:17.143+0100] {dag.py:3696} INFO - Setting next_dagrun for example_task_group_decorator to 2023-11-03T15:49:17.143281+00:00, run_after=2023-11-04T15:49:17.143281+00:00
[2023-11-04T16:49:17.167+0100] {processor.py:179} INFO - Processing /Users/audioworkstation/Documents/WORKSPACE/LEARNING/Airflow-Training/.venv/lib/python3.10/site-packages/airflow/example_dags/example_task_group_decorator.py took 0.268 seconds
[2023-11-04T16:50:50.863+0100] {processor.py:157} INFO - Started process (PID=4981) to work on /Users/audioworkstation/Documents/WORKSPACE/LEARNING/Airflow-Training/.venv/lib/python3.10/site-packages/airflow/example_dags/example_task_group_decorator.py
[2023-11-04T16:50:50.870+0100] {processor.py:829} INFO - Processing file /Users/audioworkstation/Documents/WORKSPACE/LEARNING/Airflow-Training/.venv/lib/python3.10/site-packages/airflow/example_dags/example_task_group_decorator.py for tasks to queue
[2023-11-04T16:50:50.871+0100] {logging_mixin.py:151} INFO - [2023-11-04T16:50:50.870+0100] {dagbag.py:539} INFO - Filling up the DagBag from /Users/audioworkstation/Documents/WORKSPACE/LEARNING/Airflow-Training/.venv/lib/python3.10/site-packages/airflow/example_dags/example_task_group_decorator.py
[2023-11-04T16:50:50.947+0100] {processor.py:839} INFO - DAG(s) dict_keys(['example_task_group_decorator']) retrieved from /Users/audioworkstation/Documents/WORKSPACE/LEARNING/Airflow-Training/.venv/lib/python3.10/site-packages/airflow/example_dags/example_task_group_decorator.py
[2023-11-04T16:50:51.163+0100] {logging_mixin.py:151} INFO - [2023-11-04T16:50:51.162+0100] {dag.py:2915} INFO - Sync 1 DAGs
[2023-11-04T16:50:51.185+0100] {logging_mixin.py:151} INFO - [2023-11-04T16:50:51.185+0100] {dag.py:3696} INFO - Setting next_dagrun for example_task_group_decorator to 2023-11-03T15:50:51.185155+00:00, run_after=2023-11-04T15:50:51.185155+00:00
[2023-11-04T16:50:51.215+0100] {processor.py:179} INFO - Processing /Users/audioworkstation/Documents/WORKSPACE/LEARNING/Airflow-Training/.venv/lib/python3.10/site-packages/airflow/example_dags/example_task_group_decorator.py took 0.352 seconds
[2023-11-04T16:52:05.799+0100] {processor.py:157} INFO - Started process (PID=5231) to work on /Users/audioworkstation/Documents/WORKSPACE/LEARNING/Airflow-Training/.venv/lib/python3.10/site-packages/airflow/example_dags/example_task_group_decorator.py
[2023-11-04T16:52:05.805+0100] {processor.py:829} INFO - Processing file /Users/audioworkstation/Documents/WORKSPACE/LEARNING/Airflow-Training/.venv/lib/python3.10/site-packages/airflow/example_dags/example_task_group_decorator.py for tasks to queue
[2023-11-04T16:52:05.805+0100] {logging_mixin.py:151} INFO - [2023-11-04T16:52:05.805+0100] {dagbag.py:539} INFO - Filling up the DagBag from /Users/audioworkstation/Documents/WORKSPACE/LEARNING/Airflow-Training/.venv/lib/python3.10/site-packages/airflow/example_dags/example_task_group_decorator.py
[2023-11-04T16:52:05.895+0100] {processor.py:839} INFO - DAG(s) dict_keys(['example_task_group_decorator']) retrieved from /Users/audioworkstation/Documents/WORKSPACE/LEARNING/Airflow-Training/.venv/lib/python3.10/site-packages/airflow/example_dags/example_task_group_decorator.py
[2023-11-04T16:52:06.187+0100] {logging_mixin.py:151} INFO - [2023-11-04T16:52:06.187+0100] {dag.py:2915} INFO - Sync 1 DAGs
[2023-11-04T16:52:06.210+0100] {logging_mixin.py:151} INFO - [2023-11-04T16:52:06.210+0100] {dag.py:3696} INFO - Setting next_dagrun for example_task_group_decorator to 2023-11-03T15:52:06.210200+00:00, run_after=2023-11-04T15:52:06.210200+00:00
[2023-11-04T16:52:06.238+0100] {processor.py:179} INFO - Processing /Users/audioworkstation/Documents/WORKSPACE/LEARNING/Airflow-Training/.venv/lib/python3.10/site-packages/airflow/example_dags/example_task_group_decorator.py took 0.439 seconds
