[2023-11-04T16:42:30.973+0100] {processor.py:157} INFO - Started process (PID=3285) to work on /Users/audioworkstation/Documents/WORKSPACE/LEARNING/Airflow-Training/.venv/lib/python3.10/site-packages/airflow/example_dags/example_sensors.py
[2023-11-04T16:42:30.976+0100] {processor.py:829} INFO - Processing file /Users/audioworkstation/Documents/WORKSPACE/LEARNING/Airflow-Training/.venv/lib/python3.10/site-packages/airflow/example_dags/example_sensors.py for tasks to queue
[2023-11-04T16:42:30.977+0100] {logging_mixin.py:151} INFO - [2023-11-04T16:42:30.977+0100] {dagbag.py:539} INFO - Filling up the DagBag from /Users/audioworkstation/Documents/WORKSPACE/LEARNING/Airflow-Training/.venv/lib/python3.10/site-packages/airflow/example_dags/example_sensors.py
[2023-11-04T16:42:31.006+0100] {processor.py:839} INFO - DAG(s) dict_keys(['example_sensors']) retrieved from /Users/audioworkstation/Documents/WORKSPACE/LEARNING/Airflow-Training/.venv/lib/python3.10/site-packages/airflow/example_dags/example_sensors.py
[2023-11-04T16:42:31.190+0100] {logging_mixin.py:151} INFO - [2023-11-04T16:42:31.189+0100] {dag.py:2915} INFO - Sync 1 DAGs
[2023-11-04T16:42:31.197+0100] {logging_mixin.py:151} INFO - [2023-11-04T16:42:31.197+0100] {dag.py:3696} INFO - Setting next_dagrun for example_sensors to None, run_after=None
[2023-11-04T16:42:31.216+0100] {processor.py:179} INFO - Processing /Users/audioworkstation/Documents/WORKSPACE/LEARNING/Airflow-Training/.venv/lib/python3.10/site-packages/airflow/example_dags/example_sensors.py took 0.244 seconds
[2023-11-04T16:44:17.700+0100] {processor.py:157} INFO - Started process (PID=3634) to work on /Users/audioworkstation/Documents/WORKSPACE/LEARNING/Airflow-Training/.venv/lib/python3.10/site-packages/airflow/example_dags/example_sensors.py
[2023-11-04T16:44:17.705+0100] {processor.py:829} INFO - Processing file /Users/audioworkstation/Documents/WORKSPACE/LEARNING/Airflow-Training/.venv/lib/python3.10/site-packages/airflow/example_dags/example_sensors.py for tasks to queue
[2023-11-04T16:44:17.705+0100] {logging_mixin.py:151} INFO - [2023-11-04T16:44:17.705+0100] {dagbag.py:539} INFO - Filling up the DagBag from /Users/audioworkstation/Documents/WORKSPACE/LEARNING/Airflow-Training/.venv/lib/python3.10/site-packages/airflow/example_dags/example_sensors.py
[2023-11-04T16:44:17.744+0100] {processor.py:839} INFO - DAG(s) dict_keys(['example_sensors']) retrieved from /Users/audioworkstation/Documents/WORKSPACE/LEARNING/Airflow-Training/.venv/lib/python3.10/site-packages/airflow/example_dags/example_sensors.py
[2023-11-04T16:44:17.956+0100] {logging_mixin.py:151} INFO - [2023-11-04T16:44:17.956+0100] {dag.py:2915} INFO - Sync 1 DAGs
[2023-11-04T16:44:17.965+0100] {logging_mixin.py:151} INFO - [2023-11-04T16:44:17.965+0100] {dag.py:3696} INFO - Setting next_dagrun for example_sensors to None, run_after=None
[2023-11-04T16:44:17.990+0100] {processor.py:179} INFO - Processing /Users/audioworkstation/Documents/WORKSPACE/LEARNING/Airflow-Training/.venv/lib/python3.10/site-packages/airflow/example_dags/example_sensors.py took 0.291 seconds
[2023-11-04T16:46:55.898+0100] {processor.py:157} INFO - Started process (PID=4159) to work on /Users/audioworkstation/Documents/WORKSPACE/LEARNING/Airflow-Training/.venv/lib/python3.10/site-packages/airflow/example_dags/example_sensors.py
[2023-11-04T16:46:55.903+0100] {processor.py:829} INFO - Processing file /Users/audioworkstation/Documents/WORKSPACE/LEARNING/Airflow-Training/.venv/lib/python3.10/site-packages/airflow/example_dags/example_sensors.py for tasks to queue
[2023-11-04T16:46:55.903+0100] {logging_mixin.py:151} INFO - [2023-11-04T16:46:55.903+0100] {dagbag.py:539} INFO - Filling up the DagBag from /Users/audioworkstation/Documents/WORKSPACE/LEARNING/Airflow-Training/.venv/lib/python3.10/site-packages/airflow/example_dags/example_sensors.py
[2023-11-04T16:46:55.940+0100] {processor.py:839} INFO - DAG(s) dict_keys(['example_sensors']) retrieved from /Users/audioworkstation/Documents/WORKSPACE/LEARNING/Airflow-Training/.venv/lib/python3.10/site-packages/airflow/example_dags/example_sensors.py
[2023-11-04T16:46:56.152+0100] {logging_mixin.py:151} INFO - [2023-11-04T16:46:56.152+0100] {dag.py:2915} INFO - Sync 1 DAGs
[2023-11-04T16:46:56.162+0100] {logging_mixin.py:151} INFO - [2023-11-04T16:46:56.162+0100] {dag.py:3696} INFO - Setting next_dagrun for example_sensors to None, run_after=None
[2023-11-04T16:46:56.182+0100] {processor.py:179} INFO - Processing /Users/audioworkstation/Documents/WORKSPACE/LEARNING/Airflow-Training/.venv/lib/python3.10/site-packages/airflow/example_dags/example_sensors.py took 0.285 seconds
[2023-11-04T16:49:53.864+0100] {processor.py:157} INFO - Started process (PID=4795) to work on /Users/audioworkstation/Documents/WORKSPACE/LEARNING/Airflow-Training/.venv/lib/python3.10/site-packages/airflow/example_dags/example_sensors.py
[2023-11-04T16:49:53.868+0100] {processor.py:829} INFO - Processing file /Users/audioworkstation/Documents/WORKSPACE/LEARNING/Airflow-Training/.venv/lib/python3.10/site-packages/airflow/example_dags/example_sensors.py for tasks to queue
[2023-11-04T16:49:53.869+0100] {logging_mixin.py:151} INFO - [2023-11-04T16:49:53.869+0100] {dagbag.py:539} INFO - Filling up the DagBag from /Users/audioworkstation/Documents/WORKSPACE/LEARNING/Airflow-Training/.venv/lib/python3.10/site-packages/airflow/example_dags/example_sensors.py
[2023-11-04T16:49:53.901+0100] {processor.py:839} INFO - DAG(s) dict_keys(['example_sensors']) retrieved from /Users/audioworkstation/Documents/WORKSPACE/LEARNING/Airflow-Training/.venv/lib/python3.10/site-packages/airflow/example_dags/example_sensors.py
[2023-11-04T16:49:54.078+0100] {logging_mixin.py:151} INFO - [2023-11-04T16:49:54.077+0100] {dag.py:2915} INFO - Sync 1 DAGs
[2023-11-04T16:49:54.086+0100] {logging_mixin.py:151} INFO - [2023-11-04T16:49:54.086+0100] {dag.py:3696} INFO - Setting next_dagrun for example_sensors to None, run_after=None
[2023-11-04T16:49:54.109+0100] {processor.py:179} INFO - Processing /Users/audioworkstation/Documents/WORKSPACE/LEARNING/Airflow-Training/.venv/lib/python3.10/site-packages/airflow/example_dags/example_sensors.py took 0.246 seconds
[2023-11-04T16:52:28.131+0100] {processor.py:157} INFO - Started process (PID=5311) to work on /Users/audioworkstation/Documents/WORKSPACE/LEARNING/Airflow-Training/.venv/lib/python3.10/site-packages/airflow/example_dags/example_sensors.py
[2023-11-04T16:52:28.136+0100] {processor.py:829} INFO - Processing file /Users/audioworkstation/Documents/WORKSPACE/LEARNING/Airflow-Training/.venv/lib/python3.10/site-packages/airflow/example_dags/example_sensors.py for tasks to queue
[2023-11-04T16:52:28.137+0100] {logging_mixin.py:151} INFO - [2023-11-04T16:52:28.137+0100] {dagbag.py:539} INFO - Filling up the DagBag from /Users/audioworkstation/Documents/WORKSPACE/LEARNING/Airflow-Training/.venv/lib/python3.10/site-packages/airflow/example_dags/example_sensors.py
[2023-11-04T16:52:28.175+0100] {processor.py:839} INFO - DAG(s) dict_keys(['example_sensors']) retrieved from /Users/audioworkstation/Documents/WORKSPACE/LEARNING/Airflow-Training/.venv/lib/python3.10/site-packages/airflow/example_dags/example_sensors.py
[2023-11-04T16:52:28.386+0100] {logging_mixin.py:151} INFO - [2023-11-04T16:52:28.386+0100] {dag.py:2915} INFO - Sync 1 DAGs
[2023-11-04T16:52:28.396+0100] {logging_mixin.py:151} INFO - [2023-11-04T16:52:28.396+0100] {dag.py:3696} INFO - Setting next_dagrun for example_sensors to None, run_after=None
[2023-11-04T16:52:28.420+0100] {processor.py:179} INFO - Processing /Users/audioworkstation/Documents/WORKSPACE/LEARNING/Airflow-Training/.venv/lib/python3.10/site-packages/airflow/example_dags/example_sensors.py took 0.290 seconds
