[2023-11-04T16:42:21.717+0100] {processor.py:157} INFO - Started process (PID=3252) to work on /Users/audioworkstation/Documents/WORKSPACE/LEARNING/Airflow-Training/.venv/lib/python3.10/site-packages/airflow/example_dags/example_short_circuit_operator.py
[2023-11-04T16:42:21.722+0100] {processor.py:829} INFO - Processing file /Users/audioworkstation/Documents/WORKSPACE/LEARNING/Airflow-Training/.venv/lib/python3.10/site-packages/airflow/example_dags/example_short_circuit_operator.py for tasks to queue
[2023-11-04T16:42:21.723+0100] {logging_mixin.py:151} INFO - [2023-11-04T16:42:21.723+0100] {dagbag.py:539} INFO - Filling up the DagBag from /Users/audioworkstation/Documents/WORKSPACE/LEARNING/Airflow-Training/.venv/lib/python3.10/site-packages/airflow/example_dags/example_short_circuit_operator.py
[2023-11-04T16:42:21.763+0100] {processor.py:839} INFO - DAG(s) dict_keys(['example_short_circuit_operator']) retrieved from /Users/audioworkstation/Documents/WORKSPACE/LEARNING/Airflow-Training/.venv/lib/python3.10/site-packages/airflow/example_dags/example_short_circuit_operator.py
[2023-11-04T16:42:21.958+0100] {logging_mixin.py:151} INFO - [2023-11-04T16:42:21.957+0100] {dag.py:2915} INFO - Sync 1 DAGs
[2023-11-04T16:42:21.975+0100] {logging_mixin.py:151} INFO - [2023-11-04T16:42:21.975+0100] {dag.py:3696} INFO - Setting next_dagrun for example_short_circuit_operator to 2023-11-03T15:42:21.975191+00:00, run_after=2023-11-04T15:42:21.975191+00:00
[2023-11-04T16:42:21.995+0100] {processor.py:179} INFO - Processing /Users/audioworkstation/Documents/WORKSPACE/LEARNING/Airflow-Training/.venv/lib/python3.10/site-packages/airflow/example_dags/example_short_circuit_operator.py took 0.279 seconds
[2023-11-04T16:44:07.650+0100] {processor.py:157} INFO - Started process (PID=3601) to work on /Users/audioworkstation/Documents/WORKSPACE/LEARNING/Airflow-Training/.venv/lib/python3.10/site-packages/airflow/example_dags/example_short_circuit_operator.py
[2023-11-04T16:44:07.654+0100] {processor.py:829} INFO - Processing file /Users/audioworkstation/Documents/WORKSPACE/LEARNING/Airflow-Training/.venv/lib/python3.10/site-packages/airflow/example_dags/example_short_circuit_operator.py for tasks to queue
[2023-11-04T16:44:07.655+0100] {logging_mixin.py:151} INFO - [2023-11-04T16:44:07.655+0100] {dagbag.py:539} INFO - Filling up the DagBag from /Users/audioworkstation/Documents/WORKSPACE/LEARNING/Airflow-Training/.venv/lib/python3.10/site-packages/airflow/example_dags/example_short_circuit_operator.py
[2023-11-04T16:44:07.693+0100] {processor.py:839} INFO - DAG(s) dict_keys(['example_short_circuit_operator']) retrieved from /Users/audioworkstation/Documents/WORKSPACE/LEARNING/Airflow-Training/.venv/lib/python3.10/site-packages/airflow/example_dags/example_short_circuit_operator.py
[2023-11-04T16:44:07.855+0100] {logging_mixin.py:151} INFO - [2023-11-04T16:44:07.855+0100] {dag.py:2915} INFO - Sync 1 DAGs
[2023-11-04T16:44:07.870+0100] {logging_mixin.py:151} INFO - [2023-11-04T16:44:07.870+0100] {dag.py:3696} INFO - Setting next_dagrun for example_short_circuit_operator to 2023-11-03T15:44:07.869966+00:00, run_after=2023-11-04T15:44:07.869966+00:00
[2023-11-04T16:44:07.886+0100] {processor.py:179} INFO - Processing /Users/audioworkstation/Documents/WORKSPACE/LEARNING/Airflow-Training/.venv/lib/python3.10/site-packages/airflow/example_dags/example_short_circuit_operator.py took 0.237 seconds
[2023-11-04T16:45:20.706+0100] {processor.py:157} INFO - Started process (PID=3835) to work on /Users/audioworkstation/Documents/WORKSPACE/LEARNING/Airflow-Training/.venv/lib/python3.10/site-packages/airflow/example_dags/example_short_circuit_operator.py
[2023-11-04T16:45:20.710+0100] {processor.py:829} INFO - Processing file /Users/audioworkstation/Documents/WORKSPACE/LEARNING/Airflow-Training/.venv/lib/python3.10/site-packages/airflow/example_dags/example_short_circuit_operator.py for tasks to queue
[2023-11-04T16:45:20.711+0100] {logging_mixin.py:151} INFO - [2023-11-04T16:45:20.710+0100] {dagbag.py:539} INFO - Filling up the DagBag from /Users/audioworkstation/Documents/WORKSPACE/LEARNING/Airflow-Training/.venv/lib/python3.10/site-packages/airflow/example_dags/example_short_circuit_operator.py
[2023-11-04T16:45:20.745+0100] {processor.py:839} INFO - DAG(s) dict_keys(['example_short_circuit_operator']) retrieved from /Users/audioworkstation/Documents/WORKSPACE/LEARNING/Airflow-Training/.venv/lib/python3.10/site-packages/airflow/example_dags/example_short_circuit_operator.py
[2023-11-04T16:45:20.891+0100] {logging_mixin.py:151} INFO - [2023-11-04T16:45:20.891+0100] {dag.py:2915} INFO - Sync 1 DAGs
[2023-11-04T16:45:20.904+0100] {logging_mixin.py:151} INFO - [2023-11-04T16:45:20.904+0100] {dag.py:3696} INFO - Setting next_dagrun for example_short_circuit_operator to 2023-11-03T15:45:20.903888+00:00, run_after=2023-11-04T15:45:20.903888+00:00
[2023-11-04T16:45:20.927+0100] {processor.py:179} INFO - Processing /Users/audioworkstation/Documents/WORKSPACE/LEARNING/Airflow-Training/.venv/lib/python3.10/site-packages/airflow/example_dags/example_short_circuit_operator.py took 0.222 seconds
[2023-11-04T16:46:46.214+0100] {processor.py:157} INFO - Started process (PID=4141) to work on /Users/audioworkstation/Documents/WORKSPACE/LEARNING/Airflow-Training/.venv/lib/python3.10/site-packages/airflow/example_dags/example_short_circuit_operator.py
[2023-11-04T16:46:46.218+0100] {processor.py:829} INFO - Processing file /Users/audioworkstation/Documents/WORKSPACE/LEARNING/Airflow-Training/.venv/lib/python3.10/site-packages/airflow/example_dags/example_short_circuit_operator.py for tasks to queue
[2023-11-04T16:46:46.218+0100] {logging_mixin.py:151} INFO - [2023-11-04T16:46:46.218+0100] {dagbag.py:539} INFO - Filling up the DagBag from /Users/audioworkstation/Documents/WORKSPACE/LEARNING/Airflow-Training/.venv/lib/python3.10/site-packages/airflow/example_dags/example_short_circuit_operator.py
[2023-11-04T16:46:46.253+0100] {processor.py:839} INFO - DAG(s) dict_keys(['example_short_circuit_operator']) retrieved from /Users/audioworkstation/Documents/WORKSPACE/LEARNING/Airflow-Training/.venv/lib/python3.10/site-packages/airflow/example_dags/example_short_circuit_operator.py
[2023-11-04T16:46:46.408+0100] {logging_mixin.py:151} INFO - [2023-11-04T16:46:46.408+0100] {dag.py:2915} INFO - Sync 1 DAGs
[2023-11-04T16:46:46.422+0100] {logging_mixin.py:151} INFO - [2023-11-04T16:46:46.421+0100] {dag.py:3696} INFO - Setting next_dagrun for example_short_circuit_operator to 2023-11-03T15:46:46.421766+00:00, run_after=2023-11-04T15:46:46.421766+00:00
[2023-11-04T16:46:46.446+0100] {processor.py:179} INFO - Processing /Users/audioworkstation/Documents/WORKSPACE/LEARNING/Airflow-Training/.venv/lib/python3.10/site-packages/airflow/example_dags/example_short_circuit_operator.py took 0.232 seconds
[2023-11-04T16:48:02.357+0100] {processor.py:157} INFO - Started process (PID=4415) to work on /Users/audioworkstation/Documents/WORKSPACE/LEARNING/Airflow-Training/.venv/lib/python3.10/site-packages/airflow/example_dags/example_short_circuit_operator.py
[2023-11-04T16:48:02.361+0100] {processor.py:829} INFO - Processing file /Users/audioworkstation/Documents/WORKSPACE/LEARNING/Airflow-Training/.venv/lib/python3.10/site-packages/airflow/example_dags/example_short_circuit_operator.py for tasks to queue
[2023-11-04T16:48:02.361+0100] {logging_mixin.py:151} INFO - [2023-11-04T16:48:02.361+0100] {dagbag.py:539} INFO - Filling up the DagBag from /Users/audioworkstation/Documents/WORKSPACE/LEARNING/Airflow-Training/.venv/lib/python3.10/site-packages/airflow/example_dags/example_short_circuit_operator.py
[2023-11-04T16:48:02.399+0100] {processor.py:839} INFO - DAG(s) dict_keys(['example_short_circuit_operator']) retrieved from /Users/audioworkstation/Documents/WORKSPACE/LEARNING/Airflow-Training/.venv/lib/python3.10/site-packages/airflow/example_dags/example_short_circuit_operator.py
[2023-11-04T16:48:02.562+0100] {logging_mixin.py:151} INFO - [2023-11-04T16:48:02.562+0100] {dag.py:2915} INFO - Sync 1 DAGs
[2023-11-04T16:48:02.578+0100] {logging_mixin.py:151} INFO - [2023-11-04T16:48:02.577+0100] {dag.py:3696} INFO - Setting next_dagrun for example_short_circuit_operator to 2023-11-03T15:48:02.577841+00:00, run_after=2023-11-04T15:48:02.577841+00:00
[2023-11-04T16:48:02.601+0100] {processor.py:179} INFO - Processing /Users/audioworkstation/Documents/WORKSPACE/LEARNING/Airflow-Training/.venv/lib/python3.10/site-packages/airflow/example_dags/example_short_circuit_operator.py took 0.245 seconds
[2023-11-04T16:49:29.796+0100] {processor.py:157} INFO - Started process (PID=4698) to work on /Users/audioworkstation/Documents/WORKSPACE/LEARNING/Airflow-Training/.venv/lib/python3.10/site-packages/airflow/example_dags/example_short_circuit_operator.py
[2023-11-04T16:49:29.802+0100] {processor.py:829} INFO - Processing file /Users/audioworkstation/Documents/WORKSPACE/LEARNING/Airflow-Training/.venv/lib/python3.10/site-packages/airflow/example_dags/example_short_circuit_operator.py for tasks to queue
[2023-11-04T16:49:29.803+0100] {logging_mixin.py:151} INFO - [2023-11-04T16:49:29.802+0100] {dagbag.py:539} INFO - Filling up the DagBag from /Users/audioworkstation/Documents/WORKSPACE/LEARNING/Airflow-Training/.venv/lib/python3.10/site-packages/airflow/example_dags/example_short_circuit_operator.py
[2023-11-04T16:49:29.859+0100] {processor.py:839} INFO - DAG(s) dict_keys(['example_short_circuit_operator']) retrieved from /Users/audioworkstation/Documents/WORKSPACE/LEARNING/Airflow-Training/.venv/lib/python3.10/site-packages/airflow/example_dags/example_short_circuit_operator.py
[2023-11-04T16:49:30.069+0100] {logging_mixin.py:151} INFO - [2023-11-04T16:49:30.069+0100] {dag.py:2915} INFO - Sync 1 DAGs
[2023-11-04T16:49:30.091+0100] {logging_mixin.py:151} INFO - [2023-11-04T16:49:30.090+0100] {dag.py:3696} INFO - Setting next_dagrun for example_short_circuit_operator to 2023-11-03T15:49:30.090781+00:00, run_after=2023-11-04T15:49:30.090781+00:00
[2023-11-04T16:49:30.114+0100] {processor.py:179} INFO - Processing /Users/audioworkstation/Documents/WORKSPACE/LEARNING/Airflow-Training/.venv/lib/python3.10/site-packages/airflow/example_dags/example_short_circuit_operator.py took 0.320 seconds
[2023-11-04T16:51:02.399+0100] {processor.py:157} INFO - Started process (PID=5029) to work on /Users/audioworkstation/Documents/WORKSPACE/LEARNING/Airflow-Training/.venv/lib/python3.10/site-packages/airflow/example_dags/example_short_circuit_operator.py
[2023-11-04T16:51:02.404+0100] {processor.py:829} INFO - Processing file /Users/audioworkstation/Documents/WORKSPACE/LEARNING/Airflow-Training/.venv/lib/python3.10/site-packages/airflow/example_dags/example_short_circuit_operator.py for tasks to queue
[2023-11-04T16:51:02.404+0100] {logging_mixin.py:151} INFO - [2023-11-04T16:51:02.404+0100] {dagbag.py:539} INFO - Filling up the DagBag from /Users/audioworkstation/Documents/WORKSPACE/LEARNING/Airflow-Training/.venv/lib/python3.10/site-packages/airflow/example_dags/example_short_circuit_operator.py
[2023-11-04T16:51:02.447+0100] {processor.py:839} INFO - DAG(s) dict_keys(['example_short_circuit_operator']) retrieved from /Users/audioworkstation/Documents/WORKSPACE/LEARNING/Airflow-Training/.venv/lib/python3.10/site-packages/airflow/example_dags/example_short_circuit_operator.py
[2023-11-04T16:51:02.669+0100] {logging_mixin.py:151} INFO - [2023-11-04T16:51:02.669+0100] {dag.py:2915} INFO - Sync 1 DAGs
[2023-11-04T16:51:02.690+0100] {logging_mixin.py:151} INFO - [2023-11-04T16:51:02.690+0100] {dag.py:3696} INFO - Setting next_dagrun for example_short_circuit_operator to 2023-11-03T15:51:02.690199+00:00, run_after=2023-11-04T15:51:02.690199+00:00
[2023-11-04T16:51:02.719+0100] {processor.py:179} INFO - Processing /Users/audioworkstation/Documents/WORKSPACE/LEARNING/Airflow-Training/.venv/lib/python3.10/site-packages/airflow/example_dags/example_short_circuit_operator.py took 0.321 seconds
[2023-11-04T16:52:20.041+0100] {processor.py:157} INFO - Started process (PID=5280) to work on /Users/audioworkstation/Documents/WORKSPACE/LEARNING/Airflow-Training/.venv/lib/python3.10/site-packages/airflow/example_dags/example_short_circuit_operator.py
[2023-11-04T16:52:20.047+0100] {processor.py:829} INFO - Processing file /Users/audioworkstation/Documents/WORKSPACE/LEARNING/Airflow-Training/.venv/lib/python3.10/site-packages/airflow/example_dags/example_short_circuit_operator.py for tasks to queue
[2023-11-04T16:52:20.047+0100] {logging_mixin.py:151} INFO - [2023-11-04T16:52:20.047+0100] {dagbag.py:539} INFO - Filling up the DagBag from /Users/audioworkstation/Documents/WORKSPACE/LEARNING/Airflow-Training/.venv/lib/python3.10/site-packages/airflow/example_dags/example_short_circuit_operator.py
[2023-11-04T16:52:20.094+0100] {processor.py:839} INFO - DAG(s) dict_keys(['example_short_circuit_operator']) retrieved from /Users/audioworkstation/Documents/WORKSPACE/LEARNING/Airflow-Training/.venv/lib/python3.10/site-packages/airflow/example_dags/example_short_circuit_operator.py
[2023-11-04T16:52:20.307+0100] {logging_mixin.py:151} INFO - [2023-11-04T16:52:20.306+0100] {dag.py:2915} INFO - Sync 1 DAGs
[2023-11-04T16:52:20.324+0100] {logging_mixin.py:151} INFO - [2023-11-04T16:52:20.324+0100] {dag.py:3696} INFO - Setting next_dagrun for example_short_circuit_operator to 2023-11-03T15:52:20.324495+00:00, run_after=2023-11-04T15:52:20.324495+00:00
[2023-11-04T16:52:20.350+0100] {processor.py:179} INFO - Processing /Users/audioworkstation/Documents/WORKSPACE/LEARNING/Airflow-Training/.venv/lib/python3.10/site-packages/airflow/example_dags/example_short_circuit_operator.py took 0.310 seconds
