[2023-11-04T16:42:17.119+0100] {processor.py:157} INFO - Started process (PID=3236) to work on /Users/audioworkstation/Documents/WORKSPACE/LEARNING/Airflow-Training/.venv/lib/python3.10/site-packages/airflow/example_dags/example_sla_dag.py
[2023-11-04T16:42:17.123+0100] {processor.py:829} INFO - Processing file /Users/audioworkstation/Documents/WORKSPACE/LEARNING/Airflow-Training/.venv/lib/python3.10/site-packages/airflow/example_dags/example_sla_dag.py for tasks to queue
[2023-11-04T16:42:17.124+0100] {logging_mixin.py:151} INFO - [2023-11-04T16:42:17.123+0100] {dagbag.py:539} INFO - Filling up the DagBag from /Users/audioworkstation/Documents/WORKSPACE/LEARNING/Airflow-Training/.venv/lib/python3.10/site-packages/airflow/example_dags/example_sla_dag.py
[2023-11-04T16:42:17.194+0100] {processor.py:839} INFO - DAG(s) dict_keys(['example_sla_dag']) retrieved from /Users/audioworkstation/Documents/WORKSPACE/LEARNING/Airflow-Training/.venv/lib/python3.10/site-packages/airflow/example_dags/example_sla_dag.py
[2023-11-04T16:42:17.363+0100] {logging_mixin.py:151} INFO - [2023-11-04T16:42:17.363+0100] {dag.py:2915} INFO - Sync 1 DAGs
[2023-11-04T16:42:17.382+0100] {logging_mixin.py:151} INFO - [2023-11-04T16:42:17.382+0100] {dag.py:3696} INFO - Setting next_dagrun for example_sla_dag to 2023-11-04T15:40:00+00:00, run_after=2023-11-04T15:42:00+00:00
[2023-11-04T16:42:17.409+0100] {processor.py:179} INFO - Processing /Users/audioworkstation/Documents/WORKSPACE/LEARNING/Airflow-Training/.venv/lib/python3.10/site-packages/airflow/example_dags/example_sla_dag.py took 0.291 seconds
[2023-11-04T16:44:02.604+0100] {processor.py:157} INFO - Started process (PID=3585) to work on /Users/audioworkstation/Documents/WORKSPACE/LEARNING/Airflow-Training/.venv/lib/python3.10/site-packages/airflow/example_dags/example_sla_dag.py
[2023-11-04T16:44:02.607+0100] {processor.py:829} INFO - Processing file /Users/audioworkstation/Documents/WORKSPACE/LEARNING/Airflow-Training/.venv/lib/python3.10/site-packages/airflow/example_dags/example_sla_dag.py for tasks to queue
[2023-11-04T16:44:02.608+0100] {logging_mixin.py:151} INFO - [2023-11-04T16:44:02.608+0100] {dagbag.py:539} INFO - Filling up the DagBag from /Users/audioworkstation/Documents/WORKSPACE/LEARNING/Airflow-Training/.venv/lib/python3.10/site-packages/airflow/example_dags/example_sla_dag.py
[2023-11-04T16:44:02.659+0100] {processor.py:839} INFO - DAG(s) dict_keys(['example_sla_dag']) retrieved from /Users/audioworkstation/Documents/WORKSPACE/LEARNING/Airflow-Training/.venv/lib/python3.10/site-packages/airflow/example_dags/example_sla_dag.py
[2023-11-04T16:44:02.810+0100] {logging_mixin.py:151} INFO - [2023-11-04T16:44:02.810+0100] {dag.py:2915} INFO - Sync 1 DAGs
[2023-11-04T16:44:02.826+0100] {logging_mixin.py:151} INFO - [2023-11-04T16:44:02.826+0100] {dag.py:3696} INFO - Setting next_dagrun for example_sla_dag to 2023-11-04T15:42:00+00:00, run_after=2023-11-04T15:44:00+00:00
[2023-11-04T16:44:02.851+0100] {processor.py:179} INFO - Processing /Users/audioworkstation/Documents/WORKSPACE/LEARNING/Airflow-Training/.venv/lib/python3.10/site-packages/airflow/example_dags/example_sla_dag.py took 0.248 seconds
[2023-11-04T16:45:16.838+0100] {processor.py:157} INFO - Started process (PID=3833) to work on /Users/audioworkstation/Documents/WORKSPACE/LEARNING/Airflow-Training/.venv/lib/python3.10/site-packages/airflow/example_dags/example_sla_dag.py
[2023-11-04T16:45:16.842+0100] {processor.py:829} INFO - Processing file /Users/audioworkstation/Documents/WORKSPACE/LEARNING/Airflow-Training/.venv/lib/python3.10/site-packages/airflow/example_dags/example_sla_dag.py for tasks to queue
[2023-11-04T16:45:16.843+0100] {logging_mixin.py:151} INFO - [2023-11-04T16:45:16.843+0100] {dagbag.py:539} INFO - Filling up the DagBag from /Users/audioworkstation/Documents/WORKSPACE/LEARNING/Airflow-Training/.venv/lib/python3.10/site-packages/airflow/example_dags/example_sla_dag.py
[2023-11-04T16:45:16.899+0100] {processor.py:839} INFO - DAG(s) dict_keys(['example_sla_dag']) retrieved from /Users/audioworkstation/Documents/WORKSPACE/LEARNING/Airflow-Training/.venv/lib/python3.10/site-packages/airflow/example_dags/example_sla_dag.py
[2023-11-04T16:45:17.067+0100] {logging_mixin.py:151} INFO - [2023-11-04T16:45:17.067+0100] {dag.py:2915} INFO - Sync 1 DAGs
[2023-11-04T16:45:17.086+0100] {logging_mixin.py:151} INFO - [2023-11-04T16:45:17.086+0100] {dag.py:3696} INFO - Setting next_dagrun for example_sla_dag to 2023-11-04T15:42:00+00:00, run_after=2023-11-04T15:44:00+00:00
[2023-11-04T16:45:17.112+0100] {processor.py:179} INFO - Processing /Users/audioworkstation/Documents/WORKSPACE/LEARNING/Airflow-Training/.venv/lib/python3.10/site-packages/airflow/example_dags/example_sla_dag.py took 0.275 seconds
[2023-11-04T16:46:41.629+0100] {processor.py:157} INFO - Started process (PID=4124) to work on /Users/audioworkstation/Documents/WORKSPACE/LEARNING/Airflow-Training/.venv/lib/python3.10/site-packages/airflow/example_dags/example_sla_dag.py
[2023-11-04T16:46:41.633+0100] {processor.py:829} INFO - Processing file /Users/audioworkstation/Documents/WORKSPACE/LEARNING/Airflow-Training/.venv/lib/python3.10/site-packages/airflow/example_dags/example_sla_dag.py for tasks to queue
[2023-11-04T16:46:41.633+0100] {logging_mixin.py:151} INFO - [2023-11-04T16:46:41.633+0100] {dagbag.py:539} INFO - Filling up the DagBag from /Users/audioworkstation/Documents/WORKSPACE/LEARNING/Airflow-Training/.venv/lib/python3.10/site-packages/airflow/example_dags/example_sla_dag.py
[2023-11-04T16:46:41.688+0100] {processor.py:839} INFO - DAG(s) dict_keys(['example_sla_dag']) retrieved from /Users/audioworkstation/Documents/WORKSPACE/LEARNING/Airflow-Training/.venv/lib/python3.10/site-packages/airflow/example_dags/example_sla_dag.py
[2023-11-04T16:46:41.844+0100] {logging_mixin.py:151} INFO - [2023-11-04T16:46:41.844+0100] {dag.py:2915} INFO - Sync 1 DAGs
[2023-11-04T16:46:41.861+0100] {logging_mixin.py:151} INFO - [2023-11-04T16:46:41.861+0100] {dag.py:3696} INFO - Setting next_dagrun for example_sla_dag to 2023-11-04T15:44:00+00:00, run_after=2023-11-04T15:46:00+00:00
[2023-11-04T16:46:41.886+0100] {processor.py:179} INFO - Processing /Users/audioworkstation/Documents/WORKSPACE/LEARNING/Airflow-Training/.venv/lib/python3.10/site-packages/airflow/example_dags/example_sla_dag.py took 0.258 seconds
[2023-11-04T16:47:58.333+0100] {processor.py:157} INFO - Started process (PID=4398) to work on /Users/audioworkstation/Documents/WORKSPACE/LEARNING/Airflow-Training/.venv/lib/python3.10/site-packages/airflow/example_dags/example_sla_dag.py
[2023-11-04T16:47:58.337+0100] {processor.py:829} INFO - Processing file /Users/audioworkstation/Documents/WORKSPACE/LEARNING/Airflow-Training/.venv/lib/python3.10/site-packages/airflow/example_dags/example_sla_dag.py for tasks to queue
[2023-11-04T16:47:58.337+0100] {logging_mixin.py:151} INFO - [2023-11-04T16:47:58.337+0100] {dagbag.py:539} INFO - Filling up the DagBag from /Users/audioworkstation/Documents/WORKSPACE/LEARNING/Airflow-Training/.venv/lib/python3.10/site-packages/airflow/example_dags/example_sla_dag.py
[2023-11-04T16:47:58.392+0100] {processor.py:839} INFO - DAG(s) dict_keys(['example_sla_dag']) retrieved from /Users/audioworkstation/Documents/WORKSPACE/LEARNING/Airflow-Training/.venv/lib/python3.10/site-packages/airflow/example_dags/example_sla_dag.py
[2023-11-04T16:47:58.541+0100] {logging_mixin.py:151} INFO - [2023-11-04T16:47:58.541+0100] {dag.py:2915} INFO - Sync 1 DAGs
[2023-11-04T16:47:58.560+0100] {logging_mixin.py:151} INFO - [2023-11-04T16:47:58.560+0100] {dag.py:3696} INFO - Setting next_dagrun for example_sla_dag to 2023-11-04T15:44:00+00:00, run_after=2023-11-04T15:46:00+00:00
[2023-11-04T16:47:58.583+0100] {processor.py:179} INFO - Processing /Users/audioworkstation/Documents/WORKSPACE/LEARNING/Airflow-Training/.venv/lib/python3.10/site-packages/airflow/example_dags/example_sla_dag.py took 0.250 seconds
[2023-11-04T16:49:24.983+0100] {processor.py:157} INFO - Started process (PID=4681) to work on /Users/audioworkstation/Documents/WORKSPACE/LEARNING/Airflow-Training/.venv/lib/python3.10/site-packages/airflow/example_dags/example_sla_dag.py
[2023-11-04T16:49:24.988+0100] {processor.py:829} INFO - Processing file /Users/audioworkstation/Documents/WORKSPACE/LEARNING/Airflow-Training/.venv/lib/python3.10/site-packages/airflow/example_dags/example_sla_dag.py for tasks to queue
[2023-11-04T16:49:24.988+0100] {logging_mixin.py:151} INFO - [2023-11-04T16:49:24.988+0100] {dagbag.py:539} INFO - Filling up the DagBag from /Users/audioworkstation/Documents/WORKSPACE/LEARNING/Airflow-Training/.venv/lib/python3.10/site-packages/airflow/example_dags/example_sla_dag.py
[2023-11-04T16:49:25.040+0100] {processor.py:839} INFO - DAG(s) dict_keys(['example_sla_dag']) retrieved from /Users/audioworkstation/Documents/WORKSPACE/LEARNING/Airflow-Training/.venv/lib/python3.10/site-packages/airflow/example_dags/example_sla_dag.py
[2023-11-04T16:49:25.201+0100] {logging_mixin.py:151} INFO - [2023-11-04T16:49:25.201+0100] {dag.py:2915} INFO - Sync 1 DAGs
[2023-11-04T16:49:25.223+0100] {logging_mixin.py:151} INFO - [2023-11-04T16:49:25.223+0100] {dag.py:3696} INFO - Setting next_dagrun for example_sla_dag to 2023-11-04T15:46:00+00:00, run_after=2023-11-04T15:48:00+00:00
[2023-11-04T16:49:25.247+0100] {processor.py:179} INFO - Processing /Users/audioworkstation/Documents/WORKSPACE/LEARNING/Airflow-Training/.venv/lib/python3.10/site-packages/airflow/example_dags/example_sla_dag.py took 0.265 seconds
[2023-11-04T16:50:57.453+0100] {processor.py:157} INFO - Started process (PID=5012) to work on /Users/audioworkstation/Documents/WORKSPACE/LEARNING/Airflow-Training/.venv/lib/python3.10/site-packages/airflow/example_dags/example_sla_dag.py
[2023-11-04T16:50:57.456+0100] {processor.py:829} INFO - Processing file /Users/audioworkstation/Documents/WORKSPACE/LEARNING/Airflow-Training/.venv/lib/python3.10/site-packages/airflow/example_dags/example_sla_dag.py for tasks to queue
[2023-11-04T16:50:57.457+0100] {logging_mixin.py:151} INFO - [2023-11-04T16:50:57.457+0100] {dagbag.py:539} INFO - Filling up the DagBag from /Users/audioworkstation/Documents/WORKSPACE/LEARNING/Airflow-Training/.venv/lib/python3.10/site-packages/airflow/example_dags/example_sla_dag.py
[2023-11-04T16:50:57.505+0100] {processor.py:839} INFO - DAG(s) dict_keys(['example_sla_dag']) retrieved from /Users/audioworkstation/Documents/WORKSPACE/LEARNING/Airflow-Training/.venv/lib/python3.10/site-packages/airflow/example_dags/example_sla_dag.py
[2023-11-04T16:50:57.656+0100] {logging_mixin.py:151} INFO - [2023-11-04T16:50:57.656+0100] {dag.py:2915} INFO - Sync 1 DAGs
[2023-11-04T16:50:57.674+0100] {logging_mixin.py:151} INFO - [2023-11-04T16:50:57.674+0100] {dag.py:3696} INFO - Setting next_dagrun for example_sla_dag to 2023-11-04T15:48:00+00:00, run_after=2023-11-04T15:50:00+00:00
[2023-11-04T16:50:57.691+0100] {processor.py:179} INFO - Processing /Users/audioworkstation/Documents/WORKSPACE/LEARNING/Airflow-Training/.venv/lib/python3.10/site-packages/airflow/example_dags/example_sla_dag.py took 0.239 seconds
[2023-11-04T16:52:14.547+0100] {processor.py:157} INFO - Started process (PID=5263) to work on /Users/audioworkstation/Documents/WORKSPACE/LEARNING/Airflow-Training/.venv/lib/python3.10/site-packages/airflow/example_dags/example_sla_dag.py
[2023-11-04T16:52:14.552+0100] {processor.py:829} INFO - Processing file /Users/audioworkstation/Documents/WORKSPACE/LEARNING/Airflow-Training/.venv/lib/python3.10/site-packages/airflow/example_dags/example_sla_dag.py for tasks to queue
[2023-11-04T16:52:14.553+0100] {logging_mixin.py:151} INFO - [2023-11-04T16:52:14.553+0100] {dagbag.py:539} INFO - Filling up the DagBag from /Users/audioworkstation/Documents/WORKSPACE/LEARNING/Airflow-Training/.venv/lib/python3.10/site-packages/airflow/example_dags/example_sla_dag.py
[2023-11-04T16:52:14.634+0100] {processor.py:839} INFO - DAG(s) dict_keys(['example_sla_dag']) retrieved from /Users/audioworkstation/Documents/WORKSPACE/LEARNING/Airflow-Training/.venv/lib/python3.10/site-packages/airflow/example_dags/example_sla_dag.py
[2023-11-04T16:52:14.879+0100] {logging_mixin.py:151} INFO - [2023-11-04T16:52:14.878+0100] {dag.py:2915} INFO - Sync 1 DAGs
[2023-11-04T16:52:14.903+0100] {logging_mixin.py:151} INFO - [2023-11-04T16:52:14.903+0100] {dag.py:3696} INFO - Setting next_dagrun for example_sla_dag to 2023-11-04T15:50:00+00:00, run_after=2023-11-04T15:52:00+00:00
[2023-11-04T16:52:14.927+0100] {processor.py:179} INFO - Processing /Users/audioworkstation/Documents/WORKSPACE/LEARNING/Airflow-Training/.venv/lib/python3.10/site-packages/airflow/example_dags/example_sla_dag.py took 0.381 seconds
