[2023-11-04T16:43:13.177+0100] {processor.py:157} INFO - Started process (PID=3420) to work on /Users/audioworkstation/Documents/WORKSPACE/LEARNING/Airflow-Training/.venv/lib/python3.10/site-packages/airflow/example_dags/example_branch_operator_decorator.py
[2023-11-04T16:43:13.181+0100] {processor.py:829} INFO - Processing file /Users/audioworkstation/Documents/WORKSPACE/LEARNING/Airflow-Training/.venv/lib/python3.10/site-packages/airflow/example_dags/example_branch_operator_decorator.py for tasks to queue
[2023-11-04T16:43:13.181+0100] {logging_mixin.py:151} INFO - [2023-11-04T16:43:13.181+0100] {dagbag.py:539} INFO - Filling up the DagBag from /Users/audioworkstation/Documents/WORKSPACE/LEARNING/Airflow-Training/.venv/lib/python3.10/site-packages/airflow/example_dags/example_branch_operator_decorator.py
[2023-11-04T16:43:13.230+0100] {processor.py:839} INFO - DAG(s) dict_keys(['example_branch_python_operator_decorator']) retrieved from /Users/audioworkstation/Documents/WORKSPACE/LEARNING/Airflow-Training/.venv/lib/python3.10/site-packages/airflow/example_dags/example_branch_operator_decorator.py
[2023-11-04T16:43:13.404+0100] {logging_mixin.py:151} INFO - [2023-11-04T16:43:13.404+0100] {dag.py:2915} INFO - Sync 1 DAGs
[2023-11-04T16:43:13.420+0100] {logging_mixin.py:151} INFO - [2023-11-04T16:43:13.420+0100] {dag.py:3696} INFO - Setting next_dagrun for example_branch_python_operator_decorator to 2023-11-03T00:00:00+00:00, run_after=2023-11-04T00:00:00+00:00
[2023-11-04T16:43:13.443+0100] {processor.py:179} INFO - Processing /Users/audioworkstation/Documents/WORKSPACE/LEARNING/Airflow-Training/.venv/lib/python3.10/site-packages/airflow/example_dags/example_branch_operator_decorator.py took 0.266 seconds
[2023-11-04T16:45:42.319+0100] {processor.py:157} INFO - Started process (PID=3920) to work on /Users/audioworkstation/Documents/WORKSPACE/LEARNING/Airflow-Training/.venv/lib/python3.10/site-packages/airflow/example_dags/example_branch_operator_decorator.py
[2023-11-04T16:45:42.323+0100] {processor.py:829} INFO - Processing file /Users/audioworkstation/Documents/WORKSPACE/LEARNING/Airflow-Training/.venv/lib/python3.10/site-packages/airflow/example_dags/example_branch_operator_decorator.py for tasks to queue
[2023-11-04T16:45:42.324+0100] {logging_mixin.py:151} INFO - [2023-11-04T16:45:42.324+0100] {dagbag.py:539} INFO - Filling up the DagBag from /Users/audioworkstation/Documents/WORKSPACE/LEARNING/Airflow-Training/.venv/lib/python3.10/site-packages/airflow/example_dags/example_branch_operator_decorator.py
[2023-11-04T16:45:42.388+0100] {processor.py:839} INFO - DAG(s) dict_keys(['example_branch_python_operator_decorator']) retrieved from /Users/audioworkstation/Documents/WORKSPACE/LEARNING/Airflow-Training/.venv/lib/python3.10/site-packages/airflow/example_dags/example_branch_operator_decorator.py
[2023-11-04T16:45:42.552+0100] {logging_mixin.py:151} INFO - [2023-11-04T16:45:42.551+0100] {dag.py:2915} INFO - Sync 1 DAGs
[2023-11-04T16:45:42.568+0100] {logging_mixin.py:151} INFO - [2023-11-04T16:45:42.568+0100] {dag.py:3696} INFO - Setting next_dagrun for example_branch_python_operator_decorator to 2023-11-03T00:00:00+00:00, run_after=2023-11-04T00:00:00+00:00
[2023-11-04T16:45:42.584+0100] {processor.py:179} INFO - Processing /Users/audioworkstation/Documents/WORKSPACE/LEARNING/Airflow-Training/.venv/lib/python3.10/site-packages/airflow/example_dags/example_branch_operator_decorator.py took 0.267 seconds
[2023-11-04T16:48:26.143+0100] {processor.py:157} INFO - Started process (PID=4483) to work on /Users/audioworkstation/Documents/WORKSPACE/LEARNING/Airflow-Training/.venv/lib/python3.10/site-packages/airflow/example_dags/example_branch_operator_decorator.py
[2023-11-04T16:48:26.149+0100] {processor.py:829} INFO - Processing file /Users/audioworkstation/Documents/WORKSPACE/LEARNING/Airflow-Training/.venv/lib/python3.10/site-packages/airflow/example_dags/example_branch_operator_decorator.py for tasks to queue
[2023-11-04T16:48:26.149+0100] {logging_mixin.py:151} INFO - [2023-11-04T16:48:26.149+0100] {dagbag.py:539} INFO - Filling up the DagBag from /Users/audioworkstation/Documents/WORKSPACE/LEARNING/Airflow-Training/.venv/lib/python3.10/site-packages/airflow/example_dags/example_branch_operator_decorator.py
[2023-11-04T16:48:26.228+0100] {processor.py:839} INFO - DAG(s) dict_keys(['example_branch_python_operator_decorator']) retrieved from /Users/audioworkstation/Documents/WORKSPACE/LEARNING/Airflow-Training/.venv/lib/python3.10/site-packages/airflow/example_dags/example_branch_operator_decorator.py
[2023-11-04T16:48:26.469+0100] {logging_mixin.py:151} INFO - [2023-11-04T16:48:26.468+0100] {dag.py:2915} INFO - Sync 1 DAGs
[2023-11-04T16:48:26.491+0100] {logging_mixin.py:151} INFO - [2023-11-04T16:48:26.491+0100] {dag.py:3696} INFO - Setting next_dagrun for example_branch_python_operator_decorator to 2023-11-03T00:00:00+00:00, run_after=2023-11-04T00:00:00+00:00
[2023-11-04T16:48:26.531+0100] {processor.py:179} INFO - Processing /Users/audioworkstation/Documents/WORKSPACE/LEARNING/Airflow-Training/.venv/lib/python3.10/site-packages/airflow/example_dags/example_branch_operator_decorator.py took 0.389 seconds
[2023-11-04T16:51:22.563+0100] {processor.py:157} INFO - Started process (PID=5095) to work on /Users/audioworkstation/Documents/WORKSPACE/LEARNING/Airflow-Training/.venv/lib/python3.10/site-packages/airflow/example_dags/example_branch_operator_decorator.py
[2023-11-04T16:51:22.574+0100] {processor.py:829} INFO - Processing file /Users/audioworkstation/Documents/WORKSPACE/LEARNING/Airflow-Training/.venv/lib/python3.10/site-packages/airflow/example_dags/example_branch_operator_decorator.py for tasks to queue
[2023-11-04T16:51:22.575+0100] {logging_mixin.py:151} INFO - [2023-11-04T16:51:22.575+0100] {dagbag.py:539} INFO - Filling up the DagBag from /Users/audioworkstation/Documents/WORKSPACE/LEARNING/Airflow-Training/.venv/lib/python3.10/site-packages/airflow/example_dags/example_branch_operator_decorator.py
[2023-11-04T16:51:22.643+0100] {processor.py:839} INFO - DAG(s) dict_keys(['example_branch_python_operator_decorator']) retrieved from /Users/audioworkstation/Documents/WORKSPACE/LEARNING/Airflow-Training/.venv/lib/python3.10/site-packages/airflow/example_dags/example_branch_operator_decorator.py
[2023-11-04T16:51:22.804+0100] {logging_mixin.py:151} INFO - [2023-11-04T16:51:22.804+0100] {dag.py:2915} INFO - Sync 1 DAGs
[2023-11-04T16:51:22.819+0100] {logging_mixin.py:151} INFO - [2023-11-04T16:51:22.819+0100] {dag.py:3696} INFO - Setting next_dagrun for example_branch_python_operator_decorator to 2023-11-03T00:00:00+00:00, run_after=2023-11-04T00:00:00+00:00
[2023-11-04T16:51:22.845+0100] {processor.py:179} INFO - Processing /Users/audioworkstation/Documents/WORKSPACE/LEARNING/Airflow-Training/.venv/lib/python3.10/site-packages/airflow/example_dags/example_branch_operator_decorator.py took 0.284 seconds
