[2023-11-04T16:42:14.549+0100] {processor.py:157} INFO - Started process (PID=3221) to work on /Users/audioworkstation/Documents/WORKSPACE/LEARNING/Airflow-Training/.venv/lib/python3.10/site-packages/airflow/example_dags/example_subdag_operator.py
[2023-11-04T16:42:14.552+0100] {processor.py:829} INFO - Processing file /Users/audioworkstation/Documents/WORKSPACE/LEARNING/Airflow-Training/.venv/lib/python3.10/site-packages/airflow/example_dags/example_subdag_operator.py for tasks to queue
[2023-11-04T16:42:14.553+0100] {logging_mixin.py:151} INFO - [2023-11-04T16:42:14.553+0100] {dagbag.py:539} INFO - Filling up the DagBag from /Users/audioworkstation/Documents/WORKSPACE/LEARNING/Airflow-Training/.venv/lib/python3.10/site-packages/airflow/example_dags/example_subdag_operator.py
[2023-11-04T16:42:14.708+0100] {processor.py:839} INFO - DAG(s) dict_keys(['example_subdag_operator.section-1', 'example_subdag_operator.section-2', 'example_subdag_operator']) retrieved from /Users/audioworkstation/Documents/WORKSPACE/LEARNING/Airflow-Training/.venv/lib/python3.10/site-packages/airflow/example_dags/example_subdag_operator.py
[2023-11-04T16:42:14.777+0100] {logging_mixin.py:151} INFO - [2023-11-04T16:42:14.776+0100] {dag.py:2915} INFO - Sync 3 DAGs
[2023-11-04T16:42:14.790+0100] {logging_mixin.py:151} INFO - [2023-11-04T16:42:14.790+0100] {dag.py:3696} INFO - Setting next_dagrun for example_subdag_operator to 2022-01-01T00:00:00+00:00, run_after=2022-01-01T00:00:00+00:00
[2023-11-04T16:42:14.792+0100] {logging_mixin.py:151} INFO - [2023-11-04T16:42:14.792+0100] {dag.py:3696} INFO - Setting next_dagrun for example_subdag_operator.section-1 to None, run_after=None
[2023-11-04T16:42:14.793+0100] {logging_mixin.py:151} INFO - [2023-11-04T16:42:14.793+0100] {dag.py:3696} INFO - Setting next_dagrun for example_subdag_operator.section-2 to None, run_after=None
[2023-11-04T16:42:14.797+0100] {logging_mixin.py:151} INFO - [2023-11-04T16:42:14.797+0100] {dag.py:2915} INFO - Sync 2 DAGs
[2023-11-04T16:42:14.800+0100] {logging_mixin.py:151} INFO - [2023-11-04T16:42:14.800+0100] {dag.py:3696} INFO - Setting next_dagrun for example_subdag_operator.section-1 to None, run_after=None
[2023-11-04T16:42:14.800+0100] {logging_mixin.py:151} INFO - [2023-11-04T16:42:14.800+0100] {dag.py:3696} INFO - Setting next_dagrun for example_subdag_operator.section-2 to None, run_after=None
[2023-11-04T16:42:14.814+0100] {processor.py:179} INFO - Processing /Users/audioworkstation/Documents/WORKSPACE/LEARNING/Airflow-Training/.venv/lib/python3.10/site-packages/airflow/example_dags/example_subdag_operator.py took 0.266 seconds
[2023-11-04T16:44:01.079+0100] {processor.py:157} INFO - Started process (PID=3584) to work on /Users/audioworkstation/Documents/WORKSPACE/LEARNING/Airflow-Training/.venv/lib/python3.10/site-packages/airflow/example_dags/example_subdag_operator.py
[2023-11-04T16:44:01.083+0100] {processor.py:829} INFO - Processing file /Users/audioworkstation/Documents/WORKSPACE/LEARNING/Airflow-Training/.venv/lib/python3.10/site-packages/airflow/example_dags/example_subdag_operator.py for tasks to queue
[2023-11-04T16:44:01.084+0100] {logging_mixin.py:151} INFO - [2023-11-04T16:44:01.084+0100] {dagbag.py:539} INFO - Filling up the DagBag from /Users/audioworkstation/Documents/WORKSPACE/LEARNING/Airflow-Training/.venv/lib/python3.10/site-packages/airflow/example_dags/example_subdag_operator.py
[2023-11-04T16:44:01.225+0100] {processor.py:839} INFO - DAG(s) dict_keys(['example_subdag_operator.section-1', 'example_subdag_operator.section-2', 'example_subdag_operator']) retrieved from /Users/audioworkstation/Documents/WORKSPACE/LEARNING/Airflow-Training/.venv/lib/python3.10/site-packages/airflow/example_dags/example_subdag_operator.py
[2023-11-04T16:44:01.294+0100] {logging_mixin.py:151} INFO - [2023-11-04T16:44:01.294+0100] {dag.py:2915} INFO - Sync 3 DAGs
[2023-11-04T16:44:01.310+0100] {logging_mixin.py:151} INFO - [2023-11-04T16:44:01.310+0100] {dag.py:3696} INFO - Setting next_dagrun for example_subdag_operator to 2022-01-01T00:00:00+00:00, run_after=2022-01-01T00:00:00+00:00
[2023-11-04T16:44:01.313+0100] {logging_mixin.py:151} INFO - [2023-11-04T16:44:01.313+0100] {dag.py:3696} INFO - Setting next_dagrun for example_subdag_operator.section-1 to None, run_after=None
[2023-11-04T16:44:01.314+0100] {logging_mixin.py:151} INFO - [2023-11-04T16:44:01.313+0100] {dag.py:3696} INFO - Setting next_dagrun for example_subdag_operator.section-2 to None, run_after=None
[2023-11-04T16:44:01.318+0100] {logging_mixin.py:151} INFO - [2023-11-04T16:44:01.318+0100] {dag.py:2915} INFO - Sync 2 DAGs
[2023-11-04T16:44:01.322+0100] {logging_mixin.py:151} INFO - [2023-11-04T16:44:01.322+0100] {dag.py:3696} INFO - Setting next_dagrun for example_subdag_operator.section-1 to None, run_after=None
[2023-11-04T16:44:01.322+0100] {logging_mixin.py:151} INFO - [2023-11-04T16:44:01.322+0100] {dag.py:3696} INFO - Setting next_dagrun for example_subdag_operator.section-2 to None, run_after=None
[2023-11-04T16:44:01.340+0100] {processor.py:179} INFO - Processing /Users/audioworkstation/Documents/WORKSPACE/LEARNING/Airflow-Training/.venv/lib/python3.10/site-packages/airflow/example_dags/example_subdag_operator.py took 0.261 seconds
[2023-11-04T16:45:14.304+0100] {processor.py:157} INFO - Started process (PID=3818) to work on /Users/audioworkstation/Documents/WORKSPACE/LEARNING/Airflow-Training/.venv/lib/python3.10/site-packages/airflow/example_dags/example_subdag_operator.py
[2023-11-04T16:45:14.308+0100] {processor.py:829} INFO - Processing file /Users/audioworkstation/Documents/WORKSPACE/LEARNING/Airflow-Training/.venv/lib/python3.10/site-packages/airflow/example_dags/example_subdag_operator.py for tasks to queue
[2023-11-04T16:45:14.309+0100] {logging_mixin.py:151} INFO - [2023-11-04T16:45:14.308+0100] {dagbag.py:539} INFO - Filling up the DagBag from /Users/audioworkstation/Documents/WORKSPACE/LEARNING/Airflow-Training/.venv/lib/python3.10/site-packages/airflow/example_dags/example_subdag_operator.py
[2023-11-04T16:45:14.441+0100] {processor.py:839} INFO - DAG(s) dict_keys(['example_subdag_operator.section-1', 'example_subdag_operator.section-2', 'example_subdag_operator']) retrieved from /Users/audioworkstation/Documents/WORKSPACE/LEARNING/Airflow-Training/.venv/lib/python3.10/site-packages/airflow/example_dags/example_subdag_operator.py
[2023-11-04T16:45:14.505+0100] {logging_mixin.py:151} INFO - [2023-11-04T16:45:14.505+0100] {dag.py:2915} INFO - Sync 3 DAGs
[2023-11-04T16:45:14.518+0100] {logging_mixin.py:151} INFO - [2023-11-04T16:45:14.517+0100] {dag.py:3696} INFO - Setting next_dagrun for example_subdag_operator to 2022-01-01T00:00:00+00:00, run_after=2022-01-01T00:00:00+00:00
[2023-11-04T16:45:14.521+0100] {logging_mixin.py:151} INFO - [2023-11-04T16:45:14.520+0100] {dag.py:3696} INFO - Setting next_dagrun for example_subdag_operator.section-1 to None, run_after=None
[2023-11-04T16:45:14.521+0100] {logging_mixin.py:151} INFO - [2023-11-04T16:45:14.521+0100] {dag.py:3696} INFO - Setting next_dagrun for example_subdag_operator.section-2 to None, run_after=None
[2023-11-04T16:45:14.526+0100] {logging_mixin.py:151} INFO - [2023-11-04T16:45:14.526+0100] {dag.py:2915} INFO - Sync 2 DAGs
[2023-11-04T16:45:14.529+0100] {logging_mixin.py:151} INFO - [2023-11-04T16:45:14.529+0100] {dag.py:3696} INFO - Setting next_dagrun for example_subdag_operator.section-1 to None, run_after=None
[2023-11-04T16:45:14.529+0100] {logging_mixin.py:151} INFO - [2023-11-04T16:45:14.529+0100] {dag.py:3696} INFO - Setting next_dagrun for example_subdag_operator.section-2 to None, run_after=None
[2023-11-04T16:45:14.547+0100] {processor.py:179} INFO - Processing /Users/audioworkstation/Documents/WORKSPACE/LEARNING/Airflow-Training/.venv/lib/python3.10/site-packages/airflow/example_dags/example_subdag_operator.py took 0.244 seconds
[2023-11-04T16:46:39.256+0100] {processor.py:157} INFO - Started process (PID=4109) to work on /Users/audioworkstation/Documents/WORKSPACE/LEARNING/Airflow-Training/.venv/lib/python3.10/site-packages/airflow/example_dags/example_subdag_operator.py
[2023-11-04T16:46:39.260+0100] {processor.py:829} INFO - Processing file /Users/audioworkstation/Documents/WORKSPACE/LEARNING/Airflow-Training/.venv/lib/python3.10/site-packages/airflow/example_dags/example_subdag_operator.py for tasks to queue
[2023-11-04T16:46:39.261+0100] {logging_mixin.py:151} INFO - [2023-11-04T16:46:39.261+0100] {dagbag.py:539} INFO - Filling up the DagBag from /Users/audioworkstation/Documents/WORKSPACE/LEARNING/Airflow-Training/.venv/lib/python3.10/site-packages/airflow/example_dags/example_subdag_operator.py
[2023-11-04T16:46:39.432+0100] {processor.py:839} INFO - DAG(s) dict_keys(['example_subdag_operator.section-1', 'example_subdag_operator.section-2', 'example_subdag_operator']) retrieved from /Users/audioworkstation/Documents/WORKSPACE/LEARNING/Airflow-Training/.venv/lib/python3.10/site-packages/airflow/example_dags/example_subdag_operator.py
[2023-11-04T16:46:39.510+0100] {logging_mixin.py:151} INFO - [2023-11-04T16:46:39.510+0100] {dag.py:2915} INFO - Sync 3 DAGs
[2023-11-04T16:46:39.526+0100] {logging_mixin.py:151} INFO - [2023-11-04T16:46:39.526+0100] {dag.py:3696} INFO - Setting next_dagrun for example_subdag_operator to 2022-01-01T00:00:00+00:00, run_after=2022-01-01T00:00:00+00:00
[2023-11-04T16:46:39.528+0100] {logging_mixin.py:151} INFO - [2023-11-04T16:46:39.528+0100] {dag.py:3696} INFO - Setting next_dagrun for example_subdag_operator.section-1 to None, run_after=None
[2023-11-04T16:46:39.529+0100] {logging_mixin.py:151} INFO - [2023-11-04T16:46:39.529+0100] {dag.py:3696} INFO - Setting next_dagrun for example_subdag_operator.section-2 to None, run_after=None
[2023-11-04T16:46:39.534+0100] {logging_mixin.py:151} INFO - [2023-11-04T16:46:39.534+0100] {dag.py:2915} INFO - Sync 2 DAGs
[2023-11-04T16:46:39.538+0100] {logging_mixin.py:151} INFO - [2023-11-04T16:46:39.538+0100] {dag.py:3696} INFO - Setting next_dagrun for example_subdag_operator.section-1 to None, run_after=None
[2023-11-04T16:46:39.538+0100] {logging_mixin.py:151} INFO - [2023-11-04T16:46:39.538+0100] {dag.py:3696} INFO - Setting next_dagrun for example_subdag_operator.section-2 to None, run_after=None
[2023-11-04T16:46:39.556+0100] {processor.py:179} INFO - Processing /Users/audioworkstation/Documents/WORKSPACE/LEARNING/Airflow-Training/.venv/lib/python3.10/site-packages/airflow/example_dags/example_subdag_operator.py took 0.300 seconds
[2023-11-04T16:47:55.908+0100] {processor.py:157} INFO - Started process (PID=4383) to work on /Users/audioworkstation/Documents/WORKSPACE/LEARNING/Airflow-Training/.venv/lib/python3.10/site-packages/airflow/example_dags/example_subdag_operator.py
[2023-11-04T16:47:55.912+0100] {processor.py:829} INFO - Processing file /Users/audioworkstation/Documents/WORKSPACE/LEARNING/Airflow-Training/.venv/lib/python3.10/site-packages/airflow/example_dags/example_subdag_operator.py for tasks to queue
[2023-11-04T16:47:55.912+0100] {logging_mixin.py:151} INFO - [2023-11-04T16:47:55.912+0100] {dagbag.py:539} INFO - Filling up the DagBag from /Users/audioworkstation/Documents/WORKSPACE/LEARNING/Airflow-Training/.venv/lib/python3.10/site-packages/airflow/example_dags/example_subdag_operator.py
[2023-11-04T16:47:56.052+0100] {processor.py:839} INFO - DAG(s) dict_keys(['example_subdag_operator.section-1', 'example_subdag_operator.section-2', 'example_subdag_operator']) retrieved from /Users/audioworkstation/Documents/WORKSPACE/LEARNING/Airflow-Training/.venv/lib/python3.10/site-packages/airflow/example_dags/example_subdag_operator.py
[2023-11-04T16:47:56.117+0100] {logging_mixin.py:151} INFO - [2023-11-04T16:47:56.117+0100] {dag.py:2915} INFO - Sync 3 DAGs
[2023-11-04T16:47:56.131+0100] {logging_mixin.py:151} INFO - [2023-11-04T16:47:56.131+0100] {dag.py:3696} INFO - Setting next_dagrun for example_subdag_operator to 2022-01-01T00:00:00+00:00, run_after=2022-01-01T00:00:00+00:00
[2023-11-04T16:47:56.137+0100] {logging_mixin.py:151} INFO - [2023-11-04T16:47:56.137+0100] {dag.py:3696} INFO - Setting next_dagrun for example_subdag_operator.section-1 to None, run_after=None
[2023-11-04T16:47:56.138+0100] {logging_mixin.py:151} INFO - [2023-11-04T16:47:56.138+0100] {dag.py:3696} INFO - Setting next_dagrun for example_subdag_operator.section-2 to None, run_after=None
[2023-11-04T16:47:56.143+0100] {logging_mixin.py:151} INFO - [2023-11-04T16:47:56.143+0100] {dag.py:2915} INFO - Sync 2 DAGs
[2023-11-04T16:47:56.146+0100] {logging_mixin.py:151} INFO - [2023-11-04T16:47:56.146+0100] {dag.py:3696} INFO - Setting next_dagrun for example_subdag_operator.section-1 to None, run_after=None
[2023-11-04T16:47:56.146+0100] {logging_mixin.py:151} INFO - [2023-11-04T16:47:56.146+0100] {dag.py:3696} INFO - Setting next_dagrun for example_subdag_operator.section-2 to None, run_after=None
[2023-11-04T16:47:56.159+0100] {processor.py:179} INFO - Processing /Users/audioworkstation/Documents/WORKSPACE/LEARNING/Airflow-Training/.venv/lib/python3.10/site-packages/airflow/example_dags/example_subdag_operator.py took 0.252 seconds
[2023-11-04T16:49:22.284+0100] {processor.py:157} INFO - Started process (PID=4680) to work on /Users/audioworkstation/Documents/WORKSPACE/LEARNING/Airflow-Training/.venv/lib/python3.10/site-packages/airflow/example_dags/example_subdag_operator.py
[2023-11-04T16:49:22.288+0100] {processor.py:829} INFO - Processing file /Users/audioworkstation/Documents/WORKSPACE/LEARNING/Airflow-Training/.venv/lib/python3.10/site-packages/airflow/example_dags/example_subdag_operator.py for tasks to queue
[2023-11-04T16:49:22.289+0100] {logging_mixin.py:151} INFO - [2023-11-04T16:49:22.289+0100] {dagbag.py:539} INFO - Filling up the DagBag from /Users/audioworkstation/Documents/WORKSPACE/LEARNING/Airflow-Training/.venv/lib/python3.10/site-packages/airflow/example_dags/example_subdag_operator.py
[2023-11-04T16:49:22.454+0100] {processor.py:839} INFO - DAG(s) dict_keys(['example_subdag_operator.section-1', 'example_subdag_operator.section-2', 'example_subdag_operator']) retrieved from /Users/audioworkstation/Documents/WORKSPACE/LEARNING/Airflow-Training/.venv/lib/python3.10/site-packages/airflow/example_dags/example_subdag_operator.py
[2023-11-04T16:49:22.534+0100] {logging_mixin.py:151} INFO - [2023-11-04T16:49:22.534+0100] {dag.py:2915} INFO - Sync 3 DAGs
[2023-11-04T16:49:22.551+0100] {logging_mixin.py:151} INFO - [2023-11-04T16:49:22.551+0100] {dag.py:3696} INFO - Setting next_dagrun for example_subdag_operator to 2022-01-01T00:00:00+00:00, run_after=2022-01-01T00:00:00+00:00
[2023-11-04T16:49:22.554+0100] {logging_mixin.py:151} INFO - [2023-11-04T16:49:22.554+0100] {dag.py:3696} INFO - Setting next_dagrun for example_subdag_operator.section-1 to None, run_after=None
[2023-11-04T16:49:22.555+0100] {logging_mixin.py:151} INFO - [2023-11-04T16:49:22.555+0100] {dag.py:3696} INFO - Setting next_dagrun for example_subdag_operator.section-2 to None, run_after=None
[2023-11-04T16:49:22.560+0100] {logging_mixin.py:151} INFO - [2023-11-04T16:49:22.560+0100] {dag.py:2915} INFO - Sync 2 DAGs
[2023-11-04T16:49:22.564+0100] {logging_mixin.py:151} INFO - [2023-11-04T16:49:22.564+0100] {dag.py:3696} INFO - Setting next_dagrun for example_subdag_operator.section-1 to None, run_after=None
[2023-11-04T16:49:22.565+0100] {logging_mixin.py:151} INFO - [2023-11-04T16:49:22.565+0100] {dag.py:3696} INFO - Setting next_dagrun for example_subdag_operator.section-2 to None, run_after=None
[2023-11-04T16:49:22.583+0100] {processor.py:179} INFO - Processing /Users/audioworkstation/Documents/WORKSPACE/LEARNING/Airflow-Training/.venv/lib/python3.10/site-packages/airflow/example_dags/example_subdag_operator.py took 0.300 seconds
[2023-11-04T16:50:55.963+0100] {processor.py:157} INFO - Started process (PID=4997) to work on /Users/audioworkstation/Documents/WORKSPACE/LEARNING/Airflow-Training/.venv/lib/python3.10/site-packages/airflow/example_dags/example_subdag_operator.py
[2023-11-04T16:50:55.967+0100] {processor.py:829} INFO - Processing file /Users/audioworkstation/Documents/WORKSPACE/LEARNING/Airflow-Training/.venv/lib/python3.10/site-packages/airflow/example_dags/example_subdag_operator.py for tasks to queue
[2023-11-04T16:50:55.968+0100] {logging_mixin.py:151} INFO - [2023-11-04T16:50:55.967+0100] {dagbag.py:539} INFO - Filling up the DagBag from /Users/audioworkstation/Documents/WORKSPACE/LEARNING/Airflow-Training/.venv/lib/python3.10/site-packages/airflow/example_dags/example_subdag_operator.py
[2023-11-04T16:50:56.112+0100] {processor.py:839} INFO - DAG(s) dict_keys(['example_subdag_operator.section-1', 'example_subdag_operator.section-2', 'example_subdag_operator']) retrieved from /Users/audioworkstation/Documents/WORKSPACE/LEARNING/Airflow-Training/.venv/lib/python3.10/site-packages/airflow/example_dags/example_subdag_operator.py
[2023-11-04T16:50:56.185+0100] {logging_mixin.py:151} INFO - [2023-11-04T16:50:56.185+0100] {dag.py:2915} INFO - Sync 3 DAGs
[2023-11-04T16:50:56.200+0100] {logging_mixin.py:151} INFO - [2023-11-04T16:50:56.199+0100] {dag.py:3696} INFO - Setting next_dagrun for example_subdag_operator to 2022-01-01T00:00:00+00:00, run_after=2022-01-01T00:00:00+00:00
[2023-11-04T16:50:56.202+0100] {logging_mixin.py:151} INFO - [2023-11-04T16:50:56.202+0100] {dag.py:3696} INFO - Setting next_dagrun for example_subdag_operator.section-1 to None, run_after=None
[2023-11-04T16:50:56.202+0100] {logging_mixin.py:151} INFO - [2023-11-04T16:50:56.202+0100] {dag.py:3696} INFO - Setting next_dagrun for example_subdag_operator.section-2 to None, run_after=None
[2023-11-04T16:50:56.207+0100] {logging_mixin.py:151} INFO - [2023-11-04T16:50:56.207+0100] {dag.py:2915} INFO - Sync 2 DAGs
[2023-11-04T16:50:56.211+0100] {logging_mixin.py:151} INFO - [2023-11-04T16:50:56.210+0100] {dag.py:3696} INFO - Setting next_dagrun for example_subdag_operator.section-1 to None, run_after=None
[2023-11-04T16:50:56.211+0100] {logging_mixin.py:151} INFO - [2023-11-04T16:50:56.211+0100] {dag.py:3696} INFO - Setting next_dagrun for example_subdag_operator.section-2 to None, run_after=None
[2023-11-04T16:50:56.224+0100] {processor.py:179} INFO - Processing /Users/audioworkstation/Documents/WORKSPACE/LEARNING/Airflow-Training/.venv/lib/python3.10/site-packages/airflow/example_dags/example_subdag_operator.py took 0.263 seconds
[2023-11-04T16:52:11.791+0100] {processor.py:157} INFO - Started process (PID=5262) to work on /Users/audioworkstation/Documents/WORKSPACE/LEARNING/Airflow-Training/.venv/lib/python3.10/site-packages/airflow/example_dags/example_subdag_operator.py
[2023-11-04T16:52:11.797+0100] {processor.py:829} INFO - Processing file /Users/audioworkstation/Documents/WORKSPACE/LEARNING/Airflow-Training/.venv/lib/python3.10/site-packages/airflow/example_dags/example_subdag_operator.py for tasks to queue
[2023-11-04T16:52:11.797+0100] {logging_mixin.py:151} INFO - [2023-11-04T16:52:11.797+0100] {dagbag.py:539} INFO - Filling up the DagBag from /Users/audioworkstation/Documents/WORKSPACE/LEARNING/Airflow-Training/.venv/lib/python3.10/site-packages/airflow/example_dags/example_subdag_operator.py
[2023-11-04T16:52:11.957+0100] {processor.py:839} INFO - DAG(s) dict_keys(['example_subdag_operator.section-1', 'example_subdag_operator.section-2', 'example_subdag_operator']) retrieved from /Users/audioworkstation/Documents/WORKSPACE/LEARNING/Airflow-Training/.venv/lib/python3.10/site-packages/airflow/example_dags/example_subdag_operator.py
[2023-11-04T16:52:12.042+0100] {logging_mixin.py:151} INFO - [2023-11-04T16:52:12.041+0100] {dag.py:2915} INFO - Sync 3 DAGs
[2023-11-04T16:52:12.059+0100] {logging_mixin.py:151} INFO - [2023-11-04T16:52:12.058+0100] {dag.py:3696} INFO - Setting next_dagrun for example_subdag_operator to 2022-01-01T00:00:00+00:00, run_after=2022-01-01T00:00:00+00:00
[2023-11-04T16:52:12.061+0100] {logging_mixin.py:151} INFO - [2023-11-04T16:52:12.061+0100] {dag.py:3696} INFO - Setting next_dagrun for example_subdag_operator.section-1 to None, run_after=None
[2023-11-04T16:52:12.062+0100] {logging_mixin.py:151} INFO - [2023-11-04T16:52:12.062+0100] {dag.py:3696} INFO - Setting next_dagrun for example_subdag_operator.section-2 to None, run_after=None
[2023-11-04T16:52:12.068+0100] {logging_mixin.py:151} INFO - [2023-11-04T16:52:12.068+0100] {dag.py:2915} INFO - Sync 2 DAGs
[2023-11-04T16:52:12.072+0100] {logging_mixin.py:151} INFO - [2023-11-04T16:52:12.072+0100] {dag.py:3696} INFO - Setting next_dagrun for example_subdag_operator.section-1 to None, run_after=None
[2023-11-04T16:52:12.072+0100] {logging_mixin.py:151} INFO - [2023-11-04T16:52:12.072+0100] {dag.py:3696} INFO - Setting next_dagrun for example_subdag_operator.section-2 to None, run_after=None
[2023-11-04T16:52:12.091+0100] {processor.py:179} INFO - Processing /Users/audioworkstation/Documents/WORKSPACE/LEARNING/Airflow-Training/.venv/lib/python3.10/site-packages/airflow/example_dags/example_subdag_operator.py took 0.300 seconds
