[2023-11-04T16:42:24.370+0100] {processor.py:157} INFO - Started process (PID=3253) to work on /Users/audioworkstation/Documents/WORKSPACE/LEARNING/Airflow-Training/.venv/lib/python3.10/site-packages/airflow/example_dags/example_short_circuit_decorator.py
[2023-11-04T16:42:24.374+0100] {processor.py:829} INFO - Processing file /Users/audioworkstation/Documents/WORKSPACE/LEARNING/Airflow-Training/.venv/lib/python3.10/site-packages/airflow/example_dags/example_short_circuit_decorator.py for tasks to queue
[2023-11-04T16:42:24.374+0100] {logging_mixin.py:151} INFO - [2023-11-04T16:42:24.374+0100] {dagbag.py:539} INFO - Filling up the DagBag from /Users/audioworkstation/Documents/WORKSPACE/LEARNING/Airflow-Training/.venv/lib/python3.10/site-packages/airflow/example_dags/example_short_circuit_decorator.py
[2023-11-04T16:42:24.424+0100] {processor.py:839} INFO - DAG(s) dict_keys(['example_short_circuit_decorator']) retrieved from /Users/audioworkstation/Documents/WORKSPACE/LEARNING/Airflow-Training/.venv/lib/python3.10/site-packages/airflow/example_dags/example_short_circuit_decorator.py
[2023-11-04T16:42:24.581+0100] {logging_mixin.py:151} INFO - [2023-11-04T16:42:24.581+0100] {dag.py:2915} INFO - Sync 1 DAGs
[2023-11-04T16:42:24.595+0100] {logging_mixin.py:151} INFO - [2023-11-04T16:42:24.594+0100] {dag.py:3696} INFO - Setting next_dagrun for example_short_circuit_decorator to 2023-11-03T15:42:24.594806+00:00, run_after=2023-11-04T15:42:24.594806+00:00
[2023-11-04T16:42:24.620+0100] {processor.py:179} INFO - Processing /Users/audioworkstation/Documents/WORKSPACE/LEARNING/Airflow-Training/.venv/lib/python3.10/site-packages/airflow/example_dags/example_short_circuit_decorator.py took 0.250 seconds
[2023-11-04T16:44:10.175+0100] {processor.py:157} INFO - Started process (PID=3602) to work on /Users/audioworkstation/Documents/WORKSPACE/LEARNING/Airflow-Training/.venv/lib/python3.10/site-packages/airflow/example_dags/example_short_circuit_decorator.py
[2023-11-04T16:44:10.180+0100] {processor.py:829} INFO - Processing file /Users/audioworkstation/Documents/WORKSPACE/LEARNING/Airflow-Training/.venv/lib/python3.10/site-packages/airflow/example_dags/example_short_circuit_decorator.py for tasks to queue
[2023-11-04T16:44:10.181+0100] {logging_mixin.py:151} INFO - [2023-11-04T16:44:10.181+0100] {dagbag.py:539} INFO - Filling up the DagBag from /Users/audioworkstation/Documents/WORKSPACE/LEARNING/Airflow-Training/.venv/lib/python3.10/site-packages/airflow/example_dags/example_short_circuit_decorator.py
[2023-11-04T16:44:10.238+0100] {processor.py:839} INFO - DAG(s) dict_keys(['example_short_circuit_decorator']) retrieved from /Users/audioworkstation/Documents/WORKSPACE/LEARNING/Airflow-Training/.venv/lib/python3.10/site-packages/airflow/example_dags/example_short_circuit_decorator.py
[2023-11-04T16:44:10.406+0100] {logging_mixin.py:151} INFO - [2023-11-04T16:44:10.406+0100] {dag.py:2915} INFO - Sync 1 DAGs
[2023-11-04T16:44:10.421+0100] {logging_mixin.py:151} INFO - [2023-11-04T16:44:10.421+0100] {dag.py:3696} INFO - Setting next_dagrun for example_short_circuit_decorator to 2023-11-03T15:44:10.421201+00:00, run_after=2023-11-04T15:44:10.421201+00:00
[2023-11-04T16:44:10.447+0100] {processor.py:179} INFO - Processing /Users/audioworkstation/Documents/WORKSPACE/LEARNING/Airflow-Training/.venv/lib/python3.10/site-packages/airflow/example_dags/example_short_circuit_decorator.py took 0.272 seconds
[2023-11-04T16:45:22.910+0100] {processor.py:157} INFO - Started process (PID=3850) to work on /Users/audioworkstation/Documents/WORKSPACE/LEARNING/Airflow-Training/.venv/lib/python3.10/site-packages/airflow/example_dags/example_short_circuit_decorator.py
[2023-11-04T16:45:22.914+0100] {processor.py:829} INFO - Processing file /Users/audioworkstation/Documents/WORKSPACE/LEARNING/Airflow-Training/.venv/lib/python3.10/site-packages/airflow/example_dags/example_short_circuit_decorator.py for tasks to queue
[2023-11-04T16:45:22.915+0100] {logging_mixin.py:151} INFO - [2023-11-04T16:45:22.915+0100] {dagbag.py:539} INFO - Filling up the DagBag from /Users/audioworkstation/Documents/WORKSPACE/LEARNING/Airflow-Training/.venv/lib/python3.10/site-packages/airflow/example_dags/example_short_circuit_decorator.py
[2023-11-04T16:45:22.972+0100] {processor.py:839} INFO - DAG(s) dict_keys(['example_short_circuit_decorator']) retrieved from /Users/audioworkstation/Documents/WORKSPACE/LEARNING/Airflow-Training/.venv/lib/python3.10/site-packages/airflow/example_dags/example_short_circuit_decorator.py
[2023-11-04T16:45:23.147+0100] {logging_mixin.py:151} INFO - [2023-11-04T16:45:23.147+0100] {dag.py:2915} INFO - Sync 1 DAGs
[2023-11-04T16:45:23.163+0100] {logging_mixin.py:151} INFO - [2023-11-04T16:45:23.163+0100] {dag.py:3696} INFO - Setting next_dagrun for example_short_circuit_decorator to 2023-11-03T15:45:23.163145+00:00, run_after=2023-11-04T15:45:23.163145+00:00
[2023-11-04T16:45:23.188+0100] {processor.py:179} INFO - Processing /Users/audioworkstation/Documents/WORKSPACE/LEARNING/Airflow-Training/.venv/lib/python3.10/site-packages/airflow/example_dags/example_short_circuit_decorator.py took 0.279 seconds
[2023-11-04T16:46:48.157+0100] {processor.py:157} INFO - Started process (PID=4142) to work on /Users/audioworkstation/Documents/WORKSPACE/LEARNING/Airflow-Training/.venv/lib/python3.10/site-packages/airflow/example_dags/example_short_circuit_decorator.py
[2023-11-04T16:46:48.161+0100] {processor.py:829} INFO - Processing file /Users/audioworkstation/Documents/WORKSPACE/LEARNING/Airflow-Training/.venv/lib/python3.10/site-packages/airflow/example_dags/example_short_circuit_decorator.py for tasks to queue
[2023-11-04T16:46:48.162+0100] {logging_mixin.py:151} INFO - [2023-11-04T16:46:48.162+0100] {dagbag.py:539} INFO - Filling up the DagBag from /Users/audioworkstation/Documents/WORKSPACE/LEARNING/Airflow-Training/.venv/lib/python3.10/site-packages/airflow/example_dags/example_short_circuit_decorator.py
[2023-11-04T16:46:48.220+0100] {processor.py:839} INFO - DAG(s) dict_keys(['example_short_circuit_decorator']) retrieved from /Users/audioworkstation/Documents/WORKSPACE/LEARNING/Airflow-Training/.venv/lib/python3.10/site-packages/airflow/example_dags/example_short_circuit_decorator.py
[2023-11-04T16:46:48.390+0100] {logging_mixin.py:151} INFO - [2023-11-04T16:46:48.390+0100] {dag.py:2915} INFO - Sync 1 DAGs
[2023-11-04T16:46:48.406+0100] {logging_mixin.py:151} INFO - [2023-11-04T16:46:48.406+0100] {dag.py:3696} INFO - Setting next_dagrun for example_short_circuit_decorator to 2023-11-03T15:46:48.405844+00:00, run_after=2023-11-04T15:46:48.405844+00:00
[2023-11-04T16:46:48.430+0100] {processor.py:179} INFO - Processing /Users/audioworkstation/Documents/WORKSPACE/LEARNING/Airflow-Training/.venv/lib/python3.10/site-packages/airflow/example_dags/example_short_circuit_decorator.py took 0.274 seconds
[2023-11-04T16:48:04.307+0100] {processor.py:157} INFO - Started process (PID=4416) to work on /Users/audioworkstation/Documents/WORKSPACE/LEARNING/Airflow-Training/.venv/lib/python3.10/site-packages/airflow/example_dags/example_short_circuit_decorator.py
[2023-11-04T16:48:04.311+0100] {processor.py:829} INFO - Processing file /Users/audioworkstation/Documents/WORKSPACE/LEARNING/Airflow-Training/.venv/lib/python3.10/site-packages/airflow/example_dags/example_short_circuit_decorator.py for tasks to queue
[2023-11-04T16:48:04.312+0100] {logging_mixin.py:151} INFO - [2023-11-04T16:48:04.312+0100] {dagbag.py:539} INFO - Filling up the DagBag from /Users/audioworkstation/Documents/WORKSPACE/LEARNING/Airflow-Training/.venv/lib/python3.10/site-packages/airflow/example_dags/example_short_circuit_decorator.py
[2023-11-04T16:48:04.363+0100] {processor.py:839} INFO - DAG(s) dict_keys(['example_short_circuit_decorator']) retrieved from /Users/audioworkstation/Documents/WORKSPACE/LEARNING/Airflow-Training/.venv/lib/python3.10/site-packages/airflow/example_dags/example_short_circuit_decorator.py
[2023-11-04T16:48:04.521+0100] {logging_mixin.py:151} INFO - [2023-11-04T16:48:04.521+0100] {dag.py:2915} INFO - Sync 1 DAGs
[2023-11-04T16:48:04.535+0100] {logging_mixin.py:151} INFO - [2023-11-04T16:48:04.535+0100] {dag.py:3696} INFO - Setting next_dagrun for example_short_circuit_decorator to 2023-11-03T15:48:04.535623+00:00, run_after=2023-11-04T15:48:04.535623+00:00
[2023-11-04T16:48:04.561+0100] {processor.py:179} INFO - Processing /Users/audioworkstation/Documents/WORKSPACE/LEARNING/Airflow-Training/.venv/lib/python3.10/site-packages/airflow/example_dags/example_short_circuit_decorator.py took 0.254 seconds
[2023-11-04T16:49:45.043+0100] {processor.py:157} INFO - Started process (PID=4760) to work on /Users/audioworkstation/Documents/WORKSPACE/LEARNING/Airflow-Training/.venv/lib/python3.10/site-packages/airflow/example_dags/example_short_circuit_decorator.py
[2023-11-04T16:49:45.047+0100] {processor.py:829} INFO - Processing file /Users/audioworkstation/Documents/WORKSPACE/LEARNING/Airflow-Training/.venv/lib/python3.10/site-packages/airflow/example_dags/example_short_circuit_decorator.py for tasks to queue
[2023-11-04T16:49:45.048+0100] {logging_mixin.py:151} INFO - [2023-11-04T16:49:45.047+0100] {dagbag.py:539} INFO - Filling up the DagBag from /Users/audioworkstation/Documents/WORKSPACE/LEARNING/Airflow-Training/.venv/lib/python3.10/site-packages/airflow/example_dags/example_short_circuit_decorator.py
[2023-11-04T16:49:45.103+0100] {processor.py:839} INFO - DAG(s) dict_keys(['example_short_circuit_decorator']) retrieved from /Users/audioworkstation/Documents/WORKSPACE/LEARNING/Airflow-Training/.venv/lib/python3.10/site-packages/airflow/example_dags/example_short_circuit_decorator.py
[2023-11-04T16:49:45.277+0100] {logging_mixin.py:151} INFO - [2023-11-04T16:49:45.277+0100] {dag.py:2915} INFO - Sync 1 DAGs
[2023-11-04T16:49:45.292+0100] {logging_mixin.py:151} INFO - [2023-11-04T16:49:45.292+0100] {dag.py:3696} INFO - Setting next_dagrun for example_short_circuit_decorator to 2023-11-03T15:49:45.292523+00:00, run_after=2023-11-04T15:49:45.292523+00:00
[2023-11-04T16:49:45.319+0100] {processor.py:179} INFO - Processing /Users/audioworkstation/Documents/WORKSPACE/LEARNING/Airflow-Training/.venv/lib/python3.10/site-packages/airflow/example_dags/example_short_circuit_decorator.py took 0.276 seconds
[2023-11-04T16:51:04.419+0100] {processor.py:157} INFO - Started process (PID=5030) to work on /Users/audioworkstation/Documents/WORKSPACE/LEARNING/Airflow-Training/.venv/lib/python3.10/site-packages/airflow/example_dags/example_short_circuit_decorator.py
[2023-11-04T16:51:04.423+0100] {processor.py:829} INFO - Processing file /Users/audioworkstation/Documents/WORKSPACE/LEARNING/Airflow-Training/.venv/lib/python3.10/site-packages/airflow/example_dags/example_short_circuit_decorator.py for tasks to queue
[2023-11-04T16:51:04.423+0100] {logging_mixin.py:151} INFO - [2023-11-04T16:51:04.423+0100] {dagbag.py:539} INFO - Filling up the DagBag from /Users/audioworkstation/Documents/WORKSPACE/LEARNING/Airflow-Training/.venv/lib/python3.10/site-packages/airflow/example_dags/example_short_circuit_decorator.py
[2023-11-04T16:51:04.473+0100] {processor.py:839} INFO - DAG(s) dict_keys(['example_short_circuit_decorator']) retrieved from /Users/audioworkstation/Documents/WORKSPACE/LEARNING/Airflow-Training/.venv/lib/python3.10/site-packages/airflow/example_dags/example_short_circuit_decorator.py
[2023-11-04T16:51:04.624+0100] {logging_mixin.py:151} INFO - [2023-11-04T16:51:04.624+0100] {dag.py:2915} INFO - Sync 1 DAGs
[2023-11-04T16:51:04.638+0100] {logging_mixin.py:151} INFO - [2023-11-04T16:51:04.638+0100] {dag.py:3696} INFO - Setting next_dagrun for example_short_circuit_decorator to 2023-11-03T15:51:04.637879+00:00, run_after=2023-11-04T15:51:04.637879+00:00
[2023-11-04T16:51:04.662+0100] {processor.py:179} INFO - Processing /Users/audioworkstation/Documents/WORKSPACE/LEARNING/Airflow-Training/.venv/lib/python3.10/site-packages/airflow/example_dags/example_short_circuit_decorator.py took 0.244 seconds
[2023-11-04T16:52:22.756+0100] {processor.py:157} INFO - Started process (PID=5295) to work on /Users/audioworkstation/Documents/WORKSPACE/LEARNING/Airflow-Training/.venv/lib/python3.10/site-packages/airflow/example_dags/example_short_circuit_decorator.py
[2023-11-04T16:52:22.761+0100] {processor.py:829} INFO - Processing file /Users/audioworkstation/Documents/WORKSPACE/LEARNING/Airflow-Training/.venv/lib/python3.10/site-packages/airflow/example_dags/example_short_circuit_decorator.py for tasks to queue
[2023-11-04T16:52:22.762+0100] {logging_mixin.py:151} INFO - [2023-11-04T16:52:22.762+0100] {dagbag.py:539} INFO - Filling up the DagBag from /Users/audioworkstation/Documents/WORKSPACE/LEARNING/Airflow-Training/.venv/lib/python3.10/site-packages/airflow/example_dags/example_short_circuit_decorator.py
[2023-11-04T16:52:22.824+0100] {processor.py:839} INFO - DAG(s) dict_keys(['example_short_circuit_decorator']) retrieved from /Users/audioworkstation/Documents/WORKSPACE/LEARNING/Airflow-Training/.venv/lib/python3.10/site-packages/airflow/example_dags/example_short_circuit_decorator.py
[2023-11-04T16:52:23.013+0100] {logging_mixin.py:151} INFO - [2023-11-04T16:52:23.012+0100] {dag.py:2915} INFO - Sync 1 DAGs
[2023-11-04T16:52:23.030+0100] {logging_mixin.py:151} INFO - [2023-11-04T16:52:23.030+0100] {dag.py:3696} INFO - Setting next_dagrun for example_short_circuit_decorator to 2023-11-03T15:52:23.030436+00:00, run_after=2023-11-04T15:52:23.030436+00:00
[2023-11-04T16:52:23.056+0100] {processor.py:179} INFO - Processing /Users/audioworkstation/Documents/WORKSPACE/LEARNING/Airflow-Training/.venv/lib/python3.10/site-packages/airflow/example_dags/example_short_circuit_decorator.py took 0.300 seconds
