[2023-11-04T16:42:55.201+0100] {processor.py:157} INFO - Started process (PID=3353) to work on /Users/audioworkstation/Documents/WORKSPACE/LEARNING/Airflow-Training/.venv/lib/python3.10/site-packages/airflow/example_dags/example_kubernetes_executor.py
[2023-11-04T16:42:55.205+0100] {processor.py:829} INFO - Processing file /Users/audioworkstation/Documents/WORKSPACE/LEARNING/Airflow-Training/.venv/lib/python3.10/site-packages/airflow/example_dags/example_kubernetes_executor.py for tasks to queue
[2023-11-04T16:42:55.205+0100] {logging_mixin.py:151} INFO - [2023-11-04T16:42:55.205+0100] {dagbag.py:539} INFO - Filling up the DagBag from /Users/audioworkstation/Documents/WORKSPACE/LEARNING/Airflow-Training/.venv/lib/python3.10/site-packages/airflow/example_dags/example_kubernetes_executor.py
[2023-11-04T16:42:55.248+0100] {logging_mixin.py:151} INFO - [2023-11-04T16:42:55.248+0100] {example_kubernetes_executor.py:38} WARNING - The example_kubernetes_executor example DAG requires the kubernetes provider. Please install it with: pip install apache-airflow[cncf.kubernetes]
[2023-11-04T16:42:55.248+0100] {processor.py:841} WARNING - No viable dags retrieved from /Users/audioworkstation/Documents/WORKSPACE/LEARNING/Airflow-Training/.venv/lib/python3.10/site-packages/airflow/example_dags/example_kubernetes_executor.py
[2023-11-04T16:42:55.350+0100] {processor.py:179} INFO - Processing /Users/audioworkstation/Documents/WORKSPACE/LEARNING/Airflow-Training/.venv/lib/python3.10/site-packages/airflow/example_dags/example_kubernetes_executor.py took 0.150 seconds
[2023-11-04T16:44:41.114+0100] {processor.py:157} INFO - Started process (PID=3715) to work on /Users/audioworkstation/Documents/WORKSPACE/LEARNING/Airflow-Training/.venv/lib/python3.10/site-packages/airflow/example_dags/example_kubernetes_executor.py
[2023-11-04T16:44:41.118+0100] {processor.py:829} INFO - Processing file /Users/audioworkstation/Documents/WORKSPACE/LEARNING/Airflow-Training/.venv/lib/python3.10/site-packages/airflow/example_dags/example_kubernetes_executor.py for tasks to queue
[2023-11-04T16:44:41.119+0100] {logging_mixin.py:151} INFO - [2023-11-04T16:44:41.119+0100] {dagbag.py:539} INFO - Filling up the DagBag from /Users/audioworkstation/Documents/WORKSPACE/LEARNING/Airflow-Training/.venv/lib/python3.10/site-packages/airflow/example_dags/example_kubernetes_executor.py
[2023-11-04T16:44:41.170+0100] {logging_mixin.py:151} INFO - [2023-11-04T16:44:41.170+0100] {example_kubernetes_executor.py:38} WARNING - The example_kubernetes_executor example DAG requires the kubernetes provider. Please install it with: pip install apache-airflow[cncf.kubernetes]
[2023-11-04T16:44:41.170+0100] {processor.py:841} WARNING - No viable dags retrieved from /Users/audioworkstation/Documents/WORKSPACE/LEARNING/Airflow-Training/.venv/lib/python3.10/site-packages/airflow/example_dags/example_kubernetes_executor.py
[2023-11-04T16:44:41.283+0100] {processor.py:179} INFO - Processing /Users/audioworkstation/Documents/WORKSPACE/LEARNING/Airflow-Training/.venv/lib/python3.10/site-packages/airflow/example_dags/example_kubernetes_executor.py took 0.171 seconds
[2023-11-04T16:47:20.040+0100] {processor.py:157} INFO - Started process (PID=4247) to work on /Users/audioworkstation/Documents/WORKSPACE/LEARNING/Airflow-Training/.venv/lib/python3.10/site-packages/airflow/example_dags/example_kubernetes_executor.py
[2023-11-04T16:47:20.045+0100] {processor.py:829} INFO - Processing file /Users/audioworkstation/Documents/WORKSPACE/LEARNING/Airflow-Training/.venv/lib/python3.10/site-packages/airflow/example_dags/example_kubernetes_executor.py for tasks to queue
[2023-11-04T16:47:20.045+0100] {logging_mixin.py:151} INFO - [2023-11-04T16:47:20.045+0100] {dagbag.py:539} INFO - Filling up the DagBag from /Users/audioworkstation/Documents/WORKSPACE/LEARNING/Airflow-Training/.venv/lib/python3.10/site-packages/airflow/example_dags/example_kubernetes_executor.py
[2023-11-04T16:47:20.090+0100] {logging_mixin.py:151} INFO - [2023-11-04T16:47:20.089+0100] {example_kubernetes_executor.py:38} WARNING - The example_kubernetes_executor example DAG requires the kubernetes provider. Please install it with: pip install apache-airflow[cncf.kubernetes]
[2023-11-04T16:47:20.090+0100] {processor.py:841} WARNING - No viable dags retrieved from /Users/audioworkstation/Documents/WORKSPACE/LEARNING/Airflow-Training/.venv/lib/python3.10/site-packages/airflow/example_dags/example_kubernetes_executor.py
[2023-11-04T16:47:20.208+0100] {processor.py:179} INFO - Processing /Users/audioworkstation/Documents/WORKSPACE/LEARNING/Airflow-Training/.venv/lib/python3.10/site-packages/airflow/example_dags/example_kubernetes_executor.py took 0.168 seconds
[2023-11-04T16:50:15.742+0100] {processor.py:157} INFO - Started process (PID=4863) to work on /Users/audioworkstation/Documents/WORKSPACE/LEARNING/Airflow-Training/.venv/lib/python3.10/site-packages/airflow/example_dags/example_kubernetes_executor.py
[2023-11-04T16:50:15.746+0100] {processor.py:829} INFO - Processing file /Users/audioworkstation/Documents/WORKSPACE/LEARNING/Airflow-Training/.venv/lib/python3.10/site-packages/airflow/example_dags/example_kubernetes_executor.py for tasks to queue
[2023-11-04T16:50:15.747+0100] {logging_mixin.py:151} INFO - [2023-11-04T16:50:15.746+0100] {dagbag.py:539} INFO - Filling up the DagBag from /Users/audioworkstation/Documents/WORKSPACE/LEARNING/Airflow-Training/.venv/lib/python3.10/site-packages/airflow/example_dags/example_kubernetes_executor.py
[2023-11-04T16:50:15.794+0100] {logging_mixin.py:151} INFO - [2023-11-04T16:50:15.794+0100] {example_kubernetes_executor.py:38} WARNING - The example_kubernetes_executor example DAG requires the kubernetes provider. Please install it with: pip install apache-airflow[cncf.kubernetes]
[2023-11-04T16:50:15.794+0100] {processor.py:841} WARNING - No viable dags retrieved from /Users/audioworkstation/Documents/WORKSPACE/LEARNING/Airflow-Training/.venv/lib/python3.10/site-packages/airflow/example_dags/example_kubernetes_executor.py
[2023-11-04T16:50:15.902+0100] {processor.py:179} INFO - Processing /Users/audioworkstation/Documents/WORKSPACE/LEARNING/Airflow-Training/.venv/lib/python3.10/site-packages/airflow/example_dags/example_kubernetes_executor.py took 0.161 seconds
