[2023-11-04T16:43:25.242+0100] {processor.py:157} INFO - Started process (PID=3453) to work on /Users/audioworkstation/Documents/WORKSPACE/LEARNING/Airflow-Training/.venv/lib/python3.10/site-packages/airflow/example_dags/example_bash_operator.py
[2023-11-04T16:43:25.246+0100] {processor.py:829} INFO - Processing file /Users/audioworkstation/Documents/WORKSPACE/LEARNING/Airflow-Training/.venv/lib/python3.10/site-packages/airflow/example_dags/example_bash_operator.py for tasks to queue
[2023-11-04T16:43:25.247+0100] {logging_mixin.py:151} INFO - [2023-11-04T16:43:25.246+0100] {dagbag.py:539} INFO - Filling up the DagBag from /Users/audioworkstation/Documents/WORKSPACE/LEARNING/Airflow-Training/.venv/lib/python3.10/site-packages/airflow/example_dags/example_bash_operator.py
[2023-11-04T16:43:25.310+0100] {processor.py:839} INFO - DAG(s) dict_keys(['example_bash_operator']) retrieved from /Users/audioworkstation/Documents/WORKSPACE/LEARNING/Airflow-Training/.venv/lib/python3.10/site-packages/airflow/example_dags/example_bash_operator.py
[2023-11-04T16:43:25.435+0100] {logging_mixin.py:151} INFO - [2023-11-04T16:43:25.434+0100] {dag.py:2915} INFO - Sync 1 DAGs
[2023-11-04T16:43:25.449+0100] {logging_mixin.py:151} INFO - [2023-11-04T16:43:25.449+0100] {dag.py:3696} INFO - Setting next_dagrun for example_bash_operator to 2023-11-03T00:00:00+00:00, run_after=2023-11-04T00:00:00+00:00
[2023-11-04T16:43:25.474+0100] {processor.py:179} INFO - Processing /Users/audioworkstation/Documents/WORKSPACE/LEARNING/Airflow-Training/.venv/lib/python3.10/site-packages/airflow/example_dags/example_bash_operator.py took 0.232 seconds
[2023-11-04T16:45:55.375+0100] {processor.py:157} INFO - Started process (PID=3958) to work on /Users/audioworkstation/Documents/WORKSPACE/LEARNING/Airflow-Training/.venv/lib/python3.10/site-packages/airflow/example_dags/example_bash_operator.py
[2023-11-04T16:45:55.381+0100] {processor.py:829} INFO - Processing file /Users/audioworkstation/Documents/WORKSPACE/LEARNING/Airflow-Training/.venv/lib/python3.10/site-packages/airflow/example_dags/example_bash_operator.py for tasks to queue
[2023-11-04T16:45:55.382+0100] {logging_mixin.py:151} INFO - [2023-11-04T16:45:55.381+0100] {dagbag.py:539} INFO - Filling up the DagBag from /Users/audioworkstation/Documents/WORKSPACE/LEARNING/Airflow-Training/.venv/lib/python3.10/site-packages/airflow/example_dags/example_bash_operator.py
[2023-11-04T16:45:55.459+0100] {processor.py:839} INFO - DAG(s) dict_keys(['example_bash_operator']) retrieved from /Users/audioworkstation/Documents/WORKSPACE/LEARNING/Airflow-Training/.venv/lib/python3.10/site-packages/airflow/example_dags/example_bash_operator.py
[2023-11-04T16:45:55.626+0100] {logging_mixin.py:151} INFO - [2023-11-04T16:45:55.625+0100] {dag.py:2915} INFO - Sync 1 DAGs
[2023-11-04T16:45:55.645+0100] {logging_mixin.py:151} INFO - [2023-11-04T16:45:55.645+0100] {dag.py:3696} INFO - Setting next_dagrun for example_bash_operator to 2023-11-03T00:00:00+00:00, run_after=2023-11-04T00:00:00+00:00
[2023-11-04T16:45:55.671+0100] {processor.py:179} INFO - Processing /Users/audioworkstation/Documents/WORKSPACE/LEARNING/Airflow-Training/.venv/lib/python3.10/site-packages/airflow/example_dags/example_bash_operator.py took 0.296 seconds
[2023-11-04T16:48:40.087+0100] {processor.py:157} INFO - Started process (PID=4531) to work on /Users/audioworkstation/Documents/WORKSPACE/LEARNING/Airflow-Training/.venv/lib/python3.10/site-packages/airflow/example_dags/example_bash_operator.py
[2023-11-04T16:48:40.092+0100] {processor.py:829} INFO - Processing file /Users/audioworkstation/Documents/WORKSPACE/LEARNING/Airflow-Training/.venv/lib/python3.10/site-packages/airflow/example_dags/example_bash_operator.py for tasks to queue
[2023-11-04T16:48:40.093+0100] {logging_mixin.py:151} INFO - [2023-11-04T16:48:40.092+0100] {dagbag.py:539} INFO - Filling up the DagBag from /Users/audioworkstation/Documents/WORKSPACE/LEARNING/Airflow-Training/.venv/lib/python3.10/site-packages/airflow/example_dags/example_bash_operator.py
[2023-11-04T16:48:40.177+0100] {processor.py:839} INFO - DAG(s) dict_keys(['example_bash_operator']) retrieved from /Users/audioworkstation/Documents/WORKSPACE/LEARNING/Airflow-Training/.venv/lib/python3.10/site-packages/airflow/example_dags/example_bash_operator.py
[2023-11-04T16:48:40.342+0100] {logging_mixin.py:151} INFO - [2023-11-04T16:48:40.342+0100] {dag.py:2915} INFO - Sync 1 DAGs
[2023-11-04T16:48:40.361+0100] {logging_mixin.py:151} INFO - [2023-11-04T16:48:40.361+0100] {dag.py:3696} INFO - Setting next_dagrun for example_bash_operator to 2023-11-03T00:00:00+00:00, run_after=2023-11-04T00:00:00+00:00
[2023-11-04T16:48:40.386+0100] {processor.py:179} INFO - Processing /Users/audioworkstation/Documents/WORKSPACE/LEARNING/Airflow-Training/.venv/lib/python3.10/site-packages/airflow/example_dags/example_bash_operator.py took 0.300 seconds
[2023-11-04T16:51:35.125+0100] {processor.py:157} INFO - Started process (PID=5129) to work on /Users/audioworkstation/Documents/WORKSPACE/LEARNING/Airflow-Training/.venv/lib/python3.10/site-packages/airflow/example_dags/example_bash_operator.py
[2023-11-04T16:51:35.129+0100] {processor.py:829} INFO - Processing file /Users/audioworkstation/Documents/WORKSPACE/LEARNING/Airflow-Training/.venv/lib/python3.10/site-packages/airflow/example_dags/example_bash_operator.py for tasks to queue
[2023-11-04T16:51:35.129+0100] {logging_mixin.py:151} INFO - [2023-11-04T16:51:35.129+0100] {dagbag.py:539} INFO - Filling up the DagBag from /Users/audioworkstation/Documents/WORKSPACE/LEARNING/Airflow-Training/.venv/lib/python3.10/site-packages/airflow/example_dags/example_bash_operator.py
[2023-11-04T16:51:35.192+0100] {processor.py:839} INFO - DAG(s) dict_keys(['example_bash_operator']) retrieved from /Users/audioworkstation/Documents/WORKSPACE/LEARNING/Airflow-Training/.venv/lib/python3.10/site-packages/airflow/example_dags/example_bash_operator.py
[2023-11-04T16:51:35.328+0100] {logging_mixin.py:151} INFO - [2023-11-04T16:51:35.328+0100] {dag.py:2915} INFO - Sync 1 DAGs
[2023-11-04T16:51:35.344+0100] {logging_mixin.py:151} INFO - [2023-11-04T16:51:35.343+0100] {dag.py:3696} INFO - Setting next_dagrun for example_bash_operator to 2023-11-04T00:00:00+00:00, run_after=2023-11-05T00:00:00+00:00
[2023-11-04T16:51:35.365+0100] {processor.py:179} INFO - Processing /Users/audioworkstation/Documents/WORKSPACE/LEARNING/Airflow-Training/.venv/lib/python3.10/site-packages/airflow/example_dags/example_bash_operator.py took 0.241 seconds
