[2023-11-04T16:43:01.714+0100] {processor.py:157} INFO - Started process (PID=3386) to work on /Users/audioworkstation/Documents/WORKSPACE/LEARNING/Airflow-Training/.venv/lib/python3.10/site-packages/airflow/example_dags/example_dynamic_task_mapping.py
[2023-11-04T16:43:01.718+0100] {processor.py:829} INFO - Processing file /Users/audioworkstation/Documents/WORKSPACE/LEARNING/Airflow-Training/.venv/lib/python3.10/site-packages/airflow/example_dags/example_dynamic_task_mapping.py for tasks to queue
[2023-11-04T16:43:01.718+0100] {logging_mixin.py:151} INFO - [2023-11-04T16:43:01.718+0100] {dagbag.py:539} INFO - Filling up the DagBag from /Users/audioworkstation/Documents/WORKSPACE/LEARNING/Airflow-Training/.venv/lib/python3.10/site-packages/airflow/example_dags/example_dynamic_task_mapping.py
[2023-11-04T16:43:01.763+0100] {processor.py:839} INFO - DAG(s) dict_keys(['example_dynamic_task_mapping']) retrieved from /Users/audioworkstation/Documents/WORKSPACE/LEARNING/Airflow-Training/.venv/lib/python3.10/site-packages/airflow/example_dags/example_dynamic_task_mapping.py
[2023-11-04T16:43:01.914+0100] {logging_mixin.py:151} INFO - [2023-11-04T16:43:01.914+0100] {dag.py:2915} INFO - Sync 1 DAGs
[2023-11-04T16:43:01.927+0100] {logging_mixin.py:151} INFO - [2023-11-04T16:43:01.927+0100] {dag.py:3696} INFO - Setting next_dagrun for example_dynamic_task_mapping to 2022-03-04T00:00:00+00:00, run_after=2022-03-05T00:00:00+00:00
[2023-11-04T16:43:01.952+0100] {processor.py:179} INFO - Processing /Users/audioworkstation/Documents/WORKSPACE/LEARNING/Airflow-Training/.venv/lib/python3.10/site-packages/airflow/example_dags/example_dynamic_task_mapping.py took 0.239 seconds
[2023-11-04T16:45:29.667+0100] {processor.py:157} INFO - Started process (PID=3868) to work on /Users/audioworkstation/Documents/WORKSPACE/LEARNING/Airflow-Training/.venv/lib/python3.10/site-packages/airflow/example_dags/example_dynamic_task_mapping.py
[2023-11-04T16:45:29.672+0100] {processor.py:829} INFO - Processing file /Users/audioworkstation/Documents/WORKSPACE/LEARNING/Airflow-Training/.venv/lib/python3.10/site-packages/airflow/example_dags/example_dynamic_task_mapping.py for tasks to queue
[2023-11-04T16:45:29.673+0100] {logging_mixin.py:151} INFO - [2023-11-04T16:45:29.672+0100] {dagbag.py:539} INFO - Filling up the DagBag from /Users/audioworkstation/Documents/WORKSPACE/LEARNING/Airflow-Training/.venv/lib/python3.10/site-packages/airflow/example_dags/example_dynamic_task_mapping.py
[2023-11-04T16:45:29.733+0100] {processor.py:839} INFO - DAG(s) dict_keys(['example_dynamic_task_mapping']) retrieved from /Users/audioworkstation/Documents/WORKSPACE/LEARNING/Airflow-Training/.venv/lib/python3.10/site-packages/airflow/example_dags/example_dynamic_task_mapping.py
[2023-11-04T16:45:29.910+0100] {logging_mixin.py:151} INFO - [2023-11-04T16:45:29.909+0100] {dag.py:2915} INFO - Sync 1 DAGs
[2023-11-04T16:45:29.927+0100] {logging_mixin.py:151} INFO - [2023-11-04T16:45:29.927+0100] {dag.py:3696} INFO - Setting next_dagrun for example_dynamic_task_mapping to 2022-03-04T00:00:00+00:00, run_after=2022-03-05T00:00:00+00:00
[2023-11-04T16:45:29.952+0100] {processor.py:179} INFO - Processing /Users/audioworkstation/Documents/WORKSPACE/LEARNING/Airflow-Training/.venv/lib/python3.10/site-packages/airflow/example_dags/example_dynamic_task_mapping.py took 0.286 seconds
[2023-11-04T16:48:11.296+0100] {processor.py:157} INFO - Started process (PID=4447) to work on /Users/audioworkstation/Documents/WORKSPACE/LEARNING/Airflow-Training/.venv/lib/python3.10/site-packages/airflow/example_dags/example_dynamic_task_mapping.py
[2023-11-04T16:48:11.300+0100] {processor.py:829} INFO - Processing file /Users/audioworkstation/Documents/WORKSPACE/LEARNING/Airflow-Training/.venv/lib/python3.10/site-packages/airflow/example_dags/example_dynamic_task_mapping.py for tasks to queue
[2023-11-04T16:48:11.301+0100] {logging_mixin.py:151} INFO - [2023-11-04T16:48:11.301+0100] {dagbag.py:539} INFO - Filling up the DagBag from /Users/audioworkstation/Documents/WORKSPACE/LEARNING/Airflow-Training/.venv/lib/python3.10/site-packages/airflow/example_dags/example_dynamic_task_mapping.py
[2023-11-04T16:48:11.350+0100] {processor.py:839} INFO - DAG(s) dict_keys(['example_dynamic_task_mapping']) retrieved from /Users/audioworkstation/Documents/WORKSPACE/LEARNING/Airflow-Training/.venv/lib/python3.10/site-packages/airflow/example_dags/example_dynamic_task_mapping.py
[2023-11-04T16:48:11.503+0100] {logging_mixin.py:151} INFO - [2023-11-04T16:48:11.503+0100] {dag.py:2915} INFO - Sync 1 DAGs
[2023-11-04T16:48:11.517+0100] {logging_mixin.py:151} INFO - [2023-11-04T16:48:11.517+0100] {dag.py:3696} INFO - Setting next_dagrun for example_dynamic_task_mapping to 2022-03-04T00:00:00+00:00, run_after=2022-03-05T00:00:00+00:00
[2023-11-04T16:48:11.542+0100] {processor.py:179} INFO - Processing /Users/audioworkstation/Documents/WORKSPACE/LEARNING/Airflow-Training/.venv/lib/python3.10/site-packages/airflow/example_dags/example_dynamic_task_mapping.py took 0.246 seconds
[2023-11-04T16:51:09.047+0100] {processor.py:157} INFO - Started process (PID=5046) to work on /Users/audioworkstation/Documents/WORKSPACE/LEARNING/Airflow-Training/.venv/lib/python3.10/site-packages/airflow/example_dags/example_dynamic_task_mapping.py
[2023-11-04T16:51:09.051+0100] {processor.py:829} INFO - Processing file /Users/audioworkstation/Documents/WORKSPACE/LEARNING/Airflow-Training/.venv/lib/python3.10/site-packages/airflow/example_dags/example_dynamic_task_mapping.py for tasks to queue
[2023-11-04T16:51:09.051+0100] {logging_mixin.py:151} INFO - [2023-11-04T16:51:09.051+0100] {dagbag.py:539} INFO - Filling up the DagBag from /Users/audioworkstation/Documents/WORKSPACE/LEARNING/Airflow-Training/.venv/lib/python3.10/site-packages/airflow/example_dags/example_dynamic_task_mapping.py
[2023-11-04T16:51:09.098+0100] {processor.py:839} INFO - DAG(s) dict_keys(['example_dynamic_task_mapping']) retrieved from /Users/audioworkstation/Documents/WORKSPACE/LEARNING/Airflow-Training/.venv/lib/python3.10/site-packages/airflow/example_dags/example_dynamic_task_mapping.py
[2023-11-04T16:51:09.249+0100] {logging_mixin.py:151} INFO - [2023-11-04T16:51:09.248+0100] {dag.py:2915} INFO - Sync 1 DAGs
[2023-11-04T16:51:09.264+0100] {logging_mixin.py:151} INFO - [2023-11-04T16:51:09.263+0100] {dag.py:3696} INFO - Setting next_dagrun for example_dynamic_task_mapping to 2022-03-04T00:00:00+00:00, run_after=2022-03-05T00:00:00+00:00
[2023-11-04T16:51:09.282+0100] {processor.py:179} INFO - Processing /Users/audioworkstation/Documents/WORKSPACE/LEARNING/Airflow-Training/.venv/lib/python3.10/site-packages/airflow/example_dags/example_dynamic_task_mapping.py took 0.236 seconds
