[2023-11-04T16:42:59.273+0100] {processor.py:157} INFO - Started process (PID=3371) to work on /Users/audioworkstation/Documents/WORKSPACE/LEARNING/Airflow-Training/.venv/lib/python3.10/site-packages/airflow/example_dags/example_dynamic_task_mapping_with_no_taskflow_operators.py
[2023-11-04T16:42:59.278+0100] {processor.py:829} INFO - Processing file /Users/audioworkstation/Documents/WORKSPACE/LEARNING/Airflow-Training/.venv/lib/python3.10/site-packages/airflow/example_dags/example_dynamic_task_mapping_with_no_taskflow_operators.py for tasks to queue
[2023-11-04T16:42:59.278+0100] {logging_mixin.py:151} INFO - [2023-11-04T16:42:59.278+0100] {dagbag.py:539} INFO - Filling up the DagBag from /Users/audioworkstation/Documents/WORKSPACE/LEARNING/Airflow-Training/.venv/lib/python3.10/site-packages/airflow/example_dags/example_dynamic_task_mapping_with_no_taskflow_operators.py
[2023-11-04T16:42:59.308+0100] {processor.py:839} INFO - DAG(s) dict_keys(['example_dynamic_task_mapping_with_no_taskflow_operators']) retrieved from /Users/audioworkstation/Documents/WORKSPACE/LEARNING/Airflow-Training/.venv/lib/python3.10/site-packages/airflow/example_dags/example_dynamic_task_mapping_with_no_taskflow_operators.py
[2023-11-04T16:42:59.502+0100] {logging_mixin.py:151} INFO - [2023-11-04T16:42:59.502+0100] {dag.py:2915} INFO - Sync 1 DAGs
[2023-11-04T16:42:59.521+0100] {logging_mixin.py:151} INFO - [2023-11-04T16:42:59.521+0100] {dag.py:3696} INFO - Setting next_dagrun for example_dynamic_task_mapping_with_no_taskflow_operators to 2023-11-03T15:42:59.521080+00:00, run_after=2023-11-04T15:42:59.521080+00:00
[2023-11-04T16:42:59.547+0100] {processor.py:179} INFO - Processing /Users/audioworkstation/Documents/WORKSPACE/LEARNING/Airflow-Training/.venv/lib/python3.10/site-packages/airflow/example_dags/example_dynamic_task_mapping_with_no_taskflow_operators.py took 0.274 seconds
[2023-11-04T16:45:27.132+0100] {processor.py:157} INFO - Started process (PID=3866) to work on /Users/audioworkstation/Documents/WORKSPACE/LEARNING/Airflow-Training/.venv/lib/python3.10/site-packages/airflow/example_dags/example_dynamic_task_mapping_with_no_taskflow_operators.py
[2023-11-04T16:45:27.136+0100] {processor.py:829} INFO - Processing file /Users/audioworkstation/Documents/WORKSPACE/LEARNING/Airflow-Training/.venv/lib/python3.10/site-packages/airflow/example_dags/example_dynamic_task_mapping_with_no_taskflow_operators.py for tasks to queue
[2023-11-04T16:45:27.136+0100] {logging_mixin.py:151} INFO - [2023-11-04T16:45:27.136+0100] {dagbag.py:539} INFO - Filling up the DagBag from /Users/audioworkstation/Documents/WORKSPACE/LEARNING/Airflow-Training/.venv/lib/python3.10/site-packages/airflow/example_dags/example_dynamic_task_mapping_with_no_taskflow_operators.py
[2023-11-04T16:45:27.161+0100] {processor.py:839} INFO - DAG(s) dict_keys(['example_dynamic_task_mapping_with_no_taskflow_operators']) retrieved from /Users/audioworkstation/Documents/WORKSPACE/LEARNING/Airflow-Training/.venv/lib/python3.10/site-packages/airflow/example_dags/example_dynamic_task_mapping_with_no_taskflow_operators.py
[2023-11-04T16:45:27.326+0100] {logging_mixin.py:151} INFO - [2023-11-04T16:45:27.326+0100] {dag.py:2915} INFO - Sync 1 DAGs
[2023-11-04T16:45:27.342+0100] {logging_mixin.py:151} INFO - [2023-11-04T16:45:27.341+0100] {dag.py:3696} INFO - Setting next_dagrun for example_dynamic_task_mapping_with_no_taskflow_operators to 2023-11-03T15:45:27.341797+00:00, run_after=2023-11-04T15:45:27.341797+00:00
[2023-11-04T16:45:27.363+0100] {processor.py:179} INFO - Processing /Users/audioworkstation/Documents/WORKSPACE/LEARNING/Airflow-Training/.venv/lib/python3.10/site-packages/airflow/example_dags/example_dynamic_task_mapping_with_no_taskflow_operators.py took 0.232 seconds
[2023-11-04T16:48:08.826+0100] {processor.py:157} INFO - Started process (PID=4432) to work on /Users/audioworkstation/Documents/WORKSPACE/LEARNING/Airflow-Training/.venv/lib/python3.10/site-packages/airflow/example_dags/example_dynamic_task_mapping_with_no_taskflow_operators.py
[2023-11-04T16:48:08.830+0100] {processor.py:829} INFO - Processing file /Users/audioworkstation/Documents/WORKSPACE/LEARNING/Airflow-Training/.venv/lib/python3.10/site-packages/airflow/example_dags/example_dynamic_task_mapping_with_no_taskflow_operators.py for tasks to queue
[2023-11-04T16:48:08.830+0100] {logging_mixin.py:151} INFO - [2023-11-04T16:48:08.830+0100] {dagbag.py:539} INFO - Filling up the DagBag from /Users/audioworkstation/Documents/WORKSPACE/LEARNING/Airflow-Training/.venv/lib/python3.10/site-packages/airflow/example_dags/example_dynamic_task_mapping_with_no_taskflow_operators.py
[2023-11-04T16:48:08.855+0100] {processor.py:839} INFO - DAG(s) dict_keys(['example_dynamic_task_mapping_with_no_taskflow_operators']) retrieved from /Users/audioworkstation/Documents/WORKSPACE/LEARNING/Airflow-Training/.venv/lib/python3.10/site-packages/airflow/example_dags/example_dynamic_task_mapping_with_no_taskflow_operators.py
[2023-11-04T16:48:09.016+0100] {logging_mixin.py:151} INFO - [2023-11-04T16:48:09.015+0100] {dag.py:2915} INFO - Sync 1 DAGs
[2023-11-04T16:48:09.031+0100] {logging_mixin.py:151} INFO - [2023-11-04T16:48:09.030+0100] {dag.py:3696} INFO - Setting next_dagrun for example_dynamic_task_mapping_with_no_taskflow_operators to 2023-11-03T15:48:09.030713+00:00, run_after=2023-11-04T15:48:09.030713+00:00
[2023-11-04T16:48:09.053+0100] {processor.py:179} INFO - Processing /Users/audioworkstation/Documents/WORKSPACE/LEARNING/Airflow-Training/.venv/lib/python3.10/site-packages/airflow/example_dags/example_dynamic_task_mapping_with_no_taskflow_operators.py took 0.228 seconds
[2023-11-04T16:50:19.791+0100] {processor.py:157} INFO - Started process (PID=4879) to work on /Users/audioworkstation/Documents/WORKSPACE/LEARNING/Airflow-Training/.venv/lib/python3.10/site-packages/airflow/example_dags/example_dynamic_task_mapping_with_no_taskflow_operators.py
[2023-11-04T16:50:19.795+0100] {processor.py:829} INFO - Processing file /Users/audioworkstation/Documents/WORKSPACE/LEARNING/Airflow-Training/.venv/lib/python3.10/site-packages/airflow/example_dags/example_dynamic_task_mapping_with_no_taskflow_operators.py for tasks to queue
[2023-11-04T16:50:19.796+0100] {logging_mixin.py:151} INFO - [2023-11-04T16:50:19.796+0100] {dagbag.py:539} INFO - Filling up the DagBag from /Users/audioworkstation/Documents/WORKSPACE/LEARNING/Airflow-Training/.venv/lib/python3.10/site-packages/airflow/example_dags/example_dynamic_task_mapping_with_no_taskflow_operators.py
[2023-11-04T16:50:19.825+0100] {processor.py:839} INFO - DAG(s) dict_keys(['example_dynamic_task_mapping_with_no_taskflow_operators']) retrieved from /Users/audioworkstation/Documents/WORKSPACE/LEARNING/Airflow-Training/.venv/lib/python3.10/site-packages/airflow/example_dags/example_dynamic_task_mapping_with_no_taskflow_operators.py
[2023-11-04T16:50:19.997+0100] {logging_mixin.py:151} INFO - [2023-11-04T16:50:19.996+0100] {dag.py:2915} INFO - Sync 1 DAGs
[2023-11-04T16:50:20.013+0100] {logging_mixin.py:151} INFO - [2023-11-04T16:50:20.013+0100] {dag.py:3696} INFO - Setting next_dagrun for example_dynamic_task_mapping_with_no_taskflow_operators to 2023-11-03T15:50:20.013229+00:00, run_after=2023-11-04T15:50:20.013229+00:00
[2023-11-04T16:50:20.036+0100] {processor.py:179} INFO - Processing /Users/audioworkstation/Documents/WORKSPACE/LEARNING/Airflow-Training/.venv/lib/python3.10/site-packages/airflow/example_dags/example_dynamic_task_mapping_with_no_taskflow_operators.py took 0.246 seconds
