[2023-11-04T16:43:15.263+0100] {processor.py:157} INFO - Started process (PID=3421) to work on /Users/audioworkstation/Documents/WORKSPACE/LEARNING/Airflow-Training/.venv/lib/python3.10/site-packages/airflow/example_dags/example_branch_operator.py
[2023-11-04T16:43:15.267+0100] {processor.py:829} INFO - Processing file /Users/audioworkstation/Documents/WORKSPACE/LEARNING/Airflow-Training/.venv/lib/python3.10/site-packages/airflow/example_dags/example_branch_operator.py for tasks to queue
[2023-11-04T16:43:15.267+0100] {logging_mixin.py:151} INFO - [2023-11-04T16:43:15.267+0100] {dagbag.py:539} INFO - Filling up the DagBag from /Users/audioworkstation/Documents/WORKSPACE/LEARNING/Airflow-Training/.venv/lib/python3.10/site-packages/airflow/example_dags/example_branch_operator.py
[2023-11-04T16:43:15.306+0100] {processor.py:839} INFO - DAG(s) dict_keys(['example_branch_operator']) retrieved from /Users/audioworkstation/Documents/WORKSPACE/LEARNING/Airflow-Training/.venv/lib/python3.10/site-packages/airflow/example_dags/example_branch_operator.py
[2023-11-04T16:43:15.484+0100] {logging_mixin.py:151} INFO - [2023-11-04T16:43:15.484+0100] {dag.py:2915} INFO - Sync 1 DAGs
[2023-11-04T16:43:15.501+0100] {logging_mixin.py:151} INFO - [2023-11-04T16:43:15.501+0100] {dag.py:3696} INFO - Setting next_dagrun for example_branch_operator to 2023-11-03T00:00:00+00:00, run_after=2023-11-04T00:00:00+00:00
[2023-11-04T16:43:15.526+0100] {processor.py:179} INFO - Processing /Users/audioworkstation/Documents/WORKSPACE/LEARNING/Airflow-Training/.venv/lib/python3.10/site-packages/airflow/example_dags/example_branch_operator.py took 0.263 seconds
[2023-11-04T16:45:44.332+0100] {processor.py:157} INFO - Started process (PID=3922) to work on /Users/audioworkstation/Documents/WORKSPACE/LEARNING/Airflow-Training/.venv/lib/python3.10/site-packages/airflow/example_dags/example_branch_operator.py
[2023-11-04T16:45:44.336+0100] {processor.py:829} INFO - Processing file /Users/audioworkstation/Documents/WORKSPACE/LEARNING/Airflow-Training/.venv/lib/python3.10/site-packages/airflow/example_dags/example_branch_operator.py for tasks to queue
[2023-11-04T16:45:44.337+0100] {logging_mixin.py:151} INFO - [2023-11-04T16:45:44.336+0100] {dagbag.py:539} INFO - Filling up the DagBag from /Users/audioworkstation/Documents/WORKSPACE/LEARNING/Airflow-Training/.venv/lib/python3.10/site-packages/airflow/example_dags/example_branch_operator.py
[2023-11-04T16:45:44.379+0100] {processor.py:839} INFO - DAG(s) dict_keys(['example_branch_operator']) retrieved from /Users/audioworkstation/Documents/WORKSPACE/LEARNING/Airflow-Training/.venv/lib/python3.10/site-packages/airflow/example_dags/example_branch_operator.py
[2023-11-04T16:45:44.548+0100] {logging_mixin.py:151} INFO - [2023-11-04T16:45:44.547+0100] {dag.py:2915} INFO - Sync 1 DAGs
[2023-11-04T16:45:44.563+0100] {logging_mixin.py:151} INFO - [2023-11-04T16:45:44.563+0100] {dag.py:3696} INFO - Setting next_dagrun for example_branch_operator to 2023-11-03T00:00:00+00:00, run_after=2023-11-04T00:00:00+00:00
[2023-11-04T16:45:44.587+0100] {processor.py:179} INFO - Processing /Users/audioworkstation/Documents/WORKSPACE/LEARNING/Airflow-Training/.venv/lib/python3.10/site-packages/airflow/example_dags/example_branch_operator.py took 0.256 seconds
[2023-11-04T16:48:29.363+0100] {processor.py:157} INFO - Started process (PID=4498) to work on /Users/audioworkstation/Documents/WORKSPACE/LEARNING/Airflow-Training/.venv/lib/python3.10/site-packages/airflow/example_dags/example_branch_operator.py
[2023-11-04T16:48:29.368+0100] {processor.py:829} INFO - Processing file /Users/audioworkstation/Documents/WORKSPACE/LEARNING/Airflow-Training/.venv/lib/python3.10/site-packages/airflow/example_dags/example_branch_operator.py for tasks to queue
[2023-11-04T16:48:29.369+0100] {logging_mixin.py:151} INFO - [2023-11-04T16:48:29.369+0100] {dagbag.py:539} INFO - Filling up the DagBag from /Users/audioworkstation/Documents/WORKSPACE/LEARNING/Airflow-Training/.venv/lib/python3.10/site-packages/airflow/example_dags/example_branch_operator.py
[2023-11-04T16:48:29.432+0100] {processor.py:839} INFO - DAG(s) dict_keys(['example_branch_operator']) retrieved from /Users/audioworkstation/Documents/WORKSPACE/LEARNING/Airflow-Training/.venv/lib/python3.10/site-packages/airflow/example_dags/example_branch_operator.py
[2023-11-04T16:48:29.687+0100] {logging_mixin.py:151} INFO - [2023-11-04T16:48:29.687+0100] {dag.py:2915} INFO - Sync 1 DAGs
[2023-11-04T16:48:29.714+0100] {logging_mixin.py:151} INFO - [2023-11-04T16:48:29.714+0100] {dag.py:3696} INFO - Setting next_dagrun for example_branch_operator to 2023-11-04T00:00:00+00:00, run_after=2023-11-05T00:00:00+00:00
[2023-11-04T16:48:29.739+0100] {processor.py:179} INFO - Processing /Users/audioworkstation/Documents/WORKSPACE/LEARNING/Airflow-Training/.venv/lib/python3.10/site-packages/airflow/example_dags/example_branch_operator.py took 0.378 seconds
[2023-11-04T16:51:25.212+0100] {processor.py:157} INFO - Started process (PID=5096) to work on /Users/audioworkstation/Documents/WORKSPACE/LEARNING/Airflow-Training/.venv/lib/python3.10/site-packages/airflow/example_dags/example_branch_operator.py
[2023-11-04T16:51:25.218+0100] {processor.py:829} INFO - Processing file /Users/audioworkstation/Documents/WORKSPACE/LEARNING/Airflow-Training/.venv/lib/python3.10/site-packages/airflow/example_dags/example_branch_operator.py for tasks to queue
[2023-11-04T16:51:25.219+0100] {logging_mixin.py:151} INFO - [2023-11-04T16:51:25.219+0100] {dagbag.py:539} INFO - Filling up the DagBag from /Users/audioworkstation/Documents/WORKSPACE/LEARNING/Airflow-Training/.venv/lib/python3.10/site-packages/airflow/example_dags/example_branch_operator.py
[2023-11-04T16:51:25.270+0100] {processor.py:839} INFO - DAG(s) dict_keys(['example_branch_operator']) retrieved from /Users/audioworkstation/Documents/WORKSPACE/LEARNING/Airflow-Training/.venv/lib/python3.10/site-packages/airflow/example_dags/example_branch_operator.py
[2023-11-04T16:51:25.431+0100] {logging_mixin.py:151} INFO - [2023-11-04T16:51:25.430+0100] {dag.py:2915} INFO - Sync 1 DAGs
[2023-11-04T16:51:25.446+0100] {logging_mixin.py:151} INFO - [2023-11-04T16:51:25.446+0100] {dag.py:3696} INFO - Setting next_dagrun for example_branch_operator to 2023-11-04T00:00:00+00:00, run_after=2023-11-05T00:00:00+00:00
[2023-11-04T16:51:25.468+0100] {processor.py:179} INFO - Processing /Users/audioworkstation/Documents/WORKSPACE/LEARNING/Airflow-Training/.venv/lib/python3.10/site-packages/airflow/example_dags/example_branch_operator.py took 0.257 seconds
