[2023-11-04T16:42:35.153+0100] {processor.py:157} INFO - Started process (PID=3287) to work on /Users/audioworkstation/Documents/WORKSPACE/LEARNING/Airflow-Training/.venv/lib/python3.10/site-packages/airflow/example_dags/example_python_operator.py
[2023-11-04T16:42:35.157+0100] {processor.py:829} INFO - Processing file /Users/audioworkstation/Documents/WORKSPACE/LEARNING/Airflow-Training/.venv/lib/python3.10/site-packages/airflow/example_dags/example_python_operator.py for tasks to queue
[2023-11-04T16:42:35.157+0100] {logging_mixin.py:151} INFO - [2023-11-04T16:42:35.157+0100] {dagbag.py:539} INFO - Filling up the DagBag from /Users/audioworkstation/Documents/WORKSPACE/LEARNING/Airflow-Training/.venv/lib/python3.10/site-packages/airflow/example_dags/example_python_operator.py
[2023-11-04T16:42:35.220+0100] {processor.py:839} INFO - DAG(s) dict_keys(['example_python_operator']) retrieved from /Users/audioworkstation/Documents/WORKSPACE/LEARNING/Airflow-Training/.venv/lib/python3.10/site-packages/airflow/example_dags/example_python_operator.py
[2023-11-04T16:42:35.833+0100] {logging_mixin.py:151} INFO - [2023-11-04T16:42:35.833+0100] {security.py:708} INFO - Not syncing DAG-level permissions for DAG 'DAG:example_python_operator' as access control is unset.
[2023-11-04T16:42:35.834+0100] {logging_mixin.py:151} INFO - [2023-11-04T16:42:35.833+0100] {dag.py:2915} INFO - Sync 1 DAGs
[2023-11-04T16:42:35.842+0100] {logging_mixin.py:151} INFO - [2023-11-04T16:42:35.842+0100] {dag.py:3696} INFO - Setting next_dagrun for example_python_operator to None, run_after=None
[2023-11-04T16:42:35.866+0100] {processor.py:179} INFO - Processing /Users/audioworkstation/Documents/WORKSPACE/LEARNING/Airflow-Training/.venv/lib/python3.10/site-packages/airflow/example_dags/example_python_operator.py took 0.713 seconds
[2023-11-04T16:44:22.703+0100] {processor.py:157} INFO - Started process (PID=3650) to work on /Users/audioworkstation/Documents/WORKSPACE/LEARNING/Airflow-Training/.venv/lib/python3.10/site-packages/airflow/example_dags/example_python_operator.py
[2023-11-04T16:44:22.708+0100] {processor.py:829} INFO - Processing file /Users/audioworkstation/Documents/WORKSPACE/LEARNING/Airflow-Training/.venv/lib/python3.10/site-packages/airflow/example_dags/example_python_operator.py for tasks to queue
[2023-11-04T16:44:22.708+0100] {logging_mixin.py:151} INFO - [2023-11-04T16:44:22.708+0100] {dagbag.py:539} INFO - Filling up the DagBag from /Users/audioworkstation/Documents/WORKSPACE/LEARNING/Airflow-Training/.venv/lib/python3.10/site-packages/airflow/example_dags/example_python_operator.py
[2023-11-04T16:44:22.773+0100] {processor.py:839} INFO - DAG(s) dict_keys(['example_python_operator']) retrieved from /Users/audioworkstation/Documents/WORKSPACE/LEARNING/Airflow-Training/.venv/lib/python3.10/site-packages/airflow/example_dags/example_python_operator.py
[2023-11-04T16:44:23.345+0100] {logging_mixin.py:151} INFO - [2023-11-04T16:44:23.344+0100] {security.py:708} INFO - Not syncing DAG-level permissions for DAG 'DAG:example_python_operator' as access control is unset.
[2023-11-04T16:44:23.345+0100] {logging_mixin.py:151} INFO - [2023-11-04T16:44:23.345+0100] {dag.py:2915} INFO - Sync 1 DAGs
[2023-11-04T16:44:23.353+0100] {logging_mixin.py:151} INFO - [2023-11-04T16:44:23.353+0100] {dag.py:3696} INFO - Setting next_dagrun for example_python_operator to None, run_after=None
[2023-11-04T16:44:23.380+0100] {processor.py:179} INFO - Processing /Users/audioworkstation/Documents/WORKSPACE/LEARNING/Airflow-Training/.venv/lib/python3.10/site-packages/airflow/example_dags/example_python_operator.py took 0.677 seconds
[2023-11-04T16:46:59.828+0100] {processor.py:157} INFO - Started process (PID=4176) to work on /Users/audioworkstation/Documents/WORKSPACE/LEARNING/Airflow-Training/.venv/lib/python3.10/site-packages/airflow/example_dags/example_python_operator.py
[2023-11-04T16:46:59.832+0100] {processor.py:829} INFO - Processing file /Users/audioworkstation/Documents/WORKSPACE/LEARNING/Airflow-Training/.venv/lib/python3.10/site-packages/airflow/example_dags/example_python_operator.py for tasks to queue
[2023-11-04T16:46:59.832+0100] {logging_mixin.py:151} INFO - [2023-11-04T16:46:59.832+0100] {dagbag.py:539} INFO - Filling up the DagBag from /Users/audioworkstation/Documents/WORKSPACE/LEARNING/Airflow-Training/.venv/lib/python3.10/site-packages/airflow/example_dags/example_python_operator.py
[2023-11-04T16:46:59.892+0100] {processor.py:839} INFO - DAG(s) dict_keys(['example_python_operator']) retrieved from /Users/audioworkstation/Documents/WORKSPACE/LEARNING/Airflow-Training/.venv/lib/python3.10/site-packages/airflow/example_dags/example_python_operator.py
[2023-11-04T16:47:00.429+0100] {logging_mixin.py:151} INFO - [2023-11-04T16:47:00.429+0100] {security.py:708} INFO - Not syncing DAG-level permissions for DAG 'DAG:example_python_operator' as access control is unset.
[2023-11-04T16:47:00.429+0100] {logging_mixin.py:151} INFO - [2023-11-04T16:47:00.429+0100] {dag.py:2915} INFO - Sync 1 DAGs
[2023-11-04T16:47:00.437+0100] {logging_mixin.py:151} INFO - [2023-11-04T16:47:00.437+0100] {dag.py:3696} INFO - Setting next_dagrun for example_python_operator to None, run_after=None
[2023-11-04T16:47:00.461+0100] {processor.py:179} INFO - Processing /Users/audioworkstation/Documents/WORKSPACE/LEARNING/Airflow-Training/.venv/lib/python3.10/site-packages/airflow/example_dags/example_python_operator.py took 0.633 seconds
[2023-11-04T16:49:57.946+0100] {processor.py:157} INFO - Started process (PID=4811) to work on /Users/audioworkstation/Documents/WORKSPACE/LEARNING/Airflow-Training/.venv/lib/python3.10/site-packages/airflow/example_dags/example_python_operator.py
[2023-11-04T16:49:57.951+0100] {processor.py:829} INFO - Processing file /Users/audioworkstation/Documents/WORKSPACE/LEARNING/Airflow-Training/.venv/lib/python3.10/site-packages/airflow/example_dags/example_python_operator.py for tasks to queue
[2023-11-04T16:49:57.952+0100] {logging_mixin.py:151} INFO - [2023-11-04T16:49:57.952+0100] {dagbag.py:539} INFO - Filling up the DagBag from /Users/audioworkstation/Documents/WORKSPACE/LEARNING/Airflow-Training/.venv/lib/python3.10/site-packages/airflow/example_dags/example_python_operator.py
[2023-11-04T16:49:58.021+0100] {processor.py:839} INFO - DAG(s) dict_keys(['example_python_operator']) retrieved from /Users/audioworkstation/Documents/WORKSPACE/LEARNING/Airflow-Training/.venv/lib/python3.10/site-packages/airflow/example_dags/example_python_operator.py
[2023-11-04T16:49:58.630+0100] {logging_mixin.py:151} INFO - [2023-11-04T16:49:58.630+0100] {security.py:708} INFO - Not syncing DAG-level permissions for DAG 'DAG:example_python_operator' as access control is unset.
[2023-11-04T16:49:58.631+0100] {logging_mixin.py:151} INFO - [2023-11-04T16:49:58.630+0100] {dag.py:2915} INFO - Sync 1 DAGs
[2023-11-04T16:49:58.640+0100] {logging_mixin.py:151} INFO - [2023-11-04T16:49:58.640+0100] {dag.py:3696} INFO - Setting next_dagrun for example_python_operator to None, run_after=None
[2023-11-04T16:49:58.661+0100] {processor.py:179} INFO - Processing /Users/audioworkstation/Documents/WORKSPACE/LEARNING/Airflow-Training/.venv/lib/python3.10/site-packages/airflow/example_dags/example_python_operator.py took 0.715 seconds
[2023-11-04T16:52:33.525+0100] {processor.py:157} INFO - Started process (PID=5328) to work on /Users/audioworkstation/Documents/WORKSPACE/LEARNING/Airflow-Training/.venv/lib/python3.10/site-packages/airflow/example_dags/example_python_operator.py
[2023-11-04T16:52:33.530+0100] {processor.py:829} INFO - Processing file /Users/audioworkstation/Documents/WORKSPACE/LEARNING/Airflow-Training/.venv/lib/python3.10/site-packages/airflow/example_dags/example_python_operator.py for tasks to queue
[2023-11-04T16:52:33.530+0100] {logging_mixin.py:151} INFO - [2023-11-04T16:52:33.530+0100] {dagbag.py:539} INFO - Filling up the DagBag from /Users/audioworkstation/Documents/WORKSPACE/LEARNING/Airflow-Training/.venv/lib/python3.10/site-packages/airflow/example_dags/example_python_operator.py
[2023-11-04T16:52:33.601+0100] {processor.py:839} INFO - DAG(s) dict_keys(['example_python_operator']) retrieved from /Users/audioworkstation/Documents/WORKSPACE/LEARNING/Airflow-Training/.venv/lib/python3.10/site-packages/airflow/example_dags/example_python_operator.py
[2023-11-04T16:52:34.262+0100] {logging_mixin.py:151} INFO - [2023-11-04T16:52:34.262+0100] {security.py:708} INFO - Not syncing DAG-level permissions for DAG 'DAG:example_python_operator' as access control is unset.
[2023-11-04T16:52:34.262+0100] {logging_mixin.py:151} INFO - [2023-11-04T16:52:34.262+0100] {dag.py:2915} INFO - Sync 1 DAGs
[2023-11-04T16:52:34.272+0100] {logging_mixin.py:151} INFO - [2023-11-04T16:52:34.272+0100] {dag.py:3696} INFO - Setting next_dagrun for example_python_operator to None, run_after=None
[2023-11-04T16:52:34.300+0100] {processor.py:179} INFO - Processing /Users/audioworkstation/Documents/WORKSPACE/LEARNING/Airflow-Training/.venv/lib/python3.10/site-packages/airflow/example_dags/example_python_operator.py took 0.775 seconds
