[2023-11-04T16:42:28.566+0100] {processor.py:157} INFO - Started process (PID=3270) to work on /Users/audioworkstation/Documents/WORKSPACE/LEARNING/Airflow-Training/.venv/lib/python3.10/site-packages/airflow/example_dags/example_setup_teardown.py
[2023-11-04T16:42:28.571+0100] {processor.py:829} INFO - Processing file /Users/audioworkstation/Documents/WORKSPACE/LEARNING/Airflow-Training/.venv/lib/python3.10/site-packages/airflow/example_dags/example_setup_teardown.py for tasks to queue
[2023-11-04T16:42:28.572+0100] {logging_mixin.py:151} INFO - [2023-11-04T16:42:28.571+0100] {dagbag.py:539} INFO - Filling up the DagBag from /Users/audioworkstation/Documents/WORKSPACE/LEARNING/Airflow-Training/.venv/lib/python3.10/site-packages/airflow/example_dags/example_setup_teardown.py
[2023-11-04T16:42:28.603+0100] {processor.py:839} INFO - DAG(s) dict_keys(['example_setup_teardown']) retrieved from /Users/audioworkstation/Documents/WORKSPACE/LEARNING/Airflow-Training/.venv/lib/python3.10/site-packages/airflow/example_dags/example_setup_teardown.py
[2023-11-04T16:42:28.784+0100] {logging_mixin.py:151} INFO - [2023-11-04T16:42:28.784+0100] {dag.py:2915} INFO - Sync 1 DAGs
[2023-11-04T16:42:28.801+0100] {logging_mixin.py:151} INFO - [2023-11-04T16:42:28.801+0100] {dag.py:3696} INFO - Setting next_dagrun for example_setup_teardown to 2023-11-03T15:42:28.801144+00:00, run_after=2023-11-04T15:42:28.801144+00:00
[2023-11-04T16:42:28.824+0100] {processor.py:179} INFO - Processing /Users/audioworkstation/Documents/WORKSPACE/LEARNING/Airflow-Training/.venv/lib/python3.10/site-packages/airflow/example_dags/example_setup_teardown.py took 0.259 seconds
[2023-11-04T16:44:15.172+0100] {processor.py:157} INFO - Started process (PID=3619) to work on /Users/audioworkstation/Documents/WORKSPACE/LEARNING/Airflow-Training/.venv/lib/python3.10/site-packages/airflow/example_dags/example_setup_teardown.py
[2023-11-04T16:44:15.176+0100] {processor.py:829} INFO - Processing file /Users/audioworkstation/Documents/WORKSPACE/LEARNING/Airflow-Training/.venv/lib/python3.10/site-packages/airflow/example_dags/example_setup_teardown.py for tasks to queue
[2023-11-04T16:44:15.176+0100] {logging_mixin.py:151} INFO - [2023-11-04T16:44:15.176+0100] {dagbag.py:539} INFO - Filling up the DagBag from /Users/audioworkstation/Documents/WORKSPACE/LEARNING/Airflow-Training/.venv/lib/python3.10/site-packages/airflow/example_dags/example_setup_teardown.py
[2023-11-04T16:44:15.203+0100] {processor.py:839} INFO - DAG(s) dict_keys(['example_setup_teardown']) retrieved from /Users/audioworkstation/Documents/WORKSPACE/LEARNING/Airflow-Training/.venv/lib/python3.10/site-packages/airflow/example_dags/example_setup_teardown.py
[2023-11-04T16:44:15.366+0100] {logging_mixin.py:151} INFO - [2023-11-04T16:44:15.366+0100] {dag.py:2915} INFO - Sync 1 DAGs
[2023-11-04T16:44:15.381+0100] {logging_mixin.py:151} INFO - [2023-11-04T16:44:15.381+0100] {dag.py:3696} INFO - Setting next_dagrun for example_setup_teardown to 2023-11-03T15:44:15.381476+00:00, run_after=2023-11-04T15:44:15.381476+00:00
[2023-11-04T16:44:15.414+0100] {processor.py:179} INFO - Processing /Users/audioworkstation/Documents/WORKSPACE/LEARNING/Airflow-Training/.venv/lib/python3.10/site-packages/airflow/example_dags/example_setup_teardown.py took 0.243 seconds
[2023-11-04T16:46:53.323+0100] {processor.py:157} INFO - Started process (PID=4158) to work on /Users/audioworkstation/Documents/WORKSPACE/LEARNING/Airflow-Training/.venv/lib/python3.10/site-packages/airflow/example_dags/example_setup_teardown.py
[2023-11-04T16:46:53.327+0100] {processor.py:829} INFO - Processing file /Users/audioworkstation/Documents/WORKSPACE/LEARNING/Airflow-Training/.venv/lib/python3.10/site-packages/airflow/example_dags/example_setup_teardown.py for tasks to queue
[2023-11-04T16:46:53.328+0100] {logging_mixin.py:151} INFO - [2023-11-04T16:46:53.328+0100] {dagbag.py:539} INFO - Filling up the DagBag from /Users/audioworkstation/Documents/WORKSPACE/LEARNING/Airflow-Training/.venv/lib/python3.10/site-packages/airflow/example_dags/example_setup_teardown.py
[2023-11-04T16:46:53.359+0100] {processor.py:839} INFO - DAG(s) dict_keys(['example_setup_teardown']) retrieved from /Users/audioworkstation/Documents/WORKSPACE/LEARNING/Airflow-Training/.venv/lib/python3.10/site-packages/airflow/example_dags/example_setup_teardown.py
[2023-11-04T16:46:53.532+0100] {logging_mixin.py:151} INFO - [2023-11-04T16:46:53.532+0100] {dag.py:2915} INFO - Sync 1 DAGs
[2023-11-04T16:46:53.550+0100] {logging_mixin.py:151} INFO - [2023-11-04T16:46:53.550+0100] {dag.py:3696} INFO - Setting next_dagrun for example_setup_teardown to 2023-11-03T15:46:53.550060+00:00, run_after=2023-11-04T15:46:53.550060+00:00
[2023-11-04T16:46:53.575+0100] {processor.py:179} INFO - Processing /Users/audioworkstation/Documents/WORKSPACE/LEARNING/Airflow-Training/.venv/lib/python3.10/site-packages/airflow/example_dags/example_setup_teardown.py took 0.253 seconds
[2023-11-04T16:49:51.408+0100] {processor.py:157} INFO - Started process (PID=4794) to work on /Users/audioworkstation/Documents/WORKSPACE/LEARNING/Airflow-Training/.venv/lib/python3.10/site-packages/airflow/example_dags/example_setup_teardown.py
[2023-11-04T16:49:51.412+0100] {processor.py:829} INFO - Processing file /Users/audioworkstation/Documents/WORKSPACE/LEARNING/Airflow-Training/.venv/lib/python3.10/site-packages/airflow/example_dags/example_setup_teardown.py for tasks to queue
[2023-11-04T16:49:51.413+0100] {logging_mixin.py:151} INFO - [2023-11-04T16:49:51.413+0100] {dagbag.py:539} INFO - Filling up the DagBag from /Users/audioworkstation/Documents/WORKSPACE/LEARNING/Airflow-Training/.venv/lib/python3.10/site-packages/airflow/example_dags/example_setup_teardown.py
[2023-11-04T16:49:51.442+0100] {processor.py:839} INFO - DAG(s) dict_keys(['example_setup_teardown']) retrieved from /Users/audioworkstation/Documents/WORKSPACE/LEARNING/Airflow-Training/.venv/lib/python3.10/site-packages/airflow/example_dags/example_setup_teardown.py
[2023-11-04T16:49:51.630+0100] {logging_mixin.py:151} INFO - [2023-11-04T16:49:51.630+0100] {dag.py:2915} INFO - Sync 1 DAGs
[2023-11-04T16:49:51.649+0100] {logging_mixin.py:151} INFO - [2023-11-04T16:49:51.648+0100] {dag.py:3696} INFO - Setting next_dagrun for example_setup_teardown to 2023-11-03T15:49:51.648592+00:00, run_after=2023-11-04T15:49:51.648592+00:00
[2023-11-04T16:49:51.670+0100] {processor.py:179} INFO - Processing /Users/audioworkstation/Documents/WORKSPACE/LEARNING/Airflow-Training/.venv/lib/python3.10/site-packages/airflow/example_dags/example_setup_teardown.py took 0.263 seconds
[2023-11-04T16:52:25.458+0100] {processor.py:157} INFO - Started process (PID=5296) to work on /Users/audioworkstation/Documents/WORKSPACE/LEARNING/Airflow-Training/.venv/lib/python3.10/site-packages/airflow/example_dags/example_setup_teardown.py
[2023-11-04T16:52:25.462+0100] {processor.py:829} INFO - Processing file /Users/audioworkstation/Documents/WORKSPACE/LEARNING/Airflow-Training/.venv/lib/python3.10/site-packages/airflow/example_dags/example_setup_teardown.py for tasks to queue
[2023-11-04T16:52:25.463+0100] {logging_mixin.py:151} INFO - [2023-11-04T16:52:25.463+0100] {dagbag.py:539} INFO - Filling up the DagBag from /Users/audioworkstation/Documents/WORKSPACE/LEARNING/Airflow-Training/.venv/lib/python3.10/site-packages/airflow/example_dags/example_setup_teardown.py
[2023-11-04T16:52:25.495+0100] {processor.py:839} INFO - DAG(s) dict_keys(['example_setup_teardown']) retrieved from /Users/audioworkstation/Documents/WORKSPACE/LEARNING/Airflow-Training/.venv/lib/python3.10/site-packages/airflow/example_dags/example_setup_teardown.py
[2023-11-04T16:52:25.690+0100] {logging_mixin.py:151} INFO - [2023-11-04T16:52:25.690+0100] {dag.py:2915} INFO - Sync 1 DAGs
[2023-11-04T16:52:25.709+0100] {logging_mixin.py:151} INFO - [2023-11-04T16:52:25.709+0100] {dag.py:3696} INFO - Setting next_dagrun for example_setup_teardown to 2023-11-03T15:52:25.709353+00:00, run_after=2023-11-04T15:52:25.709353+00:00
[2023-11-04T16:52:25.735+0100] {processor.py:179} INFO - Processing /Users/audioworkstation/Documents/WORKSPACE/LEARNING/Airflow-Training/.venv/lib/python3.10/site-packages/airflow/example_dags/example_setup_teardown.py took 0.278 seconds
