[2023-11-04T16:42:00.130+0100] {processor.py:157} INFO - Started process (PID=3155) to work on /Users/audioworkstation/Documents/WORKSPACE/LEARNING/Airflow-Training/.venv/lib/python3.10/site-packages/airflow/example_dags/example_xcom.py
[2023-11-04T16:42:00.134+0100] {processor.py:829} INFO - Processing file /Users/audioworkstation/Documents/WORKSPACE/LEARNING/Airflow-Training/.venv/lib/python3.10/site-packages/airflow/example_dags/example_xcom.py for tasks to queue
[2023-11-04T16:42:00.135+0100] {logging_mixin.py:151} INFO - [2023-11-04T16:42:00.134+0100] {dagbag.py:539} INFO - Filling up the DagBag from /Users/audioworkstation/Documents/WORKSPACE/LEARNING/Airflow-Training/.venv/lib/python3.10/site-packages/airflow/example_dags/example_xcom.py
[2023-11-04T16:42:00.190+0100] {processor.py:839} INFO - DAG(s) dict_keys(['example_xcom']) retrieved from /Users/audioworkstation/Documents/WORKSPACE/LEARNING/Airflow-Training/.venv/lib/python3.10/site-packages/airflow/example_dags/example_xcom.py
[2023-11-04T16:42:00.357+0100] {logging_mixin.py:151} INFO - [2023-11-04T16:42:00.357+0100] {dag.py:2915} INFO - Sync 1 DAGs
[2023-11-04T16:42:00.371+0100] {logging_mixin.py:151} INFO - [2023-11-04T16:42:00.371+0100] {dag.py:3696} INFO - Setting next_dagrun for example_xcom to 2021-01-01T00:00:00+00:00, run_after=2021-01-01T00:00:00+00:00
[2023-11-04T16:42:00.396+0100] {processor.py:179} INFO - Processing /Users/audioworkstation/Documents/WORKSPACE/LEARNING/Airflow-Training/.venv/lib/python3.10/site-packages/airflow/example_dags/example_xcom.py took 0.267 seconds
[2023-11-04T16:43:47.115+0100] {processor.py:157} INFO - Started process (PID=3535) to work on /Users/audioworkstation/Documents/WORKSPACE/LEARNING/Airflow-Training/.venv/lib/python3.10/site-packages/airflow/example_dags/example_xcom.py
[2023-11-04T16:43:47.119+0100] {processor.py:829} INFO - Processing file /Users/audioworkstation/Documents/WORKSPACE/LEARNING/Airflow-Training/.venv/lib/python3.10/site-packages/airflow/example_dags/example_xcom.py for tasks to queue
[2023-11-04T16:43:47.120+0100] {logging_mixin.py:151} INFO - [2023-11-04T16:43:47.120+0100] {dagbag.py:539} INFO - Filling up the DagBag from /Users/audioworkstation/Documents/WORKSPACE/LEARNING/Airflow-Training/.venv/lib/python3.10/site-packages/airflow/example_dags/example_xcom.py
[2023-11-04T16:43:47.184+0100] {processor.py:839} INFO - DAG(s) dict_keys(['example_xcom']) retrieved from /Users/audioworkstation/Documents/WORKSPACE/LEARNING/Airflow-Training/.venv/lib/python3.10/site-packages/airflow/example_dags/example_xcom.py
[2023-11-04T16:43:47.359+0100] {logging_mixin.py:151} INFO - [2023-11-04T16:43:47.359+0100] {dag.py:2915} INFO - Sync 1 DAGs
[2023-11-04T16:43:47.375+0100] {logging_mixin.py:151} INFO - [2023-11-04T16:43:47.375+0100] {dag.py:3696} INFO - Setting next_dagrun for example_xcom to 2021-01-01T00:00:00+00:00, run_after=2021-01-01T00:00:00+00:00
[2023-11-04T16:43:47.400+0100] {processor.py:179} INFO - Processing /Users/audioworkstation/Documents/WORKSPACE/LEARNING/Airflow-Training/.venv/lib/python3.10/site-packages/airflow/example_dags/example_xcom.py took 0.286 seconds
[2023-11-04T16:45:01.571+0100] {processor.py:157} INFO - Started process (PID=3783) to work on /Users/audioworkstation/Documents/WORKSPACE/LEARNING/Airflow-Training/.venv/lib/python3.10/site-packages/airflow/example_dags/example_xcom.py
[2023-11-04T16:45:01.575+0100] {processor.py:829} INFO - Processing file /Users/audioworkstation/Documents/WORKSPACE/LEARNING/Airflow-Training/.venv/lib/python3.10/site-packages/airflow/example_dags/example_xcom.py for tasks to queue
[2023-11-04T16:45:01.575+0100] {logging_mixin.py:151} INFO - [2023-11-04T16:45:01.575+0100] {dagbag.py:539} INFO - Filling up the DagBag from /Users/audioworkstation/Documents/WORKSPACE/LEARNING/Airflow-Training/.venv/lib/python3.10/site-packages/airflow/example_dags/example_xcom.py
[2023-11-04T16:45:01.623+0100] {processor.py:839} INFO - DAG(s) dict_keys(['example_xcom']) retrieved from /Users/audioworkstation/Documents/WORKSPACE/LEARNING/Airflow-Training/.venv/lib/python3.10/site-packages/airflow/example_dags/example_xcom.py
[2023-11-04T16:45:01.768+0100] {logging_mixin.py:151} INFO - [2023-11-04T16:45:01.768+0100] {dag.py:2915} INFO - Sync 1 DAGs
[2023-11-04T16:45:01.781+0100] {logging_mixin.py:151} INFO - [2023-11-04T16:45:01.781+0100] {dag.py:3696} INFO - Setting next_dagrun for example_xcom to 2021-01-01T00:00:00+00:00, run_after=2021-01-01T00:00:00+00:00
[2023-11-04T16:45:01.805+0100] {processor.py:179} INFO - Processing /Users/audioworkstation/Documents/WORKSPACE/LEARNING/Airflow-Training/.venv/lib/python3.10/site-packages/airflow/example_dags/example_xcom.py took 0.235 seconds
[2023-11-04T16:46:24.931+0100] {processor.py:157} INFO - Started process (PID=4059) to work on /Users/audioworkstation/Documents/WORKSPACE/LEARNING/Airflow-Training/.venv/lib/python3.10/site-packages/airflow/example_dags/example_xcom.py
[2023-11-04T16:46:24.936+0100] {processor.py:829} INFO - Processing file /Users/audioworkstation/Documents/WORKSPACE/LEARNING/Airflow-Training/.venv/lib/python3.10/site-packages/airflow/example_dags/example_xcom.py for tasks to queue
[2023-11-04T16:46:24.936+0100] {logging_mixin.py:151} INFO - [2023-11-04T16:46:24.936+0100] {dagbag.py:539} INFO - Filling up the DagBag from /Users/audioworkstation/Documents/WORKSPACE/LEARNING/Airflow-Training/.venv/lib/python3.10/site-packages/airflow/example_dags/example_xcom.py
[2023-11-04T16:46:24.993+0100] {processor.py:839} INFO - DAG(s) dict_keys(['example_xcom']) retrieved from /Users/audioworkstation/Documents/WORKSPACE/LEARNING/Airflow-Training/.venv/lib/python3.10/site-packages/airflow/example_dags/example_xcom.py
[2023-11-04T16:46:25.187+0100] {logging_mixin.py:151} INFO - [2023-11-04T16:46:25.187+0100] {dag.py:2915} INFO - Sync 1 DAGs
[2023-11-04T16:46:25.205+0100] {logging_mixin.py:151} INFO - [2023-11-04T16:46:25.205+0100] {dag.py:3696} INFO - Setting next_dagrun for example_xcom to 2021-01-01T00:00:00+00:00, run_after=2021-01-01T00:00:00+00:00
[2023-11-04T16:46:25.231+0100] {processor.py:179} INFO - Processing /Users/audioworkstation/Documents/WORKSPACE/LEARNING/Airflow-Training/.venv/lib/python3.10/site-packages/airflow/example_dags/example_xcom.py took 0.301 seconds
[2023-11-04T16:47:43.086+0100] {processor.py:157} INFO - Started process (PID=4348) to work on /Users/audioworkstation/Documents/WORKSPACE/LEARNING/Airflow-Training/.venv/lib/python3.10/site-packages/airflow/example_dags/example_xcom.py
[2023-11-04T16:47:43.090+0100] {processor.py:829} INFO - Processing file /Users/audioworkstation/Documents/WORKSPACE/LEARNING/Airflow-Training/.venv/lib/python3.10/site-packages/airflow/example_dags/example_xcom.py for tasks to queue
[2023-11-04T16:47:43.091+0100] {logging_mixin.py:151} INFO - [2023-11-04T16:47:43.091+0100] {dagbag.py:539} INFO - Filling up the DagBag from /Users/audioworkstation/Documents/WORKSPACE/LEARNING/Airflow-Training/.venv/lib/python3.10/site-packages/airflow/example_dags/example_xcom.py
[2023-11-04T16:47:43.144+0100] {processor.py:839} INFO - DAG(s) dict_keys(['example_xcom']) retrieved from /Users/audioworkstation/Documents/WORKSPACE/LEARNING/Airflow-Training/.venv/lib/python3.10/site-packages/airflow/example_dags/example_xcom.py
[2023-11-04T16:47:43.302+0100] {logging_mixin.py:151} INFO - [2023-11-04T16:47:43.302+0100] {dag.py:2915} INFO - Sync 1 DAGs
[2023-11-04T16:47:43.316+0100] {logging_mixin.py:151} INFO - [2023-11-04T16:47:43.316+0100] {dag.py:3696} INFO - Setting next_dagrun for example_xcom to 2021-01-01T00:00:00+00:00, run_after=2021-01-01T00:00:00+00:00
[2023-11-04T16:47:43.336+0100] {processor.py:179} INFO - Processing /Users/audioworkstation/Documents/WORKSPACE/LEARNING/Airflow-Training/.venv/lib/python3.10/site-packages/airflow/example_dags/example_xcom.py took 0.251 seconds
[2023-11-04T16:49:04.719+0100] {processor.py:157} INFO - Started process (PID=4615) to work on /Users/audioworkstation/Documents/WORKSPACE/LEARNING/Airflow-Training/.venv/lib/python3.10/site-packages/airflow/example_dags/example_xcom.py
[2023-11-04T16:49:04.725+0100] {processor.py:829} INFO - Processing file /Users/audioworkstation/Documents/WORKSPACE/LEARNING/Airflow-Training/.venv/lib/python3.10/site-packages/airflow/example_dags/example_xcom.py for tasks to queue
[2023-11-04T16:49:04.726+0100] {logging_mixin.py:151} INFO - [2023-11-04T16:49:04.725+0100] {dagbag.py:539} INFO - Filling up the DagBag from /Users/audioworkstation/Documents/WORKSPACE/LEARNING/Airflow-Training/.venv/lib/python3.10/site-packages/airflow/example_dags/example_xcom.py
[2023-11-04T16:49:04.803+0100] {processor.py:839} INFO - DAG(s) dict_keys(['example_xcom']) retrieved from /Users/audioworkstation/Documents/WORKSPACE/LEARNING/Airflow-Training/.venv/lib/python3.10/site-packages/airflow/example_dags/example_xcom.py
[2023-11-04T16:49:05.048+0100] {logging_mixin.py:151} INFO - [2023-11-04T16:49:05.047+0100] {dag.py:2915} INFO - Sync 1 DAGs
[2023-11-04T16:49:05.069+0100] {logging_mixin.py:151} INFO - [2023-11-04T16:49:05.069+0100] {dag.py:3696} INFO - Setting next_dagrun for example_xcom to 2021-01-01T00:00:00+00:00, run_after=2021-01-01T00:00:00+00:00
[2023-11-04T16:49:05.100+0100] {processor.py:179} INFO - Processing /Users/audioworkstation/Documents/WORKSPACE/LEARNING/Airflow-Training/.venv/lib/python3.10/site-packages/airflow/example_dags/example_xcom.py took 0.382 seconds
[2023-11-04T16:50:41.735+0100] {processor.py:157} INFO - Started process (PID=4960) to work on /Users/audioworkstation/Documents/WORKSPACE/LEARNING/Airflow-Training/.venv/lib/python3.10/site-packages/airflow/example_dags/example_xcom.py
[2023-11-04T16:50:41.741+0100] {processor.py:829} INFO - Processing file /Users/audioworkstation/Documents/WORKSPACE/LEARNING/Airflow-Training/.venv/lib/python3.10/site-packages/airflow/example_dags/example_xcom.py for tasks to queue
[2023-11-04T16:50:41.741+0100] {logging_mixin.py:151} INFO - [2023-11-04T16:50:41.741+0100] {dagbag.py:539} INFO - Filling up the DagBag from /Users/audioworkstation/Documents/WORKSPACE/LEARNING/Airflow-Training/.venv/lib/python3.10/site-packages/airflow/example_dags/example_xcom.py
[2023-11-04T16:50:41.805+0100] {processor.py:839} INFO - DAG(s) dict_keys(['example_xcom']) retrieved from /Users/audioworkstation/Documents/WORKSPACE/LEARNING/Airflow-Training/.venv/lib/python3.10/site-packages/airflow/example_dags/example_xcom.py
[2023-11-04T16:50:41.974+0100] {logging_mixin.py:151} INFO - [2023-11-04T16:50:41.974+0100] {dag.py:2915} INFO - Sync 1 DAGs
[2023-11-04T16:50:41.991+0100] {logging_mixin.py:151} INFO - [2023-11-04T16:50:41.991+0100] {dag.py:3696} INFO - Setting next_dagrun for example_xcom to 2021-01-01T00:00:00+00:00, run_after=2021-01-01T00:00:00+00:00
[2023-11-04T16:50:42.016+0100] {processor.py:179} INFO - Processing /Users/audioworkstation/Documents/WORKSPACE/LEARNING/Airflow-Training/.venv/lib/python3.10/site-packages/airflow/example_dags/example_xcom.py took 0.282 seconds
[2023-11-04T16:51:55.879+0100] {processor.py:157} INFO - Started process (PID=5196) to work on /Users/audioworkstation/Documents/WORKSPACE/LEARNING/Airflow-Training/.venv/lib/python3.10/site-packages/airflow/example_dags/example_xcom.py
[2023-11-04T16:51:55.883+0100] {processor.py:829} INFO - Processing file /Users/audioworkstation/Documents/WORKSPACE/LEARNING/Airflow-Training/.venv/lib/python3.10/site-packages/airflow/example_dags/example_xcom.py for tasks to queue
[2023-11-04T16:51:55.883+0100] {logging_mixin.py:151} INFO - [2023-11-04T16:51:55.883+0100] {dagbag.py:539} INFO - Filling up the DagBag from /Users/audioworkstation/Documents/WORKSPACE/LEARNING/Airflow-Training/.venv/lib/python3.10/site-packages/airflow/example_dags/example_xcom.py
[2023-11-04T16:51:55.930+0100] {processor.py:839} INFO - DAG(s) dict_keys(['example_xcom']) retrieved from /Users/audioworkstation/Documents/WORKSPACE/LEARNING/Airflow-Training/.venv/lib/python3.10/site-packages/airflow/example_dags/example_xcom.py
[2023-11-04T16:51:56.078+0100] {logging_mixin.py:151} INFO - [2023-11-04T16:51:56.078+0100] {dag.py:2915} INFO - Sync 1 DAGs
[2023-11-04T16:51:56.091+0100] {logging_mixin.py:151} INFO - [2023-11-04T16:51:56.091+0100] {dag.py:3696} INFO - Setting next_dagrun for example_xcom to 2021-01-01T00:00:00+00:00, run_after=2021-01-01T00:00:00+00:00
[2023-11-04T16:51:56.114+0100] {processor.py:179} INFO - Processing /Users/audioworkstation/Documents/WORKSPACE/LEARNING/Airflow-Training/.venv/lib/python3.10/site-packages/airflow/example_dags/example_xcom.py took 0.236 seconds
