[2023-11-04T16:43:17.848+0100] {processor.py:157} INFO - Started process (PID=3436) to work on /Users/audioworkstation/Documents/WORKSPACE/LEARNING/Airflow-Training/.venv/lib/python3.10/site-packages/airflow/example_dags/example_branch_labels.py
[2023-11-04T16:43:17.852+0100] {processor.py:829} INFO - Processing file /Users/audioworkstation/Documents/WORKSPACE/LEARNING/Airflow-Training/.venv/lib/python3.10/site-packages/airflow/example_dags/example_branch_labels.py for tasks to queue
[2023-11-04T16:43:17.853+0100] {logging_mixin.py:151} INFO - [2023-11-04T16:43:17.852+0100] {dagbag.py:539} INFO - Filling up the DagBag from /Users/audioworkstation/Documents/WORKSPACE/LEARNING/Airflow-Training/.venv/lib/python3.10/site-packages/airflow/example_dags/example_branch_labels.py
[2023-11-04T16:43:17.881+0100] {processor.py:839} INFO - DAG(s) dict_keys(['example_branch_labels']) retrieved from /Users/audioworkstation/Documents/WORKSPACE/LEARNING/Airflow-Training/.venv/lib/python3.10/site-packages/airflow/example_dags/example_branch_labels.py
[2023-11-04T16:43:18.045+0100] {logging_mixin.py:151} INFO - [2023-11-04T16:43:18.045+0100] {dag.py:2915} INFO - Sync 1 DAGs
[2023-11-04T16:43:18.062+0100] {logging_mixin.py:151} INFO - [2023-11-04T16:43:18.062+0100] {dag.py:3696} INFO - Setting next_dagrun for example_branch_labels to 2023-11-03T00:00:00+00:00, run_after=2023-11-04T00:00:00+00:00
[2023-11-04T16:43:18.086+0100] {processor.py:179} INFO - Processing /Users/audioworkstation/Documents/WORKSPACE/LEARNING/Airflow-Training/.venv/lib/python3.10/site-packages/airflow/example_dags/example_branch_labels.py took 0.239 seconds
[2023-11-04T16:45:46.900+0100] {processor.py:157} INFO - Started process (PID=3937) to work on /Users/audioworkstation/Documents/WORKSPACE/LEARNING/Airflow-Training/.venv/lib/python3.10/site-packages/airflow/example_dags/example_branch_labels.py
[2023-11-04T16:45:46.905+0100] {processor.py:829} INFO - Processing file /Users/audioworkstation/Documents/WORKSPACE/LEARNING/Airflow-Training/.venv/lib/python3.10/site-packages/airflow/example_dags/example_branch_labels.py for tasks to queue
[2023-11-04T16:45:46.906+0100] {logging_mixin.py:151} INFO - [2023-11-04T16:45:46.905+0100] {dagbag.py:539} INFO - Filling up the DagBag from /Users/audioworkstation/Documents/WORKSPACE/LEARNING/Airflow-Training/.venv/lib/python3.10/site-packages/airflow/example_dags/example_branch_labels.py
[2023-11-04T16:45:46.937+0100] {processor.py:839} INFO - DAG(s) dict_keys(['example_branch_labels']) retrieved from /Users/audioworkstation/Documents/WORKSPACE/LEARNING/Airflow-Training/.venv/lib/python3.10/site-packages/airflow/example_dags/example_branch_labels.py
[2023-11-04T16:45:47.116+0100] {logging_mixin.py:151} INFO - [2023-11-04T16:45:47.116+0100] {dag.py:2915} INFO - Sync 1 DAGs
[2023-11-04T16:45:47.134+0100] {logging_mixin.py:151} INFO - [2023-11-04T16:45:47.134+0100] {dag.py:3696} INFO - Setting next_dagrun for example_branch_labels to 2023-11-03T00:00:00+00:00, run_after=2023-11-04T00:00:00+00:00
[2023-11-04T16:45:47.157+0100] {processor.py:179} INFO - Processing /Users/audioworkstation/Documents/WORKSPACE/LEARNING/Airflow-Training/.venv/lib/python3.10/site-packages/airflow/example_dags/example_branch_labels.py took 0.258 seconds
[2023-11-04T16:48:32.101+0100] {processor.py:157} INFO - Started process (PID=4514) to work on /Users/audioworkstation/Documents/WORKSPACE/LEARNING/Airflow-Training/.venv/lib/python3.10/site-packages/airflow/example_dags/example_branch_labels.py
[2023-11-04T16:48:32.106+0100] {processor.py:829} INFO - Processing file /Users/audioworkstation/Documents/WORKSPACE/LEARNING/Airflow-Training/.venv/lib/python3.10/site-packages/airflow/example_dags/example_branch_labels.py for tasks to queue
[2023-11-04T16:48:32.106+0100] {logging_mixin.py:151} INFO - [2023-11-04T16:48:32.106+0100] {dagbag.py:539} INFO - Filling up the DagBag from /Users/audioworkstation/Documents/WORKSPACE/LEARNING/Airflow-Training/.venv/lib/python3.10/site-packages/airflow/example_dags/example_branch_labels.py
[2023-11-04T16:48:32.138+0100] {processor.py:839} INFO - DAG(s) dict_keys(['example_branch_labels']) retrieved from /Users/audioworkstation/Documents/WORKSPACE/LEARNING/Airflow-Training/.venv/lib/python3.10/site-packages/airflow/example_dags/example_branch_labels.py
[2023-11-04T16:48:32.319+0100] {logging_mixin.py:151} INFO - [2023-11-04T16:48:32.318+0100] {dag.py:2915} INFO - Sync 1 DAGs
[2023-11-04T16:48:32.338+0100] {logging_mixin.py:151} INFO - [2023-11-04T16:48:32.338+0100] {dag.py:3696} INFO - Setting next_dagrun for example_branch_labels to 2023-11-03T00:00:00+00:00, run_after=2023-11-04T00:00:00+00:00
[2023-11-04T16:48:32.364+0100] {processor.py:179} INFO - Processing /Users/audioworkstation/Documents/WORKSPACE/LEARNING/Airflow-Training/.venv/lib/python3.10/site-packages/airflow/example_dags/example_branch_labels.py took 0.264 seconds
[2023-11-04T16:51:27.783+0100] {processor.py:157} INFO - Started process (PID=5111) to work on /Users/audioworkstation/Documents/WORKSPACE/LEARNING/Airflow-Training/.venv/lib/python3.10/site-packages/airflow/example_dags/example_branch_labels.py
[2023-11-04T16:51:27.787+0100] {processor.py:829} INFO - Processing file /Users/audioworkstation/Documents/WORKSPACE/LEARNING/Airflow-Training/.venv/lib/python3.10/site-packages/airflow/example_dags/example_branch_labels.py for tasks to queue
[2023-11-04T16:51:27.788+0100] {logging_mixin.py:151} INFO - [2023-11-04T16:51:27.788+0100] {dagbag.py:539} INFO - Filling up the DagBag from /Users/audioworkstation/Documents/WORKSPACE/LEARNING/Airflow-Training/.venv/lib/python3.10/site-packages/airflow/example_dags/example_branch_labels.py
[2023-11-04T16:51:27.814+0100] {processor.py:839} INFO - DAG(s) dict_keys(['example_branch_labels']) retrieved from /Users/audioworkstation/Documents/WORKSPACE/LEARNING/Airflow-Training/.venv/lib/python3.10/site-packages/airflow/example_dags/example_branch_labels.py
[2023-11-04T16:51:27.971+0100] {logging_mixin.py:151} INFO - [2023-11-04T16:51:27.971+0100] {dag.py:2915} INFO - Sync 1 DAGs
[2023-11-04T16:51:27.988+0100] {logging_mixin.py:151} INFO - [2023-11-04T16:51:27.987+0100] {dag.py:3696} INFO - Setting next_dagrun for example_branch_labels to 2023-11-03T00:00:00+00:00, run_after=2023-11-04T00:00:00+00:00
[2023-11-04T16:51:28.012+0100] {processor.py:179} INFO - Processing /Users/audioworkstation/Documents/WORKSPACE/LEARNING/Airflow-Training/.venv/lib/python3.10/site-packages/airflow/example_dags/example_branch_labels.py took 0.229 seconds
