[2023-11-04T16:42:02.575+0100] {processor.py:157} INFO - Started process (PID=3163) to work on /Users/audioworkstation/Documents/WORKSPACE/LEARNING/Airflow-Training/.venv/lib/python3.10/site-packages/airflow/example_dags/example_trigger_target_dag.py
[2023-11-04T16:42:02.579+0100] {processor.py:829} INFO - Processing file /Users/audioworkstation/Documents/WORKSPACE/LEARNING/Airflow-Training/.venv/lib/python3.10/site-packages/airflow/example_dags/example_trigger_target_dag.py for tasks to queue
[2023-11-04T16:42:02.580+0100] {logging_mixin.py:151} INFO - [2023-11-04T16:42:02.580+0100] {dagbag.py:539} INFO - Filling up the DagBag from /Users/audioworkstation/Documents/WORKSPACE/LEARNING/Airflow-Training/.venv/lib/python3.10/site-packages/airflow/example_dags/example_trigger_target_dag.py
[2023-11-04T16:42:02.636+0100] {processor.py:839} INFO - DAG(s) dict_keys(['example_trigger_target_dag']) retrieved from /Users/audioworkstation/Documents/WORKSPACE/LEARNING/Airflow-Training/.venv/lib/python3.10/site-packages/airflow/example_dags/example_trigger_target_dag.py
[2023-11-04T16:42:02.810+0100] {logging_mixin.py:151} INFO - [2023-11-04T16:42:02.809+0100] {dag.py:2915} INFO - Sync 1 DAGs
[2023-11-04T16:42:02.819+0100] {logging_mixin.py:151} INFO - [2023-11-04T16:42:02.819+0100] {dag.py:3696} INFO - Setting next_dagrun for example_trigger_target_dag to None, run_after=None
[2023-11-04T16:42:02.842+0100] {processor.py:179} INFO - Processing /Users/audioworkstation/Documents/WORKSPACE/LEARNING/Airflow-Training/.venv/lib/python3.10/site-packages/airflow/example_dags/example_trigger_target_dag.py took 0.268 seconds
[2023-11-04T16:43:49.608+0100] {processor.py:157} INFO - Started process (PID=3536) to work on /Users/audioworkstation/Documents/WORKSPACE/LEARNING/Airflow-Training/.venv/lib/python3.10/site-packages/airflow/example_dags/example_trigger_target_dag.py
[2023-11-04T16:43:49.612+0100] {processor.py:829} INFO - Processing file /Users/audioworkstation/Documents/WORKSPACE/LEARNING/Airflow-Training/.venv/lib/python3.10/site-packages/airflow/example_dags/example_trigger_target_dag.py for tasks to queue
[2023-11-04T16:43:49.613+0100] {logging_mixin.py:151} INFO - [2023-11-04T16:43:49.613+0100] {dagbag.py:539} INFO - Filling up the DagBag from /Users/audioworkstation/Documents/WORKSPACE/LEARNING/Airflow-Training/.venv/lib/python3.10/site-packages/airflow/example_dags/example_trigger_target_dag.py
[2023-11-04T16:43:49.663+0100] {processor.py:839} INFO - DAG(s) dict_keys(['example_trigger_target_dag']) retrieved from /Users/audioworkstation/Documents/WORKSPACE/LEARNING/Airflow-Training/.venv/lib/python3.10/site-packages/airflow/example_dags/example_trigger_target_dag.py
[2023-11-04T16:43:49.820+0100] {logging_mixin.py:151} INFO - [2023-11-04T16:43:49.820+0100] {dag.py:2915} INFO - Sync 1 DAGs
[2023-11-04T16:43:49.829+0100] {logging_mixin.py:151} INFO - [2023-11-04T16:43:49.829+0100] {dag.py:3696} INFO - Setting next_dagrun for example_trigger_target_dag to None, run_after=None
[2023-11-04T16:43:49.849+0100] {processor.py:179} INFO - Processing /Users/audioworkstation/Documents/WORKSPACE/LEARNING/Airflow-Training/.venv/lib/python3.10/site-packages/airflow/example_dags/example_trigger_target_dag.py took 0.241 seconds
[2023-11-04T16:45:03.956+0100] {processor.py:157} INFO - Started process (PID=3784) to work on /Users/audioworkstation/Documents/WORKSPACE/LEARNING/Airflow-Training/.venv/lib/python3.10/site-packages/airflow/example_dags/example_trigger_target_dag.py
[2023-11-04T16:45:03.961+0100] {processor.py:829} INFO - Processing file /Users/audioworkstation/Documents/WORKSPACE/LEARNING/Airflow-Training/.venv/lib/python3.10/site-packages/airflow/example_dags/example_trigger_target_dag.py for tasks to queue
[2023-11-04T16:45:03.961+0100] {logging_mixin.py:151} INFO - [2023-11-04T16:45:03.961+0100] {dagbag.py:539} INFO - Filling up the DagBag from /Users/audioworkstation/Documents/WORKSPACE/LEARNING/Airflow-Training/.venv/lib/python3.10/site-packages/airflow/example_dags/example_trigger_target_dag.py
[2023-11-04T16:45:04.020+0100] {processor.py:839} INFO - DAG(s) dict_keys(['example_trigger_target_dag']) retrieved from /Users/audioworkstation/Documents/WORKSPACE/LEARNING/Airflow-Training/.venv/lib/python3.10/site-packages/airflow/example_dags/example_trigger_target_dag.py
[2023-11-04T16:45:04.189+0100] {logging_mixin.py:151} INFO - [2023-11-04T16:45:04.189+0100] {dag.py:2915} INFO - Sync 1 DAGs
[2023-11-04T16:45:04.198+0100] {logging_mixin.py:151} INFO - [2023-11-04T16:45:04.198+0100] {dag.py:3696} INFO - Setting next_dagrun for example_trigger_target_dag to None, run_after=None
[2023-11-04T16:45:04.222+0100] {processor.py:179} INFO - Processing /Users/audioworkstation/Documents/WORKSPACE/LEARNING/Airflow-Training/.venv/lib/python3.10/site-packages/airflow/example_dags/example_trigger_target_dag.py took 0.267 seconds
[2023-11-04T16:46:27.139+0100] {processor.py:157} INFO - Started process (PID=4074) to work on /Users/audioworkstation/Documents/WORKSPACE/LEARNING/Airflow-Training/.venv/lib/python3.10/site-packages/airflow/example_dags/example_trigger_target_dag.py
[2023-11-04T16:46:27.144+0100] {processor.py:829} INFO - Processing file /Users/audioworkstation/Documents/WORKSPACE/LEARNING/Airflow-Training/.venv/lib/python3.10/site-packages/airflow/example_dags/example_trigger_target_dag.py for tasks to queue
[2023-11-04T16:46:27.145+0100] {logging_mixin.py:151} INFO - [2023-11-04T16:46:27.145+0100] {dagbag.py:539} INFO - Filling up the DagBag from /Users/audioworkstation/Documents/WORKSPACE/LEARNING/Airflow-Training/.venv/lib/python3.10/site-packages/airflow/example_dags/example_trigger_target_dag.py
[2023-11-04T16:46:27.201+0100] {processor.py:839} INFO - DAG(s) dict_keys(['example_trigger_target_dag']) retrieved from /Users/audioworkstation/Documents/WORKSPACE/LEARNING/Airflow-Training/.venv/lib/python3.10/site-packages/airflow/example_dags/example_trigger_target_dag.py
[2023-11-04T16:46:27.368+0100] {logging_mixin.py:151} INFO - [2023-11-04T16:46:27.367+0100] {dag.py:2915} INFO - Sync 1 DAGs
[2023-11-04T16:46:27.376+0100] {logging_mixin.py:151} INFO - [2023-11-04T16:46:27.376+0100] {dag.py:3696} INFO - Setting next_dagrun for example_trigger_target_dag to None, run_after=None
[2023-11-04T16:46:27.403+0100] {processor.py:179} INFO - Processing /Users/audioworkstation/Documents/WORKSPACE/LEARNING/Airflow-Training/.venv/lib/python3.10/site-packages/airflow/example_dags/example_trigger_target_dag.py took 0.264 seconds
[2023-11-04T16:47:45.287+0100] {processor.py:157} INFO - Started process (PID=4350) to work on /Users/audioworkstation/Documents/WORKSPACE/LEARNING/Airflow-Training/.venv/lib/python3.10/site-packages/airflow/example_dags/example_trigger_target_dag.py
[2023-11-04T16:47:45.294+0100] {processor.py:829} INFO - Processing file /Users/audioworkstation/Documents/WORKSPACE/LEARNING/Airflow-Training/.venv/lib/python3.10/site-packages/airflow/example_dags/example_trigger_target_dag.py for tasks to queue
[2023-11-04T16:47:45.294+0100] {logging_mixin.py:151} INFO - [2023-11-04T16:47:45.294+0100] {dagbag.py:539} INFO - Filling up the DagBag from /Users/audioworkstation/Documents/WORKSPACE/LEARNING/Airflow-Training/.venv/lib/python3.10/site-packages/airflow/example_dags/example_trigger_target_dag.py
[2023-11-04T16:47:45.379+0100] {processor.py:839} INFO - DAG(s) dict_keys(['example_trigger_target_dag']) retrieved from /Users/audioworkstation/Documents/WORKSPACE/LEARNING/Airflow-Training/.venv/lib/python3.10/site-packages/airflow/example_dags/example_trigger_target_dag.py
[2023-11-04T16:47:45.631+0100] {logging_mixin.py:151} INFO - [2023-11-04T16:47:45.631+0100] {dag.py:2915} INFO - Sync 1 DAGs
[2023-11-04T16:47:45.644+0100] {logging_mixin.py:151} INFO - [2023-11-04T16:47:45.644+0100] {dag.py:3696} INFO - Setting next_dagrun for example_trigger_target_dag to None, run_after=None
[2023-11-04T16:47:45.670+0100] {processor.py:179} INFO - Processing /Users/audioworkstation/Documents/WORKSPACE/LEARNING/Airflow-Training/.venv/lib/python3.10/site-packages/airflow/example_dags/example_trigger_target_dag.py took 0.383 seconds
[2023-11-04T16:49:07.507+0100] {processor.py:157} INFO - Started process (PID=4631) to work on /Users/audioworkstation/Documents/WORKSPACE/LEARNING/Airflow-Training/.venv/lib/python3.10/site-packages/airflow/example_dags/example_trigger_target_dag.py
[2023-11-04T16:49:07.512+0100] {processor.py:829} INFO - Processing file /Users/audioworkstation/Documents/WORKSPACE/LEARNING/Airflow-Training/.venv/lib/python3.10/site-packages/airflow/example_dags/example_trigger_target_dag.py for tasks to queue
[2023-11-04T16:49:07.513+0100] {logging_mixin.py:151} INFO - [2023-11-04T16:49:07.512+0100] {dagbag.py:539} INFO - Filling up the DagBag from /Users/audioworkstation/Documents/WORKSPACE/LEARNING/Airflow-Training/.venv/lib/python3.10/site-packages/airflow/example_dags/example_trigger_target_dag.py
[2023-11-04T16:49:07.572+0100] {processor.py:839} INFO - DAG(s) dict_keys(['example_trigger_target_dag']) retrieved from /Users/audioworkstation/Documents/WORKSPACE/LEARNING/Airflow-Training/.venv/lib/python3.10/site-packages/airflow/example_dags/example_trigger_target_dag.py
[2023-11-04T16:49:07.745+0100] {logging_mixin.py:151} INFO - [2023-11-04T16:49:07.745+0100] {dag.py:2915} INFO - Sync 1 DAGs
[2023-11-04T16:49:07.754+0100] {logging_mixin.py:151} INFO - [2023-11-04T16:49:07.754+0100] {dag.py:3696} INFO - Setting next_dagrun for example_trigger_target_dag to None, run_after=None
[2023-11-04T16:49:07.780+0100] {processor.py:179} INFO - Processing /Users/audioworkstation/Documents/WORKSPACE/LEARNING/Airflow-Training/.venv/lib/python3.10/site-packages/airflow/example_dags/example_trigger_target_dag.py took 0.274 seconds
[2023-11-04T16:50:44.258+0100] {processor.py:157} INFO - Started process (PID=4961) to work on /Users/audioworkstation/Documents/WORKSPACE/LEARNING/Airflow-Training/.venv/lib/python3.10/site-packages/airflow/example_dags/example_trigger_target_dag.py
[2023-11-04T16:50:44.262+0100] {processor.py:829} INFO - Processing file /Users/audioworkstation/Documents/WORKSPACE/LEARNING/Airflow-Training/.venv/lib/python3.10/site-packages/airflow/example_dags/example_trigger_target_dag.py for tasks to queue
[2023-11-04T16:50:44.262+0100] {logging_mixin.py:151} INFO - [2023-11-04T16:50:44.262+0100] {dagbag.py:539} INFO - Filling up the DagBag from /Users/audioworkstation/Documents/WORKSPACE/LEARNING/Airflow-Training/.venv/lib/python3.10/site-packages/airflow/example_dags/example_trigger_target_dag.py
[2023-11-04T16:50:44.312+0100] {processor.py:839} INFO - DAG(s) dict_keys(['example_trigger_target_dag']) retrieved from /Users/audioworkstation/Documents/WORKSPACE/LEARNING/Airflow-Training/.venv/lib/python3.10/site-packages/airflow/example_dags/example_trigger_target_dag.py
[2023-11-04T16:50:44.459+0100] {logging_mixin.py:151} INFO - [2023-11-04T16:50:44.459+0100] {dag.py:2915} INFO - Sync 1 DAGs
[2023-11-04T16:50:44.467+0100] {logging_mixin.py:151} INFO - [2023-11-04T16:50:44.467+0100] {dag.py:3696} INFO - Setting next_dagrun for example_trigger_target_dag to None, run_after=None
[2023-11-04T16:50:44.490+0100] {processor.py:179} INFO - Processing /Users/audioworkstation/Documents/WORKSPACE/LEARNING/Airflow-Training/.venv/lib/python3.10/site-packages/airflow/example_dags/example_trigger_target_dag.py took 0.233 seconds
[2023-11-04T16:51:58.259+0100] {processor.py:157} INFO - Started process (PID=5211) to work on /Users/audioworkstation/Documents/WORKSPACE/LEARNING/Airflow-Training/.venv/lib/python3.10/site-packages/airflow/example_dags/example_trigger_target_dag.py
[2023-11-04T16:51:58.263+0100] {processor.py:829} INFO - Processing file /Users/audioworkstation/Documents/WORKSPACE/LEARNING/Airflow-Training/.venv/lib/python3.10/site-packages/airflow/example_dags/example_trigger_target_dag.py for tasks to queue
[2023-11-04T16:51:58.264+0100] {logging_mixin.py:151} INFO - [2023-11-04T16:51:58.263+0100] {dagbag.py:539} INFO - Filling up the DagBag from /Users/audioworkstation/Documents/WORKSPACE/LEARNING/Airflow-Training/.venv/lib/python3.10/site-packages/airflow/example_dags/example_trigger_target_dag.py
[2023-11-04T16:51:58.311+0100] {processor.py:839} INFO - DAG(s) dict_keys(['example_trigger_target_dag']) retrieved from /Users/audioworkstation/Documents/WORKSPACE/LEARNING/Airflow-Training/.venv/lib/python3.10/site-packages/airflow/example_dags/example_trigger_target_dag.py
[2023-11-04T16:51:58.452+0100] {logging_mixin.py:151} INFO - [2023-11-04T16:51:58.452+0100] {dag.py:2915} INFO - Sync 1 DAGs
[2023-11-04T16:51:58.461+0100] {logging_mixin.py:151} INFO - [2023-11-04T16:51:58.460+0100] {dag.py:3696} INFO - Setting next_dagrun for example_trigger_target_dag to None, run_after=None
[2023-11-04T16:51:58.483+0100] {processor.py:179} INFO - Processing /Users/audioworkstation/Documents/WORKSPACE/LEARNING/Airflow-Training/.venv/lib/python3.10/site-packages/airflow/example_dags/example_trigger_target_dag.py took 0.225 seconds
