[2023-11-04T16:42:40.818+0100] {processor.py:157} INFO - Started process (PID=3304) to work on /Users/audioworkstation/Documents/WORKSPACE/LEARNING/Airflow-Training/.venv/lib/python3.10/site-packages/airflow/example_dags/example_params_ui_tutorial.py
[2023-11-04T16:42:40.823+0100] {processor.py:829} INFO - Processing file /Users/audioworkstation/Documents/WORKSPACE/LEARNING/Airflow-Training/.venv/lib/python3.10/site-packages/airflow/example_dags/example_params_ui_tutorial.py for tasks to queue
[2023-11-04T16:42:40.823+0100] {logging_mixin.py:151} INFO - [2023-11-04T16:42:40.823+0100] {dagbag.py:539} INFO - Filling up the DagBag from /Users/audioworkstation/Documents/WORKSPACE/LEARNING/Airflow-Training/.venv/lib/python3.10/site-packages/airflow/example_dags/example_params_ui_tutorial.py
[2023-11-04T16:42:40.945+0100] {processor.py:839} INFO - DAG(s) dict_keys(['example_params_ui_tutorial']) retrieved from /Users/audioworkstation/Documents/WORKSPACE/LEARNING/Airflow-Training/.venv/lib/python3.10/site-packages/airflow/example_dags/example_params_ui_tutorial.py
[2023-11-04T16:42:41.532+0100] {logging_mixin.py:151} INFO - [2023-11-04T16:42:41.531+0100] {security.py:708} INFO - Not syncing DAG-level permissions for DAG 'DAG:example_params_ui_tutorial' as access control is unset.
[2023-11-04T16:42:41.532+0100] {logging_mixin.py:151} INFO - [2023-11-04T16:42:41.532+0100] {dag.py:2915} INFO - Sync 1 DAGs
[2023-11-04T16:42:41.540+0100] {logging_mixin.py:151} INFO - [2023-11-04T16:42:41.540+0100] {dag.py:3696} INFO - Setting next_dagrun for example_params_ui_tutorial to None, run_after=None
[2023-11-04T16:42:41.566+0100] {processor.py:179} INFO - Processing /Users/audioworkstation/Documents/WORKSPACE/LEARNING/Airflow-Training/.venv/lib/python3.10/site-packages/airflow/example_dags/example_params_ui_tutorial.py took 0.749 seconds
[2023-11-04T16:44:28.085+0100] {processor.py:157} INFO - Started process (PID=3667) to work on /Users/audioworkstation/Documents/WORKSPACE/LEARNING/Airflow-Training/.venv/lib/python3.10/site-packages/airflow/example_dags/example_params_ui_tutorial.py
[2023-11-04T16:44:28.089+0100] {processor.py:829} INFO - Processing file /Users/audioworkstation/Documents/WORKSPACE/LEARNING/Airflow-Training/.venv/lib/python3.10/site-packages/airflow/example_dags/example_params_ui_tutorial.py for tasks to queue
[2023-11-04T16:44:28.090+0100] {logging_mixin.py:151} INFO - [2023-11-04T16:44:28.090+0100] {dagbag.py:539} INFO - Filling up the DagBag from /Users/audioworkstation/Documents/WORKSPACE/LEARNING/Airflow-Training/.venv/lib/python3.10/site-packages/airflow/example_dags/example_params_ui_tutorial.py
[2023-11-04T16:44:28.202+0100] {processor.py:839} INFO - DAG(s) dict_keys(['example_params_ui_tutorial']) retrieved from /Users/audioworkstation/Documents/WORKSPACE/LEARNING/Airflow-Training/.venv/lib/python3.10/site-packages/airflow/example_dags/example_params_ui_tutorial.py
[2023-11-04T16:44:28.356+0100] {logging_mixin.py:151} INFO - [2023-11-04T16:44:28.356+0100] {dag.py:2915} INFO - Sync 1 DAGs
[2023-11-04T16:44:28.364+0100] {logging_mixin.py:151} INFO - [2023-11-04T16:44:28.364+0100] {dag.py:3696} INFO - Setting next_dagrun for example_params_ui_tutorial to None, run_after=None
[2023-11-04T16:44:28.388+0100] {processor.py:179} INFO - Processing /Users/audioworkstation/Documents/WORKSPACE/LEARNING/Airflow-Training/.venv/lib/python3.10/site-packages/airflow/example_dags/example_params_ui_tutorial.py took 0.304 seconds
[2023-11-04T16:47:05.760+0100] {processor.py:157} INFO - Started process (PID=4192) to work on /Users/audioworkstation/Documents/WORKSPACE/LEARNING/Airflow-Training/.venv/lib/python3.10/site-packages/airflow/example_dags/example_params_ui_tutorial.py
[2023-11-04T16:47:05.764+0100] {processor.py:829} INFO - Processing file /Users/audioworkstation/Documents/WORKSPACE/LEARNING/Airflow-Training/.venv/lib/python3.10/site-packages/airflow/example_dags/example_params_ui_tutorial.py for tasks to queue
[2023-11-04T16:47:05.765+0100] {logging_mixin.py:151} INFO - [2023-11-04T16:47:05.764+0100] {dagbag.py:539} INFO - Filling up the DagBag from /Users/audioworkstation/Documents/WORKSPACE/LEARNING/Airflow-Training/.venv/lib/python3.10/site-packages/airflow/example_dags/example_params_ui_tutorial.py
[2023-11-04T16:47:05.864+0100] {processor.py:839} INFO - DAG(s) dict_keys(['example_params_ui_tutorial']) retrieved from /Users/audioworkstation/Documents/WORKSPACE/LEARNING/Airflow-Training/.venv/lib/python3.10/site-packages/airflow/example_dags/example_params_ui_tutorial.py
[2023-11-04T16:47:06.004+0100] {logging_mixin.py:151} INFO - [2023-11-04T16:47:06.004+0100] {dag.py:2915} INFO - Sync 1 DAGs
[2023-11-04T16:47:06.011+0100] {logging_mixin.py:151} INFO - [2023-11-04T16:47:06.011+0100] {dag.py:3696} INFO - Setting next_dagrun for example_params_ui_tutorial to None, run_after=None
[2023-11-04T16:47:06.036+0100] {processor.py:179} INFO - Processing /Users/audioworkstation/Documents/WORKSPACE/LEARNING/Airflow-Training/.venv/lib/python3.10/site-packages/airflow/example_dags/example_params_ui_tutorial.py took 0.277 seconds
[2023-11-04T16:50:01.838+0100] {processor.py:157} INFO - Started process (PID=4828) to work on /Users/audioworkstation/Documents/WORKSPACE/LEARNING/Airflow-Training/.venv/lib/python3.10/site-packages/airflow/example_dags/example_params_ui_tutorial.py
[2023-11-04T16:50:01.842+0100] {processor.py:829} INFO - Processing file /Users/audioworkstation/Documents/WORKSPACE/LEARNING/Airflow-Training/.venv/lib/python3.10/site-packages/airflow/example_dags/example_params_ui_tutorial.py for tasks to queue
[2023-11-04T16:50:01.842+0100] {logging_mixin.py:151} INFO - [2023-11-04T16:50:01.842+0100] {dagbag.py:539} INFO - Filling up the DagBag from /Users/audioworkstation/Documents/WORKSPACE/LEARNING/Airflow-Training/.venv/lib/python3.10/site-packages/airflow/example_dags/example_params_ui_tutorial.py
[2023-11-04T16:50:01.938+0100] {processor.py:839} INFO - DAG(s) dict_keys(['example_params_ui_tutorial']) retrieved from /Users/audioworkstation/Documents/WORKSPACE/LEARNING/Airflow-Training/.venv/lib/python3.10/site-packages/airflow/example_dags/example_params_ui_tutorial.py
[2023-11-04T16:50:02.075+0100] {logging_mixin.py:151} INFO - [2023-11-04T16:50:02.075+0100] {dag.py:2915} INFO - Sync 1 DAGs
[2023-11-04T16:50:02.083+0100] {logging_mixin.py:151} INFO - [2023-11-04T16:50:02.083+0100] {dag.py:3696} INFO - Setting next_dagrun for example_params_ui_tutorial to None, run_after=None
[2023-11-04T16:50:02.107+0100] {processor.py:179} INFO - Processing /Users/audioworkstation/Documents/WORKSPACE/LEARNING/Airflow-Training/.venv/lib/python3.10/site-packages/airflow/example_dags/example_params_ui_tutorial.py took 0.270 seconds
