[2023-11-04T16:42:56.723+0100] {processor.py:157} INFO - Started process (PID=3368) to work on /Users/audioworkstation/Documents/WORKSPACE/LEARNING/Airflow-Training/.venv/lib/python3.10/site-packages/airflow/example_dags/example_external_task_marker_dag.py
[2023-11-04T16:42:56.727+0100] {processor.py:829} INFO - Processing file /Users/audioworkstation/Documents/WORKSPACE/LEARNING/Airflow-Training/.venv/lib/python3.10/site-packages/airflow/example_dags/example_external_task_marker_dag.py for tasks to queue
[2023-11-04T16:42:56.727+0100] {logging_mixin.py:151} INFO - [2023-11-04T16:42:56.727+0100] {dagbag.py:539} INFO - Filling up the DagBag from /Users/audioworkstation/Documents/WORKSPACE/LEARNING/Airflow-Training/.venv/lib/python3.10/site-packages/airflow/example_dags/example_external_task_marker_dag.py
[2023-11-04T16:42:56.757+0100] {processor.py:839} INFO - DAG(s) dict_keys(['example_external_task_marker_child', 'example_external_task_marker_parent']) retrieved from /Users/audioworkstation/Documents/WORKSPACE/LEARNING/Airflow-Training/.venv/lib/python3.10/site-packages/airflow/example_dags/example_external_task_marker_dag.py
[2023-11-04T16:42:56.961+0100] {logging_mixin.py:151} INFO - [2023-11-04T16:42:56.961+0100] {dag.py:2915} INFO - Sync 2 DAGs
[2023-11-04T16:42:56.970+0100] {logging_mixin.py:151} INFO - [2023-11-04T16:42:56.970+0100] {dag.py:3696} INFO - Setting next_dagrun for example_external_task_marker_child to None, run_after=None
[2023-11-04T16:42:56.973+0100] {logging_mixin.py:151} INFO - [2023-11-04T16:42:56.973+0100] {dag.py:3696} INFO - Setting next_dagrun for example_external_task_marker_parent to None, run_after=None
[2023-11-04T16:42:56.993+0100] {processor.py:179} INFO - Processing /Users/audioworkstation/Documents/WORKSPACE/LEARNING/Airflow-Training/.venv/lib/python3.10/site-packages/airflow/example_dags/example_external_task_marker_dag.py took 0.271 seconds
[2023-11-04T16:45:25.439+0100] {processor.py:157} INFO - Started process (PID=3851) to work on /Users/audioworkstation/Documents/WORKSPACE/LEARNING/Airflow-Training/.venv/lib/python3.10/site-packages/airflow/example_dags/example_external_task_marker_dag.py
[2023-11-04T16:45:25.443+0100] {processor.py:829} INFO - Processing file /Users/audioworkstation/Documents/WORKSPACE/LEARNING/Airflow-Training/.venv/lib/python3.10/site-packages/airflow/example_dags/example_external_task_marker_dag.py for tasks to queue
[2023-11-04T16:45:25.444+0100] {logging_mixin.py:151} INFO - [2023-11-04T16:45:25.444+0100] {dagbag.py:539} INFO - Filling up the DagBag from /Users/audioworkstation/Documents/WORKSPACE/LEARNING/Airflow-Training/.venv/lib/python3.10/site-packages/airflow/example_dags/example_external_task_marker_dag.py
[2023-11-04T16:45:25.475+0100] {processor.py:839} INFO - DAG(s) dict_keys(['example_external_task_marker_parent', 'example_external_task_marker_child']) retrieved from /Users/audioworkstation/Documents/WORKSPACE/LEARNING/Airflow-Training/.venv/lib/python3.10/site-packages/airflow/example_dags/example_external_task_marker_dag.py
[2023-11-04T16:45:25.650+0100] {logging_mixin.py:151} INFO - [2023-11-04T16:45:25.650+0100] {dag.py:2915} INFO - Sync 2 DAGs
[2023-11-04T16:45:25.658+0100] {logging_mixin.py:151} INFO - [2023-11-04T16:45:25.658+0100] {dag.py:3696} INFO - Setting next_dagrun for example_external_task_marker_child to None, run_after=None
[2023-11-04T16:45:25.661+0100] {logging_mixin.py:151} INFO - [2023-11-04T16:45:25.661+0100] {dag.py:3696} INFO - Setting next_dagrun for example_external_task_marker_parent to None, run_after=None
[2023-11-04T16:45:25.684+0100] {processor.py:179} INFO - Processing /Users/audioworkstation/Documents/WORKSPACE/LEARNING/Airflow-Training/.venv/lib/python3.10/site-packages/airflow/example_dags/example_external_task_marker_dag.py took 0.245 seconds
[2023-11-04T16:47:22.317+0100] {processor.py:157} INFO - Started process (PID=4262) to work on /Users/audioworkstation/Documents/WORKSPACE/LEARNING/Airflow-Training/.venv/lib/python3.10/site-packages/airflow/example_dags/example_external_task_marker_dag.py
[2023-11-04T16:47:22.320+0100] {processor.py:829} INFO - Processing file /Users/audioworkstation/Documents/WORKSPACE/LEARNING/Airflow-Training/.venv/lib/python3.10/site-packages/airflow/example_dags/example_external_task_marker_dag.py for tasks to queue
[2023-11-04T16:47:22.321+0100] {logging_mixin.py:151} INFO - [2023-11-04T16:47:22.321+0100] {dagbag.py:539} INFO - Filling up the DagBag from /Users/audioworkstation/Documents/WORKSPACE/LEARNING/Airflow-Training/.venv/lib/python3.10/site-packages/airflow/example_dags/example_external_task_marker_dag.py
[2023-11-04T16:47:22.349+0100] {processor.py:839} INFO - DAG(s) dict_keys(['example_external_task_marker_parent', 'example_external_task_marker_child']) retrieved from /Users/audioworkstation/Documents/WORKSPACE/LEARNING/Airflow-Training/.venv/lib/python3.10/site-packages/airflow/example_dags/example_external_task_marker_dag.py
[2023-11-04T16:47:22.526+0100] {logging_mixin.py:151} INFO - [2023-11-04T16:47:22.526+0100] {dag.py:2915} INFO - Sync 2 DAGs
[2023-11-04T16:47:22.535+0100] {logging_mixin.py:151} INFO - [2023-11-04T16:47:22.534+0100] {dag.py:3696} INFO - Setting next_dagrun for example_external_task_marker_child to None, run_after=None
[2023-11-04T16:47:22.537+0100] {logging_mixin.py:151} INFO - [2023-11-04T16:47:22.537+0100] {dag.py:3696} INFO - Setting next_dagrun for example_external_task_marker_parent to None, run_after=None
[2023-11-04T16:47:22.550+0100] {processor.py:179} INFO - Processing /Users/audioworkstation/Documents/WORKSPACE/LEARNING/Airflow-Training/.venv/lib/python3.10/site-packages/airflow/example_dags/example_external_task_marker_dag.py took 0.234 seconds
[2023-11-04T16:50:18.139+0100] {processor.py:157} INFO - Started process (PID=4878) to work on /Users/audioworkstation/Documents/WORKSPACE/LEARNING/Airflow-Training/.venv/lib/python3.10/site-packages/airflow/example_dags/example_external_task_marker_dag.py
[2023-11-04T16:50:18.143+0100] {processor.py:829} INFO - Processing file /Users/audioworkstation/Documents/WORKSPACE/LEARNING/Airflow-Training/.venv/lib/python3.10/site-packages/airflow/example_dags/example_external_task_marker_dag.py for tasks to queue
[2023-11-04T16:50:18.144+0100] {logging_mixin.py:151} INFO - [2023-11-04T16:50:18.144+0100] {dagbag.py:539} INFO - Filling up the DagBag from /Users/audioworkstation/Documents/WORKSPACE/LEARNING/Airflow-Training/.venv/lib/python3.10/site-packages/airflow/example_dags/example_external_task_marker_dag.py
[2023-11-04T16:50:18.174+0100] {processor.py:839} INFO - DAG(s) dict_keys(['example_external_task_marker_parent', 'example_external_task_marker_child']) retrieved from /Users/audioworkstation/Documents/WORKSPACE/LEARNING/Airflow-Training/.venv/lib/python3.10/site-packages/airflow/example_dags/example_external_task_marker_dag.py
[2023-11-04T16:50:18.344+0100] {logging_mixin.py:151} INFO - [2023-11-04T16:50:18.344+0100] {dag.py:2915} INFO - Sync 2 DAGs
[2023-11-04T16:50:18.352+0100] {logging_mixin.py:151} INFO - [2023-11-04T16:50:18.352+0100] {dag.py:3696} INFO - Setting next_dagrun for example_external_task_marker_child to None, run_after=None
[2023-11-04T16:50:18.355+0100] {logging_mixin.py:151} INFO - [2023-11-04T16:50:18.354+0100] {dag.py:3696} INFO - Setting next_dagrun for example_external_task_marker_parent to None, run_after=None
[2023-11-04T16:50:18.376+0100] {processor.py:179} INFO - Processing /Users/audioworkstation/Documents/WORKSPACE/LEARNING/Airflow-Training/.venv/lib/python3.10/site-packages/airflow/example_dags/example_external_task_marker_dag.py took 0.237 seconds
