[2023-11-04T16:41:56.098+0100] {processor.py:157} INFO - Started process (PID=3152) to work on /Users/audioworkstation/Documents/WORKSPACE/LEARNING/Airflow-Training/.venv/lib/python3.10/site-packages/airflow/example_dags/tutorial.py
[2023-11-04T16:41:56.104+0100] {processor.py:829} INFO - Processing file /Users/audioworkstation/Documents/WORKSPACE/LEARNING/Airflow-Training/.venv/lib/python3.10/site-packages/airflow/example_dags/tutorial.py for tasks to queue
[2023-11-04T16:41:56.105+0100] {logging_mixin.py:151} INFO - [2023-11-04T16:41:56.105+0100] {dagbag.py:539} INFO - Filling up the DagBag from /Users/audioworkstation/Documents/WORKSPACE/LEARNING/Airflow-Training/.venv/lib/python3.10/site-packages/airflow/example_dags/tutorial.py
[2023-11-04T16:41:56.154+0100] {processor.py:839} INFO - DAG(s) dict_keys(['tutorial']) retrieved from /Users/audioworkstation/Documents/WORKSPACE/LEARNING/Airflow-Training/.venv/lib/python3.10/site-packages/airflow/example_dags/tutorial.py
[2023-11-04T16:41:56.329+0100] {logging_mixin.py:151} INFO - [2023-11-04T16:41:56.328+0100] {dag.py:2915} INFO - Sync 1 DAGs
[2023-11-04T16:41:56.346+0100] {logging_mixin.py:151} INFO - [2023-11-04T16:41:56.346+0100] {dag.py:3696} INFO - Setting next_dagrun for tutorial to 2023-11-03T15:41:56.346077+00:00, run_after=2023-11-04T15:41:56.346077+00:00
[2023-11-04T16:41:56.368+0100] {processor.py:179} INFO - Processing /Users/audioworkstation/Documents/WORKSPACE/LEARNING/Airflow-Training/.venv/lib/python3.10/site-packages/airflow/example_dags/tutorial.py took 0.270 seconds
[2023-11-04T16:43:42.220+0100] {processor.py:157} INFO - Started process (PID=3518) to work on /Users/audioworkstation/Documents/WORKSPACE/LEARNING/Airflow-Training/.venv/lib/python3.10/site-packages/airflow/example_dags/tutorial.py
[2023-11-04T16:43:42.224+0100] {processor.py:829} INFO - Processing file /Users/audioworkstation/Documents/WORKSPACE/LEARNING/Airflow-Training/.venv/lib/python3.10/site-packages/airflow/example_dags/tutorial.py for tasks to queue
[2023-11-04T16:43:42.224+0100] {logging_mixin.py:151} INFO - [2023-11-04T16:43:42.224+0100] {dagbag.py:539} INFO - Filling up the DagBag from /Users/audioworkstation/Documents/WORKSPACE/LEARNING/Airflow-Training/.venv/lib/python3.10/site-packages/airflow/example_dags/tutorial.py
[2023-11-04T16:43:42.250+0100] {processor.py:839} INFO - DAG(s) dict_keys(['tutorial']) retrieved from /Users/audioworkstation/Documents/WORKSPACE/LEARNING/Airflow-Training/.venv/lib/python3.10/site-packages/airflow/example_dags/tutorial.py
[2023-11-04T16:43:42.412+0100] {logging_mixin.py:151} INFO - [2023-11-04T16:43:42.412+0100] {dag.py:2915} INFO - Sync 1 DAGs
[2023-11-04T16:43:42.426+0100] {logging_mixin.py:151} INFO - [2023-11-04T16:43:42.426+0100] {dag.py:3696} INFO - Setting next_dagrun for tutorial to 2023-11-03T15:43:42.426540+00:00, run_after=2023-11-04T15:43:42.426540+00:00
[2023-11-04T16:43:42.442+0100] {processor.py:179} INFO - Processing /Users/audioworkstation/Documents/WORKSPACE/LEARNING/Airflow-Training/.venv/lib/python3.10/site-packages/airflow/example_dags/tutorial.py took 0.222 seconds
[2023-11-04T16:44:57.607+0100] {processor.py:157} INFO - Started process (PID=3766) to work on /Users/audioworkstation/Documents/WORKSPACE/LEARNING/Airflow-Training/.venv/lib/python3.10/site-packages/airflow/example_dags/tutorial.py
[2023-11-04T16:44:57.611+0100] {processor.py:829} INFO - Processing file /Users/audioworkstation/Documents/WORKSPACE/LEARNING/Airflow-Training/.venv/lib/python3.10/site-packages/airflow/example_dags/tutorial.py for tasks to queue
[2023-11-04T16:44:57.611+0100] {logging_mixin.py:151} INFO - [2023-11-04T16:44:57.611+0100] {dagbag.py:539} INFO - Filling up the DagBag from /Users/audioworkstation/Documents/WORKSPACE/LEARNING/Airflow-Training/.venv/lib/python3.10/site-packages/airflow/example_dags/tutorial.py
[2023-11-04T16:44:57.638+0100] {processor.py:839} INFO - DAG(s) dict_keys(['tutorial']) retrieved from /Users/audioworkstation/Documents/WORKSPACE/LEARNING/Airflow-Training/.venv/lib/python3.10/site-packages/airflow/example_dags/tutorial.py
[2023-11-04T16:44:57.790+0100] {logging_mixin.py:151} INFO - [2023-11-04T16:44:57.790+0100] {dag.py:2915} INFO - Sync 1 DAGs
[2023-11-04T16:44:57.805+0100] {logging_mixin.py:151} INFO - [2023-11-04T16:44:57.805+0100] {dag.py:3696} INFO - Setting next_dagrun for tutorial to 2023-11-03T15:44:57.804973+00:00, run_after=2023-11-04T15:44:57.804973+00:00
[2023-11-04T16:44:57.828+0100] {processor.py:179} INFO - Processing /Users/audioworkstation/Documents/WORKSPACE/LEARNING/Airflow-Training/.venv/lib/python3.10/site-packages/airflow/example_dags/tutorial.py took 0.222 seconds
[2023-11-04T16:46:15.798+0100] {processor.py:157} INFO - Started process (PID=4025) to work on /Users/audioworkstation/Documents/WORKSPACE/LEARNING/Airflow-Training/.venv/lib/python3.10/site-packages/airflow/example_dags/tutorial.py
[2023-11-04T16:46:15.803+0100] {processor.py:829} INFO - Processing file /Users/audioworkstation/Documents/WORKSPACE/LEARNING/Airflow-Training/.venv/lib/python3.10/site-packages/airflow/example_dags/tutorial.py for tasks to queue
[2023-11-04T16:46:15.804+0100] {logging_mixin.py:151} INFO - [2023-11-04T16:46:15.804+0100] {dagbag.py:539} INFO - Filling up the DagBag from /Users/audioworkstation/Documents/WORKSPACE/LEARNING/Airflow-Training/.venv/lib/python3.10/site-packages/airflow/example_dags/tutorial.py
[2023-11-04T16:46:15.834+0100] {processor.py:839} INFO - DAG(s) dict_keys(['tutorial']) retrieved from /Users/audioworkstation/Documents/WORKSPACE/LEARNING/Airflow-Training/.venv/lib/python3.10/site-packages/airflow/example_dags/tutorial.py
[2023-11-04T16:46:16.063+0100] {logging_mixin.py:151} INFO - [2023-11-04T16:46:16.062+0100] {dag.py:2915} INFO - Sync 1 DAGs
[2023-11-04T16:46:16.083+0100] {logging_mixin.py:151} INFO - [2023-11-04T16:46:16.083+0100] {dag.py:3696} INFO - Setting next_dagrun for tutorial to 2023-11-03T15:46:16.083351+00:00, run_after=2023-11-04T15:46:16.083351+00:00
[2023-11-04T16:46:16.140+0100] {processor.py:179} INFO - Processing /Users/audioworkstation/Documents/WORKSPACE/LEARNING/Airflow-Training/.venv/lib/python3.10/site-packages/airflow/example_dags/tutorial.py took 0.343 seconds
[2023-11-04T16:47:39.301+0100] {processor.py:157} INFO - Started process (PID=4332) to work on /Users/audioworkstation/Documents/WORKSPACE/LEARNING/Airflow-Training/.venv/lib/python3.10/site-packages/airflow/example_dags/tutorial.py
[2023-11-04T16:47:39.305+0100] {processor.py:829} INFO - Processing file /Users/audioworkstation/Documents/WORKSPACE/LEARNING/Airflow-Training/.venv/lib/python3.10/site-packages/airflow/example_dags/tutorial.py for tasks to queue
[2023-11-04T16:47:39.305+0100] {logging_mixin.py:151} INFO - [2023-11-04T16:47:39.305+0100] {dagbag.py:539} INFO - Filling up the DagBag from /Users/audioworkstation/Documents/WORKSPACE/LEARNING/Airflow-Training/.venv/lib/python3.10/site-packages/airflow/example_dags/tutorial.py
[2023-11-04T16:47:39.330+0100] {processor.py:839} INFO - DAG(s) dict_keys(['tutorial']) retrieved from /Users/audioworkstation/Documents/WORKSPACE/LEARNING/Airflow-Training/.venv/lib/python3.10/site-packages/airflow/example_dags/tutorial.py
[2023-11-04T16:47:39.496+0100] {logging_mixin.py:151} INFO - [2023-11-04T16:47:39.495+0100] {dag.py:2915} INFO - Sync 1 DAGs
[2023-11-04T16:47:39.510+0100] {logging_mixin.py:151} INFO - [2023-11-04T16:47:39.510+0100] {dag.py:3696} INFO - Setting next_dagrun for tutorial to 2023-11-03T15:47:39.510215+00:00, run_after=2023-11-04T15:47:39.510215+00:00
[2023-11-04T16:47:39.534+0100] {processor.py:179} INFO - Processing /Users/audioworkstation/Documents/WORKSPACE/LEARNING/Airflow-Training/.venv/lib/python3.10/site-packages/airflow/example_dags/tutorial.py took 0.234 seconds
[2023-11-04T16:48:59.095+0100] {processor.py:157} INFO - Started process (PID=4598) to work on /Users/audioworkstation/Documents/WORKSPACE/LEARNING/Airflow-Training/.venv/lib/python3.10/site-packages/airflow/example_dags/tutorial.py
[2023-11-04T16:48:59.102+0100] {processor.py:829} INFO - Processing file /Users/audioworkstation/Documents/WORKSPACE/LEARNING/Airflow-Training/.venv/lib/python3.10/site-packages/airflow/example_dags/tutorial.py for tasks to queue
[2023-11-04T16:48:59.103+0100] {logging_mixin.py:151} INFO - [2023-11-04T16:48:59.103+0100] {dagbag.py:539} INFO - Filling up the DagBag from /Users/audioworkstation/Documents/WORKSPACE/LEARNING/Airflow-Training/.venv/lib/python3.10/site-packages/airflow/example_dags/tutorial.py
[2023-11-04T16:48:59.147+0100] {processor.py:839} INFO - DAG(s) dict_keys(['tutorial']) retrieved from /Users/audioworkstation/Documents/WORKSPACE/LEARNING/Airflow-Training/.venv/lib/python3.10/site-packages/airflow/example_dags/tutorial.py
[2023-11-04T16:48:59.410+0100] {logging_mixin.py:151} INFO - [2023-11-04T16:48:59.410+0100] {dag.py:2915} INFO - Sync 1 DAGs
[2023-11-04T16:48:59.436+0100] {logging_mixin.py:151} INFO - [2023-11-04T16:48:59.436+0100] {dag.py:3696} INFO - Setting next_dagrun for tutorial to 2023-11-03T15:48:59.436147+00:00, run_after=2023-11-04T15:48:59.436147+00:00
[2023-11-04T16:48:59.462+0100] {processor.py:179} INFO - Processing /Users/audioworkstation/Documents/WORKSPACE/LEARNING/Airflow-Training/.venv/lib/python3.10/site-packages/airflow/example_dags/tutorial.py took 0.367 seconds
[2023-11-04T16:50:37.640+0100] {processor.py:157} INFO - Started process (PID=4944) to work on /Users/audioworkstation/Documents/WORKSPACE/LEARNING/Airflow-Training/.venv/lib/python3.10/site-packages/airflow/example_dags/tutorial.py
[2023-11-04T16:50:37.646+0100] {processor.py:829} INFO - Processing file /Users/audioworkstation/Documents/WORKSPACE/LEARNING/Airflow-Training/.venv/lib/python3.10/site-packages/airflow/example_dags/tutorial.py for tasks to queue
[2023-11-04T16:50:37.646+0100] {logging_mixin.py:151} INFO - [2023-11-04T16:50:37.646+0100] {dagbag.py:539} INFO - Filling up the DagBag from /Users/audioworkstation/Documents/WORKSPACE/LEARNING/Airflow-Training/.venv/lib/python3.10/site-packages/airflow/example_dags/tutorial.py
[2023-11-04T16:50:37.678+0100] {processor.py:839} INFO - DAG(s) dict_keys(['tutorial']) retrieved from /Users/audioworkstation/Documents/WORKSPACE/LEARNING/Airflow-Training/.venv/lib/python3.10/site-packages/airflow/example_dags/tutorial.py
[2023-11-04T16:50:37.872+0100] {logging_mixin.py:151} INFO - [2023-11-04T16:50:37.872+0100] {dag.py:2915} INFO - Sync 1 DAGs
[2023-11-04T16:50:37.890+0100] {logging_mixin.py:151} INFO - [2023-11-04T16:50:37.890+0100] {dag.py:3696} INFO - Setting next_dagrun for tutorial to 2023-11-03T15:50:37.890470+00:00, run_after=2023-11-04T15:50:37.890470+00:00
[2023-11-04T16:50:37.916+0100] {processor.py:179} INFO - Processing /Users/audioworkstation/Documents/WORKSPACE/LEARNING/Airflow-Training/.venv/lib/python3.10/site-packages/airflow/example_dags/tutorial.py took 0.276 seconds
[2023-11-04T16:51:51.522+0100] {processor.py:157} INFO - Started process (PID=5194) to work on /Users/audioworkstation/Documents/WORKSPACE/LEARNING/Airflow-Training/.venv/lib/python3.10/site-packages/airflow/example_dags/tutorial.py
[2023-11-04T16:51:51.526+0100] {processor.py:829} INFO - Processing file /Users/audioworkstation/Documents/WORKSPACE/LEARNING/Airflow-Training/.venv/lib/python3.10/site-packages/airflow/example_dags/tutorial.py for tasks to queue
[2023-11-04T16:51:51.526+0100] {logging_mixin.py:151} INFO - [2023-11-04T16:51:51.526+0100] {dagbag.py:539} INFO - Filling up the DagBag from /Users/audioworkstation/Documents/WORKSPACE/LEARNING/Airflow-Training/.venv/lib/python3.10/site-packages/airflow/example_dags/tutorial.py
[2023-11-04T16:51:51.552+0100] {processor.py:839} INFO - DAG(s) dict_keys(['tutorial']) retrieved from /Users/audioworkstation/Documents/WORKSPACE/LEARNING/Airflow-Training/.venv/lib/python3.10/site-packages/airflow/example_dags/tutorial.py
[2023-11-04T16:51:51.705+0100] {logging_mixin.py:151} INFO - [2023-11-04T16:51:51.705+0100] {dag.py:2915} INFO - Sync 1 DAGs
[2023-11-04T16:51:51.719+0100] {logging_mixin.py:151} INFO - [2023-11-04T16:51:51.719+0100] {dag.py:3696} INFO - Setting next_dagrun for tutorial to 2023-11-03T15:51:51.719153+00:00, run_after=2023-11-04T15:51:51.719153+00:00
[2023-11-04T16:51:51.743+0100] {processor.py:179} INFO - Processing /Users/audioworkstation/Documents/WORKSPACE/LEARNING/Airflow-Training/.venv/lib/python3.10/site-packages/airflow/example_dags/tutorial.py took 0.222 seconds
