[2023-11-04T16:41:51.128+0100] {processor.py:157} INFO - Started process (PID=3143) to work on /Users/audioworkstation/Documents/WORKSPACE/LEARNING/Airflow-Training/.venv/lib/python3.10/site-packages/airflow/example_dags/tutorial_taskflow_api.py
[2023-11-04T16:41:51.131+0100] {processor.py:829} INFO - Processing file /Users/audioworkstation/Documents/WORKSPACE/LEARNING/Airflow-Training/.venv/lib/python3.10/site-packages/airflow/example_dags/tutorial_taskflow_api.py for tasks to queue
[2023-11-04T16:41:51.132+0100] {logging_mixin.py:151} INFO - [2023-11-04T16:41:51.132+0100] {dagbag.py:539} INFO - Filling up the DagBag from /Users/audioworkstation/Documents/WORKSPACE/LEARNING/Airflow-Training/.venv/lib/python3.10/site-packages/airflow/example_dags/tutorial_taskflow_api.py
[2023-11-04T16:41:51.179+0100] {processor.py:839} INFO - DAG(s) dict_keys(['tutorial_taskflow_api']) retrieved from /Users/audioworkstation/Documents/WORKSPACE/LEARNING/Airflow-Training/.venv/lib/python3.10/site-packages/airflow/example_dags/tutorial_taskflow_api.py
[2023-11-04T16:41:51.333+0100] {logging_mixin.py:151} INFO - [2023-11-04T16:41:51.333+0100] {dag.py:2915} INFO - Sync 1 DAGs
[2023-11-04T16:41:51.340+0100] {logging_mixin.py:151} INFO - [2023-11-04T16:41:51.340+0100] {dag.py:3696} INFO - Setting next_dagrun for tutorial_taskflow_api to None, run_after=None
[2023-11-04T16:41:51.361+0100] {processor.py:179} INFO - Processing /Users/audioworkstation/Documents/WORKSPACE/LEARNING/Airflow-Training/.venv/lib/python3.10/site-packages/airflow/example_dags/tutorial_taskflow_api.py took 0.234 seconds
[2023-11-04T16:43:38.034+0100] {processor.py:157} INFO - Started process (PID=3502) to work on /Users/audioworkstation/Documents/WORKSPACE/LEARNING/Airflow-Training/.venv/lib/python3.10/site-packages/airflow/example_dags/tutorial_taskflow_api.py
[2023-11-04T16:43:38.038+0100] {processor.py:829} INFO - Processing file /Users/audioworkstation/Documents/WORKSPACE/LEARNING/Airflow-Training/.venv/lib/python3.10/site-packages/airflow/example_dags/tutorial_taskflow_api.py for tasks to queue
[2023-11-04T16:43:38.039+0100] {logging_mixin.py:151} INFO - [2023-11-04T16:43:38.039+0100] {dagbag.py:539} INFO - Filling up the DagBag from /Users/audioworkstation/Documents/WORKSPACE/LEARNING/Airflow-Training/.venv/lib/python3.10/site-packages/airflow/example_dags/tutorial_taskflow_api.py
[2023-11-04T16:43:38.089+0100] {processor.py:839} INFO - DAG(s) dict_keys(['tutorial_taskflow_api']) retrieved from /Users/audioworkstation/Documents/WORKSPACE/LEARNING/Airflow-Training/.venv/lib/python3.10/site-packages/airflow/example_dags/tutorial_taskflow_api.py
[2023-11-04T16:43:38.234+0100] {logging_mixin.py:151} INFO - [2023-11-04T16:43:38.234+0100] {dag.py:2915} INFO - Sync 1 DAGs
[2023-11-04T16:43:38.242+0100] {logging_mixin.py:151} INFO - [2023-11-04T16:43:38.242+0100] {dag.py:3696} INFO - Setting next_dagrun for tutorial_taskflow_api to None, run_after=None
[2023-11-04T16:43:38.266+0100] {processor.py:179} INFO - Processing /Users/audioworkstation/Documents/WORKSPACE/LEARNING/Airflow-Training/.venv/lib/python3.10/site-packages/airflow/example_dags/tutorial_taskflow_api.py took 0.232 seconds
[2023-11-04T16:44:53.036+0100] {processor.py:157} INFO - Started process (PID=3750) to work on /Users/audioworkstation/Documents/WORKSPACE/LEARNING/Airflow-Training/.venv/lib/python3.10/site-packages/airflow/example_dags/tutorial_taskflow_api.py
[2023-11-04T16:44:53.041+0100] {processor.py:829} INFO - Processing file /Users/audioworkstation/Documents/WORKSPACE/LEARNING/Airflow-Training/.venv/lib/python3.10/site-packages/airflow/example_dags/tutorial_taskflow_api.py for tasks to queue
[2023-11-04T16:44:53.041+0100] {logging_mixin.py:151} INFO - [2023-11-04T16:44:53.041+0100] {dagbag.py:539} INFO - Filling up the DagBag from /Users/audioworkstation/Documents/WORKSPACE/LEARNING/Airflow-Training/.venv/lib/python3.10/site-packages/airflow/example_dags/tutorial_taskflow_api.py
[2023-11-04T16:44:53.099+0100] {processor.py:839} INFO - DAG(s) dict_keys(['tutorial_taskflow_api']) retrieved from /Users/audioworkstation/Documents/WORKSPACE/LEARNING/Airflow-Training/.venv/lib/python3.10/site-packages/airflow/example_dags/tutorial_taskflow_api.py
[2023-11-04T16:44:53.262+0100] {logging_mixin.py:151} INFO - [2023-11-04T16:44:53.261+0100] {dag.py:2915} INFO - Sync 1 DAGs
[2023-11-04T16:44:53.270+0100] {logging_mixin.py:151} INFO - [2023-11-04T16:44:53.270+0100] {dag.py:3696} INFO - Setting next_dagrun for tutorial_taskflow_api to None, run_after=None
[2023-11-04T16:44:53.297+0100] {processor.py:179} INFO - Processing /Users/audioworkstation/Documents/WORKSPACE/LEARNING/Airflow-Training/.venv/lib/python3.10/site-packages/airflow/example_dags/tutorial_taskflow_api.py took 0.262 seconds
[2023-11-04T16:46:10.476+0100] {processor.py:157} INFO - Started process (PID=4007) to work on /Users/audioworkstation/Documents/WORKSPACE/LEARNING/Airflow-Training/.venv/lib/python3.10/site-packages/airflow/example_dags/tutorial_taskflow_api.py
[2023-11-04T16:46:10.481+0100] {processor.py:829} INFO - Processing file /Users/audioworkstation/Documents/WORKSPACE/LEARNING/Airflow-Training/.venv/lib/python3.10/site-packages/airflow/example_dags/tutorial_taskflow_api.py for tasks to queue
[2023-11-04T16:46:10.482+0100] {logging_mixin.py:151} INFO - [2023-11-04T16:46:10.482+0100] {dagbag.py:539} INFO - Filling up the DagBag from /Users/audioworkstation/Documents/WORKSPACE/LEARNING/Airflow-Training/.venv/lib/python3.10/site-packages/airflow/example_dags/tutorial_taskflow_api.py
[2023-11-04T16:46:10.557+0100] {processor.py:839} INFO - DAG(s) dict_keys(['tutorial_taskflow_api']) retrieved from /Users/audioworkstation/Documents/WORKSPACE/LEARNING/Airflow-Training/.venv/lib/python3.10/site-packages/airflow/example_dags/tutorial_taskflow_api.py
[2023-11-04T16:46:10.768+0100] {logging_mixin.py:151} INFO - [2023-11-04T16:46:10.767+0100] {dag.py:2915} INFO - Sync 1 DAGs
[2023-11-04T16:46:10.788+0100] {logging_mixin.py:151} INFO - [2023-11-04T16:46:10.788+0100] {dag.py:3696} INFO - Setting next_dagrun for tutorial_taskflow_api to None, run_after=None
[2023-11-04T16:46:10.831+0100] {processor.py:179} INFO - Processing /Users/audioworkstation/Documents/WORKSPACE/LEARNING/Airflow-Training/.venv/lib/python3.10/site-packages/airflow/example_dags/tutorial_taskflow_api.py took 0.356 seconds
[2023-11-04T16:47:34.820+0100] {processor.py:157} INFO - Started process (PID=4315) to work on /Users/audioworkstation/Documents/WORKSPACE/LEARNING/Airflow-Training/.venv/lib/python3.10/site-packages/airflow/example_dags/tutorial_taskflow_api.py
[2023-11-04T16:47:34.825+0100] {processor.py:829} INFO - Processing file /Users/audioworkstation/Documents/WORKSPACE/LEARNING/Airflow-Training/.venv/lib/python3.10/site-packages/airflow/example_dags/tutorial_taskflow_api.py for tasks to queue
[2023-11-04T16:47:34.825+0100] {logging_mixin.py:151} INFO - [2023-11-04T16:47:34.825+0100] {dagbag.py:539} INFO - Filling up the DagBag from /Users/audioworkstation/Documents/WORKSPACE/LEARNING/Airflow-Training/.venv/lib/python3.10/site-packages/airflow/example_dags/tutorial_taskflow_api.py
[2023-11-04T16:47:34.873+0100] {processor.py:839} INFO - DAG(s) dict_keys(['tutorial_taskflow_api']) retrieved from /Users/audioworkstation/Documents/WORKSPACE/LEARNING/Airflow-Training/.venv/lib/python3.10/site-packages/airflow/example_dags/tutorial_taskflow_api.py
[2023-11-04T16:47:35.033+0100] {logging_mixin.py:151} INFO - [2023-11-04T16:47:35.033+0100] {dag.py:2915} INFO - Sync 1 DAGs
[2023-11-04T16:47:35.042+0100] {logging_mixin.py:151} INFO - [2023-11-04T16:47:35.042+0100] {dag.py:3696} INFO - Setting next_dagrun for tutorial_taskflow_api to None, run_after=None
[2023-11-04T16:47:35.060+0100] {processor.py:179} INFO - Processing /Users/audioworkstation/Documents/WORKSPACE/LEARNING/Airflow-Training/.venv/lib/python3.10/site-packages/airflow/example_dags/tutorial_taskflow_api.py took 0.240 seconds
[2023-11-04T16:48:53.981+0100] {processor.py:157} INFO - Started process (PID=4582) to work on /Users/audioworkstation/Documents/WORKSPACE/LEARNING/Airflow-Training/.venv/lib/python3.10/site-packages/airflow/example_dags/tutorial_taskflow_api.py
[2023-11-04T16:48:53.985+0100] {processor.py:829} INFO - Processing file /Users/audioworkstation/Documents/WORKSPACE/LEARNING/Airflow-Training/.venv/lib/python3.10/site-packages/airflow/example_dags/tutorial_taskflow_api.py for tasks to queue
[2023-11-04T16:48:53.985+0100] {logging_mixin.py:151} INFO - [2023-11-04T16:48:53.985+0100] {dagbag.py:539} INFO - Filling up the DagBag from /Users/audioworkstation/Documents/WORKSPACE/LEARNING/Airflow-Training/.venv/lib/python3.10/site-packages/airflow/example_dags/tutorial_taskflow_api.py
[2023-11-04T16:48:54.038+0100] {processor.py:839} INFO - DAG(s) dict_keys(['tutorial_taskflow_api']) retrieved from /Users/audioworkstation/Documents/WORKSPACE/LEARNING/Airflow-Training/.venv/lib/python3.10/site-packages/airflow/example_dags/tutorial_taskflow_api.py
[2023-11-04T16:48:54.190+0100] {logging_mixin.py:151} INFO - [2023-11-04T16:48:54.189+0100] {dag.py:2915} INFO - Sync 1 DAGs
[2023-11-04T16:48:54.198+0100] {logging_mixin.py:151} INFO - [2023-11-04T16:48:54.198+0100] {dag.py:3696} INFO - Setting next_dagrun for tutorial_taskflow_api to None, run_after=None
[2023-11-04T16:48:54.222+0100] {processor.py:179} INFO - Processing /Users/audioworkstation/Documents/WORKSPACE/LEARNING/Airflow-Training/.venv/lib/python3.10/site-packages/airflow/example_dags/tutorial_taskflow_api.py took 0.242 seconds
[2023-11-04T16:50:32.674+0100] {processor.py:157} INFO - Started process (PID=4928) to work on /Users/audioworkstation/Documents/WORKSPACE/LEARNING/Airflow-Training/.venv/lib/python3.10/site-packages/airflow/example_dags/tutorial_taskflow_api.py
[2023-11-04T16:50:32.678+0100] {processor.py:829} INFO - Processing file /Users/audioworkstation/Documents/WORKSPACE/LEARNING/Airflow-Training/.venv/lib/python3.10/site-packages/airflow/example_dags/tutorial_taskflow_api.py for tasks to queue
[2023-11-04T16:50:32.679+0100] {logging_mixin.py:151} INFO - [2023-11-04T16:50:32.679+0100] {dagbag.py:539} INFO - Filling up the DagBag from /Users/audioworkstation/Documents/WORKSPACE/LEARNING/Airflow-Training/.venv/lib/python3.10/site-packages/airflow/example_dags/tutorial_taskflow_api.py
[2023-11-04T16:50:32.731+0100] {processor.py:839} INFO - DAG(s) dict_keys(['tutorial_taskflow_api']) retrieved from /Users/audioworkstation/Documents/WORKSPACE/LEARNING/Airflow-Training/.venv/lib/python3.10/site-packages/airflow/example_dags/tutorial_taskflow_api.py
[2023-11-04T16:50:32.894+0100] {logging_mixin.py:151} INFO - [2023-11-04T16:50:32.894+0100] {dag.py:2915} INFO - Sync 1 DAGs
[2023-11-04T16:50:32.903+0100] {logging_mixin.py:151} INFO - [2023-11-04T16:50:32.902+0100] {dag.py:3696} INFO - Setting next_dagrun for tutorial_taskflow_api to None, run_after=None
[2023-11-04T16:50:32.927+0100] {processor.py:179} INFO - Processing /Users/audioworkstation/Documents/WORKSPACE/LEARNING/Airflow-Training/.venv/lib/python3.10/site-packages/airflow/example_dags/tutorial_taskflow_api.py took 0.254 seconds
[2023-11-04T16:51:47.748+0100] {processor.py:157} INFO - Started process (PID=5178) to work on /Users/audioworkstation/Documents/WORKSPACE/LEARNING/Airflow-Training/.venv/lib/python3.10/site-packages/airflow/example_dags/tutorial_taskflow_api.py
[2023-11-04T16:51:47.753+0100] {processor.py:829} INFO - Processing file /Users/audioworkstation/Documents/WORKSPACE/LEARNING/Airflow-Training/.venv/lib/python3.10/site-packages/airflow/example_dags/tutorial_taskflow_api.py for tasks to queue
[2023-11-04T16:51:47.753+0100] {logging_mixin.py:151} INFO - [2023-11-04T16:51:47.753+0100] {dagbag.py:539} INFO - Filling up the DagBag from /Users/audioworkstation/Documents/WORKSPACE/LEARNING/Airflow-Training/.venv/lib/python3.10/site-packages/airflow/example_dags/tutorial_taskflow_api.py
[2023-11-04T16:51:47.809+0100] {processor.py:839} INFO - DAG(s) dict_keys(['tutorial_taskflow_api']) retrieved from /Users/audioworkstation/Documents/WORKSPACE/LEARNING/Airflow-Training/.venv/lib/python3.10/site-packages/airflow/example_dags/tutorial_taskflow_api.py
[2023-11-04T16:51:47.977+0100] {logging_mixin.py:151} INFO - [2023-11-04T16:51:47.977+0100] {dag.py:2915} INFO - Sync 1 DAGs
[2023-11-04T16:51:47.986+0100] {logging_mixin.py:151} INFO - [2023-11-04T16:51:47.986+0100] {dag.py:3696} INFO - Setting next_dagrun for tutorial_taskflow_api to None, run_after=None
[2023-11-04T16:51:48.011+0100] {processor.py:179} INFO - Processing /Users/audioworkstation/Documents/WORKSPACE/LEARNING/Airflow-Training/.venv/lib/python3.10/site-packages/airflow/example_dags/tutorial_taskflow_api.py took 0.264 seconds
