[2023-11-04T16:41:53.607+0100] {processor.py:157} INFO - Started process (PID=3144) to work on /Users/audioworkstation/Documents/WORKSPACE/LEARNING/Airflow-Training/.venv/lib/python3.10/site-packages/airflow/example_dags/tutorial_dag.py
[2023-11-04T16:41:53.611+0100] {processor.py:829} INFO - Processing file /Users/audioworkstation/Documents/WORKSPACE/LEARNING/Airflow-Training/.venv/lib/python3.10/site-packages/airflow/example_dags/tutorial_dag.py for tasks to queue
[2023-11-04T16:41:53.612+0100] {logging_mixin.py:151} INFO - [2023-11-04T16:41:53.612+0100] {dagbag.py:539} INFO - Filling up the DagBag from /Users/audioworkstation/Documents/WORKSPACE/LEARNING/Airflow-Training/.venv/lib/python3.10/site-packages/airflow/example_dags/tutorial_dag.py
[2023-11-04T16:41:53.651+0100] {processor.py:839} INFO - DAG(s) dict_keys(['tutorial_dag']) retrieved from /Users/audioworkstation/Documents/WORKSPACE/LEARNING/Airflow-Training/.venv/lib/python3.10/site-packages/airflow/example_dags/tutorial_dag.py
[2023-11-04T16:41:53.823+0100] {logging_mixin.py:151} INFO - [2023-11-04T16:41:53.823+0100] {dag.py:2915} INFO - Sync 1 DAGs
[2023-11-04T16:41:53.832+0100] {logging_mixin.py:151} INFO - [2023-11-04T16:41:53.832+0100] {dag.py:3696} INFO - Setting next_dagrun for tutorial_dag to None, run_after=None
[2023-11-04T16:41:53.857+0100] {processor.py:179} INFO - Processing /Users/audioworkstation/Documents/WORKSPACE/LEARNING/Airflow-Training/.venv/lib/python3.10/site-packages/airflow/example_dags/tutorial_dag.py took 0.251 seconds
[2023-11-04T16:43:39.713+0100] {processor.py:157} INFO - Started process (PID=3503) to work on /Users/audioworkstation/Documents/WORKSPACE/LEARNING/Airflow-Training/.venv/lib/python3.10/site-packages/airflow/example_dags/tutorial_dag.py
[2023-11-04T16:43:39.717+0100] {processor.py:829} INFO - Processing file /Users/audioworkstation/Documents/WORKSPACE/LEARNING/Airflow-Training/.venv/lib/python3.10/site-packages/airflow/example_dags/tutorial_dag.py for tasks to queue
[2023-11-04T16:43:39.718+0100] {logging_mixin.py:151} INFO - [2023-11-04T16:43:39.717+0100] {dagbag.py:539} INFO - Filling up the DagBag from /Users/audioworkstation/Documents/WORKSPACE/LEARNING/Airflow-Training/.venv/lib/python3.10/site-packages/airflow/example_dags/tutorial_dag.py
[2023-11-04T16:43:39.751+0100] {processor.py:839} INFO - DAG(s) dict_keys(['tutorial_dag']) retrieved from /Users/audioworkstation/Documents/WORKSPACE/LEARNING/Airflow-Training/.venv/lib/python3.10/site-packages/airflow/example_dags/tutorial_dag.py
[2023-11-04T16:43:39.938+0100] {logging_mixin.py:151} INFO - [2023-11-04T16:43:39.938+0100] {dag.py:2915} INFO - Sync 1 DAGs
[2023-11-04T16:43:39.947+0100] {logging_mixin.py:151} INFO - [2023-11-04T16:43:39.947+0100] {dag.py:3696} INFO - Setting next_dagrun for tutorial_dag to None, run_after=None
[2023-11-04T16:43:39.971+0100] {processor.py:179} INFO - Processing /Users/audioworkstation/Documents/WORKSPACE/LEARNING/Airflow-Training/.venv/lib/python3.10/site-packages/airflow/example_dags/tutorial_dag.py took 0.259 seconds
[2023-11-04T16:44:55.209+0100] {processor.py:157} INFO - Started process (PID=3751) to work on /Users/audioworkstation/Documents/WORKSPACE/LEARNING/Airflow-Training/.venv/lib/python3.10/site-packages/airflow/example_dags/tutorial_dag.py
[2023-11-04T16:44:55.212+0100] {processor.py:829} INFO - Processing file /Users/audioworkstation/Documents/WORKSPACE/LEARNING/Airflow-Training/.venv/lib/python3.10/site-packages/airflow/example_dags/tutorial_dag.py for tasks to queue
[2023-11-04T16:44:55.213+0100] {logging_mixin.py:151} INFO - [2023-11-04T16:44:55.213+0100] {dagbag.py:539} INFO - Filling up the DagBag from /Users/audioworkstation/Documents/WORKSPACE/LEARNING/Airflow-Training/.venv/lib/python3.10/site-packages/airflow/example_dags/tutorial_dag.py
[2023-11-04T16:44:55.246+0100] {processor.py:839} INFO - DAG(s) dict_keys(['tutorial_dag']) retrieved from /Users/audioworkstation/Documents/WORKSPACE/LEARNING/Airflow-Training/.venv/lib/python3.10/site-packages/airflow/example_dags/tutorial_dag.py
[2023-11-04T16:44:55.397+0100] {logging_mixin.py:151} INFO - [2023-11-04T16:44:55.397+0100] {dag.py:2915} INFO - Sync 1 DAGs
[2023-11-04T16:44:55.405+0100] {logging_mixin.py:151} INFO - [2023-11-04T16:44:55.405+0100] {dag.py:3696} INFO - Setting next_dagrun for tutorial_dag to None, run_after=None
[2023-11-04T16:44:55.428+0100] {processor.py:179} INFO - Processing /Users/audioworkstation/Documents/WORKSPACE/LEARNING/Airflow-Training/.venv/lib/python3.10/site-packages/airflow/example_dags/tutorial_dag.py took 0.220 seconds
[2023-11-04T16:46:13.171+0100] {processor.py:157} INFO - Started process (PID=4023) to work on /Users/audioworkstation/Documents/WORKSPACE/LEARNING/Airflow-Training/.venv/lib/python3.10/site-packages/airflow/example_dags/tutorial_dag.py
[2023-11-04T16:46:13.176+0100] {processor.py:829} INFO - Processing file /Users/audioworkstation/Documents/WORKSPACE/LEARNING/Airflow-Training/.venv/lib/python3.10/site-packages/airflow/example_dags/tutorial_dag.py for tasks to queue
[2023-11-04T16:46:13.177+0100] {logging_mixin.py:151} INFO - [2023-11-04T16:46:13.177+0100] {dagbag.py:539} INFO - Filling up the DagBag from /Users/audioworkstation/Documents/WORKSPACE/LEARNING/Airflow-Training/.venv/lib/python3.10/site-packages/airflow/example_dags/tutorial_dag.py
[2023-11-04T16:46:13.221+0100] {processor.py:839} INFO - DAG(s) dict_keys(['tutorial_dag']) retrieved from /Users/audioworkstation/Documents/WORKSPACE/LEARNING/Airflow-Training/.venv/lib/python3.10/site-packages/airflow/example_dags/tutorial_dag.py
[2023-11-04T16:46:13.410+0100] {logging_mixin.py:151} INFO - [2023-11-04T16:46:13.410+0100] {dag.py:2915} INFO - Sync 1 DAGs
[2023-11-04T16:46:13.418+0100] {logging_mixin.py:151} INFO - [2023-11-04T16:46:13.418+0100] {dag.py:3696} INFO - Setting next_dagrun for tutorial_dag to None, run_after=None
[2023-11-04T16:46:13.437+0100] {processor.py:179} INFO - Processing /Users/audioworkstation/Documents/WORKSPACE/LEARNING/Airflow-Training/.venv/lib/python3.10/site-packages/airflow/example_dags/tutorial_dag.py took 0.267 seconds
[2023-11-04T16:47:36.551+0100] {processor.py:157} INFO - Started process (PID=4331) to work on /Users/audioworkstation/Documents/WORKSPACE/LEARNING/Airflow-Training/.venv/lib/python3.10/site-packages/airflow/example_dags/tutorial_dag.py
[2023-11-04T16:47:36.555+0100] {processor.py:829} INFO - Processing file /Users/audioworkstation/Documents/WORKSPACE/LEARNING/Airflow-Training/.venv/lib/python3.10/site-packages/airflow/example_dags/tutorial_dag.py for tasks to queue
[2023-11-04T16:47:36.555+0100] {logging_mixin.py:151} INFO - [2023-11-04T16:47:36.555+0100] {dagbag.py:539} INFO - Filling up the DagBag from /Users/audioworkstation/Documents/WORKSPACE/LEARNING/Airflow-Training/.venv/lib/python3.10/site-packages/airflow/example_dags/tutorial_dag.py
[2023-11-04T16:47:36.597+0100] {processor.py:839} INFO - DAG(s) dict_keys(['tutorial_dag']) retrieved from /Users/audioworkstation/Documents/WORKSPACE/LEARNING/Airflow-Training/.venv/lib/python3.10/site-packages/airflow/example_dags/tutorial_dag.py
[2023-11-04T16:47:36.834+0100] {logging_mixin.py:151} INFO - [2023-11-04T16:47:36.834+0100] {dag.py:2915} INFO - Sync 1 DAGs
[2023-11-04T16:47:36.848+0100] {logging_mixin.py:151} INFO - [2023-11-04T16:47:36.847+0100] {dag.py:3696} INFO - Setting next_dagrun for tutorial_dag to None, run_after=None
[2023-11-04T16:47:36.879+0100] {processor.py:179} INFO - Processing /Users/audioworkstation/Documents/WORKSPACE/LEARNING/Airflow-Training/.venv/lib/python3.10/site-packages/airflow/example_dags/tutorial_dag.py took 0.329 seconds
[2023-11-04T16:48:55.985+0100] {processor.py:157} INFO - Started process (PID=4583) to work on /Users/audioworkstation/Documents/WORKSPACE/LEARNING/Airflow-Training/.venv/lib/python3.10/site-packages/airflow/example_dags/tutorial_dag.py
[2023-11-04T16:48:55.990+0100] {processor.py:829} INFO - Processing file /Users/audioworkstation/Documents/WORKSPACE/LEARNING/Airflow-Training/.venv/lib/python3.10/site-packages/airflow/example_dags/tutorial_dag.py for tasks to queue
[2023-11-04T16:48:55.990+0100] {logging_mixin.py:151} INFO - [2023-11-04T16:48:55.990+0100] {dagbag.py:539} INFO - Filling up the DagBag from /Users/audioworkstation/Documents/WORKSPACE/LEARNING/Airflow-Training/.venv/lib/python3.10/site-packages/airflow/example_dags/tutorial_dag.py
[2023-11-04T16:48:56.046+0100] {processor.py:839} INFO - DAG(s) dict_keys(['tutorial_dag']) retrieved from /Users/audioworkstation/Documents/WORKSPACE/LEARNING/Airflow-Training/.venv/lib/python3.10/site-packages/airflow/example_dags/tutorial_dag.py
[2023-11-04T16:48:56.244+0100] {logging_mixin.py:151} INFO - [2023-11-04T16:48:56.244+0100] {dag.py:2915} INFO - Sync 1 DAGs
[2023-11-04T16:48:56.254+0100] {logging_mixin.py:151} INFO - [2023-11-04T16:48:56.254+0100] {dag.py:3696} INFO - Setting next_dagrun for tutorial_dag to None, run_after=None
[2023-11-04T16:48:56.282+0100] {processor.py:179} INFO - Processing /Users/audioworkstation/Documents/WORKSPACE/LEARNING/Airflow-Training/.venv/lib/python3.10/site-packages/airflow/example_dags/tutorial_dag.py took 0.298 seconds
[2023-11-04T16:50:35.142+0100] {processor.py:157} INFO - Started process (PID=4929) to work on /Users/audioworkstation/Documents/WORKSPACE/LEARNING/Airflow-Training/.venv/lib/python3.10/site-packages/airflow/example_dags/tutorial_dag.py
[2023-11-04T16:50:35.146+0100] {processor.py:829} INFO - Processing file /Users/audioworkstation/Documents/WORKSPACE/LEARNING/Airflow-Training/.venv/lib/python3.10/site-packages/airflow/example_dags/tutorial_dag.py for tasks to queue
[2023-11-04T16:50:35.147+0100] {logging_mixin.py:151} INFO - [2023-11-04T16:50:35.147+0100] {dagbag.py:539} INFO - Filling up the DagBag from /Users/audioworkstation/Documents/WORKSPACE/LEARNING/Airflow-Training/.venv/lib/python3.10/site-packages/airflow/example_dags/tutorial_dag.py
[2023-11-04T16:50:35.184+0100] {processor.py:839} INFO - DAG(s) dict_keys(['tutorial_dag']) retrieved from /Users/audioworkstation/Documents/WORKSPACE/LEARNING/Airflow-Training/.venv/lib/python3.10/site-packages/airflow/example_dags/tutorial_dag.py
[2023-11-04T16:50:35.355+0100] {logging_mixin.py:151} INFO - [2023-11-04T16:50:35.354+0100] {dag.py:2915} INFO - Sync 1 DAGs
[2023-11-04T16:50:35.363+0100] {logging_mixin.py:151} INFO - [2023-11-04T16:50:35.362+0100] {dag.py:3696} INFO - Setting next_dagrun for tutorial_dag to None, run_after=None
[2023-11-04T16:50:35.387+0100] {processor.py:179} INFO - Processing /Users/audioworkstation/Documents/WORKSPACE/LEARNING/Airflow-Training/.venv/lib/python3.10/site-packages/airflow/example_dags/tutorial_dag.py took 0.245 seconds
[2023-11-04T16:51:49.458+0100] {processor.py:157} INFO - Started process (PID=5179) to work on /Users/audioworkstation/Documents/WORKSPACE/LEARNING/Airflow-Training/.venv/lib/python3.10/site-packages/airflow/example_dags/tutorial_dag.py
[2023-11-04T16:51:49.463+0100] {processor.py:829} INFO - Processing file /Users/audioworkstation/Documents/WORKSPACE/LEARNING/Airflow-Training/.venv/lib/python3.10/site-packages/airflow/example_dags/tutorial_dag.py for tasks to queue
[2023-11-04T16:51:49.464+0100] {logging_mixin.py:151} INFO - [2023-11-04T16:51:49.464+0100] {dagbag.py:539} INFO - Filling up the DagBag from /Users/audioworkstation/Documents/WORKSPACE/LEARNING/Airflow-Training/.venv/lib/python3.10/site-packages/airflow/example_dags/tutorial_dag.py
[2023-11-04T16:51:49.507+0100] {processor.py:839} INFO - DAG(s) dict_keys(['tutorial_dag']) retrieved from /Users/audioworkstation/Documents/WORKSPACE/LEARNING/Airflow-Training/.venv/lib/python3.10/site-packages/airflow/example_dags/tutorial_dag.py
[2023-11-04T16:51:49.680+0100] {logging_mixin.py:151} INFO - [2023-11-04T16:51:49.680+0100] {dag.py:2915} INFO - Sync 1 DAGs
[2023-11-04T16:51:49.690+0100] {logging_mixin.py:151} INFO - [2023-11-04T16:51:49.690+0100] {dag.py:3696} INFO - Setting next_dagrun for tutorial_dag to None, run_after=None
[2023-11-04T16:51:49.714+0100] {processor.py:179} INFO - Processing /Users/audioworkstation/Documents/WORKSPACE/LEARNING/Airflow-Training/.venv/lib/python3.10/site-packages/airflow/example_dags/tutorial_dag.py took 0.256 seconds
