[2023-11-04T16:41:47.594+0100] {processor.py:157} INFO - Started process (PID=3134) to work on /Users/audioworkstation/Documents/WORKSPACE/LEARNING/Airflow-Training/.venv/lib/python3.10/site-packages/airflow/example_dags/plugins/event_listener.py
[2023-11-04T16:41:47.598+0100] {processor.py:829} INFO - Processing file /Users/audioworkstation/Documents/WORKSPACE/LEARNING/Airflow-Training/.venv/lib/python3.10/site-packages/airflow/example_dags/plugins/event_listener.py for tasks to queue
[2023-11-04T16:41:47.599+0100] {logging_mixin.py:151} INFO - [2023-11-04T16:41:47.599+0100] {dagbag.py:539} INFO - Filling up the DagBag from /Users/audioworkstation/Documents/WORKSPACE/LEARNING/Airflow-Training/.venv/lib/python3.10/site-packages/airflow/example_dags/plugins/event_listener.py
[2023-11-04T16:41:47.600+0100] {processor.py:841} WARNING - No viable dags retrieved from /Users/audioworkstation/Documents/WORKSPACE/LEARNING/Airflow-Training/.venv/lib/python3.10/site-packages/airflow/example_dags/plugins/event_listener.py
[2023-11-04T16:41:47.726+0100] {processor.py:179} INFO - Processing /Users/audioworkstation/Documents/WORKSPACE/LEARNING/Airflow-Training/.venv/lib/python3.10/site-packages/airflow/example_dags/plugins/event_listener.py took 0.133 seconds
[2023-11-04T16:43:33.084+0100] {processor.py:157} INFO - Started process (PID=3486) to work on /Users/audioworkstation/Documents/WORKSPACE/LEARNING/Airflow-Training/.venv/lib/python3.10/site-packages/airflow/example_dags/plugins/event_listener.py
[2023-11-04T16:43:33.088+0100] {processor.py:829} INFO - Processing file /Users/audioworkstation/Documents/WORKSPACE/LEARNING/Airflow-Training/.venv/lib/python3.10/site-packages/airflow/example_dags/plugins/event_listener.py for tasks to queue
[2023-11-04T16:43:33.088+0100] {logging_mixin.py:151} INFO - [2023-11-04T16:43:33.088+0100] {dagbag.py:539} INFO - Filling up the DagBag from /Users/audioworkstation/Documents/WORKSPACE/LEARNING/Airflow-Training/.venv/lib/python3.10/site-packages/airflow/example_dags/plugins/event_listener.py
[2023-11-04T16:43:33.089+0100] {processor.py:841} WARNING - No viable dags retrieved from /Users/audioworkstation/Documents/WORKSPACE/LEARNING/Airflow-Training/.venv/lib/python3.10/site-packages/airflow/example_dags/plugins/event_listener.py
[2023-11-04T16:43:33.212+0100] {processor.py:179} INFO - Processing /Users/audioworkstation/Documents/WORKSPACE/LEARNING/Airflow-Training/.venv/lib/python3.10/site-packages/airflow/example_dags/plugins/event_listener.py took 0.129 seconds
[2023-11-04T16:44:48.924+0100] {processor.py:157} INFO - Started process (PID=3734) to work on /Users/audioworkstation/Documents/WORKSPACE/LEARNING/Airflow-Training/.venv/lib/python3.10/site-packages/airflow/example_dags/plugins/event_listener.py
[2023-11-04T16:44:48.928+0100] {processor.py:829} INFO - Processing file /Users/audioworkstation/Documents/WORKSPACE/LEARNING/Airflow-Training/.venv/lib/python3.10/site-packages/airflow/example_dags/plugins/event_listener.py for tasks to queue
[2023-11-04T16:44:48.928+0100] {logging_mixin.py:151} INFO - [2023-11-04T16:44:48.928+0100] {dagbag.py:539} INFO - Filling up the DagBag from /Users/audioworkstation/Documents/WORKSPACE/LEARNING/Airflow-Training/.venv/lib/python3.10/site-packages/airflow/example_dags/plugins/event_listener.py
[2023-11-04T16:44:48.929+0100] {processor.py:841} WARNING - No viable dags retrieved from /Users/audioworkstation/Documents/WORKSPACE/LEARNING/Airflow-Training/.venv/lib/python3.10/site-packages/airflow/example_dags/plugins/event_listener.py
[2023-11-04T16:44:49.057+0100] {processor.py:179} INFO - Processing /Users/audioworkstation/Documents/WORKSPACE/LEARNING/Airflow-Training/.venv/lib/python3.10/site-packages/airflow/example_dags/plugins/event_listener.py took 0.133 seconds
[2023-11-04T16:46:04.791+0100] {processor.py:157} INFO - Started process (PID=3991) to work on /Users/audioworkstation/Documents/WORKSPACE/LEARNING/Airflow-Training/.venv/lib/python3.10/site-packages/airflow/example_dags/plugins/event_listener.py
[2023-11-04T16:46:04.795+0100] {processor.py:829} INFO - Processing file /Users/audioworkstation/Documents/WORKSPACE/LEARNING/Airflow-Training/.venv/lib/python3.10/site-packages/airflow/example_dags/plugins/event_listener.py for tasks to queue
[2023-11-04T16:46:04.796+0100] {logging_mixin.py:151} INFO - [2023-11-04T16:46:04.796+0100] {dagbag.py:539} INFO - Filling up the DagBag from /Users/audioworkstation/Documents/WORKSPACE/LEARNING/Airflow-Training/.venv/lib/python3.10/site-packages/airflow/example_dags/plugins/event_listener.py
[2023-11-04T16:46:04.797+0100] {processor.py:841} WARNING - No viable dags retrieved from /Users/audioworkstation/Documents/WORKSPACE/LEARNING/Airflow-Training/.venv/lib/python3.10/site-packages/airflow/example_dags/plugins/event_listener.py
[2023-11-04T16:46:04.946+0100] {processor.py:179} INFO - Processing /Users/audioworkstation/Documents/WORKSPACE/LEARNING/Airflow-Training/.venv/lib/python3.10/site-packages/airflow/example_dags/plugins/event_listener.py took 0.156 seconds
[2023-11-04T16:47:30.258+0100] {processor.py:157} INFO - Started process (PID=4299) to work on /Users/audioworkstation/Documents/WORKSPACE/LEARNING/Airflow-Training/.venv/lib/python3.10/site-packages/airflow/example_dags/plugins/event_listener.py
[2023-11-04T16:47:30.262+0100] {processor.py:829} INFO - Processing file /Users/audioworkstation/Documents/WORKSPACE/LEARNING/Airflow-Training/.venv/lib/python3.10/site-packages/airflow/example_dags/plugins/event_listener.py for tasks to queue
[2023-11-04T16:47:30.263+0100] {logging_mixin.py:151} INFO - [2023-11-04T16:47:30.262+0100] {dagbag.py:539} INFO - Filling up the DagBag from /Users/audioworkstation/Documents/WORKSPACE/LEARNING/Airflow-Training/.venv/lib/python3.10/site-packages/airflow/example_dags/plugins/event_listener.py
[2023-11-04T16:47:30.264+0100] {processor.py:841} WARNING - No viable dags retrieved from /Users/audioworkstation/Documents/WORKSPACE/LEARNING/Airflow-Training/.venv/lib/python3.10/site-packages/airflow/example_dags/plugins/event_listener.py
[2023-11-04T16:47:30.384+0100] {processor.py:179} INFO - Processing /Users/audioworkstation/Documents/WORKSPACE/LEARNING/Airflow-Training/.venv/lib/python3.10/site-packages/airflow/example_dags/plugins/event_listener.py took 0.126 seconds
[2023-11-04T16:48:49.378+0100] {processor.py:157} INFO - Started process (PID=4566) to work on /Users/audioworkstation/Documents/WORKSPACE/LEARNING/Airflow-Training/.venv/lib/python3.10/site-packages/airflow/example_dags/plugins/event_listener.py
[2023-11-04T16:48:49.383+0100] {processor.py:829} INFO - Processing file /Users/audioworkstation/Documents/WORKSPACE/LEARNING/Airflow-Training/.venv/lib/python3.10/site-packages/airflow/example_dags/plugins/event_listener.py for tasks to queue
[2023-11-04T16:48:49.383+0100] {logging_mixin.py:151} INFO - [2023-11-04T16:48:49.383+0100] {dagbag.py:539} INFO - Filling up the DagBag from /Users/audioworkstation/Documents/WORKSPACE/LEARNING/Airflow-Training/.venv/lib/python3.10/site-packages/airflow/example_dags/plugins/event_listener.py
[2023-11-04T16:48:49.384+0100] {processor.py:841} WARNING - No viable dags retrieved from /Users/audioworkstation/Documents/WORKSPACE/LEARNING/Airflow-Training/.venv/lib/python3.10/site-packages/airflow/example_dags/plugins/event_listener.py
[2023-11-04T16:48:49.528+0100] {processor.py:179} INFO - Processing /Users/audioworkstation/Documents/WORKSPACE/LEARNING/Airflow-Training/.venv/lib/python3.10/site-packages/airflow/example_dags/plugins/event_listener.py took 0.151 seconds
[2023-11-04T16:50:28.710+0100] {processor.py:157} INFO - Started process (PID=4911) to work on /Users/audioworkstation/Documents/WORKSPACE/LEARNING/Airflow-Training/.venv/lib/python3.10/site-packages/airflow/example_dags/plugins/event_listener.py
[2023-11-04T16:50:28.715+0100] {processor.py:829} INFO - Processing file /Users/audioworkstation/Documents/WORKSPACE/LEARNING/Airflow-Training/.venv/lib/python3.10/site-packages/airflow/example_dags/plugins/event_listener.py for tasks to queue
[2023-11-04T16:50:28.716+0100] {logging_mixin.py:151} INFO - [2023-11-04T16:50:28.715+0100] {dagbag.py:539} INFO - Filling up the DagBag from /Users/audioworkstation/Documents/WORKSPACE/LEARNING/Airflow-Training/.venv/lib/python3.10/site-packages/airflow/example_dags/plugins/event_listener.py
[2023-11-04T16:50:28.717+0100] {processor.py:841} WARNING - No viable dags retrieved from /Users/audioworkstation/Documents/WORKSPACE/LEARNING/Airflow-Training/.venv/lib/python3.10/site-packages/airflow/example_dags/plugins/event_listener.py
[2023-11-04T16:50:28.876+0100] {processor.py:179} INFO - Processing /Users/audioworkstation/Documents/WORKSPACE/LEARNING/Airflow-Training/.venv/lib/python3.10/site-packages/airflow/example_dags/plugins/event_listener.py took 0.167 seconds
[2023-11-04T16:51:43.356+0100] {processor.py:157} INFO - Started process (PID=5161) to work on /Users/audioworkstation/Documents/WORKSPACE/LEARNING/Airflow-Training/.venv/lib/python3.10/site-packages/airflow/example_dags/plugins/event_listener.py
[2023-11-04T16:51:43.360+0100] {processor.py:829} INFO - Processing file /Users/audioworkstation/Documents/WORKSPACE/LEARNING/Airflow-Training/.venv/lib/python3.10/site-packages/airflow/example_dags/plugins/event_listener.py for tasks to queue
[2023-11-04T16:51:43.361+0100] {logging_mixin.py:151} INFO - [2023-11-04T16:51:43.361+0100] {dagbag.py:539} INFO - Filling up the DagBag from /Users/audioworkstation/Documents/WORKSPACE/LEARNING/Airflow-Training/.venv/lib/python3.10/site-packages/airflow/example_dags/plugins/event_listener.py
[2023-11-04T16:51:43.362+0100] {processor.py:841} WARNING - No viable dags retrieved from /Users/audioworkstation/Documents/WORKSPACE/LEARNING/Airflow-Training/.venv/lib/python3.10/site-packages/airflow/example_dags/plugins/event_listener.py
[2023-11-04T16:51:43.493+0100] {processor.py:179} INFO - Processing /Users/audioworkstation/Documents/WORKSPACE/LEARNING/Airflow-Training/.venv/lib/python3.10/site-packages/airflow/example_dags/plugins/event_listener.py took 0.139 seconds
