[2023-11-04T16:41:44.761+0100] {processor.py:157} INFO - Started process (PID=3125) to work on /Users/audioworkstation/Documents/WORKSPACE/LEARNING/Airflow-Training/.venv/lib/python3.10/site-packages/airflow/example_dags/plugins/listener_plugin.py
[2023-11-04T16:41:44.767+0100] {processor.py:829} INFO - Processing file /Users/audioworkstation/Documents/WORKSPACE/LEARNING/Airflow-Training/.venv/lib/python3.10/site-packages/airflow/example_dags/plugins/listener_plugin.py for tasks to queue
[2023-11-04T16:41:44.767+0100] {logging_mixin.py:151} INFO - [2023-11-04T16:41:44.767+0100] {dagbag.py:539} INFO - Filling up the DagBag from /Users/audioworkstation/Documents/WORKSPACE/LEARNING/Airflow-Training/.venv/lib/python3.10/site-packages/airflow/example_dags/plugins/listener_plugin.py
[2023-11-04T16:41:44.769+0100] {processor.py:841} WARNING - No viable dags retrieved from /Users/audioworkstation/Documents/WORKSPACE/LEARNING/Airflow-Training/.venv/lib/python3.10/site-packages/airflow/example_dags/plugins/listener_plugin.py
[2023-11-04T16:41:44.957+0100] {processor.py:179} INFO - Processing /Users/audioworkstation/Documents/WORKSPACE/LEARNING/Airflow-Training/.venv/lib/python3.10/site-packages/airflow/example_dags/plugins/listener_plugin.py took 0.197 seconds
[2023-11-04T16:43:31.519+0100] {processor.py:157} INFO - Started process (PID=3485) to work on /Users/audioworkstation/Documents/WORKSPACE/LEARNING/Airflow-Training/.venv/lib/python3.10/site-packages/airflow/example_dags/plugins/listener_plugin.py
[2023-11-04T16:43:31.523+0100] {processor.py:829} INFO - Processing file /Users/audioworkstation/Documents/WORKSPACE/LEARNING/Airflow-Training/.venv/lib/python3.10/site-packages/airflow/example_dags/plugins/listener_plugin.py for tasks to queue
[2023-11-04T16:43:31.523+0100] {logging_mixin.py:151} INFO - [2023-11-04T16:43:31.523+0100] {dagbag.py:539} INFO - Filling up the DagBag from /Users/audioworkstation/Documents/WORKSPACE/LEARNING/Airflow-Training/.venv/lib/python3.10/site-packages/airflow/example_dags/plugins/listener_plugin.py
[2023-11-04T16:43:31.525+0100] {processor.py:841} WARNING - No viable dags retrieved from /Users/audioworkstation/Documents/WORKSPACE/LEARNING/Airflow-Training/.venv/lib/python3.10/site-packages/airflow/example_dags/plugins/listener_plugin.py
[2023-11-04T16:43:31.659+0100] {processor.py:179} INFO - Processing /Users/audioworkstation/Documents/WORKSPACE/LEARNING/Airflow-Training/.venv/lib/python3.10/site-packages/airflow/example_dags/plugins/listener_plugin.py took 0.141 seconds
[2023-11-04T16:44:47.283+0100] {processor.py:157} INFO - Started process (PID=3733) to work on /Users/audioworkstation/Documents/WORKSPACE/LEARNING/Airflow-Training/.venv/lib/python3.10/site-packages/airflow/example_dags/plugins/listener_plugin.py
[2023-11-04T16:44:47.287+0100] {processor.py:829} INFO - Processing file /Users/audioworkstation/Documents/WORKSPACE/LEARNING/Airflow-Training/.venv/lib/python3.10/site-packages/airflow/example_dags/plugins/listener_plugin.py for tasks to queue
[2023-11-04T16:44:47.288+0100] {logging_mixin.py:151} INFO - [2023-11-04T16:44:47.288+0100] {dagbag.py:539} INFO - Filling up the DagBag from /Users/audioworkstation/Documents/WORKSPACE/LEARNING/Airflow-Training/.venv/lib/python3.10/site-packages/airflow/example_dags/plugins/listener_plugin.py
[2023-11-04T16:44:47.290+0100] {processor.py:841} WARNING - No viable dags retrieved from /Users/audioworkstation/Documents/WORKSPACE/LEARNING/Airflow-Training/.venv/lib/python3.10/site-packages/airflow/example_dags/plugins/listener_plugin.py
[2023-11-04T16:44:47.428+0100] {processor.py:179} INFO - Processing /Users/audioworkstation/Documents/WORKSPACE/LEARNING/Airflow-Training/.venv/lib/python3.10/site-packages/airflow/example_dags/plugins/listener_plugin.py took 0.147 seconds
[2023-11-04T16:46:02.196+0100] {processor.py:157} INFO - Started process (PID=3990) to work on /Users/audioworkstation/Documents/WORKSPACE/LEARNING/Airflow-Training/.venv/lib/python3.10/site-packages/airflow/example_dags/plugins/listener_plugin.py
[2023-11-04T16:46:02.202+0100] {processor.py:829} INFO - Processing file /Users/audioworkstation/Documents/WORKSPACE/LEARNING/Airflow-Training/.venv/lib/python3.10/site-packages/airflow/example_dags/plugins/listener_plugin.py for tasks to queue
[2023-11-04T16:46:02.203+0100] {logging_mixin.py:151} INFO - [2023-11-04T16:46:02.202+0100] {dagbag.py:539} INFO - Filling up the DagBag from /Users/audioworkstation/Documents/WORKSPACE/LEARNING/Airflow-Training/.venv/lib/python3.10/site-packages/airflow/example_dags/plugins/listener_plugin.py
[2023-11-04T16:46:02.206+0100] {processor.py:841} WARNING - No viable dags retrieved from /Users/audioworkstation/Documents/WORKSPACE/LEARNING/Airflow-Training/.venv/lib/python3.10/site-packages/airflow/example_dags/plugins/listener_plugin.py
[2023-11-04T16:46:02.379+0100] {processor.py:179} INFO - Processing /Users/audioworkstation/Documents/WORKSPACE/LEARNING/Airflow-Training/.venv/lib/python3.10/site-packages/airflow/example_dags/plugins/listener_plugin.py took 0.184 seconds
[2023-11-04T16:47:28.453+0100] {processor.py:157} INFO - Started process (PID=4286) to work on /Users/audioworkstation/Documents/WORKSPACE/LEARNING/Airflow-Training/.venv/lib/python3.10/site-packages/airflow/example_dags/plugins/listener_plugin.py
[2023-11-04T16:47:28.457+0100] {processor.py:829} INFO - Processing file /Users/audioworkstation/Documents/WORKSPACE/LEARNING/Airflow-Training/.venv/lib/python3.10/site-packages/airflow/example_dags/plugins/listener_plugin.py for tasks to queue
[2023-11-04T16:47:28.457+0100] {logging_mixin.py:151} INFO - [2023-11-04T16:47:28.457+0100] {dagbag.py:539} INFO - Filling up the DagBag from /Users/audioworkstation/Documents/WORKSPACE/LEARNING/Airflow-Training/.venv/lib/python3.10/site-packages/airflow/example_dags/plugins/listener_plugin.py
[2023-11-04T16:47:28.459+0100] {processor.py:841} WARNING - No viable dags retrieved from /Users/audioworkstation/Documents/WORKSPACE/LEARNING/Airflow-Training/.venv/lib/python3.10/site-packages/airflow/example_dags/plugins/listener_plugin.py
[2023-11-04T16:47:28.588+0100] {processor.py:179} INFO - Processing /Users/audioworkstation/Documents/WORKSPACE/LEARNING/Airflow-Training/.venv/lib/python3.10/site-packages/airflow/example_dags/plugins/listener_plugin.py took 0.136 seconds
[2023-11-04T16:48:47.003+0100] {processor.py:157} INFO - Started process (PID=4563) to work on /Users/audioworkstation/Documents/WORKSPACE/LEARNING/Airflow-Training/.venv/lib/python3.10/site-packages/airflow/example_dags/plugins/listener_plugin.py
[2023-11-04T16:48:47.007+0100] {processor.py:829} INFO - Processing file /Users/audioworkstation/Documents/WORKSPACE/LEARNING/Airflow-Training/.venv/lib/python3.10/site-packages/airflow/example_dags/plugins/listener_plugin.py for tasks to queue
[2023-11-04T16:48:47.008+0100] {logging_mixin.py:151} INFO - [2023-11-04T16:48:47.008+0100] {dagbag.py:539} INFO - Filling up the DagBag from /Users/audioworkstation/Documents/WORKSPACE/LEARNING/Airflow-Training/.venv/lib/python3.10/site-packages/airflow/example_dags/plugins/listener_plugin.py
[2023-11-04T16:48:47.016+0100] {processor.py:841} WARNING - No viable dags retrieved from /Users/audioworkstation/Documents/WORKSPACE/LEARNING/Airflow-Training/.venv/lib/python3.10/site-packages/airflow/example_dags/plugins/listener_plugin.py
[2023-11-04T16:48:47.493+0100] {processor.py:179} INFO - Processing /Users/audioworkstation/Documents/WORKSPACE/LEARNING/Airflow-Training/.venv/lib/python3.10/site-packages/airflow/example_dags/plugins/listener_plugin.py took 0.491 seconds
[2023-11-04T16:50:26.287+0100] {processor.py:157} INFO - Started process (PID=4910) to work on /Users/audioworkstation/Documents/WORKSPACE/LEARNING/Airflow-Training/.venv/lib/python3.10/site-packages/airflow/example_dags/plugins/listener_plugin.py
[2023-11-04T16:50:26.291+0100] {processor.py:829} INFO - Processing file /Users/audioworkstation/Documents/WORKSPACE/LEARNING/Airflow-Training/.venv/lib/python3.10/site-packages/airflow/example_dags/plugins/listener_plugin.py for tasks to queue
[2023-11-04T16:50:26.292+0100] {logging_mixin.py:151} INFO - [2023-11-04T16:50:26.291+0100] {dagbag.py:539} INFO - Filling up the DagBag from /Users/audioworkstation/Documents/WORKSPACE/LEARNING/Airflow-Training/.venv/lib/python3.10/site-packages/airflow/example_dags/plugins/listener_plugin.py
[2023-11-04T16:50:26.293+0100] {processor.py:841} WARNING - No viable dags retrieved from /Users/audioworkstation/Documents/WORKSPACE/LEARNING/Airflow-Training/.venv/lib/python3.10/site-packages/airflow/example_dags/plugins/listener_plugin.py
[2023-11-04T16:50:26.427+0100] {processor.py:179} INFO - Processing /Users/audioworkstation/Documents/WORKSPACE/LEARNING/Airflow-Training/.venv/lib/python3.10/site-packages/airflow/example_dags/plugins/listener_plugin.py took 0.141 seconds
[2023-11-04T16:51:41.803+0100] {processor.py:157} INFO - Started process (PID=5160) to work on /Users/audioworkstation/Documents/WORKSPACE/LEARNING/Airflow-Training/.venv/lib/python3.10/site-packages/airflow/example_dags/plugins/listener_plugin.py
[2023-11-04T16:51:41.807+0100] {processor.py:829} INFO - Processing file /Users/audioworkstation/Documents/WORKSPACE/LEARNING/Airflow-Training/.venv/lib/python3.10/site-packages/airflow/example_dags/plugins/listener_plugin.py for tasks to queue
[2023-11-04T16:51:41.808+0100] {logging_mixin.py:151} INFO - [2023-11-04T16:51:41.807+0100] {dagbag.py:539} INFO - Filling up the DagBag from /Users/audioworkstation/Documents/WORKSPACE/LEARNING/Airflow-Training/.venv/lib/python3.10/site-packages/airflow/example_dags/plugins/listener_plugin.py
[2023-11-04T16:51:41.809+0100] {processor.py:841} WARNING - No viable dags retrieved from /Users/audioworkstation/Documents/WORKSPACE/LEARNING/Airflow-Training/.venv/lib/python3.10/site-packages/airflow/example_dags/plugins/listener_plugin.py
[2023-11-04T16:51:41.953+0100] {processor.py:179} INFO - Processing /Users/audioworkstation/Documents/WORKSPACE/LEARNING/Airflow-Training/.venv/lib/python3.10/site-packages/airflow/example_dags/plugins/listener_plugin.py took 0.150 seconds
