[2023-11-04T16:41:42.504+0100] {processor.py:157} INFO - Started process (PID=3124) to work on /Users/audioworkstation/Documents/WORKSPACE/LEARNING/Airflow-Training/.venv/lib/python3.10/site-packages/airflow/example_dags/plugins/workday.py
[2023-11-04T16:41:42.509+0100] {processor.py:829} INFO - Processing file /Users/audioworkstation/Documents/WORKSPACE/LEARNING/Airflow-Training/.venv/lib/python3.10/site-packages/airflow/example_dags/plugins/workday.py for tasks to queue
[2023-11-04T16:41:42.509+0100] {logging_mixin.py:151} INFO - [2023-11-04T16:41:42.509+0100] {dagbag.py:539} INFO - Filling up the DagBag from /Users/audioworkstation/Documents/WORKSPACE/LEARNING/Airflow-Training/.venv/lib/python3.10/site-packages/airflow/example_dags/plugins/workday.py
[2023-11-04T16:41:42.510+0100] {logging_mixin.py:151} INFO - [2023-11-04T16:41:42.510+0100] {workday.py:36} WARNING - Could not import pandas. Holidays will not be considered.
[2023-11-04T16:41:42.511+0100] {processor.py:841} WARNING - No viable dags retrieved from /Users/audioworkstation/Documents/WORKSPACE/LEARNING/Airflow-Training/.venv/lib/python3.10/site-packages/airflow/example_dags/plugins/workday.py
[2023-11-04T16:41:42.639+0100] {processor.py:179} INFO - Processing /Users/audioworkstation/Documents/WORKSPACE/LEARNING/Airflow-Training/.venv/lib/python3.10/site-packages/airflow/example_dags/plugins/workday.py took 0.136 seconds
[2023-11-04T16:43:29.177+0100] {processor.py:157} INFO - Started process (PID=3470) to work on /Users/audioworkstation/Documents/WORKSPACE/LEARNING/Airflow-Training/.venv/lib/python3.10/site-packages/airflow/example_dags/plugins/workday.py
[2023-11-04T16:43:29.181+0100] {processor.py:829} INFO - Processing file /Users/audioworkstation/Documents/WORKSPACE/LEARNING/Airflow-Training/.venv/lib/python3.10/site-packages/airflow/example_dags/plugins/workday.py for tasks to queue
[2023-11-04T16:43:29.182+0100] {logging_mixin.py:151} INFO - [2023-11-04T16:43:29.182+0100] {dagbag.py:539} INFO - Filling up the DagBag from /Users/audioworkstation/Documents/WORKSPACE/LEARNING/Airflow-Training/.venv/lib/python3.10/site-packages/airflow/example_dags/plugins/workday.py
[2023-11-04T16:43:29.183+0100] {logging_mixin.py:151} INFO - [2023-11-04T16:43:29.183+0100] {workday.py:36} WARNING - Could not import pandas. Holidays will not be considered.
[2023-11-04T16:43:29.183+0100] {processor.py:841} WARNING - No viable dags retrieved from /Users/audioworkstation/Documents/WORKSPACE/LEARNING/Airflow-Training/.venv/lib/python3.10/site-packages/airflow/example_dags/plugins/workday.py
[2023-11-04T16:43:29.324+0100] {processor.py:179} INFO - Processing /Users/audioworkstation/Documents/WORKSPACE/LEARNING/Airflow-Training/.venv/lib/python3.10/site-packages/airflow/example_dags/plugins/workday.py took 0.148 seconds
[2023-11-04T16:44:44.930+0100] {processor.py:157} INFO - Started process (PID=3718) to work on /Users/audioworkstation/Documents/WORKSPACE/LEARNING/Airflow-Training/.venv/lib/python3.10/site-packages/airflow/example_dags/plugins/workday.py
[2023-11-04T16:44:44.934+0100] {processor.py:829} INFO - Processing file /Users/audioworkstation/Documents/WORKSPACE/LEARNING/Airflow-Training/.venv/lib/python3.10/site-packages/airflow/example_dags/plugins/workday.py for tasks to queue
[2023-11-04T16:44:44.934+0100] {logging_mixin.py:151} INFO - [2023-11-04T16:44:44.934+0100] {dagbag.py:539} INFO - Filling up the DagBag from /Users/audioworkstation/Documents/WORKSPACE/LEARNING/Airflow-Training/.venv/lib/python3.10/site-packages/airflow/example_dags/plugins/workday.py
[2023-11-04T16:44:44.935+0100] {logging_mixin.py:151} INFO - [2023-11-04T16:44:44.935+0100] {workday.py:36} WARNING - Could not import pandas. Holidays will not be considered.
[2023-11-04T16:44:44.935+0100] {processor.py:841} WARNING - No viable dags retrieved from /Users/audioworkstation/Documents/WORKSPACE/LEARNING/Airflow-Training/.venv/lib/python3.10/site-packages/airflow/example_dags/plugins/workday.py
[2023-11-04T16:44:45.060+0100] {processor.py:179} INFO - Processing /Users/audioworkstation/Documents/WORKSPACE/LEARNING/Airflow-Training/.venv/lib/python3.10/site-packages/airflow/example_dags/plugins/workday.py took 0.131 seconds
[2023-11-04T16:46:00.492+0100] {processor.py:157} INFO - Started process (PID=3975) to work on /Users/audioworkstation/Documents/WORKSPACE/LEARNING/Airflow-Training/.venv/lib/python3.10/site-packages/airflow/example_dags/plugins/workday.py
[2023-11-04T16:46:00.497+0100] {processor.py:829} INFO - Processing file /Users/audioworkstation/Documents/WORKSPACE/LEARNING/Airflow-Training/.venv/lib/python3.10/site-packages/airflow/example_dags/plugins/workday.py for tasks to queue
[2023-11-04T16:46:00.498+0100] {logging_mixin.py:151} INFO - [2023-11-04T16:46:00.497+0100] {dagbag.py:539} INFO - Filling up the DagBag from /Users/audioworkstation/Documents/WORKSPACE/LEARNING/Airflow-Training/.venv/lib/python3.10/site-packages/airflow/example_dags/plugins/workday.py
[2023-11-04T16:46:00.500+0100] {logging_mixin.py:151} INFO - [2023-11-04T16:46:00.500+0100] {workday.py:36} WARNING - Could not import pandas. Holidays will not be considered.
[2023-11-04T16:46:00.501+0100] {processor.py:841} WARNING - No viable dags retrieved from /Users/audioworkstation/Documents/WORKSPACE/LEARNING/Airflow-Training/.venv/lib/python3.10/site-packages/airflow/example_dags/plugins/workday.py
[2023-11-04T16:46:00.674+0100] {processor.py:179} INFO - Processing /Users/audioworkstation/Documents/WORKSPACE/LEARNING/Airflow-Training/.venv/lib/python3.10/site-packages/airflow/example_dags/plugins/workday.py took 0.182 seconds
[2023-11-04T16:47:26.240+0100] {processor.py:157} INFO - Started process (PID=4285) to work on /Users/audioworkstation/Documents/WORKSPACE/LEARNING/Airflow-Training/.venv/lib/python3.10/site-packages/airflow/example_dags/plugins/workday.py
[2023-11-04T16:47:26.244+0100] {processor.py:829} INFO - Processing file /Users/audioworkstation/Documents/WORKSPACE/LEARNING/Airflow-Training/.venv/lib/python3.10/site-packages/airflow/example_dags/plugins/workday.py for tasks to queue
[2023-11-04T16:47:26.244+0100] {logging_mixin.py:151} INFO - [2023-11-04T16:47:26.244+0100] {dagbag.py:539} INFO - Filling up the DagBag from /Users/audioworkstation/Documents/WORKSPACE/LEARNING/Airflow-Training/.venv/lib/python3.10/site-packages/airflow/example_dags/plugins/workday.py
[2023-11-04T16:47:26.245+0100] {logging_mixin.py:151} INFO - [2023-11-04T16:47:26.245+0100] {workday.py:36} WARNING - Could not import pandas. Holidays will not be considered.
[2023-11-04T16:47:26.246+0100] {processor.py:841} WARNING - No viable dags retrieved from /Users/audioworkstation/Documents/WORKSPACE/LEARNING/Airflow-Training/.venv/lib/python3.10/site-packages/airflow/example_dags/plugins/workday.py
[2023-11-04T16:47:26.366+0100] {processor.py:179} INFO - Processing /Users/audioworkstation/Documents/WORKSPACE/LEARNING/Airflow-Training/.venv/lib/python3.10/site-packages/airflow/example_dags/plugins/workday.py took 0.126 seconds
[2023-11-04T16:48:45.436+0100] {processor.py:157} INFO - Started process (PID=4548) to work on /Users/audioworkstation/Documents/WORKSPACE/LEARNING/Airflow-Training/.venv/lib/python3.10/site-packages/airflow/example_dags/plugins/workday.py
[2023-11-04T16:48:45.440+0100] {processor.py:829} INFO - Processing file /Users/audioworkstation/Documents/WORKSPACE/LEARNING/Airflow-Training/.venv/lib/python3.10/site-packages/airflow/example_dags/plugins/workday.py for tasks to queue
[2023-11-04T16:48:45.441+0100] {logging_mixin.py:151} INFO - [2023-11-04T16:48:45.441+0100] {dagbag.py:539} INFO - Filling up the DagBag from /Users/audioworkstation/Documents/WORKSPACE/LEARNING/Airflow-Training/.venv/lib/python3.10/site-packages/airflow/example_dags/plugins/workday.py
[2023-11-04T16:48:45.442+0100] {logging_mixin.py:151} INFO - [2023-11-04T16:48:45.442+0100] {workday.py:36} WARNING - Could not import pandas. Holidays will not be considered.
[2023-11-04T16:48:45.442+0100] {processor.py:841} WARNING - No viable dags retrieved from /Users/audioworkstation/Documents/WORKSPACE/LEARNING/Airflow-Training/.venv/lib/python3.10/site-packages/airflow/example_dags/plugins/workday.py
[2023-11-04T16:48:45.604+0100] {processor.py:179} INFO - Processing /Users/audioworkstation/Documents/WORKSPACE/LEARNING/Airflow-Training/.venv/lib/python3.10/site-packages/airflow/example_dags/plugins/workday.py took 0.168 seconds
[2023-11-04T16:50:24.682+0100] {processor.py:157} INFO - Started process (PID=4895) to work on /Users/audioworkstation/Documents/WORKSPACE/LEARNING/Airflow-Training/.venv/lib/python3.10/site-packages/airflow/example_dags/plugins/workday.py
[2023-11-04T16:50:24.687+0100] {processor.py:829} INFO - Processing file /Users/audioworkstation/Documents/WORKSPACE/LEARNING/Airflow-Training/.venv/lib/python3.10/site-packages/airflow/example_dags/plugins/workday.py for tasks to queue
[2023-11-04T16:50:24.687+0100] {logging_mixin.py:151} INFO - [2023-11-04T16:50:24.687+0100] {dagbag.py:539} INFO - Filling up the DagBag from /Users/audioworkstation/Documents/WORKSPACE/LEARNING/Airflow-Training/.venv/lib/python3.10/site-packages/airflow/example_dags/plugins/workday.py
[2023-11-04T16:50:24.688+0100] {logging_mixin.py:151} INFO - [2023-11-04T16:50:24.688+0100] {workday.py:36} WARNING - Could not import pandas. Holidays will not be considered.
[2023-11-04T16:50:24.689+0100] {processor.py:841} WARNING - No viable dags retrieved from /Users/audioworkstation/Documents/WORKSPACE/LEARNING/Airflow-Training/.venv/lib/python3.10/site-packages/airflow/example_dags/plugins/workday.py
[2023-11-04T16:50:24.825+0100] {processor.py:179} INFO - Processing /Users/audioworkstation/Documents/WORKSPACE/LEARNING/Airflow-Training/.venv/lib/python3.10/site-packages/airflow/example_dags/plugins/workday.py took 0.144 seconds
[2023-11-04T16:51:39.486+0100] {processor.py:157} INFO - Started process (PID=5145) to work on /Users/audioworkstation/Documents/WORKSPACE/LEARNING/Airflow-Training/.venv/lib/python3.10/site-packages/airflow/example_dags/plugins/workday.py
[2023-11-04T16:51:39.490+0100] {processor.py:829} INFO - Processing file /Users/audioworkstation/Documents/WORKSPACE/LEARNING/Airflow-Training/.venv/lib/python3.10/site-packages/airflow/example_dags/plugins/workday.py for tasks to queue
[2023-11-04T16:51:39.491+0100] {logging_mixin.py:151} INFO - [2023-11-04T16:51:39.491+0100] {dagbag.py:539} INFO - Filling up the DagBag from /Users/audioworkstation/Documents/WORKSPACE/LEARNING/Airflow-Training/.venv/lib/python3.10/site-packages/airflow/example_dags/plugins/workday.py
[2023-11-04T16:51:39.492+0100] {logging_mixin.py:151} INFO - [2023-11-04T16:51:39.492+0100] {workday.py:36} WARNING - Could not import pandas. Holidays will not be considered.
[2023-11-04T16:51:39.493+0100] {processor.py:841} WARNING - No viable dags retrieved from /Users/audioworkstation/Documents/WORKSPACE/LEARNING/Airflow-Training/.venv/lib/python3.10/site-packages/airflow/example_dags/plugins/workday.py
[2023-11-04T16:51:39.634+0100] {processor.py:179} INFO - Processing /Users/audioworkstation/Documents/WORKSPACE/LEARNING/Airflow-Training/.venv/lib/python3.10/site-packages/airflow/example_dags/plugins/workday.py took 0.149 seconds
