[2023-11-06T12:49:50.810+0000] {taskinstance.py:1159} INFO - Dependencies all met for dep_context=non-requeueable deps ti=<TaskInstance: cron_expression_dag.task_a scheduled__2023-11-05T12:45:00+00:00 [queued]>
[2023-11-06T12:49:50.822+0000] {taskinstance.py:1159} INFO - Dependencies all met for dep_context=requeueable deps ti=<TaskInstance: cron_expression_dag.task_a scheduled__2023-11-05T12:45:00+00:00 [queued]>
[2023-11-06T12:49:50.823+0000] {taskinstance.py:1361} INFO - Starting attempt 1 of 2
[2023-11-06T12:49:50.843+0000] {taskinstance.py:1382} INFO - Executing <Task(BashOperator): task_a> on 2023-11-05 12:45:00+00:00
[2023-11-06T12:49:50.848+0000] {standard_task_runner.py:57} INFO - Started process 4275 to run task
[2023-11-06T12:49:50.852+0000] {standard_task_runner.py:84} INFO - Running: ['***', 'tasks', 'run', 'cron_expression_dag', 'task_a', 'scheduled__2023-11-05T12:45:00+00:00', '--job-id', '222', '--raw', '--subdir', 'DAGS_FOLDER/cron_expression_dag.py', '--cfg-path', '/tmp/tmp2l62cer_']
[2023-11-06T12:49:50.856+0000] {standard_task_runner.py:85} INFO - Job 222: Subtask task_a
[2023-11-06T12:49:50.928+0000] {task_command.py:416} INFO - Running <TaskInstance: cron_expression_dag.task_a scheduled__2023-11-05T12:45:00+00:00 [running]> on host cf1baac588aa
[2023-11-06T12:49:51.039+0000] {taskinstance.py:1662} INFO - Exporting env vars: AIRFLOW_CTX_DAG_OWNER='safarnejad' AIRFLOW_CTX_DAG_ID='cron_expression_dag' AIRFLOW_CTX_TASK_ID='task_a' AIRFLOW_CTX_EXECUTION_DATE='2023-11-05T12:45:00+00:00' AIRFLOW_CTX_TRY_NUMBER='1' AIRFLOW_CTX_DAG_RUN_ID='scheduled__2023-11-05T12:45:00+00:00'
[2023-11-06T12:49:51.041+0000] {subprocess.py:63} INFO - Tmp dir root location: /tmp
[2023-11-06T12:49:51.044+0000] {subprocess.py:75} INFO - Running command: ['/bin/bash', '-c', 'echo Hello!']
[2023-11-06T12:49:51.054+0000] {subprocess.py:86} INFO - Output:
[2023-11-06T12:49:51.057+0000] {subprocess.py:93} INFO - Hello!
[2023-11-06T12:49:51.058+0000] {subprocess.py:97} INFO - Command exited with return code 0
[2023-11-06T12:49:51.091+0000] {taskinstance.py:1400} INFO - Marking task as SUCCESS. dag_id=cron_expression_dag, task_id=task_a, execution_date=20231105T124500, start_date=20231106T124950, end_date=20231106T124951
[2023-11-06T12:49:51.147+0000] {local_task_job_runner.py:228} INFO - Task exited with return code 0
[2023-11-06T12:49:51.172+0000] {taskinstance.py:2778} INFO - 0 downstream tasks scheduled from follow-on schedule check
[2023-11-06T12:52:10.068+0000] {taskinstance.py:1159} INFO - Dependencies all met for dep_context=non-requeueable deps ti=<TaskInstance: cron_expression_dag.task_a scheduled__2023-11-05T12:45:00+00:00 [queued]>
[2023-11-06T12:52:10.090+0000] {taskinstance.py:1159} INFO - Dependencies all met for dep_context=requeueable deps ti=<TaskInstance: cron_expression_dag.task_a scheduled__2023-11-05T12:45:00+00:00 [queued]>
[2023-11-06T12:52:10.093+0000] {taskinstance.py:1361} INFO - Starting attempt 1 of 2
[2023-11-06T12:52:10.211+0000] {taskinstance.py:1382} INFO - Executing <Task(BashOperator): task_a> on 2023-11-05 12:45:00+00:00
[2023-11-06T12:52:10.225+0000] {standard_task_runner.py:57} INFO - Started process 4582 to run task
[2023-11-06T12:52:10.237+0000] {standard_task_runner.py:84} INFO - Running: ['***', 'tasks', 'run', 'cron_expression_dag', 'task_a', 'scheduled__2023-11-05T12:45:00+00:00', '--job-id', '274', '--raw', '--subdir', 'DAGS_FOLDER/cron_expression_dag.py', '--cfg-path', '/tmp/tmppq2_0wzi']
[2023-11-06T12:52:10.242+0000] {standard_task_runner.py:85} INFO - Job 274: Subtask task_a
[2023-11-06T12:52:10.345+0000] {task_command.py:416} INFO - Running <TaskInstance: cron_expression_dag.task_a scheduled__2023-11-05T12:45:00+00:00 [running]> on host cf1baac588aa
[2023-11-06T12:52:10.494+0000] {taskinstance.py:1662} INFO - Exporting env vars: AIRFLOW_CTX_DAG_OWNER='safarnejad' AIRFLOW_CTX_DAG_ID='cron_expression_dag' AIRFLOW_CTX_TASK_ID='task_a' AIRFLOW_CTX_EXECUTION_DATE='2023-11-05T12:45:00+00:00' AIRFLOW_CTX_TRY_NUMBER='1' AIRFLOW_CTX_DAG_RUN_ID='scheduled__2023-11-05T12:45:00+00:00'
[2023-11-06T12:52:10.497+0000] {subprocess.py:63} INFO - Tmp dir root location: /tmp
[2023-11-06T12:52:10.499+0000] {subprocess.py:75} INFO - Running command: ['/bin/bash', '-c', 'echo Hello!']
[2023-11-06T12:52:10.513+0000] {subprocess.py:86} INFO - Output:
[2023-11-06T12:52:10.517+0000] {subprocess.py:93} INFO - Hello!
[2023-11-06T12:52:10.518+0000] {subprocess.py:97} INFO - Command exited with return code 0
[2023-11-06T12:52:10.569+0000] {taskinstance.py:1400} INFO - Marking task as SUCCESS. dag_id=cron_expression_dag, task_id=task_a, execution_date=20231105T124500, start_date=20231106T125210, end_date=20231106T125210
[2023-11-06T12:52:10.608+0000] {local_task_job_runner.py:228} INFO - Task exited with return code 0
[2023-11-06T12:52:10.641+0000] {taskinstance.py:2778} INFO - 0 downstream tasks scheduled from follow-on schedule check
