[2023-11-06T15:09:46.558+0000] {taskinstance.py:1159} INFO - Dependencies all met for dep_context=non-requeueable deps ti=<TaskInstance: postgres_conn_dag.task_a manual__2023-11-06T15:07:35.613745+00:00 [queued]>
[2023-11-06T15:09:46.570+0000] {taskinstance.py:1159} INFO - Dependencies all met for dep_context=requeueable deps ti=<TaskInstance: postgres_conn_dag.task_a manual__2023-11-06T15:07:35.613745+00:00 [queued]>
[2023-11-06T15:09:46.571+0000] {taskinstance.py:1361} INFO - Starting attempt 2 of 2
[2023-11-06T15:09:46.597+0000] {taskinstance.py:1382} INFO - Executing <Task(PostgresOperator): task_a> on 2023-11-06 15:07:35.613745+00:00
[2023-11-06T15:09:46.603+0000] {standard_task_runner.py:57} INFO - Started process 639 to run task
[2023-11-06T15:09:46.607+0000] {standard_task_runner.py:84} INFO - Running: ['***', 'tasks', 'run', 'postgres_conn_dag', 'task_a', 'manual__2023-11-06T15:07:35.613745+00:00', '--job-id', '352', '--raw', '--subdir', 'DAGS_FOLDER/***_connection_dag.py', '--cfg-path', '/tmp/tmpng5yn7ne']
[2023-11-06T15:09:46.611+0000] {standard_task_runner.py:85} INFO - Job 352: Subtask task_a
[2023-11-06T15:09:46.678+0000] {task_command.py:416} INFO - Running <TaskInstance: postgres_conn_dag.task_a manual__2023-11-06T15:07:35.613745+00:00 [running]> on host cf1baac588aa
[2023-11-06T15:09:46.803+0000] {taskinstance.py:1662} INFO - Exporting env vars: AIRFLOW_CTX_DAG_OWNER='safarnejad' AIRFLOW_CTX_DAG_ID='postgres_conn_dag' AIRFLOW_CTX_TASK_ID='task_a' AIRFLOW_CTX_EXECUTION_DATE='2023-11-06T15:07:35.613745+00:00' AIRFLOW_CTX_TRY_NUMBER='2' AIRFLOW_CTX_DAG_RUN_ID='manual__2023-11-06T15:07:35.613745+00:00'
[2023-11-06T15:09:46.805+0000] {sql.py:274} INFO - Executing: 
            create table  if not exists dag_runs(
                dt date,
                dag_id character varying,
                primary key (dt, dag_id)
            )
        
[2023-11-06T15:09:46.818+0000] {base.py:73} INFO - Using connection ID 'postgres-test' for task execution.
[2023-11-06T15:09:46.832+0000] {base.py:73} INFO - Using connection ID 'postgres-test' for task execution.
[2023-11-06T15:09:46.843+0000] {sql.py:418} INFO - Running statement: 
            create table  if not exists dag_runs(
                dt date,
                dag_id character varying,
                primary key (dt, dag_id)
            )
        , parameters: None
[2023-11-06T15:09:46.860+0000] {taskinstance.py:1400} INFO - Marking task as SUCCESS. dag_id=postgres_conn_dag, task_id=task_a, execution_date=20231106T150735, start_date=20231106T150946, end_date=20231106T150946
[2023-11-06T15:09:46.902+0000] {local_task_job_runner.py:228} INFO - Task exited with return code 0
[2023-11-06T15:09:46.926+0000] {taskinstance.py:2778} INFO - 0 downstream tasks scheduled from follow-on schedule check
