[2023-11-06T12:03:50.735+0000] {taskinstance.py:1159} INFO - Dependencies all met for dep_context=non-requeueable deps ti=<TaskInstance: catchup_and_backfill_dag.task_a scheduled__2023-10-09T00:00:00+00:00 [queued]>
[2023-11-06T12:03:50.762+0000] {taskinstance.py:1159} INFO - Dependencies all met for dep_context=requeueable deps ti=<TaskInstance: catchup_and_backfill_dag.task_a scheduled__2023-10-09T00:00:00+00:00 [queued]>
[2023-11-06T12:03:50.763+0000] {taskinstance.py:1361} INFO - Starting attempt 1 of 2
[2023-11-06T12:03:50.801+0000] {taskinstance.py:1382} INFO - Executing <Task(BashOperator): task_a> on 2023-10-09 00:00:00+00:00
[2023-11-06T12:03:50.808+0000] {standard_task_runner.py:57} INFO - Started process 651 to run task
[2023-11-06T12:03:50.815+0000] {standard_task_runner.py:84} INFO - Running: ['***', 'tasks', 'run', 'catchup_and_backfill_dag', 'task_a', 'scheduled__2023-10-09T00:00:00+00:00', '--job-id', '67', '--raw', '--subdir', 'DAGS_FOLDER/catchup_and_backfill_dag.py', '--cfg-path', '/tmp/tmpb96_xayu']
[2023-11-06T12:03:50.824+0000] {standard_task_runner.py:85} INFO - Job 67: Subtask task_a
[2023-11-06T12:03:50.943+0000] {task_command.py:416} INFO - Running <TaskInstance: catchup_and_backfill_dag.task_a scheduled__2023-10-09T00:00:00+00:00 [running]> on host cf1baac588aa
[2023-11-06T12:03:51.095+0000] {taskinstance.py:1662} INFO - Exporting env vars: AIRFLOW_CTX_DAG_OWNER='safarnejad' AIRFLOW_CTX_DAG_ID='catchup_and_backfill_dag' AIRFLOW_CTX_TASK_ID='task_a' AIRFLOW_CTX_EXECUTION_DATE='2023-10-09T00:00:00+00:00' AIRFLOW_CTX_TRY_NUMBER='1' AIRFLOW_CTX_DAG_RUN_ID='scheduled__2023-10-09T00:00:00+00:00'
[2023-11-06T12:03:51.101+0000] {subprocess.py:63} INFO - Tmp dir root location: /tmp
[2023-11-06T12:03:51.103+0000] {subprocess.py:75} INFO - Running command: ['/bin/bash', '-c', 'echo Hello World :)']
[2023-11-06T12:03:51.120+0000] {subprocess.py:86} INFO - Output:
[2023-11-06T12:03:51.128+0000] {subprocess.py:93} INFO - /bin/bash: -c: line 1: syntax error near unexpected token `)'
[2023-11-06T12:03:51.130+0000] {subprocess.py:93} INFO - /bin/bash: -c: line 1: `echo Hello World :)'
[2023-11-06T12:03:51.131+0000] {subprocess.py:97} INFO - Command exited with return code 2
[2023-11-06T12:03:51.161+0000] {taskinstance.py:1937} ERROR - Task failed with exception
Traceback (most recent call last):
  File "/home/airflow/.local/lib/python3.8/site-packages/airflow/operators/bash.py", line 210, in execute
    raise AirflowException(
airflow.exceptions.AirflowException: Bash command failed. The command returned a non-zero exit code 2.
[2023-11-06T12:03:51.173+0000] {taskinstance.py:1400} INFO - Marking task as UP_FOR_RETRY. dag_id=catchup_and_backfill_dag, task_id=task_a, execution_date=20231009T000000, start_date=20231106T120350, end_date=20231106T120351
[2023-11-06T12:03:51.347+0000] {standard_task_runner.py:104} ERROR - Failed to execute job 67 for task task_a (Bash command failed. The command returned a non-zero exit code 2.; 651)
[2023-11-06T12:03:51.397+0000] {local_task_job_runner.py:228} INFO - Task exited with return code 1
[2023-11-06T12:03:51.436+0000] {taskinstance.py:2778} INFO - 0 downstream tasks scheduled from follow-on schedule check
[2023-11-06T12:17:57.765+0000] {taskinstance.py:1159} INFO - Dependencies all met for dep_context=non-requeueable deps ti=<TaskInstance: catchup_and_backfill_dag.task_a scheduled__2023-10-09T00:00:00+00:00 [queued]>
[2023-11-06T12:17:57.788+0000] {taskinstance.py:1159} INFO - Dependencies all met for dep_context=requeueable deps ti=<TaskInstance: catchup_and_backfill_dag.task_a scheduled__2023-10-09T00:00:00+00:00 [queued]>
[2023-11-06T12:17:57.789+0000] {taskinstance.py:1361} INFO - Starting attempt 1 of 2
[2023-11-06T12:17:57.828+0000] {taskinstance.py:1382} INFO - Executing <Task(BashOperator): task_a> on 2023-10-09 00:00:00+00:00
[2023-11-06T12:17:57.839+0000] {standard_task_runner.py:57} INFO - Started process 1901 to run task
[2023-11-06T12:17:57.847+0000] {standard_task_runner.py:84} INFO - Running: ['***', 'tasks', 'run', 'catchup_and_backfill_dag', 'task_a', 'scheduled__2023-10-09T00:00:00+00:00', '--job-id', '139', '--raw', '--subdir', 'DAGS_FOLDER/catchup_and_backfill_dag.py', '--cfg-path', '/tmp/tmppc73y0nc']
[2023-11-06T12:17:57.853+0000] {standard_task_runner.py:85} INFO - Job 139: Subtask task_a
[2023-11-06T12:17:57.972+0000] {task_command.py:416} INFO - Running <TaskInstance: catchup_and_backfill_dag.task_a scheduled__2023-10-09T00:00:00+00:00 [running]> on host cf1baac588aa
[2023-11-06T12:17:58.148+0000] {taskinstance.py:1662} INFO - Exporting env vars: AIRFLOW_CTX_DAG_OWNER='safarnejad' AIRFLOW_CTX_DAG_ID='catchup_and_backfill_dag' AIRFLOW_CTX_TASK_ID='task_a' AIRFLOW_CTX_EXECUTION_DATE='2023-10-09T00:00:00+00:00' AIRFLOW_CTX_TRY_NUMBER='1' AIRFLOW_CTX_DAG_RUN_ID='scheduled__2023-10-09T00:00:00+00:00'
[2023-11-06T12:17:58.158+0000] {subprocess.py:63} INFO - Tmp dir root location: /tmp
[2023-11-06T12:17:58.160+0000] {subprocess.py:75} INFO - Running command: ['/bin/bash', '-c', 'echo Hello World :)']
[2023-11-06T12:17:58.179+0000] {subprocess.py:86} INFO - Output:
[2023-11-06T12:17:58.183+0000] {subprocess.py:93} INFO - /bin/bash: -c: line 1: syntax error near unexpected token `)'
[2023-11-06T12:17:58.186+0000] {subprocess.py:93} INFO - /bin/bash: -c: line 1: `echo Hello World :)'
[2023-11-06T12:17:58.188+0000] {subprocess.py:97} INFO - Command exited with return code 2
[2023-11-06T12:17:58.217+0000] {taskinstance.py:1937} ERROR - Task failed with exception
Traceback (most recent call last):
  File "/home/airflow/.local/lib/python3.8/site-packages/airflow/operators/bash.py", line 210, in execute
    raise AirflowException(
airflow.exceptions.AirflowException: Bash command failed. The command returned a non-zero exit code 2.
[2023-11-06T12:17:58.226+0000] {taskinstance.py:1400} INFO - Marking task as UP_FOR_RETRY. dag_id=catchup_and_backfill_dag, task_id=task_a, execution_date=20231009T000000, start_date=20231106T121757, end_date=20231106T121758
[2023-11-06T12:17:58.377+0000] {standard_task_runner.py:104} ERROR - Failed to execute job 139 for task task_a (Bash command failed. The command returned a non-zero exit code 2.; 1901)
[2023-11-06T12:17:58.397+0000] {local_task_job_runner.py:228} INFO - Task exited with return code 1
[2023-11-06T12:17:58.438+0000] {taskinstance.py:2778} INFO - 0 downstream tasks scheduled from follow-on schedule check
[2023-11-06T12:19:00.160+0000] {taskinstance.py:1159} INFO - Dependencies all met for dep_context=non-requeueable deps ti=<TaskInstance: catchup_and_backfill_dag.task_a scheduled__2023-10-09T00:00:00+00:00 [queued]>
[2023-11-06T12:19:00.185+0000] {taskinstance.py:1159} INFO - Dependencies all met for dep_context=requeueable deps ti=<TaskInstance: catchup_and_backfill_dag.task_a scheduled__2023-10-09T00:00:00+00:00 [queued]>
[2023-11-06T12:19:00.186+0000] {taskinstance.py:1361} INFO - Starting attempt 1 of 2
[2023-11-06T12:19:00.228+0000] {taskinstance.py:1382} INFO - Executing <Task(BashOperator): task_a> on 2023-10-09 00:00:00+00:00
[2023-11-06T12:19:00.239+0000] {standard_task_runner.py:57} INFO - Started process 2008 to run task
[2023-11-06T12:19:00.249+0000] {standard_task_runner.py:84} INFO - Running: ['***', 'tasks', 'run', 'catchup_and_backfill_dag', 'task_a', 'scheduled__2023-10-09T00:00:00+00:00', '--job-id', '155', '--raw', '--subdir', 'DAGS_FOLDER/catchup_and_backfill_dag.py', '--cfg-path', '/tmp/tmprhja8dt5']
[2023-11-06T12:19:00.268+0000] {standard_task_runner.py:85} INFO - Job 155: Subtask task_a
[2023-11-06T12:19:00.387+0000] {task_command.py:416} INFO - Running <TaskInstance: catchup_and_backfill_dag.task_a scheduled__2023-10-09T00:00:00+00:00 [running]> on host cf1baac588aa
[2023-11-06T12:19:00.528+0000] {taskinstance.py:1662} INFO - Exporting env vars: AIRFLOW_CTX_DAG_OWNER='safarnejad' AIRFLOW_CTX_DAG_ID='catchup_and_backfill_dag' AIRFLOW_CTX_TASK_ID='task_a' AIRFLOW_CTX_EXECUTION_DATE='2023-10-09T00:00:00+00:00' AIRFLOW_CTX_TRY_NUMBER='1' AIRFLOW_CTX_DAG_RUN_ID='scheduled__2023-10-09T00:00:00+00:00'
[2023-11-06T12:19:00.530+0000] {subprocess.py:63} INFO - Tmp dir root location: /tmp
[2023-11-06T12:19:00.532+0000] {subprocess.py:75} INFO - Running command: ['/bin/bash', '-c', 'echo Hello World.']
[2023-11-06T12:19:00.545+0000] {subprocess.py:86} INFO - Output:
[2023-11-06T12:19:00.548+0000] {subprocess.py:93} INFO - Hello World.
[2023-11-06T12:19:00.549+0000] {subprocess.py:97} INFO - Command exited with return code 0
[2023-11-06T12:19:00.592+0000] {taskinstance.py:1400} INFO - Marking task as SUCCESS. dag_id=catchup_and_backfill_dag, task_id=task_a, execution_date=20231009T000000, start_date=20231106T121900, end_date=20231106T121900
[2023-11-06T12:19:00.626+0000] {local_task_job_runner.py:228} INFO - Task exited with return code 0
[2023-11-06T12:19:00.667+0000] {taskinstance.py:2778} INFO - 0 downstream tasks scheduled from follow-on schedule check
