[2023-11-07T13:12:26.292+0000] {taskinstance.py:1159} INFO - Dependencies all met for dep_context=non-requeueable deps ti=<TaskInstance: package_dag.task_a manual__2023-11-07T13:10:22.103954+00:00 [queued]>
[2023-11-07T13:12:26.305+0000] {taskinstance.py:1159} INFO - Dependencies all met for dep_context=requeueable deps ti=<TaskInstance: package_dag.task_a manual__2023-11-07T13:10:22.103954+00:00 [queued]>
[2023-11-07T13:12:26.306+0000] {taskinstance.py:1361} INFO - Starting attempt 3 of 3
[2023-11-07T13:12:26.330+0000] {taskinstance.py:1382} INFO - Executing <Task(PythonOperator): task_a> on 2023-11-07 13:10:22.103954+00:00
[2023-11-07T13:12:26.338+0000] {standard_task_runner.py:57} INFO - Started process 510 to run task
[2023-11-07T13:12:26.343+0000] {standard_task_runner.py:84} INFO - Running: ['***', 'tasks', 'run', 'package_dag', 'task_a', 'manual__2023-11-07T13:10:22.103954+00:00', '--job-id', '5', '--raw', '--subdir', 'DAGS_FOLDER/external_package_dag.py', '--cfg-path', '/tmp/tmppb6bjzce']
[2023-11-07T13:12:26.347+0000] {standard_task_runner.py:85} INFO - Job 5: Subtask task_a
[2023-11-07T13:12:26.419+0000] {task_command.py:416} INFO - Running <TaskInstance: package_dag.task_a manual__2023-11-07T13:10:22.103954+00:00 [running]> on host 33d2bcd227f6
[2023-11-07T13:12:26.536+0000] {taskinstance.py:1662} INFO - Exporting env vars: AIRFLOW_CTX_DAG_OWNER='safarnejad' AIRFLOW_CTX_DAG_ID='package_dag' AIRFLOW_CTX_TASK_ID='task_a' AIRFLOW_CTX_EXECUTION_DATE='2023-11-07T13:10:22.103954+00:00' AIRFLOW_CTX_TRY_NUMBER='3' AIRFLOW_CTX_DAG_RUN_ID='manual__2023-11-07T13:10:22.103954+00:00'
[2023-11-07T13:12:26.539+0000] {taskinstance.py:1937} ERROR - Task failed with exception
Traceback (most recent call last):
  File "/home/airflow/.local/lib/python3.8/site-packages/airflow/operators/python.py", line 192, in execute
    return_value = self.execute_callable()
  File "/home/airflow/.local/lib/python3.8/site-packages/airflow/operators/python.py", line 209, in execute_callable
    return self.python_callable(*self.op_args, **self.op_kwargs)
  File "/opt/airflow/dags/external_package_dag.py", line 8, in check_version
    import sklearn
ModuleNotFoundError: No module named 'sklearn'
[2023-11-07T13:12:26.553+0000] {taskinstance.py:1400} INFO - Marking task as FAILED. dag_id=package_dag, task_id=task_a, execution_date=20231107T131022, start_date=20231107T131226, end_date=20231107T131226
[2023-11-07T13:12:26.569+0000] {standard_task_runner.py:104} ERROR - Failed to execute job 5 for task task_a (No module named 'sklearn'; 510)
[2023-11-07T13:12:26.596+0000] {local_task_job_runner.py:228} INFO - Task exited with return code 1
[2023-11-07T13:12:26.620+0000] {taskinstance.py:2778} INFO - 0 downstream tasks scheduled from follow-on schedule check
