[2023-11-03T20:31:48.395+0100] {processor.py:157} INFO - Started process (PID=12473) to work on /Users/audioworkstation/Documents/WORKSPACE/LEARNING/Airflow-Training/.venv/lib/python3.10/site-packages/airflow/example_dags/example_branch_datetime_operator.py
[2023-11-03T20:31:48.401+0100] {processor.py:829} INFO - Processing file /Users/audioworkstation/Documents/WORKSPACE/LEARNING/Airflow-Training/.venv/lib/python3.10/site-packages/airflow/example_dags/example_branch_datetime_operator.py for tasks to queue
[2023-11-03T20:31:48.401+0100] {logging_mixin.py:151} INFO - [2023-11-03T20:31:48.401+0100] {dagbag.py:539} INFO - Filling up the DagBag from /Users/audioworkstation/Documents/WORKSPACE/LEARNING/Airflow-Training/.venv/lib/python3.10/site-packages/airflow/example_dags/example_branch_datetime_operator.py
[2023-11-03T20:31:48.437+0100] {processor.py:839} INFO - DAG(s) dict_keys(['example_branch_datetime_operator', 'example_branch_datetime_operator_3', 'example_branch_datetime_operator_2']) retrieved from /Users/audioworkstation/Documents/WORKSPACE/LEARNING/Airflow-Training/.venv/lib/python3.10/site-packages/airflow/example_dags/example_branch_datetime_operator.py
[2023-11-03T20:31:49.081+0100] {logging_mixin.py:151} INFO - [2023-11-03T20:31:49.081+0100] {manager.py:499} INFO - Created Permission View: %s
[2023-11-03T20:31:49.089+0100] {logging_mixin.py:151} INFO - [2023-11-03T20:31:49.089+0100] {manager.py:499} INFO - Created Permission View: %s
[2023-11-03T20:31:49.094+0100] {logging_mixin.py:151} INFO - [2023-11-03T20:31:49.094+0100] {manager.py:499} INFO - Created Permission View: %s
[2023-11-03T20:31:49.094+0100] {logging_mixin.py:151} INFO - [2023-11-03T20:31:49.094+0100] {security.py:708} INFO - Not syncing DAG-level permissions for DAG 'DAG:example_branch_datetime_operator' as access control is unset.
[2023-11-03T20:31:49.104+0100] {logging_mixin.py:151} INFO - [2023-11-03T20:31:49.104+0100] {manager.py:499} INFO - Created Permission View: %s
[2023-11-03T20:31:49.109+0100] {logging_mixin.py:151} INFO - [2023-11-03T20:31:49.109+0100] {manager.py:499} INFO - Created Permission View: %s
[2023-11-03T20:31:49.114+0100] {logging_mixin.py:151} INFO - [2023-11-03T20:31:49.114+0100] {manager.py:499} INFO - Created Permission View: %s
[2023-11-03T20:31:49.115+0100] {logging_mixin.py:151} INFO - [2023-11-03T20:31:49.114+0100] {security.py:708} INFO - Not syncing DAG-level permissions for DAG 'DAG:example_branch_datetime_operator_3' as access control is unset.
[2023-11-03T20:31:49.126+0100] {logging_mixin.py:151} INFO - [2023-11-03T20:31:49.126+0100] {manager.py:499} INFO - Created Permission View: %s
[2023-11-03T20:31:49.132+0100] {logging_mixin.py:151} INFO - [2023-11-03T20:31:49.132+0100] {manager.py:499} INFO - Created Permission View: %s
[2023-11-03T20:31:49.142+0100] {logging_mixin.py:151} INFO - [2023-11-03T20:31:49.142+0100] {manager.py:499} INFO - Created Permission View: %s
[2023-11-03T20:31:49.142+0100] {logging_mixin.py:151} INFO - [2023-11-03T20:31:49.142+0100] {security.py:708} INFO - Not syncing DAG-level permissions for DAG 'DAG:example_branch_datetime_operator_2' as access control is unset.
[2023-11-03T20:31:49.143+0100] {logging_mixin.py:151} INFO - [2023-11-03T20:31:49.143+0100] {dag.py:2915} INFO - Sync 3 DAGs
[2023-11-03T20:31:49.154+0100] {logging_mixin.py:151} INFO - [2023-11-03T20:31:49.154+0100] {dag.py:2937} INFO - Creating ORM DAG for example_branch_datetime_operator
[2023-11-03T20:31:49.154+0100] {logging_mixin.py:151} INFO - [2023-11-03T20:31:49.154+0100] {dag.py:2937} INFO - Creating ORM DAG for example_branch_datetime_operator_2
[2023-11-03T20:31:49.155+0100] {logging_mixin.py:151} INFO - [2023-11-03T20:31:49.155+0100] {dag.py:2937} INFO - Creating ORM DAG for example_branch_datetime_operator_3
[2023-11-03T20:31:49.164+0100] {logging_mixin.py:151} INFO - [2023-11-03T20:31:49.164+0100] {dag.py:3696} INFO - Setting next_dagrun for example_branch_datetime_operator to 2023-11-02T00:00:00+00:00, run_after=2023-11-03T00:00:00+00:00
[2023-11-03T20:31:49.166+0100] {logging_mixin.py:151} INFO - [2023-11-03T20:31:49.166+0100] {dag.py:3696} INFO - Setting next_dagrun for example_branch_datetime_operator_2 to 2023-11-02T00:00:00+00:00, run_after=2023-11-03T00:00:00+00:00
[2023-11-03T20:31:49.168+0100] {logging_mixin.py:151} INFO - [2023-11-03T20:31:49.168+0100] {dag.py:3696} INFO - Setting next_dagrun for example_branch_datetime_operator_3 to 2023-11-02T00:00:00+00:00, run_after=2023-11-03T00:00:00+00:00
[2023-11-03T20:31:49.186+0100] {processor.py:179} INFO - Processing /Users/audioworkstation/Documents/WORKSPACE/LEARNING/Airflow-Training/.venv/lib/python3.10/site-packages/airflow/example_dags/example_branch_datetime_operator.py took 0.792 seconds
