[2023-11-06T12:08:09.608+0000] {taskinstance.py:1159} INFO - Dependencies all met for dep_context=non-requeueable deps ti=<TaskInstance: catchup_and_backfill_dag.task_a scheduled__2023-11-04T00:00:00+00:00 [queued]>
[2023-11-06T12:08:09.626+0000] {taskinstance.py:1159} INFO - Dependencies all met for dep_context=requeueable deps ti=<TaskInstance: catchup_and_backfill_dag.task_a scheduled__2023-11-04T00:00:00+00:00 [queued]>
[2023-11-06T12:08:09.627+0000] {taskinstance.py:1361} INFO - Starting attempt 1 of 2
[2023-11-06T12:08:09.656+0000] {taskinstance.py:1382} INFO - Executing <Task(BashOperator): task_a> on 2023-11-04 00:00:00+00:00
[2023-11-06T12:08:09.662+0000] {standard_task_runner.py:57} INFO - Started process 1054 to run task
[2023-11-06T12:08:09.669+0000] {standard_task_runner.py:84} INFO - Running: ['***', 'tasks', 'run', 'catchup_and_backfill_dag', 'task_a', 'scheduled__2023-11-04T00:00:00+00:00', '--job-id', '125', '--raw', '--subdir', 'DAGS_FOLDER/catchup_and_backfill_dag.py', '--cfg-path', '/tmp/tmpdqfi_98q']
[2023-11-06T12:08:09.674+0000] {standard_task_runner.py:85} INFO - Job 125: Subtask task_a
[2023-11-06T12:08:09.766+0000] {task_command.py:416} INFO - Running <TaskInstance: catchup_and_backfill_dag.task_a scheduled__2023-11-04T00:00:00+00:00 [running]> on host cf1baac588aa
[2023-11-06T12:08:09.942+0000] {taskinstance.py:1662} INFO - Exporting env vars: AIRFLOW_CTX_DAG_OWNER='safarnejad' AIRFLOW_CTX_DAG_ID='catchup_and_backfill_dag' AIRFLOW_CTX_TASK_ID='task_a' AIRFLOW_CTX_EXECUTION_DATE='2023-11-04T00:00:00+00:00' AIRFLOW_CTX_TRY_NUMBER='1' AIRFLOW_CTX_DAG_RUN_ID='scheduled__2023-11-04T00:00:00+00:00'
[2023-11-06T12:08:09.944+0000] {subprocess.py:63} INFO - Tmp dir root location: /tmp
[2023-11-06T12:08:09.946+0000] {subprocess.py:75} INFO - Running command: ['/bin/bash', '-c', 'echo Hello World :)']
[2023-11-06T12:08:09.961+0000] {subprocess.py:86} INFO - Output:
[2023-11-06T12:08:09.964+0000] {subprocess.py:93} INFO - /bin/bash: -c: line 1: syntax error near unexpected token `)'
[2023-11-06T12:08:09.966+0000] {subprocess.py:93} INFO - /bin/bash: -c: line 1: `echo Hello World :)'
[2023-11-06T12:08:09.967+0000] {subprocess.py:97} INFO - Command exited with return code 2
[2023-11-06T12:08:09.985+0000] {taskinstance.py:1937} ERROR - Task failed with exception
Traceback (most recent call last):
  File "/home/airflow/.local/lib/python3.8/site-packages/airflow/operators/bash.py", line 210, in execute
    raise AirflowException(
airflow.exceptions.AirflowException: Bash command failed. The command returned a non-zero exit code 2.
[2023-11-06T12:08:09.991+0000] {taskinstance.py:1400} INFO - Marking task as UP_FOR_RETRY. dag_id=catchup_and_backfill_dag, task_id=task_a, execution_date=20231104T000000, start_date=20231106T120809, end_date=20231106T120809
[2023-11-06T12:08:10.009+0000] {standard_task_runner.py:104} ERROR - Failed to execute job 125 for task task_a (Bash command failed. The command returned a non-zero exit code 2.; 1054)
[2023-11-06T12:08:10.043+0000] {local_task_job_runner.py:228} INFO - Task exited with return code 1
[2023-11-06T12:08:10.070+0000] {taskinstance.py:2778} INFO - 0 downstream tasks scheduled from follow-on schedule check
[2023-11-06T12:19:13.366+0000] {taskinstance.py:1159} INFO - Dependencies all met for dep_context=non-requeueable deps ti=<TaskInstance: catchup_and_backfill_dag.task_a scheduled__2023-11-04T00:00:00+00:00 [queued]>
[2023-11-06T12:19:13.388+0000] {taskinstance.py:1159} INFO - Dependencies all met for dep_context=requeueable deps ti=<TaskInstance: catchup_and_backfill_dag.task_a scheduled__2023-11-04T00:00:00+00:00 [queued]>
[2023-11-06T12:19:13.390+0000] {taskinstance.py:1361} INFO - Starting attempt 1 of 2
[2023-11-06T12:19:13.424+0000] {taskinstance.py:1382} INFO - Executing <Task(BashOperator): task_a> on 2023-11-04 00:00:00+00:00
[2023-11-06T12:19:13.432+0000] {standard_task_runner.py:57} INFO - Started process 2109 to run task
[2023-11-06T12:19:13.439+0000] {standard_task_runner.py:84} INFO - Running: ['***', 'tasks', 'run', 'catchup_and_backfill_dag', 'task_a', 'scheduled__2023-11-04T00:00:00+00:00', '--job-id', '181', '--raw', '--subdir', 'DAGS_FOLDER/catchup_and_backfill_dag.py', '--cfg-path', '/tmp/tmpdnoftrmv']
[2023-11-06T12:19:13.445+0000] {standard_task_runner.py:85} INFO - Job 181: Subtask task_a
[2023-11-06T12:19:13.535+0000] {task_command.py:416} INFO - Running <TaskInstance: catchup_and_backfill_dag.task_a scheduled__2023-11-04T00:00:00+00:00 [running]> on host cf1baac588aa
[2023-11-06T12:19:13.690+0000] {taskinstance.py:1662} INFO - Exporting env vars: AIRFLOW_CTX_DAG_OWNER='safarnejad' AIRFLOW_CTX_DAG_ID='catchup_and_backfill_dag' AIRFLOW_CTX_TASK_ID='task_a' AIRFLOW_CTX_EXECUTION_DATE='2023-11-04T00:00:00+00:00' AIRFLOW_CTX_TRY_NUMBER='1' AIRFLOW_CTX_DAG_RUN_ID='scheduled__2023-11-04T00:00:00+00:00'
[2023-11-06T12:19:13.693+0000] {subprocess.py:63} INFO - Tmp dir root location: /tmp
[2023-11-06T12:19:13.694+0000] {subprocess.py:75} INFO - Running command: ['/bin/bash', '-c', 'echo Hello World.']
[2023-11-06T12:19:13.709+0000] {subprocess.py:86} INFO - Output:
[2023-11-06T12:19:13.713+0000] {subprocess.py:93} INFO - Hello World.
[2023-11-06T12:19:13.714+0000] {subprocess.py:97} INFO - Command exited with return code 0
[2023-11-06T12:19:13.772+0000] {taskinstance.py:1400} INFO - Marking task as SUCCESS. dag_id=catchup_and_backfill_dag, task_id=task_a, execution_date=20231104T000000, start_date=20231106T121913, end_date=20231106T121913
[2023-11-06T12:19:13.814+0000] {local_task_job_runner.py:228} INFO - Task exited with return code 0
[2023-11-06T12:19:13.841+0000] {taskinstance.py:2778} INFO - 0 downstream tasks scheduled from follow-on schedule check
